X_train shape: (1209, 1100)
Initial evaluation: 
[DEV]   QWK:  0.000, PRS: 0.000, SPR: 0.000, RMSE: 1.163, (Best @ -1: {{0.000}}, 0.000, 0.000, 1.163)
[TEST]  QWK:  0.000, PRS: 0.000, SPR: 0.000, RMSE: 1.248 (Best @ -1: {{0.000}}, 0.000, 0.000, 1.248)
--------------------------------------------------------------------------------------------------------------------------
Train model
Epoch 1/50
Training one epoch in 9.486 s
[DEV]   QWK:  0.593, PRS: 0.662, SPR: 0.674, RMSE: 0.659, (Best @ 1: {{0.593}}, 0.662, 0.674, 0.659)
[TEST]  QWK:  0.490, PRS: 0.569, SPR: 0.568, RMSE: 0.703 (Best @ 1: {{0.490}}, 0.569, 0.568, 0.703)
--------------------------------------------------------------------------------------------------------------------------
Epoch 2/50
Training one epoch in 7.485 s
[DEV]   QWK:  0.633, PRS: 0.658, SPR: 0.655, RMSE: 0.657, (Best @ 2: {{0.633}}, 0.658, 0.655, 0.657)
[TEST]  QWK:  0.547, PRS: 0.584, SPR: 0.576, RMSE: 0.678 (Best @ 2: {{0.547}}, 0.584, 0.576, 0.678)
--------------------------------------------------------------------------------------------------------------------------
Epoch 3/50
Training one epoch in 7.505 s
[DEV]   QWK:  0.639, PRS: 0.693, SPR: 0.700, RMSE: 0.724, (Best @ 3: {{0.639}}, 0.693, 0.700, 0.724)
[TEST]  QWK:  0.517, PRS: 0.593, SPR: 0.590, RMSE: 0.792 (Best @ 3: {{0.517}}, 0.593, 0.590, 0.792)
--------------------------------------------------------------------------------------------------------------------------
Epoch 4/50
Training one epoch in 7.489 s
[DEV]   QWK:  0.626, PRS: 0.669, SPR: 0.673, RMSE: 0.626, (Best @ 3: {{0.639}}, 0.693, 0.700, 0.724)
[TEST]  QWK:  0.504, PRS: 0.562, SPR: 0.560, RMSE: 0.682 (Best @ 3: {{0.517}}, 0.593, 0.590, 0.792)
--------------------------------------------------------------------------------------------------------------------------
Epoch 5/50
Training one epoch in 7.523 s
[DEV]   QWK:  0.679, PRS: 0.700, SPR: 0.715, RMSE: 0.614, (Best @ 5: {{0.679}}, 0.700, 0.715, 0.614)
[TEST]  QWK:  0.565, PRS: 0.599, SPR: 0.604, RMSE: 0.678 (Best @ 5: {{0.565}}, 0.599, 0.604, 0.678)
--------------------------------------------------------------------------------------------------------------------------
Epoch 6/50
Training one epoch in 7.512 s
[DEV]   QWK:  0.612, PRS: 0.685, SPR: 0.698, RMSE: 0.662, (Best @ 5: {{0.679}}, 0.700, 0.715, 0.614)
[TEST]  QWK:  0.454, PRS: 0.532, SPR: 0.543, RMSE: 0.766 (Best @ 5: {{0.565}}, 0.599, 0.604, 0.678)
--------------------------------------------------------------------------------------------------------------------------
Epoch 7/50
Training one epoch in 7.517 s
[DEV]   QWK:  0.656, PRS: 0.665, SPR: 0.669, RMSE: 0.642, (Best @ 5: {{0.679}}, 0.700, 0.715, 0.614)
[TEST]  QWK:  0.589, PRS: 0.605, SPR: 0.601, RMSE: 0.660 (Best @ 5: {{0.565}}, 0.599, 0.604, 0.678)
--------------------------------------------------------------------------------------------------------------------------
Epoch 8/50
Training one epoch in 7.524 s
[DEV]   QWK:  0.693, PRS: 0.697, SPR: 0.709, RMSE: 0.621, (Best @ 8: {{0.693}}, 0.697, 0.709, 0.621)
[TEST]  QWK:  0.615, PRS: 0.619, SPR: 0.620, RMSE: 0.669 (Best @ 8: {{0.615}}, 0.619, 0.620, 0.669)
--------------------------------------------------------------------------------------------------------------------------
Epoch 9/50
Training one epoch in 7.525 s
[DEV]   QWK:  0.691, PRS: 0.695, SPR: 0.700, RMSE: 0.623, (Best @ 8: {{0.693}}, 0.697, 0.709, 0.621)
[TEST]  QWK:  0.628, PRS: 0.636, SPR: 0.635, RMSE: 0.647 (Best @ 8: {{0.615}}, 0.619, 0.620, 0.669)
--------------------------------------------------------------------------------------------------------------------------
Epoch 10/50
Training one epoch in 7.489 s
[DEV]   QWK:  0.670, PRS: 0.676, SPR: 0.679, RMSE: 0.637, (Best @ 8: {{0.693}}, 0.697, 0.709, 0.621)
[TEST]  QWK:  0.608, PRS: 0.618, SPR: 0.615, RMSE: 0.660 (Best @ 8: {{0.615}}, 0.619, 0.620, 0.669)
--------------------------------------------------------------------------------------------------------------------------
Epoch 11/50
Training one epoch in 7.510 s
[DEV]   QWK:  0.683, PRS: 0.686, SPR: 0.694, RMSE: 0.630, (Best @ 8: {{0.693}}, 0.697, 0.709, 0.621)
[TEST]  QWK:  0.632, PRS: 0.639, SPR: 0.638, RMSE: 0.647 (Best @ 8: {{0.615}}, 0.619, 0.620, 0.669)
--------------------------------------------------------------------------------------------------------------------------
Epoch 12/50
Training one epoch in 7.547 s
[DEV]   QWK:  0.626, PRS: 0.645, SPR: 0.642, RMSE: 0.662, (Best @ 8: {{0.693}}, 0.697, 0.709, 0.621)
[TEST]  QWK:  0.569, PRS: 0.587, SPR: 0.581, RMSE: 0.678 (Best @ 8: {{0.615}}, 0.619, 0.620, 0.669)
--------------------------------------------------------------------------------------------------------------------------
Epoch 13/50
Training one epoch in 7.523 s
[DEV]   QWK:  0.691, PRS: 0.695, SPR: 0.701, RMSE: 0.621, (Best @ 8: {{0.693}}, 0.697, 0.709, 0.621)
[TEST]  QWK:  0.600, PRS: 0.611, SPR: 0.608, RMSE: 0.665 (Best @ 8: {{0.615}}, 0.619, 0.620, 0.669)
--------------------------------------------------------------------------------------------------------------------------
Epoch 14/50
Training one epoch in 7.533 s
[DEV]   QWK:  0.665, PRS: 0.682, SPR: 0.699, RMSE: 0.632, (Best @ 8: {{0.693}}, 0.697, 0.709, 0.621)
[TEST]  QWK:  0.530, PRS: 0.551, SPR: 0.549, RMSE: 0.727 (Best @ 8: {{0.615}}, 0.619, 0.620, 0.669)
--------------------------------------------------------------------------------------------------------------------------
Epoch 15/50
Training one epoch in 7.528 s
[DEV]   QWK:  0.654, PRS: 0.696, SPR: 0.698, RMSE: 0.685, (Best @ 8: {{0.693}}, 0.697, 0.709, 0.621)
[TEST]  QWK:  0.543, PRS: 0.589, SPR: 0.584, RMSE: 0.739 (Best @ 8: {{0.615}}, 0.619, 0.620, 0.669)
--------------------------------------------------------------------------------------------------------------------------
Epoch 16/50
Training one epoch in 7.499 s
[DEV]   QWK:  0.594, PRS: 0.669, SPR: 0.690, RMSE: 0.694, (Best @ 8: {{0.693}}, 0.697, 0.709, 0.621)
[TEST]  QWK:  0.454, PRS: 0.535, SPR: 0.556, RMSE: 0.814 (Best @ 8: {{0.615}}, 0.619, 0.620, 0.669)
--------------------------------------------------------------------------------------------------------------------------
Epoch 17/50
Training one epoch in 7.524 s
[DEV]   QWK:  0.701, PRS: 0.705, SPR: 0.709, RMSE: 0.616, (Best @ 17: {{0.701}}, 0.705, 0.709, 0.616)
[TEST]  QWK:  0.610, PRS: 0.622, SPR: 0.618, RMSE: 0.665 (Best @ 17: {{0.610}}, 0.622, 0.618, 0.665)
--------------------------------------------------------------------------------------------------------------------------
Epoch 18/50
Training one epoch in 7.496 s
[DEV]   QWK:  0.702, PRS: 0.704, SPR: 0.712, RMSE: 0.619, (Best @ 18: {{0.702}}, 0.704, 0.712, 0.619)
[TEST]  QWK:  0.582, PRS: 0.584, SPR: 0.582, RMSE: 0.711 (Best @ 18: {{0.582}}, 0.584, 0.582, 0.711)
--------------------------------------------------------------------------------------------------------------------------
Epoch 19/50
Training one epoch in 7.528 s
[DEV]   QWK:  0.680, PRS: 0.700, SPR: 0.701, RMSE: 0.659, (Best @ 18: {{0.702}}, 0.704, 0.712, 0.619)
[TEST]  QWK:  0.604, PRS: 0.628, SPR: 0.624, RMSE: 0.695 (Best @ 18: {{0.582}}, 0.584, 0.582, 0.711)
--------------------------------------------------------------------------------------------------------------------------
Epoch 20/50
Training one epoch in 7.530 s
[DEV]   QWK:  0.693, PRS: 0.703, SPR: 0.704, RMSE: 0.639, (Best @ 18: {{0.702}}, 0.704, 0.712, 0.619)
[TEST]  QWK:  0.610, PRS: 0.630, SPR: 0.627, RMSE: 0.690 (Best @ 18: {{0.582}}, 0.584, 0.582, 0.711)
--------------------------------------------------------------------------------------------------------------------------
Epoch 21/50
Training one epoch in 7.533 s
[DEV]   QWK:  0.658, PRS: 0.669, SPR: 0.667, RMSE: 0.637, (Best @ 18: {{0.702}}, 0.704, 0.712, 0.619)
[TEST]  QWK:  0.583, PRS: 0.601, SPR: 0.595, RMSE: 0.665 (Best @ 18: {{0.582}}, 0.584, 0.582, 0.711)
--------------------------------------------------------------------------------------------------------------------------
Epoch 22/50
Training one epoch in 7.513 s
[DEV]   QWK:  0.716, PRS: 0.721, SPR: 0.723, RMSE: 0.611, (Best @ 22: {{0.716}}, 0.721, 0.723, 0.611)
[TEST]  QWK:  0.603, PRS: 0.611, SPR: 0.609, RMSE: 0.686 (Best @ 22: {{0.603}}, 0.611, 0.609, 0.686)
--------------------------------------------------------------------------------------------------------------------------
Epoch 23/50
Training one epoch in 7.535 s
[DEV]   QWK:  0.652, PRS: 0.679, SPR: 0.693, RMSE: 0.639, (Best @ 22: {{0.716}}, 0.721, 0.723, 0.611)
[TEST]  QWK:  0.549, PRS: 0.571, SPR: 0.574, RMSE: 0.719 (Best @ 22: {{0.603}}, 0.611, 0.609, 0.686)
--------------------------------------------------------------------------------------------------------------------------
Epoch 24/50
Training one epoch in 7.518 s
[DEV]   QWK:  0.643, PRS: 0.673, SPR: 0.685, RMSE: 0.644, (Best @ 22: {{0.716}}, 0.721, 0.723, 0.611)
[TEST]  QWK:  0.533, PRS: 0.564, SPR: 0.563, RMSE: 0.727 (Best @ 22: {{0.603}}, 0.611, 0.609, 0.686)
--------------------------------------------------------------------------------------------------------------------------
Epoch 25/50
Training one epoch in 7.532 s
[DEV]   QWK:  0.700, PRS: 0.707, SPR: 0.706, RMSE: 0.619, (Best @ 22: {{0.716}}, 0.721, 0.723, 0.611)
[TEST]  QWK:  0.637, PRS: 0.647, SPR: 0.645, RMSE: 0.647 (Best @ 22: {{0.603}}, 0.611, 0.609, 0.686)
--------------------------------------------------------------------------------------------------------------------------
Epoch 26/50
Training one epoch in 7.528 s
[DEV]   QWK:  0.712, PRS: 0.717, SPR: 0.719, RMSE: 0.616, (Best @ 22: {{0.716}}, 0.721, 0.723, 0.611)
[TEST]  QWK:  0.591, PRS: 0.596, SPR: 0.594, RMSE: 0.703 (Best @ 22: {{0.603}}, 0.611, 0.609, 0.686)
--------------------------------------------------------------------------------------------------------------------------
Epoch 27/50
Training one epoch in 7.542 s
[DEV]   QWK:  0.684, PRS: 0.694, SPR: 0.693, RMSE: 0.628, (Best @ 22: {{0.716}}, 0.721, 0.723, 0.611)
[TEST]  QWK:  0.552, PRS: 0.565, SPR: 0.559, RMSE: 0.711 (Best @ 22: {{0.603}}, 0.611, 0.609, 0.686)
--------------------------------------------------------------------------------------------------------------------------
Epoch 28/50
Training one epoch in 7.549 s
[DEV]   QWK:  0.691, PRS: 0.695, SPR: 0.698, RMSE: 0.635, (Best @ 22: {{0.716}}, 0.721, 0.723, 0.611)
[TEST]  QWK:  0.569, PRS: 0.574, SPR: 0.571, RMSE: 0.715 (Best @ 22: {{0.603}}, 0.611, 0.609, 0.686)
--------------------------------------------------------------------------------------------------------------------------
Epoch 29/50
Training one epoch in 7.501 s
[DEV]   QWK:  0.694, PRS: 0.697, SPR: 0.700, RMSE: 0.628, (Best @ 22: {{0.716}}, 0.721, 0.723, 0.611)
[TEST]  QWK:  0.551, PRS: 0.553, SPR: 0.550, RMSE: 0.735 (Best @ 22: {{0.603}}, 0.611, 0.609, 0.686)
--------------------------------------------------------------------------------------------------------------------------
Epoch 30/50
Training one epoch in 7.503 s
[DEV]   QWK:  0.657, PRS: 0.679, SPR: 0.693, RMSE: 0.632, (Best @ 22: {{0.716}}, 0.721, 0.723, 0.611)
[TEST]  QWK:  0.527, PRS: 0.545, SPR: 0.546, RMSE: 0.739 (Best @ 22: {{0.603}}, 0.611, 0.609, 0.686)
--------------------------------------------------------------------------------------------------------------------------
Epoch 31/50
Training one epoch in 7.511 s
[DEV]   QWK:  0.663, PRS: 0.679, SPR: 0.678, RMSE: 0.657, (Best @ 22: {{0.716}}, 0.721, 0.723, 0.611)
[TEST]  QWK:  0.554, PRS: 0.570, SPR: 0.566, RMSE: 0.715 (Best @ 22: {{0.603}}, 0.611, 0.609, 0.686)
--------------------------------------------------------------------------------------------------------------------------
Epoch 32/50
Training one epoch in 7.524 s
[DEV]   QWK:  0.678, PRS: 0.695, SPR: 0.704, RMSE: 0.621, (Best @ 22: {{0.716}}, 0.721, 0.723, 0.611)
[TEST]  QWK:  0.520, PRS: 0.534, SPR: 0.533, RMSE: 0.743 (Best @ 22: {{0.603}}, 0.611, 0.609, 0.686)
--------------------------------------------------------------------------------------------------------------------------
Epoch 33/50
Training one epoch in 7.535 s
[DEV]   QWK:  0.687, PRS: 0.701, SPR: 0.701, RMSE: 0.648, (Best @ 22: {{0.716}}, 0.721, 0.723, 0.611)
[TEST]  QWK:  0.569, PRS: 0.581, SPR: 0.572, RMSE: 0.731 (Best @ 22: {{0.603}}, 0.611, 0.609, 0.686)
--------------------------------------------------------------------------------------------------------------------------
Epoch 34/50
Training one epoch in 7.546 s
[DEV]   QWK:  0.681, PRS: 0.688, SPR: 0.690, RMSE: 0.621, (Best @ 22: {{0.716}}, 0.721, 0.723, 0.611)
[TEST]  QWK:  0.532, PRS: 0.540, SPR: 0.535, RMSE: 0.719 (Best @ 22: {{0.603}}, 0.611, 0.609, 0.686)
--------------------------------------------------------------------------------------------------------------------------
Epoch 35/50
Training one epoch in 7.532 s
[DEV]   QWK:  0.675, PRS: 0.697, SPR: 0.698, RMSE: 0.662, (Best @ 22: {{0.716}}, 0.721, 0.723, 0.611)
[TEST]  QWK:  0.570, PRS: 0.597, SPR: 0.593, RMSE: 0.715 (Best @ 22: {{0.603}}, 0.611, 0.609, 0.686)
--------------------------------------------------------------------------------------------------------------------------
Epoch 36/50
Training one epoch in 7.520 s
[DEV]   QWK:  0.680, PRS: 0.687, SPR: 0.700, RMSE: 0.628, (Best @ 22: {{0.716}}, 0.721, 0.723, 0.611)
[TEST]  QWK:  0.514, PRS: 0.520, SPR: 0.520, RMSE: 0.762 (Best @ 22: {{0.603}}, 0.611, 0.609, 0.686)
--------------------------------------------------------------------------------------------------------------------------
Epoch 37/50
Training one epoch in 7.545 s
[DEV]   QWK:  0.686, PRS: 0.691, SPR: 0.698, RMSE: 0.626, (Best @ 22: {{0.716}}, 0.721, 0.723, 0.611)
[TEST]  QWK:  0.507, PRS: 0.515, SPR: 0.512, RMSE: 0.759 (Best @ 22: {{0.603}}, 0.611, 0.609, 0.686)
--------------------------------------------------------------------------------------------------------------------------
Epoch 38/50
Training one epoch in 7.531 s
[DEV]   QWK:  0.634, PRS: 0.648, SPR: 0.653, RMSE: 0.659, (Best @ 22: {{0.716}}, 0.721, 0.723, 0.611)
[TEST]  QWK:  0.524, PRS: 0.537, SPR: 0.526, RMSE: 0.751 (Best @ 22: {{0.603}}, 0.611, 0.609, 0.686)
--------------------------------------------------------------------------------------------------------------------------
Epoch 39/50
Training one epoch in 7.559 s
[DEV]   QWK:  0.686, PRS: 0.691, SPR: 0.693, RMSE: 0.626, (Best @ 22: {{0.716}}, 0.721, 0.723, 0.611)
[TEST]  QWK:  0.511, PRS: 0.515, SPR: 0.510, RMSE: 0.751 (Best @ 22: {{0.603}}, 0.611, 0.609, 0.686)
--------------------------------------------------------------------------------------------------------------------------
Epoch 40/50
Training one epoch in 7.552 s
[DEV]   QWK:  0.675, PRS: 0.677, SPR: 0.682, RMSE: 0.646, (Best @ 22: {{0.716}}, 0.721, 0.723, 0.611)
[TEST]  QWK:  0.471, PRS: 0.472, SPR: 0.476, RMSE: 0.811 (Best @ 22: {{0.603}}, 0.611, 0.609, 0.686)
--------------------------------------------------------------------------------------------------------------------------
Epoch 41/50
Training one epoch in 7.542 s
[DEV]   QWK:  0.691, PRS: 0.693, SPR: 0.698, RMSE: 0.635, (Best @ 22: {{0.716}}, 0.721, 0.723, 0.611)
[TEST]  QWK:  0.509, PRS: 0.510, SPR: 0.506, RMSE: 0.781 (Best @ 22: {{0.603}}, 0.611, 0.609, 0.686)
--------------------------------------------------------------------------------------------------------------------------
Epoch 42/50
Training one epoch in 7.539 s
[DEV]   QWK:  0.686, PRS: 0.688, SPR: 0.693, RMSE: 0.637, (Best @ 22: {{0.716}}, 0.721, 0.723, 0.611)
[TEST]  QWK:  0.544, PRS: 0.545, SPR: 0.533, RMSE: 0.755 (Best @ 22: {{0.603}}, 0.611, 0.609, 0.686)
--------------------------------------------------------------------------------------------------------------------------
Epoch 43/50
Training one epoch in 7.560 s
[DEV]   QWK:  0.692, PRS: 0.694, SPR: 0.699, RMSE: 0.630, (Best @ 22: {{0.716}}, 0.721, 0.723, 0.611)
[TEST]  QWK:  0.482, PRS: 0.484, SPR: 0.482, RMSE: 0.800 (Best @ 22: {{0.603}}, 0.611, 0.609, 0.686)
--------------------------------------------------------------------------------------------------------------------------
Epoch 44/50
Training one epoch in 7.548 s
[DEV]   QWK:  0.663, PRS: 0.668, SPR: 0.671, RMSE: 0.648, (Best @ 22: {{0.716}}, 0.721, 0.723, 0.611)
[TEST]  QWK:  0.490, PRS: 0.493, SPR: 0.489, RMSE: 0.774 (Best @ 22: {{0.603}}, 0.611, 0.609, 0.686)
--------------------------------------------------------------------------------------------------------------------------
Epoch 45/50
Training one epoch in 7.534 s
[DEV]   QWK:  0.624, PRS: 0.635, SPR: 0.636, RMSE: 0.664, (Best @ 22: {{0.716}}, 0.721, 0.723, 0.611)
[TEST]  QWK:  0.481, PRS: 0.485, SPR: 0.479, RMSE: 0.774 (Best @ 22: {{0.603}}, 0.611, 0.609, 0.686)
--------------------------------------------------------------------------------------------------------------------------
Epoch 46/50
Training one epoch in 7.545 s
[DEV]   QWK:  0.677, PRS: 0.679, SPR: 0.685, RMSE: 0.644, (Best @ 22: {{0.716}}, 0.721, 0.723, 0.611)
[TEST]  QWK:  0.515, PRS: 0.519, SPR: 0.508, RMSE: 0.762 (Best @ 22: {{0.603}}, 0.611, 0.609, 0.686)
--------------------------------------------------------------------------------------------------------------------------
Epoch 47/50
Training one epoch in 7.534 s
[DEV]   QWK:  0.697, PRS: 0.700, SPR: 0.698, RMSE: 0.621, (Best @ 22: {{0.716}}, 0.721, 0.723, 0.611)
[TEST]  QWK:  0.486, PRS: 0.488, SPR: 0.486, RMSE: 0.789 (Best @ 22: {{0.603}}, 0.611, 0.609, 0.686)
--------------------------------------------------------------------------------------------------------------------------
Epoch 48/50
Training one epoch in 7.547 s
[DEV]   QWK:  0.644, PRS: 0.655, SPR: 0.653, RMSE: 0.668, (Best @ 22: {{0.716}}, 0.721, 0.723, 0.611)
[TEST]  QWK:  0.486, PRS: 0.493, SPR: 0.486, RMSE: 0.762 (Best @ 22: {{0.603}}, 0.611, 0.609, 0.686)
--------------------------------------------------------------------------------------------------------------------------
Epoch 49/50
Training one epoch in 7.550 s
[DEV]   QWK:  0.648, PRS: 0.649, SPR: 0.652, RMSE: 0.679, (Best @ 22: {{0.716}}, 0.721, 0.723, 0.611)
[TEST]  QWK:  0.464, PRS: 0.465, SPR: 0.462, RMSE: 0.807 (Best @ 22: {{0.603}}, 0.611, 0.609, 0.686)
--------------------------------------------------------------------------------------------------------------------------
Epoch 50/50
Training one epoch in 7.544 s
[DEV]   QWK:  0.668, PRS: 0.671, SPR: 0.680, RMSE: 0.670, (Best @ 22: {{0.716}}, 0.721, 0.723, 0.611)
[TEST]  QWK:  0.510, PRS: 0.516, SPR: 0.516, RMSE: 0.796 (Best @ 22: {{0.603}}, 0.611, 0.609, 0.686)
--------------------------------------------------------------------------------------------------------------------------
X_train shape: (1209, 1100)
Initial evaluation: 
[DEV]   QWK:  0.000, PRS: 0.000, SPR: 0.000, RMSE: 1.163, (Best @ -1: {{0.000}}, 0.000, 0.000, 1.163)
[TEST]  QWK:  0.000, PRS: 0.000, SPR: 0.000, RMSE: 1.248 (Best @ -1: {{0.000}}, 0.000, 0.000, 1.248)
--------------------------------------------------------------------------------------------------------------------------
Train model
Epoch 1/50
Training one epoch in 9.807 s
[DEV]   QWK:  0.593, PRS: 0.662, SPR: 0.674, RMSE: 0.659, (Best @ 1: {{0.593}}, 0.662, 0.674, 0.659)
[TEST]  QWK:  0.490, PRS: 0.569, SPR: 0.568, RMSE: 0.703 (Best @ 1: {{0.490}}, 0.569, 0.568, 0.703)
--------------------------------------------------------------------------------------------------------------------------
Epoch 2/50
Training one epoch in 7.859 s
[DEV]   QWK:  0.633, PRS: 0.658, SPR: 0.655, RMSE: 0.657, (Best @ 2: {{0.633}}, 0.658, 0.655, 0.657)
[TEST]  QWK:  0.547, PRS: 0.584, SPR: 0.576, RMSE: 0.678 (Best @ 2: {{0.547}}, 0.584, 0.576, 0.678)
--------------------------------------------------------------------------------------------------------------------------
Epoch 3/50
Training one epoch in 7.838 s
[DEV]   QWK:  0.639, PRS: 0.693, SPR: 0.700, RMSE: 0.724, (Best @ 3: {{0.639}}, 0.693, 0.700, 0.724)
[TEST]  QWK:  0.517, PRS: 0.593, SPR: 0.590, RMSE: 0.792 (Best @ 3: {{0.517}}, 0.593, 0.590, 0.792)
--------------------------------------------------------------------------------------------------------------------------
Epoch 4/50
Training one epoch in 7.834 s
[DEV]   QWK:  0.626, PRS: 0.669, SPR: 0.673, RMSE: 0.626, (Best @ 3: {{0.639}}, 0.693, 0.700, 0.724)
[TEST]  QWK:  0.504, PRS: 0.562, SPR: 0.560, RMSE: 0.682 (Best @ 3: {{0.517}}, 0.593, 0.590, 0.792)
--------------------------------------------------------------------------------------------------------------------------
Epoch 5/50
Training one epoch in 7.857 s
[DEV]   QWK:  0.679, PRS: 0.700, SPR: 0.715, RMSE: 0.614, (Best @ 5: {{0.679}}, 0.700, 0.715, 0.614)
[TEST]  QWK:  0.565, PRS: 0.599, SPR: 0.604, RMSE: 0.678 (Best @ 5: {{0.565}}, 0.599, 0.604, 0.678)
--------------------------------------------------------------------------------------------------------------------------
Epoch 6/50
Training one epoch in 7.856 s
[DEV]   QWK:  0.616, PRS: 0.686, SPR: 0.699, RMSE: 0.659, (Best @ 5: {{0.679}}, 0.700, 0.715, 0.614)
[TEST]  QWK:  0.457, PRS: 0.534, SPR: 0.544, RMSE: 0.762 (Best @ 5: {{0.565}}, 0.599, 0.604, 0.678)
--------------------------------------------------------------------------------------------------------------------------
Epoch 7/50
Training one epoch in 7.862 s
[DEV]   QWK:  0.656, PRS: 0.665, SPR: 0.669, RMSE: 0.642, (Best @ 5: {{0.679}}, 0.700, 0.715, 0.614)
[TEST]  QWK:  0.589, PRS: 0.605, SPR: 0.601, RMSE: 0.660 (Best @ 5: {{0.565}}, 0.599, 0.604, 0.678)
--------------------------------------------------------------------------------------------------------------------------
Epoch 8/50
Training one epoch in 7.881 s
[DEV]   QWK:  0.691, PRS: 0.694, SPR: 0.706, RMSE: 0.623, (Best @ 8: {{0.691}}, 0.694, 0.706, 0.623)
[TEST]  QWK:  0.615, PRS: 0.619, SPR: 0.620, RMSE: 0.669 (Best @ 8: {{0.615}}, 0.619, 0.620, 0.669)
--------------------------------------------------------------------------------------------------------------------------
Epoch 9/50
Training one epoch in 7.852 s
[DEV]   QWK:  0.691, PRS: 0.695, SPR: 0.700, RMSE: 0.623, (Best @ 9: {{0.691}}, 0.695, 0.700, 0.623)
[TEST]  QWK:  0.628, PRS: 0.636, SPR: 0.635, RMSE: 0.647 (Best @ 9: {{0.628}}, 0.636, 0.635, 0.647)
--------------------------------------------------------------------------------------------------------------------------
Epoch 10/50
Training one epoch in 7.858 s
[DEV]   QWK:  0.670, PRS: 0.676, SPR: 0.679, RMSE: 0.637, (Best @ 9: {{0.691}}, 0.695, 0.700, 0.623)
[TEST]  QWK:  0.608, PRS: 0.618, SPR: 0.615, RMSE: 0.660 (Best @ 9: {{0.628}}, 0.636, 0.635, 0.647)
--------------------------------------------------------------------------------------------------------------------------
Epoch 11/50
Training one epoch in 7.886 s
[DEV]   QWK:  0.684, PRS: 0.688, SPR: 0.696, RMSE: 0.628, (Best @ 9: {{0.691}}, 0.695, 0.700, 0.623)
[TEST]  QWK:  0.632, PRS: 0.639, SPR: 0.638, RMSE: 0.647 (Best @ 9: {{0.628}}, 0.636, 0.635, 0.647)
--------------------------------------------------------------------------------------------------------------------------
Epoch 12/50
Training one epoch in 7.872 s
[DEV]   QWK:  0.658, PRS: 0.668, SPR: 0.670, RMSE: 0.642, (Best @ 9: {{0.691}}, 0.695, 0.700, 0.623)
[TEST]  QWK:  0.607, PRS: 0.620, SPR: 0.616, RMSE: 0.656 (Best @ 9: {{0.628}}, 0.636, 0.635, 0.647)
--------------------------------------------------------------------------------------------------------------------------
Epoch 13/50
Training one epoch in 7.861 s
[DEV]   QWK:  0.691, PRS: 0.695, SPR: 0.701, RMSE: 0.621, (Best @ 9: {{0.691}}, 0.695, 0.700, 0.623)
[TEST]  QWK:  0.615, PRS: 0.624, SPR: 0.622, RMSE: 0.656 (Best @ 9: {{0.628}}, 0.636, 0.635, 0.647)
--------------------------------------------------------------------------------------------------------------------------
Epoch 14/50
Training one epoch in 7.863 s
[DEV]   QWK:  0.675, PRS: 0.691, SPR: 0.707, RMSE: 0.626, (Best @ 9: {{0.691}}, 0.695, 0.700, 0.623)
[TEST]  QWK:  0.549, PRS: 0.571, SPR: 0.571, RMSE: 0.719 (Best @ 9: {{0.628}}, 0.636, 0.635, 0.647)
--------------------------------------------------------------------------------------------------------------------------
Epoch 15/50
Training one epoch in 7.855 s
[DEV]   QWK:  0.659, PRS: 0.699, SPR: 0.702, RMSE: 0.681, (Best @ 9: {{0.691}}, 0.695, 0.700, 0.623)
[TEST]  QWK:  0.550, PRS: 0.593, SPR: 0.588, RMSE: 0.735 (Best @ 9: {{0.628}}, 0.636, 0.635, 0.647)
--------------------------------------------------------------------------------------------------------------------------
Epoch 16/50
Training one epoch in 7.849 s
[DEV]   QWK:  0.590, PRS: 0.668, SPR: 0.689, RMSE: 0.696, (Best @ 9: {{0.691}}, 0.695, 0.700, 0.623)
[TEST]  QWK:  0.444, PRS: 0.530, SPR: 0.552, RMSE: 0.821 (Best @ 9: {{0.628}}, 0.636, 0.635, 0.647)
--------------------------------------------------------------------------------------------------------------------------
Epoch 17/50
Training one epoch in 7.884 s
[DEV]   QWK:  0.690, PRS: 0.694, SPR: 0.697, RMSE: 0.626, (Best @ 9: {{0.691}}, 0.695, 0.700, 0.623)
[TEST]  QWK:  0.608, PRS: 0.621, SPR: 0.617, RMSE: 0.660 (Best @ 9: {{0.628}}, 0.636, 0.635, 0.647)
--------------------------------------------------------------------------------------------------------------------------
Epoch 18/50
Training one epoch in 7.883 s
[DEV]   QWK:  0.695, PRS: 0.698, SPR: 0.704, RMSE: 0.623, (Best @ 18: {{0.695}}, 0.698, 0.704, 0.623)
[TEST]  QWK:  0.583, PRS: 0.584, SPR: 0.583, RMSE: 0.715 (Best @ 18: {{0.583}}, 0.584, 0.583, 0.715)
--------------------------------------------------------------------------------------------------------------------------
Epoch 19/50
Training one epoch in 7.862 s
[DEV]   QWK:  0.685, PRS: 0.705, SPR: 0.707, RMSE: 0.653, (Best @ 18: {{0.695}}, 0.698, 0.704, 0.623)
[TEST]  QWK:  0.597, PRS: 0.624, SPR: 0.619, RMSE: 0.699 (Best @ 18: {{0.583}}, 0.584, 0.583, 0.715)
--------------------------------------------------------------------------------------------------------------------------
Epoch 20/50
Training one epoch in 7.878 s
[DEV]   QWK:  0.699, PRS: 0.707, SPR: 0.708, RMSE: 0.632, (Best @ 20: {{0.699}}, 0.707, 0.708, 0.632)
[TEST]  QWK:  0.613, PRS: 0.632, SPR: 0.629, RMSE: 0.686 (Best @ 20: {{0.613}}, 0.632, 0.629, 0.686)
--------------------------------------------------------------------------------------------------------------------------
Epoch 21/50
Training one epoch in 7.863 s
[DEV]   QWK:  0.673, PRS: 0.682, SPR: 0.682, RMSE: 0.623, (Best @ 20: {{0.699}}, 0.707, 0.708, 0.632)
[TEST]  QWK:  0.579, PRS: 0.595, SPR: 0.590, RMSE: 0.669 (Best @ 20: {{0.613}}, 0.632, 0.629, 0.686)
--------------------------------------------------------------------------------------------------------------------------
Epoch 22/50
Training one epoch in 7.886 s
[DEV]   QWK:  0.720, PRS: 0.724, SPR: 0.726, RMSE: 0.602, (Best @ 22: {{0.720}}, 0.724, 0.726, 0.602)
[TEST]  QWK:  0.577, PRS: 0.579, SPR: 0.577, RMSE: 0.715 (Best @ 22: {{0.577}}, 0.579, 0.577, 0.715)
--------------------------------------------------------------------------------------------------------------------------
Epoch 23/50
Training one epoch in 7.876 s
[DEV]   QWK:  0.654, PRS: 0.679, SPR: 0.692, RMSE: 0.642, (Best @ 22: {{0.720}}, 0.724, 0.726, 0.602)
[TEST]  QWK:  0.539, PRS: 0.562, SPR: 0.566, RMSE: 0.727 (Best @ 22: {{0.577}}, 0.579, 0.577, 0.715)
--------------------------------------------------------------------------------------------------------------------------
Epoch 24/50
Training one epoch in 7.853 s
[DEV]   QWK:  0.658, PRS: 0.688, SPR: 0.701, RMSE: 0.632, (Best @ 22: {{0.720}}, 0.724, 0.726, 0.602)
[TEST]  QWK:  0.544, PRS: 0.574, SPR: 0.575, RMSE: 0.719 (Best @ 22: {{0.577}}, 0.579, 0.577, 0.715)
--------------------------------------------------------------------------------------------------------------------------
Epoch 25/50
Training one epoch in 7.875 s
[DEV]   QWK:  0.696, PRS: 0.702, SPR: 0.701, RMSE: 0.623, (Best @ 22: {{0.720}}, 0.724, 0.726, 0.602)
[TEST]  QWK:  0.633, PRS: 0.643, SPR: 0.641, RMSE: 0.647 (Best @ 22: {{0.577}}, 0.579, 0.577, 0.715)
--------------------------------------------------------------------------------------------------------------------------
Epoch 26/50
Training one epoch in 7.860 s
[DEV]   QWK:  0.701, PRS: 0.707, SPR: 0.708, RMSE: 0.628, (Best @ 22: {{0.720}}, 0.724, 0.726, 0.602)
[TEST]  QWK:  0.581, PRS: 0.585, SPR: 0.583, RMSE: 0.711 (Best @ 22: {{0.577}}, 0.579, 0.577, 0.715)
--------------------------------------------------------------------------------------------------------------------------
Epoch 27/50
Training one epoch in 7.872 s
[DEV]   QWK:  0.680, PRS: 0.688, SPR: 0.688, RMSE: 0.637, (Best @ 22: {{0.720}}, 0.724, 0.726, 0.602)
[TEST]  QWK:  0.546, PRS: 0.560, SPR: 0.553, RMSE: 0.719 (Best @ 22: {{0.577}}, 0.579, 0.577, 0.715)
--------------------------------------------------------------------------------------------------------------------------
Epoch 28/50
Training one epoch in 7.867 s
[DEV]   QWK:  0.683, PRS: 0.688, SPR: 0.689, RMSE: 0.644, (Best @ 22: {{0.720}}, 0.724, 0.726, 0.602)
[TEST]  QWK:  0.566, PRS: 0.574, SPR: 0.569, RMSE: 0.715 (Best @ 22: {{0.577}}, 0.579, 0.577, 0.715)
--------------------------------------------------------------------------------------------------------------------------
Epoch 29/50
Training one epoch in 7.844 s
[DEV]   QWK:  0.688, PRS: 0.690, SPR: 0.693, RMSE: 0.635, (Best @ 22: {{0.720}}, 0.724, 0.726, 0.602)
[TEST]  QWK:  0.532, PRS: 0.533, SPR: 0.530, RMSE: 0.755 (Best @ 22: {{0.577}}, 0.579, 0.577, 0.715)
--------------------------------------------------------------------------------------------------------------------------
Epoch 30/50
Training one epoch in 7.858 s
[DEV]   QWK:  0.684, PRS: 0.701, SPR: 0.712, RMSE: 0.611, (Best @ 22: {{0.720}}, 0.724, 0.726, 0.602)
[TEST]  QWK:  0.491, PRS: 0.503, SPR: 0.501, RMSE: 0.759 (Best @ 22: {{0.577}}, 0.579, 0.577, 0.715)
--------------------------------------------------------------------------------------------------------------------------
Epoch 31/50
Training one epoch in 7.883 s
[DEV]   QWK:  0.660, PRS: 0.672, SPR: 0.669, RMSE: 0.655, (Best @ 22: {{0.720}}, 0.724, 0.726, 0.602)
[TEST]  QWK:  0.561, PRS: 0.574, SPR: 0.569, RMSE: 0.711 (Best @ 22: {{0.577}}, 0.579, 0.577, 0.715)
--------------------------------------------------------------------------------------------------------------------------
Epoch 32/50
Training one epoch in 7.870 s
[DEV]   QWK:  0.661, PRS: 0.682, SPR: 0.692, RMSE: 0.635, (Best @ 22: {{0.720}}, 0.724, 0.726, 0.602)
[TEST]  QWK:  0.522, PRS: 0.537, SPR: 0.537, RMSE: 0.747 (Best @ 22: {{0.577}}, 0.579, 0.577, 0.715)
--------------------------------------------------------------------------------------------------------------------------
Epoch 33/50
Training one epoch in 7.874 s
[DEV]   QWK:  0.688, PRS: 0.699, SPR: 0.699, RMSE: 0.648, (Best @ 22: {{0.720}}, 0.724, 0.726, 0.602)
[TEST]  QWK:  0.577, PRS: 0.587, SPR: 0.584, RMSE: 0.719 (Best @ 22: {{0.577}}, 0.579, 0.577, 0.715)
--------------------------------------------------------------------------------------------------------------------------
Epoch 34/50
Training one epoch in 7.884 s
[DEV]   QWK:  0.687, PRS: 0.695, SPR: 0.697, RMSE: 0.614, (Best @ 22: {{0.720}}, 0.724, 0.726, 0.602)
[TEST]  QWK:  0.527, PRS: 0.536, SPR: 0.531, RMSE: 0.719 (Best @ 22: {{0.577}}, 0.579, 0.577, 0.715)
--------------------------------------------------------------------------------------------------------------------------
Epoch 35/50
Training one epoch in 7.848 s
[DEV]   QWK:  0.693, PRS: 0.707, SPR: 0.710, RMSE: 0.648, (Best @ 22: {{0.720}}, 0.724, 0.726, 0.602)
[TEST]  QWK:  0.587, PRS: 0.610, SPR: 0.606, RMSE: 0.707 (Best @ 22: {{0.577}}, 0.579, 0.577, 0.715)
--------------------------------------------------------------------------------------------------------------------------
Epoch 36/50
Training one epoch in 7.908 s
[DEV]   QWK:  0.678, PRS: 0.684, SPR: 0.696, RMSE: 0.630, (Best @ 22: {{0.720}}, 0.724, 0.726, 0.602)
[TEST]  QWK:  0.545, PRS: 0.551, SPR: 0.552, RMSE: 0.743 (Best @ 22: {{0.577}}, 0.579, 0.577, 0.715)
--------------------------------------------------------------------------------------------------------------------------
Epoch 37/50
Training one epoch in 7.881 s
[DEV]   QWK:  0.693, PRS: 0.698, SPR: 0.704, RMSE: 0.619, (Best @ 22: {{0.720}}, 0.724, 0.726, 0.602)
[TEST]  QWK:  0.514, PRS: 0.522, SPR: 0.521, RMSE: 0.755 (Best @ 22: {{0.577}}, 0.579, 0.577, 0.715)
--------------------------------------------------------------------------------------------------------------------------
Epoch 38/50
Training one epoch in 7.876 s
[DEV]   QWK:  0.662, PRS: 0.672, SPR: 0.680, RMSE: 0.637, (Best @ 22: {{0.720}}, 0.724, 0.726, 0.602)
[TEST]  QWK:  0.510, PRS: 0.520, SPR: 0.511, RMSE: 0.766 (Best @ 22: {{0.577}}, 0.579, 0.577, 0.715)
--------------------------------------------------------------------------------------------------------------------------
Epoch 39/50
Training one epoch in 7.899 s
[DEV]   QWK:  0.670, PRS: 0.675, SPR: 0.678, RMSE: 0.639, (Best @ 22: {{0.720}}, 0.724, 0.726, 0.602)
[TEST]  QWK:  0.518, PRS: 0.522, SPR: 0.518, RMSE: 0.747 (Best @ 22: {{0.577}}, 0.579, 0.577, 0.715)
--------------------------------------------------------------------------------------------------------------------------
Epoch 40/50
Training one epoch in 7.903 s
[DEV]   QWK:  0.683, PRS: 0.685, SPR: 0.690, RMSE: 0.639, (Best @ 22: {{0.720}}, 0.724, 0.726, 0.602)
[TEST]  QWK:  0.507, PRS: 0.510, SPR: 0.510, RMSE: 0.789 (Best @ 22: {{0.577}}, 0.579, 0.577, 0.715)
--------------------------------------------------------------------------------------------------------------------------
Epoch 41/50
Training one epoch in 7.883 s
[DEV]   QWK:  0.689, PRS: 0.690, SPR: 0.699, RMSE: 0.639, (Best @ 22: {{0.720}}, 0.724, 0.726, 0.602)
[TEST]  QWK:  0.528, PRS: 0.530, SPR: 0.531, RMSE: 0.770 (Best @ 22: {{0.577}}, 0.579, 0.577, 0.715)
--------------------------------------------------------------------------------------------------------------------------
Epoch 42/50
Training one epoch in 7.897 s
[DEV]   QWK:  0.697, PRS: 0.698, SPR: 0.704, RMSE: 0.630, (Best @ 22: {{0.720}}, 0.724, 0.726, 0.602)
[TEST]  QWK:  0.519, PRS: 0.521, SPR: 0.520, RMSE: 0.778 (Best @ 22: {{0.577}}, 0.579, 0.577, 0.715)
--------------------------------------------------------------------------------------------------------------------------
Epoch 43/50
Training one epoch in 7.881 s
[DEV]   QWK:  0.674, PRS: 0.676, SPR: 0.680, RMSE: 0.648, (Best @ 22: {{0.720}}, 0.724, 0.726, 0.602)
[TEST]  QWK:  0.521, PRS: 0.523, SPR: 0.522, RMSE: 0.781 (Best @ 22: {{0.577}}, 0.579, 0.577, 0.715)
--------------------------------------------------------------------------------------------------------------------------
Epoch 44/50
Training one epoch in 7.870 s
[DEV]   QWK:  0.653, PRS: 0.660, SPR: 0.659, RMSE: 0.655, (Best @ 22: {{0.720}}, 0.724, 0.726, 0.602)
[TEST]  QWK:  0.509, PRS: 0.514, SPR: 0.508, RMSE: 0.747 (Best @ 22: {{0.577}}, 0.579, 0.577, 0.715)
--------------------------------------------------------------------------------------------------------------------------
Epoch 45/50
Training one epoch in 7.862 s
[DEV]   QWK:  0.613, PRS: 0.625, SPR: 0.627, RMSE: 0.670, (Best @ 22: {{0.720}}, 0.724, 0.726, 0.602)
[TEST]  QWK:  0.484, PRS: 0.491, SPR: 0.484, RMSE: 0.759 (Best @ 22: {{0.577}}, 0.579, 0.577, 0.715)
--------------------------------------------------------------------------------------------------------------------------
Epoch 46/50
Training one epoch in 7.891 s
[DEV]   QWK:  0.679, PRS: 0.681, SPR: 0.688, RMSE: 0.639, (Best @ 22: {{0.720}}, 0.724, 0.726, 0.602)
[TEST]  QWK:  0.532, PRS: 0.536, SPR: 0.523, RMSE: 0.739 (Best @ 22: {{0.577}}, 0.579, 0.577, 0.715)
--------------------------------------------------------------------------------------------------------------------------
Epoch 47/50
Training one epoch in 7.908 s
[DEV]   QWK:  0.684, PRS: 0.686, SPR: 0.687, RMSE: 0.637, (Best @ 22: {{0.720}}, 0.724, 0.726, 0.602)
[TEST]  QWK:  0.499, PRS: 0.500, SPR: 0.499, RMSE: 0.789 (Best @ 22: {{0.577}}, 0.579, 0.577, 0.715)
--------------------------------------------------------------------------------------------------------------------------
Epoch 48/50
Training one epoch in 7.896 s
[DEV]   QWK:  0.659, PRS: 0.667, SPR: 0.666, RMSE: 0.655, (Best @ 22: {{0.720}}, 0.724, 0.726, 0.602)
[TEST]  QWK:  0.475, PRS: 0.482, SPR: 0.474, RMSE: 0.770 (Best @ 22: {{0.577}}, 0.579, 0.577, 0.715)
--------------------------------------------------------------------------------------------------------------------------
Epoch 49/50
Training one epoch in 7.888 s
[DEV]   QWK:  0.653, PRS: 0.656, SPR: 0.652, RMSE: 0.670, (Best @ 22: {{0.720}}, 0.724, 0.726, 0.602)
[TEST]  QWK:  0.477, PRS: 0.478, SPR: 0.475, RMSE: 0.796 (Best @ 22: {{0.577}}, 0.579, 0.577, 0.715)
--------------------------------------------------------------------------------------------------------------------------
Epoch 50/50
Training one epoch in 7.893 s
[DEV]   QWK:  0.670, PRS: 0.673, SPR: 0.682, RMSE: 0.666, (Best @ 22: {{0.720}}, 0.724, 0.726, 0.602)
[TEST]  QWK:  0.512, PRS: 0.518, SPR: 0.518, RMSE: 0.792 (Best @ 22: {{0.577}}, 0.579, 0.577, 0.715)
--------------------------------------------------------------------------------------------------------------------------
