X_train shape: (1249, 3550)
Initial evaluation: 
[DEV]   QWK:  0.000, PRS: 0.000, SPR: 0.000, RMSE: 2.127, (Best @ -1: {{0.000}}, 0.000, 0.000, 2.127)
[TEST]  QWK:  0.000, PRS: 0.000, SPR: 0.000, RMSE: 2.152 (Best @ -1: {{0.000}}, 0.000, 0.000, 2.152)
--------------------------------------------------------------------------------------------------------------------------
Train model
Epoch 1/50
Training one epoch in 28.490 s
[DEV]   QWK:  0.640, PRS: 0.740, SPR: 0.725, RMSE: 1.122, (Best @ 1: {{0.640}}, 0.740, 0.725, 1.122)
[TEST]  QWK:  0.661, PRS: 0.758, SPR: 0.709, RMSE: 1.036 (Best @ 1: {{0.661}}, 0.758, 0.709, 1.036)
--------------------------------------------------------------------------------------------------------------------------
Epoch 2/50
Training one epoch in 25.967 s
[DEV]   QWK:  0.698, PRS: 0.766, SPR: 0.734, RMSE: 1.018, (Best @ 2: {{0.698}}, 0.766, 0.734, 1.018)
[TEST]  QWK:  0.731, PRS: 0.796, SPR: 0.751, RMSE: 0.930 (Best @ 2: {{0.731}}, 0.796, 0.751, 0.930)
--------------------------------------------------------------------------------------------------------------------------
Epoch 3/50
Training one epoch in 26.056 s
[DEV]   QWK:  0.716, PRS: 0.772, SPR: 0.745, RMSE: 0.979, (Best @ 3: {{0.716}}, 0.772, 0.745, 0.979)
[TEST]  QWK:  0.753, PRS: 0.799, SPR: 0.759, RMSE: 0.884 (Best @ 3: {{0.753}}, 0.799, 0.759, 0.884)
--------------------------------------------------------------------------------------------------------------------------
Epoch 4/50
Training one epoch in 26.049 s
[DEV]   QWK:  0.732, PRS: 0.782, SPR: 0.756, RMSE: 0.954, (Best @ 4: {{0.732}}, 0.782, 0.756, 0.954)
[TEST]  QWK:  0.760, PRS: 0.800, SPR: 0.750, RMSE: 0.874 (Best @ 4: {{0.760}}, 0.800, 0.750, 0.874)
--------------------------------------------------------------------------------------------------------------------------
Epoch 5/50
Training one epoch in 26.012 s
[DEV]   QWK:  0.756, PRS: 0.790, SPR: 0.763, RMSE: 0.933, (Best @ 5: {{0.756}}, 0.790, 0.763, 0.933)
[TEST]  QWK:  0.778, PRS: 0.802, SPR: 0.763, RMSE: 0.868 (Best @ 5: {{0.778}}, 0.802, 0.763, 0.868)
--------------------------------------------------------------------------------------------------------------------------
Epoch 6/50
Training one epoch in 25.973 s
[DEV]   QWK:  0.728, PRS: 0.801, SPR: 0.764, RMSE: 0.969, (Best @ 5: {{0.756}}, 0.790, 0.763, 0.933)
[TEST]  QWK:  0.764, PRS: 0.832, SPR: 0.791, RMSE: 0.884 (Best @ 5: {{0.778}}, 0.802, 0.763, 0.868)
--------------------------------------------------------------------------------------------------------------------------
Epoch 7/50
Training one epoch in 26.015 s
[DEV]   QWK:  0.741, PRS: 0.798, SPR: 0.766, RMSE: 0.939, (Best @ 5: {{0.756}}, 0.790, 0.763, 0.933)
[TEST]  QWK:  0.760, PRS: 0.811, SPR: 0.762, RMSE: 0.874 (Best @ 5: {{0.778}}, 0.802, 0.763, 0.868)
--------------------------------------------------------------------------------------------------------------------------
Epoch 8/50
Training one epoch in 26.012 s
[DEV]   QWK:  0.728, PRS: 0.805, SPR: 0.782, RMSE: 1.044, (Best @ 5: {{0.756}}, 0.790, 0.763, 0.933)
[TEST]  QWK:  0.760, PRS: 0.838, SPR: 0.819, RMSE: 0.951 (Best @ 5: {{0.778}}, 0.802, 0.763, 0.868)
--------------------------------------------------------------------------------------------------------------------------
Epoch 9/50
Training one epoch in 26.100 s
[DEV]   QWK:  0.764, PRS: 0.801, SPR: 0.777, RMSE: 0.929, (Best @ 9: {{0.764}}, 0.801, 0.777, 0.929)
[TEST]  QWK:  0.788, PRS: 0.821, SPR: 0.794, RMSE: 0.868 (Best @ 9: {{0.788}}, 0.821, 0.794, 0.868)
--------------------------------------------------------------------------------------------------------------------------
Epoch 10/50
Training one epoch in 26.020 s
[DEV]   QWK:  0.808, PRS: 0.826, SPR: 0.801, RMSE: 0.853, (Best @ 10: {{0.808}}, 0.826, 0.801, 0.853)
[TEST]  QWK:  0.795, PRS: 0.810, SPR: 0.766, RMSE: 0.848 (Best @ 10: {{0.795}}, 0.810, 0.766, 0.848)
--------------------------------------------------------------------------------------------------------------------------
Epoch 11/50
Training one epoch in 25.989 s
[DEV]   QWK:  0.810, PRS: 0.830, SPR: 0.801, RMSE: 0.845, (Best @ 11: {{0.810}}, 0.830, 0.801, 0.845)
[TEST]  QWK:  0.798, PRS: 0.811, SPR: 0.772, RMSE: 0.855 (Best @ 11: {{0.798}}, 0.811, 0.772, 0.855)
--------------------------------------------------------------------------------------------------------------------------
Epoch 12/50
Training one epoch in 25.977 s
[DEV]   QWK:  0.815, PRS: 0.825, SPR: 0.806, RMSE: 0.856, (Best @ 12: {{0.815}}, 0.825, 0.806, 0.856)
[TEST]  QWK:  0.815, PRS: 0.822, SPR: 0.784, RMSE: 0.835 (Best @ 12: {{0.815}}, 0.822, 0.784, 0.835)
--------------------------------------------------------------------------------------------------------------------------
Epoch 13/50
Training one epoch in 25.976 s
[DEV]   QWK:  0.794, PRS: 0.821, SPR: 0.799, RMSE: 0.866, (Best @ 12: {{0.815}}, 0.825, 0.806, 0.856)
[TEST]  QWK:  0.787, PRS: 0.801, SPR: 0.769, RMSE: 0.868 (Best @ 12: {{0.815}}, 0.822, 0.784, 0.835)
--------------------------------------------------------------------------------------------------------------------------
Epoch 14/50
Training one epoch in 25.899 s
[DEV]   QWK:  0.780, PRS: 0.812, SPR: 0.789, RMSE: 0.887, (Best @ 12: {{0.815}}, 0.825, 0.806, 0.856)
[TEST]  QWK:  0.776, PRS: 0.801, SPR: 0.752, RMSE: 0.864 (Best @ 12: {{0.815}}, 0.822, 0.784, 0.835)
--------------------------------------------------------------------------------------------------------------------------
Epoch 15/50
Training one epoch in 26.007 s
[DEV]   QWK:  0.788, PRS: 0.818, SPR: 0.786, RMSE: 0.910, (Best @ 12: {{0.815}}, 0.825, 0.806, 0.856)
[TEST]  QWK:  0.785, PRS: 0.815, SPR: 0.790, RMSE: 0.887 (Best @ 12: {{0.815}}, 0.822, 0.784, 0.835)
--------------------------------------------------------------------------------------------------------------------------
Epoch 16/50
Training one epoch in 25.948 s
[DEV]   QWK:  0.814, PRS: 0.826, SPR: 0.808, RMSE: 0.861, (Best @ 12: {{0.815}}, 0.825, 0.806, 0.856)
[TEST]  QWK:  0.800, PRS: 0.811, SPR: 0.777, RMSE: 0.861 (Best @ 12: {{0.815}}, 0.822, 0.784, 0.835)
--------------------------------------------------------------------------------------------------------------------------
Epoch 17/50
Training one epoch in 26.090 s
[DEV]   QWK:  0.807, PRS: 0.830, SPR: 0.797, RMSE: 0.882, (Best @ 12: {{0.815}}, 0.825, 0.806, 0.856)
[TEST]  QWK:  0.806, PRS: 0.829, SPR: 0.783, RMSE: 0.855 (Best @ 12: {{0.815}}, 0.822, 0.784, 0.835)
--------------------------------------------------------------------------------------------------------------------------
Epoch 18/50
Training one epoch in 26.005 s
[DEV]   QWK:  0.694, PRS: 0.784, SPR: 0.739, RMSE: 0.994, (Best @ 12: {{0.815}}, 0.825, 0.806, 0.856)
[TEST]  QWK:  0.727, PRS: 0.801, SPR: 0.751, RMSE: 0.921 (Best @ 12: {{0.815}}, 0.822, 0.784, 0.835)
--------------------------------------------------------------------------------------------------------------------------
Epoch 19/50
Training one epoch in 26.017 s
[DEV]   QWK:  0.783, PRS: 0.822, SPR: 0.788, RMSE: 0.951, (Best @ 12: {{0.815}}, 0.825, 0.806, 0.856)
[TEST]  QWK:  0.787, PRS: 0.827, SPR: 0.790, RMSE: 0.906 (Best @ 12: {{0.815}}, 0.822, 0.784, 0.835)
--------------------------------------------------------------------------------------------------------------------------
Epoch 20/50
Training one epoch in 26.083 s
[DEV]   QWK:  0.823, PRS: 0.841, SPR: 0.819, RMSE: 0.819, (Best @ 20: {{0.823}}, 0.841, 0.819, 0.819)
[TEST]  QWK:  0.799, PRS: 0.812, SPR: 0.772, RMSE: 0.845 (Best @ 20: {{0.799}}, 0.812, 0.772, 0.845)
--------------------------------------------------------------------------------------------------------------------------
Epoch 21/50
Training one epoch in 26.168 s
[DEV]   QWK:  0.768, PRS: 0.819, SPR: 0.792, RMSE: 0.982, (Best @ 20: {{0.823}}, 0.841, 0.819, 0.819)
[TEST]  QWK:  0.740, PRS: 0.803, SPR: 0.769, RMSE: 0.992 (Best @ 20: {{0.799}}, 0.812, 0.772, 0.845)
--------------------------------------------------------------------------------------------------------------------------
Epoch 22/50
Training one epoch in 26.042 s
[DEV]   QWK:  0.761, PRS: 0.814, SPR: 0.781, RMSE: 0.969, (Best @ 20: {{0.823}}, 0.841, 0.819, 0.819)
[TEST]  QWK:  0.741, PRS: 0.810, SPR: 0.759, RMSE: 0.954 (Best @ 20: {{0.799}}, 0.812, 0.772, 0.845)
--------------------------------------------------------------------------------------------------------------------------
Epoch 23/50
Training one epoch in 26.061 s
[DEV]   QWK:  0.786, PRS: 0.822, SPR: 0.781, RMSE: 0.920, (Best @ 20: {{0.823}}, 0.841, 0.819, 0.819)
[TEST]  QWK:  0.767, PRS: 0.802, SPR: 0.758, RMSE: 0.921 (Best @ 20: {{0.799}}, 0.812, 0.772, 0.845)
--------------------------------------------------------------------------------------------------------------------------
Epoch 24/50
Training one epoch in 26.010 s
[DEV]   QWK:  0.807, PRS: 0.821, SPR: 0.790, RMSE: 0.885, (Best @ 20: {{0.823}}, 0.841, 0.819, 0.819)
[TEST]  QWK:  0.819, PRS: 0.825, SPR: 0.785, RMSE: 0.841 (Best @ 20: {{0.799}}, 0.812, 0.772, 0.845)
--------------------------------------------------------------------------------------------------------------------------
Epoch 25/50
Training one epoch in 26.132 s
[DEV]   QWK:  0.809, PRS: 0.816, SPR: 0.794, RMSE: 0.907, (Best @ 20: {{0.823}}, 0.841, 0.819, 0.819)
[TEST]  QWK:  0.814, PRS: 0.816, SPR: 0.775, RMSE: 0.871 (Best @ 20: {{0.799}}, 0.812, 0.772, 0.845)
--------------------------------------------------------------------------------------------------------------------------
Epoch 26/50
Training one epoch in 26.011 s
[DEV]   QWK:  0.800, PRS: 0.812, SPR: 0.783, RMSE: 0.893, (Best @ 20: {{0.823}}, 0.841, 0.819, 0.819)
[TEST]  QWK:  0.809, PRS: 0.817, SPR: 0.774, RMSE: 0.845 (Best @ 20: {{0.799}}, 0.812, 0.772, 0.845)
--------------------------------------------------------------------------------------------------------------------------
Epoch 27/50
Training one epoch in 26.053 s
[DEV]   QWK:  0.798, PRS: 0.815, SPR: 0.776, RMSE: 0.916, (Best @ 20: {{0.823}}, 0.841, 0.819, 0.819)
[TEST]  QWK:  0.814, PRS: 0.831, SPR: 0.784, RMSE: 0.855 (Best @ 20: {{0.799}}, 0.812, 0.772, 0.845)
--------------------------------------------------------------------------------------------------------------------------
Epoch 28/50
Training one epoch in 26.071 s
[DEV]   QWK:  0.804, PRS: 0.824, SPR: 0.789, RMSE: 0.864, (Best @ 20: {{0.823}}, 0.841, 0.819, 0.819)
[TEST]  QWK:  0.801, PRS: 0.812, SPR: 0.770, RMSE: 0.858 (Best @ 20: {{0.799}}, 0.812, 0.772, 0.845)
--------------------------------------------------------------------------------------------------------------------------
Epoch 29/50
Training one epoch in 25.981 s
[DEV]   QWK:  0.790, PRS: 0.810, SPR: 0.775, RMSE: 0.958, (Best @ 20: {{0.823}}, 0.841, 0.819, 0.819)
[TEST]  QWK:  0.786, PRS: 0.807, SPR: 0.765, RMSE: 0.930 (Best @ 20: {{0.799}}, 0.812, 0.772, 0.845)
--------------------------------------------------------------------------------------------------------------------------
Epoch 30/50
Training one epoch in 25.988 s
[DEV]   QWK:  0.804, PRS: 0.821, SPR: 0.791, RMSE: 0.884, (Best @ 20: {{0.823}}, 0.841, 0.819, 0.819)
[TEST]  QWK:  0.803, PRS: 0.817, SPR: 0.777, RMSE: 0.851 (Best @ 20: {{0.799}}, 0.812, 0.772, 0.845)
--------------------------------------------------------------------------------------------------------------------------
Epoch 31/50
Training one epoch in 26.082 s
[DEV]   QWK:  0.817, PRS: 0.828, SPR: 0.803, RMSE: 0.874, (Best @ 20: {{0.823}}, 0.841, 0.819, 0.819)
[TEST]  QWK:  0.812, PRS: 0.823, SPR: 0.777, RMSE: 0.864 (Best @ 20: {{0.799}}, 0.812, 0.772, 0.845)
--------------------------------------------------------------------------------------------------------------------------
Epoch 32/50
Training one epoch in 26.101 s
[DEV]   QWK:  0.803, PRS: 0.813, SPR: 0.786, RMSE: 0.915, (Best @ 20: {{0.823}}, 0.841, 0.819, 0.819)
[TEST]  QWK:  0.802, PRS: 0.808, SPR: 0.770, RMSE: 0.871 (Best @ 20: {{0.799}}, 0.812, 0.772, 0.845)
--------------------------------------------------------------------------------------------------------------------------
Epoch 33/50
Training one epoch in 26.107 s
[DEV]   QWK:  0.788, PRS: 0.814, SPR: 0.785, RMSE: 0.887, (Best @ 20: {{0.823}}, 0.841, 0.819, 0.819)
[TEST]  QWK:  0.786, PRS: 0.806, SPR: 0.755, RMSE: 0.861 (Best @ 20: {{0.799}}, 0.812, 0.772, 0.845)
--------------------------------------------------------------------------------------------------------------------------
Epoch 34/50
Training one epoch in 26.189 s
[DEV]   QWK:  0.793, PRS: 0.809, SPR: 0.785, RMSE: 0.890, (Best @ 20: {{0.823}}, 0.841, 0.819, 0.819)
[TEST]  QWK:  0.801, PRS: 0.815, SPR: 0.778, RMSE: 0.838 (Best @ 20: {{0.799}}, 0.812, 0.772, 0.845)
--------------------------------------------------------------------------------------------------------------------------
Epoch 35/50
Training one epoch in 26.227 s
[DEV]   QWK:  0.813, PRS: 0.818, SPR: 0.795, RMSE: 0.881, (Best @ 20: {{0.823}}, 0.841, 0.819, 0.819)
[TEST]  QWK:  0.805, PRS: 0.814, SPR: 0.769, RMSE: 0.851 (Best @ 20: {{0.799}}, 0.812, 0.772, 0.845)
--------------------------------------------------------------------------------------------------------------------------
Epoch 36/50
Training one epoch in 26.105 s
[DEV]   QWK:  0.807, PRS: 0.813, SPR: 0.791, RMSE: 0.916, (Best @ 20: {{0.823}}, 0.841, 0.819, 0.819)
[TEST]  QWK:  0.813, PRS: 0.822, SPR: 0.773, RMSE: 0.868 (Best @ 20: {{0.799}}, 0.812, 0.772, 0.845)
--------------------------------------------------------------------------------------------------------------------------
Epoch 37/50
Training one epoch in 26.167 s
[DEV]   QWK:  0.793, PRS: 0.799, SPR: 0.778, RMSE: 0.948, (Best @ 20: {{0.823}}, 0.841, 0.819, 0.819)
[TEST]  QWK:  0.795, PRS: 0.800, SPR: 0.747, RMSE: 0.903 (Best @ 20: {{0.799}}, 0.812, 0.772, 0.845)
--------------------------------------------------------------------------------------------------------------------------
Epoch 38/50
Training one epoch in 26.126 s
[DEV]   QWK:  0.767, PRS: 0.788, SPR: 0.760, RMSE: 0.973, (Best @ 20: {{0.823}}, 0.841, 0.819, 0.819)
[TEST]  QWK:  0.777, PRS: 0.796, SPR: 0.744, RMSE: 0.915 (Best @ 20: {{0.799}}, 0.812, 0.772, 0.845)
--------------------------------------------------------------------------------------------------------------------------
Epoch 39/50
Training one epoch in 26.155 s
[DEV]   QWK:  0.791, PRS: 0.804, SPR: 0.772, RMSE: 0.909, (Best @ 20: {{0.823}}, 0.841, 0.819, 0.819)
[TEST]  QWK:  0.799, PRS: 0.807, SPR: 0.760, RMSE: 0.864 (Best @ 20: {{0.799}}, 0.812, 0.772, 0.845)
--------------------------------------------------------------------------------------------------------------------------
Epoch 40/50
Training one epoch in 26.176 s
[DEV]   QWK:  0.785, PRS: 0.805, SPR: 0.771, RMSE: 0.950, (Best @ 20: {{0.823}}, 0.841, 0.819, 0.819)
[TEST]  QWK:  0.788, PRS: 0.807, SPR: 0.756, RMSE: 0.906 (Best @ 20: {{0.799}}, 0.812, 0.772, 0.845)
--------------------------------------------------------------------------------------------------------------------------
Epoch 41/50
Training one epoch in 26.085 s
[DEV]   QWK:  0.783, PRS: 0.801, SPR: 0.766, RMSE: 0.930, (Best @ 20: {{0.823}}, 0.841, 0.819, 0.819)
[TEST]  QWK:  0.774, PRS: 0.793, SPR: 0.736, RMSE: 0.906 (Best @ 20: {{0.799}}, 0.812, 0.772, 0.845)
--------------------------------------------------------------------------------------------------------------------------
Epoch 42/50
Training one epoch in 26.133 s
[DEV]   QWK:  0.783, PRS: 0.792, SPR: 0.762, RMSE: 0.947, (Best @ 20: {{0.823}}, 0.841, 0.819, 0.819)
[TEST]  QWK:  0.796, PRS: 0.804, SPR: 0.757, RMSE: 0.887 (Best @ 20: {{0.799}}, 0.812, 0.772, 0.845)
--------------------------------------------------------------------------------------------------------------------------
Epoch 43/50
Training one epoch in 26.108 s
[DEV]   QWK:  0.795, PRS: 0.800, SPR: 0.773, RMSE: 0.932, (Best @ 20: {{0.823}}, 0.841, 0.819, 0.819)
[TEST]  QWK:  0.805, PRS: 0.809, SPR: 0.762, RMSE: 0.868 (Best @ 20: {{0.799}}, 0.812, 0.772, 0.845)
--------------------------------------------------------------------------------------------------------------------------
Epoch 44/50
Training one epoch in 26.165 s
[DEV]   QWK:  0.793, PRS: 0.799, SPR: 0.773, RMSE: 0.921, (Best @ 20: {{0.823}}, 0.841, 0.819, 0.819)
[TEST]  QWK:  0.793, PRS: 0.805, SPR: 0.768, RMSE: 0.877 (Best @ 20: {{0.799}}, 0.812, 0.772, 0.845)
--------------------------------------------------------------------------------------------------------------------------
Epoch 45/50
Training one epoch in 26.153 s
[DEV]   QWK:  0.793, PRS: 0.798, SPR: 0.773, RMSE: 0.929, (Best @ 20: {{0.823}}, 0.841, 0.819, 0.819)
[TEST]  QWK:  0.802, PRS: 0.806, SPR: 0.763, RMSE: 0.874 (Best @ 20: {{0.799}}, 0.812, 0.772, 0.845)
--------------------------------------------------------------------------------------------------------------------------
Epoch 46/50
Training one epoch in 26.136 s
[DEV]   QWK:  0.780, PRS: 0.789, SPR: 0.765, RMSE: 0.939, (Best @ 20: {{0.823}}, 0.841, 0.819, 0.819)
[TEST]  QWK:  0.795, PRS: 0.804, SPR: 0.751, RMSE: 0.864 (Best @ 20: {{0.799}}, 0.812, 0.772, 0.845)
--------------------------------------------------------------------------------------------------------------------------
Epoch 47/50
Training one epoch in 26.128 s
[DEV]   QWK:  0.784, PRS: 0.794, SPR: 0.765, RMSE: 0.923, (Best @ 20: {{0.823}}, 0.841, 0.819, 0.819)
[TEST]  QWK:  0.798, PRS: 0.804, SPR: 0.760, RMSE: 0.868 (Best @ 20: {{0.799}}, 0.812, 0.772, 0.845)
--------------------------------------------------------------------------------------------------------------------------
Epoch 48/50
Training one epoch in 26.250 s
[DEV]   QWK:  0.790, PRS: 0.793, SPR: 0.763, RMSE: 0.960, (Best @ 20: {{0.823}}, 0.841, 0.819, 0.819)
[TEST]  QWK:  0.787, PRS: 0.789, SPR: 0.732, RMSE: 0.921 (Best @ 20: {{0.799}}, 0.812, 0.772, 0.845)
--------------------------------------------------------------------------------------------------------------------------
Epoch 49/50
Training one epoch in 26.143 s
[DEV]   QWK:  0.775, PRS: 0.798, SPR: 0.768, RMSE: 0.920, (Best @ 20: {{0.823}}, 0.841, 0.819, 0.819)
[TEST]  QWK:  0.790, PRS: 0.807, SPR: 0.770, RMSE: 0.861 (Best @ 20: {{0.799}}, 0.812, 0.772, 0.845)
--------------------------------------------------------------------------------------------------------------------------
Epoch 50/50
Training one epoch in 26.169 s
[DEV]   QWK:  0.791, PRS: 0.806, SPR: 0.777, RMSE: 0.963, (Best @ 20: {{0.823}}, 0.841, 0.819, 0.819)
[TEST]  QWK:  0.786, PRS: 0.803, SPR: 0.756, RMSE: 0.951 (Best @ 20: {{0.799}}, 0.812, 0.772, 0.845)
--------------------------------------------------------------------------------------------------------------------------
