X_train shape: (1249, 3550)
Initial evaluation: 
[DEV]   QWK:  0.000, PRS: 0.000, SPR: 0.000, RMSE: 2.127, (Best @ -1: {{0.000}}, 0.000, 0.000, 2.127)
[TEST]  QWK:  0.000, PRS: 0.000, SPR: 0.000, RMSE: 2.152 (Best @ -1: {{0.000}}, 0.000, 0.000, 2.152)
--------------------------------------------------------------------------------------------------------------------------
Train model
Epoch 1/50
Training one epoch in 25.795 s
[DEV]   QWK:  0.694, PRS: 0.754, SPR: 0.735, RMSE: 1.032, (Best @ 1: {{0.694}}, 0.754, 0.735, 1.032)
[TEST]  QWK:  0.732, PRS: 0.782, SPR: 0.738, RMSE: 0.927 (Best @ 1: {{0.732}}, 0.782, 0.738, 0.927)
--------------------------------------------------------------------------------------------------------------------------
Epoch 2/50
Training one epoch in 23.994 s
[DEV]   QWK:  0.729, PRS: 0.771, SPR: 0.755, RMSE: 0.969, (Best @ 2: {{0.729}}, 0.771, 0.755, 0.969)
[TEST]  QWK:  0.755, PRS: 0.792, SPR: 0.749, RMSE: 0.890 (Best @ 2: {{0.755}}, 0.792, 0.749, 0.890)
--------------------------------------------------------------------------------------------------------------------------
Epoch 3/50
Training one epoch in 23.838 s
[DEV]   QWK:  0.726, PRS: 0.772, SPR: 0.752, RMSE: 0.973, (Best @ 2: {{0.729}}, 0.771, 0.755, 0.969)
[TEST]  QWK:  0.762, PRS: 0.799, SPR: 0.754, RMSE: 0.881 (Best @ 2: {{0.755}}, 0.792, 0.749, 0.890)
--------------------------------------------------------------------------------------------------------------------------
Epoch 4/50
Training one epoch in 24.027 s
[DEV]   QWK:  0.752, PRS: 0.787, SPR: 0.770, RMSE: 0.944, (Best @ 4: {{0.752}}, 0.787, 0.770, 0.944)
[TEST]  QWK:  0.772, PRS: 0.807, SPR: 0.764, RMSE: 0.871 (Best @ 4: {{0.772}}, 0.807, 0.764, 0.871)
--------------------------------------------------------------------------------------------------------------------------
Epoch 5/50
Training one epoch in 23.844 s
[DEV]   QWK:  0.735, PRS: 0.789, SPR: 0.763, RMSE: 0.979, (Best @ 4: {{0.752}}, 0.787, 0.770, 0.944)
[TEST]  QWK:  0.762, PRS: 0.805, SPR: 0.762, RMSE: 0.890 (Best @ 4: {{0.772}}, 0.807, 0.764, 0.871)
--------------------------------------------------------------------------------------------------------------------------
Epoch 6/50
Training one epoch in 23.807 s
[DEV]   QWK:  0.713, PRS: 0.807, SPR: 0.779, RMSE: 1.112, (Best @ 4: {{0.752}}, 0.787, 0.770, 0.944)
[TEST]  QWK:  0.720, PRS: 0.824, SPR: 0.777, RMSE: 1.060 (Best @ 4: {{0.772}}, 0.807, 0.764, 0.871)
--------------------------------------------------------------------------------------------------------------------------
Epoch 7/50
Training one epoch in 24.003 s
[DEV]   QWK:  0.687, PRS: 0.781, SPR: 0.760, RMSE: 1.063, (Best @ 4: {{0.752}}, 0.787, 0.770, 0.944)
[TEST]  QWK:  0.714, PRS: 0.811, SPR: 0.789, RMSE: 0.969 (Best @ 4: {{0.772}}, 0.807, 0.764, 0.871)
--------------------------------------------------------------------------------------------------------------------------
Epoch 8/50
Training one epoch in 23.956 s
[DEV]   QWK:  0.758, PRS: 0.822, SPR: 0.807, RMSE: 0.916, (Best @ 8: {{0.758}}, 0.822, 0.807, 0.916)
[TEST]  QWK:  0.768, PRS: 0.819, SPR: 0.786, RMSE: 0.884 (Best @ 8: {{0.768}}, 0.819, 0.786, 0.884)
--------------------------------------------------------------------------------------------------------------------------
Epoch 9/50
Training one epoch in 23.968 s
[DEV]   QWK:  0.782, PRS: 0.808, SPR: 0.786, RMSE: 0.932, (Best @ 9: {{0.782}}, 0.808, 0.786, 0.932)
[TEST]  QWK:  0.796, PRS: 0.815, SPR: 0.782, RMSE: 0.858 (Best @ 9: {{0.796}}, 0.815, 0.782, 0.858)
--------------------------------------------------------------------------------------------------------------------------
Epoch 10/50
Training one epoch in 23.977 s
[DEV]   QWK:  0.794, PRS: 0.821, SPR: 0.805, RMSE: 0.869, (Best @ 10: {{0.794}}, 0.821, 0.805, 0.869)
[TEST]  QWK:  0.798, PRS: 0.813, SPR: 0.783, RMSE: 0.848 (Best @ 10: {{0.798}}, 0.813, 0.783, 0.848)
--------------------------------------------------------------------------------------------------------------------------
Epoch 11/50
Training one epoch in 24.066 s
[DEV]   QWK:  0.767, PRS: 0.801, SPR: 0.788, RMSE: 0.910, (Best @ 10: {{0.794}}, 0.821, 0.805, 0.869)
[TEST]  QWK:  0.775, PRS: 0.805, SPR: 0.766, RMSE: 0.861 (Best @ 10: {{0.798}}, 0.813, 0.783, 0.848)
--------------------------------------------------------------------------------------------------------------------------
Epoch 12/50
Training one epoch in 23.996 s
[DEV]   QWK:  0.781, PRS: 0.825, SPR: 0.804, RMSE: 0.874, (Best @ 10: {{0.794}}, 0.821, 0.805, 0.869)
[TEST]  QWK:  0.793, PRS: 0.820, SPR: 0.783, RMSE: 0.835 (Best @ 10: {{0.798}}, 0.813, 0.783, 0.848)
--------------------------------------------------------------------------------------------------------------------------
Epoch 13/50
Training one epoch in 24.116 s
[DEV]   QWK:  0.782, PRS: 0.831, SPR: 0.811, RMSE: 0.871, (Best @ 10: {{0.794}}, 0.821, 0.805, 0.869)
[TEST]  QWK:  0.785, PRS: 0.814, SPR: 0.768, RMSE: 0.851 (Best @ 10: {{0.798}}, 0.813, 0.783, 0.848)
--------------------------------------------------------------------------------------------------------------------------
Epoch 14/50
Training one epoch in 23.958 s
[DEV]   QWK:  0.797, PRS: 0.819, SPR: 0.802, RMSE: 0.907, (Best @ 14: {{0.797}}, 0.819, 0.802, 0.907)
[TEST]  QWK:  0.798, PRS: 0.821, SPR: 0.780, RMSE: 0.890 (Best @ 14: {{0.798}}, 0.821, 0.780, 0.890)
--------------------------------------------------------------------------------------------------------------------------
Epoch 15/50
Training one epoch in 24.048 s
[DEV]   QWK:  0.794, PRS: 0.814, SPR: 0.795, RMSE: 0.892, (Best @ 14: {{0.797}}, 0.819, 0.802, 0.907)
[TEST]  QWK:  0.802, PRS: 0.815, SPR: 0.776, RMSE: 0.864 (Best @ 14: {{0.798}}, 0.821, 0.780, 0.890)
--------------------------------------------------------------------------------------------------------------------------
Epoch 16/50
Training one epoch in 24.046 s
[DEV]   QWK:  0.747, PRS: 0.795, SPR: 0.776, RMSE: 0.936, (Best @ 14: {{0.797}}, 0.819, 0.802, 0.907)
[TEST]  QWK:  0.744, PRS: 0.783, SPR: 0.747, RMSE: 0.912 (Best @ 14: {{0.798}}, 0.821, 0.780, 0.890)
--------------------------------------------------------------------------------------------------------------------------
Epoch 17/50
Training one epoch in 24.097 s
[DEV]   QWK:  0.799, PRS: 0.821, SPR: 0.809, RMSE: 0.872, (Best @ 17: {{0.799}}, 0.821, 0.809, 0.872)
[TEST]  QWK:  0.798, PRS: 0.811, SPR: 0.769, RMSE: 0.868 (Best @ 17: {{0.798}}, 0.811, 0.769, 0.868)
--------------------------------------------------------------------------------------------------------------------------
Epoch 18/50
Training one epoch in 24.149 s
[DEV]   QWK:  0.817, PRS: 0.832, SPR: 0.814, RMSE: 0.848, (Best @ 18: {{0.817}}, 0.832, 0.814, 0.848)
[TEST]  QWK:  0.791, PRS: 0.802, SPR: 0.759, RMSE: 0.887 (Best @ 18: {{0.791}}, 0.802, 0.759, 0.887)
--------------------------------------------------------------------------------------------------------------------------
Epoch 19/50
Training one epoch in 24.117 s
[DEV]   QWK:  0.739, PRS: 0.792, SPR: 0.772, RMSE: 0.976, (Best @ 18: {{0.817}}, 0.832, 0.814, 0.848)
[TEST]  QWK:  0.751, PRS: 0.805, SPR: 0.770, RMSE: 0.906 (Best @ 18: {{0.791}}, 0.802, 0.759, 0.887)
--------------------------------------------------------------------------------------------------------------------------
Epoch 20/50
Training one epoch in 24.078 s
[DEV]   QWK:  0.793, PRS: 0.818, SPR: 0.789, RMSE: 0.884, (Best @ 18: {{0.817}}, 0.832, 0.814, 0.848)
[TEST]  QWK:  0.778, PRS: 0.799, SPR: 0.759, RMSE: 0.884 (Best @ 18: {{0.791}}, 0.802, 0.759, 0.887)
--------------------------------------------------------------------------------------------------------------------------
Epoch 21/50
Training one epoch in 24.103 s
[DEV]   QWK:  0.795, PRS: 0.810, SPR: 0.790, RMSE: 0.887, (Best @ 18: {{0.817}}, 0.832, 0.814, 0.848)
[TEST]  QWK:  0.799, PRS: 0.803, SPR: 0.759, RMSE: 0.871 (Best @ 18: {{0.791}}, 0.802, 0.759, 0.887)
--------------------------------------------------------------------------------------------------------------------------
Epoch 22/50
Training one epoch in 24.069 s
[DEV]   QWK:  0.803, PRS: 0.819, SPR: 0.801, RMSE: 0.871, (Best @ 18: {{0.817}}, 0.832, 0.814, 0.848)
[TEST]  QWK:  0.789, PRS: 0.798, SPR: 0.755, RMSE: 0.884 (Best @ 18: {{0.791}}, 0.802, 0.759, 0.887)
--------------------------------------------------------------------------------------------------------------------------
Epoch 23/50
Training one epoch in 24.087 s
[DEV]   QWK:  0.796, PRS: 0.818, SPR: 0.798, RMSE: 0.924, (Best @ 18: {{0.817}}, 0.832, 0.814, 0.848)
[TEST]  QWK:  0.788, PRS: 0.817, SPR: 0.775, RMSE: 0.912 (Best @ 18: {{0.791}}, 0.802, 0.759, 0.887)
--------------------------------------------------------------------------------------------------------------------------
Epoch 24/50
Training one epoch in 24.111 s
[DEV]   QWK:  0.801, PRS: 0.828, SPR: 0.801, RMSE: 0.869, (Best @ 18: {{0.817}}, 0.832, 0.814, 0.848)
[TEST]  QWK:  0.787, PRS: 0.806, SPR: 0.761, RMSE: 0.887 (Best @ 18: {{0.791}}, 0.802, 0.759, 0.887)
--------------------------------------------------------------------------------------------------------------------------
Epoch 25/50
Training one epoch in 24.104 s
[DEV]   QWK:  0.795, PRS: 0.813, SPR: 0.794, RMSE: 0.885, (Best @ 18: {{0.817}}, 0.832, 0.814, 0.848)
[TEST]  QWK:  0.789, PRS: 0.797, SPR: 0.752, RMSE: 0.890 (Best @ 18: {{0.791}}, 0.802, 0.759, 0.887)
--------------------------------------------------------------------------------------------------------------------------
Epoch 26/50
Training one epoch in 24.064 s
[DEV]   QWK:  0.809, PRS: 0.820, SPR: 0.796, RMSE: 0.884, (Best @ 18: {{0.817}}, 0.832, 0.814, 0.848)
[TEST]  QWK:  0.801, PRS: 0.808, SPR: 0.768, RMSE: 0.874 (Best @ 18: {{0.791}}, 0.802, 0.759, 0.887)
--------------------------------------------------------------------------------------------------------------------------
Epoch 27/50
Training one epoch in 24.015 s
[DEV]   QWK:  0.810, PRS: 0.824, SPR: 0.797, RMSE: 0.861, (Best @ 18: {{0.817}}, 0.832, 0.814, 0.848)
[TEST]  QWK:  0.806, PRS: 0.814, SPR: 0.765, RMSE: 0.845 (Best @ 18: {{0.791}}, 0.802, 0.759, 0.887)
--------------------------------------------------------------------------------------------------------------------------
Epoch 28/50
Training one epoch in 24.092 s
[DEV]   QWK:  0.795, PRS: 0.810, SPR: 0.794, RMSE: 0.903, (Best @ 18: {{0.817}}, 0.832, 0.814, 0.848)
[TEST]  QWK:  0.804, PRS: 0.810, SPR: 0.766, RMSE: 0.868 (Best @ 18: {{0.791}}, 0.802, 0.759, 0.887)
--------------------------------------------------------------------------------------------------------------------------
Epoch 29/50
Training one epoch in 24.035 s
[DEV]   QWK:  0.795, PRS: 0.806, SPR: 0.786, RMSE: 0.899, (Best @ 18: {{0.817}}, 0.832, 0.814, 0.848)
[TEST]  QWK:  0.797, PRS: 0.803, SPR: 0.761, RMSE: 0.874 (Best @ 18: {{0.791}}, 0.802, 0.759, 0.887)
--------------------------------------------------------------------------------------------------------------------------
Epoch 30/50
Training one epoch in 23.948 s
[DEV]   QWK:  0.797, PRS: 0.818, SPR: 0.787, RMSE: 0.882, (Best @ 18: {{0.817}}, 0.832, 0.814, 0.848)
[TEST]  QWK:  0.792, PRS: 0.804, SPR: 0.760, RMSE: 0.871 (Best @ 18: {{0.791}}, 0.802, 0.759, 0.887)
--------------------------------------------------------------------------------------------------------------------------
Epoch 31/50
Training one epoch in 24.008 s
[DEV]   QWK:  0.778, PRS: 0.797, SPR: 0.779, RMSE: 0.950, (Best @ 18: {{0.817}}, 0.832, 0.814, 0.848)
[TEST]  QWK:  0.772, PRS: 0.790, SPR: 0.742, RMSE: 0.927 (Best @ 18: {{0.791}}, 0.802, 0.759, 0.887)
--------------------------------------------------------------------------------------------------------------------------
Epoch 32/50
Training one epoch in 24.055 s
[DEV]   QWK:  0.796, PRS: 0.806, SPR: 0.782, RMSE: 0.901, (Best @ 18: {{0.817}}, 0.832, 0.814, 0.848)
[TEST]  QWK:  0.787, PRS: 0.792, SPR: 0.749, RMSE: 0.896 (Best @ 18: {{0.791}}, 0.802, 0.759, 0.887)
--------------------------------------------------------------------------------------------------------------------------
Epoch 33/50
Training one epoch in 24.028 s
[DEV]   QWK:  0.816, PRS: 0.819, SPR: 0.790, RMSE: 0.887, (Best @ 18: {{0.817}}, 0.832, 0.814, 0.848)
[TEST]  QWK:  0.813, PRS: 0.815, SPR: 0.771, RMSE: 0.855 (Best @ 18: {{0.791}}, 0.802, 0.759, 0.887)
--------------------------------------------------------------------------------------------------------------------------
Epoch 34/50
Training one epoch in 24.143 s
[DEV]   QWK:  0.775, PRS: 0.820, SPR: 0.791, RMSE: 0.929, (Best @ 18: {{0.817}}, 0.832, 0.814, 0.848)
[TEST]  QWK:  0.758, PRS: 0.788, SPR: 0.727, RMSE: 0.942 (Best @ 18: {{0.791}}, 0.802, 0.759, 0.887)
--------------------------------------------------------------------------------------------------------------------------
Epoch 35/50
Training one epoch in 24.172 s
[DEV]   QWK:  0.800, PRS: 0.821, SPR: 0.790, RMSE: 0.923, (Best @ 18: {{0.817}}, 0.832, 0.814, 0.848)
[TEST]  QWK:  0.776, PRS: 0.795, SPR: 0.751, RMSE: 0.939 (Best @ 18: {{0.791}}, 0.802, 0.759, 0.887)
--------------------------------------------------------------------------------------------------------------------------
Epoch 36/50
Training one epoch in 23.957 s
[DEV]   QWK:  0.789, PRS: 0.812, SPR: 0.781, RMSE: 0.884, (Best @ 18: {{0.817}}, 0.832, 0.814, 0.848)
[TEST]  QWK:  0.794, PRS: 0.806, SPR: 0.752, RMSE: 0.858 (Best @ 18: {{0.791}}, 0.802, 0.759, 0.887)
--------------------------------------------------------------------------------------------------------------------------
Epoch 37/50
Training one epoch in 24.151 s
[DEV]   QWK:  0.779, PRS: 0.793, SPR: 0.770, RMSE: 0.948, (Best @ 18: {{0.817}}, 0.832, 0.814, 0.848)
[TEST]  QWK:  0.795, PRS: 0.806, SPR: 0.762, RMSE: 0.884 (Best @ 18: {{0.791}}, 0.802, 0.759, 0.887)
--------------------------------------------------------------------------------------------------------------------------
Epoch 38/50
Training one epoch in 24.083 s
[DEV]   QWK:  0.769, PRS: 0.801, SPR: 0.775, RMSE: 0.958, (Best @ 18: {{0.817}}, 0.832, 0.814, 0.848)
[TEST]  QWK:  0.777, PRS: 0.800, SPR: 0.759, RMSE: 0.912 (Best @ 18: {{0.791}}, 0.802, 0.759, 0.887)
--------------------------------------------------------------------------------------------------------------------------
Epoch 39/50
Training one epoch in 24.170 s
[DEV]   QWK:  0.789, PRS: 0.792, SPR: 0.767, RMSE: 0.945, (Best @ 18: {{0.817}}, 0.832, 0.814, 0.848)
[TEST]  QWK:  0.806, PRS: 0.807, SPR: 0.764, RMSE: 0.877 (Best @ 18: {{0.791}}, 0.802, 0.759, 0.887)
--------------------------------------------------------------------------------------------------------------------------
Epoch 40/50
Training one epoch in 23.939 s
[DEV]   QWK:  0.791, PRS: 0.798, SPR: 0.776, RMSE: 0.933, (Best @ 18: {{0.817}}, 0.832, 0.814, 0.848)
[TEST]  QWK:  0.783, PRS: 0.790, SPR: 0.747, RMSE: 0.921 (Best @ 18: {{0.791}}, 0.802, 0.759, 0.887)
--------------------------------------------------------------------------------------------------------------------------
Epoch 41/50
Training one epoch in 24.015 s
[DEV]   QWK:  0.746, PRS: 0.800, SPR: 0.764, RMSE: 0.950, (Best @ 18: {{0.817}}, 0.832, 0.814, 0.848)
[TEST]  QWK:  0.748, PRS: 0.803, SPR: 0.746, RMSE: 0.921 (Best @ 18: {{0.791}}, 0.802, 0.759, 0.887)
--------------------------------------------------------------------------------------------------------------------------
Epoch 42/50
Training one epoch in 24.007 s
[DEV]   QWK:  0.794, PRS: 0.797, SPR: 0.765, RMSE: 0.936, (Best @ 18: {{0.817}}, 0.832, 0.814, 0.848)
[TEST]  QWK:  0.793, PRS: 0.795, SPR: 0.751, RMSE: 0.903 (Best @ 18: {{0.791}}, 0.802, 0.759, 0.887)
--------------------------------------------------------------------------------------------------------------------------
Epoch 43/50
Training one epoch in 24.178 s
[DEV]   QWK:  0.786, PRS: 0.800, SPR: 0.776, RMSE: 0.909, (Best @ 18: {{0.817}}, 0.832, 0.814, 0.848)
[TEST]  QWK:  0.787, PRS: 0.794, SPR: 0.754, RMSE: 0.887 (Best @ 18: {{0.791}}, 0.802, 0.759, 0.887)
--------------------------------------------------------------------------------------------------------------------------
Epoch 44/50
Training one epoch in 24.187 s
[DEV]   QWK:  0.783, PRS: 0.813, SPR: 0.774, RMSE: 0.893, (Best @ 18: {{0.817}}, 0.832, 0.814, 0.848)
[TEST]  QWK:  0.767, PRS: 0.789, SPR: 0.734, RMSE: 0.899 (Best @ 18: {{0.791}}, 0.802, 0.759, 0.887)
--------------------------------------------------------------------------------------------------------------------------
Epoch 45/50
Training one epoch in 24.168 s
[DEV]   QWK:  0.765, PRS: 0.774, SPR: 0.752, RMSE: 0.974, (Best @ 18: {{0.817}}, 0.832, 0.814, 0.848)
[TEST]  QWK:  0.788, PRS: 0.796, SPR: 0.756, RMSE: 0.887 (Best @ 18: {{0.791}}, 0.802, 0.759, 0.887)
--------------------------------------------------------------------------------------------------------------------------
Epoch 46/50
Training one epoch in 24.219 s
[DEV]   QWK:  0.776, PRS: 0.802, SPR: 0.767, RMSE: 0.913, (Best @ 18: {{0.817}}, 0.832, 0.814, 0.848)
[TEST]  QWK:  0.767, PRS: 0.786, SPR: 0.734, RMSE: 0.906 (Best @ 18: {{0.791}}, 0.802, 0.759, 0.887)
--------------------------------------------------------------------------------------------------------------------------
Epoch 47/50
Training one epoch in 24.166 s
[DEV]   QWK:  0.754, PRS: 0.786, SPR: 0.746, RMSE: 0.954, (Best @ 18: {{0.817}}, 0.832, 0.814, 0.848)
[TEST]  QWK:  0.756, PRS: 0.792, SPR: 0.745, RMSE: 0.912 (Best @ 18: {{0.791}}, 0.802, 0.759, 0.887)
--------------------------------------------------------------------------------------------------------------------------
Epoch 48/50
Training one epoch in 24.249 s
[DEV]   QWK:  0.779, PRS: 0.788, SPR: 0.764, RMSE: 0.942, (Best @ 18: {{0.817}}, 0.832, 0.814, 0.848)
[TEST]  QWK:  0.788, PRS: 0.795, SPR: 0.752, RMSE: 0.890 (Best @ 18: {{0.791}}, 0.802, 0.759, 0.887)
--------------------------------------------------------------------------------------------------------------------------
Epoch 49/50
Training one epoch in 24.162 s
[DEV]   QWK:  0.783, PRS: 0.797, SPR: 0.765, RMSE: 0.920, (Best @ 18: {{0.817}}, 0.832, 0.814, 0.848)
[TEST]  QWK:  0.778, PRS: 0.787, SPR: 0.741, RMSE: 0.909 (Best @ 18: {{0.791}}, 0.802, 0.759, 0.887)
--------------------------------------------------------------------------------------------------------------------------
Epoch 50/50
Training one epoch in 24.144 s
[DEV]   QWK:  0.805, PRS: 0.805, SPR: 0.776, RMSE: 0.938, (Best @ 18: {{0.817}}, 0.832, 0.814, 0.848)
[TEST]  QWK:  0.804, PRS: 0.805, SPR: 0.763, RMSE: 0.890 (Best @ 18: {{0.791}}, 0.802, 0.759, 0.887)
--------------------------------------------------------------------------------------------------------------------------
X_train shape: (1249, 3550)
Initial evaluation: 
[DEV]   QWK:  0.000, PRS: 0.000, SPR: 0.000, RMSE: 2.127, (Best @ -1: {{0.000}}, 0.000, 0.000, 2.127)
[TEST]  QWK:  0.000, PRS: 0.000, SPR: 0.000, RMSE: 2.152 (Best @ -1: {{0.000}}, 0.000, 0.000, 2.152)
--------------------------------------------------------------------------------------------------------------------------
Train model
Epoch 1/50
Training one epoch in 26.992 s
[DEV]   QWK:  0.694, PRS: 0.754, SPR: 0.735, RMSE: 1.032, (Best @ 1: {{0.694}}, 0.754, 0.735, 1.032)
[TEST]  QWK:  0.732, PRS: 0.782, SPR: 0.738, RMSE: 0.927 (Best @ 1: {{0.732}}, 0.782, 0.738, 0.927)
--------------------------------------------------------------------------------------------------------------------------
Epoch 2/50
Training one epoch in 24.626 s
[DEV]   QWK:  0.729, PRS: 0.771, SPR: 0.755, RMSE: 0.969, (Best @ 2: {{0.729}}, 0.771, 0.755, 0.969)
[TEST]  QWK:  0.755, PRS: 0.792, SPR: 0.749, RMSE: 0.890 (Best @ 2: {{0.755}}, 0.792, 0.749, 0.890)
--------------------------------------------------------------------------------------------------------------------------
Epoch 3/50
Training one epoch in 24.678 s
[DEV]   QWK:  0.726, PRS: 0.772, SPR: 0.752, RMSE: 0.973, (Best @ 2: {{0.729}}, 0.771, 0.755, 0.969)
[TEST]  QWK:  0.762, PRS: 0.799, SPR: 0.754, RMSE: 0.881 (Best @ 2: {{0.755}}, 0.792, 0.749, 0.890)
--------------------------------------------------------------------------------------------------------------------------
Epoch 4/50
Training one epoch in 24.753 s
[DEV]   QWK:  0.752, PRS: 0.787, SPR: 0.770, RMSE: 0.944, (Best @ 4: {{0.752}}, 0.787, 0.770, 0.944)
[TEST]  QWK:  0.772, PRS: 0.807, SPR: 0.764, RMSE: 0.871 (Best @ 4: {{0.772}}, 0.807, 0.764, 0.871)
--------------------------------------------------------------------------------------------------------------------------
Epoch 5/50
Training one epoch in 24.731 s
[DEV]   QWK:  0.735, PRS: 0.790, SPR: 0.763, RMSE: 0.977, (Best @ 4: {{0.752}}, 0.787, 0.770, 0.944)
[TEST]  QWK:  0.762, PRS: 0.805, SPR: 0.762, RMSE: 0.890 (Best @ 4: {{0.772}}, 0.807, 0.764, 0.871)
--------------------------------------------------------------------------------------------------------------------------
Epoch 6/50
Training one epoch in 24.477 s
[DEV]   QWK:  0.714, PRS: 0.805, SPR: 0.774, RMSE: 1.107, (Best @ 4: {{0.752}}, 0.787, 0.770, 0.944)
[TEST]  QWK:  0.723, PRS: 0.827, SPR: 0.780, RMSE: 1.052 (Best @ 4: {{0.772}}, 0.807, 0.764, 0.871)
--------------------------------------------------------------------------------------------------------------------------
Epoch 7/50
Training one epoch in 24.646 s
[DEV]   QWK:  0.688, PRS: 0.784, SPR: 0.766, RMSE: 1.064, (Best @ 4: {{0.752}}, 0.787, 0.770, 0.944)
[TEST]  QWK:  0.731, PRS: 0.827, SPR: 0.804, RMSE: 0.951 (Best @ 4: {{0.772}}, 0.807, 0.764, 0.871)
--------------------------------------------------------------------------------------------------------------------------
Epoch 8/50
Training one epoch in 24.676 s
[DEV]   QWK:  0.757, PRS: 0.823, SPR: 0.807, RMSE: 0.916, (Best @ 8: {{0.757}}, 0.823, 0.807, 0.916)
[TEST]  QWK:  0.768, PRS: 0.819, SPR: 0.786, RMSE: 0.884 (Best @ 8: {{0.768}}, 0.819, 0.786, 0.884)
--------------------------------------------------------------------------------------------------------------------------
Epoch 9/50
Training one epoch in 24.620 s
[DEV]   QWK:  0.776, PRS: 0.805, SPR: 0.781, RMSE: 0.948, (Best @ 9: {{0.776}}, 0.805, 0.781, 0.948)
[TEST]  QWK:  0.794, PRS: 0.818, SPR: 0.782, RMSE: 0.861 (Best @ 9: {{0.794}}, 0.818, 0.782, 0.861)
--------------------------------------------------------------------------------------------------------------------------
Epoch 10/50
Training one epoch in 24.636 s
[DEV]   QWK:  0.779, PRS: 0.815, SPR: 0.804, RMSE: 0.887, (Best @ 10: {{0.779}}, 0.815, 0.804, 0.887)
[TEST]  QWK:  0.788, PRS: 0.807, SPR: 0.784, RMSE: 0.861 (Best @ 10: {{0.788}}, 0.807, 0.784, 0.861)
--------------------------------------------------------------------------------------------------------------------------
Epoch 11/50
Training one epoch in 24.707 s
[DEV]   QWK:  0.771, PRS: 0.805, SPR: 0.782, RMSE: 0.927, (Best @ 10: {{0.779}}, 0.815, 0.804, 0.887)
[TEST]  QWK:  0.777, PRS: 0.809, SPR: 0.773, RMSE: 0.871 (Best @ 10: {{0.788}}, 0.807, 0.784, 0.861)
--------------------------------------------------------------------------------------------------------------------------
Epoch 12/50
Training one epoch in 24.532 s
[DEV]   QWK:  0.784, PRS: 0.831, SPR: 0.812, RMSE: 0.868, (Best @ 12: {{0.784}}, 0.831, 0.812, 0.868)
[TEST]  QWK:  0.776, PRS: 0.810, SPR: 0.776, RMSE: 0.864 (Best @ 12: {{0.776}}, 0.810, 0.776, 0.864)
--------------------------------------------------------------------------------------------------------------------------
Epoch 13/50
Training one epoch in 24.694 s
[DEV]   QWK:  0.791, PRS: 0.836, SPR: 0.815, RMSE: 0.856, (Best @ 13: {{0.791}}, 0.836, 0.815, 0.856)
[TEST]  QWK:  0.785, PRS: 0.809, SPR: 0.762, RMSE: 0.858 (Best @ 13: {{0.785}}, 0.809, 0.762, 0.858)
--------------------------------------------------------------------------------------------------------------------------
Epoch 14/50
Training one epoch in 24.756 s
[DEV]   QWK:  0.796, PRS: 0.823, SPR: 0.803, RMSE: 0.929, (Best @ 14: {{0.796}}, 0.823, 0.803, 0.929)
[TEST]  QWK:  0.794, PRS: 0.825, SPR: 0.783, RMSE: 0.906 (Best @ 14: {{0.794}}, 0.825, 0.783, 0.906)
--------------------------------------------------------------------------------------------------------------------------
Epoch 15/50
Training one epoch in 24.693 s
[DEV]   QWK:  0.799, PRS: 0.818, SPR: 0.800, RMSE: 0.881, (Best @ 15: {{0.799}}, 0.818, 0.800, 0.881)
[TEST]  QWK:  0.794, PRS: 0.809, SPR: 0.774, RMSE: 0.874 (Best @ 15: {{0.794}}, 0.809, 0.774, 0.874)
--------------------------------------------------------------------------------------------------------------------------
Epoch 16/50
Training one epoch in 24.736 s
[DEV]   QWK:  0.775, PRS: 0.808, SPR: 0.779, RMSE: 0.912, (Best @ 15: {{0.799}}, 0.818, 0.800, 0.881)
[TEST]  QWK:  0.775, PRS: 0.805, SPR: 0.759, RMSE: 0.877 (Best @ 15: {{0.794}}, 0.809, 0.774, 0.874)
--------------------------------------------------------------------------------------------------------------------------
Epoch 17/50
Training one epoch in 24.750 s
[DEV]   QWK:  0.793, PRS: 0.824, SPR: 0.808, RMSE: 0.866, (Best @ 15: {{0.799}}, 0.818, 0.800, 0.881)
[TEST]  QWK:  0.791, PRS: 0.808, SPR: 0.765, RMSE: 0.861 (Best @ 15: {{0.794}}, 0.809, 0.774, 0.874)
--------------------------------------------------------------------------------------------------------------------------
Epoch 18/50
Training one epoch in 24.608 s
[DEV]   QWK:  0.827, PRS: 0.839, SPR: 0.820, RMSE: 0.831, (Best @ 18: {{0.827}}, 0.839, 0.820, 0.831)
[TEST]  QWK:  0.803, PRS: 0.816, SPR: 0.784, RMSE: 0.864 (Best @ 18: {{0.803}}, 0.816, 0.784, 0.864)
--------------------------------------------------------------------------------------------------------------------------
Epoch 19/50
Training one epoch in 24.757 s
[DEV]   QWK:  0.750, PRS: 0.799, SPR: 0.775, RMSE: 0.951, (Best @ 18: {{0.827}}, 0.839, 0.820, 0.831)
[TEST]  QWK:  0.765, PRS: 0.819, SPR: 0.778, RMSE: 0.877 (Best @ 18: {{0.803}}, 0.816, 0.784, 0.864)
--------------------------------------------------------------------------------------------------------------------------
Epoch 20/50
Training one epoch in 24.658 s
[DEV]   QWK:  0.778, PRS: 0.807, SPR: 0.773, RMSE: 0.907, (Best @ 18: {{0.827}}, 0.839, 0.820, 0.831)
[TEST]  QWK:  0.783, PRS: 0.810, SPR: 0.774, RMSE: 0.864 (Best @ 18: {{0.803}}, 0.816, 0.784, 0.864)
--------------------------------------------------------------------------------------------------------------------------
Epoch 21/50
Training one epoch in 24.584 s
[DEV]   QWK:  0.806, PRS: 0.817, SPR: 0.793, RMSE: 0.881, (Best @ 18: {{0.827}}, 0.839, 0.820, 0.831)
[TEST]  QWK:  0.811, PRS: 0.816, SPR: 0.777, RMSE: 0.845 (Best @ 18: {{0.803}}, 0.816, 0.784, 0.864)
--------------------------------------------------------------------------------------------------------------------------
Epoch 22/50
Training one epoch in 24.716 s
[DEV]   QWK:  0.803, PRS: 0.818, SPR: 0.791, RMSE: 0.869, (Best @ 18: {{0.827}}, 0.839, 0.820, 0.831)
[TEST]  QWK:  0.793, PRS: 0.801, SPR: 0.761, RMSE: 0.874 (Best @ 18: {{0.803}}, 0.816, 0.784, 0.864)
--------------------------------------------------------------------------------------------------------------------------
Epoch 23/50
Training one epoch in 24.766 s
[DEV]   QWK:  0.820, PRS: 0.832, SPR: 0.812, RMSE: 0.866, (Best @ 18: {{0.827}}, 0.839, 0.820, 0.831)
[TEST]  QWK:  0.797, PRS: 0.812, SPR: 0.774, RMSE: 0.887 (Best @ 18: {{0.803}}, 0.816, 0.784, 0.864)
--------------------------------------------------------------------------------------------------------------------------
Epoch 24/50
Training one epoch in 24.620 s
[DEV]   QWK:  0.790, PRS: 0.820, SPR: 0.803, RMSE: 0.896, (Best @ 18: {{0.827}}, 0.839, 0.820, 0.831)
[TEST]  QWK:  0.770, PRS: 0.799, SPR: 0.762, RMSE: 0.918 (Best @ 18: {{0.803}}, 0.816, 0.784, 0.864)
--------------------------------------------------------------------------------------------------------------------------
Epoch 25/50
Training one epoch in 24.748 s
[DEV]   QWK:  0.792, PRS: 0.815, SPR: 0.793, RMSE: 0.892, (Best @ 18: {{0.827}}, 0.839, 0.820, 0.831)
[TEST]  QWK:  0.774, PRS: 0.793, SPR: 0.759, RMSE: 0.906 (Best @ 18: {{0.803}}, 0.816, 0.784, 0.864)
--------------------------------------------------------------------------------------------------------------------------
Epoch 26/50
Training one epoch in 24.718 s
[DEV]   QWK:  0.805, PRS: 0.816, SPR: 0.792, RMSE: 0.882, (Best @ 18: {{0.827}}, 0.839, 0.820, 0.831)
[TEST]  QWK:  0.803, PRS: 0.807, SPR: 0.769, RMSE: 0.864 (Best @ 18: {{0.803}}, 0.816, 0.784, 0.864)
--------------------------------------------------------------------------------------------------------------------------
Epoch 27/50
Training one epoch in 24.769 s
[DEV]   QWK:  0.803, PRS: 0.821, SPR: 0.789, RMSE: 0.866, (Best @ 18: {{0.827}}, 0.839, 0.820, 0.831)
[TEST]  QWK:  0.795, PRS: 0.804, SPR: 0.753, RMSE: 0.868 (Best @ 18: {{0.803}}, 0.816, 0.784, 0.864)
--------------------------------------------------------------------------------------------------------------------------
Epoch 28/50
Training one epoch in 24.672 s
[DEV]   QWK:  0.788, PRS: 0.805, SPR: 0.784, RMSE: 0.924, (Best @ 18: {{0.827}}, 0.839, 0.820, 0.831)
[TEST]  QWK:  0.806, PRS: 0.816, SPR: 0.786, RMSE: 0.868 (Best @ 18: {{0.803}}, 0.816, 0.784, 0.864)
--------------------------------------------------------------------------------------------------------------------------
Epoch 29/50
Training one epoch in 24.718 s
[DEV]   QWK:  0.792, PRS: 0.802, SPR: 0.782, RMSE: 0.906, (Best @ 18: {{0.827}}, 0.839, 0.820, 0.831)
[TEST]  QWK:  0.806, PRS: 0.810, SPR: 0.766, RMSE: 0.858 (Best @ 18: {{0.803}}, 0.816, 0.784, 0.864)
--------------------------------------------------------------------------------------------------------------------------
Epoch 30/50
Training one epoch in 24.655 s
[DEV]   QWK:  0.793, PRS: 0.816, SPR: 0.786, RMSE: 0.884, (Best @ 18: {{0.827}}, 0.839, 0.820, 0.831)
[TEST]  QWK:  0.794, PRS: 0.808, SPR: 0.769, RMSE: 0.861 (Best @ 18: {{0.803}}, 0.816, 0.784, 0.864)
--------------------------------------------------------------------------------------------------------------------------
Epoch 31/50
Training one epoch in 24.605 s
[DEV]   QWK:  0.771, PRS: 0.791, SPR: 0.771, RMSE: 0.976, (Best @ 18: {{0.827}}, 0.839, 0.820, 0.831)
[TEST]  QWK:  0.775, PRS: 0.792, SPR: 0.750, RMSE: 0.939 (Best @ 18: {{0.803}}, 0.816, 0.784, 0.864)
--------------------------------------------------------------------------------------------------------------------------
Epoch 32/50
Training one epoch in 24.664 s
[DEV]   QWK:  0.803, PRS: 0.812, SPR: 0.789, RMSE: 0.892, (Best @ 18: {{0.827}}, 0.839, 0.820, 0.831)
[TEST]  QWK:  0.794, PRS: 0.799, SPR: 0.753, RMSE: 0.890 (Best @ 18: {{0.803}}, 0.816, 0.784, 0.864)
--------------------------------------------------------------------------------------------------------------------------
Epoch 33/50
Training one epoch in 24.700 s
[DEV]   QWK:  0.805, PRS: 0.810, SPR: 0.789, RMSE: 0.921, (Best @ 18: {{0.827}}, 0.839, 0.820, 0.831)
[TEST]  QWK:  0.801, PRS: 0.806, SPR: 0.761, RMSE: 0.896 (Best @ 18: {{0.803}}, 0.816, 0.784, 0.864)
--------------------------------------------------------------------------------------------------------------------------
Epoch 34/50
Training one epoch in 24.893 s
[DEV]   QWK:  0.785, PRS: 0.824, SPR: 0.797, RMSE: 0.903, (Best @ 18: {{0.827}}, 0.839, 0.820, 0.831)
[TEST]  QWK:  0.780, PRS: 0.804, SPR: 0.754, RMSE: 0.896 (Best @ 18: {{0.803}}, 0.816, 0.784, 0.864)
--------------------------------------------------------------------------------------------------------------------------
Epoch 35/50
Training one epoch in 24.693 s
[DEV]   QWK:  0.808, PRS: 0.816, SPR: 0.788, RMSE: 0.935, (Best @ 18: {{0.827}}, 0.839, 0.820, 0.831)
[TEST]  QWK:  0.796, PRS: 0.804, SPR: 0.751, RMSE: 0.921 (Best @ 18: {{0.803}}, 0.816, 0.784, 0.864)
--------------------------------------------------------------------------------------------------------------------------
Epoch 36/50
Training one epoch in 24.811 s
[DEV]   QWK:  0.793, PRS: 0.810, SPR: 0.782, RMSE: 0.888, (Best @ 18: {{0.827}}, 0.839, 0.820, 0.831)
[TEST]  QWK:  0.791, PRS: 0.801, SPR: 0.748, RMSE: 0.871 (Best @ 18: {{0.803}}, 0.816, 0.784, 0.864)
--------------------------------------------------------------------------------------------------------------------------
Epoch 37/50
Training one epoch in 24.753 s
[DEV]   QWK:  0.780, PRS: 0.801, SPR: 0.774, RMSE: 0.938, (Best @ 18: {{0.827}}, 0.839, 0.820, 0.831)
[TEST]  QWK:  0.791, PRS: 0.804, SPR: 0.767, RMSE: 0.890 (Best @ 18: {{0.803}}, 0.816, 0.784, 0.864)
--------------------------------------------------------------------------------------------------------------------------
Epoch 38/50
Training one epoch in 24.850 s
[DEV]   QWK:  0.772, PRS: 0.797, SPR: 0.767, RMSE: 0.944, (Best @ 18: {{0.827}}, 0.839, 0.820, 0.831)
[TEST]  QWK:  0.780, PRS: 0.796, SPR: 0.760, RMSE: 0.903 (Best @ 18: {{0.803}}, 0.816, 0.784, 0.864)
--------------------------------------------------------------------------------------------------------------------------
Epoch 39/50
Training one epoch in 24.704 s
[DEV]   QWK:  0.802, PRS: 0.805, SPR: 0.780, RMSE: 0.915, (Best @ 18: {{0.827}}, 0.839, 0.820, 0.831)
[TEST]  QWK:  0.787, PRS: 0.789, SPR: 0.739, RMSE: 0.915 (Best @ 18: {{0.803}}, 0.816, 0.784, 0.864)
--------------------------------------------------------------------------------------------------------------------------
Epoch 40/50
Training one epoch in 24.879 s
[DEV]   QWK:  0.789, PRS: 0.799, SPR: 0.774, RMSE: 0.955, (Best @ 18: {{0.827}}, 0.839, 0.820, 0.831)
[TEST]  QWK:  0.769, PRS: 0.780, SPR: 0.729, RMSE: 0.957 (Best @ 18: {{0.803}}, 0.816, 0.784, 0.864)
--------------------------------------------------------------------------------------------------------------------------
Epoch 41/50
Training one epoch in 24.797 s
[DEV]   QWK:  0.731, PRS: 0.798, SPR: 0.768, RMSE: 0.979, (Best @ 18: {{0.827}}, 0.839, 0.820, 0.831)
[TEST]  QWK:  0.736, PRS: 0.813, SPR: 0.759, RMSE: 0.930 (Best @ 18: {{0.803}}, 0.816, 0.784, 0.864)
--------------------------------------------------------------------------------------------------------------------------
Epoch 42/50
Training one epoch in 24.704 s
[DEV]   QWK:  0.797, PRS: 0.800, SPR: 0.776, RMSE: 0.926, (Best @ 18: {{0.827}}, 0.839, 0.820, 0.831)
[TEST]  QWK:  0.806, PRS: 0.808, SPR: 0.767, RMSE: 0.871 (Best @ 18: {{0.803}}, 0.816, 0.784, 0.864)
--------------------------------------------------------------------------------------------------------------------------
Epoch 43/50
Training one epoch in 24.799 s
[DEV]   QWK:  0.783, PRS: 0.798, SPR: 0.775, RMSE: 0.912, (Best @ 18: {{0.827}}, 0.839, 0.820, 0.831)
[TEST]  QWK:  0.773, PRS: 0.782, SPR: 0.738, RMSE: 0.909 (Best @ 18: {{0.803}}, 0.816, 0.784, 0.864)
--------------------------------------------------------------------------------------------------------------------------
Epoch 44/50
Training one epoch in 24.693 s
[DEV]   QWK:  0.786, PRS: 0.812, SPR: 0.766, RMSE: 0.888, (Best @ 18: {{0.827}}, 0.839, 0.820, 0.831)
[TEST]  QWK:  0.772, PRS: 0.787, SPR: 0.731, RMSE: 0.903 (Best @ 18: {{0.803}}, 0.816, 0.784, 0.864)
--------------------------------------------------------------------------------------------------------------------------
Epoch 45/50
Training one epoch in 24.753 s
[DEV]   QWK:  0.796, PRS: 0.805, SPR: 0.770, RMSE: 0.915, (Best @ 18: {{0.827}}, 0.839, 0.820, 0.831)
[TEST]  QWK:  0.793, PRS: 0.799, SPR: 0.752, RMSE: 0.887 (Best @ 18: {{0.803}}, 0.816, 0.784, 0.864)
--------------------------------------------------------------------------------------------------------------------------
Epoch 46/50
Training one epoch in 24.880 s
[DEV]   QWK:  0.793, PRS: 0.816, SPR: 0.788, RMSE: 0.885, (Best @ 18: {{0.827}}, 0.839, 0.820, 0.831)
[TEST]  QWK:  0.787, PRS: 0.803, SPR: 0.749, RMSE: 0.864 (Best @ 18: {{0.803}}, 0.816, 0.784, 0.864)
--------------------------------------------------------------------------------------------------------------------------
Epoch 47/50
Training one epoch in 24.695 s
[DEV]   QWK:  0.748, PRS: 0.787, SPR: 0.762, RMSE: 0.950, (Best @ 18: {{0.827}}, 0.839, 0.820, 0.831)
[TEST]  QWK:  0.759, PRS: 0.795, SPR: 0.753, RMSE: 0.899 (Best @ 18: {{0.803}}, 0.816, 0.784, 0.864)
--------------------------------------------------------------------------------------------------------------------------
Epoch 48/50
Training one epoch in 24.869 s
[DEV]   QWK:  0.764, PRS: 0.781, SPR: 0.754, RMSE: 0.958, (Best @ 18: {{0.827}}, 0.839, 0.820, 0.831)
[TEST]  QWK:  0.783, PRS: 0.790, SPR: 0.746, RMSE: 0.903 (Best @ 18: {{0.803}}, 0.816, 0.784, 0.864)
--------------------------------------------------------------------------------------------------------------------------
Epoch 49/50
Training one epoch in 24.823 s
[DEV]   QWK:  0.796, PRS: 0.807, SPR: 0.783, RMSE: 0.907, (Best @ 18: {{0.827}}, 0.839, 0.820, 0.831)
[TEST]  QWK:  0.784, PRS: 0.799, SPR: 0.749, RMSE: 0.884 (Best @ 18: {{0.803}}, 0.816, 0.784, 0.864)
--------------------------------------------------------------------------------------------------------------------------
Epoch 50/50
Training one epoch in 24.846 s
[DEV]   QWK:  0.799, PRS: 0.806, SPR: 0.780, RMSE: 0.961, (Best @ 18: {{0.827}}, 0.839, 0.820, 0.831)
[TEST]  QWK:  0.789, PRS: 0.798, SPR: 0.743, RMSE: 0.942 (Best @ 18: {{0.803}}, 0.816, 0.784, 0.864)
--------------------------------------------------------------------------------------------------------------------------
