X_train shape: (1260, 1050)
Initial evaluation: 
[DEV]   QWK:  0.000, PRS: 0.000, SPR: 0.000, RMSE: 1.180, (Best @ -1: {{0.000}}, 0.000, 0.000, 1.180)
[TEST]  QWK:  0.000, PRS: 0.000, SPR: 0.000, RMSE: 1.269 (Best @ -1: {{0.000}}, 0.000, 0.000, 1.269)
--------------------------------------------------------------------------------------------------------------------------
Train model
Epoch 1/50
Training one epoch in 9.727 s
[DEV]   QWK:  0.656, PRS: 0.721, SPR: 0.699, RMSE: 0.685, (Best @ 1: {{0.656}}, 0.721, 0.699, 0.685)
[TEST]  QWK:  0.656, PRS: 0.738, SPR: 0.712, RMSE: 0.767 (Best @ 1: {{0.656}}, 0.738, 0.712, 0.767)
--------------------------------------------------------------------------------------------------------------------------
Epoch 2/50
Training one epoch in 7.537 s
[DEV]   QWK:  0.705, PRS: 0.745, SPR: 0.736, RMSE: 0.652, (Best @ 2: {{0.705}}, 0.745, 0.736, 0.652)
[TEST]  QWK:  0.708, PRS: 0.771, SPR: 0.763, RMSE: 0.691 (Best @ 2: {{0.708}}, 0.771, 0.763, 0.691)
--------------------------------------------------------------------------------------------------------------------------
Epoch 3/50
Training one epoch in 7.503 s
[DEV]   QWK:  0.714, PRS: 0.757, SPR: 0.744, RMSE: 0.637, (Best @ 3: {{0.714}}, 0.757, 0.744, 0.637)
[TEST]  QWK:  0.711, PRS: 0.774, SPR: 0.759, RMSE: 0.687 (Best @ 3: {{0.711}}, 0.774, 0.759, 0.687)
--------------------------------------------------------------------------------------------------------------------------
Epoch 4/50
Training one epoch in 7.524 s
[DEV]   QWK:  0.728, PRS: 0.771, SPR: 0.770, RMSE: 0.637, (Best @ 4: {{0.728}}, 0.771, 0.770, 0.637)
[TEST]  QWK:  0.751, PRS: 0.799, SPR: 0.778, RMSE: 0.658 (Best @ 4: {{0.751}}, 0.799, 0.778, 0.658)
--------------------------------------------------------------------------------------------------------------------------
Epoch 5/50
Training one epoch in 7.517 s
[DEV]   QWK:  0.737, PRS: 0.773, SPR: 0.782, RMSE: 0.652, (Best @ 5: {{0.737}}, 0.773, 0.782, 0.652)
[TEST]  QWK:  0.786, PRS: 0.809, SPR: 0.791, RMSE: 0.637 (Best @ 5: {{0.786}}, 0.809, 0.791, 0.637)
--------------------------------------------------------------------------------------------------------------------------
Epoch 6/50
Training one epoch in 7.551 s
[DEV]   QWK:  0.783, PRS: 0.792, SPR: 0.792, RMSE: 0.592, (Best @ 6: {{0.783}}, 0.792, 0.792, 0.592)
[TEST]  QWK:  0.798, PRS: 0.820, SPR: 0.789, RMSE: 0.628 (Best @ 6: {{0.798}}, 0.820, 0.789, 0.628)
--------------------------------------------------------------------------------------------------------------------------
Epoch 7/50
Training one epoch in 7.518 s
[DEV]   QWK:  0.738, PRS: 0.773, SPR: 0.772, RMSE: 0.628, (Best @ 6: {{0.783}}, 0.792, 0.792, 0.592)
[TEST]  QWK:  0.773, PRS: 0.810, SPR: 0.778, RMSE: 0.632 (Best @ 6: {{0.798}}, 0.820, 0.789, 0.628)
--------------------------------------------------------------------------------------------------------------------------
Epoch 8/50
Training one epoch in 7.510 s
[DEV]   QWK:  0.740, PRS: 0.784, SPR: 0.793, RMSE: 0.632, (Best @ 6: {{0.783}}, 0.792, 0.792, 0.592)
[TEST]  QWK:  0.774, PRS: 0.812, SPR: 0.788, RMSE: 0.641 (Best @ 6: {{0.798}}, 0.820, 0.789, 0.628)
--------------------------------------------------------------------------------------------------------------------------
Epoch 9/50
Training one epoch in 7.534 s
[DEV]   QWK:  0.737, PRS: 0.779, SPR: 0.779, RMSE: 0.630, (Best @ 6: {{0.783}}, 0.792, 0.792, 0.592)
[TEST]  QWK:  0.778, PRS: 0.812, SPR: 0.785, RMSE: 0.632 (Best @ 6: {{0.798}}, 0.820, 0.789, 0.628)
--------------------------------------------------------------------------------------------------------------------------
Epoch 10/50
Training one epoch in 7.516 s
[DEV]   QWK:  0.751, PRS: 0.784, SPR: 0.771, RMSE: 0.677, (Best @ 6: {{0.783}}, 0.792, 0.792, 0.592)
[TEST]  QWK:  0.794, PRS: 0.846, SPR: 0.814, RMSE: 0.667 (Best @ 6: {{0.798}}, 0.820, 0.789, 0.628)
--------------------------------------------------------------------------------------------------------------------------
Epoch 11/50
Training one epoch in 7.538 s
[DEV]   QWK:  0.780, PRS: 0.788, SPR: 0.785, RMSE: 0.608, (Best @ 6: {{0.783}}, 0.792, 0.792, 0.592)
[TEST]  QWK:  0.795, PRS: 0.817, SPR: 0.790, RMSE: 0.650 (Best @ 6: {{0.798}}, 0.820, 0.789, 0.628)
--------------------------------------------------------------------------------------------------------------------------
Epoch 12/50
Training one epoch in 7.536 s
[DEV]   QWK:  0.729, PRS: 0.774, SPR: 0.787, RMSE: 0.658, (Best @ 6: {{0.783}}, 0.792, 0.792, 0.592)
[TEST]  QWK:  0.780, PRS: 0.815, SPR: 0.797, RMSE: 0.641 (Best @ 6: {{0.798}}, 0.820, 0.789, 0.628)
--------------------------------------------------------------------------------------------------------------------------
Epoch 13/50
Training one epoch in 7.544 s
[DEV]   QWK:  0.781, PRS: 0.794, SPR: 0.794, RMSE: 0.585, (Best @ 6: {{0.783}}, 0.792, 0.792, 0.592)
[TEST]  QWK:  0.797, PRS: 0.819, SPR: 0.795, RMSE: 0.624 (Best @ 6: {{0.798}}, 0.820, 0.789, 0.628)
--------------------------------------------------------------------------------------------------------------------------
Epoch 14/50
Training one epoch in 7.548 s
[DEV]   QWK:  0.742, PRS: 0.792, SPR: 0.804, RMSE: 0.650, (Best @ 6: {{0.783}}, 0.792, 0.792, 0.592)
[TEST]  QWK:  0.777, PRS: 0.815, SPR: 0.793, RMSE: 0.645 (Best @ 6: {{0.798}}, 0.820, 0.789, 0.628)
--------------------------------------------------------------------------------------------------------------------------
Epoch 15/50
Training one epoch in 7.539 s
[DEV]   QWK:  0.776, PRS: 0.791, SPR: 0.785, RMSE: 0.596, (Best @ 6: {{0.783}}, 0.792, 0.792, 0.592)
[TEST]  QWK:  0.796, PRS: 0.827, SPR: 0.795, RMSE: 0.632 (Best @ 6: {{0.798}}, 0.820, 0.789, 0.628)
--------------------------------------------------------------------------------------------------------------------------
Epoch 16/50
Training one epoch in 7.536 s
[DEV]   QWK:  0.762, PRS: 0.786, SPR: 0.797, RMSE: 0.617, (Best @ 6: {{0.783}}, 0.792, 0.792, 0.592)
[TEST]  QWK:  0.799, PRS: 0.817, SPR: 0.801, RMSE: 0.615 (Best @ 6: {{0.798}}, 0.820, 0.789, 0.628)
--------------------------------------------------------------------------------------------------------------------------
Epoch 17/50
Training one epoch in 7.522 s
[DEV]   QWK:  0.774, PRS: 0.803, SPR: 0.813, RMSE: 0.612, (Best @ 6: {{0.783}}, 0.792, 0.792, 0.592)
[TEST]  QWK:  0.825, PRS: 0.839, SPR: 0.809, RMSE: 0.587 (Best @ 6: {{0.798}}, 0.820, 0.789, 0.628)
--------------------------------------------------------------------------------------------------------------------------
Epoch 18/50
Training one epoch in 7.523 s
[DEV]   QWK:  0.771, PRS: 0.789, SPR: 0.780, RMSE: 0.650, (Best @ 6: {{0.783}}, 0.792, 0.792, 0.592)
[TEST]  QWK:  0.796, PRS: 0.840, SPR: 0.808, RMSE: 0.662 (Best @ 6: {{0.798}}, 0.820, 0.789, 0.628)
--------------------------------------------------------------------------------------------------------------------------
Epoch 19/50
Training one epoch in 7.555 s
[DEV]   QWK:  0.742, PRS: 0.779, SPR: 0.788, RMSE: 0.628, (Best @ 6: {{0.783}}, 0.792, 0.792, 0.592)
[TEST]  QWK:  0.762, PRS: 0.797, SPR: 0.773, RMSE: 0.650 (Best @ 6: {{0.798}}, 0.820, 0.789, 0.628)
--------------------------------------------------------------------------------------------------------------------------
Epoch 20/50
Training one epoch in 7.557 s
[DEV]   QWK:  0.735, PRS: 0.777, SPR: 0.784, RMSE: 0.639, (Best @ 6: {{0.783}}, 0.792, 0.792, 0.592)
[TEST]  QWK:  0.750, PRS: 0.795, SPR: 0.770, RMSE: 0.662 (Best @ 6: {{0.798}}, 0.820, 0.789, 0.628)
--------------------------------------------------------------------------------------------------------------------------
Epoch 21/50
Training one epoch in 7.543 s
[DEV]   QWK:  0.795, PRS: 0.801, SPR: 0.804, RMSE: 0.582, (Best @ 21: {{0.795}}, 0.801, 0.804, 0.582)
[TEST]  QWK:  0.807, PRS: 0.831, SPR: 0.804, RMSE: 0.624 (Best @ 21: {{0.807}}, 0.831, 0.804, 0.624)
--------------------------------------------------------------------------------------------------------------------------
Epoch 22/50
Training one epoch in 7.534 s
[DEV]   QWK:  0.779, PRS: 0.796, SPR: 0.794, RMSE: 0.592, (Best @ 21: {{0.795}}, 0.801, 0.804, 0.582)
[TEST]  QWK:  0.799, PRS: 0.828, SPR: 0.793, RMSE: 0.628 (Best @ 21: {{0.807}}, 0.831, 0.804, 0.624)
--------------------------------------------------------------------------------------------------------------------------
Epoch 23/50
Training one epoch in 7.525 s
[DEV]   QWK:  0.739, PRS: 0.772, SPR: 0.770, RMSE: 0.615, (Best @ 21: {{0.795}}, 0.801, 0.804, 0.582)
[TEST]  QWK:  0.766, PRS: 0.802, SPR: 0.765, RMSE: 0.641 (Best @ 21: {{0.807}}, 0.831, 0.804, 0.624)
--------------------------------------------------------------------------------------------------------------------------
Epoch 24/50
Training one epoch in 7.537 s
[DEV]   QWK:  0.789, PRS: 0.811, SPR: 0.808, RMSE: 0.617, (Best @ 21: {{0.795}}, 0.801, 0.804, 0.582)
[TEST]  QWK:  0.818, PRS: 0.821, SPR: 0.787, RMSE: 0.619 (Best @ 21: {{0.807}}, 0.831, 0.804, 0.624)
--------------------------------------------------------------------------------------------------------------------------
Epoch 25/50
Training one epoch in 7.514 s
[DEV]   QWK:  0.801, PRS: 0.805, SPR: 0.804, RMSE: 0.580, (Best @ 25: {{0.801}}, 0.805, 0.804, 0.580)
[TEST]  QWK:  0.803, PRS: 0.818, SPR: 0.786, RMSE: 0.624 (Best @ 25: {{0.803}}, 0.818, 0.786, 0.624)
--------------------------------------------------------------------------------------------------------------------------
Epoch 26/50
Training one epoch in 7.529 s
[DEV]   QWK:  0.793, PRS: 0.804, SPR: 0.804, RMSE: 0.587, (Best @ 25: {{0.801}}, 0.805, 0.804, 0.580)
[TEST]  QWK:  0.812, PRS: 0.820, SPR: 0.787, RMSE: 0.619 (Best @ 25: {{0.803}}, 0.818, 0.786, 0.624)
--------------------------------------------------------------------------------------------------------------------------
Epoch 27/50
Training one epoch in 7.504 s
[DEV]   QWK:  0.750, PRS: 0.780, SPR: 0.782, RMSE: 0.628, (Best @ 25: {{0.801}}, 0.805, 0.804, 0.580)
[TEST]  QWK:  0.762, PRS: 0.788, SPR: 0.757, RMSE: 0.658 (Best @ 25: {{0.803}}, 0.818, 0.786, 0.624)
--------------------------------------------------------------------------------------------------------------------------
Epoch 28/50
Training one epoch in 7.534 s
[DEV]   QWK:  0.767, PRS: 0.787, SPR: 0.790, RMSE: 0.608, (Best @ 25: {{0.801}}, 0.805, 0.804, 0.580)
[TEST]  QWK:  0.799, PRS: 0.815, SPR: 0.782, RMSE: 0.624 (Best @ 25: {{0.803}}, 0.818, 0.786, 0.624)
--------------------------------------------------------------------------------------------------------------------------
Epoch 29/50
Training one epoch in 7.540 s
[DEV]   QWK:  0.800, PRS: 0.802, SPR: 0.801, RMSE: 0.592, (Best @ 25: {{0.801}}, 0.805, 0.804, 0.580)
[TEST]  QWK:  0.814, PRS: 0.828, SPR: 0.794, RMSE: 0.615 (Best @ 25: {{0.803}}, 0.818, 0.786, 0.624)
--------------------------------------------------------------------------------------------------------------------------
Epoch 30/50
Training one epoch in 7.540 s
[DEV]   QWK:  0.783, PRS: 0.789, SPR: 0.789, RMSE: 0.603, (Best @ 25: {{0.801}}, 0.805, 0.804, 0.580)
[TEST]  QWK:  0.819, PRS: 0.843, SPR: 0.812, RMSE: 0.610 (Best @ 25: {{0.803}}, 0.818, 0.786, 0.624)
--------------------------------------------------------------------------------------------------------------------------
Epoch 31/50
Training one epoch in 7.532 s
[DEV]   QWK:  0.772, PRS: 0.809, SPR: 0.810, RMSE: 0.615, (Best @ 25: {{0.801}}, 0.805, 0.804, 0.580)
[TEST]  QWK:  0.778, PRS: 0.805, SPR: 0.772, RMSE: 0.645 (Best @ 25: {{0.803}}, 0.818, 0.786, 0.624)
--------------------------------------------------------------------------------------------------------------------------
Epoch 32/50
Training one epoch in 7.552 s
[DEV]   QWK:  0.761, PRS: 0.785, SPR: 0.788, RMSE: 0.617, (Best @ 25: {{0.801}}, 0.805, 0.804, 0.580)
[TEST]  QWK:  0.792, PRS: 0.809, SPR: 0.783, RMSE: 0.628 (Best @ 25: {{0.803}}, 0.818, 0.786, 0.624)
--------------------------------------------------------------------------------------------------------------------------
Epoch 33/50
Training one epoch in 7.532 s
[DEV]   QWK:  0.776, PRS: 0.786, SPR: 0.787, RMSE: 0.596, (Best @ 25: {{0.801}}, 0.805, 0.804, 0.580)
[TEST]  QWK:  0.796, PRS: 0.815, SPR: 0.779, RMSE: 0.632 (Best @ 25: {{0.803}}, 0.818, 0.786, 0.624)
--------------------------------------------------------------------------------------------------------------------------
Epoch 34/50
Training one epoch in 7.556 s
[DEV]   QWK:  0.779, PRS: 0.786, SPR: 0.782, RMSE: 0.603, (Best @ 25: {{0.801}}, 0.805, 0.804, 0.580)
[TEST]  QWK:  0.811, PRS: 0.835, SPR: 0.799, RMSE: 0.619 (Best @ 25: {{0.803}}, 0.818, 0.786, 0.624)
--------------------------------------------------------------------------------------------------------------------------
Epoch 35/50
Training one epoch in 7.561 s
[DEV]   QWK:  0.803, PRS: 0.806, SPR: 0.800, RMSE: 0.601, (Best @ 35: {{0.803}}, 0.806, 0.800, 0.601)
[TEST]  QWK:  0.820, PRS: 0.825, SPR: 0.787, RMSE: 0.624 (Best @ 35: {{0.820}}, 0.825, 0.787, 0.624)
--------------------------------------------------------------------------------------------------------------------------
Epoch 36/50
Training one epoch in 7.557 s
[DEV]   QWK:  0.793, PRS: 0.793, SPR: 0.790, RMSE: 0.608, (Best @ 35: {{0.803}}, 0.806, 0.800, 0.601)
[TEST]  QWK:  0.806, PRS: 0.820, SPR: 0.786, RMSE: 0.632 (Best @ 35: {{0.820}}, 0.825, 0.787, 0.624)
--------------------------------------------------------------------------------------------------------------------------
Epoch 37/50
Training one epoch in 7.545 s
[DEV]   QWK:  0.767, PRS: 0.799, SPR: 0.784, RMSE: 0.673, (Best @ 35: {{0.803}}, 0.806, 0.800, 0.601)
[TEST]  QWK:  0.800, PRS: 0.859, SPR: 0.825, RMSE: 0.671 (Best @ 35: {{0.820}}, 0.825, 0.787, 0.624)
--------------------------------------------------------------------------------------------------------------------------
Epoch 38/50
Training one epoch in 7.572 s
[DEV]   QWK:  0.805, PRS: 0.807, SPR: 0.796, RMSE: 0.612, (Best @ 38: {{0.805}}, 0.807, 0.796, 0.612)
[TEST]  QWK:  0.820, PRS: 0.825, SPR: 0.782, RMSE: 0.624 (Best @ 38: {{0.820}}, 0.825, 0.782, 0.624)
--------------------------------------------------------------------------------------------------------------------------
Epoch 39/50
Training one epoch in 7.561 s
[DEV]   QWK:  0.776, PRS: 0.797, SPR: 0.802, RMSE: 0.612, (Best @ 38: {{0.805}}, 0.807, 0.796, 0.612)
[TEST]  QWK:  0.797, PRS: 0.811, SPR: 0.789, RMSE: 0.624 (Best @ 38: {{0.820}}, 0.825, 0.782, 0.624)
--------------------------------------------------------------------------------------------------------------------------
Epoch 40/50
Training one epoch in 7.560 s
[DEV]   QWK:  0.799, PRS: 0.811, SPR: 0.801, RMSE: 0.596, (Best @ 38: {{0.805}}, 0.807, 0.796, 0.612)
[TEST]  QWK:  0.824, PRS: 0.828, SPR: 0.794, RMSE: 0.606 (Best @ 38: {{0.820}}, 0.825, 0.782, 0.624)
--------------------------------------------------------------------------------------------------------------------------
Epoch 41/50
Training one epoch in 7.554 s
[DEV]   QWK:  0.796, PRS: 0.798, SPR: 0.793, RMSE: 0.599, (Best @ 38: {{0.805}}, 0.807, 0.796, 0.612)
[TEST]  QWK:  0.809, PRS: 0.831, SPR: 0.800, RMSE: 0.624 (Best @ 38: {{0.820}}, 0.825, 0.782, 0.624)
--------------------------------------------------------------------------------------------------------------------------
Epoch 42/50
Training one epoch in 7.578 s
[DEV]   QWK:  0.788, PRS: 0.800, SPR: 0.793, RMSE: 0.599, (Best @ 38: {{0.805}}, 0.807, 0.796, 0.612)
[TEST]  QWK:  0.795, PRS: 0.808, SPR: 0.778, RMSE: 0.632 (Best @ 38: {{0.820}}, 0.825, 0.782, 0.624)
--------------------------------------------------------------------------------------------------------------------------
Epoch 43/50
Training one epoch in 7.550 s
[DEV]   QWK:  0.796, PRS: 0.797, SPR: 0.797, RMSE: 0.606, (Best @ 38: {{0.805}}, 0.807, 0.796, 0.612)
[TEST]  QWK:  0.816, PRS: 0.838, SPR: 0.809, RMSE: 0.619 (Best @ 38: {{0.820}}, 0.825, 0.782, 0.624)
--------------------------------------------------------------------------------------------------------------------------
Epoch 44/50
Training one epoch in 7.542 s
[DEV]   QWK:  0.759, PRS: 0.785, SPR: 0.772, RMSE: 0.683, (Best @ 38: {{0.805}}, 0.807, 0.796, 0.612)
[TEST]  QWK:  0.820, PRS: 0.863, SPR: 0.831, RMSE: 0.645 (Best @ 38: {{0.820}}, 0.825, 0.782, 0.624)
--------------------------------------------------------------------------------------------------------------------------
Epoch 45/50
Training one epoch in 7.565 s
[DEV]   QWK:  0.782, PRS: 0.791, SPR: 0.795, RMSE: 0.603, (Best @ 38: {{0.805}}, 0.807, 0.796, 0.612)
[TEST]  QWK:  0.803, PRS: 0.813, SPR: 0.781, RMSE: 0.628 (Best @ 38: {{0.820}}, 0.825, 0.782, 0.624)
--------------------------------------------------------------------------------------------------------------------------
Epoch 46/50
Training one epoch in 7.549 s
[DEV]   QWK:  0.788, PRS: 0.792, SPR: 0.790, RMSE: 0.596, (Best @ 38: {{0.805}}, 0.807, 0.796, 0.612)
[TEST]  QWK:  0.819, PRS: 0.832, SPR: 0.802, RMSE: 0.606 (Best @ 38: {{0.820}}, 0.825, 0.782, 0.624)
--------------------------------------------------------------------------------------------------------------------------
Epoch 47/50
Training one epoch in 7.529 s
[DEV]   QWK:  0.789, PRS: 0.789, SPR: 0.780, RMSE: 0.617, (Best @ 38: {{0.805}}, 0.807, 0.796, 0.612)
[TEST]  QWK:  0.818, PRS: 0.826, SPR: 0.796, RMSE: 0.615 (Best @ 38: {{0.820}}, 0.825, 0.782, 0.624)
--------------------------------------------------------------------------------------------------------------------------
Epoch 48/50
Training one epoch in 7.568 s
[DEV]   QWK:  0.781, PRS: 0.801, SPR: 0.808, RMSE: 0.601, (Best @ 38: {{0.805}}, 0.807, 0.796, 0.612)
[TEST]  QWK:  0.787, PRS: 0.803, SPR: 0.778, RMSE: 0.637 (Best @ 38: {{0.820}}, 0.825, 0.782, 0.624)
--------------------------------------------------------------------------------------------------------------------------
Epoch 49/50
Training one epoch in 7.564 s
[DEV]   QWK:  0.770, PRS: 0.788, SPR: 0.791, RMSE: 0.615, (Best @ 38: {{0.805}}, 0.807, 0.796, 0.612)
[TEST]  QWK:  0.797, PRS: 0.811, SPR: 0.783, RMSE: 0.624 (Best @ 38: {{0.820}}, 0.825, 0.782, 0.624)
--------------------------------------------------------------------------------------------------------------------------
Epoch 50/50
Training one epoch in 7.552 s
[DEV]   QWK:  0.808, PRS: 0.808, SPR: 0.794, RMSE: 0.599, (Best @ 50: {{0.808}}, 0.808, 0.794, 0.599)
[TEST]  QWK:  0.827, PRS: 0.838, SPR: 0.802, RMSE: 0.610 (Best @ 50: {{0.827}}, 0.838, 0.802, 0.610)
--------------------------------------------------------------------------------------------------------------------------
X_train shape: (1260, 1050)
Initial evaluation: 
[DEV]   QWK:  0.000, PRS: 0.000, SPR: 0.000, RMSE: 1.180, (Best @ -1: {{0.000}}, 0.000, 0.000, 1.180)
[TEST]  QWK:  0.000, PRS: 0.000, SPR: 0.000, RMSE: 1.269 (Best @ -1: {{0.000}}, 0.000, 0.000, 1.269)
--------------------------------------------------------------------------------------------------------------------------
Train model
Epoch 1/50
Training one epoch in 10.160 s
[DEV]   QWK:  0.656, PRS: 0.721, SPR: 0.699, RMSE: 0.685, (Best @ 1: {{0.656}}, 0.721, 0.699, 0.685)
[TEST]  QWK:  0.656, PRS: 0.738, SPR: 0.712, RMSE: 0.767 (Best @ 1: {{0.656}}, 0.738, 0.712, 0.767)
--------------------------------------------------------------------------------------------------------------------------
Epoch 2/50
Training one epoch in 7.667 s
[DEV]   QWK:  0.705, PRS: 0.745, SPR: 0.736, RMSE: 0.652, (Best @ 2: {{0.705}}, 0.745, 0.736, 0.652)
[TEST]  QWK:  0.708, PRS: 0.771, SPR: 0.763, RMSE: 0.691 (Best @ 2: {{0.708}}, 0.771, 0.763, 0.691)
--------------------------------------------------------------------------------------------------------------------------
Epoch 3/50
Training one epoch in 7.656 s
[DEV]   QWK:  0.714, PRS: 0.757, SPR: 0.744, RMSE: 0.637, (Best @ 3: {{0.714}}, 0.757, 0.744, 0.637)
[TEST]  QWK:  0.711, PRS: 0.774, SPR: 0.759, RMSE: 0.687 (Best @ 3: {{0.711}}, 0.774, 0.759, 0.687)
--------------------------------------------------------------------------------------------------------------------------
Epoch 4/50
Training one epoch in 7.656 s
[DEV]   QWK:  0.728, PRS: 0.771, SPR: 0.770, RMSE: 0.637, (Best @ 4: {{0.728}}, 0.771, 0.770, 0.637)
[TEST]  QWK:  0.751, PRS: 0.799, SPR: 0.778, RMSE: 0.658 (Best @ 4: {{0.751}}, 0.799, 0.778, 0.658)
--------------------------------------------------------------------------------------------------------------------------
Epoch 5/50
Training one epoch in 7.663 s
[DEV]   QWK:  0.737, PRS: 0.773, SPR: 0.782, RMSE: 0.652, (Best @ 5: {{0.737}}, 0.773, 0.782, 0.652)
[TEST]  QWK:  0.786, PRS: 0.809, SPR: 0.791, RMSE: 0.637 (Best @ 5: {{0.786}}, 0.809, 0.791, 0.637)
--------------------------------------------------------------------------------------------------------------------------
Epoch 6/50
Training one epoch in 7.675 s
[DEV]   QWK:  0.783, PRS: 0.792, SPR: 0.792, RMSE: 0.592, (Best @ 6: {{0.783}}, 0.792, 0.792, 0.592)
[TEST]  QWK:  0.798, PRS: 0.820, SPR: 0.789, RMSE: 0.628 (Best @ 6: {{0.798}}, 0.820, 0.789, 0.628)
--------------------------------------------------------------------------------------------------------------------------
Epoch 7/50
Training one epoch in 7.653 s
[DEV]   QWK:  0.738, PRS: 0.773, SPR: 0.772, RMSE: 0.628, (Best @ 6: {{0.783}}, 0.792, 0.792, 0.592)
[TEST]  QWK:  0.773, PRS: 0.810, SPR: 0.778, RMSE: 0.632 (Best @ 6: {{0.798}}, 0.820, 0.789, 0.628)
--------------------------------------------------------------------------------------------------------------------------
Epoch 8/50
Training one epoch in 7.670 s
[DEV]   QWK:  0.740, PRS: 0.784, SPR: 0.793, RMSE: 0.632, (Best @ 6: {{0.783}}, 0.792, 0.792, 0.592)
[TEST]  QWK:  0.774, PRS: 0.812, SPR: 0.788, RMSE: 0.641 (Best @ 6: {{0.798}}, 0.820, 0.789, 0.628)
--------------------------------------------------------------------------------------------------------------------------
Epoch 9/50
Training one epoch in 7.674 s
[DEV]   QWK:  0.737, PRS: 0.779, SPR: 0.779, RMSE: 0.630, (Best @ 6: {{0.783}}, 0.792, 0.792, 0.592)
[TEST]  QWK:  0.779, PRS: 0.815, SPR: 0.785, RMSE: 0.628 (Best @ 6: {{0.798}}, 0.820, 0.789, 0.628)
--------------------------------------------------------------------------------------------------------------------------
Epoch 10/50
Training one epoch in 7.676 s
[DEV]   QWK:  0.749, PRS: 0.783, SPR: 0.769, RMSE: 0.679, (Best @ 6: {{0.783}}, 0.792, 0.792, 0.592)
[TEST]  QWK:  0.795, PRS: 0.850, SPR: 0.815, RMSE: 0.662 (Best @ 6: {{0.798}}, 0.820, 0.789, 0.628)
--------------------------------------------------------------------------------------------------------------------------
Epoch 11/50
Training one epoch in 7.666 s
[DEV]   QWK:  0.778, PRS: 0.787, SPR: 0.783, RMSE: 0.610, (Best @ 6: {{0.783}}, 0.792, 0.792, 0.592)
[TEST]  QWK:  0.797, PRS: 0.821, SPR: 0.791, RMSE: 0.645 (Best @ 6: {{0.798}}, 0.820, 0.789, 0.628)
--------------------------------------------------------------------------------------------------------------------------
Epoch 12/50
Training one epoch in 7.691 s
[DEV]   QWK:  0.730, PRS: 0.775, SPR: 0.786, RMSE: 0.656, (Best @ 6: {{0.783}}, 0.792, 0.792, 0.592)
[TEST]  QWK:  0.780, PRS: 0.815, SPR: 0.797, RMSE: 0.641 (Best @ 6: {{0.798}}, 0.820, 0.789, 0.628)
--------------------------------------------------------------------------------------------------------------------------
Epoch 13/50
Training one epoch in 7.672 s
[DEV]   QWK:  0.764, PRS: 0.779, SPR: 0.778, RMSE: 0.606, (Best @ 6: {{0.783}}, 0.792, 0.792, 0.592)
[TEST]  QWK:  0.796, PRS: 0.814, SPR: 0.793, RMSE: 0.624 (Best @ 6: {{0.798}}, 0.820, 0.789, 0.628)
--------------------------------------------------------------------------------------------------------------------------
Epoch 14/50
Training one epoch in 7.672 s
[DEV]   QWK:  0.738, PRS: 0.788, SPR: 0.800, RMSE: 0.656, (Best @ 6: {{0.783}}, 0.792, 0.792, 0.592)
[TEST]  QWK:  0.777, PRS: 0.815, SPR: 0.793, RMSE: 0.645 (Best @ 6: {{0.798}}, 0.820, 0.789, 0.628)
--------------------------------------------------------------------------------------------------------------------------
Epoch 15/50
Training one epoch in 7.662 s
[DEV]   QWK:  0.776, PRS: 0.791, SPR: 0.785, RMSE: 0.596, (Best @ 6: {{0.783}}, 0.792, 0.792, 0.592)
[TEST]  QWK:  0.796, PRS: 0.827, SPR: 0.795, RMSE: 0.632 (Best @ 6: {{0.798}}, 0.820, 0.789, 0.628)
--------------------------------------------------------------------------------------------------------------------------
Epoch 16/50
Training one epoch in 7.705 s
[DEV]   QWK:  0.765, PRS: 0.788, SPR: 0.795, RMSE: 0.615, (Best @ 6: {{0.783}}, 0.792, 0.792, 0.592)
[TEST]  QWK:  0.803, PRS: 0.820, SPR: 0.805, RMSE: 0.610 (Best @ 6: {{0.798}}, 0.820, 0.789, 0.628)
--------------------------------------------------------------------------------------------------------------------------
Epoch 17/50
Training one epoch in 7.678 s
[DEV]   QWK:  0.772, PRS: 0.801, SPR: 0.811, RMSE: 0.615, (Best @ 6: {{0.783}}, 0.792, 0.792, 0.592)
[TEST]  QWK:  0.824, PRS: 0.839, SPR: 0.814, RMSE: 0.587 (Best @ 6: {{0.798}}, 0.820, 0.789, 0.628)
--------------------------------------------------------------------------------------------------------------------------
Epoch 18/50
Training one epoch in 7.662 s
[DEV]   QWK:  0.768, PRS: 0.794, SPR: 0.786, RMSE: 0.652, (Best @ 6: {{0.783}}, 0.792, 0.792, 0.592)
[TEST]  QWK:  0.804, PRS: 0.853, SPR: 0.825, RMSE: 0.654 (Best @ 6: {{0.798}}, 0.820, 0.789, 0.628)
--------------------------------------------------------------------------------------------------------------------------
Epoch 19/50
Training one epoch in 7.676 s
[DEV]   QWK:  0.738, PRS: 0.776, SPR: 0.785, RMSE: 0.632, (Best @ 6: {{0.783}}, 0.792, 0.792, 0.592)
[TEST]  QWK:  0.764, PRS: 0.801, SPR: 0.777, RMSE: 0.645 (Best @ 6: {{0.798}}, 0.820, 0.789, 0.628)
--------------------------------------------------------------------------------------------------------------------------
Epoch 20/50
Training one epoch in 7.656 s
[DEV]   QWK:  0.745, PRS: 0.787, SPR: 0.796, RMSE: 0.632, (Best @ 6: {{0.783}}, 0.792, 0.792, 0.592)
[TEST]  QWK:  0.744, PRS: 0.790, SPR: 0.765, RMSE: 0.671 (Best @ 6: {{0.798}}, 0.820, 0.789, 0.628)
--------------------------------------------------------------------------------------------------------------------------
Epoch 21/50
Training one epoch in 7.668 s
[DEV]   QWK:  0.792, PRS: 0.798, SPR: 0.800, RMSE: 0.587, (Best @ 21: {{0.792}}, 0.798, 0.800, 0.587)
[TEST]  QWK:  0.810, PRS: 0.833, SPR: 0.803, RMSE: 0.619 (Best @ 21: {{0.810}}, 0.833, 0.803, 0.619)
--------------------------------------------------------------------------------------------------------------------------
Epoch 22/50
Training one epoch in 7.644 s
[DEV]   QWK:  0.777, PRS: 0.795, SPR: 0.791, RMSE: 0.594, (Best @ 21: {{0.792}}, 0.798, 0.800, 0.587)
[TEST]  QWK:  0.800, PRS: 0.831, SPR: 0.796, RMSE: 0.628 (Best @ 21: {{0.810}}, 0.833, 0.803, 0.619)
--------------------------------------------------------------------------------------------------------------------------
Epoch 23/50
Training one epoch in 7.656 s
[DEV]   QWK:  0.746, PRS: 0.778, SPR: 0.778, RMSE: 0.608, (Best @ 21: {{0.792}}, 0.798, 0.800, 0.587)
[TEST]  QWK:  0.769, PRS: 0.805, SPR: 0.771, RMSE: 0.637 (Best @ 21: {{0.810}}, 0.833, 0.803, 0.619)
--------------------------------------------------------------------------------------------------------------------------
Epoch 24/50
Training one epoch in 7.687 s
[DEV]   QWK:  0.789, PRS: 0.815, SPR: 0.812, RMSE: 0.617, (Best @ 21: {{0.792}}, 0.798, 0.800, 0.587)
[TEST]  QWK:  0.816, PRS: 0.820, SPR: 0.780, RMSE: 0.624 (Best @ 21: {{0.810}}, 0.833, 0.803, 0.619)
--------------------------------------------------------------------------------------------------------------------------
Epoch 25/50
Training one epoch in 7.677 s
[DEV]   QWK:  0.803, PRS: 0.806, SPR: 0.806, RMSE: 0.577, (Best @ 25: {{0.803}}, 0.806, 0.806, 0.577)
[TEST]  QWK:  0.795, PRS: 0.813, SPR: 0.778, RMSE: 0.637 (Best @ 25: {{0.795}}, 0.813, 0.778, 0.637)
--------------------------------------------------------------------------------------------------------------------------
Epoch 26/50
Training one epoch in 7.664 s
[DEV]   QWK:  0.795, PRS: 0.803, SPR: 0.803, RMSE: 0.587, (Best @ 25: {{0.803}}, 0.806, 0.806, 0.577)
[TEST]  QWK:  0.812, PRS: 0.822, SPR: 0.787, RMSE: 0.615 (Best @ 25: {{0.795}}, 0.813, 0.778, 0.637)
--------------------------------------------------------------------------------------------------------------------------
Epoch 27/50
Training one epoch in 7.675 s
[DEV]   QWK:  0.759, PRS: 0.789, SPR: 0.795, RMSE: 0.615, (Best @ 25: {{0.803}}, 0.806, 0.806, 0.577)
[TEST]  QWK:  0.765, PRS: 0.787, SPR: 0.757, RMSE: 0.658 (Best @ 25: {{0.795}}, 0.813, 0.778, 0.637)
--------------------------------------------------------------------------------------------------------------------------
Epoch 28/50
Training one epoch in 7.674 s
[DEV]   QWK:  0.776, PRS: 0.795, SPR: 0.800, RMSE: 0.596, (Best @ 25: {{0.803}}, 0.806, 0.806, 0.577)
[TEST]  QWK:  0.794, PRS: 0.810, SPR: 0.777, RMSE: 0.628 (Best @ 25: {{0.795}}, 0.813, 0.778, 0.637)
--------------------------------------------------------------------------------------------------------------------------
Epoch 29/50
Training one epoch in 7.683 s
[DEV]   QWK:  0.791, PRS: 0.793, SPR: 0.791, RMSE: 0.606, (Best @ 25: {{0.803}}, 0.806, 0.806, 0.577)
[TEST]  QWK:  0.823, PRS: 0.841, SPR: 0.809, RMSE: 0.606 (Best @ 25: {{0.795}}, 0.813, 0.778, 0.637)
--------------------------------------------------------------------------------------------------------------------------
Epoch 30/50
Training one epoch in 7.660 s
[DEV]   QWK:  0.787, PRS: 0.793, SPR: 0.793, RMSE: 0.601, (Best @ 25: {{0.803}}, 0.806, 0.806, 0.577)
[TEST]  QWK:  0.818, PRS: 0.843, SPR: 0.814, RMSE: 0.610 (Best @ 25: {{0.795}}, 0.813, 0.778, 0.637)
--------------------------------------------------------------------------------------------------------------------------
Epoch 31/50
Training one epoch in 7.676 s
[DEV]   QWK:  0.772, PRS: 0.807, SPR: 0.807, RMSE: 0.617, (Best @ 25: {{0.803}}, 0.806, 0.806, 0.577)
[TEST]  QWK:  0.782, PRS: 0.807, SPR: 0.776, RMSE: 0.641 (Best @ 25: {{0.795}}, 0.813, 0.778, 0.637)
--------------------------------------------------------------------------------------------------------------------------
Epoch 32/50
Training one epoch in 7.668 s
[DEV]   QWK:  0.761, PRS: 0.784, SPR: 0.789, RMSE: 0.615, (Best @ 25: {{0.803}}, 0.806, 0.806, 0.577)
[TEST]  QWK:  0.779, PRS: 0.796, SPR: 0.767, RMSE: 0.645 (Best @ 25: {{0.795}}, 0.813, 0.778, 0.637)
--------------------------------------------------------------------------------------------------------------------------
Epoch 33/50
Training one epoch in 7.697 s
[DEV]   QWK:  0.779, PRS: 0.788, SPR: 0.791, RMSE: 0.594, (Best @ 25: {{0.803}}, 0.806, 0.806, 0.577)
[TEST]  QWK:  0.797, PRS: 0.817, SPR: 0.782, RMSE: 0.628 (Best @ 25: {{0.795}}, 0.813, 0.778, 0.637)
--------------------------------------------------------------------------------------------------------------------------
Epoch 34/50
Training one epoch in 7.694 s
[DEV]   QWK:  0.782, PRS: 0.788, SPR: 0.792, RMSE: 0.603, (Best @ 25: {{0.803}}, 0.806, 0.806, 0.577)
[TEST]  QWK:  0.803, PRS: 0.830, SPR: 0.794, RMSE: 0.632 (Best @ 25: {{0.795}}, 0.813, 0.778, 0.637)
--------------------------------------------------------------------------------------------------------------------------
Epoch 35/50
Training one epoch in 7.722 s
[DEV]   QWK:  0.809, PRS: 0.812, SPR: 0.808, RMSE: 0.587, (Best @ 35: {{0.809}}, 0.812, 0.808, 0.587)
[TEST]  QWK:  0.819, PRS: 0.826, SPR: 0.786, RMSE: 0.624 (Best @ 35: {{0.819}}, 0.826, 0.786, 0.624)
--------------------------------------------------------------------------------------------------------------------------
Epoch 36/50
Training one epoch in 7.687 s
[DEV]   QWK:  0.782, PRS: 0.782, SPR: 0.786, RMSE: 0.632, (Best @ 35: {{0.809}}, 0.812, 0.808, 0.587)
[TEST]  QWK:  0.806, PRS: 0.820, SPR: 0.790, RMSE: 0.632 (Best @ 35: {{0.819}}, 0.826, 0.786, 0.624)
--------------------------------------------------------------------------------------------------------------------------
Epoch 37/50
Training one epoch in 7.731 s
[DEV]   QWK:  0.761, PRS: 0.789, SPR: 0.772, RMSE: 0.669, (Best @ 35: {{0.809}}, 0.812, 0.808, 0.587)
[TEST]  QWK:  0.803, PRS: 0.860, SPR: 0.827, RMSE: 0.662 (Best @ 35: {{0.819}}, 0.826, 0.786, 0.624)
--------------------------------------------------------------------------------------------------------------------------
Epoch 38/50
Training one epoch in 7.681 s
[DEV]   QWK:  0.806, PRS: 0.808, SPR: 0.793, RMSE: 0.619, (Best @ 35: {{0.809}}, 0.812, 0.808, 0.587)
[TEST]  QWK:  0.815, PRS: 0.821, SPR: 0.778, RMSE: 0.637 (Best @ 35: {{0.819}}, 0.826, 0.786, 0.624)
--------------------------------------------------------------------------------------------------------------------------
Epoch 39/50
Training one epoch in 7.695 s
[DEV]   QWK:  0.775, PRS: 0.797, SPR: 0.805, RMSE: 0.610, (Best @ 35: {{0.809}}, 0.812, 0.808, 0.587)
[TEST]  QWK:  0.798, PRS: 0.811, SPR: 0.785, RMSE: 0.624 (Best @ 35: {{0.819}}, 0.826, 0.786, 0.624)
--------------------------------------------------------------------------------------------------------------------------
Epoch 40/50
Training one epoch in 7.690 s
[DEV]   QWK:  0.799, PRS: 0.811, SPR: 0.800, RMSE: 0.601, (Best @ 35: {{0.809}}, 0.812, 0.808, 0.587)
[TEST]  QWK:  0.825, PRS: 0.828, SPR: 0.789, RMSE: 0.606 (Best @ 35: {{0.819}}, 0.826, 0.786, 0.624)
--------------------------------------------------------------------------------------------------------------------------
Epoch 41/50
Training one epoch in 7.676 s
[DEV]   QWK:  0.800, PRS: 0.802, SPR: 0.792, RMSE: 0.596, (Best @ 35: {{0.809}}, 0.812, 0.808, 0.587)
[TEST]  QWK:  0.820, PRS: 0.839, SPR: 0.808, RMSE: 0.615 (Best @ 35: {{0.819}}, 0.826, 0.786, 0.624)
--------------------------------------------------------------------------------------------------------------------------
Epoch 42/50
Training one epoch in 7.686 s
[DEV]   QWK:  0.786, PRS: 0.798, SPR: 0.793, RMSE: 0.599, (Best @ 35: {{0.809}}, 0.812, 0.808, 0.587)
[TEST]  QWK:  0.815, PRS: 0.826, SPR: 0.796, RMSE: 0.606 (Best @ 35: {{0.819}}, 0.826, 0.786, 0.624)
--------------------------------------------------------------------------------------------------------------------------
Epoch 43/50
Training one epoch in 7.675 s
[DEV]   QWK:  0.799, PRS: 0.799, SPR: 0.795, RMSE: 0.603, (Best @ 35: {{0.809}}, 0.812, 0.808, 0.587)
[TEST]  QWK:  0.824, PRS: 0.842, SPR: 0.807, RMSE: 0.615 (Best @ 35: {{0.819}}, 0.826, 0.786, 0.624)
--------------------------------------------------------------------------------------------------------------------------
Epoch 44/50
Training one epoch in 7.685 s
[DEV]   QWK:  0.771, PRS: 0.790, SPR: 0.775, RMSE: 0.665, (Best @ 35: {{0.809}}, 0.812, 0.808, 0.587)
[TEST]  QWK:  0.824, PRS: 0.868, SPR: 0.836, RMSE: 0.637 (Best @ 35: {{0.819}}, 0.826, 0.786, 0.624)
--------------------------------------------------------------------------------------------------------------------------
Epoch 45/50
Training one epoch in 7.732 s
[DEV]   QWK:  0.785, PRS: 0.792, SPR: 0.792, RMSE: 0.603, (Best @ 35: {{0.809}}, 0.812, 0.808, 0.587)
[TEST]  QWK:  0.800, PRS: 0.811, SPR: 0.778, RMSE: 0.628 (Best @ 35: {{0.819}}, 0.826, 0.786, 0.624)
--------------------------------------------------------------------------------------------------------------------------
Epoch 46/50
Training one epoch in 7.692 s
[DEV]   QWK:  0.787, PRS: 0.792, SPR: 0.793, RMSE: 0.596, (Best @ 35: {{0.809}}, 0.812, 0.808, 0.587)
[TEST]  QWK:  0.811, PRS: 0.826, SPR: 0.791, RMSE: 0.619 (Best @ 35: {{0.819}}, 0.826, 0.786, 0.624)
--------------------------------------------------------------------------------------------------------------------------
Epoch 47/50
Training one epoch in 7.699 s
[DEV]   QWK:  0.804, PRS: 0.804, SPR: 0.791, RMSE: 0.603, (Best @ 35: {{0.809}}, 0.812, 0.808, 0.587)
[TEST]  QWK:  0.819, PRS: 0.830, SPR: 0.797, RMSE: 0.619 (Best @ 35: {{0.819}}, 0.826, 0.786, 0.624)
--------------------------------------------------------------------------------------------------------------------------
Epoch 48/50
Training one epoch in 7.703 s
[DEV]   QWK:  0.773, PRS: 0.792, SPR: 0.799, RMSE: 0.608, (Best @ 35: {{0.809}}, 0.812, 0.808, 0.587)
[TEST]  QWK:  0.804, PRS: 0.815, SPR: 0.791, RMSE: 0.619 (Best @ 35: {{0.819}}, 0.826, 0.786, 0.624)
--------------------------------------------------------------------------------------------------------------------------
Epoch 49/50
Training one epoch in 7.720 s
[DEV]   QWK:  0.774, PRS: 0.790, SPR: 0.792, RMSE: 0.612, (Best @ 35: {{0.809}}, 0.812, 0.808, 0.587)
[TEST]  QWK:  0.802, PRS: 0.815, SPR: 0.787, RMSE: 0.619 (Best @ 35: {{0.819}}, 0.826, 0.786, 0.624)
--------------------------------------------------------------------------------------------------------------------------
Epoch 50/50
Training one epoch in 7.713 s
[DEV]   QWK:  0.802, PRS: 0.802, SPR: 0.787, RMSE: 0.608, (Best @ 35: {{0.809}}, 0.812, 0.808, 0.587)
[TEST]  QWK:  0.824, PRS: 0.834, SPR: 0.799, RMSE: 0.615 (Best @ 35: {{0.819}}, 0.826, 0.786, 0.624)
--------------------------------------------------------------------------------------------------------------------------
