X_train shape: (1241, 1150)
Initial evaluation: 
[DEV]   QWK:  0.000, PRS: 0.000, SPR: 0.000, RMSE: 1.050, (Best @ -1: {{0.000}}, 0.000, 0.000, 1.050)
[TEST]  QWK:  0.000, PRS: 0.000, SPR: 0.000, RMSE: 1.076 (Best @ -1: {{0.000}}, 0.000, 0.000, 1.076)
--------------------------------------------------------------------------------------------------------------------------
Train model
Epoch 1/50
Training one epoch in 10.670 s
[DEV]   QWK:  0.667, PRS: 0.722, SPR: 0.742, RMSE: 0.687, (Best @ 1: {{0.667}}, 0.722, 0.742, 0.687)
[TEST]  QWK:  0.723, PRS: 0.751, SPR: 0.758, RMSE: 0.642 (Best @ 1: {{0.723}}, 0.751, 0.758, 0.642)
--------------------------------------------------------------------------------------------------------------------------
Epoch 2/50
Training one epoch in 8.483 s
[DEV]   QWK:  0.617, PRS: 0.724, SPR: 0.734, RMSE: 0.699, (Best @ 1: {{0.667}}, 0.722, 0.742, 0.687)
[TEST]  QWK:  0.609, PRS: 0.722, SPR: 0.731, RMSE: 0.713 (Best @ 1: {{0.723}}, 0.751, 0.758, 0.642)
--------------------------------------------------------------------------------------------------------------------------
Epoch 3/50
Training one epoch in 8.503 s
[DEV]   QWK:  0.695, PRS: 0.768, SPR: 0.780, RMSE: 0.655, (Best @ 3: {{0.695}}, 0.768, 0.780, 0.655)
[TEST]  QWK:  0.637, PRS: 0.727, SPR: 0.739, RMSE: 0.729 (Best @ 3: {{0.637}}, 0.727, 0.739, 0.729)
--------------------------------------------------------------------------------------------------------------------------
Epoch 4/50
Training one epoch in 8.504 s
[DEV]   QWK:  0.712, PRS: 0.803, SPR: 0.810, RMSE: 0.752, (Best @ 4: {{0.712}}, 0.803, 0.810, 0.752)
[TEST]  QWK:  0.762, PRS: 0.811, SPR: 0.821, RMSE: 0.655 (Best @ 4: {{0.762}}, 0.811, 0.821, 0.655)
--------------------------------------------------------------------------------------------------------------------------
Epoch 5/50
Training one epoch in 8.513 s
[DEV]   QWK:  0.573, PRS: 0.705, SPR: 0.702, RMSE: 0.736, (Best @ 4: {{0.712}}, 0.803, 0.810, 0.752)
[TEST]  QWK:  0.502, PRS: 0.674, SPR: 0.672, RMSE: 0.788 (Best @ 4: {{0.762}}, 0.811, 0.821, 0.655)
--------------------------------------------------------------------------------------------------------------------------
Epoch 6/50
Training one epoch in 8.508 s
[DEV]   QWK:  0.758, PRS: 0.807, SPR: 0.814, RMSE: 0.633, (Best @ 6: {{0.758}}, 0.807, 0.814, 0.633)
[TEST]  QWK:  0.765, PRS: 0.809, SPR: 0.816, RMSE: 0.615 (Best @ 6: {{0.765}}, 0.809, 0.816, 0.615)
--------------------------------------------------------------------------------------------------------------------------
Epoch 7/50
Training one epoch in 8.504 s
[DEV]   QWK:  0.739, PRS: 0.802, SPR: 0.821, RMSE: 0.624, (Best @ 6: {{0.758}}, 0.807, 0.814, 0.633)
[TEST]  QWK:  0.722, PRS: 0.770, SPR: 0.779, RMSE: 0.633 (Best @ 6: {{0.765}}, 0.809, 0.816, 0.615)
--------------------------------------------------------------------------------------------------------------------------
Epoch 8/50
Training one epoch in 8.495 s
[DEV]   QWK:  0.665, PRS: 0.786, SPR: 0.788, RMSE: 0.783, (Best @ 6: {{0.758}}, 0.807, 0.814, 0.633)
[TEST]  QWK:  0.616, PRS: 0.780, SPR: 0.778, RMSE: 0.840 (Best @ 6: {{0.765}}, 0.809, 0.816, 0.615)
--------------------------------------------------------------------------------------------------------------------------
Epoch 9/50
Training one epoch in 8.506 s
[DEV]   QWK:  0.808, PRS: 0.821, SPR: 0.841, RMSE: 0.565, (Best @ 9: {{0.808}}, 0.821, 0.841, 0.565)
[TEST]  QWK:  0.796, PRS: 0.801, SPR: 0.804, RMSE: 0.587 (Best @ 9: {{0.796}}, 0.801, 0.804, 0.587)
--------------------------------------------------------------------------------------------------------------------------
Epoch 10/50
Training one epoch in 8.521 s
[DEV]   QWK:  0.703, PRS: 0.780, SPR: 0.787, RMSE: 0.653, (Best @ 9: {{0.808}}, 0.821, 0.841, 0.565)
[TEST]  QWK:  0.641, PRS: 0.741, SPR: 0.749, RMSE: 0.733 (Best @ 9: {{0.796}}, 0.801, 0.804, 0.587)
--------------------------------------------------------------------------------------------------------------------------
Epoch 11/50
Training one epoch in 8.507 s
[DEV]   QWK:  0.735, PRS: 0.801, SPR: 0.808, RMSE: 0.699, (Best @ 9: {{0.808}}, 0.821, 0.841, 0.565)
[TEST]  QWK:  0.755, PRS: 0.817, SPR: 0.827, RMSE: 0.651 (Best @ 9: {{0.796}}, 0.801, 0.804, 0.587)
--------------------------------------------------------------------------------------------------------------------------
Epoch 12/50
Training one epoch in 8.520 s
[DEV]   QWK:  0.773, PRS: 0.803, SPR: 0.815, RMSE: 0.644, (Best @ 9: {{0.808}}, 0.821, 0.841, 0.565)
[TEST]  QWK:  0.761, PRS: 0.804, SPR: 0.807, RMSE: 0.664 (Best @ 9: {{0.796}}, 0.801, 0.804, 0.587)
--------------------------------------------------------------------------------------------------------------------------
Epoch 13/50
Training one epoch in 8.505 s
[DEV]   QWK:  0.767, PRS: 0.794, SPR: 0.824, RMSE: 0.597, (Best @ 9: {{0.808}}, 0.821, 0.841, 0.565)
[TEST]  QWK:  0.762, PRS: 0.782, SPR: 0.795, RMSE: 0.606 (Best @ 9: {{0.796}}, 0.801, 0.804, 0.587)
--------------------------------------------------------------------------------------------------------------------------
Epoch 14/50
Training one epoch in 8.509 s
[DEV]   QWK:  0.818, PRS: 0.831, SPR: 0.839, RMSE: 0.597, (Best @ 14: {{0.818}}, 0.831, 0.839, 0.597)
[TEST]  QWK:  0.812, PRS: 0.819, SPR: 0.827, RMSE: 0.601 (Best @ 14: {{0.812}}, 0.819, 0.827, 0.601)
--------------------------------------------------------------------------------------------------------------------------
Epoch 15/50
Training one epoch in 8.521 s
[DEV]   QWK:  0.779, PRS: 0.820, SPR: 0.830, RMSE: 0.660, (Best @ 14: {{0.818}}, 0.831, 0.839, 0.597)
[TEST]  QWK:  0.805, PRS: 0.830, SPR: 0.836, RMSE: 0.615 (Best @ 14: {{0.812}}, 0.819, 0.827, 0.601)
--------------------------------------------------------------------------------------------------------------------------
Epoch 16/50
Training one epoch in 8.512 s
[DEV]   QWK:  0.834, PRS: 0.836, SPR: 0.846, RMSE: 0.550, (Best @ 16: {{0.834}}, 0.836, 0.846, 0.550)
[TEST]  QWK:  0.840, PRS: 0.845, SPR: 0.850, RMSE: 0.537 (Best @ 16: {{0.840}}, 0.845, 0.850, 0.537)
--------------------------------------------------------------------------------------------------------------------------
Epoch 17/50
Training one epoch in 8.511 s
[DEV]   QWK:  0.808, PRS: 0.817, SPR: 0.835, RMSE: 0.567, (Best @ 16: {{0.834}}, 0.836, 0.846, 0.550)
[TEST]  QWK:  0.786, PRS: 0.793, SPR: 0.798, RMSE: 0.597 (Best @ 16: {{0.840}}, 0.845, 0.850, 0.537)
--------------------------------------------------------------------------------------------------------------------------
Epoch 18/50
Training one epoch in 8.544 s
[DEV]   QWK:  0.820, PRS: 0.830, SPR: 0.844, RMSE: 0.550, (Best @ 16: {{0.834}}, 0.836, 0.846, 0.550)
[TEST]  QWK:  0.801, PRS: 0.815, SPR: 0.827, RMSE: 0.572 (Best @ 16: {{0.840}}, 0.845, 0.850, 0.537)
--------------------------------------------------------------------------------------------------------------------------
Epoch 19/50
Training one epoch in 8.528 s
[DEV]   QWK:  0.836, PRS: 0.846, SPR: 0.853, RMSE: 0.582, (Best @ 19: {{0.836}}, 0.846, 0.853, 0.582)
[TEST]  QWK:  0.818, PRS: 0.827, SPR: 0.833, RMSE: 0.611 (Best @ 19: {{0.818}}, 0.827, 0.833, 0.611)
--------------------------------------------------------------------------------------------------------------------------
Epoch 20/50
Training one epoch in 8.533 s
[DEV]   QWK:  0.831, PRS: 0.835, SPR: 0.842, RMSE: 0.560, (Best @ 19: {{0.836}}, 0.846, 0.853, 0.582)
[TEST]  QWK:  0.812, PRS: 0.825, SPR: 0.829, RMSE: 0.597 (Best @ 19: {{0.818}}, 0.827, 0.833, 0.611)
--------------------------------------------------------------------------------------------------------------------------
Epoch 21/50
Training one epoch in 8.515 s
[DEV]   QWK:  0.802, PRS: 0.816, SPR: 0.837, RMSE: 0.567, (Best @ 19: {{0.836}}, 0.846, 0.853, 0.582)
[TEST]  QWK:  0.795, PRS: 0.811, SPR: 0.829, RMSE: 0.572 (Best @ 19: {{0.818}}, 0.827, 0.833, 0.611)
--------------------------------------------------------------------------------------------------------------------------
Epoch 22/50
Training one epoch in 8.497 s
[DEV]   QWK:  0.854, PRS: 0.856, SPR: 0.862, RMSE: 0.537, (Best @ 22: {{0.854}}, 0.856, 0.862, 0.537)
[TEST]  QWK:  0.849, PRS: 0.850, SPR: 0.851, RMSE: 0.547 (Best @ 22: {{0.849}}, 0.850, 0.851, 0.547)
--------------------------------------------------------------------------------------------------------------------------
Epoch 23/50
Training one epoch in 8.517 s
[DEV]   QWK:  0.739, PRS: 0.823, SPR: 0.840, RMSE: 0.759, (Best @ 22: {{0.854}}, 0.856, 0.862, 0.537)
[TEST]  QWK:  0.718, PRS: 0.792, SPR: 0.808, RMSE: 0.767 (Best @ 22: {{0.849}}, 0.850, 0.851, 0.547)
--------------------------------------------------------------------------------------------------------------------------
Epoch 24/50
Training one epoch in 8.529 s
[DEV]   QWK:  0.822, PRS: 0.830, SPR: 0.842, RMSE: 0.565, (Best @ 22: {{0.854}}, 0.856, 0.862, 0.537)
[TEST]  QWK:  0.798, PRS: 0.801, SPR: 0.807, RMSE: 0.601 (Best @ 22: {{0.849}}, 0.850, 0.851, 0.547)
--------------------------------------------------------------------------------------------------------------------------
Epoch 25/50
Training one epoch in 8.521 s
[DEV]   QWK:  0.800, PRS: 0.817, SPR: 0.830, RMSE: 0.577, (Best @ 22: {{0.854}}, 0.856, 0.862, 0.537)
[TEST]  QWK:  0.780, PRS: 0.804, SPR: 0.813, RMSE: 0.601 (Best @ 22: {{0.849}}, 0.850, 0.851, 0.547)
--------------------------------------------------------------------------------------------------------------------------
Epoch 26/50
Training one epoch in 8.524 s
[DEV]   QWK:  0.824, PRS: 0.832, SPR: 0.843, RMSE: 0.567, (Best @ 22: {{0.854}}, 0.856, 0.862, 0.537)
[TEST]  QWK:  0.813, PRS: 0.818, SPR: 0.823, RMSE: 0.572 (Best @ 22: {{0.849}}, 0.850, 0.851, 0.547)
--------------------------------------------------------------------------------------------------------------------------
Epoch 27/50
Training one epoch in 8.542 s
[DEV]   QWK:  0.836, PRS: 0.837, SPR: 0.846, RMSE: 0.547, (Best @ 22: {{0.854}}, 0.856, 0.862, 0.537)
[TEST]  QWK:  0.793, PRS: 0.797, SPR: 0.808, RMSE: 0.611 (Best @ 22: {{0.849}}, 0.850, 0.851, 0.547)
--------------------------------------------------------------------------------------------------------------------------
Epoch 28/50
Training one epoch in 8.525 s
[DEV]   QWK:  0.844, PRS: 0.847, SPR: 0.858, RMSE: 0.531, (Best @ 22: {{0.854}}, 0.856, 0.862, 0.537)
[TEST]  QWK:  0.814, PRS: 0.817, SPR: 0.823, RMSE: 0.567 (Best @ 22: {{0.849}}, 0.850, 0.851, 0.547)
--------------------------------------------------------------------------------------------------------------------------
Epoch 29/50
Training one epoch in 8.531 s
[DEV]   QWK:  0.844, PRS: 0.844, SPR: 0.852, RMSE: 0.539, (Best @ 22: {{0.854}}, 0.856, 0.862, 0.537)
[TEST]  QWK:  0.835, PRS: 0.836, SPR: 0.841, RMSE: 0.547 (Best @ 22: {{0.849}}, 0.850, 0.851, 0.547)
--------------------------------------------------------------------------------------------------------------------------
Epoch 30/50
Training one epoch in 8.509 s
[DEV]   QWK:  0.799, PRS: 0.808, SPR: 0.825, RMSE: 0.585, (Best @ 22: {{0.854}}, 0.856, 0.862, 0.537)
[TEST]  QWK:  0.783, PRS: 0.790, SPR: 0.797, RMSE: 0.606 (Best @ 22: {{0.849}}, 0.850, 0.851, 0.547)
--------------------------------------------------------------------------------------------------------------------------
Epoch 31/50
Training one epoch in 8.528 s
[DEV]   QWK:  0.807, PRS: 0.824, SPR: 0.837, RMSE: 0.575, (Best @ 22: {{0.854}}, 0.856, 0.862, 0.537)
[TEST]  QWK:  0.782, PRS: 0.806, SPR: 0.812, RMSE: 0.606 (Best @ 22: {{0.849}}, 0.850, 0.851, 0.547)
--------------------------------------------------------------------------------------------------------------------------
Epoch 32/50
Training one epoch in 8.530 s
[DEV]   QWK:  0.842, PRS: 0.843, SPR: 0.851, RMSE: 0.545, (Best @ 22: {{0.854}}, 0.856, 0.862, 0.537)
[TEST]  QWK:  0.838, PRS: 0.838, SPR: 0.843, RMSE: 0.547 (Best @ 22: {{0.849}}, 0.850, 0.851, 0.547)
--------------------------------------------------------------------------------------------------------------------------
Epoch 33/50
Training one epoch in 8.532 s
[DEV]   QWK:  0.782, PRS: 0.803, SPR: 0.825, RMSE: 0.587, (Best @ 22: {{0.854}}, 0.856, 0.862, 0.537)
[TEST]  QWK:  0.762, PRS: 0.788, SPR: 0.804, RMSE: 0.606 (Best @ 22: {{0.849}}, 0.850, 0.851, 0.547)
--------------------------------------------------------------------------------------------------------------------------
Epoch 34/50
Training one epoch in 8.515 s
[DEV]   QWK:  0.818, PRS: 0.826, SPR: 0.830, RMSE: 0.589, (Best @ 22: {{0.854}}, 0.856, 0.862, 0.537)
[TEST]  QWK:  0.799, PRS: 0.821, SPR: 0.819, RMSE: 0.620 (Best @ 22: {{0.849}}, 0.850, 0.851, 0.547)
--------------------------------------------------------------------------------------------------------------------------
Epoch 35/50
Training one epoch in 8.527 s
[DEV]   QWK:  0.807, PRS: 0.824, SPR: 0.840, RMSE: 0.577, (Best @ 22: {{0.854}}, 0.856, 0.862, 0.537)
[TEST]  QWK:  0.779, PRS: 0.792, SPR: 0.796, RMSE: 0.601 (Best @ 22: {{0.849}}, 0.850, 0.851, 0.547)
--------------------------------------------------------------------------------------------------------------------------
Epoch 36/50
Training one epoch in 8.583 s
[DEV]   QWK:  0.777, PRS: 0.797, SPR: 0.815, RMSE: 0.599, (Best @ 22: {{0.854}}, 0.856, 0.862, 0.537)
[TEST]  QWK:  0.776, PRS: 0.804, SPR: 0.813, RMSE: 0.601 (Best @ 22: {{0.849}}, 0.850, 0.851, 0.547)
--------------------------------------------------------------------------------------------------------------------------
Epoch 37/50
Training one epoch in 8.564 s
[DEV]   QWK:  0.715, PRS: 0.757, SPR: 0.771, RMSE: 0.695, (Best @ 22: {{0.854}}, 0.856, 0.862, 0.537)
[TEST]  QWK:  0.710, PRS: 0.770, SPR: 0.780, RMSE: 0.693 (Best @ 22: {{0.849}}, 0.850, 0.851, 0.547)
--------------------------------------------------------------------------------------------------------------------------
Epoch 38/50
Training one epoch in 8.553 s
[DEV]   QWK:  0.829, PRS: 0.834, SPR: 0.845, RMSE: 0.555, (Best @ 22: {{0.854}}, 0.856, 0.862, 0.537)
[TEST]  QWK:  0.804, PRS: 0.810, SPR: 0.818, RMSE: 0.577 (Best @ 22: {{0.849}}, 0.850, 0.851, 0.547)
--------------------------------------------------------------------------------------------------------------------------
Epoch 39/50
Training one epoch in 8.547 s
[DEV]   QWK:  0.802, PRS: 0.808, SPR: 0.815, RMSE: 0.601, (Best @ 22: {{0.854}}, 0.856, 0.862, 0.537)
[TEST]  QWK:  0.813, PRS: 0.832, SPR: 0.832, RMSE: 0.577 (Best @ 22: {{0.849}}, 0.850, 0.851, 0.547)
--------------------------------------------------------------------------------------------------------------------------
Epoch 40/50
Training one epoch in 8.563 s
[DEV]   QWK:  0.825, PRS: 0.827, SPR: 0.834, RMSE: 0.567, (Best @ 22: {{0.854}}, 0.856, 0.862, 0.537)
[TEST]  QWK:  0.819, PRS: 0.820, SPR: 0.821, RMSE: 0.572 (Best @ 22: {{0.849}}, 0.850, 0.851, 0.547)
--------------------------------------------------------------------------------------------------------------------------
Epoch 41/50
Training one epoch in 8.537 s
[DEV]   QWK:  0.822, PRS: 0.828, SPR: 0.838, RMSE: 0.577, (Best @ 22: {{0.854}}, 0.856, 0.862, 0.537)
[TEST]  QWK:  0.801, PRS: 0.805, SPR: 0.813, RMSE: 0.592 (Best @ 22: {{0.849}}, 0.850, 0.851, 0.547)
--------------------------------------------------------------------------------------------------------------------------
Epoch 42/50
Training one epoch in 8.553 s
[DEV]   QWK:  0.833, PRS: 0.843, SPR: 0.852, RMSE: 0.580, (Best @ 22: {{0.854}}, 0.856, 0.862, 0.537)
[TEST]  QWK:  0.816, PRS: 0.820, SPR: 0.823, RMSE: 0.597 (Best @ 22: {{0.849}}, 0.850, 0.851, 0.547)
--------------------------------------------------------------------------------------------------------------------------
Epoch 43/50
Training one epoch in 8.557 s
[DEV]   QWK:  0.803, PRS: 0.836, SPR: 0.848, RMSE: 0.655, (Best @ 22: {{0.854}}, 0.856, 0.862, 0.537)
[TEST]  QWK:  0.770, PRS: 0.798, SPR: 0.808, RMSE: 0.701 (Best @ 22: {{0.849}}, 0.850, 0.851, 0.547)
--------------------------------------------------------------------------------------------------------------------------
Epoch 44/50
Training one epoch in 8.536 s
[DEV]   QWK:  0.758, PRS: 0.788, SPR: 0.812, RMSE: 0.606, (Best @ 22: {{0.854}}, 0.856, 0.862, 0.537)
[TEST]  QWK:  0.753, PRS: 0.789, SPR: 0.805, RMSE: 0.606 (Best @ 22: {{0.849}}, 0.850, 0.851, 0.547)
--------------------------------------------------------------------------------------------------------------------------
Epoch 45/50
Training one epoch in 8.544 s
[DEV]   QWK:  0.815, PRS: 0.819, SPR: 0.829, RMSE: 0.572, (Best @ 22: {{0.854}}, 0.856, 0.862, 0.537)
[TEST]  QWK:  0.818, PRS: 0.824, SPR: 0.829, RMSE: 0.567 (Best @ 22: {{0.849}}, 0.850, 0.851, 0.547)
--------------------------------------------------------------------------------------------------------------------------
Epoch 46/50
Training one epoch in 8.557 s
[DEV]   QWK:  0.769, PRS: 0.796, SPR: 0.809, RMSE: 0.618, (Best @ 22: {{0.854}}, 0.856, 0.862, 0.537)
[TEST]  QWK:  0.751, PRS: 0.793, SPR: 0.794, RMSE: 0.647 (Best @ 22: {{0.849}}, 0.850, 0.851, 0.547)
--------------------------------------------------------------------------------------------------------------------------
Epoch 47/50
Training one epoch in 8.569 s
[DEV]   QWK:  0.788, PRS: 0.801, SPR: 0.816, RMSE: 0.599, (Best @ 22: {{0.854}}, 0.856, 0.862, 0.537)
[TEST]  QWK:  0.772, PRS: 0.792, SPR: 0.795, RMSE: 0.620 (Best @ 22: {{0.849}}, 0.850, 0.851, 0.547)
--------------------------------------------------------------------------------------------------------------------------
Epoch 48/50
Training one epoch in 8.544 s
[DEV]   QWK:  0.812, PRS: 0.828, SPR: 0.838, RMSE: 0.601, (Best @ 22: {{0.854}}, 0.856, 0.862, 0.537)
[TEST]  QWK:  0.780, PRS: 0.795, SPR: 0.799, RMSE: 0.642 (Best @ 22: {{0.849}}, 0.850, 0.851, 0.547)
--------------------------------------------------------------------------------------------------------------------------
Epoch 49/50
Training one epoch in 8.550 s
[DEV]   QWK:  0.801, PRS: 0.806, SPR: 0.815, RMSE: 0.589, (Best @ 22: {{0.854}}, 0.856, 0.862, 0.537)
[TEST]  QWK:  0.786, PRS: 0.800, SPR: 0.801, RMSE: 0.597 (Best @ 22: {{0.849}}, 0.850, 0.851, 0.547)
--------------------------------------------------------------------------------------------------------------------------
Epoch 50/50
Training one epoch in 8.564 s
[DEV]   QWK:  0.708, PRS: 0.765, SPR: 0.777, RMSE: 0.679, (Best @ 22: {{0.854}}, 0.856, 0.862, 0.537)
[TEST]  QWK:  0.693, PRS: 0.769, SPR: 0.774, RMSE: 0.693 (Best @ 22: {{0.849}}, 0.850, 0.851, 0.547)
--------------------------------------------------------------------------------------------------------------------------
X_train shape: (1241, 1150)
Initial evaluation: 
[DEV]   QWK:  0.000, PRS: 0.000, SPR: 0.000, RMSE: 1.050, (Best @ -1: {{0.000}}, 0.000, 0.000, 1.050)
[TEST]  QWK:  0.000, PRS: 0.000, SPR: 0.000, RMSE: 1.076 (Best @ -1: {{0.000}}, 0.000, 0.000, 1.076)
--------------------------------------------------------------------------------------------------------------------------
Train model
Epoch 1/50
Training one epoch in 10.457 s
[DEV]   QWK:  0.667, PRS: 0.722, SPR: 0.742, RMSE: 0.687, (Best @ 1: {{0.667}}, 0.722, 0.742, 0.687)
[TEST]  QWK:  0.723, PRS: 0.751, SPR: 0.758, RMSE: 0.642 (Best @ 1: {{0.723}}, 0.751, 0.758, 0.642)
--------------------------------------------------------------------------------------------------------------------------
Epoch 2/50
Training one epoch in 8.497 s
[DEV]   QWK:  0.617, PRS: 0.724, SPR: 0.734, RMSE: 0.699, (Best @ 1: {{0.667}}, 0.722, 0.742, 0.687)
[TEST]  QWK:  0.609, PRS: 0.722, SPR: 0.731, RMSE: 0.713 (Best @ 1: {{0.723}}, 0.751, 0.758, 0.642)
--------------------------------------------------------------------------------------------------------------------------
Epoch 3/50
Training one epoch in 8.553 s
[DEV]   QWK:  0.693, PRS: 0.767, SPR: 0.778, RMSE: 0.657, (Best @ 3: {{0.693}}, 0.767, 0.778, 0.657)
[TEST]  QWK:  0.637, PRS: 0.727, SPR: 0.739, RMSE: 0.729 (Best @ 3: {{0.637}}, 0.727, 0.739, 0.729)
--------------------------------------------------------------------------------------------------------------------------
Epoch 4/50
Training one epoch in 8.562 s
[DEV]   QWK:  0.712, PRS: 0.803, SPR: 0.810, RMSE: 0.752, (Best @ 4: {{0.712}}, 0.803, 0.810, 0.752)
[TEST]  QWK:  0.762, PRS: 0.811, SPR: 0.821, RMSE: 0.655 (Best @ 4: {{0.762}}, 0.811, 0.821, 0.655)
--------------------------------------------------------------------------------------------------------------------------
Epoch 5/50
Training one epoch in 8.534 s
[DEV]   QWK:  0.573, PRS: 0.705, SPR: 0.702, RMSE: 0.736, (Best @ 4: {{0.712}}, 0.803, 0.810, 0.752)
[TEST]  QWK:  0.502, PRS: 0.674, SPR: 0.672, RMSE: 0.788 (Best @ 4: {{0.762}}, 0.811, 0.821, 0.655)
--------------------------------------------------------------------------------------------------------------------------
Epoch 6/50
Training one epoch in 8.558 s
[DEV]   QWK:  0.753, PRS: 0.805, SPR: 0.813, RMSE: 0.638, (Best @ 6: {{0.753}}, 0.805, 0.813, 0.638)
[TEST]  QWK:  0.765, PRS: 0.809, SPR: 0.816, RMSE: 0.615 (Best @ 6: {{0.765}}, 0.809, 0.816, 0.615)
--------------------------------------------------------------------------------------------------------------------------
Epoch 7/50
Training one epoch in 8.560 s
[DEV]   QWK:  0.738, PRS: 0.801, SPR: 0.819, RMSE: 0.627, (Best @ 6: {{0.753}}, 0.805, 0.813, 0.638)
[TEST]  QWK:  0.722, PRS: 0.770, SPR: 0.779, RMSE: 0.633 (Best @ 6: {{0.765}}, 0.809, 0.816, 0.615)
--------------------------------------------------------------------------------------------------------------------------
Epoch 8/50
Training one epoch in 8.541 s
[DEV]   QWK:  0.691, PRS: 0.789, SPR: 0.789, RMSE: 0.721, (Best @ 6: {{0.753}}, 0.805, 0.813, 0.638)
[TEST]  QWK:  0.639, PRS: 0.792, SPR: 0.790, RMSE: 0.795 (Best @ 6: {{0.765}}, 0.809, 0.816, 0.615)
--------------------------------------------------------------------------------------------------------------------------
Epoch 9/50
Training one epoch in 8.575 s
[DEV]   QWK:  0.840, PRS: 0.843, SPR: 0.853, RMSE: 0.539, (Best @ 9: {{0.840}}, 0.843, 0.853, 0.539)
[TEST]  QWK:  0.814, PRS: 0.814, SPR: 0.816, RMSE: 0.587 (Best @ 9: {{0.814}}, 0.814, 0.816, 0.587)
--------------------------------------------------------------------------------------------------------------------------
Epoch 10/50
Training one epoch in 8.544 s
[DEV]   QWK:  0.700, PRS: 0.783, SPR: 0.789, RMSE: 0.660, (Best @ 9: {{0.840}}, 0.843, 0.853, 0.539)
[TEST]  QWK:  0.650, PRS: 0.752, SPR: 0.757, RMSE: 0.721 (Best @ 9: {{0.814}}, 0.814, 0.816, 0.587)
--------------------------------------------------------------------------------------------------------------------------
Epoch 11/50
Training one epoch in 8.531 s
[DEV]   QWK:  0.769, PRS: 0.813, SPR: 0.823, RMSE: 0.627, (Best @ 9: {{0.840}}, 0.843, 0.853, 0.539)
[TEST]  QWK:  0.771, PRS: 0.816, SPR: 0.824, RMSE: 0.615 (Best @ 9: {{0.814}}, 0.814, 0.816, 0.587)
--------------------------------------------------------------------------------------------------------------------------
Epoch 12/50
Training one epoch in 8.565 s
[DEV]   QWK:  0.789, PRS: 0.808, SPR: 0.823, RMSE: 0.615, (Best @ 9: {{0.840}}, 0.843, 0.853, 0.539)
[TEST]  QWK:  0.788, PRS: 0.818, SPR: 0.828, RMSE: 0.624 (Best @ 9: {{0.814}}, 0.814, 0.816, 0.587)
--------------------------------------------------------------------------------------------------------------------------
Epoch 13/50
Training one epoch in 8.550 s
[DEV]   QWK:  0.782, PRS: 0.803, SPR: 0.831, RMSE: 0.585, (Best @ 9: {{0.840}}, 0.843, 0.853, 0.539)
[TEST]  QWK:  0.752, PRS: 0.770, SPR: 0.782, RMSE: 0.620 (Best @ 9: {{0.814}}, 0.814, 0.816, 0.587)
--------------------------------------------------------------------------------------------------------------------------
Epoch 14/50
Training one epoch in 8.551 s
[DEV]   QWK:  0.832, PRS: 0.841, SPR: 0.848, RMSE: 0.565, (Best @ 9: {{0.840}}, 0.843, 0.853, 0.539)
[TEST]  QWK:  0.816, PRS: 0.823, SPR: 0.830, RMSE: 0.592 (Best @ 9: {{0.814}}, 0.814, 0.816, 0.587)
--------------------------------------------------------------------------------------------------------------------------
Epoch 15/50
Training one epoch in 8.539 s
[DEV]   QWK:  0.782, PRS: 0.816, SPR: 0.825, RMSE: 0.653, (Best @ 9: {{0.840}}, 0.843, 0.853, 0.539)
[TEST]  QWK:  0.804, PRS: 0.829, SPR: 0.837, RMSE: 0.611 (Best @ 9: {{0.814}}, 0.814, 0.816, 0.587)
--------------------------------------------------------------------------------------------------------------------------
Epoch 16/50
Training one epoch in 8.543 s
[DEV]   QWK:  0.810, PRS: 0.822, SPR: 0.829, RMSE: 0.575, (Best @ 9: {{0.840}}, 0.843, 0.853, 0.539)
[TEST]  QWK:  0.792, PRS: 0.813, SPR: 0.815, RMSE: 0.611 (Best @ 9: {{0.814}}, 0.814, 0.816, 0.587)
--------------------------------------------------------------------------------------------------------------------------
Epoch 17/50
Training one epoch in 8.537 s
[DEV]   QWK:  0.808, PRS: 0.817, SPR: 0.834, RMSE: 0.567, (Best @ 9: {{0.840}}, 0.843, 0.853, 0.539)
[TEST]  QWK:  0.786, PRS: 0.792, SPR: 0.798, RMSE: 0.597 (Best @ 9: {{0.814}}, 0.814, 0.816, 0.587)
--------------------------------------------------------------------------------------------------------------------------
Epoch 18/50
Training one epoch in 8.544 s
[DEV]   QWK:  0.806, PRS: 0.824, SPR: 0.842, RMSE: 0.567, (Best @ 9: {{0.840}}, 0.843, 0.853, 0.539)
[TEST]  QWK:  0.797, PRS: 0.820, SPR: 0.828, RMSE: 0.582 (Best @ 9: {{0.814}}, 0.814, 0.816, 0.587)
--------------------------------------------------------------------------------------------------------------------------
Epoch 19/50
Training one epoch in 8.540 s
[DEV]   QWK:  0.843, PRS: 0.852, SPR: 0.859, RMSE: 0.572, (Best @ 19: {{0.843}}, 0.852, 0.859, 0.572)
[TEST]  QWK:  0.820, PRS: 0.831, SPR: 0.837, RMSE: 0.606 (Best @ 19: {{0.820}}, 0.831, 0.837, 0.606)
--------------------------------------------------------------------------------------------------------------------------
Epoch 20/50
Training one epoch in 8.551 s
[DEV]   QWK:  0.835, PRS: 0.839, SPR: 0.846, RMSE: 0.552, (Best @ 19: {{0.843}}, 0.852, 0.859, 0.572)
[TEST]  QWK:  0.812, PRS: 0.825, SPR: 0.829, RMSE: 0.597 (Best @ 19: {{0.820}}, 0.831, 0.837, 0.606)
--------------------------------------------------------------------------------------------------------------------------
Epoch 21/50
Training one epoch in 8.549 s
[DEV]   QWK:  0.814, PRS: 0.824, SPR: 0.842, RMSE: 0.557, (Best @ 19: {{0.843}}, 0.852, 0.859, 0.572)
[TEST]  QWK:  0.805, PRS: 0.820, SPR: 0.835, RMSE: 0.562 (Best @ 19: {{0.820}}, 0.831, 0.837, 0.606)
--------------------------------------------------------------------------------------------------------------------------
Epoch 22/50
Training one epoch in 8.526 s
[DEV]   QWK:  0.854, PRS: 0.855, SPR: 0.861, RMSE: 0.539, (Best @ 22: {{0.854}}, 0.855, 0.861, 0.539)
[TEST]  QWK:  0.845, PRS: 0.846, SPR: 0.846, RMSE: 0.552 (Best @ 22: {{0.845}}, 0.846, 0.846, 0.552)
--------------------------------------------------------------------------------------------------------------------------
Epoch 23/50
Training one epoch in 8.551 s
[DEV]   QWK:  0.741, PRS: 0.820, SPR: 0.837, RMSE: 0.752, (Best @ 22: {{0.854}}, 0.855, 0.861, 0.539)
[TEST]  QWK:  0.731, PRS: 0.799, SPR: 0.813, RMSE: 0.744 (Best @ 22: {{0.845}}, 0.846, 0.846, 0.552)
--------------------------------------------------------------------------------------------------------------------------
Epoch 24/50
Training one epoch in 8.560 s
[DEV]   QWK:  0.809, PRS: 0.818, SPR: 0.833, RMSE: 0.570, (Best @ 22: {{0.854}}, 0.855, 0.861, 0.539)
[TEST]  QWK:  0.804, PRS: 0.810, SPR: 0.812, RMSE: 0.572 (Best @ 22: {{0.845}}, 0.846, 0.846, 0.552)
--------------------------------------------------------------------------------------------------------------------------
Epoch 25/50
Training one epoch in 8.570 s
[DEV]   QWK:  0.794, PRS: 0.813, SPR: 0.826, RMSE: 0.592, (Best @ 22: {{0.854}}, 0.855, 0.861, 0.539)
[TEST]  QWK:  0.763, PRS: 0.796, SPR: 0.800, RMSE: 0.633 (Best @ 22: {{0.845}}, 0.846, 0.846, 0.552)
--------------------------------------------------------------------------------------------------------------------------
Epoch 26/50
Training one epoch in 8.520 s
[DEV]   QWK:  0.836, PRS: 0.840, SPR: 0.851, RMSE: 0.545, (Best @ 22: {{0.854}}, 0.855, 0.861, 0.539)
[TEST]  QWK:  0.820, PRS: 0.822, SPR: 0.826, RMSE: 0.562 (Best @ 22: {{0.845}}, 0.846, 0.846, 0.552)
--------------------------------------------------------------------------------------------------------------------------
Epoch 27/50
Training one epoch in 8.558 s
[DEV]   QWK:  0.841, PRS: 0.843, SPR: 0.856, RMSE: 0.534, (Best @ 22: {{0.854}}, 0.855, 0.861, 0.539)
[TEST]  QWK:  0.800, PRS: 0.804, SPR: 0.815, RMSE: 0.597 (Best @ 22: {{0.845}}, 0.846, 0.846, 0.552)
--------------------------------------------------------------------------------------------------------------------------
Epoch 28/50
Training one epoch in 8.535 s
[DEV]   QWK:  0.833, PRS: 0.840, SPR: 0.851, RMSE: 0.557, (Best @ 22: {{0.854}}, 0.855, 0.861, 0.539)
[TEST]  QWK:  0.823, PRS: 0.826, SPR: 0.832, RMSE: 0.562 (Best @ 22: {{0.845}}, 0.846, 0.846, 0.552)
--------------------------------------------------------------------------------------------------------------------------
Epoch 29/50
Training one epoch in 8.558 s
[DEV]   QWK:  0.830, PRS: 0.834, SPR: 0.844, RMSE: 0.555, (Best @ 22: {{0.854}}, 0.855, 0.861, 0.539)
[TEST]  QWK:  0.825, PRS: 0.832, SPR: 0.836, RMSE: 0.557 (Best @ 22: {{0.845}}, 0.846, 0.846, 0.552)
--------------------------------------------------------------------------------------------------------------------------
Epoch 30/50
Training one epoch in 8.542 s
[DEV]   QWK:  0.799, PRS: 0.812, SPR: 0.832, RMSE: 0.580, (Best @ 22: {{0.854}}, 0.855, 0.861, 0.539)
[TEST]  QWK:  0.788, PRS: 0.803, SPR: 0.814, RMSE: 0.597 (Best @ 22: {{0.845}}, 0.846, 0.846, 0.552)
--------------------------------------------------------------------------------------------------------------------------
Epoch 31/50
Training one epoch in 8.549 s
[DEV]   QWK:  0.819, PRS: 0.830, SPR: 0.840, RMSE: 0.562, (Best @ 22: {{0.854}}, 0.855, 0.861, 0.539)
[TEST]  QWK:  0.790, PRS: 0.811, SPR: 0.817, RMSE: 0.597 (Best @ 22: {{0.845}}, 0.846, 0.846, 0.552)
--------------------------------------------------------------------------------------------------------------------------
Epoch 32/50
Training one epoch in 8.567 s
[DEV]   QWK:  0.834, PRS: 0.836, SPR: 0.846, RMSE: 0.550, (Best @ 22: {{0.854}}, 0.855, 0.861, 0.539)
[TEST]  QWK:  0.833, PRS: 0.836, SPR: 0.839, RMSE: 0.542 (Best @ 22: {{0.845}}, 0.846, 0.846, 0.552)
--------------------------------------------------------------------------------------------------------------------------
Epoch 33/50
Training one epoch in 8.563 s
[DEV]   QWK:  0.777, PRS: 0.798, SPR: 0.820, RMSE: 0.594, (Best @ 22: {{0.854}}, 0.855, 0.861, 0.539)
[TEST]  QWK:  0.779, PRS: 0.801, SPR: 0.815, RMSE: 0.592 (Best @ 22: {{0.845}}, 0.846, 0.846, 0.552)
--------------------------------------------------------------------------------------------------------------------------
Epoch 34/50
Training one epoch in 8.557 s
[DEV]   QWK:  0.814, PRS: 0.823, SPR: 0.829, RMSE: 0.597, (Best @ 22: {{0.854}}, 0.855, 0.861, 0.539)
[TEST]  QWK:  0.807, PRS: 0.831, SPR: 0.829, RMSE: 0.611 (Best @ 22: {{0.845}}, 0.846, 0.846, 0.552)
--------------------------------------------------------------------------------------------------------------------------
Epoch 35/50
Training one epoch in 8.598 s
[DEV]   QWK:  0.801, PRS: 0.822, SPR: 0.834, RMSE: 0.594, (Best @ 22: {{0.854}}, 0.855, 0.861, 0.539)
[TEST]  QWK:  0.795, PRS: 0.813, SPR: 0.821, RMSE: 0.587 (Best @ 22: {{0.845}}, 0.846, 0.846, 0.552)
--------------------------------------------------------------------------------------------------------------------------
Epoch 36/50
Training one epoch in 8.553 s
[DEV]   QWK:  0.790, PRS: 0.806, SPR: 0.824, RMSE: 0.585, (Best @ 22: {{0.854}}, 0.855, 0.861, 0.539)
[TEST]  QWK:  0.774, PRS: 0.797, SPR: 0.806, RMSE: 0.601 (Best @ 22: {{0.845}}, 0.846, 0.846, 0.552)
--------------------------------------------------------------------------------------------------------------------------
Epoch 37/50
Training one epoch in 8.575 s
[DEV]   QWK:  0.734, PRS: 0.776, SPR: 0.792, RMSE: 0.651, (Best @ 22: {{0.854}}, 0.855, 0.861, 0.539)
[TEST]  QWK:  0.705, PRS: 0.775, SPR: 0.784, RMSE: 0.676 (Best @ 22: {{0.845}}, 0.846, 0.846, 0.552)
--------------------------------------------------------------------------------------------------------------------------
Epoch 38/50
Training one epoch in 8.572 s
[DEV]   QWK:  0.829, PRS: 0.833, SPR: 0.842, RMSE: 0.555, (Best @ 22: {{0.854}}, 0.855, 0.861, 0.539)
[TEST]  QWK:  0.806, PRS: 0.810, SPR: 0.818, RMSE: 0.577 (Best @ 22: {{0.845}}, 0.846, 0.846, 0.552)
--------------------------------------------------------------------------------------------------------------------------
Epoch 39/50
Training one epoch in 8.567 s
[DEV]   QWK:  0.817, PRS: 0.819, SPR: 0.825, RMSE: 0.589, (Best @ 22: {{0.854}}, 0.855, 0.861, 0.539)
[TEST]  QWK:  0.830, PRS: 0.840, SPR: 0.842, RMSE: 0.562 (Best @ 22: {{0.845}}, 0.846, 0.846, 0.552)
--------------------------------------------------------------------------------------------------------------------------
Epoch 40/50
Training one epoch in 8.579 s
[DEV]   QWK:  0.783, PRS: 0.798, SPR: 0.813, RMSE: 0.597, (Best @ 22: {{0.854}}, 0.855, 0.861, 0.539)
[TEST]  QWK:  0.759, PRS: 0.786, SPR: 0.791, RMSE: 0.620 (Best @ 22: {{0.845}}, 0.846, 0.846, 0.552)
--------------------------------------------------------------------------------------------------------------------------
Epoch 41/50
Training one epoch in 8.580 s
[DEV]   QWK:  0.814, PRS: 0.831, SPR: 0.843, RMSE: 0.585, (Best @ 22: {{0.854}}, 0.855, 0.861, 0.539)
[TEST]  QWK:  0.792, PRS: 0.805, SPR: 0.811, RMSE: 0.606 (Best @ 22: {{0.845}}, 0.846, 0.846, 0.552)
--------------------------------------------------------------------------------------------------------------------------
Epoch 42/50
Training one epoch in 8.552 s
[DEV]   QWK:  0.836, PRS: 0.847, SPR: 0.856, RMSE: 0.575, (Best @ 22: {{0.854}}, 0.855, 0.861, 0.539)
[TEST]  QWK:  0.813, PRS: 0.819, SPR: 0.823, RMSE: 0.606 (Best @ 22: {{0.845}}, 0.846, 0.846, 0.552)
--------------------------------------------------------------------------------------------------------------------------
Epoch 43/50
Training one epoch in 8.580 s
[DEV]   QWK:  0.800, PRS: 0.842, SPR: 0.854, RMSE: 0.666, (Best @ 22: {{0.854}}, 0.855, 0.861, 0.539)
[TEST]  QWK:  0.756, PRS: 0.794, SPR: 0.806, RMSE: 0.729 (Best @ 22: {{0.845}}, 0.846, 0.846, 0.552)
--------------------------------------------------------------------------------------------------------------------------
Epoch 44/50
Training one epoch in 8.572 s
[DEV]   QWK:  0.760, PRS: 0.790, SPR: 0.811, RMSE: 0.606, (Best @ 22: {{0.854}}, 0.855, 0.861, 0.539)
[TEST]  QWK:  0.734, PRS: 0.768, SPR: 0.784, RMSE: 0.633 (Best @ 22: {{0.845}}, 0.846, 0.846, 0.552)
--------------------------------------------------------------------------------------------------------------------------
Epoch 45/50
Training one epoch in 8.571 s
[DEV]   QWK:  0.819, PRS: 0.822, SPR: 0.832, RMSE: 0.567, (Best @ 22: {{0.854}}, 0.855, 0.861, 0.539)
[TEST]  QWK:  0.824, PRS: 0.830, SPR: 0.833, RMSE: 0.557 (Best @ 22: {{0.845}}, 0.846, 0.846, 0.552)
--------------------------------------------------------------------------------------------------------------------------
Epoch 46/50
Training one epoch in 8.566 s
[DEV]   QWK:  0.797, PRS: 0.814, SPR: 0.821, RMSE: 0.587, (Best @ 22: {{0.854}}, 0.855, 0.861, 0.539)
[TEST]  QWK:  0.753, PRS: 0.788, SPR: 0.791, RMSE: 0.642 (Best @ 22: {{0.845}}, 0.846, 0.846, 0.552)
--------------------------------------------------------------------------------------------------------------------------
Epoch 47/50
Training one epoch in 8.606 s
[DEV]   QWK:  0.784, PRS: 0.803, SPR: 0.816, RMSE: 0.597, (Best @ 22: {{0.854}}, 0.855, 0.861, 0.539)
[TEST]  QWK:  0.753, PRS: 0.784, SPR: 0.788, RMSE: 0.638 (Best @ 22: {{0.845}}, 0.846, 0.846, 0.552)
--------------------------------------------------------------------------------------------------------------------------
Epoch 48/50
Training one epoch in 8.574 s
[DEV]   QWK:  0.815, PRS: 0.821, SPR: 0.832, RMSE: 0.587, (Best @ 22: {{0.854}}, 0.855, 0.861, 0.539)
[TEST]  QWK:  0.807, PRS: 0.808, SPR: 0.809, RMSE: 0.597 (Best @ 22: {{0.845}}, 0.846, 0.846, 0.552)
--------------------------------------------------------------------------------------------------------------------------
Epoch 49/50
Training one epoch in 8.578 s
[DEV]   QWK:  0.802, PRS: 0.805, SPR: 0.813, RMSE: 0.597, (Best @ 22: {{0.854}}, 0.855, 0.861, 0.539)
[TEST]  QWK:  0.821, PRS: 0.826, SPR: 0.820, RMSE: 0.557 (Best @ 22: {{0.845}}, 0.846, 0.846, 0.552)
--------------------------------------------------------------------------------------------------------------------------
Epoch 50/50
Training one epoch in 8.573 s
[DEV]   QWK:  0.703, PRS: 0.763, SPR: 0.776, RMSE: 0.679, (Best @ 22: {{0.854}}, 0.855, 0.861, 0.539)
[TEST]  QWK:  0.684, PRS: 0.765, SPR: 0.768, RMSE: 0.705 (Best @ 22: {{0.845}}, 0.846, 0.846, 0.552)
--------------------------------------------------------------------------------------------------------------------------
