X_train shape: (507, 4850)
Initial evaluation: 
[DEV]   QWK:  0.000, PRS: 0.000, SPR: 0.000, RMSE: 9.448, (Best @ -1: {{0.000}}, 0.000, 0.000, 9.448)
[TEST]  QWK:  0.000, PRS: 0.000, SPR: 0.000, RMSE: 8.814 (Best @ -1: {{0.000}}, 0.000, 0.000, 8.814)
--------------------------------------------------------------------------------------------------------------------------
Train model
Epoch 1/50
Training one epoch in 15.882 s
[DEV]   QWK:  0.336, PRS: 0.553, SPR: 0.503, RMSE: 5.432, (Best @ 1: {{0.336}}, 0.553, 0.503, 5.432)
[TEST]  QWK:  0.409, PRS: 0.639, SPR: 0.561, RMSE: 5.043 (Best @ 1: {{0.409}}, 0.639, 0.561, 5.043)
--------------------------------------------------------------------------------------------------------------------------
Epoch 2/50
Training one epoch in 13.639 s
[DEV]   QWK:  0.392, PRS: 0.547, SPR: 0.504, RMSE: 5.420, (Best @ 2: {{0.392}}, 0.547, 0.504, 5.420)
[TEST]  QWK:  0.480, PRS: 0.649, SPR: 0.557, RMSE: 4.900 (Best @ 2: {{0.480}}, 0.649, 0.557, 4.900)
--------------------------------------------------------------------------------------------------------------------------
Epoch 3/50
Training one epoch in 13.673 s
[DEV]   QWK:  0.360, PRS: 0.541, SPR: 0.498, RMSE: 5.472, (Best @ 2: {{0.392}}, 0.547, 0.504, 5.420)
[TEST]  QWK:  0.418, PRS: 0.614, SPR: 0.528, RMSE: 5.092 (Best @ 2: {{0.480}}, 0.649, 0.557, 4.900)
--------------------------------------------------------------------------------------------------------------------------
Epoch 4/50
Training one epoch in 13.770 s
[DEV]   QWK:  0.407, PRS: 0.555, SPR: 0.519, RMSE: 5.263, (Best @ 4: {{0.407}}, 0.555, 0.519, 5.263)
[TEST]  QWK:  0.435, PRS: 0.642, SPR: 0.539, RMSE: 5.227 (Best @ 4: {{0.435}}, 0.642, 0.539, 5.227)
--------------------------------------------------------------------------------------------------------------------------
Epoch 5/50
Training one epoch in 13.640 s
[DEV]   QWK:  0.384, PRS: 0.577, SPR: 0.540, RMSE: 5.821, (Best @ 4: {{0.407}}, 0.555, 0.519, 5.263)
[TEST]  QWK:  0.393, PRS: 0.653, SPR: 0.550, RMSE: 6.015 (Best @ 4: {{0.435}}, 0.642, 0.539, 5.227)
--------------------------------------------------------------------------------------------------------------------------
Epoch 6/50
Training one epoch in 13.777 s
[DEV]   QWK:  0.456, PRS: 0.573, SPR: 0.545, RMSE: 5.049, (Best @ 6: {{0.456}}, 0.573, 0.545, 5.049)
[TEST]  QWK:  0.502, PRS: 0.651, SPR: 0.562, RMSE: 4.822 (Best @ 6: {{0.502}}, 0.651, 0.562, 4.822)
--------------------------------------------------------------------------------------------------------------------------
Epoch 7/50
Training one epoch in 13.766 s
[DEV]   QWK:  0.462, PRS: 0.568, SPR: 0.529, RMSE: 5.060, (Best @ 7: {{0.462}}, 0.568, 0.529, 5.060)
[TEST]  QWK:  0.504, PRS: 0.652, SPR: 0.565, RMSE: 4.872 (Best @ 7: {{0.504}}, 0.652, 0.565, 4.872)
--------------------------------------------------------------------------------------------------------------------------
Epoch 8/50
Training one epoch in 13.696 s
[DEV]   QWK:  0.394, PRS: 0.588, SPR: 0.531, RMSE: 5.281, (Best @ 7: {{0.462}}, 0.568, 0.529, 5.060)
[TEST]  QWK:  0.457, PRS: 0.664, SPR: 0.583, RMSE: 4.895 (Best @ 7: {{0.504}}, 0.652, 0.565, 4.872)
--------------------------------------------------------------------------------------------------------------------------
Epoch 9/50
Training one epoch in 13.644 s
[DEV]   QWK:  0.391, PRS: 0.571, SPR: 0.499, RMSE: 5.402, (Best @ 7: {{0.462}}, 0.568, 0.529, 5.060)
[TEST]  QWK:  0.475, PRS: 0.662, SPR: 0.583, RMSE: 4.879 (Best @ 7: {{0.504}}, 0.652, 0.565, 4.872)
--------------------------------------------------------------------------------------------------------------------------
Epoch 10/50
Training one epoch in 13.699 s
[DEV]   QWK:  0.480, PRS: 0.581, SPR: 0.545, RMSE: 5.017, (Best @ 10: {{0.480}}, 0.581, 0.545, 5.017)
[TEST]  QWK:  0.523, PRS: 0.675, SPR: 0.595, RMSE: 4.842 (Best @ 10: {{0.523}}, 0.675, 0.595, 4.842)
--------------------------------------------------------------------------------------------------------------------------
Epoch 11/50
Training one epoch in 13.773 s
[DEV]   QWK:  0.475, PRS: 0.600, SPR: 0.569, RMSE: 5.034, (Best @ 10: {{0.480}}, 0.581, 0.545, 5.017)
[TEST]  QWK:  0.555, PRS: 0.685, SPR: 0.610, RMSE: 4.601 (Best @ 10: {{0.523}}, 0.675, 0.595, 4.842)
--------------------------------------------------------------------------------------------------------------------------
Epoch 12/50
Training one epoch in 13.559 s
[DEV]   QWK:  0.534, PRS: 0.632, SPR: 0.599, RMSE: 4.784, (Best @ 12: {{0.534}}, 0.632, 0.599, 4.784)
[TEST]  QWK:  0.598, PRS: 0.719, SPR: 0.647, RMSE: 4.483 (Best @ 12: {{0.598}}, 0.719, 0.647, 4.483)
--------------------------------------------------------------------------------------------------------------------------
Epoch 13/50
Training one epoch in 13.546 s
[DEV]   QWK:  0.514, PRS: 0.653, SPR: 0.615, RMSE: 4.791, (Best @ 12: {{0.534}}, 0.632, 0.599, 4.784)
[TEST]  QWK:  0.571, PRS: 0.743, SPR: 0.676, RMSE: 4.477 (Best @ 12: {{0.598}}, 0.719, 0.647, 4.483)
--------------------------------------------------------------------------------------------------------------------------
Epoch 14/50
Training one epoch in 13.546 s
[DEV]   QWK:  0.574, PRS: 0.673, SPR: 0.616, RMSE: 4.818, (Best @ 14: {{0.574}}, 0.673, 0.616, 4.818)
[TEST]  QWK:  0.559, PRS: 0.771, SPR: 0.695, RMSE: 5.167 (Best @ 14: {{0.559}}, 0.771, 0.695, 5.167)
--------------------------------------------------------------------------------------------------------------------------
Epoch 15/50
Training one epoch in 13.579 s
[DEV]   QWK:  0.643, PRS: 0.669, SPR: 0.641, RMSE: 4.598, (Best @ 15: {{0.643}}, 0.669, 0.641, 4.598)
[TEST]  QWK:  0.689, PRS: 0.759, SPR: 0.724, RMSE: 4.238 (Best @ 15: {{0.689}}, 0.759, 0.724, 4.238)
--------------------------------------------------------------------------------------------------------------------------
Epoch 16/50
Training one epoch in 13.766 s
[DEV]   QWK:  0.613, PRS: 0.695, SPR: 0.665, RMSE: 4.483, (Best @ 15: {{0.643}}, 0.669, 0.641, 4.598)
[TEST]  QWK:  0.616, PRS: 0.772, SPR: 0.706, RMSE: 4.564 (Best @ 15: {{0.689}}, 0.759, 0.724, 4.238)
--------------------------------------------------------------------------------------------------------------------------
Epoch 17/50
Training one epoch in 13.761 s
[DEV]   QWK:  0.524, PRS: 0.714, SPR: 0.664, RMSE: 4.725, (Best @ 15: {{0.643}}, 0.669, 0.641, 4.598)
[TEST]  QWK:  0.587, PRS: 0.794, SPR: 0.738, RMSE: 4.322 (Best @ 15: {{0.689}}, 0.759, 0.724, 4.238)
--------------------------------------------------------------------------------------------------------------------------
Epoch 18/50
Training one epoch in 13.719 s
[DEV]   QWK:  0.637, PRS: 0.712, SPR: 0.674, RMSE: 4.347, (Best @ 15: {{0.643}}, 0.669, 0.641, 4.598)
[TEST]  QWK:  0.671, PRS: 0.807, SPR: 0.759, RMSE: 4.183 (Best @ 15: {{0.689}}, 0.759, 0.724, 4.238)
--------------------------------------------------------------------------------------------------------------------------
Epoch 19/50
Training one epoch in 13.805 s
[DEV]   QWK:  0.550, PRS: 0.682, SPR: 0.627, RMSE: 5.101, (Best @ 15: {{0.643}}, 0.669, 0.641, 4.598)
[TEST]  QWK:  0.691, PRS: 0.790, SPR: 0.761, RMSE: 4.003 (Best @ 15: {{0.689}}, 0.759, 0.724, 4.238)
--------------------------------------------------------------------------------------------------------------------------
Epoch 20/50
Training one epoch in 13.443 s
[DEV]   QWK:  0.630, PRS: 0.738, SPR: 0.684, RMSE: 4.287, (Best @ 15: {{0.643}}, 0.669, 0.641, 4.598)
[TEST]  QWK:  0.665, PRS: 0.808, SPR: 0.775, RMSE: 4.118 (Best @ 15: {{0.689}}, 0.759, 0.724, 4.238)
--------------------------------------------------------------------------------------------------------------------------
Epoch 21/50
Training one epoch in 13.670 s
[DEV]   QWK:  0.644, PRS: 0.720, SPR: 0.671, RMSE: 4.366, (Best @ 21: {{0.644}}, 0.720, 0.671, 4.366)
[TEST]  QWK:  0.640, PRS: 0.799, SPR: 0.766, RMSE: 4.509 (Best @ 21: {{0.640}}, 0.799, 0.766, 4.509)
--------------------------------------------------------------------------------------------------------------------------
Epoch 22/50
Training one epoch in 13.801 s
[DEV]   QWK:  0.607, PRS: 0.727, SPR: 0.687, RMSE: 5.017, (Best @ 21: {{0.644}}, 0.720, 0.671, 4.366)
[TEST]  QWK:  0.559, PRS: 0.794, SPR: 0.764, RMSE: 5.662 (Best @ 21: {{0.640}}, 0.799, 0.766, 4.509)
--------------------------------------------------------------------------------------------------------------------------
Epoch 23/50
Training one epoch in 13.773 s
[DEV]   QWK:  0.636, PRS: 0.715, SPR: 0.673, RMSE: 4.567, (Best @ 21: {{0.644}}, 0.720, 0.671, 4.366)
[TEST]  QWK:  0.731, PRS: 0.793, SPR: 0.772, RMSE: 3.826 (Best @ 21: {{0.640}}, 0.799, 0.766, 4.509)
--------------------------------------------------------------------------------------------------------------------------
Epoch 24/50
Training one epoch in 13.742 s
[DEV]   QWK:  0.671, PRS: 0.720, SPR: 0.671, RMSE: 4.261, (Best @ 24: {{0.671}}, 0.720, 0.671, 4.261)
[TEST]  QWK:  0.719, PRS: 0.814, SPR: 0.788, RMSE: 4.002 (Best @ 24: {{0.719}}, 0.814, 0.788, 4.002)
--------------------------------------------------------------------------------------------------------------------------
Epoch 25/50
Training one epoch in 13.797 s
[DEV]   QWK:  0.534, PRS: 0.741, SPR: 0.679, RMSE: 5.019, (Best @ 24: {{0.671}}, 0.720, 0.671, 4.261)
[TEST]  QWK:  0.643, PRS: 0.817, SPR: 0.795, RMSE: 4.148 (Best @ 24: {{0.719}}, 0.814, 0.788, 4.002)
--------------------------------------------------------------------------------------------------------------------------
Epoch 26/50
Training one epoch in 13.794 s
[DEV]   QWK:  0.578, PRS: 0.724, SPR: 0.668, RMSE: 4.825, (Best @ 24: {{0.671}}, 0.720, 0.671, 4.261)
[TEST]  QWK:  0.722, PRS: 0.828, SPR: 0.809, RMSE: 3.769 (Best @ 24: {{0.719}}, 0.814, 0.788, 4.002)
--------------------------------------------------------------------------------------------------------------------------
Epoch 27/50
Training one epoch in 13.731 s
[DEV]   QWK:  0.684, PRS: 0.713, SPR: 0.679, RMSE: 4.399, (Best @ 27: {{0.684}}, 0.713, 0.679, 4.399)
[TEST]  QWK:  0.693, PRS: 0.794, SPR: 0.763, RMSE: 4.469 (Best @ 27: {{0.693}}, 0.794, 0.763, 4.469)
--------------------------------------------------------------------------------------------------------------------------
Epoch 28/50
Training one epoch in 13.778 s
[DEV]   QWK:  0.610, PRS: 0.737, SPR: 0.695, RMSE: 4.573, (Best @ 27: {{0.684}}, 0.713, 0.679, 4.399)
[TEST]  QWK:  0.704, PRS: 0.802, SPR: 0.782, RMSE: 3.887 (Best @ 27: {{0.693}}, 0.794, 0.763, 4.469)
--------------------------------------------------------------------------------------------------------------------------
Epoch 29/50
Training one epoch in 13.638 s
[DEV]   QWK:  0.699, PRS: 0.732, SPR: 0.685, RMSE: 4.211, (Best @ 29: {{0.699}}, 0.732, 0.685, 4.211)
[TEST]  QWK:  0.772, PRS: 0.825, SPR: 0.811, RMSE: 3.723 (Best @ 29: {{0.772}}, 0.825, 0.811, 3.723)
--------------------------------------------------------------------------------------------------------------------------
Epoch 30/50
Training one epoch in 13.671 s
[DEV]   QWK:  0.695, PRS: 0.728, SPR: 0.700, RMSE: 4.257, (Best @ 29: {{0.699}}, 0.732, 0.685, 4.211)
[TEST]  QWK:  0.726, PRS: 0.820, SPR: 0.786, RMSE: 4.155 (Best @ 29: {{0.772}}, 0.825, 0.811, 3.723)
--------------------------------------------------------------------------------------------------------------------------
Epoch 31/50
Training one epoch in 13.677 s
[DEV]   QWK:  0.700, PRS: 0.747, SPR: 0.721, RMSE: 4.099, (Best @ 31: {{0.700}}, 0.747, 0.721, 4.099)
[TEST]  QWK:  0.721, PRS: 0.821, SPR: 0.788, RMSE: 4.050 (Best @ 31: {{0.721}}, 0.821, 0.788, 4.050)
--------------------------------------------------------------------------------------------------------------------------
Epoch 32/50
Training one epoch in 13.743 s
[DEV]   QWK:  0.690, PRS: 0.742, SPR: 0.694, RMSE: 4.198, (Best @ 31: {{0.700}}, 0.747, 0.721, 4.099)
[TEST]  QWK:  0.774, PRS: 0.841, SPR: 0.811, RMSE: 3.582 (Best @ 31: {{0.721}}, 0.821, 0.788, 4.050)
--------------------------------------------------------------------------------------------------------------------------
Epoch 33/50
Training one epoch in 13.794 s
[DEV]   QWK:  0.708, PRS: 0.736, SPR: 0.707, RMSE: 4.180, (Best @ 33: {{0.708}}, 0.736, 0.707, 4.180)
[TEST]  QWK:  0.717, PRS: 0.809, SPR: 0.768, RMSE: 4.168 (Best @ 33: {{0.717}}, 0.809, 0.768, 4.168)
--------------------------------------------------------------------------------------------------------------------------
Epoch 34/50
Training one epoch in 13.875 s
[DEV]   QWK:  0.636, PRS: 0.740, SPR: 0.700, RMSE: 4.485, (Best @ 33: {{0.708}}, 0.736, 0.707, 4.180)
[TEST]  QWK:  0.735, PRS: 0.812, SPR: 0.793, RMSE: 3.747 (Best @ 33: {{0.717}}, 0.809, 0.768, 4.168)
--------------------------------------------------------------------------------------------------------------------------
Epoch 35/50
Training one epoch in 13.816 s
[DEV]   QWK:  0.643, PRS: 0.749, SPR: 0.704, RMSE: 4.534, (Best @ 33: {{0.708}}, 0.736, 0.707, 4.180)
[TEST]  QWK:  0.765, PRS: 0.831, SPR: 0.812, RMSE: 3.577 (Best @ 33: {{0.717}}, 0.809, 0.768, 4.168)
--------------------------------------------------------------------------------------------------------------------------
Epoch 36/50
Training one epoch in 13.855 s
[DEV]   QWK:  0.695, PRS: 0.715, SPR: 0.677, RMSE: 4.437, (Best @ 33: {{0.708}}, 0.736, 0.707, 4.180)
[TEST]  QWK:  0.734, PRS: 0.834, SPR: 0.815, RMSE: 4.282 (Best @ 33: {{0.717}}, 0.809, 0.768, 4.168)
--------------------------------------------------------------------------------------------------------------------------
Epoch 37/50
Training one epoch in 13.760 s
[DEV]   QWK:  0.708, PRS: 0.733, SPR: 0.681, RMSE: 4.384, (Best @ 37: {{0.708}}, 0.733, 0.681, 4.384)
[TEST]  QWK:  0.807, PRS: 0.833, SPR: 0.811, RMSE: 3.518 (Best @ 37: {{0.807}}, 0.833, 0.811, 3.518)
--------------------------------------------------------------------------------------------------------------------------
Epoch 38/50
Training one epoch in 13.585 s
[DEV]   QWK:  0.667, PRS: 0.747, SPR: 0.701, RMSE: 4.300, (Best @ 37: {{0.708}}, 0.733, 0.681, 4.384)
[TEST]  QWK:  0.769, PRS: 0.837, SPR: 0.813, RMSE: 3.551 (Best @ 37: {{0.807}}, 0.833, 0.811, 3.518)
--------------------------------------------------------------------------------------------------------------------------
Epoch 39/50
Training one epoch in 13.884 s
[DEV]   QWK:  0.713, PRS: 0.737, SPR: 0.687, RMSE: 4.149, (Best @ 39: {{0.713}}, 0.737, 0.687, 4.149)
[TEST]  QWK:  0.769, PRS: 0.841, SPR: 0.811, RMSE: 3.844 (Best @ 39: {{0.769}}, 0.841, 0.811, 3.844)
--------------------------------------------------------------------------------------------------------------------------
Epoch 40/50
Training one epoch in 13.093 s
[DEV]   QWK:  0.696, PRS: 0.706, SPR: 0.677, RMSE: 4.428, (Best @ 39: {{0.713}}, 0.737, 0.687, 4.149)
[TEST]  QWK:  0.778, PRS: 0.832, SPR: 0.826, RMSE: 3.903 (Best @ 39: {{0.769}}, 0.841, 0.811, 3.844)
--------------------------------------------------------------------------------------------------------------------------
Epoch 41/50
Training one epoch in 13.702 s
[DEV]   QWK:  0.691, PRS: 0.726, SPR: 0.680, RMSE: 4.237, (Best @ 39: {{0.713}}, 0.737, 0.687, 4.149)
[TEST]  QWK:  0.769, PRS: 0.842, SPR: 0.812, RMSE: 3.689 (Best @ 39: {{0.769}}, 0.841, 0.811, 3.844)
--------------------------------------------------------------------------------------------------------------------------
Epoch 42/50
Training one epoch in 13.595 s
[DEV]   QWK:  0.642, PRS: 0.729, SPR: 0.692, RMSE: 4.513, (Best @ 39: {{0.713}}, 0.737, 0.687, 4.149)
[TEST]  QWK:  0.777, PRS: 0.831, SPR: 0.819, RMSE: 3.530 (Best @ 39: {{0.769}}, 0.841, 0.811, 3.844)
--------------------------------------------------------------------------------------------------------------------------
Epoch 43/50
Training one epoch in 13.881 s
[DEV]   QWK:  0.676, PRS: 0.729, SPR: 0.691, RMSE: 4.467, (Best @ 39: {{0.713}}, 0.737, 0.687, 4.149)
[TEST]  QWK:  0.807, PRS: 0.829, SPR: 0.815, RMSE: 3.452 (Best @ 39: {{0.769}}, 0.841, 0.811, 3.844)
--------------------------------------------------------------------------------------------------------------------------
Epoch 44/50
Training one epoch in 13.640 s
[DEV]   QWK:  0.645, PRS: 0.737, SPR: 0.705, RMSE: 4.404, (Best @ 39: {{0.713}}, 0.737, 0.687, 4.149)
[TEST]  QWK:  0.758, PRS: 0.828, SPR: 0.821, RMSE: 3.615 (Best @ 39: {{0.769}}, 0.841, 0.811, 3.844)
--------------------------------------------------------------------------------------------------------------------------
Epoch 45/50
Training one epoch in 13.387 s
[DEV]   QWK:  0.695, PRS: 0.741, SPR: 0.689, RMSE: 4.129, (Best @ 39: {{0.713}}, 0.737, 0.687, 4.149)
[TEST]  QWK:  0.765, PRS: 0.862, SPR: 0.825, RMSE: 3.751 (Best @ 39: {{0.769}}, 0.841, 0.811, 3.844)
--------------------------------------------------------------------------------------------------------------------------
Epoch 46/50
Training one epoch in 13.548 s
[DEV]   QWK:  0.711, PRS: 0.734, SPR: 0.688, RMSE: 4.358, (Best @ 39: {{0.713}}, 0.737, 0.687, 4.149)
[TEST]  QWK:  0.739, PRS: 0.852, SPR: 0.814, RMSE: 4.319 (Best @ 39: {{0.769}}, 0.841, 0.811, 3.844)
--------------------------------------------------------------------------------------------------------------------------
Epoch 47/50
Training one epoch in 13.758 s
[DEV]   QWK:  0.680, PRS: 0.723, SPR: 0.693, RMSE: 4.259, (Best @ 39: {{0.713}}, 0.737, 0.687, 4.149)
[TEST]  QWK:  0.776, PRS: 0.830, SPR: 0.825, RMSE: 3.653 (Best @ 39: {{0.769}}, 0.841, 0.811, 3.844)
--------------------------------------------------------------------------------------------------------------------------
Epoch 48/50
Training one epoch in 13.738 s
[DEV]   QWK:  0.702, PRS: 0.718, SPR: 0.669, RMSE: 4.388, (Best @ 39: {{0.713}}, 0.737, 0.687, 4.149)
[TEST]  QWK:  0.804, PRS: 0.840, SPR: 0.831, RMSE: 3.584 (Best @ 39: {{0.769}}, 0.841, 0.811, 3.844)
--------------------------------------------------------------------------------------------------------------------------
Epoch 49/50
Training one epoch in 13.858 s
[DEV]   QWK:  0.690, PRS: 0.721, SPR: 0.688, RMSE: 4.265, (Best @ 39: {{0.713}}, 0.737, 0.687, 4.149)
[TEST]  QWK:  0.726, PRS: 0.808, SPR: 0.798, RMSE: 4.091 (Best @ 39: {{0.769}}, 0.841, 0.811, 3.844)
--------------------------------------------------------------------------------------------------------------------------
Epoch 50/50
Training one epoch in 13.606 s
[DEV]   QWK:  0.710, PRS: 0.744, SPR: 0.701, RMSE: 4.245, (Best @ 39: {{0.713}}, 0.737, 0.687, 4.149)
[TEST]  QWK:  0.732, PRS: 0.838, SPR: 0.801, RMSE: 4.340 (Best @ 39: {{0.769}}, 0.841, 0.811, 3.844)
--------------------------------------------------------------------------------------------------------------------------
