X_train shape: (1209, 1100)
Initial evaluation: 
[DEV]   QWK:  0.000, PRS: 0.000, SPR: 0.000, RMSE: 1.163, (Best @ -1: {{0.000}}, 0.000, 0.000, 1.163)
[TEST]  QWK:  0.000, PRS: 0.000, SPR: 0.000, RMSE: 1.248 (Best @ -1: {{0.000}}, 0.000, 0.000, 1.248)
--------------------------------------------------------------------------------------------------------------------------
Train model
Epoch 1/50
Training one epoch in 10.152 s
[DEV]   QWK:  0.653, PRS: 0.666, SPR: 0.666, RMSE: 0.637, (Best @ 1: {{0.653}}, 0.666, 0.666, 0.637)
[TEST]  QWK:  0.598, PRS: 0.621, SPR: 0.616, RMSE: 0.642 (Best @ 1: {{0.598}}, 0.621, 0.616, 0.642)
--------------------------------------------------------------------------------------------------------------------------
Epoch 2/50
Training one epoch in 7.898 s
[DEV]   QWK:  0.603, PRS: 0.630, SPR: 0.626, RMSE: 0.662, (Best @ 1: {{0.653}}, 0.666, 0.666, 0.637)
[TEST]  QWK:  0.488, PRS: 0.534, SPR: 0.521, RMSE: 0.690 (Best @ 1: {{0.598}}, 0.621, 0.616, 0.642)
--------------------------------------------------------------------------------------------------------------------------
Epoch 3/50
Training one epoch in 7.904 s
[DEV]   QWK:  0.649, PRS: 0.673, SPR: 0.670, RMSE: 0.662, (Best @ 1: {{0.653}}, 0.666, 0.666, 0.637)
[TEST]  QWK:  0.625, PRS: 0.659, SPR: 0.657, RMSE: 0.647 (Best @ 1: {{0.598}}, 0.621, 0.616, 0.642)
--------------------------------------------------------------------------------------------------------------------------
Epoch 4/50
Training one epoch in 7.907 s
[DEV]   QWK:  0.688, PRS: 0.710, SPR: 0.711, RMSE: 0.644, (Best @ 4: {{0.688}}, 0.710, 0.711, 0.644)
[TEST]  QWK:  0.589, PRS: 0.617, SPR: 0.614, RMSE: 0.699 (Best @ 4: {{0.589}}, 0.617, 0.614, 0.699)
--------------------------------------------------------------------------------------------------------------------------
Epoch 5/50
Training one epoch in 7.905 s
[DEV]   QWK:  0.697, PRS: 0.712, SPR: 0.713, RMSE: 0.630, (Best @ 5: {{0.697}}, 0.712, 0.713, 0.630)
[TEST]  QWK:  0.604, PRS: 0.629, SPR: 0.626, RMSE: 0.682 (Best @ 5: {{0.604}}, 0.629, 0.626, 0.682)
--------------------------------------------------------------------------------------------------------------------------
Epoch 6/50
Training one epoch in 7.912 s
[DEV]   QWK:  0.703, PRS: 0.716, SPR: 0.716, RMSE: 0.623, (Best @ 6: {{0.703}}, 0.716, 0.716, 0.623)
[TEST]  QWK:  0.612, PRS: 0.632, SPR: 0.629, RMSE: 0.682 (Best @ 6: {{0.612}}, 0.632, 0.629, 0.682)
--------------------------------------------------------------------------------------------------------------------------
Epoch 7/50
Training one epoch in 7.907 s
[DEV]   QWK:  0.703, PRS: 0.715, SPR: 0.714, RMSE: 0.621, (Best @ 7: {{0.703}}, 0.715, 0.714, 0.621)
[TEST]  QWK:  0.646, PRS: 0.664, SPR: 0.664, RMSE: 0.647 (Best @ 7: {{0.646}}, 0.664, 0.664, 0.647)
--------------------------------------------------------------------------------------------------------------------------
Epoch 8/50
Training one epoch in 7.887 s
[DEV]   QWK:  0.643, PRS: 0.700, SPR: 0.714, RMSE: 0.642, (Best @ 7: {{0.703}}, 0.715, 0.714, 0.621)
[TEST]  QWK:  0.487, PRS: 0.538, SPR: 0.547, RMSE: 0.747 (Best @ 7: {{0.646}}, 0.664, 0.664, 0.647)
--------------------------------------------------------------------------------------------------------------------------
Epoch 9/50
Training one epoch in 7.927 s
[DEV]   QWK:  0.668, PRS: 0.710, SPR: 0.725, RMSE: 0.614, (Best @ 7: {{0.703}}, 0.715, 0.714, 0.621)
[TEST]  QWK:  0.503, PRS: 0.543, SPR: 0.547, RMSE: 0.727 (Best @ 7: {{0.646}}, 0.664, 0.664, 0.647)
--------------------------------------------------------------------------------------------------------------------------
Epoch 10/50
Training one epoch in 7.922 s
[DEV]   QWK:  0.698, PRS: 0.704, SPR: 0.705, RMSE: 0.626, (Best @ 7: {{0.703}}, 0.715, 0.714, 0.621)
[TEST]  QWK:  0.635, PRS: 0.644, SPR: 0.643, RMSE: 0.656 (Best @ 7: {{0.646}}, 0.664, 0.664, 0.647)
--------------------------------------------------------------------------------------------------------------------------
Epoch 11/50
Training one epoch in 7.911 s
[DEV]   QWK:  0.694, PRS: 0.704, SPR: 0.704, RMSE: 0.630, (Best @ 7: {{0.703}}, 0.715, 0.714, 0.621)
[TEST]  QWK:  0.610, PRS: 0.624, SPR: 0.622, RMSE: 0.678 (Best @ 7: {{0.646}}, 0.664, 0.664, 0.647)
--------------------------------------------------------------------------------------------------------------------------
Epoch 12/50
Training one epoch in 7.914 s
[DEV]   QWK:  0.685, PRS: 0.694, SPR: 0.695, RMSE: 0.628, (Best @ 7: {{0.703}}, 0.715, 0.714, 0.621)
[TEST]  QWK:  0.641, PRS: 0.653, SPR: 0.652, RMSE: 0.638 (Best @ 7: {{0.646}}, 0.664, 0.664, 0.647)
--------------------------------------------------------------------------------------------------------------------------
Epoch 13/50
Training one epoch in 7.924 s
[DEV]   QWK:  0.682, PRS: 0.689, SPR: 0.695, RMSE: 0.623, (Best @ 7: {{0.703}}, 0.715, 0.714, 0.621)
[TEST]  QWK:  0.618, PRS: 0.630, SPR: 0.627, RMSE: 0.651 (Best @ 7: {{0.646}}, 0.664, 0.664, 0.647)
--------------------------------------------------------------------------------------------------------------------------
Epoch 14/50
Training one epoch in 7.909 s
[DEV]   QWK:  0.652, PRS: 0.685, SPR: 0.682, RMSE: 0.668, (Best @ 7: {{0.703}}, 0.715, 0.714, 0.621)
[TEST]  QWK:  0.561, PRS: 0.600, SPR: 0.594, RMSE: 0.711 (Best @ 7: {{0.646}}, 0.664, 0.664, 0.647)
--------------------------------------------------------------------------------------------------------------------------
Epoch 15/50
Training one epoch in 7.918 s
[DEV]   QWK:  0.614, PRS: 0.684, SPR: 0.701, RMSE: 0.664, (Best @ 7: {{0.703}}, 0.715, 0.714, 0.621)
[TEST]  QWK:  0.496, PRS: 0.557, SPR: 0.567, RMSE: 0.755 (Best @ 7: {{0.646}}, 0.664, 0.664, 0.647)
--------------------------------------------------------------------------------------------------------------------------
Epoch 16/50
Training one epoch in 7.904 s
[DEV]   QWK:  0.688, PRS: 0.702, SPR: 0.713, RMSE: 0.621, (Best @ 7: {{0.703}}, 0.715, 0.714, 0.621)
[TEST]  QWK:  0.547, PRS: 0.560, SPR: 0.562, RMSE: 0.731 (Best @ 7: {{0.646}}, 0.664, 0.664, 0.647)
--------------------------------------------------------------------------------------------------------------------------
Epoch 17/50
Training one epoch in 7.888 s
[DEV]   QWK:  0.693, PRS: 0.704, SPR: 0.709, RMSE: 0.604, (Best @ 7: {{0.703}}, 0.715, 0.714, 0.621)
[TEST]  QWK:  0.583, PRS: 0.594, SPR: 0.592, RMSE: 0.673 (Best @ 7: {{0.646}}, 0.664, 0.664, 0.647)
--------------------------------------------------------------------------------------------------------------------------
Epoch 18/50
Training one epoch in 7.913 s
[DEV]   QWK:  0.685, PRS: 0.690, SPR: 0.693, RMSE: 0.623, (Best @ 7: {{0.703}}, 0.715, 0.714, 0.621)
[TEST]  QWK:  0.597, PRS: 0.604, SPR: 0.602, RMSE: 0.673 (Best @ 7: {{0.646}}, 0.664, 0.664, 0.647)
--------------------------------------------------------------------------------------------------------------------------
Epoch 19/50
Training one epoch in 7.917 s
[DEV]   QWK:  0.683, PRS: 0.695, SPR: 0.701, RMSE: 0.614, (Best @ 7: {{0.703}}, 0.715, 0.714, 0.621)
[TEST]  QWK:  0.542, PRS: 0.552, SPR: 0.550, RMSE: 0.715 (Best @ 7: {{0.646}}, 0.664, 0.664, 0.647)
--------------------------------------------------------------------------------------------------------------------------
Epoch 20/50
Training one epoch in 7.929 s
[DEV]   QWK:  0.692, PRS: 0.703, SPR: 0.703, RMSE: 0.635, (Best @ 7: {{0.703}}, 0.715, 0.714, 0.621)
[TEST]  QWK:  0.612, PRS: 0.630, SPR: 0.628, RMSE: 0.669 (Best @ 7: {{0.646}}, 0.664, 0.664, 0.647)
--------------------------------------------------------------------------------------------------------------------------
Epoch 21/50
Training one epoch in 7.897 s
[DEV]   QWK:  0.704, PRS: 0.713, SPR: 0.718, RMSE: 0.597, (Best @ 21: {{0.704}}, 0.713, 0.718, 0.597)
[TEST]  QWK:  0.562, PRS: 0.569, SPR: 0.567, RMSE: 0.707 (Best @ 21: {{0.562}}, 0.569, 0.567, 0.707)
--------------------------------------------------------------------------------------------------------------------------
Epoch 22/50
Training one epoch in 7.902 s
[DEV]   QWK:  0.677, PRS: 0.691, SPR: 0.688, RMSE: 0.635, (Best @ 21: {{0.704}}, 0.713, 0.718, 0.597)
[TEST]  QWK:  0.556, PRS: 0.583, SPR: 0.576, RMSE: 0.695 (Best @ 21: {{0.562}}, 0.569, 0.567, 0.707)
--------------------------------------------------------------------------------------------------------------------------
Epoch 23/50
Training one epoch in 7.912 s
[DEV]   QWK:  0.698, PRS: 0.707, SPR: 0.714, RMSE: 0.604, (Best @ 21: {{0.704}}, 0.713, 0.718, 0.597)
[TEST]  QWK:  0.566, PRS: 0.573, SPR: 0.570, RMSE: 0.707 (Best @ 21: {{0.562}}, 0.569, 0.567, 0.707)
--------------------------------------------------------------------------------------------------------------------------
Epoch 24/50
Training one epoch in 7.911 s
[DEV]   QWK:  0.658, PRS: 0.689, SPR: 0.706, RMSE: 0.626, (Best @ 21: {{0.704}}, 0.713, 0.718, 0.597)
[TEST]  QWK:  0.552, PRS: 0.577, SPR: 0.575, RMSE: 0.703 (Best @ 21: {{0.562}}, 0.569, 0.567, 0.707)
--------------------------------------------------------------------------------------------------------------------------
Epoch 25/50
Training one epoch in 7.909 s
[DEV]   QWK:  0.656, PRS: 0.675, SPR: 0.684, RMSE: 0.628, (Best @ 21: {{0.704}}, 0.713, 0.718, 0.597)
[TEST]  QWK:  0.515, PRS: 0.528, SPR: 0.524, RMSE: 0.731 (Best @ 21: {{0.562}}, 0.569, 0.567, 0.707)
--------------------------------------------------------------------------------------------------------------------------
Epoch 26/50
Training one epoch in 7.904 s
[DEV]   QWK:  0.698, PRS: 0.706, SPR: 0.707, RMSE: 0.632, (Best @ 21: {{0.704}}, 0.713, 0.718, 0.597)
[TEST]  QWK:  0.594, PRS: 0.616, SPR: 0.616, RMSE: 0.690 (Best @ 21: {{0.562}}, 0.569, 0.567, 0.707)
--------------------------------------------------------------------------------------------------------------------------
Epoch 27/50
Training one epoch in 7.893 s
[DEV]   QWK:  0.683, PRS: 0.696, SPR: 0.697, RMSE: 0.644, (Best @ 21: {{0.704}}, 0.713, 0.718, 0.597)
[TEST]  QWK:  0.581, PRS: 0.598, SPR: 0.596, RMSE: 0.703 (Best @ 21: {{0.562}}, 0.569, 0.567, 0.707)
--------------------------------------------------------------------------------------------------------------------------
Epoch 28/50
Training one epoch in 7.895 s
[DEV]   QWK:  0.651, PRS: 0.665, SPR: 0.662, RMSE: 0.646, (Best @ 21: {{0.704}}, 0.713, 0.718, 0.597)
[TEST]  QWK:  0.566, PRS: 0.592, SPR: 0.585, RMSE: 0.678 (Best @ 21: {{0.562}}, 0.569, 0.567, 0.707)
--------------------------------------------------------------------------------------------------------------------------
Epoch 29/50
Training one epoch in 7.887 s
[DEV]   QWK:  0.690, PRS: 0.703, SPR: 0.704, RMSE: 0.644, (Best @ 21: {{0.704}}, 0.713, 0.718, 0.597)
[TEST]  QWK:  0.591, PRS: 0.613, SPR: 0.612, RMSE: 0.695 (Best @ 21: {{0.562}}, 0.569, 0.567, 0.707)
--------------------------------------------------------------------------------------------------------------------------
Epoch 30/50
Training one epoch in 7.913 s
[DEV]   QWK:  0.687, PRS: 0.697, SPR: 0.702, RMSE: 0.611, (Best @ 21: {{0.704}}, 0.713, 0.718, 0.597)
[TEST]  QWK:  0.549, PRS: 0.555, SPR: 0.554, RMSE: 0.719 (Best @ 21: {{0.562}}, 0.569, 0.567, 0.707)
--------------------------------------------------------------------------------------------------------------------------
Epoch 31/50
Training one epoch in 7.916 s
[DEV]   QWK:  0.680, PRS: 0.695, SPR: 0.695, RMSE: 0.655, (Best @ 21: {{0.704}}, 0.713, 0.718, 0.597)
[TEST]  QWK:  0.574, PRS: 0.604, SPR: 0.600, RMSE: 0.715 (Best @ 21: {{0.562}}, 0.569, 0.567, 0.707)
--------------------------------------------------------------------------------------------------------------------------
Epoch 32/50
Training one epoch in 7.898 s
[DEV]   QWK:  0.682, PRS: 0.688, SPR: 0.695, RMSE: 0.626, (Best @ 21: {{0.704}}, 0.713, 0.718, 0.597)
[TEST]  QWK:  0.568, PRS: 0.571, SPR: 0.569, RMSE: 0.723 (Best @ 21: {{0.562}}, 0.569, 0.567, 0.707)
--------------------------------------------------------------------------------------------------------------------------
Epoch 33/50
Training one epoch in 7.911 s
[DEV]   QWK:  0.712, PRS: 0.715, SPR: 0.718, RMSE: 0.623, (Best @ 33: {{0.712}}, 0.715, 0.718, 0.623)
[TEST]  QWK:  0.594, PRS: 0.596, SPR: 0.595, RMSE: 0.707 (Best @ 33: {{0.594}}, 0.596, 0.595, 0.707)
--------------------------------------------------------------------------------------------------------------------------
Epoch 34/50
Training one epoch in 7.920 s
[DEV]   QWK:  0.670, PRS: 0.702, SPR: 0.705, RMSE: 0.679, (Best @ 33: {{0.712}}, 0.715, 0.718, 0.623)
[TEST]  QWK:  0.548, PRS: 0.578, SPR: 0.577, RMSE: 0.743 (Best @ 33: {{0.594}}, 0.596, 0.595, 0.707)
--------------------------------------------------------------------------------------------------------------------------
Epoch 35/50
Training one epoch in 7.932 s
[DEV]   QWK:  0.647, PRS: 0.675, SPR: 0.672, RMSE: 0.670, (Best @ 33: {{0.712}}, 0.715, 0.718, 0.623)
[TEST]  QWK:  0.510, PRS: 0.543, SPR: 0.544, RMSE: 0.743 (Best @ 33: {{0.594}}, 0.596, 0.595, 0.707)
--------------------------------------------------------------------------------------------------------------------------
Epoch 36/50
Training one epoch in 7.911 s
[DEV]   QWK:  0.656, PRS: 0.670, SPR: 0.670, RMSE: 0.637, (Best @ 33: {{0.712}}, 0.715, 0.718, 0.623)
[TEST]  QWK:  0.554, PRS: 0.567, SPR: 0.562, RMSE: 0.699 (Best @ 33: {{0.594}}, 0.596, 0.595, 0.707)
--------------------------------------------------------------------------------------------------------------------------
Epoch 37/50
Training one epoch in 7.949 s
[DEV]   QWK:  0.686, PRS: 0.690, SPR: 0.692, RMSE: 0.632, (Best @ 33: {{0.712}}, 0.715, 0.718, 0.623)
[TEST]  QWK:  0.551, PRS: 0.554, SPR: 0.551, RMSE: 0.727 (Best @ 33: {{0.594}}, 0.596, 0.595, 0.707)
--------------------------------------------------------------------------------------------------------------------------
Epoch 38/50
Training one epoch in 7.941 s
[DEV]   QWK:  0.623, PRS: 0.635, SPR: 0.633, RMSE: 0.662, (Best @ 33: {{0.712}}, 0.715, 0.718, 0.623)
[TEST]  QWK:  0.537, PRS: 0.544, SPR: 0.540, RMSE: 0.719 (Best @ 33: {{0.594}}, 0.596, 0.595, 0.707)
--------------------------------------------------------------------------------------------------------------------------
Epoch 39/50
Training one epoch in 7.936 s
[DEV]   QWK:  0.693, PRS: 0.696, SPR: 0.699, RMSE: 0.628, (Best @ 33: {{0.712}}, 0.715, 0.718, 0.623)
[TEST]  QWK:  0.565, PRS: 0.566, SPR: 0.569, RMSE: 0.735 (Best @ 33: {{0.594}}, 0.596, 0.595, 0.707)
--------------------------------------------------------------------------------------------------------------------------
Epoch 40/50
Training one epoch in 7.912 s
[DEV]   QWK:  0.693, PRS: 0.697, SPR: 0.700, RMSE: 0.619, (Best @ 33: {{0.712}}, 0.715, 0.718, 0.623)
[TEST]  QWK:  0.534, PRS: 0.537, SPR: 0.537, RMSE: 0.755 (Best @ 33: {{0.594}}, 0.596, 0.595, 0.707)
--------------------------------------------------------------------------------------------------------------------------
Epoch 41/50
Training one epoch in 7.919 s
[DEV]   QWK:  0.659, PRS: 0.664, SPR: 0.669, RMSE: 0.651, (Best @ 33: {{0.712}}, 0.715, 0.718, 0.623)
[TEST]  QWK:  0.540, PRS: 0.544, SPR: 0.541, RMSE: 0.739 (Best @ 33: {{0.594}}, 0.596, 0.595, 0.707)
--------------------------------------------------------------------------------------------------------------------------
Epoch 42/50
Training one epoch in 7.937 s
[DEV]   QWK:  0.697, PRS: 0.706, SPR: 0.706, RMSE: 0.635, (Best @ 33: {{0.712}}, 0.715, 0.718, 0.623)
[TEST]  QWK:  0.564, PRS: 0.573, SPR: 0.571, RMSE: 0.719 (Best @ 33: {{0.594}}, 0.596, 0.595, 0.707)
--------------------------------------------------------------------------------------------------------------------------
Epoch 43/50
Training one epoch in 7.932 s
[DEV]   QWK:  0.677, PRS: 0.681, SPR: 0.685, RMSE: 0.637, (Best @ 33: {{0.712}}, 0.715, 0.718, 0.623)
[TEST]  QWK:  0.553, PRS: 0.556, SPR: 0.554, RMSE: 0.723 (Best @ 33: {{0.594}}, 0.596, 0.595, 0.707)
--------------------------------------------------------------------------------------------------------------------------
Epoch 44/50
Training one epoch in 7.936 s
[DEV]   QWK:  0.654, PRS: 0.666, SPR: 0.665, RMSE: 0.659, (Best @ 33: {{0.712}}, 0.715, 0.718, 0.623)
[TEST]  QWK:  0.522, PRS: 0.538, SPR: 0.539, RMSE: 0.727 (Best @ 33: {{0.594}}, 0.596, 0.595, 0.707)
--------------------------------------------------------------------------------------------------------------------------
Epoch 45/50
Training one epoch in 7.936 s
[DEV]   QWK:  0.659, PRS: 0.670, SPR: 0.669, RMSE: 0.659, (Best @ 33: {{0.712}}, 0.715, 0.718, 0.623)
[TEST]  QWK:  0.554, PRS: 0.568, SPR: 0.571, RMSE: 0.715 (Best @ 33: {{0.594}}, 0.596, 0.595, 0.707)
--------------------------------------------------------------------------------------------------------------------------
Epoch 46/50
Training one epoch in 7.940 s
[DEV]   QWK:  0.704, PRS: 0.711, SPR: 0.710, RMSE: 0.637, (Best @ 33: {{0.712}}, 0.715, 0.718, 0.623)
[TEST]  QWK:  0.537, PRS: 0.541, SPR: 0.543, RMSE: 0.759 (Best @ 33: {{0.594}}, 0.596, 0.595, 0.707)
--------------------------------------------------------------------------------------------------------------------------
Epoch 47/50
Training one epoch in 7.928 s
[DEV]   QWK:  0.649, PRS: 0.662, SPR: 0.660, RMSE: 0.670, (Best @ 33: {{0.712}}, 0.715, 0.718, 0.623)
[TEST]  QWK:  0.546, PRS: 0.560, SPR: 0.556, RMSE: 0.719 (Best @ 33: {{0.594}}, 0.596, 0.595, 0.707)
--------------------------------------------------------------------------------------------------------------------------
Epoch 48/50
Training one epoch in 7.908 s
[DEV]   QWK:  0.541, PRS: 0.616, SPR: 0.634, RMSE: 0.730, (Best @ 33: {{0.712}}, 0.715, 0.718, 0.623)
[TEST]  QWK:  0.461, PRS: 0.518, SPR: 0.527, RMSE: 0.807 (Best @ 33: {{0.594}}, 0.596, 0.595, 0.707)
--------------------------------------------------------------------------------------------------------------------------
Epoch 49/50
Training one epoch in 7.928 s
[DEV]   QWK:  0.707, PRS: 0.708, SPR: 0.713, RMSE: 0.621, (Best @ 33: {{0.712}}, 0.715, 0.718, 0.623)
[TEST]  QWK:  0.543, PRS: 0.546, SPR: 0.547, RMSE: 0.766 (Best @ 33: {{0.594}}, 0.596, 0.595, 0.707)
--------------------------------------------------------------------------------------------------------------------------
Epoch 50/50
Training one epoch in 7.929 s
[DEV]   QWK:  0.644, PRS: 0.659, SPR: 0.655, RMSE: 0.681, (Best @ 33: {{0.712}}, 0.715, 0.718, 0.623)
[TEST]  QWK:  0.539, PRS: 0.553, SPR: 0.560, RMSE: 0.731 (Best @ 33: {{0.594}}, 0.596, 0.595, 0.707)
--------------------------------------------------------------------------------------------------------------------------
X_train shape: (1209, 1100)
Initial evaluation: 
[DEV]   QWK:  0.000, PRS: 0.000, SPR: 0.000, RMSE: 1.163, (Best @ -1: {{0.000}}, 0.000, 0.000, 1.163)
[TEST]  QWK:  0.000, PRS: 0.000, SPR: 0.000, RMSE: 1.248 (Best @ -1: {{0.000}}, 0.000, 0.000, 1.248)
--------------------------------------------------------------------------------------------------------------------------
Train model
Epoch 1/50
Training one epoch in 10.047 s
[DEV]   QWK:  0.653, PRS: 0.666, SPR: 0.666, RMSE: 0.637, (Best @ 1: {{0.653}}, 0.666, 0.666, 0.637)
[TEST]  QWK:  0.598, PRS: 0.621, SPR: 0.616, RMSE: 0.642 (Best @ 1: {{0.598}}, 0.621, 0.616, 0.642)
--------------------------------------------------------------------------------------------------------------------------
Epoch 2/50
Training one epoch in 7.903 s
[DEV]   QWK:  0.603, PRS: 0.630, SPR: 0.626, RMSE: 0.662, (Best @ 1: {{0.653}}, 0.666, 0.666, 0.637)
[TEST]  QWK:  0.488, PRS: 0.534, SPR: 0.521, RMSE: 0.690 (Best @ 1: {{0.598}}, 0.621, 0.616, 0.642)
--------------------------------------------------------------------------------------------------------------------------
Epoch 3/50
Training one epoch in 7.933 s
[DEV]   QWK:  0.649, PRS: 0.673, SPR: 0.670, RMSE: 0.662, (Best @ 1: {{0.653}}, 0.666, 0.666, 0.637)
[TEST]  QWK:  0.618, PRS: 0.654, SPR: 0.653, RMSE: 0.651 (Best @ 1: {{0.598}}, 0.621, 0.616, 0.642)
--------------------------------------------------------------------------------------------------------------------------
Epoch 4/50
Training one epoch in 7.914 s
[DEV]   QWK:  0.688, PRS: 0.710, SPR: 0.711, RMSE: 0.644, (Best @ 4: {{0.688}}, 0.710, 0.711, 0.644)
[TEST]  QWK:  0.589, PRS: 0.617, SPR: 0.614, RMSE: 0.699 (Best @ 4: {{0.589}}, 0.617, 0.614, 0.699)
--------------------------------------------------------------------------------------------------------------------------
Epoch 5/50
Training one epoch in 7.946 s
[DEV]   QWK:  0.697, PRS: 0.712, SPR: 0.713, RMSE: 0.630, (Best @ 5: {{0.697}}, 0.712, 0.713, 0.630)
[TEST]  QWK:  0.604, PRS: 0.629, SPR: 0.626, RMSE: 0.682 (Best @ 5: {{0.604}}, 0.629, 0.626, 0.682)
--------------------------------------------------------------------------------------------------------------------------
Epoch 6/50
Training one epoch in 7.949 s
[DEV]   QWK:  0.700, PRS: 0.714, SPR: 0.715, RMSE: 0.628, (Best @ 6: {{0.700}}, 0.714, 0.715, 0.628)
[TEST]  QWK:  0.612, PRS: 0.632, SPR: 0.629, RMSE: 0.682 (Best @ 6: {{0.612}}, 0.632, 0.629, 0.682)
--------------------------------------------------------------------------------------------------------------------------
Epoch 7/50
Training one epoch in 7.943 s
[DEV]   QWK:  0.703, PRS: 0.715, SPR: 0.714, RMSE: 0.621, (Best @ 7: {{0.703}}, 0.715, 0.714, 0.621)
[TEST]  QWK:  0.646, PRS: 0.664, SPR: 0.664, RMSE: 0.647 (Best @ 7: {{0.646}}, 0.664, 0.664, 0.647)
--------------------------------------------------------------------------------------------------------------------------
Epoch 8/50
Training one epoch in 7.933 s
[DEV]   QWK:  0.640, PRS: 0.696, SPR: 0.709, RMSE: 0.644, (Best @ 7: {{0.703}}, 0.715, 0.714, 0.621)
[TEST]  QWK:  0.482, PRS: 0.535, SPR: 0.545, RMSE: 0.747 (Best @ 7: {{0.646}}, 0.664, 0.664, 0.647)
--------------------------------------------------------------------------------------------------------------------------
Epoch 9/50
Training one epoch in 7.907 s
[DEV]   QWK:  0.668, PRS: 0.710, SPR: 0.725, RMSE: 0.614, (Best @ 7: {{0.703}}, 0.715, 0.714, 0.621)
[TEST]  QWK:  0.503, PRS: 0.543, SPR: 0.547, RMSE: 0.727 (Best @ 7: {{0.646}}, 0.664, 0.664, 0.647)
--------------------------------------------------------------------------------------------------------------------------
Epoch 10/50
Training one epoch in 7.932 s
[DEV]   QWK:  0.695, PRS: 0.701, SPR: 0.703, RMSE: 0.628, (Best @ 7: {{0.703}}, 0.715, 0.714, 0.621)
[TEST]  QWK:  0.651, PRS: 0.661, SPR: 0.661, RMSE: 0.638 (Best @ 7: {{0.646}}, 0.664, 0.664, 0.647)
--------------------------------------------------------------------------------------------------------------------------
Epoch 11/50
Training one epoch in 7.939 s
[DEV]   QWK:  0.694, PRS: 0.704, SPR: 0.704, RMSE: 0.630, (Best @ 7: {{0.703}}, 0.715, 0.714, 0.621)
[TEST]  QWK:  0.607, PRS: 0.621, SPR: 0.619, RMSE: 0.682 (Best @ 7: {{0.646}}, 0.664, 0.664, 0.647)
--------------------------------------------------------------------------------------------------------------------------
Epoch 12/50
Training one epoch in 7.922 s
[DEV]   QWK:  0.685, PRS: 0.694, SPR: 0.695, RMSE: 0.628, (Best @ 7: {{0.703}}, 0.715, 0.714, 0.621)
[TEST]  QWK:  0.637, PRS: 0.649, SPR: 0.647, RMSE: 0.642 (Best @ 7: {{0.646}}, 0.664, 0.664, 0.647)
--------------------------------------------------------------------------------------------------------------------------
Epoch 13/50
Training one epoch in 7.957 s
[DEV]   QWK:  0.685, PRS: 0.692, SPR: 0.698, RMSE: 0.621, (Best @ 7: {{0.703}}, 0.715, 0.714, 0.621)
[TEST]  QWK:  0.618, PRS: 0.630, SPR: 0.627, RMSE: 0.651 (Best @ 7: {{0.646}}, 0.664, 0.664, 0.647)
--------------------------------------------------------------------------------------------------------------------------
Epoch 14/50
Training one epoch in 7.920 s
[DEV]   QWK:  0.648, PRS: 0.681, SPR: 0.678, RMSE: 0.670, (Best @ 7: {{0.703}}, 0.715, 0.714, 0.621)
[TEST]  QWK:  0.563, PRS: 0.602, SPR: 0.596, RMSE: 0.707 (Best @ 7: {{0.646}}, 0.664, 0.664, 0.647)
--------------------------------------------------------------------------------------------------------------------------
Epoch 15/50
Training one epoch in 7.947 s
[DEV]   QWK:  0.610, PRS: 0.682, SPR: 0.699, RMSE: 0.666, (Best @ 7: {{0.703}}, 0.715, 0.714, 0.621)
[TEST]  QWK:  0.488, PRS: 0.552, SPR: 0.563, RMSE: 0.759 (Best @ 7: {{0.646}}, 0.664, 0.664, 0.647)
--------------------------------------------------------------------------------------------------------------------------
Epoch 16/50
Training one epoch in 7.944 s
[DEV]   QWK:  0.690, PRS: 0.703, SPR: 0.715, RMSE: 0.619, (Best @ 7: {{0.703}}, 0.715, 0.714, 0.621)
[TEST]  QWK:  0.547, PRS: 0.560, SPR: 0.562, RMSE: 0.731 (Best @ 7: {{0.646}}, 0.664, 0.664, 0.647)
--------------------------------------------------------------------------------------------------------------------------
Epoch 17/50
Training one epoch in 7.954 s
[DEV]   QWK:  0.679, PRS: 0.689, SPR: 0.693, RMSE: 0.619, (Best @ 7: {{0.703}}, 0.715, 0.714, 0.621)
[TEST]  QWK:  0.569, PRS: 0.580, SPR: 0.577, RMSE: 0.686 (Best @ 7: {{0.646}}, 0.664, 0.664, 0.647)
--------------------------------------------------------------------------------------------------------------------------
Epoch 18/50
Training one epoch in 7.959 s
[DEV]   QWK:  0.691, PRS: 0.695, SPR: 0.697, RMSE: 0.621, (Best @ 7: {{0.703}}, 0.715, 0.714, 0.621)
[TEST]  QWK:  0.596, PRS: 0.606, SPR: 0.603, RMSE: 0.669 (Best @ 7: {{0.646}}, 0.664, 0.664, 0.647)
--------------------------------------------------------------------------------------------------------------------------
Epoch 19/50
Training one epoch in 7.943 s
[DEV]   QWK:  0.679, PRS: 0.691, SPR: 0.696, RMSE: 0.619, (Best @ 7: {{0.703}}, 0.715, 0.714, 0.621)
[TEST]  QWK:  0.529, PRS: 0.538, SPR: 0.535, RMSE: 0.727 (Best @ 7: {{0.646}}, 0.664, 0.664, 0.647)
--------------------------------------------------------------------------------------------------------------------------
Epoch 20/50
Training one epoch in 7.930 s
[DEV]   QWK:  0.678, PRS: 0.697, SPR: 0.697, RMSE: 0.648, (Best @ 7: {{0.703}}, 0.715, 0.714, 0.621)
[TEST]  QWK:  0.552, PRS: 0.583, SPR: 0.575, RMSE: 0.723 (Best @ 7: {{0.646}}, 0.664, 0.664, 0.647)
--------------------------------------------------------------------------------------------------------------------------
Epoch 21/50
Training one epoch in 7.925 s
[DEV]   QWK:  0.699, PRS: 0.707, SPR: 0.710, RMSE: 0.602, (Best @ 7: {{0.703}}, 0.715, 0.714, 0.621)
[TEST]  QWK:  0.569, PRS: 0.576, SPR: 0.574, RMSE: 0.699 (Best @ 7: {{0.646}}, 0.664, 0.664, 0.647)
--------------------------------------------------------------------------------------------------------------------------
Epoch 22/50
Training one epoch in 7.927 s
[DEV]   QWK:  0.682, PRS: 0.694, SPR: 0.692, RMSE: 0.630, (Best @ 7: {{0.703}}, 0.715, 0.714, 0.621)
[TEST]  QWK:  0.556, PRS: 0.583, SPR: 0.576, RMSE: 0.695 (Best @ 7: {{0.646}}, 0.664, 0.664, 0.647)
--------------------------------------------------------------------------------------------------------------------------
Epoch 23/50
Training one epoch in 7.949 s
[DEV]   QWK:  0.691, PRS: 0.697, SPR: 0.705, RMSE: 0.616, (Best @ 7: {{0.703}}, 0.715, 0.714, 0.621)
[TEST]  QWK:  0.572, PRS: 0.576, SPR: 0.574, RMSE: 0.707 (Best @ 7: {{0.646}}, 0.664, 0.664, 0.647)
--------------------------------------------------------------------------------------------------------------------------
Epoch 24/50
Training one epoch in 7.953 s
[DEV]   QWK:  0.650, PRS: 0.684, SPR: 0.703, RMSE: 0.630, (Best @ 7: {{0.703}}, 0.715, 0.714, 0.621)
[TEST]  QWK:  0.546, PRS: 0.571, SPR: 0.569, RMSE: 0.711 (Best @ 7: {{0.646}}, 0.664, 0.664, 0.647)
--------------------------------------------------------------------------------------------------------------------------
Epoch 25/50
Training one epoch in 7.968 s
[DEV]   QWK:  0.659, PRS: 0.676, SPR: 0.680, RMSE: 0.628, (Best @ 7: {{0.703}}, 0.715, 0.714, 0.621)
[TEST]  QWK:  0.521, PRS: 0.535, SPR: 0.530, RMSE: 0.723 (Best @ 7: {{0.646}}, 0.664, 0.664, 0.647)
--------------------------------------------------------------------------------------------------------------------------
Epoch 26/50
Training one epoch in 7.927 s
[DEV]   QWK:  0.697, PRS: 0.705, SPR: 0.705, RMSE: 0.632, (Best @ 7: {{0.703}}, 0.715, 0.714, 0.621)
[TEST]  QWK:  0.598, PRS: 0.616, SPR: 0.616, RMSE: 0.690 (Best @ 7: {{0.646}}, 0.664, 0.664, 0.647)
--------------------------------------------------------------------------------------------------------------------------
Epoch 27/50
Training one epoch in 7.924 s
[DEV]   QWK:  0.680, PRS: 0.694, SPR: 0.695, RMSE: 0.651, (Best @ 7: {{0.703}}, 0.715, 0.714, 0.621)
[TEST]  QWK:  0.571, PRS: 0.590, SPR: 0.587, RMSE: 0.711 (Best @ 7: {{0.646}}, 0.664, 0.664, 0.647)
--------------------------------------------------------------------------------------------------------------------------
Epoch 28/50
Training one epoch in 7.947 s
[DEV]   QWK:  0.663, PRS: 0.675, SPR: 0.674, RMSE: 0.637, (Best @ 7: {{0.703}}, 0.715, 0.714, 0.621)
[TEST]  QWK:  0.574, PRS: 0.598, SPR: 0.591, RMSE: 0.673 (Best @ 7: {{0.646}}, 0.664, 0.664, 0.647)
--------------------------------------------------------------------------------------------------------------------------
Epoch 29/50
Training one epoch in 7.929 s
[DEV]   QWK:  0.686, PRS: 0.701, SPR: 0.702, RMSE: 0.646, (Best @ 7: {{0.703}}, 0.715, 0.714, 0.621)
[TEST]  QWK:  0.576, PRS: 0.596, SPR: 0.594, RMSE: 0.711 (Best @ 7: {{0.646}}, 0.664, 0.664, 0.647)
--------------------------------------------------------------------------------------------------------------------------
Epoch 30/50
Training one epoch in 7.940 s
[DEV]   QWK:  0.680, PRS: 0.688, SPR: 0.695, RMSE: 0.621, (Best @ 7: {{0.703}}, 0.715, 0.714, 0.621)
[TEST]  QWK:  0.549, PRS: 0.555, SPR: 0.554, RMSE: 0.719 (Best @ 7: {{0.646}}, 0.664, 0.664, 0.647)
--------------------------------------------------------------------------------------------------------------------------
Epoch 31/50
Training one epoch in 7.960 s
[DEV]   QWK:  0.680, PRS: 0.695, SPR: 0.696, RMSE: 0.657, (Best @ 7: {{0.703}}, 0.715, 0.714, 0.621)
[TEST]  QWK:  0.568, PRS: 0.599, SPR: 0.596, RMSE: 0.719 (Best @ 7: {{0.646}}, 0.664, 0.664, 0.647)
--------------------------------------------------------------------------------------------------------------------------
Epoch 32/50
Training one epoch in 7.943 s
[DEV]   QWK:  0.689, PRS: 0.694, SPR: 0.701, RMSE: 0.621, (Best @ 7: {{0.703}}, 0.715, 0.714, 0.621)
[TEST]  QWK:  0.554, PRS: 0.558, SPR: 0.557, RMSE: 0.731 (Best @ 7: {{0.646}}, 0.664, 0.664, 0.647)
--------------------------------------------------------------------------------------------------------------------------
Epoch 33/50
Training one epoch in 7.921 s
[DEV]   QWK:  0.701, PRS: 0.706, SPR: 0.707, RMSE: 0.635, (Best @ 7: {{0.703}}, 0.715, 0.714, 0.621)
[TEST]  QWK:  0.595, PRS: 0.598, SPR: 0.598, RMSE: 0.707 (Best @ 7: {{0.646}}, 0.664, 0.664, 0.647)
--------------------------------------------------------------------------------------------------------------------------
Epoch 34/50
Training one epoch in 7.969 s
[DEV]   QWK:  0.665, PRS: 0.695, SPR: 0.698, RMSE: 0.681, (Best @ 7: {{0.703}}, 0.715, 0.714, 0.621)
[TEST]  QWK:  0.546, PRS: 0.576, SPR: 0.576, RMSE: 0.739 (Best @ 7: {{0.646}}, 0.664, 0.664, 0.647)
--------------------------------------------------------------------------------------------------------------------------
Epoch 35/50
Training one epoch in 7.964 s
[DEV]   QWK:  0.665, PRS: 0.686, SPR: 0.685, RMSE: 0.657, (Best @ 7: {{0.703}}, 0.715, 0.714, 0.621)
[TEST]  QWK:  0.513, PRS: 0.537, SPR: 0.538, RMSE: 0.743 (Best @ 7: {{0.646}}, 0.664, 0.664, 0.647)
--------------------------------------------------------------------------------------------------------------------------
Epoch 36/50
Training one epoch in 7.984 s
[DEV]   QWK:  0.630, PRS: 0.648, SPR: 0.645, RMSE: 0.657, (Best @ 7: {{0.703}}, 0.715, 0.714, 0.621)
[TEST]  QWK:  0.511, PRS: 0.533, SPR: 0.532, RMSE: 0.719 (Best @ 7: {{0.646}}, 0.664, 0.664, 0.647)
--------------------------------------------------------------------------------------------------------------------------
Epoch 37/50
Training one epoch in 7.952 s
[DEV]   QWK:  0.691, PRS: 0.694, SPR: 0.696, RMSE: 0.628, (Best @ 7: {{0.703}}, 0.715, 0.714, 0.621)
[TEST]  QWK:  0.561, PRS: 0.564, SPR: 0.561, RMSE: 0.719 (Best @ 7: {{0.646}}, 0.664, 0.664, 0.647)
--------------------------------------------------------------------------------------------------------------------------
Epoch 38/50
Training one epoch in 7.971 s
[DEV]   QWK:  0.613, PRS: 0.626, SPR: 0.624, RMSE: 0.666, (Best @ 7: {{0.703}}, 0.715, 0.714, 0.621)
[TEST]  QWK:  0.523, PRS: 0.530, SPR: 0.526, RMSE: 0.731 (Best @ 7: {{0.646}}, 0.664, 0.664, 0.647)
--------------------------------------------------------------------------------------------------------------------------
Epoch 39/50
Training one epoch in 7.976 s
[DEV]   QWK:  0.707, PRS: 0.709, SPR: 0.714, RMSE: 0.616, (Best @ 39: {{0.707}}, 0.709, 0.714, 0.616)
[TEST]  QWK:  0.579, PRS: 0.580, SPR: 0.583, RMSE: 0.731 (Best @ 39: {{0.579}}, 0.580, 0.583, 0.731)
--------------------------------------------------------------------------------------------------------------------------
Epoch 40/50
Training one epoch in 7.949 s
[DEV]   QWK:  0.695, PRS: 0.699, SPR: 0.702, RMSE: 0.619, (Best @ 39: {{0.707}}, 0.709, 0.714, 0.616)
[TEST]  QWK:  0.534, PRS: 0.537, SPR: 0.537, RMSE: 0.755 (Best @ 39: {{0.579}}, 0.580, 0.583, 0.731)
--------------------------------------------------------------------------------------------------------------------------
Epoch 41/50
Training one epoch in 7.967 s
[DEV]   QWK:  0.666, PRS: 0.672, SPR: 0.683, RMSE: 0.644, (Best @ 39: {{0.707}}, 0.709, 0.714, 0.616)
[TEST]  QWK:  0.532, PRS: 0.539, SPR: 0.537, RMSE: 0.755 (Best @ 39: {{0.579}}, 0.580, 0.583, 0.731)
--------------------------------------------------------------------------------------------------------------------------
Epoch 42/50
Training one epoch in 7.966 s
[DEV]   QWK:  0.690, PRS: 0.702, SPR: 0.702, RMSE: 0.637, (Best @ 39: {{0.707}}, 0.709, 0.714, 0.616)
[TEST]  QWK:  0.574, PRS: 0.585, SPR: 0.583, RMSE: 0.711 (Best @ 39: {{0.579}}, 0.580, 0.583, 0.731)
--------------------------------------------------------------------------------------------------------------------------
Epoch 43/50
Training one epoch in 7.966 s
[DEV]   QWK:  0.683, PRS: 0.687, SPR: 0.690, RMSE: 0.632, (Best @ 39: {{0.707}}, 0.709, 0.714, 0.616)
[TEST]  QWK:  0.541, PRS: 0.546, SPR: 0.542, RMSE: 0.727 (Best @ 39: {{0.579}}, 0.580, 0.583, 0.731)
--------------------------------------------------------------------------------------------------------------------------
Epoch 44/50
Training one epoch in 7.935 s
[DEV]   QWK:  0.648, PRS: 0.662, SPR: 0.660, RMSE: 0.664, (Best @ 39: {{0.707}}, 0.709, 0.714, 0.616)
[TEST]  QWK:  0.532, PRS: 0.549, SPR: 0.550, RMSE: 0.719 (Best @ 39: {{0.579}}, 0.580, 0.583, 0.731)
--------------------------------------------------------------------------------------------------------------------------
Epoch 45/50
Training one epoch in 7.950 s
[DEV]   QWK:  0.654, PRS: 0.667, SPR: 0.666, RMSE: 0.664, (Best @ 39: {{0.707}}, 0.709, 0.714, 0.616)
[TEST]  QWK:  0.543, PRS: 0.556, SPR: 0.558, RMSE: 0.723 (Best @ 39: {{0.579}}, 0.580, 0.583, 0.731)
--------------------------------------------------------------------------------------------------------------------------
Epoch 46/50
Training one epoch in 7.959 s
[DEV]   QWK:  0.700, PRS: 0.708, SPR: 0.707, RMSE: 0.642, (Best @ 39: {{0.707}}, 0.709, 0.714, 0.616)
[TEST]  QWK:  0.546, PRS: 0.551, SPR: 0.555, RMSE: 0.751 (Best @ 39: {{0.579}}, 0.580, 0.583, 0.731)
--------------------------------------------------------------------------------------------------------------------------
Epoch 47/50
Training one epoch in 7.978 s
[DEV]   QWK:  0.651, PRS: 0.671, SPR: 0.669, RMSE: 0.679, (Best @ 39: {{0.707}}, 0.709, 0.714, 0.616)
[TEST]  QWK:  0.513, PRS: 0.525, SPR: 0.516, RMSE: 0.755 (Best @ 39: {{0.579}}, 0.580, 0.583, 0.731)
--------------------------------------------------------------------------------------------------------------------------
Epoch 48/50
Training one epoch in 7.937 s
[DEV]   QWK:  0.561, PRS: 0.626, SPR: 0.642, RMSE: 0.718, (Best @ 39: {{0.707}}, 0.709, 0.714, 0.616)
[TEST]  QWK:  0.479, PRS: 0.530, SPR: 0.536, RMSE: 0.796 (Best @ 39: {{0.579}}, 0.580, 0.583, 0.731)
--------------------------------------------------------------------------------------------------------------------------
Epoch 49/50
Training one epoch in 7.955 s
[DEV]   QWK:  0.685, PRS: 0.690, SPR: 0.702, RMSE: 0.630, (Best @ 39: {{0.707}}, 0.709, 0.714, 0.616)
[TEST]  QWK:  0.548, PRS: 0.554, SPR: 0.555, RMSE: 0.762 (Best @ 39: {{0.579}}, 0.580, 0.583, 0.731)
--------------------------------------------------------------------------------------------------------------------------
Epoch 50/50
Training one epoch in 7.980 s
[DEV]   QWK:  0.637, PRS: 0.661, SPR: 0.657, RMSE: 0.685, (Best @ 39: {{0.707}}, 0.709, 0.714, 0.616)
[TEST]  QWK:  0.537, PRS: 0.553, SPR: 0.560, RMSE: 0.735 (Best @ 39: {{0.579}}, 0.580, 0.583, 0.731)
--------------------------------------------------------------------------------------------------------------------------
