X_train shape: (1099, 3350)
Initial evaluation: 
[DEV]   QWK:  0.000, PRS: 0.000, SPR: 0.000, RMSE: 4.475, (Best @ -1: {{0.000}}, 0.000, 0.000, 4.475)
[TEST]  QWK:  0.000, PRS: 0.000, SPR: 0.000, RMSE: 4.738 (Best @ -1: {{0.000}}, 0.000, 0.000, 4.738)
--------------------------------------------------------------------------------------------------------------------------
Train model
Epoch 1/50
Training one epoch in 22.862 s
[DEV]   QWK:  0.562, PRS: 0.751, SPR: 0.751, RMSE: 3.950, (Best @ 1: {{0.562}}, 0.751, 0.751, 3.950)
[TEST]  QWK:  0.602, PRS: 0.773, SPR: 0.768, RMSE: 4.038 (Best @ 1: {{0.602}}, 0.773, 0.768, 4.038)
--------------------------------------------------------------------------------------------------------------------------
Epoch 2/50
Training one epoch in 20.620 s
[DEV]   QWK:  0.703, PRS: 0.745, SPR: 0.762, RMSE: 2.948, (Best @ 2: {{0.703}}, 0.745, 0.762, 2.948)
[TEST]  QWK:  0.733, PRS: 0.774, SPR: 0.783, RMSE: 3.002 (Best @ 2: {{0.733}}, 0.774, 0.783, 3.002)
--------------------------------------------------------------------------------------------------------------------------
Epoch 3/50
Training one epoch in 20.704 s
[DEV]   QWK:  0.720, PRS: 0.766, SPR: 0.785, RMSE: 2.817, (Best @ 3: {{0.720}}, 0.766, 0.785, 2.817)
[TEST]  QWK:  0.730, PRS: 0.778, SPR: 0.785, RMSE: 2.957 (Best @ 3: {{0.730}}, 0.778, 0.785, 2.957)
--------------------------------------------------------------------------------------------------------------------------
Epoch 4/50
Training one epoch in 20.773 s
[DEV]   QWK:  0.681, PRS: 0.787, SPR: 0.802, RMSE: 2.822, (Best @ 3: {{0.720}}, 0.766, 0.785, 2.817)
[TEST]  QWK:  0.655, PRS: 0.782, SPR: 0.783, RMSE: 3.097 (Best @ 3: {{0.730}}, 0.778, 0.785, 2.957)
--------------------------------------------------------------------------------------------------------------------------
Epoch 5/50
Training one epoch in 20.752 s
[DEV]   QWK:  0.731, PRS: 0.790, SPR: 0.803, RMSE: 2.743, (Best @ 5: {{0.731}}, 0.790, 0.803, 2.743)
[TEST]  QWK:  0.719, PRS: 0.785, SPR: 0.779, RMSE: 2.960 (Best @ 5: {{0.719}}, 0.785, 0.779, 2.960)
--------------------------------------------------------------------------------------------------------------------------
Epoch 6/50
Training one epoch in 20.628 s
[DEV]   QWK:  0.746, PRS: 0.800, SPR: 0.807, RMSE: 2.625, (Best @ 6: {{0.746}}, 0.800, 0.807, 2.625)
[TEST]  QWK:  0.726, PRS: 0.792, SPR: 0.792, RMSE: 2.900 (Best @ 6: {{0.726}}, 0.792, 0.792, 2.900)
--------------------------------------------------------------------------------------------------------------------------
Epoch 7/50
Training one epoch in 20.618 s
[DEV]   QWK:  0.763, PRS: 0.808, SPR: 0.816, RMSE: 2.582, (Best @ 7: {{0.763}}, 0.808, 0.816, 2.582)
[TEST]  QWK:  0.753, PRS: 0.803, SPR: 0.791, RMSE: 2.803 (Best @ 7: {{0.753}}, 0.803, 0.791, 2.803)
--------------------------------------------------------------------------------------------------------------------------
Epoch 8/50
Training one epoch in 20.711 s
[DEV]   QWK:  0.769, PRS: 0.803, SPR: 0.811, RMSE: 2.579, (Best @ 8: {{0.769}}, 0.803, 0.811, 2.579)
[TEST]  QWK:  0.761, PRS: 0.805, SPR: 0.800, RMSE: 2.779 (Best @ 8: {{0.761}}, 0.805, 0.800, 2.779)
--------------------------------------------------------------------------------------------------------------------------
Epoch 9/50
Training one epoch in 20.622 s
[DEV]   QWK:  0.777, PRS: 0.805, SPR: 0.815, RMSE: 2.655, (Best @ 9: {{0.777}}, 0.805, 0.815, 2.655)
[TEST]  QWK:  0.776, PRS: 0.806, SPR: 0.804, RMSE: 2.786 (Best @ 9: {{0.776}}, 0.806, 0.804, 2.786)
--------------------------------------------------------------------------------------------------------------------------
Epoch 10/50
Training one epoch in 20.630 s
[DEV]   QWK:  0.752, PRS: 0.786, SPR: 0.792, RMSE: 2.819, (Best @ 9: {{0.777}}, 0.805, 0.815, 2.655)
[TEST]  QWK:  0.761, PRS: 0.798, SPR: 0.799, RMSE: 2.851 (Best @ 9: {{0.776}}, 0.806, 0.804, 2.786)
--------------------------------------------------------------------------------------------------------------------------
Epoch 11/50
Training one epoch in 20.684 s
[DEV]   QWK:  0.773, PRS: 0.808, SPR: 0.817, RMSE: 2.574, (Best @ 9: {{0.777}}, 0.805, 0.815, 2.655)
[TEST]  QWK:  0.757, PRS: 0.797, SPR: 0.797, RMSE: 2.868 (Best @ 9: {{0.776}}, 0.806, 0.804, 2.786)
--------------------------------------------------------------------------------------------------------------------------
Epoch 12/50
Training one epoch in 20.659 s
[DEV]   QWK:  0.801, PRS: 0.806, SPR: 0.817, RMSE: 2.651, (Best @ 12: {{0.801}}, 0.806, 0.817, 2.651)
[TEST]  QWK:  0.784, PRS: 0.796, SPR: 0.797, RMSE: 2.923 (Best @ 12: {{0.784}}, 0.796, 0.797, 2.923)
--------------------------------------------------------------------------------------------------------------------------
Epoch 13/50
Training one epoch in 20.658 s
[DEV]   QWK:  0.765, PRS: 0.792, SPR: 0.810, RMSE: 2.716, (Best @ 12: {{0.801}}, 0.806, 0.817, 2.651)
[TEST]  QWK:  0.741, PRS: 0.772, SPR: 0.785, RMSE: 2.972 (Best @ 12: {{0.784}}, 0.796, 0.797, 2.923)
--------------------------------------------------------------------------------------------------------------------------
Epoch 14/50
Training one epoch in 20.664 s
[DEV]   QWK:  0.784, PRS: 0.806, SPR: 0.816, RMSE: 2.645, (Best @ 12: {{0.801}}, 0.806, 0.817, 2.651)
[TEST]  QWK:  0.785, PRS: 0.807, SPR: 0.807, RMSE: 2.772 (Best @ 12: {{0.784}}, 0.796, 0.797, 2.923)
--------------------------------------------------------------------------------------------------------------------------
Epoch 15/50
Training one epoch in 20.696 s
[DEV]   QWK:  0.694, PRS: 0.772, SPR: 0.773, RMSE: 3.173, (Best @ 12: {{0.801}}, 0.806, 0.817, 2.651)
[TEST]  QWK:  0.728, PRS: 0.792, SPR: 0.795, RMSE: 3.141 (Best @ 12: {{0.784}}, 0.796, 0.797, 2.923)
--------------------------------------------------------------------------------------------------------------------------
Epoch 16/50
Training one epoch in 20.656 s
[DEV]   QWK:  0.779, PRS: 0.801, SPR: 0.809, RMSE: 2.575, (Best @ 12: {{0.801}}, 0.806, 0.817, 2.651)
[TEST]  QWK:  0.768, PRS: 0.800, SPR: 0.811, RMSE: 2.788 (Best @ 12: {{0.784}}, 0.796, 0.797, 2.923)
--------------------------------------------------------------------------------------------------------------------------
Epoch 17/50
Training one epoch in 20.635 s
[DEV]   QWK:  0.782, PRS: 0.806, SPR: 0.819, RMSE: 2.618, (Best @ 12: {{0.801}}, 0.806, 0.817, 2.651)
[TEST]  QWK:  0.782, PRS: 0.811, SPR: 0.818, RMSE: 2.747 (Best @ 12: {{0.784}}, 0.796, 0.797, 2.923)
--------------------------------------------------------------------------------------------------------------------------
Epoch 18/50
Training one epoch in 20.708 s
[DEV]   QWK:  0.795, PRS: 0.802, SPR: 0.811, RMSE: 2.581, (Best @ 12: {{0.801}}, 0.806, 0.817, 2.651)
[TEST]  QWK:  0.793, PRS: 0.806, SPR: 0.810, RMSE: 2.749 (Best @ 12: {{0.784}}, 0.796, 0.797, 2.923)
--------------------------------------------------------------------------------------------------------------------------
Epoch 19/50
Training one epoch in 20.636 s
[DEV]   QWK:  0.777, PRS: 0.806, SPR: 0.807, RMSE: 2.556, (Best @ 12: {{0.801}}, 0.806, 0.817, 2.651)
[TEST]  QWK:  0.780, PRS: 0.816, SPR: 0.817, RMSE: 2.697 (Best @ 12: {{0.784}}, 0.796, 0.797, 2.923)
--------------------------------------------------------------------------------------------------------------------------
Epoch 20/50
Training one epoch in 20.651 s
[DEV]   QWK:  0.776, PRS: 0.804, SPR: 0.812, RMSE: 2.841, (Best @ 12: {{0.801}}, 0.806, 0.817, 2.651)
[TEST]  QWK:  0.780, PRS: 0.811, SPR: 0.812, RMSE: 3.003 (Best @ 12: {{0.784}}, 0.796, 0.797, 2.923)
--------------------------------------------------------------------------------------------------------------------------
Epoch 21/50
Training one epoch in 20.673 s
[DEV]   QWK:  0.767, PRS: 0.804, SPR: 0.816, RMSE: 2.802, (Best @ 12: {{0.801}}, 0.806, 0.817, 2.651)
[TEST]  QWK:  0.780, PRS: 0.816, SPR: 0.816, RMSE: 2.910 (Best @ 12: {{0.784}}, 0.796, 0.797, 2.923)
--------------------------------------------------------------------------------------------------------------------------
Epoch 22/50
Training one epoch in 20.525 s
[DEV]   QWK:  0.801, PRS: 0.811, SPR: 0.817, RMSE: 2.535, (Best @ 22: {{0.801}}, 0.811, 0.817, 2.535)
[TEST]  QWK:  0.814, PRS: 0.826, SPR: 0.826, RMSE: 2.614 (Best @ 22: {{0.814}}, 0.826, 0.826, 2.614)
--------------------------------------------------------------------------------------------------------------------------
Epoch 23/50
Training one epoch in 20.706 s
[DEV]   QWK:  0.799, PRS: 0.810, SPR: 0.818, RMSE: 2.760, (Best @ 22: {{0.801}}, 0.811, 0.817, 2.535)
[TEST]  QWK:  0.806, PRS: 0.818, SPR: 0.815, RMSE: 2.869 (Best @ 22: {{0.814}}, 0.826, 0.826, 2.614)
--------------------------------------------------------------------------------------------------------------------------
Epoch 24/50
Training one epoch in 20.771 s
[DEV]   QWK:  0.808, PRS: 0.810, SPR: 0.818, RMSE: 2.676, (Best @ 24: {{0.808}}, 0.810, 0.818, 2.676)
[TEST]  QWK:  0.817, PRS: 0.819, SPR: 0.822, RMSE: 2.776 (Best @ 24: {{0.817}}, 0.819, 0.822, 2.776)
--------------------------------------------------------------------------------------------------------------------------
Epoch 25/50
Training one epoch in 20.688 s
[DEV]   QWK:  0.783, PRS: 0.796, SPR: 0.798, RMSE: 2.673, (Best @ 24: {{0.808}}, 0.810, 0.818, 2.676)
[TEST]  QWK:  0.803, PRS: 0.815, SPR: 0.812, RMSE: 2.713 (Best @ 24: {{0.817}}, 0.819, 0.822, 2.776)
--------------------------------------------------------------------------------------------------------------------------
Epoch 26/50
Training one epoch in 20.654 s
[DEV]   QWK:  0.731, PRS: 0.784, SPR: 0.797, RMSE: 2.835, (Best @ 24: {{0.808}}, 0.810, 0.818, 2.676)
[TEST]  QWK:  0.770, PRS: 0.818, SPR: 0.823, RMSE: 2.809 (Best @ 24: {{0.817}}, 0.819, 0.822, 2.776)
--------------------------------------------------------------------------------------------------------------------------
Epoch 27/50
Training one epoch in 20.614 s
[DEV]   QWK:  0.794, PRS: 0.810, SPR: 0.818, RMSE: 2.662, (Best @ 24: {{0.808}}, 0.810, 0.818, 2.676)
[TEST]  QWK:  0.804, PRS: 0.821, SPR: 0.815, RMSE: 2.757 (Best @ 24: {{0.817}}, 0.819, 0.822, 2.776)
--------------------------------------------------------------------------------------------------------------------------
Epoch 28/50
Training one epoch in 20.676 s
[DEV]   QWK:  0.798, PRS: 0.811, SPR: 0.821, RMSE: 2.637, (Best @ 24: {{0.808}}, 0.810, 0.818, 2.676)
[TEST]  QWK:  0.812, PRS: 0.824, SPR: 0.820, RMSE: 2.720 (Best @ 24: {{0.817}}, 0.819, 0.822, 2.776)
--------------------------------------------------------------------------------------------------------------------------
Epoch 29/50
Training one epoch in 20.647 s
[DEV]   QWK:  0.794, PRS: 0.813, SPR: 0.818, RMSE: 2.661, (Best @ 24: {{0.808}}, 0.810, 0.818, 2.676)
[TEST]  QWK:  0.810, PRS: 0.831, SPR: 0.828, RMSE: 2.709 (Best @ 24: {{0.817}}, 0.819, 0.822, 2.776)
--------------------------------------------------------------------------------------------------------------------------
Epoch 30/50
Training one epoch in 20.632 s
[DEV]   QWK:  0.776, PRS: 0.810, SPR: 0.819, RMSE: 2.709, (Best @ 24: {{0.808}}, 0.810, 0.818, 2.676)
[TEST]  QWK:  0.790, PRS: 0.823, SPR: 0.814, RMSE: 2.787 (Best @ 24: {{0.817}}, 0.819, 0.822, 2.776)
--------------------------------------------------------------------------------------------------------------------------
Epoch 31/50
Training one epoch in 20.745 s
[DEV]   QWK:  0.804, PRS: 0.807, SPR: 0.813, RMSE: 2.589, (Best @ 24: {{0.808}}, 0.810, 0.818, 2.676)
[TEST]  QWK:  0.818, PRS: 0.823, SPR: 0.815, RMSE: 2.663 (Best @ 24: {{0.817}}, 0.819, 0.822, 2.776)
--------------------------------------------------------------------------------------------------------------------------
Epoch 32/50
Training one epoch in 20.730 s
[DEV]   QWK:  0.761, PRS: 0.792, SPR: 0.806, RMSE: 2.949, (Best @ 24: {{0.808}}, 0.810, 0.818, 2.676)
[TEST]  QWK:  0.776, PRS: 0.807, SPR: 0.806, RMSE: 3.036 (Best @ 24: {{0.817}}, 0.819, 0.822, 2.776)
--------------------------------------------------------------------------------------------------------------------------
Epoch 33/50
Training one epoch in 20.653 s
[DEV]   QWK:  0.791, PRS: 0.803, SPR: 0.809, RMSE: 2.565, (Best @ 24: {{0.808}}, 0.810, 0.818, 2.676)
[TEST]  QWK:  0.810, PRS: 0.827, SPR: 0.819, RMSE: 2.605 (Best @ 24: {{0.817}}, 0.819, 0.822, 2.776)
--------------------------------------------------------------------------------------------------------------------------
Epoch 34/50
Training one epoch in 20.688 s
[DEV]   QWK:  0.784, PRS: 0.812, SPR: 0.818, RMSE: 2.647, (Best @ 24: {{0.808}}, 0.810, 0.818, 2.676)
[TEST]  QWK:  0.793, PRS: 0.821, SPR: 0.813, RMSE: 2.765 (Best @ 24: {{0.817}}, 0.819, 0.822, 2.776)
--------------------------------------------------------------------------------------------------------------------------
Epoch 35/50
Training one epoch in 20.457 s
[DEV]   QWK:  0.789, PRS: 0.810, SPR: 0.818, RMSE: 2.574, (Best @ 24: {{0.808}}, 0.810, 0.818, 2.676)
[TEST]  QWK:  0.798, PRS: 0.823, SPR: 0.812, RMSE: 2.689 (Best @ 24: {{0.817}}, 0.819, 0.822, 2.776)
--------------------------------------------------------------------------------------------------------------------------
Epoch 36/50
Training one epoch in 20.630 s
[DEV]   QWK:  0.771, PRS: 0.807, SPR: 0.815, RMSE: 2.700, (Best @ 24: {{0.808}}, 0.810, 0.818, 2.676)
[TEST]  QWK:  0.779, PRS: 0.809, SPR: 0.803, RMSE: 2.864 (Best @ 24: {{0.817}}, 0.819, 0.822, 2.776)
--------------------------------------------------------------------------------------------------------------------------
Epoch 37/50
Training one epoch in 20.623 s
[DEV]   QWK:  0.804, PRS: 0.809, SPR: 0.818, RMSE: 2.701, (Best @ 24: {{0.808}}, 0.810, 0.818, 2.676)
[TEST]  QWK:  0.811, PRS: 0.817, SPR: 0.809, RMSE: 2.843 (Best @ 24: {{0.817}}, 0.819, 0.822, 2.776)
--------------------------------------------------------------------------------------------------------------------------
Epoch 38/50
Training one epoch in 20.616 s
[DEV]   QWK:  0.795, PRS: 0.803, SPR: 0.811, RMSE: 2.576, (Best @ 24: {{0.808}}, 0.810, 0.818, 2.676)
[TEST]  QWK:  0.807, PRS: 0.816, SPR: 0.810, RMSE: 2.694 (Best @ 24: {{0.817}}, 0.819, 0.822, 2.776)
--------------------------------------------------------------------------------------------------------------------------
Epoch 39/50
Training one epoch in 20.799 s
[DEV]   QWK:  0.795, PRS: 0.798, SPR: 0.815, RMSE: 2.652, (Best @ 24: {{0.808}}, 0.810, 0.818, 2.676)
[TEST]  QWK:  0.820, PRS: 0.822, SPR: 0.817, RMSE: 2.678 (Best @ 24: {{0.817}}, 0.819, 0.822, 2.776)
--------------------------------------------------------------------------------------------------------------------------
Epoch 40/50
Training one epoch in 20.860 s
[DEV]   QWK:  0.785, PRS: 0.797, SPR: 0.810, RMSE: 2.622, (Best @ 24: {{0.808}}, 0.810, 0.818, 2.676)
[TEST]  QWK:  0.803, PRS: 0.817, SPR: 0.810, RMSE: 2.691 (Best @ 24: {{0.817}}, 0.819, 0.822, 2.776)
--------------------------------------------------------------------------------------------------------------------------
Epoch 41/50
Training one epoch in 20.718 s
[DEV]   QWK:  0.772, PRS: 0.806, SPR: 0.819, RMSE: 2.585, (Best @ 24: {{0.808}}, 0.810, 0.818, 2.676)
[TEST]  QWK:  0.786, PRS: 0.821, SPR: 0.806, RMSE: 2.696 (Best @ 24: {{0.817}}, 0.819, 0.822, 2.776)
--------------------------------------------------------------------------------------------------------------------------
Epoch 42/50
Training one epoch in 20.808 s
[DEV]   QWK:  0.789, PRS: 0.794, SPR: 0.803, RMSE: 2.678, (Best @ 24: {{0.808}}, 0.810, 0.818, 2.676)
[TEST]  QWK:  0.803, PRS: 0.807, SPR: 0.798, RMSE: 2.784 (Best @ 24: {{0.817}}, 0.819, 0.822, 2.776)
--------------------------------------------------------------------------------------------------------------------------
Epoch 43/50
Training one epoch in 20.593 s
[DEV]   QWK:  0.742, PRS: 0.805, SPR: 0.813, RMSE: 2.793, (Best @ 24: {{0.808}}, 0.810, 0.818, 2.676)
[TEST]  QWK:  0.754, PRS: 0.813, SPR: 0.800, RMSE: 2.922 (Best @ 24: {{0.817}}, 0.819, 0.822, 2.776)
--------------------------------------------------------------------------------------------------------------------------
Epoch 44/50
Training one epoch in 20.846 s
[DEV]   QWK:  0.791, PRS: 0.810, SPR: 0.816, RMSE: 2.574, (Best @ 24: {{0.808}}, 0.810, 0.818, 2.676)
[TEST]  QWK:  0.796, PRS: 0.818, SPR: 0.809, RMSE: 2.719 (Best @ 24: {{0.817}}, 0.819, 0.822, 2.776)
--------------------------------------------------------------------------------------------------------------------------
Epoch 45/50
Training one epoch in 20.820 s
[DEV]   QWK:  0.785, PRS: 0.789, SPR: 0.804, RMSE: 2.718, (Best @ 24: {{0.808}}, 0.810, 0.818, 2.676)
[TEST]  QWK:  0.798, PRS: 0.802, SPR: 0.792, RMSE: 2.822 (Best @ 24: {{0.817}}, 0.819, 0.822, 2.776)
--------------------------------------------------------------------------------------------------------------------------
Epoch 46/50
Training one epoch in 20.818 s
[DEV]   QWK:  0.812, PRS: 0.814, SPR: 0.823, RMSE: 2.554, (Best @ 46: {{0.812}}, 0.814, 0.823, 2.554)
[TEST]  QWK:  0.828, PRS: 0.830, SPR: 0.824, RMSE: 2.628 (Best @ 46: {{0.828}}, 0.830, 0.824, 2.628)
--------------------------------------------------------------------------------------------------------------------------
Epoch 47/50
Training one epoch in 20.678 s
[DEV]   QWK:  0.783, PRS: 0.797, SPR: 0.806, RMSE: 2.604, (Best @ 46: {{0.812}}, 0.814, 0.823, 2.554)
[TEST]  QWK:  0.796, PRS: 0.813, SPR: 0.803, RMSE: 2.706 (Best @ 46: {{0.828}}, 0.830, 0.824, 2.628)
--------------------------------------------------------------------------------------------------------------------------
Epoch 48/50
Training one epoch in 20.780 s
[DEV]   QWK:  0.792, PRS: 0.801, SPR: 0.813, RMSE: 2.626, (Best @ 46: {{0.812}}, 0.814, 0.823, 2.554)
[TEST]  QWK:  0.804, PRS: 0.817, SPR: 0.808, RMSE: 2.739 (Best @ 46: {{0.828}}, 0.830, 0.824, 2.628)
--------------------------------------------------------------------------------------------------------------------------
Epoch 49/50
Training one epoch in 20.703 s
[DEV]   QWK:  0.790, PRS: 0.795, SPR: 0.808, RMSE: 2.640, (Best @ 46: {{0.812}}, 0.814, 0.823, 2.554)
[TEST]  QWK:  0.803, PRS: 0.808, SPR: 0.801, RMSE: 2.769 (Best @ 46: {{0.828}}, 0.830, 0.824, 2.628)
--------------------------------------------------------------------------------------------------------------------------
Epoch 50/50
Training one epoch in 20.858 s
[DEV]   QWK:  0.797, PRS: 0.798, SPR: 0.800, RMSE: 2.708, (Best @ 46: {{0.812}}, 0.814, 0.823, 2.554)
[TEST]  QWK:  0.813, PRS: 0.815, SPR: 0.805, RMSE: 2.784 (Best @ 46: {{0.828}}, 0.830, 0.824, 2.628)
--------------------------------------------------------------------------------------------------------------------------
