X_train shape: (507, 4850)
Initial evaluation: 
[DEV]   QWK:  0.000, PRS: 0.000, SPR: 0.000, RMSE: 10.230, (Best @ -1: {{0.000}}, 0.000, 0.000, 10.230)
[TEST]  QWK:  -0.002, PRS: -0.122, SPR: -0.164, RMSE: 9.555 (Best @ -1: {{-0.002}}, -0.122, -0.164, 9.555)
--------------------------------------------------------------------------------------------------------------------------
Train model
Epoch 1/50
Training one epoch in 16.657 s
[DEV]   QWK:  0.317, PRS: 0.543, SPR: 0.497, RMSE: 5.820, (Best @ 1: {{0.317}}, 0.543, 0.497, 5.820)
[TEST]  QWK:  0.382, PRS: 0.609, SPR: 0.534, RMSE: 5.353 (Best @ 1: {{0.382}}, 0.609, 0.534, 5.353)
--------------------------------------------------------------------------------------------------------------------------
Epoch 2/50
Training one epoch in 14.138 s
[DEV]   QWK:  0.422, PRS: 0.544, SPR: 0.513, RMSE: 5.369, (Best @ 2: {{0.422}}, 0.544, 0.513, 5.369)
[TEST]  QWK:  0.490, PRS: 0.625, SPR: 0.547, RMSE: 4.922 (Best @ 2: {{0.490}}, 0.625, 0.547, 4.922)
--------------------------------------------------------------------------------------------------------------------------
Epoch 3/50
Training one epoch in 14.146 s
[DEV]   QWK:  0.434, PRS: 0.554, SPR: 0.519, RMSE: 5.179, (Best @ 3: {{0.434}}, 0.554, 0.519, 5.179)
[TEST]  QWK:  0.481, PRS: 0.650, SPR: 0.568, RMSE: 5.033 (Best @ 3: {{0.481}}, 0.650, 0.568, 5.033)
--------------------------------------------------------------------------------------------------------------------------
Epoch 4/50
Training one epoch in 14.218 s
[DEV]   QWK:  0.486, PRS: 0.587, SPR: 0.540, RMSE: 5.068, (Best @ 4: {{0.486}}, 0.587, 0.540, 5.068)
[TEST]  QWK:  0.518, PRS: 0.668, SPR: 0.577, RMSE: 4.976 (Best @ 4: {{0.518}}, 0.668, 0.577, 4.976)
--------------------------------------------------------------------------------------------------------------------------
Epoch 5/50
Training one epoch in 14.203 s
[DEV]   QWK:  0.474, PRS: 0.610, SPR: 0.573, RMSE: 5.095, (Best @ 4: {{0.486}}, 0.587, 0.540, 5.068)
[TEST]  QWK:  0.537, PRS: 0.682, SPR: 0.603, RMSE: 4.662 (Best @ 4: {{0.518}}, 0.668, 0.577, 4.976)
--------------------------------------------------------------------------------------------------------------------------
Epoch 6/50
Training one epoch in 14.140 s
[DEV]   QWK:  0.541, PRS: 0.673, SPR: 0.634, RMSE: 4.686, (Best @ 6: {{0.541}}, 0.673, 0.634, 4.686)
[TEST]  QWK:  0.571, PRS: 0.729, SPR: 0.645, RMSE: 4.491 (Best @ 6: {{0.571}}, 0.729, 0.645, 4.491)
--------------------------------------------------------------------------------------------------------------------------
Epoch 7/50
Training one epoch in 14.210 s
[DEV]   QWK:  0.562, PRS: 0.675, SPR: 0.638, RMSE: 4.873, (Best @ 7: {{0.562}}, 0.675, 0.638, 4.873)
[TEST]  QWK:  0.560, PRS: 0.766, SPR: 0.672, RMSE: 5.113 (Best @ 7: {{0.560}}, 0.766, 0.672, 5.113)
--------------------------------------------------------------------------------------------------------------------------
Epoch 8/50
Training one epoch in 14.191 s
[DEV]   QWK:  0.592, PRS: 0.690, SPR: 0.659, RMSE: 4.505, (Best @ 8: {{0.592}}, 0.690, 0.659, 4.505)
[TEST]  QWK:  0.612, PRS: 0.771, SPR: 0.696, RMSE: 4.439 (Best @ 8: {{0.612}}, 0.771, 0.696, 4.439)
--------------------------------------------------------------------------------------------------------------------------
Epoch 9/50
Training one epoch in 14.132 s
[DEV]   QWK:  0.572, PRS: 0.694, SPR: 0.669, RMSE: 4.604, (Best @ 8: {{0.592}}, 0.690, 0.659, 4.505)
[TEST]  QWK:  0.578, PRS: 0.780, SPR: 0.711, RMSE: 4.727 (Best @ 8: {{0.612}}, 0.771, 0.696, 4.439)
--------------------------------------------------------------------------------------------------------------------------
Epoch 10/50
Training one epoch in 14.201 s
[DEV]   QWK:  0.568, PRS: 0.710, SPR: 0.683, RMSE: 4.613, (Best @ 8: {{0.592}}, 0.690, 0.659, 4.505)
[TEST]  QWK:  0.630, PRS: 0.800, SPR: 0.748, RMSE: 4.160 (Best @ 8: {{0.612}}, 0.771, 0.696, 4.439)
--------------------------------------------------------------------------------------------------------------------------
Epoch 11/50
Training one epoch in 14.309 s
[DEV]   QWK:  0.638, PRS: 0.707, SPR: 0.682, RMSE: 4.365, (Best @ 11: {{0.638}}, 0.707, 0.682, 4.365)
[TEST]  QWK:  0.681, PRS: 0.806, SPR: 0.757, RMSE: 4.088 (Best @ 11: {{0.681}}, 0.806, 0.757, 4.088)
--------------------------------------------------------------------------------------------------------------------------
Epoch 12/50
Training one epoch in 14.222 s
[DEV]   QWK:  0.641, PRS: 0.711, SPR: 0.684, RMSE: 4.397, (Best @ 12: {{0.641}}, 0.711, 0.684, 4.397)
[TEST]  QWK:  0.720, PRS: 0.822, SPR: 0.788, RMSE: 3.822 (Best @ 12: {{0.720}}, 0.822, 0.788, 3.822)
--------------------------------------------------------------------------------------------------------------------------
Epoch 13/50
Training one epoch in 14.232 s
[DEV]   QWK:  0.553, PRS: 0.722, SPR: 0.693, RMSE: 4.907, (Best @ 12: {{0.641}}, 0.711, 0.684, 4.397)
[TEST]  QWK:  0.659, PRS: 0.817, SPR: 0.773, RMSE: 4.067 (Best @ 12: {{0.720}}, 0.822, 0.788, 3.822)
--------------------------------------------------------------------------------------------------------------------------
Epoch 14/50
Training one epoch in 14.257 s
[DEV]   QWK:  0.619, PRS: 0.724, SPR: 0.690, RMSE: 4.511, (Best @ 12: {{0.641}}, 0.711, 0.684, 4.397)
[TEST]  QWK:  0.717, PRS: 0.830, SPR: 0.795, RMSE: 3.771 (Best @ 12: {{0.720}}, 0.822, 0.788, 3.822)
--------------------------------------------------------------------------------------------------------------------------
Epoch 15/50
Training one epoch in 14.205 s
[DEV]   QWK:  0.665, PRS: 0.726, SPR: 0.701, RMSE: 4.331, (Best @ 15: {{0.665}}, 0.726, 0.701, 4.331)
[TEST]  QWK:  0.666, PRS: 0.820, SPR: 0.790, RMSE: 4.483 (Best @ 15: {{0.666}}, 0.820, 0.790, 4.483)
--------------------------------------------------------------------------------------------------------------------------
Epoch 16/50
Training one epoch in 14.116 s
[DEV]   QWK:  0.501, PRS: 0.726, SPR: 0.697, RMSE: 5.582, (Best @ 15: {{0.665}}, 0.726, 0.701, 4.331)
[TEST]  QWK:  0.619, PRS: 0.799, SPR: 0.783, RMSE: 4.531 (Best @ 15: {{0.666}}, 0.820, 0.790, 4.483)
--------------------------------------------------------------------------------------------------------------------------
Epoch 17/50
Training one epoch in 14.205 s
[DEV]   QWK:  0.660, PRS: 0.738, SPR: 0.710, RMSE: 4.296, (Best @ 15: {{0.665}}, 0.726, 0.701, 4.331)
[TEST]  QWK:  0.734, PRS: 0.828, SPR: 0.800, RMSE: 3.729 (Best @ 15: {{0.666}}, 0.820, 0.790, 4.483)
--------------------------------------------------------------------------------------------------------------------------
Epoch 18/50
Training one epoch in 14.257 s
[DEV]   QWK:  0.614, PRS: 0.738, SPR: 0.702, RMSE: 4.721, (Best @ 15: {{0.665}}, 0.726, 0.701, 4.331)
[TEST]  QWK:  0.728, PRS: 0.822, SPR: 0.806, RMSE: 3.779 (Best @ 15: {{0.666}}, 0.820, 0.790, 4.483)
--------------------------------------------------------------------------------------------------------------------------
Epoch 19/50
Training one epoch in 14.206 s
[DEV]   QWK:  0.597, PRS: 0.741, SPR: 0.695, RMSE: 4.784, (Best @ 15: {{0.665}}, 0.726, 0.701, 4.331)
[TEST]  QWK:  0.714, PRS: 0.832, SPR: 0.806, RMSE: 3.833 (Best @ 15: {{0.666}}, 0.820, 0.790, 4.483)
--------------------------------------------------------------------------------------------------------------------------
Epoch 20/50
Training one epoch in 14.219 s
[DEV]   QWK:  0.690, PRS: 0.743, SPR: 0.707, RMSE: 4.357, (Best @ 20: {{0.690}}, 0.743, 0.707, 4.357)
[TEST]  QWK:  0.786, PRS: 0.827, SPR: 0.810, RMSE: 3.512 (Best @ 20: {{0.786}}, 0.827, 0.810, 3.512)
--------------------------------------------------------------------------------------------------------------------------
Epoch 21/50
Training one epoch in 14.194 s
[DEV]   QWK:  0.669, PRS: 0.725, SPR: 0.704, RMSE: 4.641, (Best @ 20: {{0.690}}, 0.743, 0.707, 4.357)
[TEST]  QWK:  0.649, PRS: 0.822, SPR: 0.792, RMSE: 5.035 (Best @ 20: {{0.786}}, 0.827, 0.810, 3.512)
--------------------------------------------------------------------------------------------------------------------------
Epoch 22/50
Training one epoch in 14.229 s
[DEV]   QWK:  0.692, PRS: 0.742, SPR: 0.716, RMSE: 4.155, (Best @ 22: {{0.692}}, 0.742, 0.716, 4.155)
[TEST]  QWK:  0.713, PRS: 0.832, SPR: 0.810, RMSE: 4.106 (Best @ 22: {{0.713}}, 0.832, 0.810, 4.106)
--------------------------------------------------------------------------------------------------------------------------
Epoch 23/50
Training one epoch in 14.170 s
[DEV]   QWK:  0.703, PRS: 0.747, SPR: 0.716, RMSE: 4.115, (Best @ 23: {{0.703}}, 0.747, 0.716, 4.115)
[TEST]  QWK:  0.713, PRS: 0.830, SPR: 0.798, RMSE: 4.168 (Best @ 23: {{0.713}}, 0.830, 0.798, 4.168)
--------------------------------------------------------------------------------------------------------------------------
Epoch 24/50
Training one epoch in 14.159 s
[DEV]   QWK:  0.694, PRS: 0.731, SPR: 0.713, RMSE: 4.457, (Best @ 23: {{0.703}}, 0.747, 0.716, 4.115)
[TEST]  QWK:  0.688, PRS: 0.819, SPR: 0.794, RMSE: 4.730 (Best @ 23: {{0.713}}, 0.830, 0.798, 4.168)
--------------------------------------------------------------------------------------------------------------------------
Epoch 25/50
Training one epoch in 14.112 s
[DEV]   QWK:  0.610, PRS: 0.737, SPR: 0.706, RMSE: 4.781, (Best @ 23: {{0.703}}, 0.747, 0.716, 4.115)
[TEST]  QWK:  0.731, PRS: 0.822, SPR: 0.805, RMSE: 3.791 (Best @ 23: {{0.713}}, 0.830, 0.798, 4.168)
--------------------------------------------------------------------------------------------------------------------------
Epoch 26/50
Training one epoch in 14.147 s
[DEV]   QWK:  0.701, PRS: 0.740, SPR: 0.711, RMSE: 4.144, (Best @ 23: {{0.703}}, 0.747, 0.716, 4.115)
[TEST]  QWK:  0.767, PRS: 0.831, SPR: 0.798, RMSE: 3.676 (Best @ 23: {{0.713}}, 0.830, 0.798, 4.168)
--------------------------------------------------------------------------------------------------------------------------
Epoch 27/50
Training one epoch in 14.212 s
[DEV]   QWK:  0.635, PRS: 0.736, SPR: 0.695, RMSE: 4.573, (Best @ 23: {{0.703}}, 0.747, 0.716, 4.115)
[TEST]  QWK:  0.757, PRS: 0.827, SPR: 0.814, RMSE: 3.629 (Best @ 23: {{0.713}}, 0.830, 0.798, 4.168)
--------------------------------------------------------------------------------------------------------------------------
Epoch 28/50
Training one epoch in 14.236 s
[DEV]   QWK:  0.635, PRS: 0.743, SPR: 0.705, RMSE: 4.475, (Best @ 23: {{0.703}}, 0.747, 0.716, 4.115)
[TEST]  QWK:  0.747, PRS: 0.829, SPR: 0.807, RMSE: 3.655 (Best @ 23: {{0.713}}, 0.830, 0.798, 4.168)
--------------------------------------------------------------------------------------------------------------------------
Epoch 29/50
Training one epoch in 14.172 s
[DEV]   QWK:  0.708, PRS: 0.751, SPR: 0.706, RMSE: 4.059, (Best @ 29: {{0.708}}, 0.751, 0.706, 4.059)
[TEST]  QWK:  0.749, PRS: 0.843, SPR: 0.798, RMSE: 3.808 (Best @ 29: {{0.749}}, 0.843, 0.798, 3.808)
--------------------------------------------------------------------------------------------------------------------------
Epoch 30/50
Training one epoch in 14.111 s
[DEV]   QWK:  0.640, PRS: 0.735, SPR: 0.700, RMSE: 4.573, (Best @ 29: {{0.708}}, 0.751, 0.706, 4.059)
[TEST]  QWK:  0.756, PRS: 0.820, SPR: 0.806, RMSE: 3.661 (Best @ 29: {{0.749}}, 0.843, 0.798, 3.808)
--------------------------------------------------------------------------------------------------------------------------
Epoch 31/50
Training one epoch in 14.161 s
[DEV]   QWK:  0.725, PRS: 0.747, SPR: 0.713, RMSE: 4.105, (Best @ 31: {{0.725}}, 0.747, 0.713, 4.105)
[TEST]  QWK:  0.755, PRS: 0.831, SPR: 0.804, RMSE: 4.016 (Best @ 31: {{0.755}}, 0.831, 0.804, 4.016)
--------------------------------------------------------------------------------------------------------------------------
Epoch 32/50
Training one epoch in 14.152 s
[DEV]   QWK:  0.734, PRS: 0.752, SPR: 0.721, RMSE: 4.220, (Best @ 32: {{0.734}}, 0.752, 0.721, 4.220)
[TEST]  QWK:  0.744, PRS: 0.833, SPR: 0.798, RMSE: 4.308 (Best @ 32: {{0.744}}, 0.833, 0.798, 4.308)
--------------------------------------------------------------------------------------------------------------------------
Epoch 33/50
Training one epoch in 14.262 s
[DEV]   QWK:  0.742, PRS: 0.757, SPR: 0.717, RMSE: 4.290, (Best @ 33: {{0.742}}, 0.757, 0.717, 4.290)
[TEST]  QWK:  0.824, PRS: 0.832, SPR: 0.811, RMSE: 3.496 (Best @ 33: {{0.824}}, 0.832, 0.811, 3.496)
--------------------------------------------------------------------------------------------------------------------------
Epoch 34/50
Training one epoch in 14.224 s
[DEV]   QWK:  0.710, PRS: 0.750, SPR: 0.718, RMSE: 4.329, (Best @ 33: {{0.742}}, 0.757, 0.717, 4.290)
[TEST]  QWK:  0.804, PRS: 0.822, SPR: 0.805, RMSE: 3.502 (Best @ 33: {{0.824}}, 0.832, 0.811, 3.496)
--------------------------------------------------------------------------------------------------------------------------
Epoch 35/50
Training one epoch in 14.161 s
[DEV]   QWK:  0.646, PRS: 0.740, SPR: 0.711, RMSE: 5.076, (Best @ 33: {{0.742}}, 0.757, 0.717, 4.290)
[TEST]  QWK:  0.620, PRS: 0.827, SPR: 0.777, RMSE: 5.663 (Best @ 33: {{0.824}}, 0.832, 0.811, 3.496)
--------------------------------------------------------------------------------------------------------------------------
Epoch 36/50
Training one epoch in 14.202 s
[DEV]   QWK:  0.683, PRS: 0.744, SPR: 0.703, RMSE: 4.177, (Best @ 33: {{0.742}}, 0.757, 0.717, 4.290)
[TEST]  QWK:  0.774, PRS: 0.839, SPR: 0.795, RMSE: 3.580 (Best @ 33: {{0.824}}, 0.832, 0.811, 3.496)
--------------------------------------------------------------------------------------------------------------------------
Epoch 37/50
Training one epoch in 14.251 s
[DEV]   QWK:  0.705, PRS: 0.751, SPR: 0.709, RMSE: 4.134, (Best @ 33: {{0.742}}, 0.757, 0.717, 4.290)
[TEST]  QWK:  0.727, PRS: 0.834, SPR: 0.791, RMSE: 4.125 (Best @ 33: {{0.824}}, 0.832, 0.811, 3.496)
--------------------------------------------------------------------------------------------------------------------------
Epoch 38/50
Training one epoch in 14.250 s
[DEV]   QWK:  0.756, PRS: 0.758, SPR: 0.724, RMSE: 4.142, (Best @ 38: {{0.756}}, 0.758, 0.724, 4.142)
[TEST]  QWK:  0.791, PRS: 0.822, SPR: 0.788, RMSE: 3.891 (Best @ 38: {{0.791}}, 0.822, 0.788, 3.891)
--------------------------------------------------------------------------------------------------------------------------
Epoch 39/50
Training one epoch in 14.188 s
[DEV]   QWK:  0.731, PRS: 0.759, SPR: 0.728, RMSE: 4.005, (Best @ 38: {{0.756}}, 0.758, 0.724, 4.142)
[TEST]  QWK:  0.756, PRS: 0.820, SPR: 0.779, RMSE: 3.916 (Best @ 38: {{0.791}}, 0.822, 0.788, 3.891)
--------------------------------------------------------------------------------------------------------------------------
Epoch 40/50
Training one epoch in 14.278 s
[DEV]   QWK:  0.713, PRS: 0.743, SPR: 0.715, RMSE: 4.116, (Best @ 38: {{0.756}}, 0.758, 0.724, 4.142)
[TEST]  QWK:  0.777, PRS: 0.822, SPR: 0.787, RMSE: 3.687 (Best @ 38: {{0.791}}, 0.822, 0.788, 3.891)
--------------------------------------------------------------------------------------------------------------------------
Epoch 41/50
Training one epoch in 14.176 s
[DEV]   QWK:  0.744, PRS: 0.759, SPR: 0.718, RMSE: 4.012, (Best @ 38: {{0.756}}, 0.758, 0.724, 4.142)
[TEST]  QWK:  0.780, PRS: 0.831, SPR: 0.798, RMSE: 3.799 (Best @ 38: {{0.791}}, 0.822, 0.788, 3.891)
--------------------------------------------------------------------------------------------------------------------------
Epoch 42/50
Training one epoch in 14.259 s
[DEV]   QWK:  0.605, PRS: 0.734, SPR: 0.702, RMSE: 4.916, (Best @ 38: {{0.756}}, 0.758, 0.724, 4.142)
[TEST]  QWK:  0.728, PRS: 0.805, SPR: 0.791, RMSE: 3.923 (Best @ 38: {{0.791}}, 0.822, 0.788, 3.891)
--------------------------------------------------------------------------------------------------------------------------
Epoch 43/50
Training one epoch in 14.287 s
[DEV]   QWK:  0.707, PRS: 0.743, SPR: 0.718, RMSE: 4.246, (Best @ 38: {{0.756}}, 0.758, 0.724, 4.142)
[TEST]  QWK:  0.798, PRS: 0.823, SPR: 0.794, RMSE: 3.520 (Best @ 38: {{0.791}}, 0.822, 0.788, 3.891)
--------------------------------------------------------------------------------------------------------------------------
Epoch 44/50
Training one epoch in 14.313 s
[DEV]   QWK:  0.709, PRS: 0.755, SPR: 0.726, RMSE: 4.036, (Best @ 38: {{0.756}}, 0.758, 0.724, 4.142)
[TEST]  QWK:  0.751, PRS: 0.825, SPR: 0.784, RMSE: 3.790 (Best @ 38: {{0.791}}, 0.822, 0.788, 3.891)
--------------------------------------------------------------------------------------------------------------------------
Epoch 45/50
Training one epoch in 14.153 s
[DEV]   QWK:  0.722, PRS: 0.748, SPR: 0.723, RMSE: 4.124, (Best @ 38: {{0.756}}, 0.758, 0.724, 4.142)
[TEST]  QWK:  0.785, PRS: 0.817, SPR: 0.786, RMSE: 3.669 (Best @ 38: {{0.791}}, 0.822, 0.788, 3.891)
--------------------------------------------------------------------------------------------------------------------------
Epoch 46/50
Training one epoch in 14.171 s
[DEV]   QWK:  0.710, PRS: 0.743, SPR: 0.713, RMSE: 4.159, (Best @ 38: {{0.756}}, 0.758, 0.724, 4.142)
[TEST]  QWK:  0.781, PRS: 0.816, SPR: 0.785, RMSE: 3.642 (Best @ 38: {{0.791}}, 0.822, 0.788, 3.891)
--------------------------------------------------------------------------------------------------------------------------
Epoch 47/50
Training one epoch in 14.279 s
[DEV]   QWK:  0.744, PRS: 0.763, SPR: 0.730, RMSE: 4.044, (Best @ 38: {{0.756}}, 0.758, 0.724, 4.142)
[TEST]  QWK:  0.804, PRS: 0.825, SPR: 0.790, RMSE: 3.553 (Best @ 38: {{0.791}}, 0.822, 0.788, 3.891)
--------------------------------------------------------------------------------------------------------------------------
Epoch 48/50
Training one epoch in 14.224 s
[DEV]   QWK:  0.741, PRS: 0.750, SPR: 0.717, RMSE: 4.156, (Best @ 38: {{0.756}}, 0.758, 0.724, 4.142)
[TEST]  QWK:  0.794, PRS: 0.813, SPR: 0.782, RMSE: 3.751 (Best @ 38: {{0.791}}, 0.822, 0.788, 3.891)
--------------------------------------------------------------------------------------------------------------------------
Epoch 49/50
Training one epoch in 14.262 s
[DEV]   QWK:  0.706, PRS: 0.727, SPR: 0.689, RMSE: 4.225, (Best @ 38: {{0.756}}, 0.758, 0.724, 4.142)
[TEST]  QWK:  0.750, PRS: 0.795, SPR: 0.765, RMSE: 3.986 (Best @ 38: {{0.791}}, 0.822, 0.788, 3.891)
--------------------------------------------------------------------------------------------------------------------------
Epoch 50/50
Training one epoch in 14.307 s
[DEV]   QWK:  0.720, PRS: 0.736, SPR: 0.706, RMSE: 4.269, (Best @ 38: {{0.756}}, 0.758, 0.724, 4.142)
[TEST]  QWK:  0.782, PRS: 0.795, SPR: 0.762, RMSE: 3.795 (Best @ 38: {{0.791}}, 0.822, 0.788, 3.891)
--------------------------------------------------------------------------------------------------------------------------
