X_train shape: (1099, 3350)
Initial evaluation: 
[DEV]   QWK:  0.000, PRS: 0.000, SPR: 0.000, RMSE: 4.475, (Best @ -1: {{0.000}}, 0.000, 0.000, 4.475)
[TEST]  QWK:  0.000, PRS: 0.000, SPR: 0.000, RMSE: 4.738 (Best @ -1: {{0.000}}, 0.000, 0.000, 4.738)
--------------------------------------------------------------------------------------------------------------------------
Train model
Epoch 1/50
Training one epoch in 22.283 s
[DEV]   QWK:  0.683, PRS: 0.797, SPR: 0.797, RMSE: 3.280, (Best @ 1: {{0.683}}, 0.797, 0.797, 3.280)
[TEST]  QWK:  0.679, PRS: 0.797, SPR: 0.785, RMSE: 3.527 (Best @ 1: {{0.679}}, 0.797, 0.785, 3.527)
--------------------------------------------------------------------------------------------------------------------------
Epoch 2/50
Training one epoch in 20.010 s
[DEV]   QWK:  0.785, PRS: 0.793, SPR: 0.808, RMSE: 2.712, (Best @ 2: {{0.785}}, 0.793, 0.808, 2.712)
[TEST]  QWK:  0.778, PRS: 0.788, SPR: 0.785, RMSE: 2.863 (Best @ 2: {{0.778}}, 0.788, 0.785, 2.863)
--------------------------------------------------------------------------------------------------------------------------
Epoch 3/50
Training one epoch in 20.036 s
[DEV]   QWK:  0.787, PRS: 0.793, SPR: 0.804, RMSE: 2.678, (Best @ 3: {{0.787}}, 0.793, 0.804, 2.678)
[TEST]  QWK:  0.772, PRS: 0.784, SPR: 0.778, RMSE: 2.887 (Best @ 3: {{0.772}}, 0.784, 0.778, 2.887)
--------------------------------------------------------------------------------------------------------------------------
Epoch 4/50
Training one epoch in 20.016 s
[DEV]   QWK:  0.728, PRS: 0.797, SPR: 0.808, RMSE: 2.748, (Best @ 3: {{0.787}}, 0.793, 0.804, 2.678)
[TEST]  QWK:  0.718, PRS: 0.791, SPR: 0.783, RMSE: 2.947 (Best @ 3: {{0.772}}, 0.784, 0.778, 2.887)
--------------------------------------------------------------------------------------------------------------------------
Epoch 5/50
Training one epoch in 20.014 s
[DEV]   QWK:  0.756, PRS: 0.802, SPR: 0.812, RMSE: 2.691, (Best @ 3: {{0.787}}, 0.793, 0.804, 2.678)
[TEST]  QWK:  0.743, PRS: 0.792, SPR: 0.782, RMSE: 2.892 (Best @ 3: {{0.772}}, 0.784, 0.778, 2.887)
--------------------------------------------------------------------------------------------------------------------------
Epoch 6/50
Training one epoch in 19.979 s
[DEV]   QWK:  0.751, PRS: 0.802, SPR: 0.812, RMSE: 2.615, (Best @ 3: {{0.787}}, 0.793, 0.804, 2.678)
[TEST]  QWK:  0.735, PRS: 0.796, SPR: 0.789, RMSE: 2.863 (Best @ 3: {{0.772}}, 0.784, 0.778, 2.887)
--------------------------------------------------------------------------------------------------------------------------
Epoch 7/50
Training one epoch in 20.022 s
[DEV]   QWK:  0.764, PRS: 0.807, SPR: 0.812, RMSE: 2.589, (Best @ 3: {{0.787}}, 0.793, 0.804, 2.678)
[TEST]  QWK:  0.755, PRS: 0.805, SPR: 0.797, RMSE: 2.792 (Best @ 3: {{0.772}}, 0.784, 0.778, 2.887)
--------------------------------------------------------------------------------------------------------------------------
Epoch 8/50
Training one epoch in 19.999 s
[DEV]   QWK:  0.772, PRS: 0.810, SPR: 0.814, RMSE: 2.543, (Best @ 3: {{0.787}}, 0.793, 0.804, 2.678)
[TEST]  QWK:  0.751, PRS: 0.797, SPR: 0.793, RMSE: 2.840 (Best @ 3: {{0.772}}, 0.784, 0.778, 2.887)
--------------------------------------------------------------------------------------------------------------------------
Epoch 9/50
Training one epoch in 19.970 s
[DEV]   QWK:  0.766, PRS: 0.809, SPR: 0.815, RMSE: 2.658, (Best @ 3: {{0.787}}, 0.793, 0.804, 2.678)
[TEST]  QWK:  0.774, PRS: 0.819, SPR: 0.814, RMSE: 2.756 (Best @ 3: {{0.772}}, 0.784, 0.778, 2.887)
--------------------------------------------------------------------------------------------------------------------------
Epoch 10/50
Training one epoch in 19.966 s
[DEV]   QWK:  0.764, PRS: 0.798, SPR: 0.802, RMSE: 2.682, (Best @ 3: {{0.787}}, 0.793, 0.804, 2.678)
[TEST]  QWK:  0.770, PRS: 0.802, SPR: 0.795, RMSE: 2.816 (Best @ 3: {{0.772}}, 0.784, 0.778, 2.887)
--------------------------------------------------------------------------------------------------------------------------
Epoch 11/50
Training one epoch in 20.022 s
[DEV]   QWK:  0.786, PRS: 0.808, SPR: 0.817, RMSE: 2.575, (Best @ 3: {{0.787}}, 0.793, 0.804, 2.678)
[TEST]  QWK:  0.780, PRS: 0.805, SPR: 0.807, RMSE: 2.808 (Best @ 3: {{0.772}}, 0.784, 0.778, 2.887)
--------------------------------------------------------------------------------------------------------------------------
Epoch 12/50
Training one epoch in 20.032 s
[DEV]   QWK:  0.805, PRS: 0.806, SPR: 0.820, RMSE: 2.742, (Best @ 12: {{0.805}}, 0.806, 0.820, 2.742)
[TEST]  QWK:  0.800, PRS: 0.801, SPR: 0.806, RMSE: 2.920 (Best @ 12: {{0.800}}, 0.801, 0.806, 2.920)
--------------------------------------------------------------------------------------------------------------------------
Epoch 13/50
Training one epoch in 20.040 s
[DEV]   QWK:  0.764, PRS: 0.808, SPR: 0.815, RMSE: 2.920, (Best @ 12: {{0.805}}, 0.806, 0.820, 2.742)
[TEST]  QWK:  0.773, PRS: 0.808, SPR: 0.805, RMSE: 3.012 (Best @ 12: {{0.800}}, 0.801, 0.806, 2.920)
--------------------------------------------------------------------------------------------------------------------------
Epoch 14/50
Training one epoch in 20.124 s
[DEV]   QWK:  0.790, PRS: 0.809, SPR: 0.819, RMSE: 2.539, (Best @ 12: {{0.805}}, 0.806, 0.820, 2.742)
[TEST]  QWK:  0.785, PRS: 0.806, SPR: 0.809, RMSE: 2.742 (Best @ 12: {{0.800}}, 0.801, 0.806, 2.920)
--------------------------------------------------------------------------------------------------------------------------
Epoch 15/50
Training one epoch in 20.123 s
[DEV]   QWK:  0.742, PRS: 0.783, SPR: 0.793, RMSE: 2.993, (Best @ 12: {{0.805}}, 0.806, 0.820, 2.742)
[TEST]  QWK:  0.773, PRS: 0.806, SPR: 0.803, RMSE: 2.922 (Best @ 12: {{0.800}}, 0.801, 0.806, 2.920)
--------------------------------------------------------------------------------------------------------------------------
Epoch 16/50
Training one epoch in 20.143 s
[DEV]   QWK:  0.779, PRS: 0.800, SPR: 0.815, RMSE: 2.578, (Best @ 12: {{0.805}}, 0.806, 0.820, 2.742)
[TEST]  QWK:  0.791, PRS: 0.816, SPR: 0.808, RMSE: 2.684 (Best @ 12: {{0.800}}, 0.801, 0.806, 2.920)
--------------------------------------------------------------------------------------------------------------------------
Epoch 17/50
Training one epoch in 20.069 s
[DEV]   QWK:  0.738, PRS: 0.809, SPR: 0.813, RMSE: 2.915, (Best @ 12: {{0.805}}, 0.806, 0.820, 2.742)
[TEST]  QWK:  0.755, PRS: 0.813, SPR: 0.812, RMSE: 2.993 (Best @ 12: {{0.800}}, 0.801, 0.806, 2.920)
--------------------------------------------------------------------------------------------------------------------------
Epoch 18/50
Training one epoch in 20.013 s
[DEV]   QWK:  0.781, PRS: 0.802, SPR: 0.819, RMSE: 2.569, (Best @ 12: {{0.805}}, 0.806, 0.820, 2.742)
[TEST]  QWK:  0.791, PRS: 0.814, SPR: 0.813, RMSE: 2.699 (Best @ 12: {{0.800}}, 0.801, 0.806, 2.920)
--------------------------------------------------------------------------------------------------------------------------
Epoch 19/50
Training one epoch in 20.071 s
[DEV]   QWK:  0.787, PRS: 0.807, SPR: 0.816, RMSE: 2.538, (Best @ 12: {{0.805}}, 0.806, 0.820, 2.742)
[TEST]  QWK:  0.789, PRS: 0.812, SPR: 0.812, RMSE: 2.703 (Best @ 12: {{0.800}}, 0.801, 0.806, 2.920)
--------------------------------------------------------------------------------------------------------------------------
Epoch 20/50
Training one epoch in 20.101 s
[DEV]   QWK:  0.791, PRS: 0.803, SPR: 0.813, RMSE: 2.632, (Best @ 12: {{0.805}}, 0.806, 0.820, 2.742)
[TEST]  QWK:  0.805, PRS: 0.820, SPR: 0.815, RMSE: 2.719 (Best @ 12: {{0.800}}, 0.801, 0.806, 2.920)
--------------------------------------------------------------------------------------------------------------------------
Epoch 21/50
Training one epoch in 20.140 s
[DEV]   QWK:  0.794, PRS: 0.804, SPR: 0.821, RMSE: 2.654, (Best @ 12: {{0.805}}, 0.806, 0.820, 2.742)
[TEST]  QWK:  0.796, PRS: 0.807, SPR: 0.806, RMSE: 2.832 (Best @ 12: {{0.800}}, 0.801, 0.806, 2.920)
--------------------------------------------------------------------------------------------------------------------------
Epoch 22/50
Training one epoch in 20.134 s
[DEV]   QWK:  0.769, PRS: 0.795, SPR: 0.801, RMSE: 2.706, (Best @ 12: {{0.805}}, 0.806, 0.820, 2.742)
[TEST]  QWK:  0.788, PRS: 0.813, SPR: 0.806, RMSE: 2.754 (Best @ 12: {{0.800}}, 0.801, 0.806, 2.920)
--------------------------------------------------------------------------------------------------------------------------
Epoch 23/50
Training one epoch in 19.898 s
[DEV]   QWK:  0.787, PRS: 0.805, SPR: 0.820, RMSE: 2.882, (Best @ 12: {{0.805}}, 0.806, 0.820, 2.742)
[TEST]  QWK:  0.792, PRS: 0.808, SPR: 0.807, RMSE: 3.018 (Best @ 12: {{0.800}}, 0.801, 0.806, 2.920)
--------------------------------------------------------------------------------------------------------------------------
Epoch 24/50
Training one epoch in 20.035 s
[DEV]   QWK:  0.802, PRS: 0.802, SPR: 0.813, RMSE: 2.687, (Best @ 12: {{0.805}}, 0.806, 0.820, 2.742)
[TEST]  QWK:  0.806, PRS: 0.807, SPR: 0.804, RMSE: 2.835 (Best @ 12: {{0.800}}, 0.801, 0.806, 2.920)
--------------------------------------------------------------------------------------------------------------------------
Epoch 25/50
Training one epoch in 20.031 s
[DEV]   QWK:  0.785, PRS: 0.797, SPR: 0.812, RMSE: 2.605, (Best @ 12: {{0.805}}, 0.806, 0.820, 2.742)
[TEST]  QWK:  0.796, PRS: 0.810, SPR: 0.803, RMSE: 2.720 (Best @ 12: {{0.800}}, 0.801, 0.806, 2.920)
--------------------------------------------------------------------------------------------------------------------------
Epoch 26/50
Training one epoch in 20.101 s
[DEV]   QWK:  0.756, PRS: 0.794, SPR: 0.811, RMSE: 2.691, (Best @ 12: {{0.805}}, 0.806, 0.820, 2.742)
[TEST]  QWK:  0.764, PRS: 0.799, SPR: 0.789, RMSE: 2.857 (Best @ 12: {{0.800}}, 0.801, 0.806, 2.920)
--------------------------------------------------------------------------------------------------------------------------
Epoch 27/50
Training one epoch in 20.101 s
[DEV]   QWK:  0.765, PRS: 0.790, SPR: 0.799, RMSE: 2.736, (Best @ 12: {{0.805}}, 0.806, 0.820, 2.742)
[TEST]  QWK:  0.781, PRS: 0.805, SPR: 0.797, RMSE: 2.837 (Best @ 12: {{0.800}}, 0.801, 0.806, 2.920)
--------------------------------------------------------------------------------------------------------------------------
Epoch 28/50
Training one epoch in 20.190 s
[DEV]   QWK:  0.778, PRS: 0.797, SPR: 0.806, RMSE: 2.654, (Best @ 12: {{0.805}}, 0.806, 0.820, 2.742)
[TEST]  QWK:  0.794, PRS: 0.814, SPR: 0.804, RMSE: 2.748 (Best @ 12: {{0.800}}, 0.801, 0.806, 2.920)
--------------------------------------------------------------------------------------------------------------------------
Epoch 29/50
Training one epoch in 20.118 s
[DEV]   QWK:  0.777, PRS: 0.802, SPR: 0.808, RMSE: 2.864, (Best @ 12: {{0.805}}, 0.806, 0.820, 2.742)
[TEST]  QWK:  0.774, PRS: 0.798, SPR: 0.796, RMSE: 3.077 (Best @ 12: {{0.800}}, 0.801, 0.806, 2.920)
--------------------------------------------------------------------------------------------------------------------------
Epoch 30/50
Training one epoch in 20.013 s
[DEV]   QWK:  0.733, PRS: 0.783, SPR: 0.796, RMSE: 3.012, (Best @ 12: {{0.805}}, 0.806, 0.820, 2.742)
[TEST]  QWK:  0.757, PRS: 0.802, SPR: 0.800, RMSE: 3.050 (Best @ 12: {{0.800}}, 0.801, 0.806, 2.920)
--------------------------------------------------------------------------------------------------------------------------
Epoch 31/50
Training one epoch in 20.111 s
[DEV]   QWK:  0.786, PRS: 0.790, SPR: 0.802, RMSE: 2.701, (Best @ 12: {{0.805}}, 0.806, 0.820, 2.742)
[TEST]  QWK:  0.795, PRS: 0.800, SPR: 0.793, RMSE: 2.825 (Best @ 12: {{0.800}}, 0.801, 0.806, 2.920)
--------------------------------------------------------------------------------------------------------------------------
Epoch 32/50
Training one epoch in 20.151 s
[DEV]   QWK:  0.760, PRS: 0.789, SPR: 0.807, RMSE: 3.034, (Best @ 12: {{0.805}}, 0.806, 0.820, 2.742)
[TEST]  QWK:  0.778, PRS: 0.799, SPR: 0.798, RMSE: 3.093 (Best @ 12: {{0.800}}, 0.801, 0.806, 2.920)
--------------------------------------------------------------------------------------------------------------------------
Epoch 33/50
Training one epoch in 19.979 s
[DEV]   QWK:  0.768, PRS: 0.784, SPR: 0.794, RMSE: 2.669, (Best @ 12: {{0.805}}, 0.806, 0.820, 2.742)
[TEST]  QWK:  0.782, PRS: 0.798, SPR: 0.784, RMSE: 2.790 (Best @ 12: {{0.800}}, 0.801, 0.806, 2.920)
--------------------------------------------------------------------------------------------------------------------------
Epoch 34/50
Training one epoch in 20.100 s
[DEV]   QWK:  0.756, PRS: 0.789, SPR: 0.796, RMSE: 2.854, (Best @ 12: {{0.805}}, 0.806, 0.820, 2.742)
[TEST]  QWK:  0.768, PRS: 0.801, SPR: 0.795, RMSE: 2.973 (Best @ 12: {{0.800}}, 0.801, 0.806, 2.920)
--------------------------------------------------------------------------------------------------------------------------
Epoch 35/50
Training one epoch in 20.075 s
[DEV]   QWK:  0.775, PRS: 0.796, SPR: 0.809, RMSE: 2.693, (Best @ 12: {{0.805}}, 0.806, 0.820, 2.742)
[TEST]  QWK:  0.773, PRS: 0.793, SPR: 0.789, RMSE: 2.913 (Best @ 12: {{0.800}}, 0.801, 0.806, 2.920)
--------------------------------------------------------------------------------------------------------------------------
Epoch 36/50
Training one epoch in 20.120 s
[DEV]   QWK:  0.773, PRS: 0.798, SPR: 0.813, RMSE: 2.749, (Best @ 12: {{0.805}}, 0.806, 0.820, 2.742)
[TEST]  QWK:  0.782, PRS: 0.804, SPR: 0.798, RMSE: 2.873 (Best @ 12: {{0.800}}, 0.801, 0.806, 2.920)
--------------------------------------------------------------------------------------------------------------------------
Epoch 37/50
Training one epoch in 20.148 s
[DEV]   QWK:  0.788, PRS: 0.797, SPR: 0.807, RMSE: 2.619, (Best @ 12: {{0.805}}, 0.806, 0.820, 2.742)
[TEST]  QWK:  0.788, PRS: 0.797, SPR: 0.795, RMSE: 2.828 (Best @ 12: {{0.800}}, 0.801, 0.806, 2.920)
--------------------------------------------------------------------------------------------------------------------------
Epoch 38/50
Training one epoch in 20.117 s
[DEV]   QWK:  0.773, PRS: 0.787, SPR: 0.803, RMSE: 2.660, (Best @ 12: {{0.805}}, 0.806, 0.820, 2.742)
[TEST]  QWK:  0.784, PRS: 0.797, SPR: 0.795, RMSE: 2.806 (Best @ 12: {{0.800}}, 0.801, 0.806, 2.920)
--------------------------------------------------------------------------------------------------------------------------
Epoch 39/50
Training one epoch in 20.050 s
[DEV]   QWK:  0.779, PRS: 0.779, SPR: 0.793, RMSE: 2.856, (Best @ 12: {{0.805}}, 0.806, 0.820, 2.742)
[TEST]  QWK:  0.792, PRS: 0.792, SPR: 0.790, RMSE: 2.973 (Best @ 12: {{0.800}}, 0.801, 0.806, 2.920)
--------------------------------------------------------------------------------------------------------------------------
Epoch 40/50
Training one epoch in 20.253 s
[DEV]   QWK:  0.747, PRS: 0.773, SPR: 0.789, RMSE: 2.921, (Best @ 12: {{0.805}}, 0.806, 0.820, 2.742)
[TEST]  QWK:  0.764, PRS: 0.787, SPR: 0.786, RMSE: 3.013 (Best @ 12: {{0.800}}, 0.801, 0.806, 2.920)
--------------------------------------------------------------------------------------------------------------------------
Epoch 41/50
Training one epoch in 20.263 s
[DEV]   QWK:  0.773, PRS: 0.798, SPR: 0.807, RMSE: 2.611, (Best @ 12: {{0.805}}, 0.806, 0.820, 2.742)
[TEST]  QWK:  0.775, PRS: 0.798, SPR: 0.793, RMSE: 2.814 (Best @ 12: {{0.800}}, 0.801, 0.806, 2.920)
--------------------------------------------------------------------------------------------------------------------------
Epoch 42/50
Training one epoch in 20.190 s
[DEV]   QWK:  0.781, PRS: 0.788, SPR: 0.801, RMSE: 2.715, (Best @ 12: {{0.805}}, 0.806, 0.820, 2.742)
[TEST]  QWK:  0.777, PRS: 0.782, SPR: 0.776, RMSE: 2.953 (Best @ 12: {{0.800}}, 0.801, 0.806, 2.920)
--------------------------------------------------------------------------------------------------------------------------
Epoch 43/50
Training one epoch in 20.252 s
[DEV]   QWK:  0.758, PRS: 0.788, SPR: 0.797, RMSE: 2.764, (Best @ 12: {{0.805}}, 0.806, 0.820, 2.742)
[TEST]  QWK:  0.763, PRS: 0.796, SPR: 0.787, RMSE: 2.928 (Best @ 12: {{0.800}}, 0.801, 0.806, 2.920)
--------------------------------------------------------------------------------------------------------------------------
Epoch 44/50
Training one epoch in 20.447 s
[DEV]   QWK:  0.775, PRS: 0.796, SPR: 0.808, RMSE: 2.677, (Best @ 12: {{0.805}}, 0.806, 0.820, 2.742)
[TEST]  QWK:  0.776, PRS: 0.796, SPR: 0.790, RMSE: 2.877 (Best @ 12: {{0.800}}, 0.801, 0.806, 2.920)
--------------------------------------------------------------------------------------------------------------------------
Epoch 45/50
Training one epoch in 20.193 s
[DEV]   QWK:  0.763, PRS: 0.774, SPR: 0.789, RMSE: 2.885, (Best @ 12: {{0.805}}, 0.806, 0.820, 2.742)
[TEST]  QWK:  0.777, PRS: 0.783, SPR: 0.784, RMSE: 3.041 (Best @ 12: {{0.800}}, 0.801, 0.806, 2.920)
--------------------------------------------------------------------------------------------------------------------------
Epoch 46/50
Training one epoch in 20.247 s
[DEV]   QWK:  0.785, PRS: 0.790, SPR: 0.802, RMSE: 2.687, (Best @ 12: {{0.805}}, 0.806, 0.820, 2.742)
[TEST]  QWK:  0.780, PRS: 0.783, SPR: 0.774, RMSE: 2.946 (Best @ 12: {{0.800}}, 0.801, 0.806, 2.920)
--------------------------------------------------------------------------------------------------------------------------
Epoch 47/50
Training one epoch in 20.130 s
[DEV]   QWK:  0.785, PRS: 0.798, SPR: 0.808, RMSE: 2.593, (Best @ 12: {{0.805}}, 0.806, 0.820, 2.742)
[TEST]  QWK:  0.767, PRS: 0.781, SPR: 0.778, RMSE: 2.901 (Best @ 12: {{0.800}}, 0.801, 0.806, 2.920)
--------------------------------------------------------------------------------------------------------------------------
Epoch 48/50
Training one epoch in 20.273 s
[DEV]   QWK:  0.784, PRS: 0.800, SPR: 0.813, RMSE: 2.601, (Best @ 12: {{0.805}}, 0.806, 0.820, 2.742)
[TEST]  QWK:  0.768, PRS: 0.783, SPR: 0.774, RMSE: 2.913 (Best @ 12: {{0.800}}, 0.801, 0.806, 2.920)
--------------------------------------------------------------------------------------------------------------------------
Epoch 49/50
Training one epoch in 20.174 s
[DEV]   QWK:  0.776, PRS: 0.786, SPR: 0.806, RMSE: 2.701, (Best @ 12: {{0.805}}, 0.806, 0.820, 2.742)
[TEST]  QWK:  0.777, PRS: 0.786, SPR: 0.781, RMSE: 2.901 (Best @ 12: {{0.800}}, 0.801, 0.806, 2.920)
--------------------------------------------------------------------------------------------------------------------------
Epoch 50/50
Training one epoch in 20.249 s
[DEV]   QWK:  0.783, PRS: 0.783, SPR: 0.792, RMSE: 2.793, (Best @ 12: {{0.805}}, 0.806, 0.820, 2.742)
[TEST]  QWK:  0.787, PRS: 0.788, SPR: 0.778, RMSE: 2.967 (Best @ 12: {{0.800}}, 0.801, 0.806, 2.920)
--------------------------------------------------------------------------------------------------------------------------
X_train shape: (1099, 3350)
Initial evaluation: 
[DEV]   QWK:  0.000, PRS: 0.000, SPR: 0.000, RMSE: 4.475, (Best @ -1: {{0.000}}, 0.000, 0.000, 4.475)
[TEST]  QWK:  0.000, PRS: 0.000, SPR: 0.000, RMSE: 4.738 (Best @ -1: {{0.000}}, 0.000, 0.000, 4.738)
--------------------------------------------------------------------------------------------------------------------------
Train model
Epoch 1/50
Training one epoch in 23.431 s
[DEV]   QWK:  0.683, PRS: 0.797, SPR: 0.797, RMSE: 3.280, (Best @ 1: {{0.683}}, 0.797, 0.797, 3.280)
[TEST]  QWK:  0.679, PRS: 0.797, SPR: 0.785, RMSE: 3.527 (Best @ 1: {{0.679}}, 0.797, 0.785, 3.527)
--------------------------------------------------------------------------------------------------------------------------
Epoch 2/50
Training one epoch in 20.654 s
[DEV]   QWK:  0.785, PRS: 0.793, SPR: 0.808, RMSE: 2.712, (Best @ 2: {{0.785}}, 0.793, 0.808, 2.712)
[TEST]  QWK:  0.778, PRS: 0.788, SPR: 0.785, RMSE: 2.863 (Best @ 2: {{0.778}}, 0.788, 0.785, 2.863)
--------------------------------------------------------------------------------------------------------------------------
Epoch 3/50
Training one epoch in 20.704 s
[DEV]   QWK:  0.787, PRS: 0.793, SPR: 0.804, RMSE: 2.678, (Best @ 3: {{0.787}}, 0.793, 0.804, 2.678)
[TEST]  QWK:  0.772, PRS: 0.784, SPR: 0.778, RMSE: 2.887 (Best @ 3: {{0.772}}, 0.784, 0.778, 2.887)
--------------------------------------------------------------------------------------------------------------------------
Epoch 4/50
Training one epoch in 20.687 s
[DEV]   QWK:  0.728, PRS: 0.797, SPR: 0.808, RMSE: 2.748, (Best @ 3: {{0.787}}, 0.793, 0.804, 2.678)
[TEST]  QWK:  0.718, PRS: 0.791, SPR: 0.783, RMSE: 2.947 (Best @ 3: {{0.772}}, 0.784, 0.778, 2.887)
--------------------------------------------------------------------------------------------------------------------------
Epoch 5/50
Training one epoch in 20.643 s
[DEV]   QWK:  0.756, PRS: 0.802, SPR: 0.812, RMSE: 2.691, (Best @ 3: {{0.787}}, 0.793, 0.804, 2.678)
[TEST]  QWK:  0.743, PRS: 0.792, SPR: 0.782, RMSE: 2.892 (Best @ 3: {{0.772}}, 0.784, 0.778, 2.887)
--------------------------------------------------------------------------------------------------------------------------
Epoch 6/50
Training one epoch in 20.687 s
[DEV]   QWK:  0.751, PRS: 0.802, SPR: 0.812, RMSE: 2.615, (Best @ 3: {{0.787}}, 0.793, 0.804, 2.678)
[TEST]  QWK:  0.735, PRS: 0.796, SPR: 0.789, RMSE: 2.863 (Best @ 3: {{0.772}}, 0.784, 0.778, 2.887)
--------------------------------------------------------------------------------------------------------------------------
Epoch 7/50
Training one epoch in 20.758 s
[DEV]   QWK:  0.764, PRS: 0.807, SPR: 0.812, RMSE: 2.589, (Best @ 3: {{0.787}}, 0.793, 0.804, 2.678)
[TEST]  QWK:  0.755, PRS: 0.805, SPR: 0.797, RMSE: 2.792 (Best @ 3: {{0.772}}, 0.784, 0.778, 2.887)
--------------------------------------------------------------------------------------------------------------------------
Epoch 8/50
Training one epoch in 20.588 s
[DEV]   QWK:  0.773, PRS: 0.810, SPR: 0.815, RMSE: 2.539, (Best @ 3: {{0.787}}, 0.793, 0.804, 2.678)
[TEST]  QWK:  0.752, PRS: 0.797, SPR: 0.795, RMSE: 2.836 (Best @ 3: {{0.772}}, 0.784, 0.778, 2.887)
--------------------------------------------------------------------------------------------------------------------------
Epoch 9/50
Training one epoch in 20.616 s
[DEV]   QWK:  0.766, PRS: 0.809, SPR: 0.815, RMSE: 2.655, (Best @ 3: {{0.787}}, 0.793, 0.804, 2.678)
[TEST]  QWK:  0.774, PRS: 0.819, SPR: 0.814, RMSE: 2.756 (Best @ 3: {{0.772}}, 0.784, 0.778, 2.887)
--------------------------------------------------------------------------------------------------------------------------
Epoch 10/50
Training one epoch in 20.673 s
[DEV]   QWK:  0.767, PRS: 0.800, SPR: 0.803, RMSE: 2.670, (Best @ 3: {{0.787}}, 0.793, 0.804, 2.678)
[TEST]  QWK:  0.770, PRS: 0.801, SPR: 0.794, RMSE: 2.817 (Best @ 3: {{0.772}}, 0.784, 0.778, 2.887)
--------------------------------------------------------------------------------------------------------------------------
Epoch 11/50
Training one epoch in 20.716 s
[DEV]   QWK:  0.786, PRS: 0.808, SPR: 0.817, RMSE: 2.575, (Best @ 3: {{0.787}}, 0.793, 0.804, 2.678)
[TEST]  QWK:  0.778, PRS: 0.804, SPR: 0.807, RMSE: 2.814 (Best @ 3: {{0.772}}, 0.784, 0.778, 2.887)
--------------------------------------------------------------------------------------------------------------------------
Epoch 12/50
Training one epoch in 20.652 s
[DEV]   QWK:  0.808, PRS: 0.809, SPR: 0.822, RMSE: 2.719, (Best @ 12: {{0.808}}, 0.809, 0.822, 2.719)
[TEST]  QWK:  0.799, PRS: 0.800, SPR: 0.804, RMSE: 2.920 (Best @ 12: {{0.799}}, 0.800, 0.804, 2.920)
--------------------------------------------------------------------------------------------------------------------------
Epoch 13/50
Training one epoch in 20.724 s
[DEV]   QWK:  0.762, PRS: 0.811, SPR: 0.820, RMSE: 3.012, (Best @ 12: {{0.808}}, 0.809, 0.822, 2.719)
[TEST]  QWK:  0.775, PRS: 0.813, SPR: 0.813, RMSE: 3.054 (Best @ 12: {{0.799}}, 0.800, 0.804, 2.920)
--------------------------------------------------------------------------------------------------------------------------
Epoch 14/50
Training one epoch in 20.719 s
[DEV]   QWK:  0.783, PRS: 0.806, SPR: 0.815, RMSE: 2.556, (Best @ 12: {{0.808}}, 0.809, 0.822, 2.719)
[TEST]  QWK:  0.792, PRS: 0.817, SPR: 0.815, RMSE: 2.677 (Best @ 12: {{0.799}}, 0.800, 0.804, 2.920)
--------------------------------------------------------------------------------------------------------------------------
Epoch 15/50
Training one epoch in 20.713 s
[DEV]   QWK:  0.753, PRS: 0.791, SPR: 0.797, RMSE: 2.902, (Best @ 12: {{0.808}}, 0.809, 0.822, 2.719)
[TEST]  QWK:  0.777, PRS: 0.808, SPR: 0.805, RMSE: 2.899 (Best @ 12: {{0.799}}, 0.800, 0.804, 2.920)
--------------------------------------------------------------------------------------------------------------------------
Epoch 16/50
Training one epoch in 20.719 s
[DEV]   QWK:  0.775, PRS: 0.800, SPR: 0.813, RMSE: 2.583, (Best @ 12: {{0.808}}, 0.809, 0.822, 2.719)
[TEST]  QWK:  0.782, PRS: 0.810, SPR: 0.804, RMSE: 2.723 (Best @ 12: {{0.799}}, 0.800, 0.804, 2.920)
--------------------------------------------------------------------------------------------------------------------------
Epoch 17/50
Training one epoch in 20.752 s
[DEV]   QWK:  0.743, PRS: 0.803, SPR: 0.812, RMSE: 2.848, (Best @ 12: {{0.808}}, 0.809, 0.822, 2.719)
[TEST]  QWK:  0.763, PRS: 0.814, SPR: 0.810, RMSE: 2.909 (Best @ 12: {{0.799}}, 0.800, 0.804, 2.920)
--------------------------------------------------------------------------------------------------------------------------
Epoch 18/50
Training one epoch in 20.686 s
[DEV]   QWK:  0.778, PRS: 0.803, SPR: 0.817, RMSE: 2.564, (Best @ 12: {{0.808}}, 0.809, 0.822, 2.719)
[TEST]  QWK:  0.785, PRS: 0.815, SPR: 0.813, RMSE: 2.706 (Best @ 12: {{0.799}}, 0.800, 0.804, 2.920)
--------------------------------------------------------------------------------------------------------------------------
Epoch 19/50
Training one epoch in 20.763 s
[DEV]   QWK:  0.781, PRS: 0.807, SPR: 0.815, RMSE: 2.541, (Best @ 12: {{0.808}}, 0.809, 0.822, 2.719)
[TEST]  QWK:  0.791, PRS: 0.817, SPR: 0.811, RMSE: 2.681 (Best @ 12: {{0.799}}, 0.800, 0.804, 2.920)
--------------------------------------------------------------------------------------------------------------------------
Epoch 20/50
Training one epoch in 20.736 s
[DEV]   QWK:  0.790, PRS: 0.805, SPR: 0.818, RMSE: 2.646, (Best @ 12: {{0.808}}, 0.809, 0.822, 2.719)
[TEST]  QWK:  0.796, PRS: 0.812, SPR: 0.808, RMSE: 2.802 (Best @ 12: {{0.799}}, 0.800, 0.804, 2.920)
--------------------------------------------------------------------------------------------------------------------------
Epoch 21/50
Training one epoch in 20.716 s
[DEV]   QWK:  0.783, PRS: 0.802, SPR: 0.821, RMSE: 2.728, (Best @ 12: {{0.808}}, 0.809, 0.822, 2.719)
[TEST]  QWK:  0.795, PRS: 0.815, SPR: 0.816, RMSE: 2.834 (Best @ 12: {{0.799}}, 0.800, 0.804, 2.920)
--------------------------------------------------------------------------------------------------------------------------
Epoch 22/50
Training one epoch in 20.686 s
[DEV]   QWK:  0.763, PRS: 0.795, SPR: 0.799, RMSE: 2.721, (Best @ 12: {{0.808}}, 0.809, 0.822, 2.719)
[TEST]  QWK:  0.772, PRS: 0.801, SPR: 0.798, RMSE: 2.841 (Best @ 12: {{0.799}}, 0.800, 0.804, 2.920)
--------------------------------------------------------------------------------------------------------------------------
Epoch 23/50
Training one epoch in 20.755 s
[DEV]   QWK:  0.789, PRS: 0.809, SPR: 0.824, RMSE: 2.899, (Best @ 12: {{0.808}}, 0.809, 0.822, 2.719)
[TEST]  QWK:  0.792, PRS: 0.810, SPR: 0.808, RMSE: 3.033 (Best @ 12: {{0.799}}, 0.800, 0.804, 2.920)
--------------------------------------------------------------------------------------------------------------------------
Epoch 24/50
Training one epoch in 20.648 s
[DEV]   QWK:  0.802, PRS: 0.802, SPR: 0.815, RMSE: 2.724, (Best @ 12: {{0.808}}, 0.809, 0.822, 2.719)
[TEST]  QWK:  0.804, PRS: 0.804, SPR: 0.802, RMSE: 2.896 (Best @ 12: {{0.799}}, 0.800, 0.804, 2.920)
--------------------------------------------------------------------------------------------------------------------------
Epoch 25/50
Training one epoch in 20.700 s
[DEV]   QWK:  0.773, PRS: 0.791, SPR: 0.801, RMSE: 2.629, (Best @ 12: {{0.808}}, 0.809, 0.822, 2.719)
[TEST]  QWK:  0.789, PRS: 0.806, SPR: 0.802, RMSE: 2.739 (Best @ 12: {{0.799}}, 0.800, 0.804, 2.920)
--------------------------------------------------------------------------------------------------------------------------
Epoch 26/50
Training one epoch in 20.659 s
[DEV]   QWK:  0.765, PRS: 0.794, SPR: 0.817, RMSE: 2.686, (Best @ 12: {{0.808}}, 0.809, 0.822, 2.719)
[TEST]  QWK:  0.775, PRS: 0.800, SPR: 0.794, RMSE: 2.841 (Best @ 12: {{0.799}}, 0.800, 0.804, 2.920)
--------------------------------------------------------------------------------------------------------------------------
Epoch 27/50
Training one epoch in 20.780 s
[DEV]   QWK:  0.767, PRS: 0.791, SPR: 0.800, RMSE: 2.730, (Best @ 12: {{0.808}}, 0.809, 0.822, 2.719)
[TEST]  QWK:  0.782, PRS: 0.806, SPR: 0.797, RMSE: 2.835 (Best @ 12: {{0.799}}, 0.800, 0.804, 2.920)
--------------------------------------------------------------------------------------------------------------------------
Epoch 28/50
Training one epoch in 20.815 s
[DEV]   QWK:  0.774, PRS: 0.797, SPR: 0.806, RMSE: 2.658, (Best @ 12: {{0.808}}, 0.809, 0.822, 2.719)
[TEST]  QWK:  0.789, PRS: 0.810, SPR: 0.800, RMSE: 2.768 (Best @ 12: {{0.799}}, 0.800, 0.804, 2.920)
--------------------------------------------------------------------------------------------------------------------------
Epoch 29/50
Training one epoch in 20.695 s
[DEV]   QWK:  0.788, PRS: 0.810, SPR: 0.819, RMSE: 2.766, (Best @ 12: {{0.808}}, 0.809, 0.822, 2.719)
[TEST]  QWK:  0.785, PRS: 0.805, SPR: 0.805, RMSE: 2.982 (Best @ 12: {{0.799}}, 0.800, 0.804, 2.920)
--------------------------------------------------------------------------------------------------------------------------
Epoch 30/50
Training one epoch in 20.799 s
[DEV]   QWK:  0.727, PRS: 0.786, SPR: 0.796, RMSE: 3.077, (Best @ 12: {{0.808}}, 0.809, 0.822, 2.719)
[TEST]  QWK:  0.752, PRS: 0.803, SPR: 0.801, RMSE: 3.135 (Best @ 12: {{0.799}}, 0.800, 0.804, 2.920)
--------------------------------------------------------------------------------------------------------------------------
Epoch 31/50
Training one epoch in 20.702 s
[DEV]   QWK:  0.786, PRS: 0.791, SPR: 0.801, RMSE: 2.682, (Best @ 12: {{0.808}}, 0.809, 0.822, 2.719)
[TEST]  QWK:  0.793, PRS: 0.799, SPR: 0.796, RMSE: 2.817 (Best @ 12: {{0.799}}, 0.800, 0.804, 2.920)
--------------------------------------------------------------------------------------------------------------------------
Epoch 32/50
Training one epoch in 20.793 s
[DEV]   QWK:  0.762, PRS: 0.793, SPR: 0.810, RMSE: 3.042, (Best @ 12: {{0.808}}, 0.809, 0.822, 2.719)
[TEST]  QWK:  0.774, PRS: 0.795, SPR: 0.799, RMSE: 3.152 (Best @ 12: {{0.799}}, 0.800, 0.804, 2.920)
--------------------------------------------------------------------------------------------------------------------------
Epoch 33/50
Training one epoch in 20.756 s
[DEV]   QWK:  0.781, PRS: 0.797, SPR: 0.809, RMSE: 2.603, (Best @ 12: {{0.808}}, 0.809, 0.822, 2.719)
[TEST]  QWK:  0.780, PRS: 0.795, SPR: 0.785, RMSE: 2.815 (Best @ 12: {{0.799}}, 0.800, 0.804, 2.920)
--------------------------------------------------------------------------------------------------------------------------
Epoch 34/50
Training one epoch in 20.754 s
[DEV]   QWK:  0.768, PRS: 0.799, SPR: 0.805, RMSE: 2.757, (Best @ 12: {{0.808}}, 0.809, 0.822, 2.719)
[TEST]  QWK:  0.766, PRS: 0.798, SPR: 0.791, RMSE: 2.967 (Best @ 12: {{0.799}}, 0.800, 0.804, 2.920)
--------------------------------------------------------------------------------------------------------------------------
Epoch 35/50
Training one epoch in 20.756 s
[DEV]   QWK:  0.777, PRS: 0.796, SPR: 0.811, RMSE: 2.685, (Best @ 12: {{0.808}}, 0.809, 0.822, 2.719)
[TEST]  QWK:  0.778, PRS: 0.797, SPR: 0.793, RMSE: 2.898 (Best @ 12: {{0.799}}, 0.800, 0.804, 2.920)
--------------------------------------------------------------------------------------------------------------------------
Epoch 36/50
Training one epoch in 20.757 s
[DEV]   QWK:  0.768, PRS: 0.795, SPR: 0.813, RMSE: 2.769, (Best @ 12: {{0.808}}, 0.809, 0.822, 2.719)
[TEST]  QWK:  0.780, PRS: 0.802, SPR: 0.796, RMSE: 2.883 (Best @ 12: {{0.799}}, 0.800, 0.804, 2.920)
--------------------------------------------------------------------------------------------------------------------------
Epoch 37/50
Training one epoch in 20.747 s
[DEV]   QWK:  0.783, PRS: 0.791, SPR: 0.804, RMSE: 2.648, (Best @ 12: {{0.808}}, 0.809, 0.822, 2.719)
[TEST]  QWK:  0.785, PRS: 0.795, SPR: 0.793, RMSE: 2.831 (Best @ 12: {{0.799}}, 0.800, 0.804, 2.920)
--------------------------------------------------------------------------------------------------------------------------
Epoch 38/50
Training one epoch in 20.794 s
[DEV]   QWK:  0.776, PRS: 0.790, SPR: 0.805, RMSE: 2.639, (Best @ 12: {{0.808}}, 0.809, 0.822, 2.719)
[TEST]  QWK:  0.776, PRS: 0.790, SPR: 0.789, RMSE: 2.853 (Best @ 12: {{0.799}}, 0.800, 0.804, 2.920)
--------------------------------------------------------------------------------------------------------------------------
Epoch 39/50
Training one epoch in 20.784 s
[DEV]   QWK:  0.794, PRS: 0.795, SPR: 0.806, RMSE: 2.710, (Best @ 12: {{0.808}}, 0.809, 0.822, 2.719)
[TEST]  QWK:  0.795, PRS: 0.796, SPR: 0.790, RMSE: 2.932 (Best @ 12: {{0.799}}, 0.800, 0.804, 2.920)
--------------------------------------------------------------------------------------------------------------------------
Epoch 40/50
Training one epoch in 20.755 s
[DEV]   QWK:  0.757, PRS: 0.788, SPR: 0.799, RMSE: 2.782, (Best @ 12: {{0.808}}, 0.809, 0.822, 2.719)
[TEST]  QWK:  0.766, PRS: 0.796, SPR: 0.790, RMSE: 2.938 (Best @ 12: {{0.799}}, 0.800, 0.804, 2.920)
--------------------------------------------------------------------------------------------------------------------------
Epoch 41/50
Training one epoch in 20.887 s
[DEV]   QWK:  0.782, PRS: 0.800, SPR: 0.813, RMSE: 2.582, (Best @ 12: {{0.808}}, 0.809, 0.822, 2.719)
[TEST]  QWK:  0.782, PRS: 0.796, SPR: 0.791, RMSE: 2.815 (Best @ 12: {{0.799}}, 0.800, 0.804, 2.920)
--------------------------------------------------------------------------------------------------------------------------
Epoch 42/50
Training one epoch in 20.774 s
[DEV]   QWK:  0.785, PRS: 0.795, SPR: 0.805, RMSE: 2.721, (Best @ 12: {{0.808}}, 0.809, 0.822, 2.719)
[TEST]  QWK:  0.782, PRS: 0.789, SPR: 0.783, RMSE: 2.952 (Best @ 12: {{0.799}}, 0.800, 0.804, 2.920)
--------------------------------------------------------------------------------------------------------------------------
Epoch 43/50
Training one epoch in 20.824 s
[DEV]   QWK:  0.752, PRS: 0.785, SPR: 0.796, RMSE: 2.826, (Best @ 12: {{0.808}}, 0.809, 0.822, 2.719)
[TEST]  QWK:  0.763, PRS: 0.794, SPR: 0.787, RMSE: 2.968 (Best @ 12: {{0.799}}, 0.800, 0.804, 2.920)
--------------------------------------------------------------------------------------------------------------------------
Epoch 44/50
Training one epoch in 20.780 s
[DEV]   QWK:  0.754, PRS: 0.789, SPR: 0.803, RMSE: 2.736, (Best @ 12: {{0.808}}, 0.809, 0.822, 2.719)
[TEST]  QWK:  0.756, PRS: 0.788, SPR: 0.779, RMSE: 2.958 (Best @ 12: {{0.799}}, 0.800, 0.804, 2.920)
--------------------------------------------------------------------------------------------------------------------------
Epoch 45/50
Training one epoch in 20.797 s
[DEV]   QWK:  0.760, PRS: 0.771, SPR: 0.794, RMSE: 2.914, (Best @ 12: {{0.808}}, 0.809, 0.822, 2.719)
[TEST]  QWK:  0.780, PRS: 0.787, SPR: 0.789, RMSE: 3.014 (Best @ 12: {{0.799}}, 0.800, 0.804, 2.920)
--------------------------------------------------------------------------------------------------------------------------
Epoch 46/50
Training one epoch in 20.754 s
[DEV]   QWK:  0.784, PRS: 0.789, SPR: 0.800, RMSE: 2.723, (Best @ 12: {{0.808}}, 0.809, 0.822, 2.719)
[TEST]  QWK:  0.782, PRS: 0.786, SPR: 0.779, RMSE: 2.935 (Best @ 12: {{0.799}}, 0.800, 0.804, 2.920)
--------------------------------------------------------------------------------------------------------------------------
Epoch 47/50
Training one epoch in 20.858 s
[DEV]   QWK:  0.778, PRS: 0.793, SPR: 0.810, RMSE: 2.631, (Best @ 12: {{0.808}}, 0.809, 0.822, 2.719)
[TEST]  QWK:  0.765, PRS: 0.782, SPR: 0.774, RMSE: 2.892 (Best @ 12: {{0.799}}, 0.800, 0.804, 2.920)
--------------------------------------------------------------------------------------------------------------------------
Epoch 48/50
Training one epoch in 20.857 s
[DEV]   QWK:  0.779, PRS: 0.799, SPR: 0.814, RMSE: 2.619, (Best @ 12: {{0.808}}, 0.809, 0.822, 2.719)
[TEST]  QWK:  0.774, PRS: 0.790, SPR: 0.783, RMSE: 2.883 (Best @ 12: {{0.799}}, 0.800, 0.804, 2.920)
--------------------------------------------------------------------------------------------------------------------------
Epoch 49/50
Training one epoch in 20.843 s
[DEV]   QWK:  0.788, PRS: 0.792, SPR: 0.817, RMSE: 2.718, (Best @ 12: {{0.808}}, 0.809, 0.822, 2.719)
[TEST]  QWK:  0.781, PRS: 0.783, SPR: 0.779, RMSE: 2.968 (Best @ 12: {{0.799}}, 0.800, 0.804, 2.920)
--------------------------------------------------------------------------------------------------------------------------
Epoch 50/50
Training one epoch in 20.906 s
[DEV]   QWK:  0.788, PRS: 0.788, SPR: 0.800, RMSE: 2.757, (Best @ 12: {{0.808}}, 0.809, 0.822, 2.719)
[TEST]  QWK:  0.783, PRS: 0.784, SPR: 0.777, RMSE: 2.989 (Best @ 12: {{0.799}}, 0.800, 0.804, 2.920)
--------------------------------------------------------------------------------------------------------------------------
