X_train shape: (1260, 4400)
Initial evaluation: 
[DEV]   QWK:  0.000, PRS: 0.000, SPR: 0.000, RMSE: 0.894, (Best @ -1: {{0.000}}, 0.000, 0.000, 0.894)
[TEST]  QWK:  0.000, PRS: 0.000, SPR: 0.000, RMSE: 0.869 (Best @ -1: {{0.000}}, 0.000, 0.000, 0.869)
--------------------------------------------------------------------------------------------------------------------------
Train model
Epoch 1/50
Training one epoch in 33.913 s
[DEV]   QWK:  0.544, PRS: 0.648, SPR: 0.633, RMSE: 0.675, (Best @ 1: {{0.544}}, 0.648, 0.633, 0.675)
[TEST]  QWK:  0.575, PRS: 0.662, SPR: 0.647, RMSE: 0.632 (Best @ 1: {{0.575}}, 0.662, 0.647, 0.632)
--------------------------------------------------------------------------------------------------------------------------
Epoch 2/50
Training one epoch in 31.130 s
[DEV]   QWK:  0.557, PRS: 0.660, SPR: 0.641, RMSE: 0.662, (Best @ 2: {{0.557}}, 0.660, 0.641, 0.662)
[TEST]  QWK:  0.547, PRS: 0.634, SPR: 0.627, RMSE: 0.650 (Best @ 2: {{0.547}}, 0.634, 0.627, 0.650)
--------------------------------------------------------------------------------------------------------------------------
Epoch 3/50
Training one epoch in 31.239 s
[DEV]   QWK:  0.653, PRS: 0.689, SPR: 0.662, RMSE: 0.592, (Best @ 3: {{0.653}}, 0.689, 0.662, 0.592)
[TEST]  QWK:  0.614, PRS: 0.652, SPR: 0.648, RMSE: 0.601 (Best @ 3: {{0.614}}, 0.652, 0.648, 0.601)
--------------------------------------------------------------------------------------------------------------------------
Epoch 4/50
Training one epoch in 31.401 s
[DEV]   QWK:  0.666, PRS: 0.690, SPR: 0.662, RMSE: 0.594, (Best @ 4: {{0.666}}, 0.690, 0.662, 0.594)
[TEST]  QWK:  0.683, PRS: 0.710, SPR: 0.706, RMSE: 0.558 (Best @ 4: {{0.683}}, 0.710, 0.706, 0.558)
--------------------------------------------------------------------------------------------------------------------------
Epoch 5/50
Training one epoch in 31.283 s
[DEV]   QWK:  0.695, PRS: 0.716, SPR: 0.674, RMSE: 0.573, (Best @ 5: {{0.695}}, 0.716, 0.674, 0.573)
[TEST]  QWK:  0.708, PRS: 0.721, SPR: 0.707, RMSE: 0.548 (Best @ 5: {{0.708}}, 0.721, 0.707, 0.548)
--------------------------------------------------------------------------------------------------------------------------
Epoch 6/50
Training one epoch in 31.260 s
[DEV]   QWK:  0.708, PRS: 0.721, SPR: 0.696, RMSE: 0.558, (Best @ 6: {{0.708}}, 0.721, 0.696, 0.558)
[TEST]  QWK:  0.689, PRS: 0.707, SPR: 0.699, RMSE: 0.553 (Best @ 6: {{0.689}}, 0.707, 0.699, 0.553)
--------------------------------------------------------------------------------------------------------------------------
Epoch 7/50
Training one epoch in 31.272 s
[DEV]   QWK:  0.649, PRS: 0.698, SPR: 0.666, RMSE: 0.601, (Best @ 6: {{0.708}}, 0.721, 0.696, 0.558)
[TEST]  QWK:  0.618, PRS: 0.666, SPR: 0.660, RMSE: 0.606 (Best @ 6: {{0.689}}, 0.707, 0.699, 0.553)
--------------------------------------------------------------------------------------------------------------------------
Epoch 8/50
Training one epoch in 31.214 s
[DEV]   QWK:  0.688, PRS: 0.714, SPR: 0.687, RMSE: 0.575, (Best @ 6: {{0.708}}, 0.721, 0.696, 0.558)
[TEST]  QWK:  0.670, PRS: 0.692, SPR: 0.685, RMSE: 0.573 (Best @ 6: {{0.689}}, 0.707, 0.699, 0.553)
--------------------------------------------------------------------------------------------------------------------------
Epoch 9/50
Training one epoch in 31.356 s
[DEV]   QWK:  0.739, PRS: 0.746, SPR: 0.722, RMSE: 0.545, (Best @ 9: {{0.739}}, 0.746, 0.722, 0.545)
[TEST]  QWK:  0.701, PRS: 0.708, SPR: 0.699, RMSE: 0.563 (Best @ 9: {{0.701}}, 0.708, 0.699, 0.563)
--------------------------------------------------------------------------------------------------------------------------
Epoch 10/50
Training one epoch in 31.273 s
[DEV]   QWK:  0.736, PRS: 0.747, SPR: 0.723, RMSE: 0.537, (Best @ 9: {{0.739}}, 0.746, 0.722, 0.545)
[TEST]  QWK:  0.705, PRS: 0.717, SPR: 0.706, RMSE: 0.548 (Best @ 9: {{0.701}}, 0.708, 0.699, 0.563)
--------------------------------------------------------------------------------------------------------------------------
Epoch 11/50
Training one epoch in 31.478 s
[DEV]   QWK:  0.655, PRS: 0.707, SPR: 0.688, RMSE: 0.615, (Best @ 9: {{0.739}}, 0.746, 0.722, 0.545)
[TEST]  QWK:  0.616, PRS: 0.667, SPR: 0.650, RMSE: 0.624 (Best @ 9: {{0.701}}, 0.708, 0.699, 0.563)
--------------------------------------------------------------------------------------------------------------------------
Epoch 12/50
Training one epoch in 31.322 s
[DEV]   QWK:  0.694, PRS: 0.718, SPR: 0.683, RMSE: 0.573, (Best @ 9: {{0.739}}, 0.746, 0.722, 0.545)
[TEST]  QWK:  0.678, PRS: 0.702, SPR: 0.701, RMSE: 0.568 (Best @ 9: {{0.701}}, 0.708, 0.699, 0.563)
--------------------------------------------------------------------------------------------------------------------------
Epoch 13/50
Training one epoch in 31.360 s
[DEV]   QWK:  0.722, PRS: 0.730, SPR: 0.700, RMSE: 0.555, (Best @ 9: {{0.739}}, 0.746, 0.722, 0.545)
[TEST]  QWK:  0.703, PRS: 0.713, SPR: 0.700, RMSE: 0.553 (Best @ 9: {{0.701}}, 0.708, 0.699, 0.563)
--------------------------------------------------------------------------------------------------------------------------
Epoch 14/50
Training one epoch in 31.315 s
[DEV]   QWK:  0.698, PRS: 0.718, SPR: 0.701, RMSE: 0.558, (Best @ 9: {{0.739}}, 0.746, 0.722, 0.545)
[TEST]  QWK:  0.654, PRS: 0.682, SPR: 0.680, RMSE: 0.568 (Best @ 9: {{0.701}}, 0.708, 0.699, 0.563)
--------------------------------------------------------------------------------------------------------------------------
Epoch 15/50
Training one epoch in 31.272 s
[DEV]   QWK:  0.749, PRS: 0.749, SPR: 0.734, RMSE: 0.560, (Best @ 15: {{0.749}}, 0.749, 0.734, 0.560)
[TEST]  QWK:  0.704, PRS: 0.707, SPR: 0.709, RMSE: 0.577 (Best @ 15: {{0.704}}, 0.707, 0.709, 0.577)
--------------------------------------------------------------------------------------------------------------------------
Epoch 16/50
Training one epoch in 31.258 s
[DEV]   QWK:  0.701, PRS: 0.719, SPR: 0.699, RMSE: 0.565, (Best @ 15: {{0.749}}, 0.749, 0.734, 0.560)
[TEST]  QWK:  0.676, PRS: 0.698, SPR: 0.676, RMSE: 0.568 (Best @ 15: {{0.704}}, 0.707, 0.709, 0.577)
--------------------------------------------------------------------------------------------------------------------------
Epoch 17/50
Training one epoch in 31.235 s
[DEV]   QWK:  0.741, PRS: 0.750, SPR: 0.725, RMSE: 0.550, (Best @ 15: {{0.749}}, 0.749, 0.734, 0.560)
[TEST]  QWK:  0.672, PRS: 0.695, SPR: 0.684, RMSE: 0.577 (Best @ 15: {{0.704}}, 0.707, 0.709, 0.577)
--------------------------------------------------------------------------------------------------------------------------
Epoch 18/50
Training one epoch in 31.349 s
[DEV]   QWK:  0.680, PRS: 0.714, SPR: 0.695, RMSE: 0.610, (Best @ 15: {{0.749}}, 0.749, 0.734, 0.560)
[TEST]  QWK:  0.644, PRS: 0.681, SPR: 0.668, RMSE: 0.624 (Best @ 15: {{0.704}}, 0.707, 0.709, 0.577)
--------------------------------------------------------------------------------------------------------------------------
Epoch 19/50
Training one epoch in 31.302 s
[DEV]   QWK:  0.698, PRS: 0.713, SPR: 0.701, RMSE: 0.565, (Best @ 15: {{0.749}}, 0.749, 0.734, 0.560)
[TEST]  QWK:  0.664, PRS: 0.681, SPR: 0.675, RMSE: 0.573 (Best @ 15: {{0.704}}, 0.707, 0.709, 0.577)
--------------------------------------------------------------------------------------------------------------------------
Epoch 20/50
Training one epoch in 31.343 s
[DEV]   QWK:  0.699, PRS: 0.720, SPR: 0.704, RMSE: 0.575, (Best @ 15: {{0.749}}, 0.749, 0.734, 0.560)
[TEST]  QWK:  0.667, PRS: 0.693, SPR: 0.679, RMSE: 0.582 (Best @ 15: {{0.704}}, 0.707, 0.709, 0.577)
--------------------------------------------------------------------------------------------------------------------------
Epoch 21/50
Training one epoch in 31.392 s
[DEV]   QWK:  0.743, PRS: 0.751, SPR: 0.723, RMSE: 0.535, (Best @ 15: {{0.749}}, 0.749, 0.734, 0.560)
[TEST]  QWK:  0.709, PRS: 0.719, SPR: 0.708, RMSE: 0.548 (Best @ 15: {{0.704}}, 0.707, 0.709, 0.577)
--------------------------------------------------------------------------------------------------------------------------
Epoch 22/50
Training one epoch in 31.124 s
[DEV]   QWK:  0.655, PRS: 0.689, SPR: 0.664, RMSE: 0.610, (Best @ 15: {{0.749}}, 0.749, 0.734, 0.560)
[TEST]  QWK:  0.626, PRS: 0.662, SPR: 0.644, RMSE: 0.615 (Best @ 15: {{0.704}}, 0.707, 0.709, 0.577)
--------------------------------------------------------------------------------------------------------------------------
Epoch 23/50
Training one epoch in 31.328 s
[DEV]   QWK:  0.748, PRS: 0.749, SPR: 0.722, RMSE: 0.553, (Best @ 15: {{0.749}}, 0.749, 0.734, 0.560)
[TEST]  QWK:  0.678, PRS: 0.680, SPR: 0.668, RMSE: 0.606 (Best @ 15: {{0.704}}, 0.707, 0.709, 0.577)
--------------------------------------------------------------------------------------------------------------------------
Epoch 24/50
Training one epoch in 31.250 s
[DEV]   QWK:  0.728, PRS: 0.738, SPR: 0.702, RMSE: 0.558, (Best @ 15: {{0.749}}, 0.749, 0.734, 0.560)
[TEST]  QWK:  0.652, PRS: 0.664, SPR: 0.649, RMSE: 0.610 (Best @ 15: {{0.704}}, 0.707, 0.709, 0.577)
--------------------------------------------------------------------------------------------------------------------------
Epoch 25/50
Training one epoch in 31.269 s
[DEV]   QWK:  0.694, PRS: 0.709, SPR: 0.694, RMSE: 0.568, (Best @ 15: {{0.749}}, 0.749, 0.734, 0.560)
[TEST]  QWK:  0.670, PRS: 0.684, SPR: 0.668, RMSE: 0.573 (Best @ 15: {{0.704}}, 0.707, 0.709, 0.577)
--------------------------------------------------------------------------------------------------------------------------
Epoch 26/50
Training one epoch in 31.315 s
[DEV]   QWK:  0.717, PRS: 0.731, SPR: 0.692, RMSE: 0.570, (Best @ 15: {{0.749}}, 0.749, 0.734, 0.560)
[TEST]  QWK:  0.650, PRS: 0.668, SPR: 0.659, RMSE: 0.619 (Best @ 15: {{0.704}}, 0.707, 0.709, 0.577)
--------------------------------------------------------------------------------------------------------------------------
Epoch 27/50
Training one epoch in 31.340 s
[DEV]   QWK:  0.727, PRS: 0.736, SPR: 0.702, RMSE: 0.548, (Best @ 15: {{0.749}}, 0.749, 0.734, 0.560)
[TEST]  QWK:  0.667, PRS: 0.680, SPR: 0.656, RMSE: 0.577 (Best @ 15: {{0.704}}, 0.707, 0.709, 0.577)
--------------------------------------------------------------------------------------------------------------------------
Epoch 28/50
Training one epoch in 31.238 s
[DEV]   QWK:  0.665, PRS: 0.710, SPR: 0.691, RMSE: 0.610, (Best @ 15: {{0.749}}, 0.749, 0.734, 0.560)
[TEST]  QWK:  0.630, PRS: 0.668, SPR: 0.654, RMSE: 0.641 (Best @ 15: {{0.704}}, 0.707, 0.709, 0.577)
--------------------------------------------------------------------------------------------------------------------------
Epoch 29/50
Training one epoch in 31.279 s
[DEV]   QWK:  0.607, PRS: 0.683, SPR: 0.674, RMSE: 0.703, (Best @ 15: {{0.749}}, 0.749, 0.734, 0.560)
[TEST]  QWK:  0.531, PRS: 0.615, SPR: 0.609, RMSE: 0.764 (Best @ 15: {{0.704}}, 0.707, 0.709, 0.577)
--------------------------------------------------------------------------------------------------------------------------
Epoch 30/50
Training one epoch in 31.328 s
[DEV]   QWK:  0.703, PRS: 0.717, SPR: 0.685, RMSE: 0.573, (Best @ 15: {{0.749}}, 0.749, 0.734, 0.560)
[TEST]  QWK:  0.646, PRS: 0.663, SPR: 0.646, RMSE: 0.606 (Best @ 15: {{0.704}}, 0.707, 0.709, 0.577)
--------------------------------------------------------------------------------------------------------------------------
Epoch 31/50
Training one epoch in 31.160 s
[DEV]   QWK:  0.732, PRS: 0.739, SPR: 0.699, RMSE: 0.550, (Best @ 15: {{0.749}}, 0.749, 0.734, 0.560)
[TEST]  QWK:  0.702, PRS: 0.708, SPR: 0.697, RMSE: 0.563 (Best @ 15: {{0.704}}, 0.707, 0.709, 0.577)
--------------------------------------------------------------------------------------------------------------------------
Epoch 32/50
Training one epoch in 31.292 s
[DEV]   QWK:  0.729, PRS: 0.735, SPR: 0.700, RMSE: 0.563, (Best @ 15: {{0.749}}, 0.749, 0.734, 0.560)
[TEST]  QWK:  0.659, PRS: 0.671, SPR: 0.663, RMSE: 0.610 (Best @ 15: {{0.704}}, 0.707, 0.709, 0.577)
--------------------------------------------------------------------------------------------------------------------------
Epoch 33/50
Training one epoch in 31.425 s
[DEV]   QWK:  0.644, PRS: 0.696, SPR: 0.674, RMSE: 0.624, (Best @ 15: {{0.749}}, 0.749, 0.734, 0.560)
[TEST]  QWK:  0.540, PRS: 0.600, SPR: 0.580, RMSE: 0.707 (Best @ 15: {{0.704}}, 0.707, 0.709, 0.577)
--------------------------------------------------------------------------------------------------------------------------
Epoch 34/50
Training one epoch in 31.527 s
[DEV]   QWK:  0.677, PRS: 0.712, SPR: 0.693, RMSE: 0.635, (Best @ 15: {{0.749}}, 0.749, 0.734, 0.560)
[TEST]  QWK:  0.592, PRS: 0.642, SPR: 0.634, RMSE: 0.699 (Best @ 15: {{0.704}}, 0.707, 0.709, 0.577)
--------------------------------------------------------------------------------------------------------------------------
Epoch 35/50
Training one epoch in 31.499 s
[DEV]   QWK:  0.695, PRS: 0.716, SPR: 0.681, RMSE: 0.592, (Best @ 15: {{0.749}}, 0.749, 0.734, 0.560)
[TEST]  QWK:  0.637, PRS: 0.673, SPR: 0.666, RMSE: 0.641 (Best @ 15: {{0.704}}, 0.707, 0.709, 0.577)
--------------------------------------------------------------------------------------------------------------------------
Epoch 36/50
Training one epoch in 31.359 s
[DEV]   QWK:  0.698, PRS: 0.714, SPR: 0.674, RMSE: 0.580, (Best @ 15: {{0.749}}, 0.749, 0.734, 0.560)
[TEST]  QWK:  0.631, PRS: 0.656, SPR: 0.637, RMSE: 0.628 (Best @ 15: {{0.704}}, 0.707, 0.709, 0.577)
--------------------------------------------------------------------------------------------------------------------------
Epoch 37/50
Training one epoch in 31.430 s
[DEV]   QWK:  0.711, PRS: 0.721, SPR: 0.672, RMSE: 0.565, (Best @ 15: {{0.749}}, 0.749, 0.734, 0.560)
[TEST]  QWK:  0.634, PRS: 0.642, SPR: 0.617, RMSE: 0.615 (Best @ 15: {{0.704}}, 0.707, 0.709, 0.577)
--------------------------------------------------------------------------------------------------------------------------
Epoch 38/50
Training one epoch in 31.525 s
[DEV]   QWK:  0.717, PRS: 0.720, SPR: 0.677, RMSE: 0.575, (Best @ 15: {{0.749}}, 0.749, 0.734, 0.560)
[TEST]  QWK:  0.654, PRS: 0.657, SPR: 0.644, RMSE: 0.632 (Best @ 15: {{0.704}}, 0.707, 0.709, 0.577)
--------------------------------------------------------------------------------------------------------------------------
Epoch 39/50
Training one epoch in 31.525 s
[DEV]   QWK:  0.715, PRS: 0.721, SPR: 0.673, RMSE: 0.577, (Best @ 15: {{0.749}}, 0.749, 0.734, 0.560)
[TEST]  QWK:  0.673, PRS: 0.678, SPR: 0.656, RMSE: 0.596 (Best @ 15: {{0.704}}, 0.707, 0.709, 0.577)
--------------------------------------------------------------------------------------------------------------------------
Epoch 40/50
Training one epoch in 31.412 s
[DEV]   QWK:  0.565, PRS: 0.672, SPR: 0.671, RMSE: 0.745, (Best @ 15: {{0.749}}, 0.749, 0.734, 0.560)
[TEST]  QWK:  0.525, PRS: 0.642, SPR: 0.645, RMSE: 0.778 (Best @ 15: {{0.704}}, 0.707, 0.709, 0.577)
--------------------------------------------------------------------------------------------------------------------------
Epoch 41/50
Training one epoch in 31.457 s
[DEV]   QWK:  0.717, PRS: 0.725, SPR: 0.684, RMSE: 0.563, (Best @ 15: {{0.749}}, 0.749, 0.734, 0.560)
[TEST]  QWK:  0.644, PRS: 0.653, SPR: 0.648, RMSE: 0.624 (Best @ 15: {{0.704}}, 0.707, 0.709, 0.577)
--------------------------------------------------------------------------------------------------------------------------
Epoch 42/50
Training one epoch in 31.424 s
[DEV]   QWK:  0.723, PRS: 0.727, SPR: 0.679, RMSE: 0.570, (Best @ 15: {{0.749}}, 0.749, 0.734, 0.560)
[TEST]  QWK:  0.675, PRS: 0.678, SPR: 0.664, RMSE: 0.596 (Best @ 15: {{0.704}}, 0.707, 0.709, 0.577)
--------------------------------------------------------------------------------------------------------------------------
Epoch 43/50
Training one epoch in 31.497 s
[DEV]   QWK:  0.662, PRS: 0.704, SPR: 0.675, RMSE: 0.612, (Best @ 15: {{0.749}}, 0.749, 0.734, 0.560)
[TEST]  QWK:  0.608, PRS: 0.653, SPR: 0.640, RMSE: 0.658 (Best @ 15: {{0.704}}, 0.707, 0.709, 0.577)
--------------------------------------------------------------------------------------------------------------------------
Epoch 44/50
Training one epoch in 31.498 s
[DEV]   QWK:  0.725, PRS: 0.729, SPR: 0.687, RMSE: 0.563, (Best @ 15: {{0.749}}, 0.749, 0.734, 0.560)
[TEST]  QWK:  0.664, PRS: 0.668, SPR: 0.647, RMSE: 0.601 (Best @ 15: {{0.704}}, 0.707, 0.709, 0.577)
--------------------------------------------------------------------------------------------------------------------------
Epoch 45/50
Training one epoch in 31.336 s
[DEV]   QWK:  0.725, PRS: 0.739, SPR: 0.702, RMSE: 0.599, (Best @ 15: {{0.749}}, 0.749, 0.734, 0.560)
[TEST]  QWK:  0.683, PRS: 0.696, SPR: 0.689, RMSE: 0.628 (Best @ 15: {{0.704}}, 0.707, 0.709, 0.577)
--------------------------------------------------------------------------------------------------------------------------
Epoch 46/50
Training one epoch in 31.458 s
[DEV]   QWK:  0.725, PRS: 0.729, SPR: 0.682, RMSE: 0.563, (Best @ 15: {{0.749}}, 0.749, 0.734, 0.560)
[TEST]  QWK:  0.689, PRS: 0.692, SPR: 0.681, RMSE: 0.587 (Best @ 15: {{0.704}}, 0.707, 0.709, 0.577)
--------------------------------------------------------------------------------------------------------------------------
Epoch 47/50
Training one epoch in 31.512 s
[DEV]   QWK:  0.735, PRS: 0.737, SPR: 0.697, RMSE: 0.568, (Best @ 15: {{0.749}}, 0.749, 0.734, 0.560)
[TEST]  QWK:  0.679, PRS: 0.679, SPR: 0.670, RMSE: 0.628 (Best @ 15: {{0.704}}, 0.707, 0.709, 0.577)
--------------------------------------------------------------------------------------------------------------------------
Epoch 48/50
Training one epoch in 31.411 s
[DEV]   QWK:  0.725, PRS: 0.726, SPR: 0.689, RMSE: 0.575, (Best @ 15: {{0.749}}, 0.749, 0.734, 0.560)
[TEST]  QWK:  0.646, PRS: 0.647, SPR: 0.624, RMSE: 0.632 (Best @ 15: {{0.704}}, 0.707, 0.709, 0.577)
--------------------------------------------------------------------------------------------------------------------------
Epoch 49/50
Training one epoch in 31.507 s
[DEV]   QWK:  0.722, PRS: 0.724, SPR: 0.682, RMSE: 0.575, (Best @ 15: {{0.749}}, 0.749, 0.734, 0.560)
[TEST]  QWK:  0.686, PRS: 0.691, SPR: 0.688, RMSE: 0.596 (Best @ 15: {{0.704}}, 0.707, 0.709, 0.577)
--------------------------------------------------------------------------------------------------------------------------
Epoch 50/50
Training one epoch in 31.498 s
[DEV]   QWK:  0.694, PRS: 0.713, SPR: 0.667, RMSE: 0.601, (Best @ 15: {{0.749}}, 0.749, 0.734, 0.560)
[TEST]  QWK:  0.666, PRS: 0.683, SPR: 0.663, RMSE: 0.606 (Best @ 15: {{0.704}}, 0.707, 0.709, 0.577)
--------------------------------------------------------------------------------------------------------------------------
