X_train shape: (1241, 1150)
Initial evaluation: 
[DEV]   QWK:  0.000, PRS: 0.000, SPR: 0.000, RMSE: 1.050, (Best @ -1: {{0.000}}, 0.000, 0.000, 1.050)
[TEST]  QWK:  0.000, PRS: 0.000, SPR: 0.000, RMSE: 1.076 (Best @ -1: {{0.000}}, 0.000, 0.000, 1.076)
--------------------------------------------------------------------------------------------------------------------------
Train model
Epoch 1/50
Training one epoch in 10.372 s
[DEV]   QWK:  0.589, PRS: 0.653, SPR: 0.650, RMSE: 0.778, (Best @ 1: {{0.589}}, 0.653, 0.650, 0.778)
[TEST]  QWK:  0.611, PRS: 0.719, SPR: 0.714, RMSE: 0.781 (Best @ 1: {{0.611}}, 0.719, 0.714, 0.781)
--------------------------------------------------------------------------------------------------------------------------
Epoch 2/50
Training one epoch in 7.985 s
[DEV]   QWK:  0.625, PRS: 0.698, SPR: 0.700, RMSE: 0.709, (Best @ 2: {{0.625}}, 0.698, 0.700, 0.709)
[TEST]  QWK:  0.616, PRS: 0.684, SPR: 0.688, RMSE: 0.709 (Best @ 2: {{0.616}}, 0.684, 0.688, 0.709)
--------------------------------------------------------------------------------------------------------------------------
Epoch 3/50
Training one epoch in 7.964 s
[DEV]   QWK:  0.650, PRS: 0.753, SPR: 0.755, RMSE: 0.763, (Best @ 3: {{0.650}}, 0.753, 0.755, 0.763)
[TEST]  QWK:  0.722, PRS: 0.809, SPR: 0.807, RMSE: 0.655 (Best @ 3: {{0.722}}, 0.809, 0.807, 0.655)
--------------------------------------------------------------------------------------------------------------------------
Epoch 4/50
Training one epoch in 8.012 s
[DEV]   QWK:  0.711, PRS: 0.740, SPR: 0.745, RMSE: 0.670, (Best @ 4: {{0.711}}, 0.740, 0.745, 0.670)
[TEST]  QWK:  0.699, PRS: 0.749, SPR: 0.751, RMSE: 0.689 (Best @ 4: {{0.699}}, 0.749, 0.751, 0.689)
--------------------------------------------------------------------------------------------------------------------------
Epoch 5/50
Training one epoch in 7.990 s
[DEV]   QWK:  0.699, PRS: 0.785, SPR: 0.788, RMSE: 0.729, (Best @ 4: {{0.711}}, 0.740, 0.745, 0.670)
[TEST]  QWK:  0.741, PRS: 0.819, SPR: 0.828, RMSE: 0.647 (Best @ 4: {{0.699}}, 0.749, 0.751, 0.689)
--------------------------------------------------------------------------------------------------------------------------
Epoch 6/50
Training one epoch in 8.013 s
[DEV]   QWK:  0.719, PRS: 0.783, SPR: 0.787, RMSE: 0.685, (Best @ 6: {{0.719}}, 0.783, 0.787, 0.685)
[TEST]  QWK:  0.781, PRS: 0.815, SPR: 0.822, RMSE: 0.601 (Best @ 6: {{0.781}}, 0.815, 0.822, 0.601)
--------------------------------------------------------------------------------------------------------------------------
Epoch 7/50
Training one epoch in 7.989 s
[DEV]   QWK:  0.732, PRS: 0.799, SPR: 0.808, RMSE: 0.647, (Best @ 7: {{0.732}}, 0.799, 0.808, 0.647)
[TEST]  QWK:  0.752, PRS: 0.803, SPR: 0.798, RMSE: 0.615 (Best @ 7: {{0.752}}, 0.803, 0.798, 0.615)
--------------------------------------------------------------------------------------------------------------------------
Epoch 8/50
Training one epoch in 7.984 s
[DEV]   QWK:  0.799, PRS: 0.803, SPR: 0.813, RMSE: 0.601, (Best @ 8: {{0.799}}, 0.803, 0.813, 0.601)
[TEST]  QWK:  0.809, PRS: 0.809, SPR: 0.810, RMSE: 0.597 (Best @ 8: {{0.809}}, 0.809, 0.810, 0.597)
--------------------------------------------------------------------------------------------------------------------------
Epoch 9/50
Training one epoch in 8.011 s
[DEV]   QWK:  0.812, PRS: 0.813, SPR: 0.821, RMSE: 0.594, (Best @ 9: {{0.812}}, 0.813, 0.821, 0.594)
[TEST]  QWK:  0.808, PRS: 0.811, SPR: 0.810, RMSE: 0.606 (Best @ 9: {{0.808}}, 0.811, 0.810, 0.606)
--------------------------------------------------------------------------------------------------------------------------
Epoch 10/50
Training one epoch in 7.996 s
[DEV]   QWK:  0.770, PRS: 0.795, SPR: 0.813, RMSE: 0.599, (Best @ 9: {{0.812}}, 0.813, 0.821, 0.594)
[TEST]  QWK:  0.781, PRS: 0.796, SPR: 0.806, RMSE: 0.587 (Best @ 9: {{0.808}}, 0.811, 0.810, 0.606)
--------------------------------------------------------------------------------------------------------------------------
Epoch 11/50
Training one epoch in 8.002 s
[DEV]   QWK:  0.753, PRS: 0.779, SPR: 0.792, RMSE: 0.627, (Best @ 9: {{0.812}}, 0.813, 0.821, 0.594)
[TEST]  QWK:  0.738, PRS: 0.777, SPR: 0.782, RMSE: 0.660 (Best @ 9: {{0.808}}, 0.811, 0.810, 0.606)
--------------------------------------------------------------------------------------------------------------------------
Epoch 12/50
Training one epoch in 8.001 s
[DEV]   QWK:  0.749, PRS: 0.786, SPR: 0.796, RMSE: 0.638, (Best @ 9: {{0.812}}, 0.813, 0.821, 0.594)
[TEST]  QWK:  0.736, PRS: 0.788, SPR: 0.789, RMSE: 0.676 (Best @ 9: {{0.808}}, 0.811, 0.810, 0.606)
--------------------------------------------------------------------------------------------------------------------------
Epoch 13/50
Training one epoch in 8.000 s
[DEV]   QWK:  0.817, PRS: 0.825, SPR: 0.834, RMSE: 0.601, (Best @ 13: {{0.817}}, 0.825, 0.834, 0.601)
[TEST]  QWK:  0.816, PRS: 0.818, SPR: 0.824, RMSE: 0.606 (Best @ 13: {{0.816}}, 0.818, 0.824, 0.606)
--------------------------------------------------------------------------------------------------------------------------
Epoch 14/50
Training one epoch in 7.999 s
[DEV]   QWK:  0.812, PRS: 0.822, SPR: 0.834, RMSE: 0.565, (Best @ 13: {{0.817}}, 0.825, 0.834, 0.601)
[TEST]  QWK:  0.832, PRS: 0.834, SPR: 0.834, RMSE: 0.542 (Best @ 13: {{0.816}}, 0.818, 0.824, 0.606)
--------------------------------------------------------------------------------------------------------------------------
Epoch 15/50
Training one epoch in 8.022 s
[DEV]   QWK:  0.819, PRS: 0.827, SPR: 0.840, RMSE: 0.557, (Best @ 15: {{0.819}}, 0.827, 0.840, 0.557)
[TEST]  QWK:  0.808, PRS: 0.819, SPR: 0.822, RMSE: 0.582 (Best @ 15: {{0.808}}, 0.819, 0.822, 0.582)
--------------------------------------------------------------------------------------------------------------------------
Epoch 16/50
Training one epoch in 8.004 s
[DEV]   QWK:  0.806, PRS: 0.812, SPR: 0.823, RMSE: 0.577, (Best @ 15: {{0.819}}, 0.827, 0.840, 0.557)
[TEST]  QWK:  0.820, PRS: 0.826, SPR: 0.829, RMSE: 0.567 (Best @ 15: {{0.808}}, 0.819, 0.822, 0.582)
--------------------------------------------------------------------------------------------------------------------------
Epoch 17/50
Training one epoch in 8.000 s
[DEV]   QWK:  0.830, PRS: 0.838, SPR: 0.848, RMSE: 0.580, (Best @ 17: {{0.830}}, 0.838, 0.848, 0.580)
[TEST]  QWK:  0.809, PRS: 0.812, SPR: 0.817, RMSE: 0.615 (Best @ 17: {{0.809}}, 0.812, 0.817, 0.615)
--------------------------------------------------------------------------------------------------------------------------
Epoch 18/50
Training one epoch in 8.009 s
[DEV]   QWK:  0.723, PRS: 0.780, SPR: 0.803, RMSE: 0.636, (Best @ 17: {{0.830}}, 0.838, 0.848, 0.580)
[TEST]  QWK:  0.724, PRS: 0.770, SPR: 0.775, RMSE: 0.629 (Best @ 17: {{0.809}}, 0.812, 0.817, 0.615)
--------------------------------------------------------------------------------------------------------------------------
Epoch 19/50
Training one epoch in 8.013 s
[DEV]   QWK:  0.848, PRS: 0.850, SPR: 0.856, RMSE: 0.529, (Best @ 19: {{0.848}}, 0.850, 0.856, 0.529)
[TEST]  QWK:  0.837, PRS: 0.843, SPR: 0.846, RMSE: 0.557 (Best @ 19: {{0.837}}, 0.843, 0.846, 0.557)
--------------------------------------------------------------------------------------------------------------------------
Epoch 20/50
Training one epoch in 8.002 s
[DEV]   QWK:  0.822, PRS: 0.838, SPR: 0.847, RMSE: 0.597, (Best @ 19: {{0.848}}, 0.850, 0.856, 0.529)
[TEST]  QWK:  0.814, PRS: 0.821, SPR: 0.830, RMSE: 0.606 (Best @ 19: {{0.837}}, 0.843, 0.846, 0.557)
--------------------------------------------------------------------------------------------------------------------------
Epoch 21/50
Training one epoch in 8.043 s
[DEV]   QWK:  0.793, PRS: 0.811, SPR: 0.832, RMSE: 0.577, (Best @ 19: {{0.848}}, 0.850, 0.856, 0.529)
[TEST]  QWK:  0.821, PRS: 0.830, SPR: 0.836, RMSE: 0.542 (Best @ 19: {{0.837}}, 0.843, 0.846, 0.557)
--------------------------------------------------------------------------------------------------------------------------
Epoch 22/50
Training one epoch in 8.038 s
[DEV]   QWK:  0.831, PRS: 0.838, SPR: 0.843, RMSE: 0.552, (Best @ 19: {{0.848}}, 0.850, 0.856, 0.529)
[TEST]  QWK:  0.834, PRS: 0.844, SPR: 0.848, RMSE: 0.552 (Best @ 19: {{0.837}}, 0.843, 0.846, 0.557)
--------------------------------------------------------------------------------------------------------------------------
Epoch 23/50
Training one epoch in 7.989 s
[DEV]   QWK:  0.824, PRS: 0.833, SPR: 0.837, RMSE: 0.575, (Best @ 19: {{0.848}}, 0.850, 0.856, 0.529)
[TEST]  QWK:  0.802, PRS: 0.822, SPR: 0.818, RMSE: 0.601 (Best @ 19: {{0.837}}, 0.843, 0.846, 0.557)
--------------------------------------------------------------------------------------------------------------------------
Epoch 24/50
Training one epoch in 8.004 s
[DEV]   QWK:  0.724, PRS: 0.807, SPR: 0.817, RMSE: 0.727, (Best @ 19: {{0.848}}, 0.850, 0.856, 0.529)
[TEST]  QWK:  0.753, PRS: 0.820, SPR: 0.829, RMSE: 0.660 (Best @ 19: {{0.837}}, 0.843, 0.846, 0.557)
--------------------------------------------------------------------------------------------------------------------------
Epoch 25/50
Training one epoch in 8.028 s
[DEV]   QWK:  0.838, PRS: 0.840, SPR: 0.845, RMSE: 0.547, (Best @ 19: {{0.848}}, 0.850, 0.856, 0.529)
[TEST]  QWK:  0.832, PRS: 0.840, SPR: 0.840, RMSE: 0.557 (Best @ 19: {{0.837}}, 0.843, 0.846, 0.557)
--------------------------------------------------------------------------------------------------------------------------
Epoch 26/50
Training one epoch in 8.012 s
[DEV]   QWK:  0.829, PRS: 0.845, SPR: 0.854, RMSE: 0.594, (Best @ 19: {{0.848}}, 0.850, 0.856, 0.529)
[TEST]  QWK:  0.803, PRS: 0.812, SPR: 0.820, RMSE: 0.624 (Best @ 19: {{0.837}}, 0.843, 0.846, 0.557)
--------------------------------------------------------------------------------------------------------------------------
Epoch 27/50
Training one epoch in 8.016 s
[DEV]   QWK:  0.826, PRS: 0.835, SPR: 0.845, RMSE: 0.550, (Best @ 19: {{0.848}}, 0.850, 0.856, 0.529)
[TEST]  QWK:  0.801, PRS: 0.808, SPR: 0.812, RMSE: 0.577 (Best @ 19: {{0.837}}, 0.843, 0.846, 0.557)
--------------------------------------------------------------------------------------------------------------------------
Epoch 28/50
Training one epoch in 8.002 s
[DEV]   QWK:  0.820, PRS: 0.833, SPR: 0.840, RMSE: 0.611, (Best @ 19: {{0.848}}, 0.850, 0.856, 0.529)
[TEST]  QWK:  0.782, PRS: 0.787, SPR: 0.795, RMSE: 0.655 (Best @ 19: {{0.837}}, 0.843, 0.846, 0.557)
--------------------------------------------------------------------------------------------------------------------------
Epoch 29/50
Training one epoch in 7.988 s
[DEV]   QWK:  0.834, PRS: 0.839, SPR: 0.852, RMSE: 0.539, (Best @ 19: {{0.848}}, 0.850, 0.856, 0.529)
[TEST]  QWK:  0.816, PRS: 0.822, SPR: 0.830, RMSE: 0.567 (Best @ 19: {{0.837}}, 0.843, 0.846, 0.557)
--------------------------------------------------------------------------------------------------------------------------
Epoch 30/50
Training one epoch in 8.000 s
[DEV]   QWK:  0.816, PRS: 0.828, SPR: 0.843, RMSE: 0.552, (Best @ 19: {{0.848}}, 0.850, 0.856, 0.529)
[TEST]  QWK:  0.804, PRS: 0.813, SPR: 0.824, RMSE: 0.577 (Best @ 19: {{0.837}}, 0.843, 0.846, 0.557)
--------------------------------------------------------------------------------------------------------------------------
Epoch 31/50
Training one epoch in 7.997 s
[DEV]   QWK:  0.810, PRS: 0.822, SPR: 0.834, RMSE: 0.582, (Best @ 19: {{0.848}}, 0.850, 0.856, 0.529)
[TEST]  QWK:  0.781, PRS: 0.789, SPR: 0.799, RMSE: 0.611 (Best @ 19: {{0.837}}, 0.843, 0.846, 0.557)
--------------------------------------------------------------------------------------------------------------------------
Epoch 32/50
Training one epoch in 8.011 s
[DEV]   QWK:  0.827, PRS: 0.835, SPR: 0.852, RMSE: 0.542, (Best @ 19: {{0.848}}, 0.850, 0.856, 0.529)
[TEST]  QWK:  0.802, PRS: 0.811, SPR: 0.826, RMSE: 0.572 (Best @ 19: {{0.837}}, 0.843, 0.846, 0.557)
--------------------------------------------------------------------------------------------------------------------------
Epoch 33/50
Training one epoch in 8.061 s
[DEV]   QWK:  0.747, PRS: 0.785, SPR: 0.797, RMSE: 0.627, (Best @ 19: {{0.848}}, 0.850, 0.856, 0.529)
[TEST]  QWK:  0.721, PRS: 0.764, SPR: 0.769, RMSE: 0.660 (Best @ 19: {{0.837}}, 0.843, 0.846, 0.557)
--------------------------------------------------------------------------------------------------------------------------
Epoch 34/50
Training one epoch in 8.011 s
[DEV]   QWK:  0.793, PRS: 0.806, SPR: 0.816, RMSE: 0.587, (Best @ 19: {{0.848}}, 0.850, 0.856, 0.529)
[TEST]  QWK:  0.773, PRS: 0.793, SPR: 0.794, RMSE: 0.611 (Best @ 19: {{0.837}}, 0.843, 0.846, 0.557)
--------------------------------------------------------------------------------------------------------------------------
Epoch 35/50
Training one epoch in 8.049 s
[DEV]   QWK:  0.827, PRS: 0.840, SPR: 0.851, RMSE: 0.567, (Best @ 19: {{0.848}}, 0.850, 0.856, 0.529)
[TEST]  QWK:  0.817, PRS: 0.821, SPR: 0.823, RMSE: 0.567 (Best @ 19: {{0.837}}, 0.843, 0.846, 0.557)
--------------------------------------------------------------------------------------------------------------------------
Epoch 36/50
Training one epoch in 8.025 s
[DEV]   QWK:  0.758, PRS: 0.791, SPR: 0.802, RMSE: 0.633, (Best @ 19: {{0.848}}, 0.850, 0.856, 0.529)
[TEST]  QWK:  0.741, PRS: 0.789, SPR: 0.789, RMSE: 0.655 (Best @ 19: {{0.837}}, 0.843, 0.846, 0.557)
--------------------------------------------------------------------------------------------------------------------------
Epoch 37/50
Training one epoch in 8.012 s
[DEV]   QWK:  0.836, PRS: 0.843, SPR: 0.852, RMSE: 0.545, (Best @ 19: {{0.848}}, 0.850, 0.856, 0.529)
[TEST]  QWK:  0.818, PRS: 0.821, SPR: 0.827, RMSE: 0.567 (Best @ 19: {{0.837}}, 0.843, 0.846, 0.557)
--------------------------------------------------------------------------------------------------------------------------
Epoch 38/50
Training one epoch in 8.030 s
[DEV]   QWK:  0.764, PRS: 0.791, SPR: 0.800, RMSE: 0.649, (Best @ 19: {{0.848}}, 0.850, 0.856, 0.529)
[TEST]  QWK:  0.765, PRS: 0.809, SPR: 0.808, RMSE: 0.651 (Best @ 19: {{0.837}}, 0.843, 0.846, 0.557)
--------------------------------------------------------------------------------------------------------------------------
Epoch 39/50
Training one epoch in 8.048 s
[DEV]   QWK:  0.810, PRS: 0.834, SPR: 0.843, RMSE: 0.601, (Best @ 19: {{0.848}}, 0.850, 0.856, 0.529)
[TEST]  QWK:  0.809, PRS: 0.824, SPR: 0.826, RMSE: 0.592 (Best @ 19: {{0.837}}, 0.843, 0.846, 0.557)
--------------------------------------------------------------------------------------------------------------------------
Epoch 40/50
Training one epoch in 8.032 s
[DEV]   QWK:  0.835, PRS: 0.839, SPR: 0.849, RMSE: 0.547, (Best @ 19: {{0.848}}, 0.850, 0.856, 0.529)
[TEST]  QWK:  0.813, PRS: 0.820, SPR: 0.820, RMSE: 0.577 (Best @ 19: {{0.837}}, 0.843, 0.846, 0.557)
--------------------------------------------------------------------------------------------------------------------------
Epoch 41/50
Training one epoch in 8.035 s
[DEV]   QWK:  0.840, PRS: 0.841, SPR: 0.847, RMSE: 0.550, (Best @ 19: {{0.848}}, 0.850, 0.856, 0.529)
[TEST]  QWK:  0.814, PRS: 0.816, SPR: 0.820, RMSE: 0.572 (Best @ 19: {{0.837}}, 0.843, 0.846, 0.557)
--------------------------------------------------------------------------------------------------------------------------
Epoch 42/50
Training one epoch in 8.059 s
[DEV]   QWK:  0.844, PRS: 0.844, SPR: 0.851, RMSE: 0.552, (Best @ 19: {{0.848}}, 0.850, 0.856, 0.529)
[TEST]  QWK:  0.814, PRS: 0.814, SPR: 0.820, RMSE: 0.582 (Best @ 19: {{0.837}}, 0.843, 0.846, 0.557)
--------------------------------------------------------------------------------------------------------------------------
Epoch 43/50
Training one epoch in 8.047 s
[DEV]   QWK:  0.822, PRS: 0.829, SPR: 0.839, RMSE: 0.572, (Best @ 19: {{0.848}}, 0.850, 0.856, 0.529)
[TEST]  QWK:  0.786, PRS: 0.789, SPR: 0.794, RMSE: 0.611 (Best @ 19: {{0.837}}, 0.843, 0.846, 0.557)
--------------------------------------------------------------------------------------------------------------------------
Epoch 44/50
Training one epoch in 8.039 s
[DEV]   QWK:  0.828, PRS: 0.828, SPR: 0.835, RMSE: 0.572, (Best @ 19: {{0.848}}, 0.850, 0.856, 0.529)
[TEST]  QWK:  0.807, PRS: 0.810, SPR: 0.814, RMSE: 0.592 (Best @ 19: {{0.837}}, 0.843, 0.846, 0.557)
--------------------------------------------------------------------------------------------------------------------------
Epoch 45/50
Training one epoch in 8.049 s
[DEV]   QWK:  0.804, PRS: 0.808, SPR: 0.820, RMSE: 0.585, (Best @ 19: {{0.848}}, 0.850, 0.856, 0.529)
[TEST]  QWK:  0.797, PRS: 0.801, SPR: 0.806, RMSE: 0.587 (Best @ 19: {{0.837}}, 0.843, 0.846, 0.557)
--------------------------------------------------------------------------------------------------------------------------
Epoch 46/50
Training one epoch in 8.027 s
[DEV]   QWK:  0.825, PRS: 0.827, SPR: 0.838, RMSE: 0.565, (Best @ 19: {{0.848}}, 0.850, 0.856, 0.529)
[TEST]  QWK:  0.810, PRS: 0.814, SPR: 0.818, RMSE: 0.572 (Best @ 19: {{0.837}}, 0.843, 0.846, 0.557)
--------------------------------------------------------------------------------------------------------------------------
Epoch 47/50
Training one epoch in 7.997 s
[DEV]   QWK:  0.826, PRS: 0.834, SPR: 0.840, RMSE: 0.599, (Best @ 19: {{0.848}}, 0.850, 0.856, 0.529)
[TEST]  QWK:  0.819, PRS: 0.822, SPR: 0.828, RMSE: 0.587 (Best @ 19: {{0.837}}, 0.843, 0.846, 0.557)
--------------------------------------------------------------------------------------------------------------------------
Epoch 48/50
Training one epoch in 8.035 s
[DEV]   QWK:  0.829, PRS: 0.832, SPR: 0.837, RMSE: 0.580, (Best @ 19: {{0.848}}, 0.850, 0.856, 0.529)
[TEST]  QWK:  0.803, PRS: 0.803, SPR: 0.809, RMSE: 0.606 (Best @ 19: {{0.837}}, 0.843, 0.846, 0.557)
--------------------------------------------------------------------------------------------------------------------------
Epoch 49/50
Training one epoch in 8.029 s
[DEV]   QWK:  0.797, PRS: 0.809, SPR: 0.818, RMSE: 0.594, (Best @ 19: {{0.848}}, 0.850, 0.856, 0.529)
[TEST]  QWK:  0.798, PRS: 0.815, SPR: 0.812, RMSE: 0.592 (Best @ 19: {{0.837}}, 0.843, 0.846, 0.557)
--------------------------------------------------------------------------------------------------------------------------
Epoch 50/50
Training one epoch in 8.031 s
[DEV]   QWK:  0.809, PRS: 0.814, SPR: 0.819, RMSE: 0.604, (Best @ 19: {{0.848}}, 0.850, 0.856, 0.529)
[TEST]  QWK:  0.806, PRS: 0.821, SPR: 0.823, RMSE: 0.601 (Best @ 19: {{0.837}}, 0.843, 0.846, 0.557)
--------------------------------------------------------------------------------------------------------------------------
