X_train shape: (1260, 4400)
Initial evaluation: 
[DEV]   QWK:  0.000, PRS: 0.000, SPR: 0.000, RMSE: 0.894, (Best @ -1: {{0.000}}, 0.000, 0.000, 0.894)
[TEST]  QWK:  0.000, PRS: 0.000, SPR: 0.000, RMSE: 0.869 (Best @ -1: {{0.000}}, 0.000, 0.000, 0.869)
--------------------------------------------------------------------------------------------------------------------------
Train model
Epoch 1/50
Training one epoch in 35.086 s
[DEV]   QWK:  0.519, PRS: 0.630, SPR: 0.620, RMSE: 0.683, (Best @ 1: {{0.519}}, 0.630, 0.620, 0.683)
[TEST]  QWK:  0.534, PRS: 0.623, SPR: 0.642, RMSE: 0.654 (Best @ 1: {{0.534}}, 0.623, 0.642, 0.654)
--------------------------------------------------------------------------------------------------------------------------
Epoch 2/50
Training one epoch in 32.295 s
[DEV]   QWK:  0.543, PRS: 0.656, SPR: 0.631, RMSE: 0.681, (Best @ 2: {{0.543}}, 0.656, 0.631, 0.681)
[TEST]  QWK:  0.572, PRS: 0.671, SPR: 0.665, RMSE: 0.641 (Best @ 2: {{0.572}}, 0.671, 0.665, 0.641)
--------------------------------------------------------------------------------------------------------------------------
Epoch 3/50
Training one epoch in 32.451 s
[DEV]   QWK:  0.629, PRS: 0.672, SPR: 0.640, RMSE: 0.612, (Best @ 3: {{0.629}}, 0.672, 0.640, 0.612)
[TEST]  QWK:  0.637, PRS: 0.690, SPR: 0.704, RMSE: 0.582 (Best @ 3: {{0.637}}, 0.690, 0.704, 0.582)
--------------------------------------------------------------------------------------------------------------------------
Epoch 4/50
Training one epoch in 32.385 s
[DEV]   QWK:  0.673, PRS: 0.697, SPR: 0.669, RMSE: 0.592, (Best @ 4: {{0.673}}, 0.697, 0.669, 0.592)
[TEST]  QWK:  0.707, PRS: 0.730, SPR: 0.723, RMSE: 0.537 (Best @ 4: {{0.707}}, 0.730, 0.723, 0.537)
--------------------------------------------------------------------------------------------------------------------------
Epoch 5/50
Training one epoch in 32.317 s
[DEV]   QWK:  0.696, PRS: 0.715, SPR: 0.672, RMSE: 0.575, (Best @ 5: {{0.696}}, 0.715, 0.672, 0.575)
[TEST]  QWK:  0.717, PRS: 0.734, SPR: 0.735, RMSE: 0.537 (Best @ 5: {{0.717}}, 0.734, 0.735, 0.537)
--------------------------------------------------------------------------------------------------------------------------
Epoch 6/50
Training one epoch in 32.234 s
[DEV]   QWK:  0.690, PRS: 0.705, SPR: 0.673, RMSE: 0.573, (Best @ 5: {{0.696}}, 0.715, 0.672, 0.575)
[TEST]  QWK:  0.724, PRS: 0.741, SPR: 0.735, RMSE: 0.522 (Best @ 5: {{0.717}}, 0.734, 0.735, 0.537)
--------------------------------------------------------------------------------------------------------------------------
Epoch 7/50
Training one epoch in 32.299 s
[DEV]   QWK:  0.665, PRS: 0.705, SPR: 0.670, RMSE: 0.587, (Best @ 5: {{0.696}}, 0.715, 0.672, 0.575)
[TEST]  QWK:  0.632, PRS: 0.685, SPR: 0.689, RMSE: 0.587 (Best @ 5: {{0.717}}, 0.734, 0.735, 0.537)
--------------------------------------------------------------------------------------------------------------------------
Epoch 8/50
Training one epoch in 32.412 s
[DEV]   QWK:  0.705, PRS: 0.722, SPR: 0.699, RMSE: 0.568, (Best @ 8: {{0.705}}, 0.722, 0.699, 0.568)
[TEST]  QWK:  0.681, PRS: 0.705, SPR: 0.694, RMSE: 0.563 (Best @ 8: {{0.681}}, 0.705, 0.694, 0.563)
--------------------------------------------------------------------------------------------------------------------------
Epoch 9/50
Training one epoch in 32.284 s
[DEV]   QWK:  0.712, PRS: 0.716, SPR: 0.685, RMSE: 0.575, (Best @ 9: {{0.712}}, 0.716, 0.685, 0.575)
[TEST]  QWK:  0.715, PRS: 0.721, SPR: 0.718, RMSE: 0.548 (Best @ 9: {{0.715}}, 0.721, 0.718, 0.548)
--------------------------------------------------------------------------------------------------------------------------
Epoch 10/50
Training one epoch in 32.401 s
[DEV]   QWK:  0.697, PRS: 0.706, SPR: 0.687, RMSE: 0.577, (Best @ 9: {{0.712}}, 0.716, 0.685, 0.575)
[TEST]  QWK:  0.716, PRS: 0.724, SPR: 0.717, RMSE: 0.543 (Best @ 9: {{0.715}}, 0.721, 0.718, 0.548)
--------------------------------------------------------------------------------------------------------------------------
Epoch 11/50
Training one epoch in 33.195 s
[DEV]   QWK:  0.699, PRS: 0.725, SPR: 0.709, RMSE: 0.575, (Best @ 9: {{0.712}}, 0.716, 0.685, 0.575)
[TEST]  QWK:  0.675, PRS: 0.704, SPR: 0.697, RMSE: 0.577 (Best @ 9: {{0.715}}, 0.721, 0.718, 0.548)
--------------------------------------------------------------------------------------------------------------------------
Epoch 12/50
Training one epoch in 32.398 s
[DEV]   QWK:  0.702, PRS: 0.728, SPR: 0.692, RMSE: 0.570, (Best @ 9: {{0.712}}, 0.716, 0.685, 0.575)
[TEST]  QWK:  0.679, PRS: 0.701, SPR: 0.694, RMSE: 0.577 (Best @ 9: {{0.715}}, 0.721, 0.718, 0.548)
--------------------------------------------------------------------------------------------------------------------------
Epoch 13/50
Training one epoch in 32.268 s
[DEV]   QWK:  0.717, PRS: 0.724, SPR: 0.697, RMSE: 0.563, (Best @ 13: {{0.717}}, 0.724, 0.697, 0.563)
[TEST]  QWK:  0.707, PRS: 0.713, SPR: 0.710, RMSE: 0.558 (Best @ 13: {{0.707}}, 0.713, 0.710, 0.558)
--------------------------------------------------------------------------------------------------------------------------
Epoch 14/50
Training one epoch in 32.407 s
[DEV]   QWK:  0.674, PRS: 0.699, SPR: 0.678, RMSE: 0.573, (Best @ 13: {{0.717}}, 0.724, 0.697, 0.563)
[TEST]  QWK:  0.653, PRS: 0.688, SPR: 0.704, RMSE: 0.563 (Best @ 13: {{0.707}}, 0.713, 0.710, 0.558)
--------------------------------------------------------------------------------------------------------------------------
Epoch 15/50
Training one epoch in 32.306 s
[DEV]   QWK:  0.722, PRS: 0.733, SPR: 0.706, RMSE: 0.585, (Best @ 15: {{0.722}}, 0.733, 0.706, 0.585)
[TEST]  QWK:  0.698, PRS: 0.710, SPR: 0.705, RMSE: 0.601 (Best @ 15: {{0.698}}, 0.710, 0.705, 0.601)
--------------------------------------------------------------------------------------------------------------------------
Epoch 16/50
Training one epoch in 32.337 s
[DEV]   QWK:  0.700, PRS: 0.716, SPR: 0.705, RMSE: 0.573, (Best @ 15: {{0.722}}, 0.733, 0.706, 0.585)
[TEST]  QWK:  0.702, PRS: 0.721, SPR: 0.718, RMSE: 0.553 (Best @ 15: {{0.698}}, 0.710, 0.705, 0.601)
--------------------------------------------------------------------------------------------------------------------------
Epoch 17/50
Training one epoch in 32.243 s
[DEV]   QWK:  0.711, PRS: 0.733, SPR: 0.699, RMSE: 0.568, (Best @ 15: {{0.722}}, 0.733, 0.706, 0.585)
[TEST]  QWK:  0.676, PRS: 0.694, SPR: 0.693, RMSE: 0.587 (Best @ 15: {{0.698}}, 0.710, 0.705, 0.601)
--------------------------------------------------------------------------------------------------------------------------
Epoch 18/50
Training one epoch in 32.232 s
[DEV]   QWK:  0.720, PRS: 0.722, SPR: 0.705, RMSE: 0.575, (Best @ 15: {{0.722}}, 0.733, 0.706, 0.585)
[TEST]  QWK:  0.688, PRS: 0.692, SPR: 0.686, RMSE: 0.587 (Best @ 15: {{0.698}}, 0.710, 0.705, 0.601)
--------------------------------------------------------------------------------------------------------------------------
Epoch 19/50
Training one epoch in 32.296 s
[DEV]   QWK:  0.696, PRS: 0.720, SPR: 0.694, RMSE: 0.563, (Best @ 15: {{0.722}}, 0.733, 0.706, 0.585)
[TEST]  QWK:  0.697, PRS: 0.715, SPR: 0.713, RMSE: 0.548 (Best @ 15: {{0.698}}, 0.710, 0.705, 0.601)
--------------------------------------------------------------------------------------------------------------------------
Epoch 20/50
Training one epoch in 32.317 s
[DEV]   QWK:  0.710, PRS: 0.719, SPR: 0.695, RMSE: 0.565, (Best @ 15: {{0.722}}, 0.733, 0.706, 0.585)
[TEST]  QWK:  0.727, PRS: 0.735, SPR: 0.727, RMSE: 0.537 (Best @ 15: {{0.698}}, 0.710, 0.705, 0.601)
--------------------------------------------------------------------------------------------------------------------------
Epoch 21/50
Training one epoch in 32.361 s
[DEV]   QWK:  0.714, PRS: 0.738, SPR: 0.702, RMSE: 0.558, (Best @ 15: {{0.722}}, 0.733, 0.706, 0.585)
[TEST]  QWK:  0.691, PRS: 0.704, SPR: 0.696, RMSE: 0.568 (Best @ 15: {{0.698}}, 0.710, 0.705, 0.601)
--------------------------------------------------------------------------------------------------------------------------
Epoch 22/50
Training one epoch in 32.444 s
[DEV]   QWK:  0.696, PRS: 0.725, SPR: 0.711, RMSE: 0.592, (Best @ 15: {{0.722}}, 0.733, 0.706, 0.585)
[TEST]  QWK:  0.660, PRS: 0.697, SPR: 0.687, RMSE: 0.601 (Best @ 15: {{0.698}}, 0.710, 0.705, 0.601)
--------------------------------------------------------------------------------------------------------------------------
Epoch 23/50
Training one epoch in 32.168 s
[DEV]   QWK:  0.733, PRS: 0.739, SPR: 0.714, RMSE: 0.573, (Best @ 23: {{0.733}}, 0.739, 0.714, 0.573)
[TEST]  QWK:  0.702, PRS: 0.705, SPR: 0.715, RMSE: 0.596 (Best @ 23: {{0.702}}, 0.705, 0.715, 0.596)
--------------------------------------------------------------------------------------------------------------------------
Epoch 24/50
Training one epoch in 32.108 s
[DEV]   QWK:  0.721, PRS: 0.723, SPR: 0.701, RMSE: 0.575, (Best @ 23: {{0.733}}, 0.739, 0.714, 0.573)
[TEST]  QWK:  0.694, PRS: 0.697, SPR: 0.689, RMSE: 0.582 (Best @ 23: {{0.702}}, 0.705, 0.715, 0.596)
--------------------------------------------------------------------------------------------------------------------------
Epoch 25/50
Training one epoch in 32.168 s
[DEV]   QWK:  0.712, PRS: 0.727, SPR: 0.708, RMSE: 0.553, (Best @ 23: {{0.733}}, 0.739, 0.714, 0.573)
[TEST]  QWK:  0.719, PRS: 0.732, SPR: 0.721, RMSE: 0.532 (Best @ 23: {{0.702}}, 0.705, 0.715, 0.596)
--------------------------------------------------------------------------------------------------------------------------
Epoch 26/50
Training one epoch in 32.108 s
[DEV]   QWK:  0.704, PRS: 0.715, SPR: 0.699, RMSE: 0.589, (Best @ 23: {{0.733}}, 0.739, 0.714, 0.573)
[TEST]  QWK:  0.656, PRS: 0.670, SPR: 0.662, RMSE: 0.624 (Best @ 23: {{0.702}}, 0.705, 0.715, 0.596)
--------------------------------------------------------------------------------------------------------------------------
Epoch 27/50
Training one epoch in 32.181 s
[DEV]   QWK:  0.714, PRS: 0.731, SPR: 0.692, RMSE: 0.558, (Best @ 23: {{0.733}}, 0.739, 0.714, 0.573)
[TEST]  QWK:  0.702, PRS: 0.711, SPR: 0.701, RMSE: 0.558 (Best @ 23: {{0.702}}, 0.705, 0.715, 0.596)
--------------------------------------------------------------------------------------------------------------------------
Epoch 28/50
Training one epoch in 31.838 s
[DEV]   QWK:  0.719, PRS: 0.730, SPR: 0.709, RMSE: 0.565, (Best @ 23: {{0.733}}, 0.739, 0.714, 0.573)
[TEST]  QWK:  0.688, PRS: 0.702, SPR: 0.688, RMSE: 0.577 (Best @ 23: {{0.702}}, 0.705, 0.715, 0.596)
--------------------------------------------------------------------------------------------------------------------------
Epoch 29/50
Training one epoch in 31.849 s
[DEV]   QWK:  0.729, PRS: 0.734, SPR: 0.713, RMSE: 0.560, (Best @ 23: {{0.733}}, 0.739, 0.714, 0.573)
[TEST]  QWK:  0.695, PRS: 0.704, SPR: 0.692, RMSE: 0.573 (Best @ 23: {{0.702}}, 0.705, 0.715, 0.596)
--------------------------------------------------------------------------------------------------------------------------
Epoch 30/50
Training one epoch in 31.947 s
[DEV]   QWK:  0.683, PRS: 0.702, SPR: 0.676, RMSE: 0.601, (Best @ 23: {{0.733}}, 0.739, 0.714, 0.573)
[TEST]  QWK:  0.667, PRS: 0.686, SPR: 0.675, RMSE: 0.601 (Best @ 23: {{0.702}}, 0.705, 0.715, 0.596)
--------------------------------------------------------------------------------------------------------------------------
Epoch 31/50
Training one epoch in 31.932 s
[DEV]   QWK:  0.714, PRS: 0.725, SPR: 0.692, RMSE: 0.575, (Best @ 23: {{0.733}}, 0.739, 0.714, 0.573)
[TEST]  QWK:  0.719, PRS: 0.724, SPR: 0.726, RMSE: 0.563 (Best @ 23: {{0.702}}, 0.705, 0.715, 0.596)
--------------------------------------------------------------------------------------------------------------------------
Epoch 32/50
Training one epoch in 31.840 s
[DEV]   QWK:  0.731, PRS: 0.734, SPR: 0.707, RMSE: 0.560, (Best @ 23: {{0.733}}, 0.739, 0.714, 0.573)
[TEST]  QWK:  0.683, PRS: 0.690, SPR: 0.677, RMSE: 0.582 (Best @ 23: {{0.702}}, 0.705, 0.715, 0.596)
--------------------------------------------------------------------------------------------------------------------------
Epoch 33/50
Training one epoch in 32.100 s
[DEV]   QWK:  0.694, PRS: 0.715, SPR: 0.686, RMSE: 0.585, (Best @ 23: {{0.733}}, 0.739, 0.714, 0.573)
[TEST]  QWK:  0.662, PRS: 0.688, SPR: 0.680, RMSE: 0.601 (Best @ 23: {{0.702}}, 0.705, 0.715, 0.596)
--------------------------------------------------------------------------------------------------------------------------
Epoch 34/50
Training one epoch in 31.947 s
[DEV]   QWK:  0.718, PRS: 0.721, SPR: 0.697, RMSE: 0.577, (Best @ 23: {{0.733}}, 0.739, 0.714, 0.573)
[TEST]  QWK:  0.685, PRS: 0.691, SPR: 0.690, RMSE: 0.596 (Best @ 23: {{0.702}}, 0.705, 0.715, 0.596)
--------------------------------------------------------------------------------------------------------------------------
Epoch 35/50
Training one epoch in 32.040 s
[DEV]   QWK:  0.727, PRS: 0.731, SPR: 0.702, RMSE: 0.560, (Best @ 23: {{0.733}}, 0.739, 0.714, 0.573)
[TEST]  QWK:  0.692, PRS: 0.697, SPR: 0.686, RMSE: 0.573 (Best @ 23: {{0.702}}, 0.705, 0.715, 0.596)
--------------------------------------------------------------------------------------------------------------------------
Epoch 36/50
Training one epoch in 31.993 s
[DEV]   QWK:  0.670, PRS: 0.690, SPR: 0.672, RMSE: 0.582, (Best @ 23: {{0.733}}, 0.739, 0.714, 0.573)
[TEST]  QWK:  0.674, PRS: 0.693, SPR: 0.683, RMSE: 0.568 (Best @ 23: {{0.702}}, 0.705, 0.715, 0.596)
--------------------------------------------------------------------------------------------------------------------------
Epoch 37/50
Training one epoch in 31.978 s
[DEV]   QWK:  0.700, PRS: 0.717, SPR: 0.679, RMSE: 0.568, (Best @ 23: {{0.733}}, 0.739, 0.714, 0.573)
[TEST]  QWK:  0.688, PRS: 0.695, SPR: 0.683, RMSE: 0.573 (Best @ 23: {{0.702}}, 0.705, 0.715, 0.596)
--------------------------------------------------------------------------------------------------------------------------
Epoch 38/50
Training one epoch in 31.894 s
[DEV]   QWK:  0.717, PRS: 0.722, SPR: 0.690, RMSE: 0.573, (Best @ 23: {{0.733}}, 0.739, 0.714, 0.573)
[TEST]  QWK:  0.695, PRS: 0.697, SPR: 0.683, RMSE: 0.577 (Best @ 23: {{0.702}}, 0.705, 0.715, 0.596)
--------------------------------------------------------------------------------------------------------------------------
Epoch 39/50
Training one epoch in 31.911 s
[DEV]   QWK:  0.689, PRS: 0.722, SPR: 0.686, RMSE: 0.585, (Best @ 23: {{0.733}}, 0.739, 0.714, 0.573)
[TEST]  QWK:  0.696, PRS: 0.708, SPR: 0.703, RMSE: 0.573 (Best @ 23: {{0.702}}, 0.705, 0.715, 0.596)
--------------------------------------------------------------------------------------------------------------------------
Epoch 40/50
Training one epoch in 32.050 s
[DEV]   QWK:  0.625, PRS: 0.670, SPR: 0.648, RMSE: 0.665, (Best @ 23: {{0.733}}, 0.739, 0.714, 0.573)
[TEST]  QWK:  0.622, PRS: 0.671, SPR: 0.672, RMSE: 0.658 (Best @ 23: {{0.702}}, 0.705, 0.715, 0.596)
--------------------------------------------------------------------------------------------------------------------------
Epoch 41/50
Training one epoch in 31.985 s
[DEV]   QWK:  0.707, PRS: 0.715, SPR: 0.677, RMSE: 0.585, (Best @ 23: {{0.733}}, 0.739, 0.714, 0.573)
[TEST]  QWK:  0.696, PRS: 0.700, SPR: 0.686, RMSE: 0.577 (Best @ 23: {{0.702}}, 0.705, 0.715, 0.596)
--------------------------------------------------------------------------------------------------------------------------
Epoch 42/50
Training one epoch in 32.145 s
[DEV]   QWK:  0.705, PRS: 0.709, SPR: 0.679, RMSE: 0.589, (Best @ 23: {{0.733}}, 0.739, 0.714, 0.573)
[TEST]  QWK:  0.690, PRS: 0.690, SPR: 0.690, RMSE: 0.596 (Best @ 23: {{0.702}}, 0.705, 0.715, 0.596)
--------------------------------------------------------------------------------------------------------------------------
Epoch 43/50
Training one epoch in 32.009 s
[DEV]   QWK:  0.656, PRS: 0.677, SPR: 0.653, RMSE: 0.617, (Best @ 23: {{0.733}}, 0.739, 0.714, 0.573)
[TEST]  QWK:  0.659, PRS: 0.684, SPR: 0.682, RMSE: 0.601 (Best @ 23: {{0.702}}, 0.705, 0.715, 0.596)
--------------------------------------------------------------------------------------------------------------------------
Epoch 44/50
Training one epoch in 31.920 s
[DEV]   QWK:  0.720, PRS: 0.726, SPR: 0.693, RMSE: 0.563, (Best @ 23: {{0.733}}, 0.739, 0.714, 0.573)
[TEST]  QWK:  0.684, PRS: 0.689, SPR: 0.677, RMSE: 0.587 (Best @ 23: {{0.702}}, 0.705, 0.715, 0.596)
--------------------------------------------------------------------------------------------------------------------------
Epoch 45/50
Training one epoch in 32.017 s
[DEV]   QWK:  0.702, PRS: 0.718, SPR: 0.694, RMSE: 0.626, (Best @ 23: {{0.733}}, 0.739, 0.714, 0.573)
[TEST]  QWK:  0.698, PRS: 0.706, SPR: 0.703, RMSE: 0.615 (Best @ 23: {{0.702}}, 0.705, 0.715, 0.596)
--------------------------------------------------------------------------------------------------------------------------
Epoch 46/50
Training one epoch in 31.956 s
[DEV]   QWK:  0.686, PRS: 0.696, SPR: 0.660, RMSE: 0.606, (Best @ 23: {{0.733}}, 0.739, 0.714, 0.573)
[TEST]  QWK:  0.712, PRS: 0.716, SPR: 0.707, RMSE: 0.573 (Best @ 23: {{0.702}}, 0.705, 0.715, 0.596)
--------------------------------------------------------------------------------------------------------------------------
Epoch 47/50
Training one epoch in 31.907 s
[DEV]   QWK:  0.716, PRS: 0.720, SPR: 0.690, RMSE: 0.575, (Best @ 23: {{0.733}}, 0.739, 0.714, 0.573)
[TEST]  QWK:  0.706, PRS: 0.707, SPR: 0.692, RMSE: 0.577 (Best @ 23: {{0.702}}, 0.705, 0.715, 0.596)
--------------------------------------------------------------------------------------------------------------------------
Epoch 48/50
Training one epoch in 32.023 s
[DEV]   QWK:  0.701, PRS: 0.707, SPR: 0.676, RMSE: 0.589, (Best @ 23: {{0.733}}, 0.739, 0.714, 0.573)
[TEST]  QWK:  0.669, PRS: 0.672, SPR: 0.656, RMSE: 0.601 (Best @ 23: {{0.702}}, 0.705, 0.715, 0.596)
--------------------------------------------------------------------------------------------------------------------------
Epoch 49/50
Training one epoch in 31.937 s
[DEV]   QWK:  0.699, PRS: 0.716, SPR: 0.691, RMSE: 0.621, (Best @ 23: {{0.733}}, 0.739, 0.714, 0.573)
[TEST]  QWK:  0.690, PRS: 0.697, SPR: 0.689, RMSE: 0.610 (Best @ 23: {{0.702}}, 0.705, 0.715, 0.596)
--------------------------------------------------------------------------------------------------------------------------
Epoch 50/50
Training one epoch in 32.162 s
[DEV]   QWK:  0.698, PRS: 0.713, SPR: 0.677, RMSE: 0.589, (Best @ 23: {{0.733}}, 0.739, 0.714, 0.573)
[TEST]  QWK:  0.702, PRS: 0.707, SPR: 0.688, RMSE: 0.577 (Best @ 23: {{0.702}}, 0.705, 0.715, 0.596)
--------------------------------------------------------------------------------------------------------------------------
X_train shape: (1260, 4400)
Initial evaluation: 
[DEV]   QWK:  0.000, PRS: 0.000, SPR: 0.000, RMSE: 0.894, (Best @ -1: {{0.000}}, 0.000, 0.000, 0.894)
[TEST]  QWK:  0.000, PRS: 0.000, SPR: 0.000, RMSE: 0.869 (Best @ -1: {{0.000}}, 0.000, 0.000, 0.869)
--------------------------------------------------------------------------------------------------------------------------
Train model
Epoch 1/50
Training one epoch in 35.083 s
[DEV]   QWK:  0.519, PRS: 0.630, SPR: 0.620, RMSE: 0.683, (Best @ 1: {{0.519}}, 0.630, 0.620, 0.683)
[TEST]  QWK:  0.534, PRS: 0.623, SPR: 0.642, RMSE: 0.654 (Best @ 1: {{0.534}}, 0.623, 0.642, 0.654)
--------------------------------------------------------------------------------------------------------------------------
Epoch 2/50
Training one epoch in 32.101 s
[DEV]   QWK:  0.543, PRS: 0.656, SPR: 0.631, RMSE: 0.681, (Best @ 2: {{0.543}}, 0.656, 0.631, 0.681)
[TEST]  QWK:  0.572, PRS: 0.671, SPR: 0.665, RMSE: 0.641 (Best @ 2: {{0.572}}, 0.671, 0.665, 0.641)
--------------------------------------------------------------------------------------------------------------------------
Epoch 3/50
Training one epoch in 32.301 s
[DEV]   QWK:  0.629, PRS: 0.672, SPR: 0.640, RMSE: 0.612, (Best @ 3: {{0.629}}, 0.672, 0.640, 0.612)
[TEST]  QWK:  0.637, PRS: 0.690, SPR: 0.704, RMSE: 0.582 (Best @ 3: {{0.637}}, 0.690, 0.704, 0.582)
--------------------------------------------------------------------------------------------------------------------------
Epoch 4/50
Training one epoch in 32.171 s
[DEV]   QWK:  0.671, PRS: 0.696, SPR: 0.666, RMSE: 0.592, (Best @ 4: {{0.671}}, 0.696, 0.666, 0.592)
[TEST]  QWK:  0.707, PRS: 0.730, SPR: 0.723, RMSE: 0.537 (Best @ 4: {{0.707}}, 0.730, 0.723, 0.537)
--------------------------------------------------------------------------------------------------------------------------
Epoch 5/50
Training one epoch in 32.163 s
[DEV]   QWK:  0.693, PRS: 0.712, SPR: 0.668, RMSE: 0.577, (Best @ 5: {{0.693}}, 0.712, 0.668, 0.577)
[TEST]  QWK:  0.717, PRS: 0.734, SPR: 0.735, RMSE: 0.537 (Best @ 5: {{0.717}}, 0.734, 0.735, 0.537)
--------------------------------------------------------------------------------------------------------------------------
Epoch 6/50
Training one epoch in 32.263 s
[DEV]   QWK:  0.690, PRS: 0.705, SPR: 0.673, RMSE: 0.573, (Best @ 5: {{0.693}}, 0.712, 0.668, 0.577)
[TEST]  QWK:  0.724, PRS: 0.741, SPR: 0.735, RMSE: 0.522 (Best @ 5: {{0.717}}, 0.734, 0.735, 0.537)
--------------------------------------------------------------------------------------------------------------------------
Epoch 7/50
Training one epoch in 32.265 s
[DEV]   QWK:  0.665, PRS: 0.705, SPR: 0.670, RMSE: 0.587, (Best @ 5: {{0.693}}, 0.712, 0.668, 0.577)
[TEST]  QWK:  0.626, PRS: 0.681, SPR: 0.683, RMSE: 0.592 (Best @ 5: {{0.717}}, 0.734, 0.735, 0.537)
--------------------------------------------------------------------------------------------------------------------------
Epoch 8/50
Training one epoch in 32.163 s
[DEV]   QWK:  0.699, PRS: 0.717, SPR: 0.699, RMSE: 0.570, (Best @ 8: {{0.699}}, 0.717, 0.699, 0.570)
[TEST]  QWK:  0.687, PRS: 0.710, SPR: 0.701, RMSE: 0.558 (Best @ 8: {{0.687}}, 0.710, 0.701, 0.558)
--------------------------------------------------------------------------------------------------------------------------
Epoch 9/50
Training one epoch in 32.169 s
[DEV]   QWK:  0.720, PRS: 0.725, SPR: 0.696, RMSE: 0.565, (Best @ 9: {{0.720}}, 0.725, 0.696, 0.565)
[TEST]  QWK:  0.710, PRS: 0.717, SPR: 0.712, RMSE: 0.553 (Best @ 9: {{0.710}}, 0.717, 0.712, 0.553)
--------------------------------------------------------------------------------------------------------------------------
Epoch 10/50
Training one epoch in 32.232 s
[DEV]   QWK:  0.716, PRS: 0.724, SPR: 0.699, RMSE: 0.560, (Best @ 9: {{0.720}}, 0.725, 0.696, 0.565)
[TEST]  QWK:  0.735, PRS: 0.744, SPR: 0.734, RMSE: 0.522 (Best @ 9: {{0.710}}, 0.717, 0.712, 0.553)
--------------------------------------------------------------------------------------------------------------------------
Epoch 11/50
Training one epoch in 32.091 s
[DEV]   QWK:  0.698, PRS: 0.725, SPR: 0.710, RMSE: 0.577, (Best @ 9: {{0.720}}, 0.725, 0.696, 0.565)
[TEST]  QWK:  0.671, PRS: 0.699, SPR: 0.696, RMSE: 0.587 (Best @ 9: {{0.710}}, 0.717, 0.712, 0.553)
--------------------------------------------------------------------------------------------------------------------------
Epoch 12/50
Training one epoch in 32.116 s
[DEV]   QWK:  0.704, PRS: 0.731, SPR: 0.694, RMSE: 0.573, (Best @ 9: {{0.720}}, 0.725, 0.696, 0.565)
[TEST]  QWK:  0.695, PRS: 0.714, SPR: 0.715, RMSE: 0.573 (Best @ 9: {{0.710}}, 0.717, 0.712, 0.553)
--------------------------------------------------------------------------------------------------------------------------
Epoch 13/50
Training one epoch in 32.086 s
[DEV]   QWK:  0.717, PRS: 0.725, SPR: 0.690, RMSE: 0.563, (Best @ 9: {{0.720}}, 0.725, 0.696, 0.565)
[TEST]  QWK:  0.736, PRS: 0.746, SPR: 0.738, RMSE: 0.522 (Best @ 9: {{0.710}}, 0.717, 0.712, 0.553)
--------------------------------------------------------------------------------------------------------------------------
Epoch 14/50
Training one epoch in 32.223 s
[DEV]   QWK:  0.643, PRS: 0.679, SPR: 0.663, RMSE: 0.592, (Best @ 9: {{0.720}}, 0.725, 0.696, 0.565)
[TEST]  QWK:  0.619, PRS: 0.671, SPR: 0.681, RMSE: 0.582 (Best @ 9: {{0.710}}, 0.717, 0.712, 0.553)
--------------------------------------------------------------------------------------------------------------------------
Epoch 15/50
Training one epoch in 32.106 s
[DEV]   QWK:  0.724, PRS: 0.736, SPR: 0.710, RMSE: 0.582, (Best @ 15: {{0.724}}, 0.736, 0.710, 0.582)
[TEST]  QWK:  0.696, PRS: 0.710, SPR: 0.701, RMSE: 0.601 (Best @ 15: {{0.696}}, 0.710, 0.701, 0.601)
--------------------------------------------------------------------------------------------------------------------------
Epoch 16/50
Training one epoch in 32.117 s
[DEV]   QWK:  0.709, PRS: 0.729, SPR: 0.720, RMSE: 0.560, (Best @ 15: {{0.724}}, 0.736, 0.710, 0.582)
[TEST]  QWK:  0.705, PRS: 0.724, SPR: 0.719, RMSE: 0.548 (Best @ 15: {{0.696}}, 0.710, 0.701, 0.601)
--------------------------------------------------------------------------------------------------------------------------
Epoch 17/50
Training one epoch in 32.279 s
[DEV]   QWK:  0.718, PRS: 0.741, SPR: 0.706, RMSE: 0.560, (Best @ 15: {{0.724}}, 0.736, 0.710, 0.582)
[TEST]  QWK:  0.689, PRS: 0.704, SPR: 0.693, RMSE: 0.577 (Best @ 15: {{0.696}}, 0.710, 0.701, 0.601)
--------------------------------------------------------------------------------------------------------------------------
Epoch 18/50
Training one epoch in 32.292 s
[DEV]   QWK:  0.732, PRS: 0.737, SPR: 0.718, RMSE: 0.565, (Best @ 18: {{0.732}}, 0.737, 0.718, 0.565)
[TEST]  QWK:  0.696, PRS: 0.705, SPR: 0.708, RMSE: 0.582 (Best @ 18: {{0.696}}, 0.705, 0.708, 0.582)
--------------------------------------------------------------------------------------------------------------------------
Epoch 19/50
Training one epoch in 32.279 s
[DEV]   QWK:  0.701, PRS: 0.727, SPR: 0.698, RMSE: 0.555, (Best @ 18: {{0.732}}, 0.737, 0.718, 0.565)
[TEST]  QWK:  0.709, PRS: 0.726, SPR: 0.719, RMSE: 0.537 (Best @ 18: {{0.696}}, 0.705, 0.708, 0.582)
--------------------------------------------------------------------------------------------------------------------------
Epoch 20/50
Training one epoch in 32.199 s
[DEV]   QWK:  0.709, PRS: 0.718, SPR: 0.691, RMSE: 0.565, (Best @ 18: {{0.732}}, 0.737, 0.718, 0.565)
[TEST]  QWK:  0.731, PRS: 0.738, SPR: 0.729, RMSE: 0.532 (Best @ 18: {{0.696}}, 0.705, 0.708, 0.582)
--------------------------------------------------------------------------------------------------------------------------
Epoch 21/50
Training one epoch in 32.215 s
[DEV]   QWK:  0.720, PRS: 0.738, SPR: 0.708, RMSE: 0.555, (Best @ 18: {{0.732}}, 0.737, 0.718, 0.565)
[TEST]  QWK:  0.711, PRS: 0.722, SPR: 0.722, RMSE: 0.548 (Best @ 18: {{0.696}}, 0.705, 0.708, 0.582)
--------------------------------------------------------------------------------------------------------------------------
Epoch 22/50
Training one epoch in 32.221 s
[DEV]   QWK:  0.686, PRS: 0.712, SPR: 0.701, RMSE: 0.601, (Best @ 18: {{0.732}}, 0.737, 0.718, 0.565)
[TEST]  QWK:  0.661, PRS: 0.691, SPR: 0.680, RMSE: 0.601 (Best @ 18: {{0.696}}, 0.705, 0.708, 0.582)
--------------------------------------------------------------------------------------------------------------------------
Epoch 23/50
Training one epoch in 32.189 s
[DEV]   QWK:  0.728, PRS: 0.736, SPR: 0.709, RMSE: 0.570, (Best @ 18: {{0.732}}, 0.737, 0.718, 0.565)
[TEST]  QWK:  0.696, PRS: 0.701, SPR: 0.698, RMSE: 0.592 (Best @ 18: {{0.696}}, 0.705, 0.708, 0.582)
--------------------------------------------------------------------------------------------------------------------------
Epoch 24/50
Training one epoch in 32.292 s
[DEV]   QWK:  0.720, PRS: 0.722, SPR: 0.697, RMSE: 0.575, (Best @ 18: {{0.732}}, 0.737, 0.718, 0.565)
[TEST]  QWK:  0.714, PRS: 0.717, SPR: 0.717, RMSE: 0.563 (Best @ 18: {{0.696}}, 0.705, 0.708, 0.582)
--------------------------------------------------------------------------------------------------------------------------
Epoch 25/50
Training one epoch in 32.117 s
[DEV]   QWK:  0.704, PRS: 0.720, SPR: 0.701, RMSE: 0.558, (Best @ 18: {{0.732}}, 0.737, 0.718, 0.565)
[TEST]  QWK:  0.701, PRS: 0.718, SPR: 0.714, RMSE: 0.543 (Best @ 18: {{0.696}}, 0.705, 0.708, 0.582)
--------------------------------------------------------------------------------------------------------------------------
Epoch 26/50
Training one epoch in 32.209 s
[DEV]   QWK:  0.705, PRS: 0.720, SPR: 0.710, RMSE: 0.589, (Best @ 18: {{0.732}}, 0.737, 0.718, 0.565)
[TEST]  QWK:  0.667, PRS: 0.681, SPR: 0.673, RMSE: 0.610 (Best @ 18: {{0.696}}, 0.705, 0.708, 0.582)
--------------------------------------------------------------------------------------------------------------------------
Epoch 27/50
Training one epoch in 32.212 s
[DEV]   QWK:  0.714, PRS: 0.728, SPR: 0.695, RMSE: 0.560, (Best @ 18: {{0.732}}, 0.737, 0.718, 0.565)
[TEST]  QWK:  0.705, PRS: 0.715, SPR: 0.703, RMSE: 0.553 (Best @ 18: {{0.696}}, 0.705, 0.708, 0.582)
--------------------------------------------------------------------------------------------------------------------------
Epoch 28/50
Training one epoch in 32.488 s
[DEV]   QWK:  0.736, PRS: 0.744, SPR: 0.722, RMSE: 0.548, (Best @ 28: {{0.736}}, 0.744, 0.722, 0.548)
[TEST]  QWK:  0.684, PRS: 0.695, SPR: 0.679, RMSE: 0.582 (Best @ 28: {{0.684}}, 0.695, 0.679, 0.582)
--------------------------------------------------------------------------------------------------------------------------
Epoch 29/50
Training one epoch in 32.092 s
[DEV]   QWK:  0.730, PRS: 0.734, SPR: 0.714, RMSE: 0.558, (Best @ 28: {{0.736}}, 0.744, 0.722, 0.548)
[TEST]  QWK:  0.695, PRS: 0.704, SPR: 0.692, RMSE: 0.573 (Best @ 28: {{0.684}}, 0.695, 0.679, 0.582)
--------------------------------------------------------------------------------------------------------------------------
Epoch 30/50
Training one epoch in 32.221 s
[DEV]   QWK:  0.686, PRS: 0.708, SPR: 0.688, RMSE: 0.601, (Best @ 28: {{0.736}}, 0.744, 0.722, 0.548)
[TEST]  QWK:  0.670, PRS: 0.688, SPR: 0.681, RMSE: 0.601 (Best @ 28: {{0.684}}, 0.695, 0.679, 0.582)
--------------------------------------------------------------------------------------------------------------------------
Epoch 31/50
Training one epoch in 32.204 s
[DEV]   QWK:  0.729, PRS: 0.747, SPR: 0.718, RMSE: 0.563, (Best @ 28: {{0.736}}, 0.744, 0.722, 0.548)
[TEST]  QWK:  0.698, PRS: 0.705, SPR: 0.704, RMSE: 0.582 (Best @ 28: {{0.684}}, 0.695, 0.679, 0.582)
--------------------------------------------------------------------------------------------------------------------------
Epoch 32/50
Training one epoch in 32.337 s
[DEV]   QWK:  0.730, PRS: 0.734, SPR: 0.708, RMSE: 0.558, (Best @ 28: {{0.736}}, 0.744, 0.722, 0.548)
[TEST]  QWK:  0.684, PRS: 0.690, SPR: 0.685, RMSE: 0.587 (Best @ 28: {{0.684}}, 0.695, 0.679, 0.582)
--------------------------------------------------------------------------------------------------------------------------
Epoch 33/50
Training one epoch in 32.356 s
[DEV]   QWK:  0.684, PRS: 0.708, SPR: 0.687, RMSE: 0.599, (Best @ 28: {{0.736}}, 0.744, 0.722, 0.548)
[TEST]  QWK:  0.642, PRS: 0.664, SPR: 0.651, RMSE: 0.619 (Best @ 28: {{0.684}}, 0.695, 0.679, 0.582)
--------------------------------------------------------------------------------------------------------------------------
Epoch 34/50
Training one epoch in 32.420 s
[DEV]   QWK:  0.722, PRS: 0.729, SPR: 0.711, RMSE: 0.575, (Best @ 28: {{0.736}}, 0.744, 0.722, 0.548)
[TEST]  QWK:  0.675, PRS: 0.684, SPR: 0.684, RMSE: 0.610 (Best @ 28: {{0.684}}, 0.695, 0.679, 0.582)
--------------------------------------------------------------------------------------------------------------------------
Epoch 35/50
Training one epoch in 32.432 s
[DEV]   QWK:  0.729, PRS: 0.734, SPR: 0.704, RMSE: 0.555, (Best @ 28: {{0.736}}, 0.744, 0.722, 0.548)
[TEST]  QWK:  0.678, PRS: 0.681, SPR: 0.670, RMSE: 0.592 (Best @ 28: {{0.684}}, 0.695, 0.679, 0.582)
--------------------------------------------------------------------------------------------------------------------------
Epoch 36/50
Training one epoch in 32.297 s
[DEV]   QWK:  0.667, PRS: 0.687, SPR: 0.670, RMSE: 0.585, (Best @ 28: {{0.736}}, 0.744, 0.722, 0.548)
[TEST]  QWK:  0.660, PRS: 0.678, SPR: 0.670, RMSE: 0.577 (Best @ 28: {{0.684}}, 0.695, 0.679, 0.582)
--------------------------------------------------------------------------------------------------------------------------
Epoch 37/50
Training one epoch in 32.320 s
[DEV]   QWK:  0.696, PRS: 0.713, SPR: 0.677, RMSE: 0.575, (Best @ 28: {{0.736}}, 0.744, 0.722, 0.548)
[TEST]  QWK:  0.681, PRS: 0.689, SPR: 0.680, RMSE: 0.577 (Best @ 28: {{0.684}}, 0.695, 0.679, 0.582)
--------------------------------------------------------------------------------------------------------------------------
Epoch 38/50
Training one epoch in 32.300 s
[DEV]   QWK:  0.719, PRS: 0.723, SPR: 0.696, RMSE: 0.573, (Best @ 28: {{0.736}}, 0.744, 0.722, 0.548)
[TEST]  QWK:  0.708, PRS: 0.710, SPR: 0.705, RMSE: 0.568 (Best @ 28: {{0.684}}, 0.695, 0.679, 0.582)
--------------------------------------------------------------------------------------------------------------------------
Epoch 39/50
Training one epoch in 32.323 s
[DEV]   QWK:  0.715, PRS: 0.746, SPR: 0.716, RMSE: 0.555, (Best @ 28: {{0.736}}, 0.744, 0.722, 0.548)
[TEST]  QWK:  0.702, PRS: 0.711, SPR: 0.691, RMSE: 0.558 (Best @ 28: {{0.684}}, 0.695, 0.679, 0.582)
--------------------------------------------------------------------------------------------------------------------------
Epoch 40/50
Training one epoch in 32.392 s
[DEV]   QWK:  0.617, PRS: 0.667, SPR: 0.653, RMSE: 0.660, (Best @ 28: {{0.736}}, 0.744, 0.722, 0.548)
[TEST]  QWK:  0.624, PRS: 0.672, SPR: 0.671, RMSE: 0.654 (Best @ 28: {{0.684}}, 0.695, 0.679, 0.582)
--------------------------------------------------------------------------------------------------------------------------
Epoch 41/50
Training one epoch in 32.431 s
[DEV]   QWK:  0.712, PRS: 0.719, SPR: 0.681, RMSE: 0.575, (Best @ 28: {{0.736}}, 0.744, 0.722, 0.548)
[TEST]  QWK:  0.702, PRS: 0.705, SPR: 0.694, RMSE: 0.573 (Best @ 28: {{0.684}}, 0.695, 0.679, 0.582)
--------------------------------------------------------------------------------------------------------------------------
Epoch 42/50
Training one epoch in 32.423 s
[DEV]   QWK:  0.699, PRS: 0.705, SPR: 0.667, RMSE: 0.594, (Best @ 28: {{0.736}}, 0.744, 0.722, 0.548)
[TEST]  QWK:  0.708, PRS: 0.710, SPR: 0.703, RMSE: 0.577 (Best @ 28: {{0.684}}, 0.695, 0.679, 0.582)
--------------------------------------------------------------------------------------------------------------------------
Epoch 43/50
Training one epoch in 32.309 s
[DEV]   QWK:  0.647, PRS: 0.671, SPR: 0.642, RMSE: 0.626, (Best @ 28: {{0.736}}, 0.744, 0.722, 0.548)
[TEST]  QWK:  0.630, PRS: 0.658, SPR: 0.649, RMSE: 0.628 (Best @ 28: {{0.684}}, 0.695, 0.679, 0.582)
--------------------------------------------------------------------------------------------------------------------------
Epoch 44/50
Training one epoch in 32.357 s
[DEV]   QWK:  0.718, PRS: 0.721, SPR: 0.695, RMSE: 0.573, (Best @ 28: {{0.736}}, 0.744, 0.722, 0.548)
[TEST]  QWK:  0.687, PRS: 0.692, SPR: 0.676, RMSE: 0.582 (Best @ 28: {{0.684}}, 0.695, 0.679, 0.582)
--------------------------------------------------------------------------------------------------------------------------
Epoch 45/50
Training one epoch in 32.393 s
[DEV]   QWK:  0.691, PRS: 0.701, SPR: 0.678, RMSE: 0.639, (Best @ 28: {{0.736}}, 0.744, 0.722, 0.548)
[TEST]  QWK:  0.692, PRS: 0.698, SPR: 0.698, RMSE: 0.624 (Best @ 28: {{0.684}}, 0.695, 0.679, 0.582)
--------------------------------------------------------------------------------------------------------------------------
Epoch 46/50
Training one epoch in 32.418 s
[DEV]   QWK:  0.705, PRS: 0.712, SPR: 0.674, RMSE: 0.596, (Best @ 28: {{0.736}}, 0.744, 0.722, 0.548)
[TEST]  QWK:  0.699, PRS: 0.701, SPR: 0.700, RMSE: 0.587 (Best @ 28: {{0.684}}, 0.695, 0.679, 0.582)
--------------------------------------------------------------------------------------------------------------------------
Epoch 47/50
Training one epoch in 32.456 s
[DEV]   QWK:  0.715, PRS: 0.716, SPR: 0.687, RMSE: 0.589, (Best @ 28: {{0.736}}, 0.744, 0.722, 0.548)
[TEST]  QWK:  0.692, PRS: 0.692, SPR: 0.680, RMSE: 0.596 (Best @ 28: {{0.684}}, 0.695, 0.679, 0.582)
--------------------------------------------------------------------------------------------------------------------------
Epoch 48/50
Training one epoch in 32.340 s
[DEV]   QWK:  0.694, PRS: 0.699, SPR: 0.669, RMSE: 0.596, (Best @ 28: {{0.736}}, 0.744, 0.722, 0.548)
[TEST]  QWK:  0.698, PRS: 0.699, SPR: 0.686, RMSE: 0.582 (Best @ 28: {{0.684}}, 0.695, 0.679, 0.582)
--------------------------------------------------------------------------------------------------------------------------
Epoch 49/50
Training one epoch in 32.321 s
[DEV]   QWK:  0.697, PRS: 0.712, SPR: 0.675, RMSE: 0.594, (Best @ 28: {{0.736}}, 0.744, 0.722, 0.548)
[TEST]  QWK:  0.706, PRS: 0.712, SPR: 0.704, RMSE: 0.573 (Best @ 28: {{0.684}}, 0.695, 0.679, 0.582)
--------------------------------------------------------------------------------------------------------------------------
Epoch 50/50
Training one epoch in 32.343 s
[DEV]   QWK:  0.709, PRS: 0.725, SPR: 0.693, RMSE: 0.582, (Best @ 28: {{0.736}}, 0.744, 0.722, 0.548)
[TEST]  QWK:  0.704, PRS: 0.709, SPR: 0.688, RMSE: 0.573 (Best @ 28: {{0.684}}, 0.695, 0.679, 0.582)
--------------------------------------------------------------------------------------------------------------------------
