X_train shape: (1264, 1150)
Initial evaluation: 
[DEV]   QWK:  0.000, PRS: 0.000, SPR: 0.000, RMSE: 1.042, (Best @ -1: {{0.000}}, 0.000, 0.000, 1.042)
[TEST]  QWK:  0.000, PRS: 0.000, SPR: 0.000, RMSE: 1.043 (Best @ -1: {{0.000}}, 0.000, 0.000, 1.043)
--------------------------------------------------------------------------------------------------------------------------
Train model
Epoch 1/50
Training one epoch in 10.225 s
[DEV]   QWK:  0.713, PRS: 0.753, SPR: 0.765, RMSE: 0.662, (Best @ 1: {{0.713}}, 0.753, 0.765, 0.662)
[TEST]  QWK:  0.717, PRS: 0.757, SPR: 0.761, RMSE: 0.632 (Best @ 1: {{0.717}}, 0.757, 0.761, 0.632)
--------------------------------------------------------------------------------------------------------------------------
Epoch 2/50
Training one epoch in 8.276 s
[DEV]   QWK:  0.730, PRS: 0.759, SPR: 0.774, RMSE: 0.638, (Best @ 2: {{0.730}}, 0.759, 0.774, 0.638)
[TEST]  QWK:  0.740, PRS: 0.770, SPR: 0.779, RMSE: 0.601 (Best @ 2: {{0.740}}, 0.770, 0.779, 0.601)
--------------------------------------------------------------------------------------------------------------------------
Epoch 3/50
Training one epoch in 8.264 s
[DEV]   QWK:  0.759, PRS: 0.776, SPR: 0.788, RMSE: 0.621, (Best @ 3: {{0.759}}, 0.776, 0.788, 0.621)
[TEST]  QWK:  0.766, PRS: 0.781, SPR: 0.786, RMSE: 0.596 (Best @ 3: {{0.766}}, 0.781, 0.786, 0.596)
--------------------------------------------------------------------------------------------------------------------------
Epoch 4/50
Training one epoch in 8.273 s
[DEV]   QWK:  0.742, PRS: 0.821, SPR: 0.832, RMSE: 0.659, (Best @ 3: {{0.759}}, 0.776, 0.788, 0.621)
[TEST]  QWK:  0.680, PRS: 0.779, SPR: 0.780, RMSE: 0.703 (Best @ 3: {{0.766}}, 0.781, 0.786, 0.596)
--------------------------------------------------------------------------------------------------------------------------
Epoch 5/50
Training one epoch in 8.284 s
[DEV]   QWK:  0.723, PRS: 0.752, SPR: 0.777, RMSE: 0.636, (Best @ 3: {{0.759}}, 0.776, 0.788, 0.621)
[TEST]  QWK:  0.736, PRS: 0.756, SPR: 0.768, RMSE: 0.601 (Best @ 3: {{0.766}}, 0.781, 0.786, 0.596)
--------------------------------------------------------------------------------------------------------------------------
Epoch 6/50
Training one epoch in 8.274 s
[DEV]   QWK:  0.744, PRS: 0.763, SPR: 0.776, RMSE: 0.627, (Best @ 3: {{0.759}}, 0.776, 0.788, 0.621)
[TEST]  QWK:  0.779, PRS: 0.791, SPR: 0.800, RMSE: 0.568 (Best @ 3: {{0.766}}, 0.781, 0.786, 0.596)
--------------------------------------------------------------------------------------------------------------------------
Epoch 7/50
Training one epoch in 8.325 s
[DEV]   QWK:  0.746, PRS: 0.778, SPR: 0.796, RMSE: 0.640, (Best @ 3: {{0.759}}, 0.776, 0.788, 0.621)
[TEST]  QWK:  0.761, PRS: 0.787, SPR: 0.787, RMSE: 0.610 (Best @ 3: {{0.766}}, 0.781, 0.786, 0.596)
--------------------------------------------------------------------------------------------------------------------------
Epoch 8/50
Training one epoch in 8.254 s
[DEV]   QWK:  0.799, PRS: 0.803, SPR: 0.809, RMSE: 0.586, (Best @ 8: {{0.799}}, 0.803, 0.809, 0.586)
[TEST]  QWK:  0.779, PRS: 0.781, SPR: 0.791, RMSE: 0.596 (Best @ 8: {{0.779}}, 0.781, 0.791, 0.596)
--------------------------------------------------------------------------------------------------------------------------
Epoch 9/50
Training one epoch in 8.272 s
[DEV]   QWK:  0.791, PRS: 0.809, SPR: 0.812, RMSE: 0.618, (Best @ 8: {{0.799}}, 0.803, 0.809, 0.586)
[TEST]  QWK:  0.799, PRS: 0.818, SPR: 0.813, RMSE: 0.582 (Best @ 8: {{0.779}}, 0.781, 0.791, 0.596)
--------------------------------------------------------------------------------------------------------------------------
Epoch 10/50
Training one epoch in 8.288 s
[DEV]   QWK:  0.759, PRS: 0.815, SPR: 0.824, RMSE: 0.632, (Best @ 8: {{0.799}}, 0.803, 0.809, 0.586)
[TEST]  QWK:  0.720, PRS: 0.786, SPR: 0.794, RMSE: 0.662 (Best @ 8: {{0.779}}, 0.781, 0.791, 0.596)
--------------------------------------------------------------------------------------------------------------------------
Epoch 11/50
Training one epoch in 8.311 s
[DEV]   QWK:  0.775, PRS: 0.798, SPR: 0.811, RMSE: 0.602, (Best @ 8: {{0.799}}, 0.803, 0.809, 0.586)
[TEST]  QWK:  0.766, PRS: 0.787, SPR: 0.800, RMSE: 0.596 (Best @ 8: {{0.779}}, 0.781, 0.791, 0.596)
--------------------------------------------------------------------------------------------------------------------------
Epoch 12/50
Training one epoch in 8.286 s
[DEV]   QWK:  0.770, PRS: 0.817, SPR: 0.830, RMSE: 0.636, (Best @ 8: {{0.799}}, 0.803, 0.809, 0.586)
[TEST]  QWK:  0.730, PRS: 0.782, SPR: 0.797, RMSE: 0.667 (Best @ 8: {{0.779}}, 0.781, 0.791, 0.596)
--------------------------------------------------------------------------------------------------------------------------
Epoch 13/50
Training one epoch in 8.274 s
[DEV]   QWK:  0.788, PRS: 0.801, SPR: 0.810, RMSE: 0.598, (Best @ 8: {{0.799}}, 0.803, 0.809, 0.586)
[TEST]  QWK:  0.794, PRS: 0.805, SPR: 0.815, RMSE: 0.568 (Best @ 8: {{0.779}}, 0.781, 0.791, 0.596)
--------------------------------------------------------------------------------------------------------------------------
Epoch 14/50
Training one epoch in 8.289 s
[DEV]   QWK:  0.774, PRS: 0.823, SPR: 0.835, RMSE: 0.623, (Best @ 8: {{0.799}}, 0.803, 0.809, 0.586)
[TEST]  QWK:  0.726, PRS: 0.784, SPR: 0.795, RMSE: 0.667 (Best @ 8: {{0.779}}, 0.781, 0.791, 0.596)
--------------------------------------------------------------------------------------------------------------------------
Epoch 15/50
Training one epoch in 8.288 s
[DEV]   QWK:  0.805, PRS: 0.817, SPR: 0.820, RMSE: 0.605, (Best @ 15: {{0.805}}, 0.817, 0.820, 0.605)
[TEST]  QWK:  0.801, PRS: 0.816, SPR: 0.814, RMSE: 0.587 (Best @ 15: {{0.801}}, 0.816, 0.814, 0.587)
--------------------------------------------------------------------------------------------------------------------------
Epoch 16/50
Training one epoch in 8.277 s
[DEV]   QWK:  0.779, PRS: 0.795, SPR: 0.805, RMSE: 0.586, (Best @ 15: {{0.805}}, 0.817, 0.820, 0.605)
[TEST]  QWK:  0.788, PRS: 0.797, SPR: 0.802, RMSE: 0.558 (Best @ 15: {{0.801}}, 0.816, 0.814, 0.587)
--------------------------------------------------------------------------------------------------------------------------
Epoch 17/50
Training one epoch in 8.258 s
[DEV]   QWK:  0.788, PRS: 0.808, SPR: 0.811, RMSE: 0.614, (Best @ 15: {{0.805}}, 0.817, 0.820, 0.605)
[TEST]  QWK:  0.779, PRS: 0.798, SPR: 0.799, RMSE: 0.601 (Best @ 15: {{0.801}}, 0.816, 0.814, 0.587)
--------------------------------------------------------------------------------------------------------------------------
Epoch 18/50
Training one epoch in 8.297 s
[DEV]   QWK:  0.782, PRS: 0.824, SPR: 0.830, RMSE: 0.659, (Best @ 15: {{0.805}}, 0.817, 0.820, 0.605)
[TEST]  QWK:  0.762, PRS: 0.797, SPR: 0.802, RMSE: 0.650 (Best @ 15: {{0.801}}, 0.816, 0.814, 0.587)
--------------------------------------------------------------------------------------------------------------------------
Epoch 19/50
Training one epoch in 8.304 s
[DEV]   QWK:  0.802, PRS: 0.807, SPR: 0.807, RMSE: 0.607, (Best @ 15: {{0.805}}, 0.817, 0.820, 0.605)
[TEST]  QWK:  0.797, PRS: 0.805, SPR: 0.804, RMSE: 0.592 (Best @ 15: {{0.801}}, 0.816, 0.814, 0.587)
--------------------------------------------------------------------------------------------------------------------------
Epoch 20/50
Training one epoch in 8.336 s
[DEV]   QWK:  0.764, PRS: 0.814, SPR: 0.819, RMSE: 0.680, (Best @ 15: {{0.805}}, 0.817, 0.820, 0.605)
[TEST]  QWK:  0.747, PRS: 0.808, SPR: 0.810, RMSE: 0.662 (Best @ 15: {{0.801}}, 0.816, 0.814, 0.587)
--------------------------------------------------------------------------------------------------------------------------
Epoch 21/50
Training one epoch in 8.286 s
[DEV]   QWK:  0.728, PRS: 0.795, SPR: 0.797, RMSE: 0.640, (Best @ 15: {{0.805}}, 0.817, 0.820, 0.605)
[TEST]  QWK:  0.698, PRS: 0.778, SPR: 0.776, RMSE: 0.650 (Best @ 15: {{0.801}}, 0.816, 0.814, 0.587)
--------------------------------------------------------------------------------------------------------------------------
Epoch 22/50
Training one epoch in 8.304 s
[DEV]   QWK:  0.824, PRS: 0.825, SPR: 0.832, RMSE: 0.586, (Best @ 22: {{0.824}}, 0.825, 0.832, 0.586)
[TEST]  QWK:  0.791, PRS: 0.794, SPR: 0.799, RMSE: 0.615 (Best @ 22: {{0.791}}, 0.794, 0.799, 0.615)
--------------------------------------------------------------------------------------------------------------------------
Epoch 23/50
Training one epoch in 8.287 s
[DEV]   QWK:  0.805, PRS: 0.809, SPR: 0.814, RMSE: 0.577, (Best @ 22: {{0.824}}, 0.825, 0.832, 0.586)
[TEST]  QWK:  0.776, PRS: 0.777, SPR: 0.777, RMSE: 0.601 (Best @ 22: {{0.791}}, 0.794, 0.799, 0.615)
--------------------------------------------------------------------------------------------------------------------------
Epoch 24/50
Training one epoch in 8.296 s
[DEV]   QWK:  0.792, PRS: 0.795, SPR: 0.800, RMSE: 0.598, (Best @ 22: {{0.824}}, 0.825, 0.832, 0.586)
[TEST]  QWK:  0.793, PRS: 0.794, SPR: 0.793, RMSE: 0.577 (Best @ 22: {{0.791}}, 0.794, 0.799, 0.615)
--------------------------------------------------------------------------------------------------------------------------
Epoch 25/50
Training one epoch in 8.289 s
[DEV]   QWK:  0.777, PRS: 0.786, SPR: 0.793, RMSE: 0.602, (Best @ 22: {{0.824}}, 0.825, 0.832, 0.586)
[TEST]  QWK:  0.782, PRS: 0.785, SPR: 0.795, RMSE: 0.582 (Best @ 22: {{0.791}}, 0.794, 0.799, 0.615)
--------------------------------------------------------------------------------------------------------------------------
Epoch 26/50
Training one epoch in 8.262 s
[DEV]   QWK:  0.802, PRS: 0.815, SPR: 0.825, RMSE: 0.579, (Best @ 22: {{0.824}}, 0.825, 0.832, 0.586)
[TEST]  QWK:  0.779, PRS: 0.795, SPR: 0.798, RMSE: 0.587 (Best @ 22: {{0.791}}, 0.794, 0.799, 0.615)
--------------------------------------------------------------------------------------------------------------------------
Epoch 27/50
Training one epoch in 8.311 s
[DEV]   QWK:  0.798, PRS: 0.801, SPR: 0.801, RMSE: 0.598, (Best @ 22: {{0.824}}, 0.825, 0.832, 0.586)
[TEST]  QWK:  0.803, PRS: 0.805, SPR: 0.803, RMSE: 0.563 (Best @ 22: {{0.791}}, 0.794, 0.799, 0.615)
--------------------------------------------------------------------------------------------------------------------------
Epoch 28/50
Training one epoch in 8.289 s
[DEV]   QWK:  0.782, PRS: 0.802, SPR: 0.818, RMSE: 0.612, (Best @ 22: {{0.824}}, 0.825, 0.832, 0.586)
[TEST]  QWK:  0.784, PRS: 0.804, SPR: 0.809, RMSE: 0.592 (Best @ 22: {{0.791}}, 0.794, 0.799, 0.615)
--------------------------------------------------------------------------------------------------------------------------
Epoch 29/50
Training one epoch in 8.307 s
[DEV]   QWK:  0.812, PRS: 0.815, SPR: 0.820, RMSE: 0.609, (Best @ 22: {{0.824}}, 0.825, 0.832, 0.586)
[TEST]  QWK:  0.791, PRS: 0.794, SPR: 0.798, RMSE: 0.615 (Best @ 22: {{0.791}}, 0.794, 0.799, 0.615)
--------------------------------------------------------------------------------------------------------------------------
Epoch 30/50
Training one epoch in 8.284 s
[DEV]   QWK:  0.819, PRS: 0.821, SPR: 0.823, RMSE: 0.579, (Best @ 22: {{0.824}}, 0.825, 0.832, 0.586)
[TEST]  QWK:  0.795, PRS: 0.796, SPR: 0.795, RMSE: 0.587 (Best @ 22: {{0.791}}, 0.794, 0.799, 0.615)
--------------------------------------------------------------------------------------------------------------------------
Epoch 31/50
Training one epoch in 8.289 s
[DEV]   QWK:  0.792, PRS: 0.796, SPR: 0.806, RMSE: 0.595, (Best @ 22: {{0.824}}, 0.825, 0.832, 0.586)
[TEST]  QWK:  0.801, PRS: 0.803, SPR: 0.803, RMSE: 0.563 (Best @ 22: {{0.791}}, 0.794, 0.799, 0.615)
--------------------------------------------------------------------------------------------------------------------------
Epoch 32/50
Training one epoch in 8.282 s
[DEV]   QWK:  0.781, PRS: 0.788, SPR: 0.796, RMSE: 0.600, (Best @ 22: {{0.824}}, 0.825, 0.832, 0.586)
[TEST]  QWK:  0.786, PRS: 0.789, SPR: 0.791, RMSE: 0.577 (Best @ 22: {{0.791}}, 0.794, 0.799, 0.615)
--------------------------------------------------------------------------------------------------------------------------
Epoch 33/50
Training one epoch in 8.304 s
[DEV]   QWK:  0.827, PRS: 0.827, SPR: 0.828, RMSE: 0.564, (Best @ 33: {{0.827}}, 0.827, 0.828, 0.564)
[TEST]  QWK:  0.789, PRS: 0.789, SPR: 0.792, RMSE: 0.601 (Best @ 33: {{0.789}}, 0.789, 0.792, 0.601)
--------------------------------------------------------------------------------------------------------------------------
Epoch 34/50
Training one epoch in 8.334 s
[DEV]   QWK:  0.800, PRS: 0.809, SPR: 0.812, RMSE: 0.595, (Best @ 33: {{0.827}}, 0.827, 0.828, 0.564)
[TEST]  QWK:  0.794, PRS: 0.802, SPR: 0.801, RMSE: 0.582 (Best @ 33: {{0.789}}, 0.789, 0.792, 0.601)
--------------------------------------------------------------------------------------------------------------------------
Epoch 35/50
Training one epoch in 8.307 s
[DEV]   QWK:  0.771, PRS: 0.812, SPR: 0.817, RMSE: 0.672, (Best @ 33: {{0.827}}, 0.827, 0.828, 0.564)
[TEST]  QWK:  0.766, PRS: 0.813, SPR: 0.817, RMSE: 0.658 (Best @ 33: {{0.789}}, 0.789, 0.792, 0.601)
--------------------------------------------------------------------------------------------------------------------------
Epoch 36/50
Training one epoch in 8.334 s
[DEV]   QWK:  0.795, PRS: 0.798, SPR: 0.804, RMSE: 0.595, (Best @ 33: {{0.827}}, 0.827, 0.828, 0.564)
[TEST]  QWK:  0.782, PRS: 0.783, SPR: 0.784, RMSE: 0.596 (Best @ 33: {{0.789}}, 0.789, 0.792, 0.601)
--------------------------------------------------------------------------------------------------------------------------
Epoch 37/50
Training one epoch in 8.289 s
[DEV]   QWK:  0.798, PRS: 0.801, SPR: 0.809, RMSE: 0.593, (Best @ 33: {{0.827}}, 0.827, 0.828, 0.564)
[TEST]  QWK:  0.799, PRS: 0.799, SPR: 0.800, RMSE: 0.577 (Best @ 33: {{0.789}}, 0.789, 0.792, 0.601)
--------------------------------------------------------------------------------------------------------------------------
Epoch 38/50
Training one epoch in 8.312 s
[DEV]   QWK:  0.780, PRS: 0.795, SPR: 0.805, RMSE: 0.598, (Best @ 33: {{0.827}}, 0.827, 0.828, 0.564)
[TEST]  QWK:  0.791, PRS: 0.800, SPR: 0.799, RMSE: 0.568 (Best @ 33: {{0.789}}, 0.789, 0.792, 0.601)
--------------------------------------------------------------------------------------------------------------------------
Epoch 39/50
Training one epoch in 8.318 s
[DEV]   QWK:  0.798, PRS: 0.800, SPR: 0.805, RMSE: 0.591, (Best @ 33: {{0.827}}, 0.827, 0.828, 0.564)
[TEST]  QWK:  0.792, PRS: 0.793, SPR: 0.791, RMSE: 0.577 (Best @ 33: {{0.789}}, 0.789, 0.792, 0.601)
--------------------------------------------------------------------------------------------------------------------------
Epoch 40/50
Training one epoch in 8.322 s
[DEV]   QWK:  0.790, PRS: 0.809, SPR: 0.813, RMSE: 0.632, (Best @ 33: {{0.827}}, 0.827, 0.828, 0.564)
[TEST]  QWK:  0.796, PRS: 0.815, SPR: 0.814, RMSE: 0.601 (Best @ 33: {{0.789}}, 0.789, 0.792, 0.601)
--------------------------------------------------------------------------------------------------------------------------
Epoch 41/50
Training one epoch in 8.328 s
[DEV]   QWK:  0.825, PRS: 0.826, SPR: 0.828, RMSE: 0.567, (Best @ 33: {{0.827}}, 0.827, 0.828, 0.564)
[TEST]  QWK:  0.784, PRS: 0.785, SPR: 0.783, RMSE: 0.606 (Best @ 33: {{0.789}}, 0.789, 0.792, 0.601)
--------------------------------------------------------------------------------------------------------------------------
Epoch 42/50
Training one epoch in 8.332 s
[DEV]   QWK:  0.815, PRS: 0.817, SPR: 0.817, RMSE: 0.581, (Best @ 33: {{0.827}}, 0.827, 0.828, 0.564)
[TEST]  QWK:  0.794, PRS: 0.795, SPR: 0.794, RMSE: 0.592 (Best @ 33: {{0.789}}, 0.789, 0.792, 0.601)
--------------------------------------------------------------------------------------------------------------------------
Epoch 43/50
Training one epoch in 8.327 s
[DEV]   QWK:  0.791, PRS: 0.798, SPR: 0.805, RMSE: 0.593, (Best @ 33: {{0.827}}, 0.827, 0.828, 0.564)
[TEST]  QWK:  0.796, PRS: 0.801, SPR: 0.798, RMSE: 0.568 (Best @ 33: {{0.789}}, 0.789, 0.792, 0.601)
--------------------------------------------------------------------------------------------------------------------------
Epoch 44/50
Training one epoch in 8.336 s
[DEV]   QWK:  0.790, PRS: 0.802, SPR: 0.799, RMSE: 0.602, (Best @ 33: {{0.827}}, 0.827, 0.828, 0.564)
[TEST]  QWK:  0.785, PRS: 0.791, SPR: 0.794, RMSE: 0.587 (Best @ 33: {{0.789}}, 0.789, 0.792, 0.601)
--------------------------------------------------------------------------------------------------------------------------
Epoch 45/50
Training one epoch in 8.315 s
[DEV]   QWK:  0.777, PRS: 0.804, SPR: 0.808, RMSE: 0.647, (Best @ 33: {{0.827}}, 0.827, 0.828, 0.564)
[TEST]  QWK:  0.775, PRS: 0.800, SPR: 0.799, RMSE: 0.632 (Best @ 33: {{0.789}}, 0.789, 0.792, 0.601)
--------------------------------------------------------------------------------------------------------------------------
Epoch 46/50
Training one epoch in 8.330 s
[DEV]   QWK:  0.791, PRS: 0.812, SPR: 0.816, RMSE: 0.609, (Best @ 33: {{0.827}}, 0.827, 0.828, 0.564)
[TEST]  QWK:  0.768, PRS: 0.787, SPR: 0.802, RMSE: 0.624 (Best @ 33: {{0.789}}, 0.789, 0.792, 0.601)
--------------------------------------------------------------------------------------------------------------------------
Epoch 47/50
Training one epoch in 8.321 s
[DEV]   QWK:  0.740, PRS: 0.788, SPR: 0.795, RMSE: 0.651, (Best @ 33: {{0.827}}, 0.827, 0.828, 0.564)
[TEST]  QWK:  0.727, PRS: 0.777, SPR: 0.782, RMSE: 0.654 (Best @ 33: {{0.789}}, 0.789, 0.792, 0.601)
--------------------------------------------------------------------------------------------------------------------------
Epoch 48/50
Training one epoch in 8.290 s
[DEV]   QWK:  0.811, PRS: 0.815, SPR: 0.815, RMSE: 0.579, (Best @ 33: {{0.827}}, 0.827, 0.828, 0.564)
[TEST]  QWK:  0.780, PRS: 0.781, SPR: 0.776, RMSE: 0.606 (Best @ 33: {{0.789}}, 0.789, 0.792, 0.601)
--------------------------------------------------------------------------------------------------------------------------
Epoch 49/50
Training one epoch in 8.288 s
[DEV]   QWK:  0.763, PRS: 0.793, SPR: 0.799, RMSE: 0.623, (Best @ 33: {{0.827}}, 0.827, 0.828, 0.564)
[TEST]  QWK:  0.784, PRS: 0.808, SPR: 0.815, RMSE: 0.577 (Best @ 33: {{0.789}}, 0.789, 0.792, 0.601)
--------------------------------------------------------------------------------------------------------------------------
Epoch 50/50
Training one epoch in 8.326 s
[DEV]   QWK:  0.777, PRS: 0.791, SPR: 0.795, RMSE: 0.593, (Best @ 33: {{0.827}}, 0.827, 0.828, 0.564)
[TEST]  QWK:  0.796, PRS: 0.801, SPR: 0.804, RMSE: 0.558 (Best @ 33: {{0.789}}, 0.789, 0.792, 0.601)
--------------------------------------------------------------------------------------------------------------------------
X_train shape: (1264, 1150)
Initial evaluation: 
[DEV]   QWK:  0.000, PRS: 0.000, SPR: 0.000, RMSE: 1.042, (Best @ -1: {{0.000}}, 0.000, 0.000, 1.042)
[TEST]  QWK:  0.000, PRS: 0.000, SPR: 0.000, RMSE: 1.043 (Best @ -1: {{0.000}}, 0.000, 0.000, 1.043)
--------------------------------------------------------------------------------------------------------------------------
Train model
Epoch 1/50
Training one epoch in 10.383 s
[DEV]   QWK:  0.713, PRS: 0.753, SPR: 0.765, RMSE: 0.662, (Best @ 1: {{0.713}}, 0.753, 0.765, 0.662)
[TEST]  QWK:  0.717, PRS: 0.757, SPR: 0.761, RMSE: 0.632 (Best @ 1: {{0.717}}, 0.757, 0.761, 0.632)
--------------------------------------------------------------------------------------------------------------------------
Epoch 2/50
Training one epoch in 8.325 s
[DEV]   QWK:  0.730, PRS: 0.759, SPR: 0.774, RMSE: 0.638, (Best @ 2: {{0.730}}, 0.759, 0.774, 0.638)
[TEST]  QWK:  0.740, PRS: 0.770, SPR: 0.779, RMSE: 0.601 (Best @ 2: {{0.740}}, 0.770, 0.779, 0.601)
--------------------------------------------------------------------------------------------------------------------------
Epoch 3/50
Training one epoch in 8.314 s
[DEV]   QWK:  0.759, PRS: 0.776, SPR: 0.788, RMSE: 0.621, (Best @ 3: {{0.759}}, 0.776, 0.788, 0.621)
[TEST]  QWK:  0.766, PRS: 0.781, SPR: 0.786, RMSE: 0.596 (Best @ 3: {{0.766}}, 0.781, 0.786, 0.596)
--------------------------------------------------------------------------------------------------------------------------
Epoch 4/50
Training one epoch in 8.317 s
[DEV]   QWK:  0.742, PRS: 0.821, SPR: 0.832, RMSE: 0.659, (Best @ 3: {{0.759}}, 0.776, 0.788, 0.621)
[TEST]  QWK:  0.680, PRS: 0.779, SPR: 0.780, RMSE: 0.703 (Best @ 3: {{0.766}}, 0.781, 0.786, 0.596)
--------------------------------------------------------------------------------------------------------------------------
Epoch 5/50
Training one epoch in 8.372 s
[DEV]   QWK:  0.723, PRS: 0.752, SPR: 0.777, RMSE: 0.636, (Best @ 3: {{0.759}}, 0.776, 0.788, 0.621)
[TEST]  QWK:  0.736, PRS: 0.756, SPR: 0.768, RMSE: 0.601 (Best @ 3: {{0.766}}, 0.781, 0.786, 0.596)
--------------------------------------------------------------------------------------------------------------------------
Epoch 6/50
Training one epoch in 8.338 s
[DEV]   QWK:  0.744, PRS: 0.763, SPR: 0.776, RMSE: 0.627, (Best @ 3: {{0.759}}, 0.776, 0.788, 0.621)
[TEST]  QWK:  0.779, PRS: 0.791, SPR: 0.800, RMSE: 0.568 (Best @ 3: {{0.766}}, 0.781, 0.786, 0.596)
--------------------------------------------------------------------------------------------------------------------------
Epoch 7/50
Training one epoch in 8.334 s
[DEV]   QWK:  0.746, PRS: 0.778, SPR: 0.796, RMSE: 0.640, (Best @ 3: {{0.759}}, 0.776, 0.788, 0.621)
[TEST]  QWK:  0.761, PRS: 0.787, SPR: 0.787, RMSE: 0.610 (Best @ 3: {{0.766}}, 0.781, 0.786, 0.596)
--------------------------------------------------------------------------------------------------------------------------
Epoch 8/50
Training one epoch in 8.327 s
[DEV]   QWK:  0.800, PRS: 0.804, SPR: 0.809, RMSE: 0.584, (Best @ 8: {{0.800}}, 0.804, 0.809, 0.584)
[TEST]  QWK:  0.779, PRS: 0.781, SPR: 0.791, RMSE: 0.596 (Best @ 8: {{0.779}}, 0.781, 0.791, 0.596)
--------------------------------------------------------------------------------------------------------------------------
Epoch 9/50
Training one epoch in 8.330 s
[DEV]   QWK:  0.791, PRS: 0.809, SPR: 0.812, RMSE: 0.618, (Best @ 8: {{0.800}}, 0.804, 0.809, 0.584)
[TEST]  QWK:  0.799, PRS: 0.818, SPR: 0.813, RMSE: 0.582 (Best @ 8: {{0.779}}, 0.781, 0.791, 0.596)
--------------------------------------------------------------------------------------------------------------------------
Epoch 10/50
Training one epoch in 8.336 s
[DEV]   QWK:  0.759, PRS: 0.815, SPR: 0.824, RMSE: 0.632, (Best @ 8: {{0.800}}, 0.804, 0.809, 0.584)
[TEST]  QWK:  0.720, PRS: 0.786, SPR: 0.794, RMSE: 0.662 (Best @ 8: {{0.779}}, 0.781, 0.791, 0.596)
--------------------------------------------------------------------------------------------------------------------------
Epoch 11/50
Training one epoch in 8.324 s
[DEV]   QWK:  0.775, PRS: 0.798, SPR: 0.811, RMSE: 0.602, (Best @ 8: {{0.800}}, 0.804, 0.809, 0.584)
[TEST]  QWK:  0.766, PRS: 0.787, SPR: 0.800, RMSE: 0.596 (Best @ 8: {{0.779}}, 0.781, 0.791, 0.596)
--------------------------------------------------------------------------------------------------------------------------
Epoch 12/50
Training one epoch in 8.298 s
[DEV]   QWK:  0.771, PRS: 0.819, SPR: 0.831, RMSE: 0.634, (Best @ 8: {{0.800}}, 0.804, 0.809, 0.584)
[TEST]  QWK:  0.730, PRS: 0.782, SPR: 0.797, RMSE: 0.667 (Best @ 8: {{0.779}}, 0.781, 0.791, 0.596)
--------------------------------------------------------------------------------------------------------------------------
Epoch 13/50
Training one epoch in 8.346 s
[DEV]   QWK:  0.788, PRS: 0.801, SPR: 0.810, RMSE: 0.598, (Best @ 8: {{0.800}}, 0.804, 0.809, 0.584)
[TEST]  QWK:  0.799, PRS: 0.808, SPR: 0.818, RMSE: 0.563 (Best @ 8: {{0.779}}, 0.781, 0.791, 0.596)
--------------------------------------------------------------------------------------------------------------------------
Epoch 14/50
Training one epoch in 8.349 s
[DEV]   QWK:  0.773, PRS: 0.823, SPR: 0.835, RMSE: 0.625, (Best @ 8: {{0.800}}, 0.804, 0.809, 0.584)
[TEST]  QWK:  0.726, PRS: 0.784, SPR: 0.795, RMSE: 0.667 (Best @ 8: {{0.779}}, 0.781, 0.791, 0.596)
--------------------------------------------------------------------------------------------------------------------------
Epoch 15/50
Training one epoch in 8.343 s
[DEV]   QWK:  0.805, PRS: 0.817, SPR: 0.820, RMSE: 0.605, (Best @ 15: {{0.805}}, 0.817, 0.820, 0.605)
[TEST]  QWK:  0.803, PRS: 0.817, SPR: 0.815, RMSE: 0.582 (Best @ 15: {{0.803}}, 0.817, 0.815, 0.582)
--------------------------------------------------------------------------------------------------------------------------
Epoch 16/50
Training one epoch in 8.321 s
[DEV]   QWK:  0.777, PRS: 0.793, SPR: 0.803, RMSE: 0.588, (Best @ 15: {{0.805}}, 0.817, 0.820, 0.605)
[TEST]  QWK:  0.793, PRS: 0.802, SPR: 0.805, RMSE: 0.553 (Best @ 15: {{0.803}}, 0.817, 0.815, 0.582)
--------------------------------------------------------------------------------------------------------------------------
Epoch 17/50
Training one epoch in 8.322 s
[DEV]   QWK:  0.788, PRS: 0.808, SPR: 0.811, RMSE: 0.614, (Best @ 15: {{0.805}}, 0.817, 0.820, 0.605)
[TEST]  QWK:  0.779, PRS: 0.798, SPR: 0.799, RMSE: 0.601 (Best @ 15: {{0.803}}, 0.817, 0.815, 0.582)
--------------------------------------------------------------------------------------------------------------------------
Epoch 18/50
Training one epoch in 8.331 s
[DEV]   QWK:  0.776, PRS: 0.822, SPR: 0.829, RMSE: 0.666, (Best @ 15: {{0.805}}, 0.817, 0.820, 0.605)
[TEST]  QWK:  0.761, PRS: 0.797, SPR: 0.802, RMSE: 0.654 (Best @ 15: {{0.803}}, 0.817, 0.815, 0.582)
--------------------------------------------------------------------------------------------------------------------------
Epoch 19/50
Training one epoch in 8.359 s
[DEV]   QWK:  0.808, PRS: 0.812, SPR: 0.815, RMSE: 0.598, (Best @ 19: {{0.808}}, 0.812, 0.815, 0.598)
[TEST]  QWK:  0.797, PRS: 0.805, SPR: 0.804, RMSE: 0.592 (Best @ 19: {{0.797}}, 0.805, 0.804, 0.592)
--------------------------------------------------------------------------------------------------------------------------
Epoch 20/50
Training one epoch in 8.321 s
[DEV]   QWK:  0.762, PRS: 0.817, SPR: 0.822, RMSE: 0.684, (Best @ 19: {{0.808}}, 0.812, 0.815, 0.598)
[TEST]  QWK:  0.723, PRS: 0.792, SPR: 0.795, RMSE: 0.699 (Best @ 19: {{0.797}}, 0.805, 0.804, 0.592)
--------------------------------------------------------------------------------------------------------------------------
Epoch 21/50
Training one epoch in 8.345 s
[DEV]   QWK:  0.723, PRS: 0.789, SPR: 0.792, RMSE: 0.645, (Best @ 19: {{0.808}}, 0.812, 0.815, 0.598)
[TEST]  QWK:  0.694, PRS: 0.776, SPR: 0.774, RMSE: 0.654 (Best @ 19: {{0.797}}, 0.805, 0.804, 0.592)
--------------------------------------------------------------------------------------------------------------------------
Epoch 22/50
Training one epoch in 8.335 s
[DEV]   QWK:  0.826, PRS: 0.827, SPR: 0.831, RMSE: 0.579, (Best @ 22: {{0.826}}, 0.827, 0.831, 0.579)
[TEST]  QWK:  0.796, PRS: 0.798, SPR: 0.803, RMSE: 0.606 (Best @ 22: {{0.796}}, 0.798, 0.803, 0.606)
--------------------------------------------------------------------------------------------------------------------------
Epoch 23/50
Training one epoch in 8.344 s
[DEV]   QWK:  0.812, PRS: 0.817, SPR: 0.825, RMSE: 0.567, (Best @ 22: {{0.826}}, 0.827, 0.831, 0.579)
[TEST]  QWK:  0.778, PRS: 0.780, SPR: 0.782, RMSE: 0.596 (Best @ 22: {{0.796}}, 0.798, 0.803, 0.606)
--------------------------------------------------------------------------------------------------------------------------
Epoch 24/50
Training one epoch in 8.317 s
[DEV]   QWK:  0.792, PRS: 0.795, SPR: 0.801, RMSE: 0.598, (Best @ 22: {{0.826}}, 0.827, 0.831, 0.579)
[TEST]  QWK:  0.793, PRS: 0.794, SPR: 0.793, RMSE: 0.577 (Best @ 22: {{0.796}}, 0.798, 0.803, 0.606)
--------------------------------------------------------------------------------------------------------------------------
Epoch 25/50
Training one epoch in 8.333 s
[DEV]   QWK:  0.780, PRS: 0.790, SPR: 0.799, RMSE: 0.595, (Best @ 22: {{0.826}}, 0.827, 0.831, 0.579)
[TEST]  QWK:  0.773, PRS: 0.776, SPR: 0.786, RMSE: 0.592 (Best @ 22: {{0.796}}, 0.798, 0.803, 0.606)
--------------------------------------------------------------------------------------------------------------------------
Epoch 26/50
Training one epoch in 8.355 s
[DEV]   QWK:  0.793, PRS: 0.810, SPR: 0.820, RMSE: 0.593, (Best @ 22: {{0.826}}, 0.827, 0.831, 0.579)
[TEST]  QWK:  0.782, PRS: 0.801, SPR: 0.805, RMSE: 0.587 (Best @ 22: {{0.796}}, 0.798, 0.803, 0.606)
--------------------------------------------------------------------------------------------------------------------------
Epoch 27/50
Training one epoch in 8.338 s
[DEV]   QWK:  0.792, PRS: 0.795, SPR: 0.795, RMSE: 0.605, (Best @ 22: {{0.826}}, 0.827, 0.831, 0.579)
[TEST]  QWK:  0.790, PRS: 0.791, SPR: 0.786, RMSE: 0.582 (Best @ 22: {{0.796}}, 0.798, 0.803, 0.606)
--------------------------------------------------------------------------------------------------------------------------
Epoch 28/50
Training one epoch in 8.309 s
[DEV]   QWK:  0.786, PRS: 0.802, SPR: 0.814, RMSE: 0.605, (Best @ 22: {{0.826}}, 0.827, 0.831, 0.579)
[TEST]  QWK:  0.783, PRS: 0.799, SPR: 0.800, RMSE: 0.592 (Best @ 22: {{0.796}}, 0.798, 0.803, 0.606)
--------------------------------------------------------------------------------------------------------------------------
Epoch 29/50
Training one epoch in 8.327 s
[DEV]   QWK:  0.816, PRS: 0.818, SPR: 0.825, RMSE: 0.605, (Best @ 22: {{0.826}}, 0.827, 0.831, 0.579)
[TEST]  QWK:  0.804, PRS: 0.806, SPR: 0.811, RMSE: 0.596 (Best @ 22: {{0.796}}, 0.798, 0.803, 0.606)
--------------------------------------------------------------------------------------------------------------------------
Epoch 30/50
Training one epoch in 8.360 s
[DEV]   QWK:  0.812, PRS: 0.814, SPR: 0.815, RMSE: 0.593, (Best @ 22: {{0.826}}, 0.827, 0.831, 0.579)
[TEST]  QWK:  0.807, PRS: 0.809, SPR: 0.809, RMSE: 0.573 (Best @ 22: {{0.796}}, 0.798, 0.803, 0.606)
--------------------------------------------------------------------------------------------------------------------------
Epoch 31/50
Training one epoch in 8.360 s
[DEV]   QWK:  0.791, PRS: 0.795, SPR: 0.807, RMSE: 0.595, (Best @ 22: {{0.826}}, 0.827, 0.831, 0.579)
[TEST]  QWK:  0.794, PRS: 0.796, SPR: 0.798, RMSE: 0.573 (Best @ 22: {{0.796}}, 0.798, 0.803, 0.606)
--------------------------------------------------------------------------------------------------------------------------
Epoch 32/50
Training one epoch in 8.341 s
[DEV]   QWK:  0.788, PRS: 0.794, SPR: 0.805, RMSE: 0.593, (Best @ 22: {{0.826}}, 0.827, 0.831, 0.579)
[TEST]  QWK:  0.780, PRS: 0.782, SPR: 0.782, RMSE: 0.587 (Best @ 22: {{0.796}}, 0.798, 0.803, 0.606)
--------------------------------------------------------------------------------------------------------------------------
Epoch 33/50
Training one epoch in 8.374 s
[DEV]   QWK:  0.826, PRS: 0.826, SPR: 0.830, RMSE: 0.564, (Best @ 22: {{0.826}}, 0.827, 0.831, 0.579)
[TEST]  QWK:  0.787, PRS: 0.788, SPR: 0.791, RMSE: 0.606 (Best @ 22: {{0.796}}, 0.798, 0.803, 0.606)
--------------------------------------------------------------------------------------------------------------------------
Epoch 34/50
Training one epoch in 8.390 s
[DEV]   QWK:  0.799, PRS: 0.806, SPR: 0.808, RMSE: 0.593, (Best @ 22: {{0.826}}, 0.827, 0.831, 0.579)
[TEST]  QWK:  0.791, PRS: 0.795, SPR: 0.795, RMSE: 0.582 (Best @ 22: {{0.796}}, 0.798, 0.803, 0.606)
--------------------------------------------------------------------------------------------------------------------------
Epoch 35/50
Training one epoch in 8.363 s
[DEV]   QWK:  0.775, PRS: 0.812, SPR: 0.816, RMSE: 0.666, (Best @ 22: {{0.826}}, 0.827, 0.831, 0.579)
[TEST]  QWK:  0.782, PRS: 0.823, SPR: 0.827, RMSE: 0.641 (Best @ 22: {{0.796}}, 0.798, 0.803, 0.606)
--------------------------------------------------------------------------------------------------------------------------
Epoch 36/50
Training one epoch in 8.371 s
[DEV]   QWK:  0.788, PRS: 0.792, SPR: 0.799, RMSE: 0.605, (Best @ 22: {{0.826}}, 0.827, 0.831, 0.579)
[TEST]  QWK:  0.786, PRS: 0.787, SPR: 0.791, RMSE: 0.592 (Best @ 22: {{0.796}}, 0.798, 0.803, 0.606)
--------------------------------------------------------------------------------------------------------------------------
Epoch 37/50
Training one epoch in 8.341 s
[DEV]   QWK:  0.806, PRS: 0.809, SPR: 0.815, RMSE: 0.584, (Best @ 22: {{0.826}}, 0.827, 0.831, 0.579)
[TEST]  QWK:  0.800, PRS: 0.801, SPR: 0.804, RMSE: 0.577 (Best @ 22: {{0.796}}, 0.798, 0.803, 0.606)
--------------------------------------------------------------------------------------------------------------------------
Epoch 38/50
Training one epoch in 8.354 s
[DEV]   QWK:  0.782, PRS: 0.796, SPR: 0.808, RMSE: 0.595, (Best @ 22: {{0.826}}, 0.827, 0.831, 0.579)
[TEST]  QWK:  0.785, PRS: 0.794, SPR: 0.791, RMSE: 0.573 (Best @ 22: {{0.796}}, 0.798, 0.803, 0.606)
--------------------------------------------------------------------------------------------------------------------------
Epoch 39/50
Training one epoch in 8.370 s
[DEV]   QWK:  0.798, PRS: 0.800, SPR: 0.805, RMSE: 0.591, (Best @ 22: {{0.826}}, 0.827, 0.831, 0.579)
[TEST]  QWK:  0.795, PRS: 0.795, SPR: 0.793, RMSE: 0.577 (Best @ 22: {{0.796}}, 0.798, 0.803, 0.606)
--------------------------------------------------------------------------------------------------------------------------
Epoch 40/50
Training one epoch in 8.360 s
[DEV]   QWK:  0.794, PRS: 0.809, SPR: 0.813, RMSE: 0.625, (Best @ 22: {{0.826}}, 0.827, 0.831, 0.579)
[TEST]  QWK:  0.797, PRS: 0.813, SPR: 0.808, RMSE: 0.601 (Best @ 22: {{0.796}}, 0.798, 0.803, 0.606)
--------------------------------------------------------------------------------------------------------------------------
Epoch 41/50
Training one epoch in 8.362 s
[DEV]   QWK:  0.819, PRS: 0.819, SPR: 0.820, RMSE: 0.577, (Best @ 22: {{0.826}}, 0.827, 0.831, 0.579)
[TEST]  QWK:  0.786, PRS: 0.786, SPR: 0.789, RMSE: 0.601 (Best @ 22: {{0.796}}, 0.798, 0.803, 0.606)
--------------------------------------------------------------------------------------------------------------------------
Epoch 42/50
Training one epoch in 8.366 s
[DEV]   QWK:  0.819, PRS: 0.820, SPR: 0.820, RMSE: 0.577, (Best @ 22: {{0.826}}, 0.827, 0.831, 0.579)
[TEST]  QWK:  0.778, PRS: 0.778, SPR: 0.774, RMSE: 0.615 (Best @ 22: {{0.796}}, 0.798, 0.803, 0.606)
--------------------------------------------------------------------------------------------------------------------------
Epoch 43/50
Training one epoch in 8.350 s
[DEV]   QWK:  0.787, PRS: 0.793, SPR: 0.801, RMSE: 0.598, (Best @ 22: {{0.826}}, 0.827, 0.831, 0.579)
[TEST]  QWK:  0.789, PRS: 0.793, SPR: 0.792, RMSE: 0.577 (Best @ 22: {{0.796}}, 0.798, 0.803, 0.606)
--------------------------------------------------------------------------------------------------------------------------
Epoch 44/50
Training one epoch in 8.368 s
[DEV]   QWK:  0.796, PRS: 0.810, SPR: 0.805, RMSE: 0.593, (Best @ 22: {{0.826}}, 0.827, 0.831, 0.579)
[TEST]  QWK:  0.788, PRS: 0.796, SPR: 0.792, RMSE: 0.587 (Best @ 22: {{0.796}}, 0.798, 0.803, 0.606)
--------------------------------------------------------------------------------------------------------------------------
Epoch 45/50
Training one epoch in 8.345 s
[DEV]   QWK:  0.774, PRS: 0.802, SPR: 0.806, RMSE: 0.651, (Best @ 22: {{0.826}}, 0.827, 0.831, 0.579)
[TEST]  QWK:  0.764, PRS: 0.791, SPR: 0.789, RMSE: 0.641 (Best @ 22: {{0.796}}, 0.798, 0.803, 0.606)
--------------------------------------------------------------------------------------------------------------------------
Epoch 46/50
Training one epoch in 8.390 s
[DEV]   QWK:  0.797, PRS: 0.814, SPR: 0.817, RMSE: 0.598, (Best @ 22: {{0.826}}, 0.827, 0.831, 0.579)
[TEST]  QWK:  0.781, PRS: 0.797, SPR: 0.804, RMSE: 0.606 (Best @ 22: {{0.796}}, 0.798, 0.803, 0.606)
--------------------------------------------------------------------------------------------------------------------------
Epoch 47/50
Training one epoch in 8.353 s
[DEV]   QWK:  0.733, PRS: 0.785, SPR: 0.794, RMSE: 0.655, (Best @ 22: {{0.826}}, 0.827, 0.831, 0.579)
[TEST]  QWK:  0.746, PRS: 0.790, SPR: 0.803, RMSE: 0.632 (Best @ 22: {{0.796}}, 0.798, 0.803, 0.606)
--------------------------------------------------------------------------------------------------------------------------
Epoch 48/50
Training one epoch in 8.350 s
[DEV]   QWK:  0.809, PRS: 0.812, SPR: 0.811, RMSE: 0.584, (Best @ 22: {{0.826}}, 0.827, 0.831, 0.579)
[TEST]  QWK:  0.767, PRS: 0.768, SPR: 0.762, RMSE: 0.624 (Best @ 22: {{0.796}}, 0.798, 0.803, 0.606)
--------------------------------------------------------------------------------------------------------------------------
Epoch 49/50
Training one epoch in 8.340 s
[DEV]   QWK:  0.770, PRS: 0.798, SPR: 0.805, RMSE: 0.614, (Best @ 22: {{0.826}}, 0.827, 0.831, 0.579)
[TEST]  QWK:  0.781, PRS: 0.805, SPR: 0.812, RMSE: 0.582 (Best @ 22: {{0.796}}, 0.798, 0.803, 0.606)
--------------------------------------------------------------------------------------------------------------------------
Epoch 50/50
Training one epoch in 8.351 s
[DEV]   QWK:  0.776, PRS: 0.789, SPR: 0.795, RMSE: 0.598, (Best @ 22: {{0.826}}, 0.827, 0.831, 0.579)
[TEST]  QWK:  0.815, PRS: 0.822, SPR: 0.819, RMSE: 0.532 (Best @ 22: {{0.796}}, 0.798, 0.803, 0.606)
--------------------------------------------------------------------------------------------------------------------------
