X_train shape: (1099, 3350)
Initial evaluation: 
[DEV]   QWK:  0.000, PRS: 0.000, SPR: 0.000, RMSE: 4.475, (Best @ -1: {{0.000}}, 0.000, 0.000, 4.475)
[TEST]  QWK:  0.000, PRS: 0.000, SPR: 0.000, RMSE: 4.738 (Best @ -1: {{0.000}}, 0.000, 0.000, 4.738)
--------------------------------------------------------------------------------------------------------------------------
Train model
Epoch 1/50
Training one epoch in 23.348 s
[DEV]   QWK:  0.740, PRS: 0.756, SPR: 0.761, RMSE: 2.890, (Best @ 1: {{0.740}}, 0.756, 0.761, 2.890)
[TEST]  QWK:  0.766, PRS: 0.782, SPR: 0.776, RMSE: 2.940 (Best @ 1: {{0.766}}, 0.782, 0.776, 2.940)
--------------------------------------------------------------------------------------------------------------------------
Epoch 2/50
Training one epoch in 20.954 s
[DEV]   QWK:  0.747, PRS: 0.789, SPR: 0.794, RMSE: 2.732, (Best @ 2: {{0.747}}, 0.789, 0.794, 2.732)
[TEST]  QWK:  0.729, PRS: 0.786, SPR: 0.776, RMSE: 3.019 (Best @ 2: {{0.729}}, 0.786, 0.776, 3.019)
--------------------------------------------------------------------------------------------------------------------------
Epoch 3/50
Training one epoch in 20.931 s
[DEV]   QWK:  0.733, PRS: 0.791, SPR: 0.798, RMSE: 2.782, (Best @ 2: {{0.747}}, 0.789, 0.794, 2.732)
[TEST]  QWK:  0.727, PRS: 0.790, SPR: 0.784, RMSE: 2.969 (Best @ 2: {{0.729}}, 0.786, 0.776, 3.019)
--------------------------------------------------------------------------------------------------------------------------
Epoch 4/50
Training one epoch in 20.955 s
[DEV]   QWK:  0.761, PRS: 0.791, SPR: 0.802, RMSE: 2.733, (Best @ 4: {{0.761}}, 0.791, 0.802, 2.733)
[TEST]  QWK:  0.739, PRS: 0.775, SPR: 0.770, RMSE: 2.968 (Best @ 4: {{0.739}}, 0.775, 0.770, 2.968)
--------------------------------------------------------------------------------------------------------------------------
Epoch 5/50
Training one epoch in 20.905 s
[DEV]   QWK:  0.764, PRS: 0.784, SPR: 0.795, RMSE: 2.744, (Best @ 5: {{0.764}}, 0.784, 0.795, 2.744)
[TEST]  QWK:  0.738, PRS: 0.763, SPR: 0.764, RMSE: 3.022 (Best @ 5: {{0.738}}, 0.763, 0.764, 3.022)
--------------------------------------------------------------------------------------------------------------------------
Epoch 6/50
Training one epoch in 20.880 s
[DEV]   QWK:  0.783, PRS: 0.794, SPR: 0.807, RMSE: 2.642, (Best @ 6: {{0.783}}, 0.794, 0.807, 2.642)
[TEST]  QWK:  0.763, PRS: 0.777, SPR: 0.780, RMSE: 2.926 (Best @ 6: {{0.763}}, 0.777, 0.780, 2.926)
--------------------------------------------------------------------------------------------------------------------------
Epoch 7/50
Training one epoch in 20.960 s
[DEV]   QWK:  0.766, PRS: 0.780, SPR: 0.791, RMSE: 2.695, (Best @ 6: {{0.783}}, 0.794, 0.807, 2.642)
[TEST]  QWK:  0.746, PRS: 0.771, SPR: 0.778, RMSE: 2.966 (Best @ 6: {{0.763}}, 0.777, 0.780, 2.926)
--------------------------------------------------------------------------------------------------------------------------
Epoch 8/50
Training one epoch in 20.904 s
[DEV]   QWK:  0.768, PRS: 0.804, SPR: 0.816, RMSE: 2.571, (Best @ 6: {{0.783}}, 0.794, 0.807, 2.642)
[TEST]  QWK:  0.750, PRS: 0.791, SPR: 0.789, RMSE: 2.852 (Best @ 6: {{0.763}}, 0.777, 0.780, 2.926)
--------------------------------------------------------------------------------------------------------------------------
Epoch 9/50
Training one epoch in 20.941 s
[DEV]   QWK:  0.783, PRS: 0.801, SPR: 0.814, RMSE: 2.571, (Best @ 6: {{0.783}}, 0.794, 0.807, 2.642)
[TEST]  QWK:  0.768, PRS: 0.792, SPR: 0.796, RMSE: 2.826 (Best @ 6: {{0.763}}, 0.777, 0.780, 2.926)
--------------------------------------------------------------------------------------------------------------------------
Epoch 10/50
Training one epoch in 20.917 s
[DEV]   QWK:  0.678, PRS: 0.789, SPR: 0.798, RMSE: 3.400, (Best @ 6: {{0.783}}, 0.794, 0.807, 2.642)
[TEST]  QWK:  0.678, PRS: 0.779, SPR: 0.779, RMSE: 3.515 (Best @ 6: {{0.763}}, 0.777, 0.780, 2.926)
--------------------------------------------------------------------------------------------------------------------------
Epoch 11/50
Training one epoch in 20.898 s
[DEV]   QWK:  0.769, PRS: 0.802, SPR: 0.814, RMSE: 2.680, (Best @ 6: {{0.783}}, 0.794, 0.807, 2.642)
[TEST]  QWK:  0.758, PRS: 0.798, SPR: 0.790, RMSE: 2.904 (Best @ 6: {{0.763}}, 0.777, 0.780, 2.926)
--------------------------------------------------------------------------------------------------------------------------
Epoch 12/50
Training one epoch in 20.913 s
[DEV]   QWK:  0.760, PRS: 0.794, SPR: 0.819, RMSE: 2.759, (Best @ 6: {{0.783}}, 0.794, 0.807, 2.642)
[TEST]  QWK:  0.763, PRS: 0.800, SPR: 0.799, RMSE: 2.924 (Best @ 6: {{0.763}}, 0.777, 0.780, 2.926)
--------------------------------------------------------------------------------------------------------------------------
Epoch 13/50
Training one epoch in 20.959 s
[DEV]   QWK:  0.782, PRS: 0.809, SPR: 0.821, RMSE: 2.699, (Best @ 6: {{0.783}}, 0.794, 0.807, 2.642)
[TEST]  QWK:  0.782, PRS: 0.811, SPR: 0.810, RMSE: 2.861 (Best @ 6: {{0.763}}, 0.777, 0.780, 2.926)
--------------------------------------------------------------------------------------------------------------------------
Epoch 14/50
Training one epoch in 20.955 s
[DEV]   QWK:  0.764, PRS: 0.795, SPR: 0.804, RMSE: 2.636, (Best @ 6: {{0.783}}, 0.794, 0.807, 2.642)
[TEST]  QWK:  0.770, PRS: 0.805, SPR: 0.800, RMSE: 2.779 (Best @ 6: {{0.763}}, 0.777, 0.780, 2.926)
--------------------------------------------------------------------------------------------------------------------------
Epoch 15/50
Training one epoch in 20.892 s
[DEV]   QWK:  0.796, PRS: 0.803, SPR: 0.815, RMSE: 2.592, (Best @ 15: {{0.796}}, 0.803, 0.815, 2.592)
[TEST]  QWK:  0.804, PRS: 0.811, SPR: 0.809, RMSE: 2.733 (Best @ 15: {{0.804}}, 0.811, 0.809, 2.733)
--------------------------------------------------------------------------------------------------------------------------
Epoch 16/50
Training one epoch in 20.875 s
[DEV]   QWK:  0.794, PRS: 0.805, SPR: 0.823, RMSE: 2.573, (Best @ 15: {{0.796}}, 0.803, 0.815, 2.592)
[TEST]  QWK:  0.796, PRS: 0.808, SPR: 0.803, RMSE: 2.742 (Best @ 15: {{0.804}}, 0.811, 0.809, 2.733)
--------------------------------------------------------------------------------------------------------------------------
Epoch 17/50
Training one epoch in 20.910 s
[DEV]   QWK:  0.791, PRS: 0.800, SPR: 0.816, RMSE: 2.617, (Best @ 15: {{0.796}}, 0.803, 0.815, 2.592)
[TEST]  QWK:  0.802, PRS: 0.811, SPR: 0.805, RMSE: 2.740 (Best @ 15: {{0.804}}, 0.811, 0.809, 2.733)
--------------------------------------------------------------------------------------------------------------------------
Epoch 18/50
Training one epoch in 20.920 s
[DEV]   QWK:  0.796, PRS: 0.804, SPR: 0.824, RMSE: 2.565, (Best @ 15: {{0.796}}, 0.803, 0.815, 2.592)
[TEST]  QWK:  0.802, PRS: 0.810, SPR: 0.803, RMSE: 2.723 (Best @ 15: {{0.804}}, 0.811, 0.809, 2.733)
--------------------------------------------------------------------------------------------------------------------------
Epoch 19/50
Training one epoch in 21.018 s
[DEV]   QWK:  0.804, PRS: 0.806, SPR: 0.818, RMSE: 2.665, (Best @ 19: {{0.804}}, 0.806, 0.818, 2.665)
[TEST]  QWK:  0.810, PRS: 0.815, SPR: 0.813, RMSE: 2.797 (Best @ 19: {{0.810}}, 0.815, 0.813, 2.797)
--------------------------------------------------------------------------------------------------------------------------
Epoch 20/50
Training one epoch in 20.935 s
[DEV]   QWK:  0.699, PRS: 0.798, SPR: 0.814, RMSE: 3.027, (Best @ 19: {{0.804}}, 0.806, 0.818, 2.665)
[TEST]  QWK:  0.723, PRS: 0.812, SPR: 0.813, RMSE: 3.124 (Best @ 19: {{0.810}}, 0.815, 0.813, 2.797)
--------------------------------------------------------------------------------------------------------------------------
Epoch 21/50
Training one epoch in 21.014 s
[DEV]   QWK:  0.778, PRS: 0.798, SPR: 0.811, RMSE: 2.770, (Best @ 19: {{0.804}}, 0.806, 0.818, 2.665)
[TEST]  QWK:  0.792, PRS: 0.811, SPR: 0.805, RMSE: 2.886 (Best @ 19: {{0.810}}, 0.815, 0.813, 2.797)
--------------------------------------------------------------------------------------------------------------------------
Epoch 22/50
Training one epoch in 20.954 s
[DEV]   QWK:  0.772, PRS: 0.801, SPR: 0.819, RMSE: 2.629, (Best @ 19: {{0.804}}, 0.806, 0.818, 2.665)
[TEST]  QWK:  0.782, PRS: 0.814, SPR: 0.812, RMSE: 2.746 (Best @ 19: {{0.810}}, 0.815, 0.813, 2.797)
--------------------------------------------------------------------------------------------------------------------------
Epoch 23/50
Training one epoch in 21.042 s
[DEV]   QWK:  0.786, PRS: 0.811, SPR: 0.826, RMSE: 2.762, (Best @ 19: {{0.804}}, 0.806, 0.818, 2.665)
[TEST]  QWK:  0.792, PRS: 0.818, SPR: 0.810, RMSE: 2.909 (Best @ 19: {{0.810}}, 0.815, 0.813, 2.797)
--------------------------------------------------------------------------------------------------------------------------
Epoch 24/50
Training one epoch in 20.945 s
[DEV]   QWK:  0.777, PRS: 0.794, SPR: 0.807, RMSE: 2.640, (Best @ 19: {{0.804}}, 0.806, 0.818, 2.665)
[TEST]  QWK:  0.794, PRS: 0.814, SPR: 0.804, RMSE: 2.719 (Best @ 19: {{0.810}}, 0.815, 0.813, 2.797)
--------------------------------------------------------------------------------------------------------------------------
Epoch 25/50
Training one epoch in 20.981 s
[DEV]   QWK:  0.772, PRS: 0.795, SPR: 0.808, RMSE: 2.648, (Best @ 19: {{0.804}}, 0.806, 0.818, 2.665)
[TEST]  QWK:  0.802, PRS: 0.821, SPR: 0.818, RMSE: 2.681 (Best @ 19: {{0.810}}, 0.815, 0.813, 2.797)
--------------------------------------------------------------------------------------------------------------------------
Epoch 26/50
Training one epoch in 20.997 s
[DEV]   QWK:  0.791, PRS: 0.808, SPR: 0.828, RMSE: 2.736, (Best @ 19: {{0.804}}, 0.806, 0.818, 2.665)
[TEST]  QWK:  0.800, PRS: 0.815, SPR: 0.812, RMSE: 2.853 (Best @ 19: {{0.810}}, 0.815, 0.813, 2.797)
--------------------------------------------------------------------------------------------------------------------------
Epoch 27/50
Training one epoch in 21.038 s
[DEV]   QWK:  0.781, PRS: 0.795, SPR: 0.809, RMSE: 2.664, (Best @ 19: {{0.804}}, 0.806, 0.818, 2.665)
[TEST]  QWK:  0.791, PRS: 0.804, SPR: 0.801, RMSE: 2.798 (Best @ 19: {{0.810}}, 0.815, 0.813, 2.797)
--------------------------------------------------------------------------------------------------------------------------
Epoch 28/50
Training one epoch in 20.992 s
[DEV]   QWK:  0.795, PRS: 0.804, SPR: 0.814, RMSE: 2.623, (Best @ 19: {{0.804}}, 0.806, 0.818, 2.665)
[TEST]  QWK:  0.801, PRS: 0.808, SPR: 0.803, RMSE: 2.795 (Best @ 19: {{0.810}}, 0.815, 0.813, 2.797)
--------------------------------------------------------------------------------------------------------------------------
Epoch 29/50
Training one epoch in 20.963 s
[DEV]   QWK:  0.778, PRS: 0.793, SPR: 0.810, RMSE: 2.645, (Best @ 19: {{0.804}}, 0.806, 0.818, 2.665)
[TEST]  QWK:  0.794, PRS: 0.809, SPR: 0.810, RMSE: 2.746 (Best @ 19: {{0.810}}, 0.815, 0.813, 2.797)
--------------------------------------------------------------------------------------------------------------------------
Epoch 30/50
Training one epoch in 21.005 s
[DEV]   QWK:  0.768, PRS: 0.797, SPR: 0.809, RMSE: 2.818, (Best @ 19: {{0.804}}, 0.806, 0.818, 2.665)
[TEST]  QWK:  0.794, PRS: 0.820, SPR: 0.820, RMSE: 2.857 (Best @ 19: {{0.810}}, 0.815, 0.813, 2.797)
--------------------------------------------------------------------------------------------------------------------------
Epoch 31/50
Training one epoch in 21.018 s
[DEV]   QWK:  0.776, PRS: 0.787, SPR: 0.805, RMSE: 2.668, (Best @ 19: {{0.804}}, 0.806, 0.818, 2.665)
[TEST]  QWK:  0.794, PRS: 0.800, SPR: 0.798, RMSE: 2.801 (Best @ 19: {{0.810}}, 0.815, 0.813, 2.797)
--------------------------------------------------------------------------------------------------------------------------
Epoch 32/50
Training one epoch in 20.949 s
[DEV]   QWK:  0.763, PRS: 0.779, SPR: 0.795, RMSE: 2.701, (Best @ 19: {{0.804}}, 0.806, 0.818, 2.665)
[TEST]  QWK:  0.781, PRS: 0.794, SPR: 0.800, RMSE: 2.819 (Best @ 19: {{0.810}}, 0.815, 0.813, 2.797)
--------------------------------------------------------------------------------------------------------------------------
Epoch 33/50
Training one epoch in 21.009 s
[DEV]   QWK:  0.796, PRS: 0.798, SPR: 0.811, RMSE: 2.669, (Best @ 19: {{0.804}}, 0.806, 0.818, 2.665)
[TEST]  QWK:  0.813, PRS: 0.816, SPR: 0.814, RMSE: 2.741 (Best @ 19: {{0.810}}, 0.815, 0.813, 2.797)
--------------------------------------------------------------------------------------------------------------------------
Epoch 34/50
Training one epoch in 20.918 s
[DEV]   QWK:  0.793, PRS: 0.795, SPR: 0.805, RMSE: 2.746, (Best @ 19: {{0.804}}, 0.806, 0.818, 2.665)
[TEST]  QWK:  0.810, PRS: 0.813, SPR: 0.806, RMSE: 2.827 (Best @ 19: {{0.810}}, 0.815, 0.813, 2.797)
--------------------------------------------------------------------------------------------------------------------------
Epoch 35/50
Training one epoch in 20.993 s
[DEV]   QWK:  0.790, PRS: 0.806, SPR: 0.816, RMSE: 2.563, (Best @ 19: {{0.804}}, 0.806, 0.818, 2.665)
[TEST]  QWK:  0.803, PRS: 0.820, SPR: 0.816, RMSE: 2.666 (Best @ 19: {{0.810}}, 0.815, 0.813, 2.797)
--------------------------------------------------------------------------------------------------------------------------
Epoch 36/50
Training one epoch in 20.997 s
[DEV]   QWK:  0.749, PRS: 0.782, SPR: 0.795, RMSE: 2.882, (Best @ 19: {{0.804}}, 0.806, 0.818, 2.665)
[TEST]  QWK:  0.788, PRS: 0.815, SPR: 0.810, RMSE: 2.871 (Best @ 19: {{0.810}}, 0.815, 0.813, 2.797)
--------------------------------------------------------------------------------------------------------------------------
Epoch 37/50
Training one epoch in 20.913 s
[DEV]   QWK:  0.782, PRS: 0.796, SPR: 0.811, RMSE: 2.772, (Best @ 19: {{0.804}}, 0.806, 0.818, 2.665)
[TEST]  QWK:  0.800, PRS: 0.813, SPR: 0.814, RMSE: 2.864 (Best @ 19: {{0.810}}, 0.815, 0.813, 2.797)
--------------------------------------------------------------------------------------------------------------------------
Epoch 38/50
Training one epoch in 21.012 s
[DEV]   QWK:  0.759, PRS: 0.788, SPR: 0.799, RMSE: 2.803, (Best @ 19: {{0.804}}, 0.806, 0.818, 2.665)
[TEST]  QWK:  0.785, PRS: 0.812, SPR: 0.810, RMSE: 2.817 (Best @ 19: {{0.810}}, 0.815, 0.813, 2.797)
--------------------------------------------------------------------------------------------------------------------------
Epoch 39/50
Training one epoch in 21.061 s
[DEV]   QWK:  0.791, PRS: 0.793, SPR: 0.804, RMSE: 2.772, (Best @ 19: {{0.804}}, 0.806, 0.818, 2.665)
[TEST]  QWK:  0.812, PRS: 0.815, SPR: 0.809, RMSE: 2.819 (Best @ 19: {{0.810}}, 0.815, 0.813, 2.797)
--------------------------------------------------------------------------------------------------------------------------
Epoch 40/50
Training one epoch in 21.059 s
[DEV]   QWK:  0.778, PRS: 0.794, SPR: 0.806, RMSE: 2.678, (Best @ 19: {{0.804}}, 0.806, 0.818, 2.665)
[TEST]  QWK:  0.799, PRS: 0.814, SPR: 0.808, RMSE: 2.757 (Best @ 19: {{0.810}}, 0.815, 0.813, 2.797)
--------------------------------------------------------------------------------------------------------------------------
Epoch 41/50
Training one epoch in 21.077 s
[DEV]   QWK:  0.789, PRS: 0.790, SPR: 0.804, RMSE: 2.778, (Best @ 19: {{0.804}}, 0.806, 0.818, 2.665)
[TEST]  QWK:  0.816, PRS: 0.816, SPR: 0.816, RMSE: 2.791 (Best @ 19: {{0.810}}, 0.815, 0.813, 2.797)
--------------------------------------------------------------------------------------------------------------------------
Epoch 42/50
Training one epoch in 21.107 s
[DEV]   QWK:  0.769, PRS: 0.784, SPR: 0.797, RMSE: 2.868, (Best @ 19: {{0.804}}, 0.806, 0.818, 2.665)
[TEST]  QWK:  0.801, PRS: 0.811, SPR: 0.806, RMSE: 2.877 (Best @ 19: {{0.810}}, 0.815, 0.813, 2.797)
--------------------------------------------------------------------------------------------------------------------------
Epoch 43/50
Training one epoch in 21.047 s
[DEV]   QWK:  0.775, PRS: 0.776, SPR: 0.784, RMSE: 2.808, (Best @ 19: {{0.804}}, 0.806, 0.818, 2.665)
[TEST]  QWK:  0.809, PRS: 0.809, SPR: 0.804, RMSE: 2.813 (Best @ 19: {{0.810}}, 0.815, 0.813, 2.797)
--------------------------------------------------------------------------------------------------------------------------
Epoch 44/50
Training one epoch in 20.992 s
[DEV]   QWK:  0.747, PRS: 0.765, SPR: 0.779, RMSE: 2.770, (Best @ 19: {{0.804}}, 0.806, 0.818, 2.665)
[TEST]  QWK:  0.782, PRS: 0.799, SPR: 0.796, RMSE: 2.783 (Best @ 19: {{0.810}}, 0.815, 0.813, 2.797)
--------------------------------------------------------------------------------------------------------------------------
Epoch 45/50
Training one epoch in 21.033 s
[DEV]   QWK:  0.778, PRS: 0.780, SPR: 0.790, RMSE: 2.799, (Best @ 19: {{0.804}}, 0.806, 0.818, 2.665)
[TEST]  QWK:  0.810, PRS: 0.811, SPR: 0.805, RMSE: 2.811 (Best @ 19: {{0.810}}, 0.815, 0.813, 2.797)
--------------------------------------------------------------------------------------------------------------------------
Epoch 46/50
Training one epoch in 21.020 s
[DEV]   QWK:  0.759, PRS: 0.780, SPR: 0.799, RMSE: 2.702, (Best @ 19: {{0.804}}, 0.806, 0.818, 2.665)
[TEST]  QWK:  0.788, PRS: 0.812, SPR: 0.810, RMSE: 2.723 (Best @ 19: {{0.810}}, 0.815, 0.813, 2.797)
--------------------------------------------------------------------------------------------------------------------------
Epoch 47/50
Training one epoch in 21.100 s
[DEV]   QWK:  0.766, PRS: 0.773, SPR: 0.786, RMSE: 2.755, (Best @ 19: {{0.804}}, 0.806, 0.818, 2.665)
[TEST]  QWK:  0.797, PRS: 0.805, SPR: 0.802, RMSE: 2.764 (Best @ 19: {{0.810}}, 0.815, 0.813, 2.797)
--------------------------------------------------------------------------------------------------------------------------
Epoch 48/50
Training one epoch in 21.077 s
[DEV]   QWK:  0.757, PRS: 0.768, SPR: 0.792, RMSE: 2.839, (Best @ 19: {{0.804}}, 0.806, 0.818, 2.665)
[TEST]  QWK:  0.784, PRS: 0.795, SPR: 0.800, RMSE: 2.879 (Best @ 19: {{0.810}}, 0.815, 0.813, 2.797)
--------------------------------------------------------------------------------------------------------------------------
Epoch 49/50
Training one epoch in 21.046 s
[DEV]   QWK:  0.774, PRS: 0.775, SPR: 0.788, RMSE: 2.890, (Best @ 19: {{0.804}}, 0.806, 0.818, 2.665)
[TEST]  QWK:  0.805, PRS: 0.806, SPR: 0.806, RMSE: 2.920 (Best @ 19: {{0.810}}, 0.815, 0.813, 2.797)
--------------------------------------------------------------------------------------------------------------------------
Epoch 50/50
Training one epoch in 21.013 s
[DEV]   QWK:  0.765, PRS: 0.784, SPR: 0.803, RMSE: 3.093, (Best @ 19: {{0.804}}, 0.806, 0.818, 2.665)
[TEST]  QWK:  0.787, PRS: 0.799, SPR: 0.801, RMSE: 3.170 (Best @ 19: {{0.810}}, 0.815, 0.813, 2.797)
--------------------------------------------------------------------------------------------------------------------------
