X_train shape: (1260, 1050)
Initial evaluation: 
[DEV]   QWK:  0.000, PRS: 0.000, SPR: 0.000, RMSE: 1.180, (Best @ -1: {{0.000}}, 0.000, 0.000, 1.180)
[TEST]  QWK:  0.000, PRS: 0.000, SPR: 0.000, RMSE: 1.269 (Best @ -1: {{0.000}}, 0.000, 0.000, 1.269)
--------------------------------------------------------------------------------------------------------------------------
Train model
Epoch 1/50
Training one epoch in 9.452 s
[DEV]   QWK:  0.619, PRS: 0.687, SPR: 0.665, RMSE: 0.719, (Best @ 1: {{0.619}}, 0.687, 0.665, 0.719)
[TEST]  QWK:  0.582, PRS: 0.676, SPR: 0.659, RMSE: 0.827 (Best @ 1: {{0.582}}, 0.676, 0.659, 0.827)
--------------------------------------------------------------------------------------------------------------------------
Epoch 2/50
Training one epoch in 7.626 s
[DEV]   QWK:  0.668, PRS: 0.700, SPR: 0.676, RMSE: 0.687, (Best @ 2: {{0.668}}, 0.700, 0.676, 0.687)
[TEST]  QWK:  0.642, PRS: 0.696, SPR: 0.671, RMSE: 0.767 (Best @ 2: {{0.642}}, 0.696, 0.671, 0.767)
--------------------------------------------------------------------------------------------------------------------------
Epoch 3/50
Training one epoch in 7.632 s
[DEV]   QWK:  0.709, PRS: 0.737, SPR: 0.715, RMSE: 0.650, (Best @ 3: {{0.709}}, 0.737, 0.715, 0.650)
[TEST]  QWK:  0.721, PRS: 0.766, SPR: 0.755, RMSE: 0.695 (Best @ 3: {{0.721}}, 0.766, 0.755, 0.695)
--------------------------------------------------------------------------------------------------------------------------
Epoch 4/50
Training one epoch in 7.632 s
[DEV]   QWK:  0.708, PRS: 0.757, SPR: 0.751, RMSE: 0.645, (Best @ 3: {{0.709}}, 0.737, 0.715, 0.650)
[TEST]  QWK:  0.723, PRS: 0.786, SPR: 0.763, RMSE: 0.675 (Best @ 3: {{0.721}}, 0.766, 0.755, 0.695)
--------------------------------------------------------------------------------------------------------------------------
Epoch 5/50
Training one epoch in 7.623 s
[DEV]   QWK:  0.726, PRS: 0.772, SPR: 0.782, RMSE: 0.669, (Best @ 5: {{0.726}}, 0.772, 0.782, 0.669)
[TEST]  QWK:  0.768, PRS: 0.802, SPR: 0.785, RMSE: 0.658 (Best @ 5: {{0.768}}, 0.802, 0.785, 0.658)
--------------------------------------------------------------------------------------------------------------------------
Epoch 6/50
Training one epoch in 7.628 s
[DEV]   QWK:  0.787, PRS: 0.795, SPR: 0.787, RMSE: 0.587, (Best @ 6: {{0.787}}, 0.795, 0.787, 0.587)
[TEST]  QWK:  0.801, PRS: 0.818, SPR: 0.792, RMSE: 0.628 (Best @ 6: {{0.801}}, 0.818, 0.792, 0.628)
--------------------------------------------------------------------------------------------------------------------------
Epoch 7/50
Training one epoch in 7.657 s
[DEV]   QWK:  0.737, PRS: 0.766, SPR: 0.763, RMSE: 0.628, (Best @ 6: {{0.787}}, 0.795, 0.787, 0.587)
[TEST]  QWK:  0.773, PRS: 0.804, SPR: 0.789, RMSE: 0.637 (Best @ 6: {{0.801}}, 0.818, 0.792, 0.628)
--------------------------------------------------------------------------------------------------------------------------
Epoch 8/50
Training one epoch in 7.642 s
[DEV]   QWK:  0.720, PRS: 0.764, SPR: 0.772, RMSE: 0.669, (Best @ 6: {{0.787}}, 0.795, 0.787, 0.587)
[TEST]  QWK:  0.780, PRS: 0.820, SPR: 0.795, RMSE: 0.632 (Best @ 6: {{0.801}}, 0.818, 0.792, 0.628)
--------------------------------------------------------------------------------------------------------------------------
Epoch 9/50
Training one epoch in 7.643 s
[DEV]   QWK:  0.744, PRS: 0.772, SPR: 0.777, RMSE: 0.630, (Best @ 6: {{0.787}}, 0.795, 0.787, 0.587)
[TEST]  QWK:  0.771, PRS: 0.806, SPR: 0.788, RMSE: 0.637 (Best @ 6: {{0.801}}, 0.818, 0.792, 0.628)
--------------------------------------------------------------------------------------------------------------------------
Epoch 10/50
Training one epoch in 7.639 s
[DEV]   QWK:  0.754, PRS: 0.782, SPR: 0.763, RMSE: 0.662, (Best @ 6: {{0.787}}, 0.795, 0.787, 0.587)
[TEST]  QWK:  0.780, PRS: 0.831, SPR: 0.800, RMSE: 0.679 (Best @ 6: {{0.801}}, 0.818, 0.792, 0.628)
--------------------------------------------------------------------------------------------------------------------------
Epoch 11/50
Training one epoch in 7.653 s
[DEV]   QWK:  0.791, PRS: 0.796, SPR: 0.792, RMSE: 0.592, (Best @ 11: {{0.791}}, 0.796, 0.792, 0.592)
[TEST]  QWK:  0.789, PRS: 0.805, SPR: 0.776, RMSE: 0.650 (Best @ 11: {{0.789}}, 0.805, 0.776, 0.650)
--------------------------------------------------------------------------------------------------------------------------
Epoch 12/50
Training one epoch in 7.630 s
[DEV]   QWK:  0.732, PRS: 0.773, SPR: 0.775, RMSE: 0.641, (Best @ 11: {{0.791}}, 0.796, 0.792, 0.592)
[TEST]  QWK:  0.765, PRS: 0.807, SPR: 0.784, RMSE: 0.641 (Best @ 11: {{0.789}}, 0.805, 0.776, 0.650)
--------------------------------------------------------------------------------------------------------------------------
Epoch 13/50
Training one epoch in 7.652 s
[DEV]   QWK:  0.790, PRS: 0.798, SPR: 0.800, RMSE: 0.582, (Best @ 11: {{0.791}}, 0.796, 0.792, 0.592)
[TEST]  QWK:  0.788, PRS: 0.804, SPR: 0.776, RMSE: 0.637 (Best @ 11: {{0.789}}, 0.805, 0.776, 0.650)
--------------------------------------------------------------------------------------------------------------------------
Epoch 14/50
Training one epoch in 7.643 s
[DEV]   QWK:  0.749, PRS: 0.787, SPR: 0.798, RMSE: 0.635, (Best @ 11: {{0.791}}, 0.796, 0.792, 0.592)
[TEST]  QWK:  0.798, PRS: 0.829, SPR: 0.805, RMSE: 0.610 (Best @ 11: {{0.789}}, 0.805, 0.776, 0.650)
--------------------------------------------------------------------------------------------------------------------------
Epoch 15/50
Training one epoch in 7.610 s
[DEV]   QWK:  0.773, PRS: 0.792, SPR: 0.783, RMSE: 0.601, (Best @ 11: {{0.791}}, 0.796, 0.792, 0.592)
[TEST]  QWK:  0.800, PRS: 0.836, SPR: 0.799, RMSE: 0.628 (Best @ 11: {{0.789}}, 0.805, 0.776, 0.650)
--------------------------------------------------------------------------------------------------------------------------
Epoch 16/50
Training one epoch in 7.636 s
[DEV]   QWK:  0.798, PRS: 0.807, SPR: 0.814, RMSE: 0.592, (Best @ 16: {{0.798}}, 0.807, 0.814, 0.592)
[TEST]  QWK:  0.819, PRS: 0.825, SPR: 0.796, RMSE: 0.606 (Best @ 16: {{0.819}}, 0.825, 0.796, 0.606)
--------------------------------------------------------------------------------------------------------------------------
Epoch 17/50
Training one epoch in 7.625 s
[DEV]   QWK:  0.771, PRS: 0.792, SPR: 0.810, RMSE: 0.624, (Best @ 16: {{0.798}}, 0.807, 0.814, 0.592)
[TEST]  QWK:  0.804, PRS: 0.820, SPR: 0.798, RMSE: 0.615 (Best @ 16: {{0.819}}, 0.825, 0.796, 0.606)
--------------------------------------------------------------------------------------------------------------------------
Epoch 18/50
Training one epoch in 7.632 s
[DEV]   QWK:  0.748, PRS: 0.786, SPR: 0.770, RMSE: 0.681, (Best @ 16: {{0.798}}, 0.807, 0.814, 0.592)
[TEST]  QWK:  0.808, PRS: 0.858, SPR: 0.826, RMSE: 0.645 (Best @ 16: {{0.819}}, 0.825, 0.796, 0.606)
--------------------------------------------------------------------------------------------------------------------------
Epoch 19/50
Training one epoch in 7.623 s
[DEV]   QWK:  0.753, PRS: 0.782, SPR: 0.791, RMSE: 0.619, (Best @ 16: {{0.798}}, 0.807, 0.814, 0.592)
[TEST]  QWK:  0.780, PRS: 0.808, SPR: 0.788, RMSE: 0.632 (Best @ 16: {{0.819}}, 0.825, 0.796, 0.606)
--------------------------------------------------------------------------------------------------------------------------
Epoch 20/50
Training one epoch in 7.610 s
[DEV]   QWK:  0.737, PRS: 0.769, SPR: 0.772, RMSE: 0.632, (Best @ 16: {{0.798}}, 0.807, 0.814, 0.592)
[TEST]  QWK:  0.749, PRS: 0.786, SPR: 0.758, RMSE: 0.662 (Best @ 16: {{0.819}}, 0.825, 0.796, 0.606)
--------------------------------------------------------------------------------------------------------------------------
Epoch 21/50
Training one epoch in 7.640 s
[DEV]   QWK:  0.791, PRS: 0.795, SPR: 0.800, RMSE: 0.589, (Best @ 16: {{0.798}}, 0.807, 0.814, 0.592)
[TEST]  QWK:  0.803, PRS: 0.816, SPR: 0.790, RMSE: 0.624 (Best @ 16: {{0.819}}, 0.825, 0.796, 0.606)
--------------------------------------------------------------------------------------------------------------------------
Epoch 22/50
Training one epoch in 7.653 s
[DEV]   QWK:  0.758, PRS: 0.784, SPR: 0.772, RMSE: 0.612, (Best @ 16: {{0.798}}, 0.807, 0.814, 0.592)
[TEST]  QWK:  0.740, PRS: 0.783, SPR: 0.751, RMSE: 0.699 (Best @ 16: {{0.819}}, 0.825, 0.796, 0.606)
--------------------------------------------------------------------------------------------------------------------------
Epoch 23/50
Training one epoch in 7.644 s
[DEV]   QWK:  0.733, PRS: 0.774, SPR: 0.758, RMSE: 0.610, (Best @ 16: {{0.798}}, 0.807, 0.814, 0.592)
[TEST]  QWK:  0.763, PRS: 0.808, SPR: 0.773, RMSE: 0.637 (Best @ 16: {{0.819}}, 0.825, 0.796, 0.606)
--------------------------------------------------------------------------------------------------------------------------
Epoch 24/50
Training one epoch in 7.637 s
[DEV]   QWK:  0.798, PRS: 0.809, SPR: 0.797, RMSE: 0.619, (Best @ 16: {{0.798}}, 0.807, 0.814, 0.592)
[TEST]  QWK:  0.793, PRS: 0.797, SPR: 0.765, RMSE: 0.654 (Best @ 16: {{0.819}}, 0.825, 0.796, 0.606)
--------------------------------------------------------------------------------------------------------------------------
Epoch 25/50
Training one epoch in 7.680 s
[DEV]   QWK:  0.801, PRS: 0.806, SPR: 0.793, RMSE: 0.615, (Best @ 25: {{0.801}}, 0.806, 0.793, 0.615)
[TEST]  QWK:  0.827, PRS: 0.846, SPR: 0.810, RMSE: 0.619 (Best @ 25: {{0.827}}, 0.846, 0.810, 0.619)
--------------------------------------------------------------------------------------------------------------------------
Epoch 26/50
Training one epoch in 7.639 s
[DEV]   QWK:  0.813, PRS: 0.818, SPR: 0.813, RMSE: 0.577, (Best @ 26: {{0.813}}, 0.818, 0.813, 0.577)
[TEST]  QWK:  0.815, PRS: 0.822, SPR: 0.786, RMSE: 0.615 (Best @ 26: {{0.815}}, 0.822, 0.786, 0.615)
--------------------------------------------------------------------------------------------------------------------------
Epoch 27/50
Training one epoch in 7.664 s
[DEV]   QWK:  0.754, PRS: 0.785, SPR: 0.794, RMSE: 0.630, (Best @ 26: {{0.813}}, 0.818, 0.813, 0.577)
[TEST]  QWK:  0.758, PRS: 0.786, SPR: 0.761, RMSE: 0.667 (Best @ 26: {{0.815}}, 0.822, 0.786, 0.615)
--------------------------------------------------------------------------------------------------------------------------
Epoch 28/50
Training one epoch in 7.649 s
[DEV]   QWK:  0.783, PRS: 0.793, SPR: 0.797, RMSE: 0.596, (Best @ 26: {{0.813}}, 0.818, 0.813, 0.577)
[TEST]  QWK:  0.797, PRS: 0.810, SPR: 0.769, RMSE: 0.628 (Best @ 26: {{0.815}}, 0.822, 0.786, 0.615)
--------------------------------------------------------------------------------------------------------------------------
Epoch 29/50
Training one epoch in 7.658 s
[DEV]   QWK:  0.816, PRS: 0.816, SPR: 0.807, RMSE: 0.575, (Best @ 29: {{0.816}}, 0.816, 0.807, 0.575)
[TEST]  QWK:  0.828, PRS: 0.838, SPR: 0.805, RMSE: 0.601 (Best @ 29: {{0.828}}, 0.838, 0.805, 0.601)
--------------------------------------------------------------------------------------------------------------------------
Epoch 30/50
Training one epoch in 7.640 s
[DEV]   QWK:  0.775, PRS: 0.784, SPR: 0.776, RMSE: 0.626, (Best @ 29: {{0.816}}, 0.816, 0.807, 0.575)
[TEST]  QWK:  0.826, PRS: 0.849, SPR: 0.821, RMSE: 0.601 (Best @ 29: {{0.828}}, 0.838, 0.805, 0.601)
--------------------------------------------------------------------------------------------------------------------------
Epoch 31/50
Training one epoch in 7.650 s
[DEV]   QWK:  0.790, PRS: 0.809, SPR: 0.800, RMSE: 0.608, (Best @ 29: {{0.816}}, 0.816, 0.807, 0.575)
[TEST]  QWK:  0.799, PRS: 0.813, SPR: 0.776, RMSE: 0.624 (Best @ 29: {{0.828}}, 0.838, 0.805, 0.601)
--------------------------------------------------------------------------------------------------------------------------
Epoch 32/50
Training one epoch in 7.650 s
[DEV]   QWK:  0.768, PRS: 0.787, SPR: 0.792, RMSE: 0.612, (Best @ 29: {{0.816}}, 0.816, 0.807, 0.575)
[TEST]  QWK:  0.791, PRS: 0.809, SPR: 0.777, RMSE: 0.628 (Best @ 29: {{0.828}}, 0.838, 0.805, 0.601)
--------------------------------------------------------------------------------------------------------------------------
Epoch 33/50
Training one epoch in 7.677 s
[DEV]   QWK:  0.782, PRS: 0.789, SPR: 0.788, RMSE: 0.596, (Best @ 29: {{0.816}}, 0.816, 0.807, 0.575)
[TEST]  QWK:  0.785, PRS: 0.805, SPR: 0.755, RMSE: 0.641 (Best @ 29: {{0.828}}, 0.838, 0.805, 0.601)
--------------------------------------------------------------------------------------------------------------------------
Epoch 34/50
Training one epoch in 7.659 s
[DEV]   QWK:  0.798, PRS: 0.799, SPR: 0.793, RMSE: 0.594, (Best @ 29: {{0.816}}, 0.816, 0.807, 0.575)
[TEST]  QWK:  0.810, PRS: 0.826, SPR: 0.780, RMSE: 0.624 (Best @ 29: {{0.828}}, 0.838, 0.805, 0.601)
--------------------------------------------------------------------------------------------------------------------------
Epoch 35/50
Training one epoch in 7.668 s
[DEV]   QWK:  0.804, PRS: 0.808, SPR: 0.800, RMSE: 0.608, (Best @ 29: {{0.816}}, 0.816, 0.807, 0.575)
[TEST]  QWK:  0.810, PRS: 0.816, SPR: 0.775, RMSE: 0.628 (Best @ 29: {{0.828}}, 0.838, 0.805, 0.601)
--------------------------------------------------------------------------------------------------------------------------
Epoch 36/50
Training one epoch in 7.691 s
[DEV]   QWK:  0.816, PRS: 0.816, SPR: 0.806, RMSE: 0.589, (Best @ 29: {{0.816}}, 0.816, 0.807, 0.575)
[TEST]  QWK:  0.833, PRS: 0.843, SPR: 0.809, RMSE: 0.596 (Best @ 29: {{0.828}}, 0.838, 0.805, 0.601)
--------------------------------------------------------------------------------------------------------------------------
Epoch 37/50
Training one epoch in 7.658 s
[DEV]   QWK:  0.748, PRS: 0.792, SPR: 0.776, RMSE: 0.693, (Best @ 29: {{0.816}}, 0.816, 0.807, 0.575)
[TEST]  QWK:  0.780, PRS: 0.849, SPR: 0.815, RMSE: 0.695 (Best @ 29: {{0.828}}, 0.838, 0.805, 0.601)
--------------------------------------------------------------------------------------------------------------------------
Epoch 38/50
Training one epoch in 7.668 s
[DEV]   QWK:  0.796, PRS: 0.797, SPR: 0.785, RMSE: 0.630, (Best @ 29: {{0.816}}, 0.816, 0.807, 0.575)
[TEST]  QWK:  0.814, PRS: 0.824, SPR: 0.791, RMSE: 0.632 (Best @ 29: {{0.828}}, 0.838, 0.805, 0.601)
--------------------------------------------------------------------------------------------------------------------------
Epoch 39/50
Training one epoch in 7.679 s
[DEV]   QWK:  0.791, PRS: 0.798, SPR: 0.799, RMSE: 0.599, (Best @ 29: {{0.816}}, 0.816, 0.807, 0.575)
[TEST]  QWK:  0.801, PRS: 0.810, SPR: 0.768, RMSE: 0.628 (Best @ 29: {{0.828}}, 0.838, 0.805, 0.601)
--------------------------------------------------------------------------------------------------------------------------
Epoch 40/50
Training one epoch in 7.662 s
[DEV]   QWK:  0.794, PRS: 0.800, SPR: 0.791, RMSE: 0.621, (Best @ 29: {{0.816}}, 0.816, 0.807, 0.575)
[TEST]  QWK:  0.799, PRS: 0.806, SPR: 0.765, RMSE: 0.637 (Best @ 29: {{0.828}}, 0.838, 0.805, 0.601)
--------------------------------------------------------------------------------------------------------------------------
Epoch 41/50
Training one epoch in 7.665 s
[DEV]   QWK:  0.799, PRS: 0.800, SPR: 0.784, RMSE: 0.601, (Best @ 29: {{0.816}}, 0.816, 0.807, 0.575)
[TEST]  QWK:  0.824, PRS: 0.837, SPR: 0.801, RMSE: 0.615 (Best @ 29: {{0.828}}, 0.838, 0.805, 0.601)
--------------------------------------------------------------------------------------------------------------------------
Epoch 42/50
Training one epoch in 7.660 s
[DEV]   QWK:  0.805, PRS: 0.805, SPR: 0.789, RMSE: 0.596, (Best @ 29: {{0.816}}, 0.816, 0.807, 0.575)
[TEST]  QWK:  0.821, PRS: 0.834, SPR: 0.795, RMSE: 0.615 (Best @ 29: {{0.828}}, 0.838, 0.805, 0.601)
--------------------------------------------------------------------------------------------------------------------------
Epoch 43/50
Training one epoch in 7.682 s
[DEV]   QWK:  0.805, PRS: 0.805, SPR: 0.795, RMSE: 0.606, (Best @ 29: {{0.816}}, 0.816, 0.807, 0.575)
[TEST]  QWK:  0.820, PRS: 0.831, SPR: 0.794, RMSE: 0.619 (Best @ 29: {{0.828}}, 0.838, 0.805, 0.601)
--------------------------------------------------------------------------------------------------------------------------
Epoch 44/50
Training one epoch in 7.670 s
[DEV]   QWK:  0.787, PRS: 0.796, SPR: 0.773, RMSE: 0.635, (Best @ 29: {{0.816}}, 0.816, 0.807, 0.575)
[TEST]  QWK:  0.800, PRS: 0.839, SPR: 0.808, RMSE: 0.658 (Best @ 29: {{0.828}}, 0.838, 0.805, 0.601)
--------------------------------------------------------------------------------------------------------------------------
Epoch 45/50
Training one epoch in 7.655 s
[DEV]   QWK:  0.783, PRS: 0.789, SPR: 0.792, RMSE: 0.603, (Best @ 29: {{0.816}}, 0.816, 0.807, 0.575)
[TEST]  QWK:  0.808, PRS: 0.822, SPR: 0.789, RMSE: 0.610 (Best @ 29: {{0.828}}, 0.838, 0.805, 0.601)
--------------------------------------------------------------------------------------------------------------------------
Epoch 46/50
Training one epoch in 7.675 s
[DEV]   QWK:  0.803, PRS: 0.804, SPR: 0.784, RMSE: 0.594, (Best @ 29: {{0.816}}, 0.816, 0.807, 0.575)
[TEST]  QWK:  0.800, PRS: 0.810, SPR: 0.772, RMSE: 0.637 (Best @ 29: {{0.828}}, 0.838, 0.805, 0.601)
--------------------------------------------------------------------------------------------------------------------------
Epoch 47/50
Training one epoch in 7.688 s
[DEV]   QWK:  0.802, PRS: 0.803, SPR: 0.786, RMSE: 0.612, (Best @ 29: {{0.816}}, 0.816, 0.807, 0.575)
[TEST]  QWK:  0.828, PRS: 0.838, SPR: 0.802, RMSE: 0.610 (Best @ 29: {{0.828}}, 0.838, 0.805, 0.601)
--------------------------------------------------------------------------------------------------------------------------
Epoch 48/50
Training one epoch in 7.669 s
[DEV]   QWK:  0.775, PRS: 0.783, SPR: 0.792, RMSE: 0.624, (Best @ 29: {{0.816}}, 0.816, 0.807, 0.575)
[TEST]  QWK:  0.802, PRS: 0.811, SPR: 0.769, RMSE: 0.628 (Best @ 29: {{0.828}}, 0.838, 0.805, 0.601)
--------------------------------------------------------------------------------------------------------------------------
Epoch 49/50
Training one epoch in 7.639 s
[DEV]   QWK:  0.799, PRS: 0.801, SPR: 0.790, RMSE: 0.592, (Best @ 29: {{0.816}}, 0.816, 0.807, 0.575)
[TEST]  QWK:  0.814, PRS: 0.823, SPR: 0.779, RMSE: 0.615 (Best @ 29: {{0.828}}, 0.838, 0.805, 0.601)
--------------------------------------------------------------------------------------------------------------------------
Epoch 50/50
Training one epoch in 7.656 s
[DEV]   QWK:  0.802, PRS: 0.802, SPR: 0.786, RMSE: 0.612, (Best @ 29: {{0.816}}, 0.816, 0.807, 0.575)
[TEST]  QWK:  0.800, PRS: 0.809, SPR: 0.769, RMSE: 0.658 (Best @ 29: {{0.828}}, 0.838, 0.805, 0.601)
--------------------------------------------------------------------------------------------------------------------------
