X_train shape: (1209, 1100)
Initial evaluation: 
[DEV]   QWK:  -0.525, PRS: -0.628, SPR: -0.626, RMSE: 1.213, (Best @ -1: {{-0.525}}, -0.628, -0.626, 1.213)
[TEST]  QWK:  -0.416, PRS: -0.546, SPR: -0.550, RMSE: 1.218 (Best @ -1: {{-0.416}}, -0.546, -0.550, 1.218)
--------------------------------------------------------------------------------------------------------------------------
Train model
Epoch 1/50
Training one epoch in 10.041 s
[DEV]   QWK:  0.621, PRS: 0.678, SPR: 0.690, RMSE: 0.637, (Best @ 1: {{0.621}}, 0.678, 0.690, 0.637)
[TEST]  QWK:  0.507, PRS: 0.572, SPR: 0.569, RMSE: 0.690 (Best @ 1: {{0.507}}, 0.572, 0.569, 0.690)
--------------------------------------------------------------------------------------------------------------------------
Epoch 2/50
Training one epoch in 7.575 s
[DEV]   QWK:  0.616, PRS: 0.643, SPR: 0.638, RMSE: 0.664, (Best @ 1: {{0.621}}, 0.678, 0.690, 0.637)
[TEST]  QWK:  0.595, PRS: 0.632, SPR: 0.625, RMSE: 0.638 (Best @ 1: {{0.507}}, 0.572, 0.569, 0.690)
--------------------------------------------------------------------------------------------------------------------------
Epoch 3/50
Training one epoch in 7.593 s
[DEV]   QWK:  0.648, PRS: 0.695, SPR: 0.699, RMSE: 0.704, (Best @ 3: {{0.648}}, 0.695, 0.699, 0.704)
[TEST]  QWK:  0.522, PRS: 0.579, SPR: 0.569, RMSE: 0.781 (Best @ 3: {{0.522}}, 0.579, 0.569, 0.781)
--------------------------------------------------------------------------------------------------------------------------
Epoch 4/50
Training one epoch in 7.575 s
[DEV]   QWK:  0.605, PRS: 0.652, SPR: 0.663, RMSE: 0.642, (Best @ 3: {{0.648}}, 0.695, 0.699, 0.704)
[TEST]  QWK:  0.492, PRS: 0.556, SPR: 0.550, RMSE: 0.682 (Best @ 3: {{0.522}}, 0.579, 0.569, 0.781)
--------------------------------------------------------------------------------------------------------------------------
Epoch 5/50
Training one epoch in 7.546 s
[DEV]   QWK:  0.673, PRS: 0.696, SPR: 0.709, RMSE: 0.619, (Best @ 5: {{0.673}}, 0.696, 0.709, 0.619)
[TEST]  QWK:  0.547, PRS: 0.579, SPR: 0.584, RMSE: 0.690 (Best @ 5: {{0.547}}, 0.579, 0.584, 0.690)
--------------------------------------------------------------------------------------------------------------------------
Epoch 6/50
Training one epoch in 7.559 s
[DEV]   QWK:  0.629, PRS: 0.689, SPR: 0.705, RMSE: 0.648, (Best @ 5: {{0.673}}, 0.696, 0.709, 0.619)
[TEST]  QWK:  0.485, PRS: 0.560, SPR: 0.566, RMSE: 0.731 (Best @ 5: {{0.547}}, 0.579, 0.584, 0.690)
--------------------------------------------------------------------------------------------------------------------------
Epoch 7/50
Training one epoch in 7.574 s
[DEV]   QWK:  0.684, PRS: 0.693, SPR: 0.702, RMSE: 0.614, (Best @ 7: {{0.684}}, 0.693, 0.702, 0.614)
[TEST]  QWK:  0.611, PRS: 0.625, SPR: 0.623, RMSE: 0.647 (Best @ 7: {{0.611}}, 0.625, 0.623, 0.647)
--------------------------------------------------------------------------------------------------------------------------
Epoch 8/50
Training one epoch in 7.574 s
[DEV]   QWK:  0.709, PRS: 0.710, SPR: 0.723, RMSE: 0.614, (Best @ 8: {{0.709}}, 0.710, 0.723, 0.614)
[TEST]  QWK:  0.652, PRS: 0.654, SPR: 0.656, RMSE: 0.651 (Best @ 8: {{0.652}}, 0.654, 0.656, 0.651)
--------------------------------------------------------------------------------------------------------------------------
Epoch 9/50
Training one epoch in 7.586 s
[DEV]   QWK:  0.690, PRS: 0.694, SPR: 0.701, RMSE: 0.621, (Best @ 8: {{0.709}}, 0.710, 0.723, 0.614)
[TEST]  QWK:  0.627, PRS: 0.637, SPR: 0.636, RMSE: 0.642 (Best @ 8: {{0.652}}, 0.654, 0.656, 0.651)
--------------------------------------------------------------------------------------------------------------------------
Epoch 10/50
Training one epoch in 7.578 s
[DEV]   QWK:  0.697, PRS: 0.700, SPR: 0.709, RMSE: 0.621, (Best @ 8: {{0.709}}, 0.710, 0.723, 0.614)
[TEST]  QWK:  0.630, PRS: 0.635, SPR: 0.634, RMSE: 0.656 (Best @ 8: {{0.652}}, 0.654, 0.656, 0.651)
--------------------------------------------------------------------------------------------------------------------------
Epoch 11/50
Training one epoch in 7.589 s
[DEV]   QWK:  0.704, PRS: 0.709, SPR: 0.719, RMSE: 0.607, (Best @ 8: {{0.709}}, 0.710, 0.723, 0.614)
[TEST]  QWK:  0.626, PRS: 0.635, SPR: 0.636, RMSE: 0.647 (Best @ 8: {{0.652}}, 0.654, 0.656, 0.651)
--------------------------------------------------------------------------------------------------------------------------
Epoch 12/50
Training one epoch in 7.626 s
[DEV]   QWK:  0.657, PRS: 0.667, SPR: 0.670, RMSE: 0.642, (Best @ 8: {{0.709}}, 0.710, 0.723, 0.614)
[TEST]  QWK:  0.581, PRS: 0.595, SPR: 0.590, RMSE: 0.673 (Best @ 8: {{0.652}}, 0.654, 0.656, 0.651)
--------------------------------------------------------------------------------------------------------------------------
Epoch 13/50
Training one epoch in 7.602 s
[DEV]   QWK:  0.693, PRS: 0.699, SPR: 0.707, RMSE: 0.632, (Best @ 8: {{0.709}}, 0.710, 0.723, 0.614)
[TEST]  QWK:  0.642, PRS: 0.653, SPR: 0.652, RMSE: 0.651 (Best @ 8: {{0.652}}, 0.654, 0.656, 0.651)
--------------------------------------------------------------------------------------------------------------------------
Epoch 14/50
Training one epoch in 7.617 s
[DEV]   QWK:  0.707, PRS: 0.717, SPR: 0.727, RMSE: 0.597, (Best @ 8: {{0.709}}, 0.710, 0.723, 0.614)
[TEST]  QWK:  0.587, PRS: 0.602, SPR: 0.609, RMSE: 0.686 (Best @ 8: {{0.652}}, 0.654, 0.656, 0.651)
--------------------------------------------------------------------------------------------------------------------------
Epoch 15/50
Training one epoch in 7.611 s
[DEV]   QWK:  0.676, PRS: 0.706, SPR: 0.710, RMSE: 0.672, (Best @ 8: {{0.709}}, 0.710, 0.723, 0.614)
[TEST]  QWK:  0.584, PRS: 0.610, SPR: 0.608, RMSE: 0.731 (Best @ 8: {{0.652}}, 0.654, 0.656, 0.651)
--------------------------------------------------------------------------------------------------------------------------
Epoch 16/50
Training one epoch in 7.592 s
[DEV]   QWK:  0.595, PRS: 0.665, SPR: 0.685, RMSE: 0.689, (Best @ 8: {{0.709}}, 0.710, 0.723, 0.614)
[TEST]  QWK:  0.494, PRS: 0.560, SPR: 0.573, RMSE: 0.792 (Best @ 8: {{0.652}}, 0.654, 0.656, 0.651)
--------------------------------------------------------------------------------------------------------------------------
Epoch 17/50
Training one epoch in 7.608 s
[DEV]   QWK:  0.715, PRS: 0.720, SPR: 0.722, RMSE: 0.611, (Best @ 17: {{0.715}}, 0.720, 0.722, 0.611)
[TEST]  QWK:  0.643, PRS: 0.653, SPR: 0.653, RMSE: 0.656 (Best @ 17: {{0.643}}, 0.653, 0.653, 0.656)
--------------------------------------------------------------------------------------------------------------------------
Epoch 18/50
Training one epoch in 7.578 s
[DEV]   QWK:  0.734, PRS: 0.736, SPR: 0.744, RMSE: 0.587, (Best @ 18: {{0.734}}, 0.736, 0.744, 0.587)
[TEST]  QWK:  0.641, PRS: 0.644, SPR: 0.645, RMSE: 0.660 (Best @ 18: {{0.641}}, 0.644, 0.645, 0.660)
--------------------------------------------------------------------------------------------------------------------------
Epoch 19/50
Training one epoch in 7.602 s
[DEV]   QWK:  0.720, PRS: 0.726, SPR: 0.727, RMSE: 0.609, (Best @ 18: {{0.734}}, 0.736, 0.744, 0.587)
[TEST]  QWK:  0.630, PRS: 0.639, SPR: 0.638, RMSE: 0.669 (Best @ 18: {{0.641}}, 0.644, 0.645, 0.660)
--------------------------------------------------------------------------------------------------------------------------
Epoch 20/50
Training one epoch in 7.587 s
[DEV]   QWK:  0.719, PRS: 0.722, SPR: 0.727, RMSE: 0.604, (Best @ 18: {{0.734}}, 0.736, 0.744, 0.587)
[TEST]  QWK:  0.639, PRS: 0.646, SPR: 0.646, RMSE: 0.656 (Best @ 18: {{0.641}}, 0.644, 0.645, 0.660)
--------------------------------------------------------------------------------------------------------------------------
Epoch 21/50
Training one epoch in 7.605 s
[DEV]   QWK:  0.659, PRS: 0.672, SPR: 0.671, RMSE: 0.632, (Best @ 18: {{0.734}}, 0.736, 0.744, 0.587)
[TEST]  QWK:  0.588, PRS: 0.602, SPR: 0.597, RMSE: 0.669 (Best @ 18: {{0.641}}, 0.644, 0.645, 0.660)
--------------------------------------------------------------------------------------------------------------------------
Epoch 22/50
Training one epoch in 7.588 s
[DEV]   QWK:  0.722, PRS: 0.725, SPR: 0.732, RMSE: 0.595, (Best @ 18: {{0.734}}, 0.736, 0.744, 0.587)
[TEST]  QWK:  0.603, PRS: 0.605, SPR: 0.604, RMSE: 0.699 (Best @ 18: {{0.641}}, 0.644, 0.645, 0.660)
--------------------------------------------------------------------------------------------------------------------------
Epoch 23/50
Training one epoch in 7.595 s
[DEV]   QWK:  0.693, PRS: 0.693, SPR: 0.701, RMSE: 0.655, (Best @ 18: {{0.734}}, 0.736, 0.744, 0.587)
[TEST]  QWK:  0.612, PRS: 0.615, SPR: 0.617, RMSE: 0.739 (Best @ 18: {{0.641}}, 0.644, 0.645, 0.660)
--------------------------------------------------------------------------------------------------------------------------
Epoch 24/50
Training one epoch in 7.592 s
[DEV]   QWK:  0.659, PRS: 0.678, SPR: 0.692, RMSE: 0.653, (Best @ 18: {{0.734}}, 0.736, 0.744, 0.587)
[TEST]  QWK:  0.541, PRS: 0.564, SPR: 0.577, RMSE: 0.762 (Best @ 18: {{0.641}}, 0.644, 0.645, 0.660)
--------------------------------------------------------------------------------------------------------------------------
Epoch 25/50
Training one epoch in 7.603 s
[DEV]   QWK:  0.705, PRS: 0.712, SPR: 0.713, RMSE: 0.621, (Best @ 18: {{0.734}}, 0.736, 0.744, 0.587)
[TEST]  QWK:  0.621, PRS: 0.628, SPR: 0.628, RMSE: 0.682 (Best @ 18: {{0.641}}, 0.644, 0.645, 0.660)
--------------------------------------------------------------------------------------------------------------------------
Epoch 26/50
Training one epoch in 7.603 s
[DEV]   QWK:  0.708, PRS: 0.714, SPR: 0.714, RMSE: 0.623, (Best @ 18: {{0.734}}, 0.736, 0.744, 0.587)
[TEST]  QWK:  0.624, PRS: 0.631, SPR: 0.631, RMSE: 0.682 (Best @ 18: {{0.641}}, 0.644, 0.645, 0.660)
--------------------------------------------------------------------------------------------------------------------------
Epoch 27/50
Training one epoch in 7.610 s
[DEV]   QWK:  0.695, PRS: 0.709, SPR: 0.711, RMSE: 0.639, (Best @ 18: {{0.734}}, 0.736, 0.744, 0.587)
[TEST]  QWK:  0.595, PRS: 0.616, SPR: 0.616, RMSE: 0.695 (Best @ 18: {{0.641}}, 0.644, 0.645, 0.660)
--------------------------------------------------------------------------------------------------------------------------
Epoch 28/50
Training one epoch in 7.601 s
[DEV]   QWK:  0.694, PRS: 0.697, SPR: 0.703, RMSE: 0.630, (Best @ 18: {{0.734}}, 0.736, 0.744, 0.587)
[TEST]  QWK:  0.603, PRS: 0.605, SPR: 0.605, RMSE: 0.699 (Best @ 18: {{0.641}}, 0.644, 0.645, 0.660)
--------------------------------------------------------------------------------------------------------------------------
Epoch 29/50
Training one epoch in 7.586 s
[DEV]   QWK:  0.696, PRS: 0.698, SPR: 0.704, RMSE: 0.630, (Best @ 18: {{0.734}}, 0.736, 0.744, 0.587)
[TEST]  QWK:  0.618, PRS: 0.620, SPR: 0.621, RMSE: 0.695 (Best @ 18: {{0.641}}, 0.644, 0.645, 0.660)
--------------------------------------------------------------------------------------------------------------------------
Epoch 30/50
Training one epoch in 7.595 s
[DEV]   QWK:  0.685, PRS: 0.704, SPR: 0.715, RMSE: 0.614, (Best @ 18: {{0.734}}, 0.736, 0.744, 0.587)
[TEST]  QWK:  0.566, PRS: 0.591, SPR: 0.600, RMSE: 0.707 (Best @ 18: {{0.641}}, 0.644, 0.645, 0.660)
--------------------------------------------------------------------------------------------------------------------------
Epoch 31/50
Training one epoch in 7.628 s
[DEV]   QWK:  0.679, PRS: 0.683, SPR: 0.688, RMSE: 0.632, (Best @ 18: {{0.734}}, 0.736, 0.744, 0.587)
[TEST]  QWK:  0.547, PRS: 0.551, SPR: 0.547, RMSE: 0.727 (Best @ 18: {{0.641}}, 0.644, 0.645, 0.660)
--------------------------------------------------------------------------------------------------------------------------
Epoch 32/50
Training one epoch in 7.590 s
[DEV]   QWK:  0.675, PRS: 0.686, SPR: 0.697, RMSE: 0.626, (Best @ 18: {{0.734}}, 0.736, 0.744, 0.587)
[TEST]  QWK:  0.561, PRS: 0.572, SPR: 0.578, RMSE: 0.723 (Best @ 18: {{0.641}}, 0.644, 0.645, 0.660)
--------------------------------------------------------------------------------------------------------------------------
Epoch 33/50
Training one epoch in 7.620 s
[DEV]   QWK:  0.707, PRS: 0.713, SPR: 0.715, RMSE: 0.632, (Best @ 18: {{0.734}}, 0.736, 0.744, 0.587)
[TEST]  QWK:  0.581, PRS: 0.584, SPR: 0.583, RMSE: 0.723 (Best @ 18: {{0.641}}, 0.644, 0.645, 0.660)
--------------------------------------------------------------------------------------------------------------------------
Epoch 34/50
Training one epoch in 7.626 s
[DEV]   QWK:  0.666, PRS: 0.674, SPR: 0.679, RMSE: 0.637, (Best @ 18: {{0.734}}, 0.736, 0.744, 0.587)
[TEST]  QWK:  0.544, PRS: 0.553, SPR: 0.552, RMSE: 0.731 (Best @ 18: {{0.641}}, 0.644, 0.645, 0.660)
--------------------------------------------------------------------------------------------------------------------------
Epoch 35/50
Training one epoch in 7.629 s
[DEV]   QWK:  0.691, PRS: 0.704, SPR: 0.706, RMSE: 0.651, (Best @ 18: {{0.734}}, 0.736, 0.744, 0.587)
[TEST]  QWK:  0.567, PRS: 0.585, SPR: 0.582, RMSE: 0.723 (Best @ 18: {{0.641}}, 0.644, 0.645, 0.660)
--------------------------------------------------------------------------------------------------------------------------
Epoch 36/50
Training one epoch in 7.615 s
[DEV]   QWK:  0.606, PRS: 0.639, SPR: 0.661, RMSE: 0.683, (Best @ 18: {{0.734}}, 0.736, 0.744, 0.587)
[TEST]  QWK:  0.509, PRS: 0.537, SPR: 0.546, RMSE: 0.770 (Best @ 18: {{0.641}}, 0.644, 0.645, 0.660)
--------------------------------------------------------------------------------------------------------------------------
Epoch 37/50
Training one epoch in 7.641 s
[DEV]   QWK:  0.667, PRS: 0.677, SPR: 0.683, RMSE: 0.635, (Best @ 18: {{0.734}}, 0.736, 0.744, 0.587)
[TEST]  QWK:  0.563, PRS: 0.573, SPR: 0.577, RMSE: 0.715 (Best @ 18: {{0.641}}, 0.644, 0.645, 0.660)
--------------------------------------------------------------------------------------------------------------------------
Epoch 38/50
Training one epoch in 7.665 s
[DEV]   QWK:  0.629, PRS: 0.658, SPR: 0.665, RMSE: 0.664, (Best @ 18: {{0.734}}, 0.736, 0.744, 0.587)
[TEST]  QWK:  0.516, PRS: 0.540, SPR: 0.549, RMSE: 0.766 (Best @ 18: {{0.641}}, 0.644, 0.645, 0.660)
--------------------------------------------------------------------------------------------------------------------------
Epoch 39/50
Training one epoch in 7.651 s
[DEV]   QWK:  0.628, PRS: 0.633, SPR: 0.635, RMSE: 0.679, (Best @ 18: {{0.734}}, 0.736, 0.744, 0.587)
[TEST]  QWK:  0.519, PRS: 0.519, SPR: 0.517, RMSE: 0.774 (Best @ 18: {{0.641}}, 0.644, 0.645, 0.660)
--------------------------------------------------------------------------------------------------------------------------
Epoch 40/50
Training one epoch in 7.618 s
[DEV]   QWK:  0.640, PRS: 0.649, SPR: 0.664, RMSE: 0.664, (Best @ 18: {{0.734}}, 0.736, 0.744, 0.587)
[TEST]  QWK:  0.524, PRS: 0.536, SPR: 0.537, RMSE: 0.759 (Best @ 18: {{0.641}}, 0.644, 0.645, 0.660)
--------------------------------------------------------------------------------------------------------------------------
Epoch 41/50
Training one epoch in 7.637 s
[DEV]   QWK:  0.659, PRS: 0.670, SPR: 0.668, RMSE: 0.670, (Best @ 18: {{0.734}}, 0.736, 0.744, 0.587)
[TEST]  QWK:  0.579, PRS: 0.582, SPR: 0.582, RMSE: 0.731 (Best @ 18: {{0.641}}, 0.644, 0.645, 0.660)
--------------------------------------------------------------------------------------------------------------------------
Epoch 42/50
Training one epoch in 7.640 s
[DEV]   QWK:  0.674, PRS: 0.678, SPR: 0.681, RMSE: 0.639, (Best @ 18: {{0.734}}, 0.736, 0.744, 0.587)
[TEST]  QWK:  0.584, PRS: 0.586, SPR: 0.586, RMSE: 0.703 (Best @ 18: {{0.641}}, 0.644, 0.645, 0.660)
--------------------------------------------------------------------------------------------------------------------------
Epoch 43/50
Training one epoch in 7.628 s
[DEV]   QWK:  0.647, PRS: 0.654, SPR: 0.657, RMSE: 0.681, (Best @ 18: {{0.734}}, 0.736, 0.744, 0.587)
[TEST]  QWK:  0.537, PRS: 0.540, SPR: 0.537, RMSE: 0.743 (Best @ 18: {{0.641}}, 0.644, 0.645, 0.660)
--------------------------------------------------------------------------------------------------------------------------
Epoch 44/50
Training one epoch in 7.640 s
[DEV]   QWK:  0.652, PRS: 0.664, SPR: 0.663, RMSE: 0.675, (Best @ 18: {{0.734}}, 0.736, 0.744, 0.587)
[TEST]  QWK:  0.552, PRS: 0.564, SPR: 0.560, RMSE: 0.739 (Best @ 18: {{0.641}}, 0.644, 0.645, 0.660)
--------------------------------------------------------------------------------------------------------------------------
Epoch 45/50
Training one epoch in 7.614 s
[DEV]   QWK:  0.634, PRS: 0.653, SPR: 0.663, RMSE: 0.653, (Best @ 18: {{0.734}}, 0.736, 0.744, 0.587)
[TEST]  QWK:  0.502, PRS: 0.518, SPR: 0.523, RMSE: 0.762 (Best @ 18: {{0.641}}, 0.644, 0.645, 0.660)
--------------------------------------------------------------------------------------------------------------------------
Epoch 46/50
Training one epoch in 7.653 s
[DEV]   QWK:  0.662, PRS: 0.669, SPR: 0.672, RMSE: 0.639, (Best @ 18: {{0.734}}, 0.736, 0.744, 0.587)
[TEST]  QWK:  0.555, PRS: 0.559, SPR: 0.558, RMSE: 0.719 (Best @ 18: {{0.641}}, 0.644, 0.645, 0.660)
--------------------------------------------------------------------------------------------------------------------------
Epoch 47/50
Training one epoch in 7.618 s
[DEV]   QWK:  0.698, PRS: 0.699, SPR: 0.703, RMSE: 0.632, (Best @ 18: {{0.734}}, 0.736, 0.744, 0.587)
[TEST]  QWK:  0.597, PRS: 0.598, SPR: 0.600, RMSE: 0.711 (Best @ 18: {{0.641}}, 0.644, 0.645, 0.660)
--------------------------------------------------------------------------------------------------------------------------
Epoch 48/50
Training one epoch in 7.651 s
[DEV]   QWK:  0.651, PRS: 0.667, SPR: 0.665, RMSE: 0.672, (Best @ 18: {{0.734}}, 0.736, 0.744, 0.587)
[TEST]  QWK:  0.546, PRS: 0.567, SPR: 0.560, RMSE: 0.723 (Best @ 18: {{0.641}}, 0.644, 0.645, 0.660)
--------------------------------------------------------------------------------------------------------------------------
Epoch 49/50
Training one epoch in 7.612 s
[DEV]   QWK:  0.665, PRS: 0.674, SPR: 0.672, RMSE: 0.662, (Best @ 18: {{0.734}}, 0.736, 0.744, 0.587)
[TEST]  QWK:  0.546, PRS: 0.552, SPR: 0.548, RMSE: 0.731 (Best @ 18: {{0.641}}, 0.644, 0.645, 0.660)
--------------------------------------------------------------------------------------------------------------------------
Epoch 50/50
Training one epoch in 7.628 s
[DEV]   QWK:  0.624, PRS: 0.638, SPR: 0.645, RMSE: 0.692, (Best @ 18: {{0.734}}, 0.736, 0.744, 0.587)
[TEST]  QWK:  0.512, PRS: 0.526, SPR: 0.536, RMSE: 0.789 (Best @ 18: {{0.641}}, 0.644, 0.645, 0.660)
--------------------------------------------------------------------------------------------------------------------------
