X_train shape: (1264, 1150)
Initial evaluation: 
[DEV]   QWK:  0.000, PRS: 0.000, SPR: 0.000, RMSE: 1.042, (Best @ -1: {{0.000}}, 0.000, 0.000, 1.042)
[TEST]  QWK:  0.000, PRS: 0.000, SPR: 0.000, RMSE: 1.043 (Best @ -1: {{0.000}}, 0.000, 0.000, 1.043)
--------------------------------------------------------------------------------------------------------------------------
Train model
Epoch 1/50
Training one epoch in 11.508 s
[DEV]   QWK:  0.694, PRS: 0.788, SPR: 0.790, RMSE: 0.731, (Best @ 1: {{0.694}}, 0.788, 0.790, 0.731)
[TEST]  QWK:  0.698, PRS: 0.790, SPR: 0.784, RMSE: 0.707 (Best @ 1: {{0.698}}, 0.790, 0.784, 0.707)
--------------------------------------------------------------------------------------------------------------------------
Epoch 2/50
Training one epoch in 8.793 s
[DEV]   QWK:  0.749, PRS: 0.794, SPR: 0.805, RMSE: 0.627, (Best @ 2: {{0.749}}, 0.794, 0.805, 0.627)
[TEST]  QWK:  0.729, PRS: 0.777, SPR: 0.779, RMSE: 0.632 (Best @ 2: {{0.729}}, 0.777, 0.779, 0.632)
--------------------------------------------------------------------------------------------------------------------------
Epoch 3/50
Training one epoch in 8.801 s
[DEV]   QWK:  0.753, PRS: 0.819, SPR: 0.829, RMSE: 0.651, (Best @ 3: {{0.753}}, 0.819, 0.829, 0.651)
[TEST]  QWK:  0.716, PRS: 0.790, SPR: 0.796, RMSE: 0.662 (Best @ 3: {{0.716}}, 0.790, 0.796, 0.662)
--------------------------------------------------------------------------------------------------------------------------
Epoch 4/50
Training one epoch in 8.801 s
[DEV]   QWK:  0.777, PRS: 0.785, SPR: 0.794, RMSE: 0.607, (Best @ 4: {{0.777}}, 0.785, 0.794, 0.607)
[TEST]  QWK:  0.786, PRS: 0.793, SPR: 0.795, RMSE: 0.573 (Best @ 4: {{0.786}}, 0.793, 0.795, 0.573)
--------------------------------------------------------------------------------------------------------------------------
Epoch 5/50
Training one epoch in 8.812 s
[DEV]   QWK:  0.762, PRS: 0.785, SPR: 0.796, RMSE: 0.612, (Best @ 4: {{0.777}}, 0.785, 0.794, 0.607)
[TEST]  QWK:  0.744, PRS: 0.760, SPR: 0.764, RMSE: 0.615 (Best @ 4: {{0.786}}, 0.793, 0.795, 0.573)
--------------------------------------------------------------------------------------------------------------------------
Epoch 6/50
Training one epoch in 8.807 s
[DEV]   QWK:  0.744, PRS: 0.815, SPR: 0.825, RMSE: 0.655, (Best @ 4: {{0.777}}, 0.785, 0.794, 0.607)
[TEST]  QWK:  0.696, PRS: 0.784, SPR: 0.786, RMSE: 0.687 (Best @ 4: {{0.786}}, 0.793, 0.795, 0.573)
--------------------------------------------------------------------------------------------------------------------------
Epoch 7/50
Training one epoch in 8.815 s
[DEV]   QWK:  0.767, PRS: 0.807, SPR: 0.817, RMSE: 0.614, (Best @ 4: {{0.777}}, 0.785, 0.794, 0.607)
[TEST]  QWK:  0.763, PRS: 0.801, SPR: 0.801, RMSE: 0.601 (Best @ 4: {{0.786}}, 0.793, 0.795, 0.573)
--------------------------------------------------------------------------------------------------------------------------
Epoch 8/50
Training one epoch in 8.818 s
[DEV]   QWK:  0.790, PRS: 0.795, SPR: 0.801, RMSE: 0.598, (Best @ 8: {{0.790}}, 0.795, 0.801, 0.598)
[TEST]  QWK:  0.766, PRS: 0.771, SPR: 0.778, RMSE: 0.610 (Best @ 8: {{0.766}}, 0.771, 0.778, 0.610)
--------------------------------------------------------------------------------------------------------------------------
Epoch 9/50
Training one epoch in 8.801 s
[DEV]   QWK:  0.782, PRS: 0.791, SPR: 0.795, RMSE: 0.595, (Best @ 8: {{0.790}}, 0.795, 0.801, 0.598)
[TEST]  QWK:  0.783, PRS: 0.788, SPR: 0.786, RMSE: 0.573 (Best @ 8: {{0.766}}, 0.771, 0.778, 0.610)
--------------------------------------------------------------------------------------------------------------------------
Epoch 10/50
Training one epoch in 8.792 s
[DEV]   QWK:  0.787, PRS: 0.790, SPR: 0.792, RMSE: 0.607, (Best @ 8: {{0.790}}, 0.795, 0.801, 0.598)
[TEST]  QWK:  0.796, PRS: 0.797, SPR: 0.803, RMSE: 0.577 (Best @ 8: {{0.766}}, 0.771, 0.778, 0.610)
--------------------------------------------------------------------------------------------------------------------------
Epoch 11/50
Training one epoch in 8.823 s
[DEV]   QWK:  0.773, PRS: 0.801, SPR: 0.814, RMSE: 0.600, (Best @ 8: {{0.790}}, 0.795, 0.801, 0.598)
[TEST]  QWK:  0.772, PRS: 0.800, SPR: 0.811, RMSE: 0.582 (Best @ 8: {{0.766}}, 0.771, 0.778, 0.610)
--------------------------------------------------------------------------------------------------------------------------
Epoch 12/50
Training one epoch in 8.805 s
[DEV]   QWK:  0.751, PRS: 0.771, SPR: 0.778, RMSE: 0.616, (Best @ 8: {{0.790}}, 0.795, 0.801, 0.598)
[TEST]  QWK:  0.754, PRS: 0.766, SPR: 0.780, RMSE: 0.592 (Best @ 8: {{0.766}}, 0.771, 0.778, 0.610)
--------------------------------------------------------------------------------------------------------------------------
Epoch 13/50
Training one epoch in 8.804 s
[DEV]   QWK:  0.787, PRS: 0.796, SPR: 0.799, RMSE: 0.588, (Best @ 8: {{0.790}}, 0.795, 0.801, 0.598)
[TEST]  QWK:  0.781, PRS: 0.787, SPR: 0.788, RMSE: 0.573 (Best @ 8: {{0.766}}, 0.771, 0.778, 0.610)
--------------------------------------------------------------------------------------------------------------------------
Epoch 14/50
Training one epoch in 8.812 s
[DEV]   QWK:  0.783, PRS: 0.787, SPR: 0.789, RMSE: 0.616, (Best @ 8: {{0.790}}, 0.795, 0.801, 0.598)
[TEST]  QWK:  0.806, PRS: 0.809, SPR: 0.809, RMSE: 0.563 (Best @ 8: {{0.766}}, 0.771, 0.778, 0.610)
--------------------------------------------------------------------------------------------------------------------------
Epoch 15/50
Training one epoch in 8.808 s
[DEV]   QWK:  0.806, PRS: 0.810, SPR: 0.819, RMSE: 0.579, (Best @ 15: {{0.806}}, 0.810, 0.819, 0.579)
[TEST]  QWK:  0.792, PRS: 0.795, SPR: 0.801, RMSE: 0.573 (Best @ 15: {{0.792}}, 0.795, 0.801, 0.573)
--------------------------------------------------------------------------------------------------------------------------
Epoch 16/50
Training one epoch in 8.828 s
[DEV]   QWK:  0.805, PRS: 0.809, SPR: 0.816, RMSE: 0.584, (Best @ 15: {{0.806}}, 0.810, 0.819, 0.579)
[TEST]  QWK:  0.791, PRS: 0.792, SPR: 0.800, RMSE: 0.582 (Best @ 15: {{0.792}}, 0.795, 0.801, 0.573)
--------------------------------------------------------------------------------------------------------------------------
Epoch 17/50
Training one epoch in 8.786 s
[DEV]   QWK:  0.798, PRS: 0.806, SPR: 0.816, RMSE: 0.581, (Best @ 15: {{0.806}}, 0.810, 0.819, 0.579)
[TEST]  QWK:  0.788, PRS: 0.795, SPR: 0.805, RMSE: 0.573 (Best @ 15: {{0.792}}, 0.795, 0.801, 0.573)
--------------------------------------------------------------------------------------------------------------------------
Epoch 18/50
Training one epoch in 8.828 s
[DEV]   QWK:  0.778, PRS: 0.788, SPR: 0.801, RMSE: 0.605, (Best @ 15: {{0.806}}, 0.810, 0.819, 0.579)
[TEST]  QWK:  0.770, PRS: 0.776, SPR: 0.777, RMSE: 0.596 (Best @ 15: {{0.792}}, 0.795, 0.801, 0.573)
--------------------------------------------------------------------------------------------------------------------------
Epoch 19/50
Training one epoch in 8.813 s
[DEV]   QWK:  0.815, PRS: 0.816, SPR: 0.819, RMSE: 0.595, (Best @ 19: {{0.815}}, 0.816, 0.819, 0.595)
[TEST]  QWK:  0.809, PRS: 0.812, SPR: 0.812, RMSE: 0.577 (Best @ 19: {{0.809}}, 0.812, 0.812, 0.577)
--------------------------------------------------------------------------------------------------------------------------
Epoch 20/50
Training one epoch in 8.814 s
[DEV]   QWK:  0.801, PRS: 0.806, SPR: 0.813, RMSE: 0.579, (Best @ 19: {{0.815}}, 0.816, 0.819, 0.595)
[TEST]  QWK:  0.791, PRS: 0.793, SPR: 0.797, RMSE: 0.573 (Best @ 19: {{0.809}}, 0.812, 0.812, 0.577)
--------------------------------------------------------------------------------------------------------------------------
Epoch 21/50
Training one epoch in 8.812 s
[DEV]   QWK:  0.818, PRS: 0.818, SPR: 0.821, RMSE: 0.586, (Best @ 21: {{0.818}}, 0.818, 0.821, 0.586)
[TEST]  QWK:  0.810, PRS: 0.811, SPR: 0.816, RMSE: 0.573 (Best @ 21: {{0.810}}, 0.811, 0.816, 0.573)
--------------------------------------------------------------------------------------------------------------------------
Epoch 22/50
Training one epoch in 8.807 s
[DEV]   QWK:  0.786, PRS: 0.802, SPR: 0.804, RMSE: 0.623, (Best @ 21: {{0.818}}, 0.818, 0.821, 0.586)
[TEST]  QWK:  0.796, PRS: 0.811, SPR: 0.819, RMSE: 0.587 (Best @ 21: {{0.810}}, 0.811, 0.816, 0.573)
--------------------------------------------------------------------------------------------------------------------------
Epoch 23/50
Training one epoch in 8.816 s
[DEV]   QWK:  0.798, PRS: 0.815, SPR: 0.829, RMSE: 0.591, (Best @ 21: {{0.818}}, 0.818, 0.821, 0.586)
[TEST]  QWK:  0.795, PRS: 0.805, SPR: 0.813, RMSE: 0.573 (Best @ 21: {{0.810}}, 0.811, 0.816, 0.573)
--------------------------------------------------------------------------------------------------------------------------
Epoch 24/50
Training one epoch in 8.795 s
[DEV]   QWK:  0.816, PRS: 0.818, SPR: 0.826, RMSE: 0.574, (Best @ 21: {{0.818}}, 0.818, 0.821, 0.586)
[TEST]  QWK:  0.794, PRS: 0.795, SPR: 0.795, RMSE: 0.592 (Best @ 21: {{0.810}}, 0.811, 0.816, 0.573)
--------------------------------------------------------------------------------------------------------------------------
Epoch 25/50
Training one epoch in 8.793 s
[DEV]   QWK:  0.791, PRS: 0.813, SPR: 0.826, RMSE: 0.586, (Best @ 21: {{0.818}}, 0.818, 0.821, 0.586)
[TEST]  QWK:  0.765, PRS: 0.788, SPR: 0.795, RMSE: 0.596 (Best @ 21: {{0.810}}, 0.811, 0.816, 0.573)
--------------------------------------------------------------------------------------------------------------------------
Epoch 26/50
Training one epoch in 8.810 s
[DEV]   QWK:  0.797, PRS: 0.807, SPR: 0.809, RMSE: 0.591, (Best @ 21: {{0.818}}, 0.818, 0.821, 0.586)
[TEST]  QWK:  0.774, PRS: 0.782, SPR: 0.786, RMSE: 0.610 (Best @ 21: {{0.810}}, 0.811, 0.816, 0.573)
--------------------------------------------------------------------------------------------------------------------------
Epoch 27/50
Training one epoch in 8.774 s
[DEV]   QWK:  0.821, PRS: 0.822, SPR: 0.825, RMSE: 0.569, (Best @ 27: {{0.821}}, 0.822, 0.825, 0.569)
[TEST]  QWK:  0.806, PRS: 0.807, SPR: 0.810, RMSE: 0.577 (Best @ 27: {{0.806}}, 0.807, 0.810, 0.577)
--------------------------------------------------------------------------------------------------------------------------
Epoch 28/50
Training one epoch in 8.823 s
[DEV]   QWK:  0.814, PRS: 0.815, SPR: 0.820, RMSE: 0.598, (Best @ 27: {{0.821}}, 0.822, 0.825, 0.569)
[TEST]  QWK:  0.804, PRS: 0.806, SPR: 0.808, RMSE: 0.592 (Best @ 27: {{0.806}}, 0.807, 0.810, 0.577)
--------------------------------------------------------------------------------------------------------------------------
Epoch 29/50
Training one epoch in 8.792 s
[DEV]   QWK:  0.793, PRS: 0.804, SPR: 0.817, RMSE: 0.591, (Best @ 27: {{0.821}}, 0.822, 0.825, 0.569)
[TEST]  QWK:  0.809, PRS: 0.820, SPR: 0.831, RMSE: 0.543 (Best @ 27: {{0.806}}, 0.807, 0.810, 0.577)
--------------------------------------------------------------------------------------------------------------------------
Epoch 30/50
Training one epoch in 8.831 s
[DEV]   QWK:  0.784, PRS: 0.820, SPR: 0.822, RMSE: 0.649, (Best @ 27: {{0.821}}, 0.822, 0.825, 0.569)
[TEST]  QWK:  0.756, PRS: 0.792, SPR: 0.794, RMSE: 0.650 (Best @ 27: {{0.806}}, 0.807, 0.810, 0.577)
--------------------------------------------------------------------------------------------------------------------------
Epoch 31/50
Training one epoch in 8.800 s
[DEV]   QWK:  0.782, PRS: 0.826, SPR: 0.831, RMSE: 0.662, (Best @ 27: {{0.821}}, 0.822, 0.825, 0.569)
[TEST]  QWK:  0.752, PRS: 0.800, SPR: 0.800, RMSE: 0.675 (Best @ 27: {{0.806}}, 0.807, 0.810, 0.577)
--------------------------------------------------------------------------------------------------------------------------
Epoch 32/50
Training one epoch in 8.797 s
[DEV]   QWK:  0.759, PRS: 0.820, SPR: 0.826, RMSE: 0.708, (Best @ 27: {{0.821}}, 0.822, 0.825, 0.569)
[TEST]  QWK:  0.732, PRS: 0.821, SPR: 0.826, RMSE: 0.726 (Best @ 27: {{0.806}}, 0.807, 0.810, 0.577)
--------------------------------------------------------------------------------------------------------------------------
Epoch 33/50
Training one epoch in 8.838 s
[DEV]   QWK:  0.776, PRS: 0.813, SPR: 0.818, RMSE: 0.670, (Best @ 27: {{0.821}}, 0.822, 0.825, 0.569)
[TEST]  QWK:  0.762, PRS: 0.808, SPR: 0.805, RMSE: 0.658 (Best @ 27: {{0.806}}, 0.807, 0.810, 0.577)
--------------------------------------------------------------------------------------------------------------------------
Epoch 34/50
Training one epoch in 8.851 s
[DEV]   QWK:  0.799, PRS: 0.812, SPR: 0.813, RMSE: 0.588, (Best @ 27: {{0.821}}, 0.822, 0.825, 0.569)
[TEST]  QWK:  0.778, PRS: 0.785, SPR: 0.795, RMSE: 0.596 (Best @ 27: {{0.806}}, 0.807, 0.810, 0.577)
--------------------------------------------------------------------------------------------------------------------------
Epoch 35/50
Training one epoch in 8.839 s
[DEV]   QWK:  0.791, PRS: 0.797, SPR: 0.806, RMSE: 0.593, (Best @ 27: {{0.821}}, 0.822, 0.825, 0.569)
[TEST]  QWK:  0.805, PRS: 0.808, SPR: 0.808, RMSE: 0.553 (Best @ 27: {{0.806}}, 0.807, 0.810, 0.577)
--------------------------------------------------------------------------------------------------------------------------
Epoch 36/50
Training one epoch in 8.826 s
[DEV]   QWK:  0.787, PRS: 0.808, SPR: 0.807, RMSE: 0.607, (Best @ 27: {{0.821}}, 0.822, 0.825, 0.569)
[TEST]  QWK:  0.737, PRS: 0.766, SPR: 0.774, RMSE: 0.637 (Best @ 27: {{0.806}}, 0.807, 0.810, 0.577)
--------------------------------------------------------------------------------------------------------------------------
Epoch 37/50
Training one epoch in 8.829 s
[DEV]   QWK:  0.776, PRS: 0.785, SPR: 0.787, RMSE: 0.607, (Best @ 27: {{0.821}}, 0.822, 0.825, 0.569)
[TEST]  QWK:  0.781, PRS: 0.784, SPR: 0.781, RMSE: 0.582 (Best @ 27: {{0.806}}, 0.807, 0.810, 0.577)
--------------------------------------------------------------------------------------------------------------------------
Epoch 38/50
Training one epoch in 8.859 s
[DEV]   QWK:  0.793, PRS: 0.806, SPR: 0.805, RMSE: 0.602, (Best @ 27: {{0.821}}, 0.822, 0.825, 0.569)
[TEST]  QWK:  0.776, PRS: 0.786, SPR: 0.792, RMSE: 0.606 (Best @ 27: {{0.806}}, 0.807, 0.810, 0.577)
--------------------------------------------------------------------------------------------------------------------------
Epoch 39/50
Training one epoch in 8.825 s
[DEV]   QWK:  0.808, PRS: 0.810, SPR: 0.817, RMSE: 0.595, (Best @ 27: {{0.821}}, 0.822, 0.825, 0.569)
[TEST]  QWK:  0.776, PRS: 0.779, SPR: 0.786, RMSE: 0.624 (Best @ 27: {{0.806}}, 0.807, 0.810, 0.577)
--------------------------------------------------------------------------------------------------------------------------
Epoch 40/50
Training one epoch in 8.830 s
[DEV]   QWK:  0.793, PRS: 0.801, SPR: 0.809, RMSE: 0.591, (Best @ 27: {{0.821}}, 0.822, 0.825, 0.569)
[TEST]  QWK:  0.790, PRS: 0.793, SPR: 0.797, RMSE: 0.582 (Best @ 27: {{0.806}}, 0.807, 0.810, 0.577)
--------------------------------------------------------------------------------------------------------------------------
Epoch 41/50
Training one epoch in 8.830 s
[DEV]   QWK:  0.732, PRS: 0.805, SPR: 0.813, RMSE: 0.750, (Best @ 27: {{0.821}}, 0.822, 0.825, 0.569)
[TEST]  QWK:  0.699, PRS: 0.792, SPR: 0.807, RMSE: 0.767 (Best @ 27: {{0.806}}, 0.807, 0.810, 0.577)
--------------------------------------------------------------------------------------------------------------------------
Epoch 42/50
Training one epoch in 8.826 s
[DEV]   QWK:  0.779, PRS: 0.800, SPR: 0.802, RMSE: 0.640, (Best @ 27: {{0.821}}, 0.822, 0.825, 0.569)
[TEST]  QWK:  0.782, PRS: 0.807, SPR: 0.801, RMSE: 0.610 (Best @ 27: {{0.806}}, 0.807, 0.810, 0.577)
--------------------------------------------------------------------------------------------------------------------------
Epoch 43/50
Training one epoch in 8.832 s
[DEV]   QWK:  0.819, PRS: 0.819, SPR: 0.822, RMSE: 0.579, (Best @ 27: {{0.821}}, 0.822, 0.825, 0.569)
[TEST]  QWK:  0.778, PRS: 0.778, SPR: 0.776, RMSE: 0.610 (Best @ 27: {{0.806}}, 0.807, 0.810, 0.577)
--------------------------------------------------------------------------------------------------------------------------
Epoch 44/50
Training one epoch in 8.824 s
[DEV]   QWK:  0.785, PRS: 0.793, SPR: 0.790, RMSE: 0.618, (Best @ 27: {{0.821}}, 0.822, 0.825, 0.569)
[TEST]  QWK:  0.783, PRS: 0.788, SPR: 0.786, RMSE: 0.592 (Best @ 27: {{0.806}}, 0.807, 0.810, 0.577)
--------------------------------------------------------------------------------------------------------------------------
Epoch 45/50
Training one epoch in 8.844 s
[DEV]   QWK:  0.794, PRS: 0.800, SPR: 0.798, RMSE: 0.602, (Best @ 27: {{0.821}}, 0.822, 0.825, 0.569)
[TEST]  QWK:  0.774, PRS: 0.777, SPR: 0.773, RMSE: 0.606 (Best @ 27: {{0.806}}, 0.807, 0.810, 0.577)
--------------------------------------------------------------------------------------------------------------------------
Epoch 46/50
Training one epoch in 8.822 s
[DEV]   QWK:  0.791, PRS: 0.797, SPR: 0.804, RMSE: 0.598, (Best @ 27: {{0.821}}, 0.822, 0.825, 0.569)
[TEST]  QWK:  0.774, PRS: 0.777, SPR: 0.775, RMSE: 0.601 (Best @ 27: {{0.806}}, 0.807, 0.810, 0.577)
--------------------------------------------------------------------------------------------------------------------------
Epoch 47/50
Training one epoch in 8.825 s
[DEV]   QWK:  0.762, PRS: 0.773, SPR: 0.781, RMSE: 0.618, (Best @ 27: {{0.821}}, 0.822, 0.825, 0.569)
[TEST]  QWK:  0.757, PRS: 0.765, SPR: 0.768, RMSE: 0.601 (Best @ 27: {{0.806}}, 0.807, 0.810, 0.577)
--------------------------------------------------------------------------------------------------------------------------
Epoch 48/50
Training one epoch in 8.835 s
[DEV]   QWK:  0.784, PRS: 0.805, SPR: 0.807, RMSE: 0.634, (Best @ 27: {{0.821}}, 0.822, 0.825, 0.569)
[TEST]  QWK:  0.755, PRS: 0.774, SPR: 0.775, RMSE: 0.645 (Best @ 27: {{0.806}}, 0.807, 0.810, 0.577)
--------------------------------------------------------------------------------------------------------------------------
Epoch 49/50
Training one epoch in 8.823 s
[DEV]   QWK:  0.775, PRS: 0.793, SPR: 0.800, RMSE: 0.612, (Best @ 27: {{0.821}}, 0.822, 0.825, 0.569)
[TEST]  QWK:  0.789, PRS: 0.806, SPR: 0.817, RMSE: 0.573 (Best @ 27: {{0.806}}, 0.807, 0.810, 0.577)
--------------------------------------------------------------------------------------------------------------------------
Epoch 50/50
Training one epoch in 8.817 s
[DEV]   QWK:  0.796, PRS: 0.798, SPR: 0.800, RMSE: 0.600, (Best @ 27: {{0.821}}, 0.822, 0.825, 0.569)
[TEST]  QWK:  0.769, PRS: 0.770, SPR: 0.761, RMSE: 0.610 (Best @ 27: {{0.806}}, 0.807, 0.810, 0.577)
--------------------------------------------------------------------------------------------------------------------------
X_train shape: (1264, 1150)
Initial evaluation: 
[DEV]   QWK:  0.000, PRS: 0.000, SPR: 0.000, RMSE: 1.042, (Best @ -1: {{0.000}}, 0.000, 0.000, 1.042)
[TEST]  QWK:  0.000, PRS: 0.000, SPR: 0.000, RMSE: 1.043 (Best @ -1: {{0.000}}, 0.000, 0.000, 1.043)
--------------------------------------------------------------------------------------------------------------------------
Train model
Epoch 1/50
Training one epoch in 10.737 s
[DEV]   QWK:  0.694, PRS: 0.788, SPR: 0.790, RMSE: 0.731, (Best @ 1: {{0.694}}, 0.788, 0.790, 0.731)
[TEST]  QWK:  0.698, PRS: 0.790, SPR: 0.784, RMSE: 0.707 (Best @ 1: {{0.698}}, 0.790, 0.784, 0.707)
--------------------------------------------------------------------------------------------------------------------------
Epoch 2/50
Training one epoch in 8.576 s
[DEV]   QWK:  0.749, PRS: 0.794, SPR: 0.805, RMSE: 0.627, (Best @ 2: {{0.749}}, 0.794, 0.805, 0.627)
[TEST]  QWK:  0.729, PRS: 0.777, SPR: 0.779, RMSE: 0.632 (Best @ 2: {{0.729}}, 0.777, 0.779, 0.632)
--------------------------------------------------------------------------------------------------------------------------
Epoch 3/50
Training one epoch in 8.559 s
[DEV]   QWK:  0.753, PRS: 0.819, SPR: 0.829, RMSE: 0.651, (Best @ 3: {{0.753}}, 0.819, 0.829, 0.651)
[TEST]  QWK:  0.716, PRS: 0.790, SPR: 0.796, RMSE: 0.662 (Best @ 3: {{0.716}}, 0.790, 0.796, 0.662)
--------------------------------------------------------------------------------------------------------------------------
Epoch 4/50
Training one epoch in 8.556 s
[DEV]   QWK:  0.777, PRS: 0.785, SPR: 0.794, RMSE: 0.607, (Best @ 4: {{0.777}}, 0.785, 0.794, 0.607)
[TEST]  QWK:  0.786, PRS: 0.793, SPR: 0.795, RMSE: 0.573 (Best @ 4: {{0.786}}, 0.793, 0.795, 0.573)
--------------------------------------------------------------------------------------------------------------------------
Epoch 5/50
Training one epoch in 8.554 s
[DEV]   QWK:  0.762, PRS: 0.785, SPR: 0.796, RMSE: 0.612, (Best @ 4: {{0.777}}, 0.785, 0.794, 0.607)
[TEST]  QWK:  0.744, PRS: 0.760, SPR: 0.764, RMSE: 0.615 (Best @ 4: {{0.786}}, 0.793, 0.795, 0.573)
--------------------------------------------------------------------------------------------------------------------------
Epoch 6/50
Training one epoch in 8.576 s
[DEV]   QWK:  0.745, PRS: 0.815, SPR: 0.825, RMSE: 0.653, (Best @ 4: {{0.777}}, 0.785, 0.794, 0.607)
[TEST]  QWK:  0.696, PRS: 0.784, SPR: 0.786, RMSE: 0.687 (Best @ 4: {{0.786}}, 0.793, 0.795, 0.573)
--------------------------------------------------------------------------------------------------------------------------
Epoch 7/50
Training one epoch in 8.576 s
[DEV]   QWK:  0.768, PRS: 0.808, SPR: 0.818, RMSE: 0.612, (Best @ 4: {{0.777}}, 0.785, 0.794, 0.607)
[TEST]  QWK:  0.763, PRS: 0.801, SPR: 0.801, RMSE: 0.601 (Best @ 4: {{0.786}}, 0.793, 0.795, 0.573)
--------------------------------------------------------------------------------------------------------------------------
Epoch 8/50
Training one epoch in 8.589 s
[DEV]   QWK:  0.792, PRS: 0.798, SPR: 0.804, RMSE: 0.593, (Best @ 8: {{0.792}}, 0.798, 0.804, 0.593)
[TEST]  QWK:  0.766, PRS: 0.771, SPR: 0.778, RMSE: 0.610 (Best @ 8: {{0.766}}, 0.771, 0.778, 0.610)
--------------------------------------------------------------------------------------------------------------------------
Epoch 9/50
Training one epoch in 8.559 s
[DEV]   QWK:  0.782, PRS: 0.791, SPR: 0.795, RMSE: 0.595, (Best @ 8: {{0.792}}, 0.798, 0.804, 0.593)
[TEST]  QWK:  0.783, PRS: 0.788, SPR: 0.786, RMSE: 0.573 (Best @ 8: {{0.766}}, 0.771, 0.778, 0.610)
--------------------------------------------------------------------------------------------------------------------------
Epoch 10/50
Training one epoch in 8.569 s
[DEV]   QWK:  0.787, PRS: 0.789, SPR: 0.793, RMSE: 0.607, (Best @ 8: {{0.792}}, 0.798, 0.804, 0.593)
[TEST]  QWK:  0.796, PRS: 0.797, SPR: 0.803, RMSE: 0.577 (Best @ 8: {{0.766}}, 0.771, 0.778, 0.610)
--------------------------------------------------------------------------------------------------------------------------
Epoch 11/50
Training one epoch in 8.572 s
[DEV]   QWK:  0.773, PRS: 0.801, SPR: 0.814, RMSE: 0.600, (Best @ 8: {{0.792}}, 0.798, 0.804, 0.593)
[TEST]  QWK:  0.772, PRS: 0.800, SPR: 0.811, RMSE: 0.582 (Best @ 8: {{0.766}}, 0.771, 0.778, 0.610)
--------------------------------------------------------------------------------------------------------------------------
Epoch 12/50
Training one epoch in 8.561 s
[DEV]   QWK:  0.753, PRS: 0.772, SPR: 0.780, RMSE: 0.614, (Best @ 8: {{0.792}}, 0.798, 0.804, 0.593)
[TEST]  QWK:  0.754, PRS: 0.766, SPR: 0.780, RMSE: 0.592 (Best @ 8: {{0.766}}, 0.771, 0.778, 0.610)
--------------------------------------------------------------------------------------------------------------------------
Epoch 13/50
Training one epoch in 8.583 s
[DEV]   QWK:  0.785, PRS: 0.794, SPR: 0.797, RMSE: 0.591, (Best @ 8: {{0.792}}, 0.798, 0.804, 0.593)
[TEST]  QWK:  0.784, PRS: 0.790, SPR: 0.789, RMSE: 0.568 (Best @ 8: {{0.766}}, 0.771, 0.778, 0.610)
--------------------------------------------------------------------------------------------------------------------------
Epoch 14/50
Training one epoch in 8.587 s
[DEV]   QWK:  0.780, PRS: 0.783, SPR: 0.785, RMSE: 0.621, (Best @ 8: {{0.792}}, 0.798, 0.804, 0.593)
[TEST]  QWK:  0.806, PRS: 0.809, SPR: 0.809, RMSE: 0.563 (Best @ 8: {{0.766}}, 0.771, 0.778, 0.610)
--------------------------------------------------------------------------------------------------------------------------
Epoch 15/50
Training one epoch in 8.596 s
[DEV]   QWK:  0.806, PRS: 0.810, SPR: 0.819, RMSE: 0.579, (Best @ 15: {{0.806}}, 0.810, 0.819, 0.579)
[TEST]  QWK:  0.792, PRS: 0.795, SPR: 0.801, RMSE: 0.573 (Best @ 15: {{0.792}}, 0.795, 0.801, 0.573)
--------------------------------------------------------------------------------------------------------------------------
Epoch 16/50
Training one epoch in 8.583 s
[DEV]   QWK:  0.809, PRS: 0.812, SPR: 0.821, RMSE: 0.579, (Best @ 16: {{0.809}}, 0.812, 0.821, 0.579)
[TEST]  QWK:  0.797, PRS: 0.800, SPR: 0.805, RMSE: 0.568 (Best @ 16: {{0.797}}, 0.800, 0.805, 0.568)
--------------------------------------------------------------------------------------------------------------------------
Epoch 17/50
Training one epoch in 8.558 s
[DEV]   QWK:  0.803, PRS: 0.810, SPR: 0.819, RMSE: 0.577, (Best @ 16: {{0.809}}, 0.812, 0.821, 0.579)
[TEST]  QWK:  0.793, PRS: 0.799, SPR: 0.807, RMSE: 0.568 (Best @ 16: {{0.797}}, 0.800, 0.805, 0.568)
--------------------------------------------------------------------------------------------------------------------------
Epoch 18/50
Training one epoch in 8.587 s
[DEV]   QWK:  0.777, PRS: 0.787, SPR: 0.800, RMSE: 0.607, (Best @ 16: {{0.809}}, 0.812, 0.821, 0.579)
[TEST]  QWK:  0.770, PRS: 0.776, SPR: 0.777, RMSE: 0.596 (Best @ 16: {{0.797}}, 0.800, 0.805, 0.568)
--------------------------------------------------------------------------------------------------------------------------
Epoch 19/50
Training one epoch in 8.562 s
[DEV]   QWK:  0.818, PRS: 0.820, SPR: 0.822, RMSE: 0.591, (Best @ 19: {{0.818}}, 0.820, 0.822, 0.591)
[TEST]  QWK:  0.812, PRS: 0.815, SPR: 0.817, RMSE: 0.573 (Best @ 19: {{0.812}}, 0.815, 0.817, 0.573)
--------------------------------------------------------------------------------------------------------------------------
Epoch 20/50
Training one epoch in 8.562 s
[DEV]   QWK:  0.801, PRS: 0.806, SPR: 0.813, RMSE: 0.579, (Best @ 19: {{0.818}}, 0.820, 0.822, 0.591)
[TEST]  QWK:  0.791, PRS: 0.793, SPR: 0.797, RMSE: 0.573 (Best @ 19: {{0.812}}, 0.815, 0.817, 0.573)
--------------------------------------------------------------------------------------------------------------------------
Epoch 21/50
Training one epoch in 8.565 s
[DEV]   QWK:  0.819, PRS: 0.820, SPR: 0.823, RMSE: 0.584, (Best @ 21: {{0.819}}, 0.820, 0.823, 0.584)
[TEST]  QWK:  0.808, PRS: 0.810, SPR: 0.813, RMSE: 0.573 (Best @ 21: {{0.808}}, 0.810, 0.813, 0.573)
--------------------------------------------------------------------------------------------------------------------------
Epoch 22/50
Training one epoch in 8.556 s
[DEV]   QWK:  0.784, PRS: 0.801, SPR: 0.804, RMSE: 0.625, (Best @ 21: {{0.819}}, 0.820, 0.823, 0.584)
[TEST]  QWK:  0.801, PRS: 0.815, SPR: 0.821, RMSE: 0.582 (Best @ 21: {{0.808}}, 0.810, 0.813, 0.573)
--------------------------------------------------------------------------------------------------------------------------
Epoch 23/50
Training one epoch in 8.577 s
[DEV]   QWK:  0.799, PRS: 0.815, SPR: 0.830, RMSE: 0.591, (Best @ 21: {{0.819}}, 0.820, 0.823, 0.584)
[TEST]  QWK:  0.793, PRS: 0.803, SPR: 0.812, RMSE: 0.577 (Best @ 21: {{0.808}}, 0.810, 0.813, 0.573)
--------------------------------------------------------------------------------------------------------------------------
Epoch 24/50
Training one epoch in 8.581 s
[DEV]   QWK:  0.818, PRS: 0.820, SPR: 0.828, RMSE: 0.572, (Best @ 21: {{0.819}}, 0.820, 0.823, 0.584)
[TEST]  QWK:  0.791, PRS: 0.792, SPR: 0.793, RMSE: 0.592 (Best @ 21: {{0.808}}, 0.810, 0.813, 0.573)
--------------------------------------------------------------------------------------------------------------------------
Epoch 25/50
Training one epoch in 8.588 s
[DEV]   QWK:  0.791, PRS: 0.811, SPR: 0.821, RMSE: 0.586, (Best @ 21: {{0.819}}, 0.820, 0.823, 0.584)
[TEST]  QWK:  0.767, PRS: 0.788, SPR: 0.798, RMSE: 0.592 (Best @ 21: {{0.808}}, 0.810, 0.813, 0.573)
--------------------------------------------------------------------------------------------------------------------------
Epoch 26/50
Training one epoch in 8.576 s
[DEV]   QWK:  0.801, PRS: 0.807, SPR: 0.812, RMSE: 0.588, (Best @ 21: {{0.819}}, 0.820, 0.823, 0.584)
[TEST]  QWK:  0.791, PRS: 0.797, SPR: 0.794, RMSE: 0.587 (Best @ 21: {{0.808}}, 0.810, 0.813, 0.573)
--------------------------------------------------------------------------------------------------------------------------
Epoch 27/50
Training one epoch in 8.612 s
[DEV]   QWK:  0.820, PRS: 0.821, SPR: 0.822, RMSE: 0.569, (Best @ 27: {{0.820}}, 0.821, 0.822, 0.569)
[TEST]  QWK:  0.802, PRS: 0.803, SPR: 0.807, RMSE: 0.582 (Best @ 27: {{0.802}}, 0.803, 0.807, 0.582)
--------------------------------------------------------------------------------------------------------------------------
Epoch 28/50
Training one epoch in 8.580 s
[DEV]   QWK:  0.815, PRS: 0.815, SPR: 0.820, RMSE: 0.593, (Best @ 27: {{0.820}}, 0.821, 0.822, 0.569)
[TEST]  QWK:  0.800, PRS: 0.801, SPR: 0.804, RMSE: 0.596 (Best @ 27: {{0.802}}, 0.803, 0.807, 0.582)
--------------------------------------------------------------------------------------------------------------------------
Epoch 29/50
Training one epoch in 8.603 s
[DEV]   QWK:  0.790, PRS: 0.801, SPR: 0.814, RMSE: 0.593, (Best @ 27: {{0.820}}, 0.821, 0.822, 0.569)
[TEST]  QWK:  0.781, PRS: 0.797, SPR: 0.807, RMSE: 0.577 (Best @ 27: {{0.802}}, 0.803, 0.807, 0.582)
--------------------------------------------------------------------------------------------------------------------------
Epoch 30/50
Training one epoch in 8.554 s
[DEV]   QWK:  0.780, PRS: 0.816, SPR: 0.817, RMSE: 0.651, (Best @ 27: {{0.820}}, 0.821, 0.822, 0.569)
[TEST]  QWK:  0.756, PRS: 0.794, SPR: 0.798, RMSE: 0.645 (Best @ 27: {{0.802}}, 0.803, 0.807, 0.582)
--------------------------------------------------------------------------------------------------------------------------
Epoch 31/50
Training one epoch in 8.574 s
[DEV]   QWK:  0.780, PRS: 0.817, SPR: 0.819, RMSE: 0.662, (Best @ 27: {{0.820}}, 0.821, 0.822, 0.569)
[TEST]  QWK:  0.770, PRS: 0.809, SPR: 0.805, RMSE: 0.645 (Best @ 27: {{0.802}}, 0.803, 0.807, 0.582)
--------------------------------------------------------------------------------------------------------------------------
Epoch 32/50
Training one epoch in 8.572 s
[DEV]   QWK:  0.745, PRS: 0.816, SPR: 0.826, RMSE: 0.729, (Best @ 27: {{0.820}}, 0.821, 0.822, 0.569)
[TEST]  QWK:  0.718, PRS: 0.817, SPR: 0.826, RMSE: 0.745 (Best @ 27: {{0.802}}, 0.803, 0.807, 0.582)
--------------------------------------------------------------------------------------------------------------------------
Epoch 33/50
Training one epoch in 8.597 s
[DEV]   QWK:  0.779, PRS: 0.822, SPR: 0.828, RMSE: 0.672, (Best @ 27: {{0.820}}, 0.821, 0.822, 0.569)
[TEST]  QWK:  0.764, PRS: 0.810, SPR: 0.808, RMSE: 0.658 (Best @ 27: {{0.802}}, 0.803, 0.807, 0.582)
--------------------------------------------------------------------------------------------------------------------------
Epoch 34/50
Training one epoch in 8.604 s
[DEV]   QWK:  0.796, PRS: 0.810, SPR: 0.812, RMSE: 0.593, (Best @ 27: {{0.820}}, 0.821, 0.822, 0.569)
[TEST]  QWK:  0.774, PRS: 0.782, SPR: 0.790, RMSE: 0.601 (Best @ 27: {{0.802}}, 0.803, 0.807, 0.582)
--------------------------------------------------------------------------------------------------------------------------
Epoch 35/50
Training one epoch in 8.608 s
[DEV]   QWK:  0.792, PRS: 0.797, SPR: 0.806, RMSE: 0.591, (Best @ 27: {{0.820}}, 0.821, 0.822, 0.569)
[TEST]  QWK:  0.801, PRS: 0.802, SPR: 0.804, RMSE: 0.563 (Best @ 27: {{0.802}}, 0.803, 0.807, 0.582)
--------------------------------------------------------------------------------------------------------------------------
Epoch 36/50
Training one epoch in 8.617 s
[DEV]   QWK:  0.777, PRS: 0.800, SPR: 0.801, RMSE: 0.623, (Best @ 27: {{0.820}}, 0.821, 0.822, 0.569)
[TEST]  QWK:  0.737, PRS: 0.769, SPR: 0.773, RMSE: 0.637 (Best @ 27: {{0.802}}, 0.803, 0.807, 0.582)
--------------------------------------------------------------------------------------------------------------------------
Epoch 37/50
Training one epoch in 8.606 s
[DEV]   QWK:  0.780, PRS: 0.788, SPR: 0.789, RMSE: 0.605, (Best @ 27: {{0.820}}, 0.821, 0.822, 0.569)
[TEST]  QWK:  0.777, PRS: 0.781, SPR: 0.776, RMSE: 0.587 (Best @ 27: {{0.802}}, 0.803, 0.807, 0.582)
--------------------------------------------------------------------------------------------------------------------------
Epoch 38/50
Training one epoch in 8.600 s
[DEV]   QWK:  0.793, PRS: 0.805, SPR: 0.805, RMSE: 0.605, (Best @ 27: {{0.820}}, 0.821, 0.822, 0.569)
[TEST]  QWK:  0.767, PRS: 0.776, SPR: 0.785, RMSE: 0.619 (Best @ 27: {{0.802}}, 0.803, 0.807, 0.582)
--------------------------------------------------------------------------------------------------------------------------
Epoch 39/50
Training one epoch in 8.589 s
[DEV]   QWK:  0.794, PRS: 0.798, SPR: 0.808, RMSE: 0.616, (Best @ 27: {{0.820}}, 0.821, 0.822, 0.569)
[TEST]  QWK:  0.779, PRS: 0.784, SPR: 0.792, RMSE: 0.619 (Best @ 27: {{0.802}}, 0.803, 0.807, 0.582)
--------------------------------------------------------------------------------------------------------------------------
Epoch 40/50
Training one epoch in 8.630 s
[DEV]   QWK:  0.792, PRS: 0.800, SPR: 0.808, RMSE: 0.593, (Best @ 27: {{0.820}}, 0.821, 0.822, 0.569)
[TEST]  QWK:  0.792, PRS: 0.795, SPR: 0.800, RMSE: 0.577 (Best @ 27: {{0.802}}, 0.803, 0.807, 0.582)
--------------------------------------------------------------------------------------------------------------------------
Epoch 41/50
Training one epoch in 8.629 s
[DEV]   QWK:  0.737, PRS: 0.803, SPR: 0.808, RMSE: 0.748, (Best @ 27: {{0.820}}, 0.821, 0.822, 0.569)
[TEST]  QWK:  0.718, PRS: 0.801, SPR: 0.811, RMSE: 0.749 (Best @ 27: {{0.802}}, 0.803, 0.807, 0.582)
--------------------------------------------------------------------------------------------------------------------------
Epoch 42/50
Training one epoch in 8.573 s
[DEV]   QWK:  0.776, PRS: 0.798, SPR: 0.801, RMSE: 0.647, (Best @ 27: {{0.820}}, 0.821, 0.822, 0.569)
[TEST]  QWK:  0.778, PRS: 0.801, SPR: 0.796, RMSE: 0.615 (Best @ 27: {{0.802}}, 0.803, 0.807, 0.582)
--------------------------------------------------------------------------------------------------------------------------
Epoch 43/50
Training one epoch in 8.586 s
[DEV]   QWK:  0.823, PRS: 0.823, SPR: 0.827, RMSE: 0.574, (Best @ 43: {{0.823}}, 0.823, 0.827, 0.574)
[TEST]  QWK:  0.762, PRS: 0.762, SPR: 0.760, RMSE: 0.632 (Best @ 43: {{0.762}}, 0.762, 0.760, 0.632)
--------------------------------------------------------------------------------------------------------------------------
Epoch 44/50
Training one epoch in 8.587 s
[DEV]   QWK:  0.788, PRS: 0.794, SPR: 0.790, RMSE: 0.614, (Best @ 43: {{0.823}}, 0.823, 0.827, 0.574)
[TEST]  QWK:  0.782, PRS: 0.787, SPR: 0.783, RMSE: 0.596 (Best @ 43: {{0.762}}, 0.762, 0.760, 0.632)
--------------------------------------------------------------------------------------------------------------------------
Epoch 45/50
Training one epoch in 8.604 s
[DEV]   QWK:  0.798, PRS: 0.802, SPR: 0.800, RMSE: 0.602, (Best @ 43: {{0.823}}, 0.823, 0.827, 0.574)
[TEST]  QWK:  0.774, PRS: 0.776, SPR: 0.773, RMSE: 0.606 (Best @ 43: {{0.762}}, 0.762, 0.760, 0.632)
--------------------------------------------------------------------------------------------------------------------------
Epoch 46/50
Training one epoch in 8.601 s
[DEV]   QWK:  0.802, PRS: 0.806, SPR: 0.811, RMSE: 0.584, (Best @ 43: {{0.823}}, 0.823, 0.827, 0.574)
[TEST]  QWK:  0.753, PRS: 0.755, SPR: 0.753, RMSE: 0.628 (Best @ 43: {{0.762}}, 0.762, 0.760, 0.632)
--------------------------------------------------------------------------------------------------------------------------
Epoch 47/50
Training one epoch in 8.615 s
[DEV]   QWK:  0.768, PRS: 0.778, SPR: 0.786, RMSE: 0.612, (Best @ 43: {{0.823}}, 0.823, 0.827, 0.574)
[TEST]  QWK:  0.773, PRS: 0.778, SPR: 0.787, RMSE: 0.592 (Best @ 43: {{0.762}}, 0.762, 0.760, 0.632)
--------------------------------------------------------------------------------------------------------------------------
Epoch 48/50
Training one epoch in 8.611 s
[DEV]   QWK:  0.792, PRS: 0.804, SPR: 0.805, RMSE: 0.621, (Best @ 43: {{0.823}}, 0.823, 0.827, 0.574)
[TEST]  QWK:  0.783, PRS: 0.794, SPR: 0.785, RMSE: 0.601 (Best @ 43: {{0.762}}, 0.762, 0.760, 0.632)
--------------------------------------------------------------------------------------------------------------------------
Epoch 49/50
Training one epoch in 8.609 s
[DEV]   QWK:  0.781, PRS: 0.798, SPR: 0.806, RMSE: 0.602, (Best @ 43: {{0.823}}, 0.823, 0.827, 0.574)
[TEST]  QWK:  0.786, PRS: 0.804, SPR: 0.809, RMSE: 0.577 (Best @ 43: {{0.762}}, 0.762, 0.760, 0.632)
--------------------------------------------------------------------------------------------------------------------------
Epoch 50/50
Training one epoch in 8.595 s
[DEV]   QWK:  0.794, PRS: 0.797, SPR: 0.803, RMSE: 0.593, (Best @ 43: {{0.823}}, 0.823, 0.827, 0.574)
[TEST]  QWK:  0.778, PRS: 0.779, SPR: 0.778, RMSE: 0.596 (Best @ 43: {{0.762}}, 0.762, 0.760, 0.632)
--------------------------------------------------------------------------------------------------------------------------
