X_train shape: (1264, 1150)
Initial evaluation: 
[DEV]   QWK:  0.000, PRS: 0.000, SPR: 0.000, RMSE: 1.042, (Best @ -1: {{0.000}}, 0.000, 0.000, 1.042)
[TEST]  QWK:  0.000, PRS: 0.000, SPR: 0.000, RMSE: 1.043 (Best @ -1: {{0.000}}, 0.000, 0.000, 1.043)
--------------------------------------------------------------------------------------------------------------------------
Train model
Epoch 1/50
Training one epoch in 10.782 s
[DEV]   QWK:  0.732, PRS: 0.766, SPR: 0.777, RMSE: 0.638, (Best @ 1: {{0.732}}, 0.766, 0.777, 0.638)
[TEST]  QWK:  0.709, PRS: 0.736, SPR: 0.742, RMSE: 0.645 (Best @ 1: {{0.709}}, 0.736, 0.742, 0.645)
--------------------------------------------------------------------------------------------------------------------------
Epoch 2/50
Training one epoch in 8.388 s
[DEV]   QWK:  0.740, PRS: 0.764, SPR: 0.779, RMSE: 0.629, (Best @ 2: {{0.740}}, 0.764, 0.779, 0.629)
[TEST]  QWK:  0.727, PRS: 0.747, SPR: 0.757, RMSE: 0.624 (Best @ 2: {{0.727}}, 0.747, 0.757, 0.624)
--------------------------------------------------------------------------------------------------------------------------
Epoch 3/50
Training one epoch in 8.421 s
[DEV]   QWK:  0.753, PRS: 0.774, SPR: 0.794, RMSE: 0.636, (Best @ 3: {{0.753}}, 0.774, 0.794, 0.636)
[TEST]  QWK:  0.759, PRS: 0.773, SPR: 0.782, RMSE: 0.606 (Best @ 3: {{0.759}}, 0.773, 0.782, 0.606)
--------------------------------------------------------------------------------------------------------------------------
Epoch 4/50
Training one epoch in 8.425 s
[DEV]   QWK:  0.743, PRS: 0.803, SPR: 0.809, RMSE: 0.649, (Best @ 3: {{0.753}}, 0.774, 0.794, 0.636)
[TEST]  QWK:  0.705, PRS: 0.789, SPR: 0.792, RMSE: 0.662 (Best @ 3: {{0.759}}, 0.773, 0.782, 0.606)
--------------------------------------------------------------------------------------------------------------------------
Epoch 5/50
Training one epoch in 8.428 s
[DEV]   QWK:  0.739, PRS: 0.764, SPR: 0.782, RMSE: 0.623, (Best @ 3: {{0.753}}, 0.774, 0.794, 0.636)
[TEST]  QWK:  0.756, PRS: 0.775, SPR: 0.771, RMSE: 0.582 (Best @ 3: {{0.759}}, 0.773, 0.782, 0.606)
--------------------------------------------------------------------------------------------------------------------------
Epoch 6/50
Training one epoch in 8.442 s
[DEV]   QWK:  0.748, PRS: 0.764, SPR: 0.783, RMSE: 0.625, (Best @ 3: {{0.753}}, 0.774, 0.794, 0.636)
[TEST]  QWK:  0.756, PRS: 0.768, SPR: 0.775, RMSE: 0.592 (Best @ 3: {{0.759}}, 0.773, 0.782, 0.606)
--------------------------------------------------------------------------------------------------------------------------
Epoch 7/50
Training one epoch in 8.409 s
[DEV]   QWK:  0.755, PRS: 0.778, SPR: 0.793, RMSE: 0.625, (Best @ 7: {{0.755}}, 0.778, 0.793, 0.625)
[TEST]  QWK:  0.759, PRS: 0.775, SPR: 0.782, RMSE: 0.606 (Best @ 7: {{0.759}}, 0.775, 0.782, 0.606)
--------------------------------------------------------------------------------------------------------------------------
Epoch 8/50
Training one epoch in 8.399 s
[DEV]   QWK:  0.787, PRS: 0.794, SPR: 0.799, RMSE: 0.598, (Best @ 8: {{0.787}}, 0.794, 0.799, 0.598)
[TEST]  QWK:  0.793, PRS: 0.795, SPR: 0.801, RMSE: 0.577 (Best @ 8: {{0.793}}, 0.795, 0.801, 0.577)
--------------------------------------------------------------------------------------------------------------------------
Epoch 9/50
Training one epoch in 8.447 s
[DEV]   QWK:  0.781, PRS: 0.808, SPR: 0.819, RMSE: 0.645, (Best @ 8: {{0.787}}, 0.794, 0.799, 0.598)
[TEST]  QWK:  0.781, PRS: 0.812, SPR: 0.809, RMSE: 0.628 (Best @ 8: {{0.793}}, 0.795, 0.801, 0.577)
--------------------------------------------------------------------------------------------------------------------------
Epoch 10/50
Training one epoch in 8.425 s
[DEV]   QWK:  0.768, PRS: 0.809, SPR: 0.820, RMSE: 0.623, (Best @ 8: {{0.787}}, 0.794, 0.799, 0.598)
[TEST]  QWK:  0.734, PRS: 0.776, SPR: 0.779, RMSE: 0.645 (Best @ 8: {{0.793}}, 0.795, 0.801, 0.577)
--------------------------------------------------------------------------------------------------------------------------
Epoch 11/50
Training one epoch in 8.429 s
[DEV]   QWK:  0.777, PRS: 0.799, SPR: 0.813, RMSE: 0.607, (Best @ 8: {{0.787}}, 0.794, 0.799, 0.598)
[TEST]  QWK:  0.746, PRS: 0.772, SPR: 0.781, RMSE: 0.628 (Best @ 8: {{0.793}}, 0.795, 0.801, 0.577)
--------------------------------------------------------------------------------------------------------------------------
Epoch 12/50
Training one epoch in 8.438 s
[DEV]   QWK:  0.756, PRS: 0.816, SPR: 0.829, RMSE: 0.659, (Best @ 8: {{0.787}}, 0.794, 0.799, 0.598)
[TEST]  QWK:  0.701, PRS: 0.765, SPR: 0.780, RMSE: 0.703 (Best @ 8: {{0.793}}, 0.795, 0.801, 0.577)
--------------------------------------------------------------------------------------------------------------------------
Epoch 13/50
Training one epoch in 8.419 s
[DEV]   QWK:  0.792, PRS: 0.814, SPR: 0.825, RMSE: 0.600, (Best @ 13: {{0.792}}, 0.814, 0.825, 0.600)
[TEST]  QWK:  0.759, PRS: 0.782, SPR: 0.793, RMSE: 0.624 (Best @ 13: {{0.759}}, 0.782, 0.793, 0.624)
--------------------------------------------------------------------------------------------------------------------------
Epoch 14/50
Training one epoch in 8.427 s
[DEV]   QWK:  0.761, PRS: 0.809, SPR: 0.817, RMSE: 0.645, (Best @ 13: {{0.792}}, 0.814, 0.825, 0.600)
[TEST]  QWK:  0.724, PRS: 0.775, SPR: 0.787, RMSE: 0.667 (Best @ 13: {{0.759}}, 0.782, 0.793, 0.624)
--------------------------------------------------------------------------------------------------------------------------
Epoch 15/50
Training one epoch in 8.448 s
[DEV]   QWK:  0.801, PRS: 0.806, SPR: 0.811, RMSE: 0.607, (Best @ 15: {{0.801}}, 0.806, 0.811, 0.607)
[TEST]  QWK:  0.798, PRS: 0.806, SPR: 0.802, RMSE: 0.592 (Best @ 15: {{0.798}}, 0.806, 0.802, 0.592)
--------------------------------------------------------------------------------------------------------------------------
Epoch 16/50
Training one epoch in 8.433 s
[DEV]   QWK:  0.760, PRS: 0.774, SPR: 0.786, RMSE: 0.614, (Best @ 15: {{0.801}}, 0.806, 0.811, 0.607)
[TEST]  QWK:  0.789, PRS: 0.797, SPR: 0.797, RMSE: 0.558 (Best @ 15: {{0.798}}, 0.806, 0.802, 0.592)
--------------------------------------------------------------------------------------------------------------------------
Epoch 17/50
Training one epoch in 8.434 s
[DEV]   QWK:  0.791, PRS: 0.811, SPR: 0.820, RMSE: 0.612, (Best @ 15: {{0.801}}, 0.806, 0.811, 0.607)
[TEST]  QWK:  0.781, PRS: 0.808, SPR: 0.810, RMSE: 0.606 (Best @ 15: {{0.798}}, 0.806, 0.802, 0.592)
--------------------------------------------------------------------------------------------------------------------------
Epoch 18/50
Training one epoch in 8.420 s
[DEV]   QWK:  0.797, PRS: 0.808, SPR: 0.814, RMSE: 0.618, (Best @ 15: {{0.801}}, 0.806, 0.811, 0.607)
[TEST]  QWK:  0.801, PRS: 0.817, SPR: 0.813, RMSE: 0.592 (Best @ 15: {{0.798}}, 0.806, 0.802, 0.592)
--------------------------------------------------------------------------------------------------------------------------
Epoch 19/50
Training one epoch in 8.432 s
[DEV]   QWK:  0.806, PRS: 0.812, SPR: 0.812, RMSE: 0.598, (Best @ 19: {{0.806}}, 0.812, 0.812, 0.598)
[TEST]  QWK:  0.798, PRS: 0.805, SPR: 0.800, RMSE: 0.592 (Best @ 19: {{0.798}}, 0.805, 0.800, 0.592)
--------------------------------------------------------------------------------------------------------------------------
Epoch 20/50
Training one epoch in 8.455 s
[DEV]   QWK:  0.773, PRS: 0.820, SPR: 0.829, RMSE: 0.670, (Best @ 19: {{0.806}}, 0.812, 0.812, 0.598)
[TEST]  QWK:  0.731, PRS: 0.797, SPR: 0.801, RMSE: 0.695 (Best @ 19: {{0.798}}, 0.805, 0.800, 0.592)
--------------------------------------------------------------------------------------------------------------------------
Epoch 21/50
Training one epoch in 8.431 s
[DEV]   QWK:  0.741, PRS: 0.814, SPR: 0.816, RMSE: 0.638, (Best @ 19: {{0.806}}, 0.812, 0.812, 0.598)
[TEST]  QWK:  0.701, PRS: 0.777, SPR: 0.777, RMSE: 0.667 (Best @ 19: {{0.798}}, 0.805, 0.800, 0.592)
--------------------------------------------------------------------------------------------------------------------------
Epoch 22/50
Training one epoch in 8.451 s
[DEV]   QWK:  0.822, PRS: 0.825, SPR: 0.833, RMSE: 0.598, (Best @ 22: {{0.822}}, 0.825, 0.833, 0.598)
[TEST]  QWK:  0.801, PRS: 0.808, SPR: 0.814, RMSE: 0.619 (Best @ 22: {{0.801}}, 0.808, 0.814, 0.619)
--------------------------------------------------------------------------------------------------------------------------
Epoch 23/50
Training one epoch in 8.450 s
[DEV]   QWK:  0.799, PRS: 0.803, SPR: 0.812, RMSE: 0.584, (Best @ 22: {{0.822}}, 0.825, 0.833, 0.598)
[TEST]  QWK:  0.764, PRS: 0.768, SPR: 0.766, RMSE: 0.601 (Best @ 22: {{0.801}}, 0.808, 0.814, 0.619)
--------------------------------------------------------------------------------------------------------------------------
Epoch 24/50
Training one epoch in 8.428 s
[DEV]   QWK:  0.790, PRS: 0.795, SPR: 0.799, RMSE: 0.607, (Best @ 22: {{0.822}}, 0.825, 0.833, 0.598)
[TEST]  QWK:  0.776, PRS: 0.780, SPR: 0.772, RMSE: 0.601 (Best @ 22: {{0.801}}, 0.808, 0.814, 0.619)
--------------------------------------------------------------------------------------------------------------------------
Epoch 25/50
Training one epoch in 8.429 s
[DEV]   QWK:  0.783, PRS: 0.791, SPR: 0.800, RMSE: 0.600, (Best @ 22: {{0.822}}, 0.825, 0.833, 0.598)
[TEST]  QWK:  0.761, PRS: 0.765, SPR: 0.766, RMSE: 0.610 (Best @ 22: {{0.801}}, 0.808, 0.814, 0.619)
--------------------------------------------------------------------------------------------------------------------------
Epoch 26/50
Training one epoch in 8.434 s
[DEV]   QWK:  0.801, PRS: 0.815, SPR: 0.826, RMSE: 0.577, (Best @ 22: {{0.822}}, 0.825, 0.833, 0.598)
[TEST]  QWK:  0.770, PRS: 0.784, SPR: 0.793, RMSE: 0.596 (Best @ 22: {{0.801}}, 0.808, 0.814, 0.619)
--------------------------------------------------------------------------------------------------------------------------
Epoch 27/50
Training one epoch in 8.429 s
[DEV]   QWK:  0.791, PRS: 0.804, SPR: 0.806, RMSE: 0.621, (Best @ 22: {{0.822}}, 0.825, 0.833, 0.598)
[TEST]  QWK:  0.795, PRS: 0.808, SPR: 0.799, RMSE: 0.592 (Best @ 22: {{0.801}}, 0.808, 0.814, 0.619)
--------------------------------------------------------------------------------------------------------------------------
Epoch 28/50
Training one epoch in 8.474 s
[DEV]   QWK:  0.805, PRS: 0.815, SPR: 0.825, RMSE: 0.584, (Best @ 22: {{0.822}}, 0.825, 0.833, 0.598)
[TEST]  QWK:  0.788, PRS: 0.796, SPR: 0.804, RMSE: 0.587 (Best @ 22: {{0.801}}, 0.808, 0.814, 0.619)
--------------------------------------------------------------------------------------------------------------------------
Epoch 29/50
Training one epoch in 8.418 s
[DEV]   QWK:  0.827, PRS: 0.828, SPR: 0.837, RMSE: 0.584, (Best @ 29: {{0.827}}, 0.828, 0.837, 0.584)
[TEST]  QWK:  0.799, PRS: 0.804, SPR: 0.810, RMSE: 0.615 (Best @ 29: {{0.799}}, 0.804, 0.810, 0.615)
--------------------------------------------------------------------------------------------------------------------------
Epoch 30/50
Training one epoch in 8.453 s
[DEV]   QWK:  0.818, PRS: 0.819, SPR: 0.821, RMSE: 0.588, (Best @ 29: {{0.827}}, 0.828, 0.837, 0.584)
[TEST]  QWK:  0.791, PRS: 0.794, SPR: 0.795, RMSE: 0.606 (Best @ 29: {{0.799}}, 0.804, 0.810, 0.615)
--------------------------------------------------------------------------------------------------------------------------
Epoch 31/50
Training one epoch in 8.429 s
[DEV]   QWK:  0.802, PRS: 0.805, SPR: 0.816, RMSE: 0.581, (Best @ 29: {{0.827}}, 0.828, 0.837, 0.584)
[TEST]  QWK:  0.768, PRS: 0.769, SPR: 0.771, RMSE: 0.606 (Best @ 29: {{0.799}}, 0.804, 0.810, 0.615)
--------------------------------------------------------------------------------------------------------------------------
Epoch 32/50
Training one epoch in 8.452 s
[DEV]   QWK:  0.798, PRS: 0.803, SPR: 0.809, RMSE: 0.584, (Best @ 29: {{0.827}}, 0.828, 0.837, 0.584)
[TEST]  QWK:  0.775, PRS: 0.776, SPR: 0.781, RMSE: 0.596 (Best @ 29: {{0.799}}, 0.804, 0.810, 0.615)
--------------------------------------------------------------------------------------------------------------------------
Epoch 33/50
Training one epoch in 8.473 s
[DEV]   QWK:  0.824, PRS: 0.825, SPR: 0.829, RMSE: 0.574, (Best @ 29: {{0.827}}, 0.828, 0.837, 0.584)
[TEST]  QWK:  0.797, PRS: 0.799, SPR: 0.801, RMSE: 0.601 (Best @ 29: {{0.799}}, 0.804, 0.810, 0.615)
--------------------------------------------------------------------------------------------------------------------------
Epoch 34/50
Training one epoch in 8.460 s
[DEV]   QWK:  0.809, PRS: 0.814, SPR: 0.817, RMSE: 0.586, (Best @ 29: {{0.827}}, 0.828, 0.837, 0.584)
[TEST]  QWK:  0.783, PRS: 0.790, SPR: 0.784, RMSE: 0.606 (Best @ 29: {{0.799}}, 0.804, 0.810, 0.615)
--------------------------------------------------------------------------------------------------------------------------
Epoch 35/50
Training one epoch in 8.466 s
[DEV]   QWK:  0.782, PRS: 0.805, SPR: 0.810, RMSE: 0.664, (Best @ 29: {{0.827}}, 0.828, 0.837, 0.584)
[TEST]  QWK:  0.784, PRS: 0.816, SPR: 0.815, RMSE: 0.637 (Best @ 29: {{0.799}}, 0.804, 0.810, 0.615)
--------------------------------------------------------------------------------------------------------------------------
Epoch 36/50
Training one epoch in 8.450 s
[DEV]   QWK:  0.794, PRS: 0.804, SPR: 0.814, RMSE: 0.600, (Best @ 29: {{0.827}}, 0.828, 0.837, 0.584)
[TEST]  QWK:  0.777, PRS: 0.793, SPR: 0.801, RMSE: 0.606 (Best @ 29: {{0.799}}, 0.804, 0.810, 0.615)
--------------------------------------------------------------------------------------------------------------------------
Epoch 37/50
Training one epoch in 8.469 s
[DEV]   QWK:  0.786, PRS: 0.792, SPR: 0.801, RMSE: 0.607, (Best @ 29: {{0.827}}, 0.828, 0.837, 0.584)
[TEST]  QWK:  0.795, PRS: 0.799, SPR: 0.811, RMSE: 0.577 (Best @ 29: {{0.799}}, 0.804, 0.810, 0.615)
--------------------------------------------------------------------------------------------------------------------------
Epoch 38/50
Training one epoch in 8.426 s
[DEV]   QWK:  0.776, PRS: 0.791, SPR: 0.800, RMSE: 0.602, (Best @ 29: {{0.827}}, 0.828, 0.837, 0.584)
[TEST]  QWK:  0.782, PRS: 0.794, SPR: 0.800, RMSE: 0.582 (Best @ 29: {{0.799}}, 0.804, 0.810, 0.615)
--------------------------------------------------------------------------------------------------------------------------
Epoch 39/50
Training one epoch in 8.444 s
[DEV]   QWK:  0.789, PRS: 0.793, SPR: 0.795, RMSE: 0.598, (Best @ 29: {{0.827}}, 0.828, 0.837, 0.584)
[TEST]  QWK:  0.810, PRS: 0.811, SPR: 0.813, RMSE: 0.553 (Best @ 29: {{0.799}}, 0.804, 0.810, 0.615)
--------------------------------------------------------------------------------------------------------------------------
Epoch 40/50
Training one epoch in 8.448 s
[DEV]   QWK:  0.787, PRS: 0.807, SPR: 0.806, RMSE: 0.629, (Best @ 29: {{0.827}}, 0.828, 0.837, 0.584)
[TEST]  QWK:  0.783, PRS: 0.809, SPR: 0.814, RMSE: 0.619 (Best @ 29: {{0.799}}, 0.804, 0.810, 0.615)
--------------------------------------------------------------------------------------------------------------------------
Epoch 41/50
Training one epoch in 8.449 s
[DEV]   QWK:  0.817, PRS: 0.817, SPR: 0.820, RMSE: 0.581, (Best @ 29: {{0.827}}, 0.828, 0.837, 0.584)
[TEST]  QWK:  0.782, PRS: 0.782, SPR: 0.786, RMSE: 0.619 (Best @ 29: {{0.799}}, 0.804, 0.810, 0.615)
--------------------------------------------------------------------------------------------------------------------------
Epoch 42/50
Training one epoch in 8.455 s
[DEV]   QWK:  0.812, PRS: 0.813, SPR: 0.816, RMSE: 0.586, (Best @ 29: {{0.827}}, 0.828, 0.837, 0.584)
[TEST]  QWK:  0.787, PRS: 0.787, SPR: 0.791, RMSE: 0.606 (Best @ 29: {{0.799}}, 0.804, 0.810, 0.615)
--------------------------------------------------------------------------------------------------------------------------
Epoch 43/50
Training one epoch in 8.475 s
[DEV]   QWK:  0.801, PRS: 0.807, SPR: 0.813, RMSE: 0.577, (Best @ 29: {{0.827}}, 0.828, 0.837, 0.584)
[TEST]  QWK:  0.801, PRS: 0.804, SPR: 0.807, RMSE: 0.568 (Best @ 29: {{0.799}}, 0.804, 0.810, 0.615)
--------------------------------------------------------------------------------------------------------------------------
Epoch 44/50
Training one epoch in 8.462 s
[DEV]   QWK:  0.801, PRS: 0.803, SPR: 0.809, RMSE: 0.588, (Best @ 29: {{0.827}}, 0.828, 0.837, 0.584)
[TEST]  QWK:  0.757, PRS: 0.759, SPR: 0.759, RMSE: 0.619 (Best @ 29: {{0.799}}, 0.804, 0.810, 0.615)
--------------------------------------------------------------------------------------------------------------------------
Epoch 45/50
Training one epoch in 8.465 s
[DEV]   QWK:  0.773, PRS: 0.804, SPR: 0.806, RMSE: 0.659, (Best @ 29: {{0.827}}, 0.828, 0.837, 0.584)
[TEST]  QWK:  0.776, PRS: 0.812, SPR: 0.818, RMSE: 0.632 (Best @ 29: {{0.799}}, 0.804, 0.810, 0.615)
--------------------------------------------------------------------------------------------------------------------------
Epoch 46/50
Training one epoch in 8.441 s
[DEV]   QWK:  0.797, PRS: 0.810, SPR: 0.810, RMSE: 0.605, (Best @ 29: {{0.827}}, 0.828, 0.837, 0.584)
[TEST]  QWK:  0.780, PRS: 0.798, SPR: 0.802, RMSE: 0.610 (Best @ 29: {{0.799}}, 0.804, 0.810, 0.615)
--------------------------------------------------------------------------------------------------------------------------
Epoch 47/50
Training one epoch in 8.460 s
[DEV]   QWK:  0.771, PRS: 0.784, SPR: 0.794, RMSE: 0.625, (Best @ 29: {{0.827}}, 0.828, 0.837, 0.584)
[TEST]  QWK:  0.787, PRS: 0.800, SPR: 0.811, RMSE: 0.582 (Best @ 29: {{0.799}}, 0.804, 0.810, 0.615)
--------------------------------------------------------------------------------------------------------------------------
Epoch 48/50
Training one epoch in 8.466 s
[DEV]   QWK:  0.799, PRS: 0.803, SPR: 0.805, RMSE: 0.602, (Best @ 29: {{0.827}}, 0.828, 0.837, 0.584)
[TEST]  QWK:  0.781, PRS: 0.784, SPR: 0.782, RMSE: 0.606 (Best @ 29: {{0.799}}, 0.804, 0.810, 0.615)
--------------------------------------------------------------------------------------------------------------------------
Epoch 49/50
Training one epoch in 8.446 s
[DEV]   QWK:  0.784, PRS: 0.791, SPR: 0.792, RMSE: 0.616, (Best @ 29: {{0.827}}, 0.828, 0.837, 0.584)
[TEST]  QWK:  0.815, PRS: 0.819, SPR: 0.829, RMSE: 0.553 (Best @ 29: {{0.799}}, 0.804, 0.810, 0.615)
--------------------------------------------------------------------------------------------------------------------------
Epoch 50/50
Training one epoch in 8.444 s
[DEV]   QWK:  0.778, PRS: 0.785, SPR: 0.793, RMSE: 0.612, (Best @ 29: {{0.827}}, 0.828, 0.837, 0.584)
[TEST]  QWK:  0.782, PRS: 0.786, SPR: 0.791, RMSE: 0.596 (Best @ 29: {{0.799}}, 0.804, 0.810, 0.615)
--------------------------------------------------------------------------------------------------------------------------
