X_train shape: (1264, 1150)
Initial evaluation: 
[DEV]   QWK:  0.000, PRS: 0.000, SPR: 0.000, RMSE: 1.042, (Best @ -1: {{0.000}}, 0.000, 0.000, 1.042)
[TEST]  QWK:  0.000, PRS: 0.000, SPR: 0.000, RMSE: 1.043 (Best @ -1: {{0.000}}, 0.000, 0.000, 1.043)
--------------------------------------------------------------------------------------------------------------------------
Train model
Epoch 1/50
Training one epoch in 11.736 s
[DEV]   QWK:  0.680, PRS: 0.757, SPR: 0.764, RMSE: 0.718, (Best @ 1: {{0.680}}, 0.757, 0.764, 0.718)
[TEST]  QWK:  0.690, PRS: 0.755, SPR: 0.749, RMSE: 0.687 (Best @ 1: {{0.690}}, 0.755, 0.749, 0.687)
--------------------------------------------------------------------------------------------------------------------------
Epoch 2/50
Training one epoch in 8.976 s
[DEV]   QWK:  0.726, PRS: 0.774, SPR: 0.787, RMSE: 0.655, (Best @ 2: {{0.726}}, 0.774, 0.787, 0.655)
[TEST]  QWK:  0.703, PRS: 0.754, SPR: 0.763, RMSE: 0.650 (Best @ 2: {{0.703}}, 0.754, 0.763, 0.650)
--------------------------------------------------------------------------------------------------------------------------
Epoch 3/50
Training one epoch in 8.966 s
[DEV]   QWK:  0.681, PRS: 0.800, SPR: 0.806, RMSE: 0.735, (Best @ 2: {{0.726}}, 0.774, 0.787, 0.655)
[TEST]  QWK:  0.652, PRS: 0.781, SPR: 0.788, RMSE: 0.738 (Best @ 2: {{0.703}}, 0.754, 0.763, 0.650)
--------------------------------------------------------------------------------------------------------------------------
Epoch 4/50
Training one epoch in 8.962 s
[DEV]   QWK:  0.779, PRS: 0.784, SPR: 0.796, RMSE: 0.607, (Best @ 4: {{0.779}}, 0.784, 0.796, 0.607)
[TEST]  QWK:  0.770, PRS: 0.772, SPR: 0.780, RMSE: 0.601 (Best @ 4: {{0.770}}, 0.772, 0.780, 0.601)
--------------------------------------------------------------------------------------------------------------------------
Epoch 5/50
Training one epoch in 8.947 s
[DEV]   QWK:  0.761, PRS: 0.774, SPR: 0.791, RMSE: 0.614, (Best @ 4: {{0.779}}, 0.784, 0.796, 0.607)
[TEST]  QWK:  0.783, PRS: 0.795, SPR: 0.800, RMSE: 0.558 (Best @ 4: {{0.770}}, 0.772, 0.780, 0.601)
--------------------------------------------------------------------------------------------------------------------------
Epoch 6/50
Training one epoch in 8.972 s
[DEV]   QWK:  0.749, PRS: 0.825, SPR: 0.836, RMSE: 0.653, (Best @ 4: {{0.779}}, 0.784, 0.796, 0.607)
[TEST]  QWK:  0.684, PRS: 0.780, SPR: 0.784, RMSE: 0.703 (Best @ 4: {{0.770}}, 0.772, 0.780, 0.601)
--------------------------------------------------------------------------------------------------------------------------
Epoch 7/50
Training one epoch in 8.991 s
[DEV]   QWK:  0.774, PRS: 0.805, SPR: 0.819, RMSE: 0.605, (Best @ 4: {{0.779}}, 0.784, 0.796, 0.607)
[TEST]  QWK:  0.761, PRS: 0.790, SPR: 0.790, RMSE: 0.606 (Best @ 4: {{0.770}}, 0.772, 0.780, 0.601)
--------------------------------------------------------------------------------------------------------------------------
Epoch 8/50
Training one epoch in 8.980 s
[DEV]   QWK:  0.786, PRS: 0.795, SPR: 0.804, RMSE: 0.605, (Best @ 8: {{0.786}}, 0.795, 0.804, 0.605)
[TEST]  QWK:  0.781, PRS: 0.789, SPR: 0.797, RMSE: 0.596 (Best @ 8: {{0.781}}, 0.789, 0.797, 0.596)
--------------------------------------------------------------------------------------------------------------------------
Epoch 9/50
Training one epoch in 8.969 s
[DEV]   QWK:  0.756, PRS: 0.769, SPR: 0.780, RMSE: 0.621, (Best @ 8: {{0.786}}, 0.795, 0.804, 0.605)
[TEST]  QWK:  0.775, PRS: 0.784, SPR: 0.790, RMSE: 0.573 (Best @ 8: {{0.781}}, 0.789, 0.797, 0.596)
--------------------------------------------------------------------------------------------------------------------------
Epoch 10/50
Training one epoch in 8.949 s
[DEV]   QWK:  0.806, PRS: 0.808, SPR: 0.816, RMSE: 0.584, (Best @ 10: {{0.806}}, 0.808, 0.816, 0.584)
[TEST]  QWK:  0.790, PRS: 0.791, SPR: 0.789, RMSE: 0.592 (Best @ 10: {{0.790}}, 0.791, 0.789, 0.592)
--------------------------------------------------------------------------------------------------------------------------
Epoch 11/50
Training one epoch in 8.993 s
[DEV]   QWK:  0.773, PRS: 0.804, SPR: 0.815, RMSE: 0.609, (Best @ 10: {{0.806}}, 0.808, 0.816, 0.584)
[TEST]  QWK:  0.725, PRS: 0.776, SPR: 0.782, RMSE: 0.658 (Best @ 10: {{0.790}}, 0.791, 0.789, 0.592)
--------------------------------------------------------------------------------------------------------------------------
Epoch 12/50
Training one epoch in 9.003 s
[DEV]   QWK:  0.764, PRS: 0.778, SPR: 0.781, RMSE: 0.612, (Best @ 10: {{0.806}}, 0.808, 0.816, 0.584)
[TEST]  QWK:  0.777, PRS: 0.785, SPR: 0.782, RMSE: 0.573 (Best @ 10: {{0.790}}, 0.791, 0.789, 0.592)
--------------------------------------------------------------------------------------------------------------------------
Epoch 13/50
Training one epoch in 8.978 s
[DEV]   QWK:  0.783, PRS: 0.792, SPR: 0.799, RMSE: 0.593, (Best @ 10: {{0.806}}, 0.808, 0.816, 0.584)
[TEST]  QWK:  0.779, PRS: 0.786, SPR: 0.789, RMSE: 0.582 (Best @ 10: {{0.790}}, 0.791, 0.789, 0.592)
--------------------------------------------------------------------------------------------------------------------------
Epoch 14/50
Training one epoch in 9.004 s
[DEV]   QWK:  0.799, PRS: 0.802, SPR: 0.809, RMSE: 0.588, (Best @ 10: {{0.806}}, 0.808, 0.816, 0.584)
[TEST]  QWK:  0.787, PRS: 0.787, SPR: 0.789, RMSE: 0.596 (Best @ 10: {{0.790}}, 0.791, 0.789, 0.592)
--------------------------------------------------------------------------------------------------------------------------
Epoch 15/50
Training one epoch in 8.989 s
[DEV]   QWK:  0.799, PRS: 0.802, SPR: 0.805, RMSE: 0.588, (Best @ 10: {{0.806}}, 0.808, 0.816, 0.584)
[TEST]  QWK:  0.805, PRS: 0.805, SPR: 0.807, RMSE: 0.563 (Best @ 10: {{0.790}}, 0.791, 0.789, 0.592)
--------------------------------------------------------------------------------------------------------------------------
Epoch 16/50
Training one epoch in 8.992 s
[DEV]   QWK:  0.822, PRS: 0.827, SPR: 0.837, RMSE: 0.557, (Best @ 16: {{0.822}}, 0.827, 0.837, 0.557)
[TEST]  QWK:  0.794, PRS: 0.798, SPR: 0.802, RMSE: 0.582 (Best @ 16: {{0.794}}, 0.798, 0.802, 0.582)
--------------------------------------------------------------------------------------------------------------------------
Epoch 17/50
Training one epoch in 8.983 s
[DEV]   QWK:  0.800, PRS: 0.811, SPR: 0.820, RMSE: 0.579, (Best @ 16: {{0.822}}, 0.827, 0.837, 0.557)
[TEST]  QWK:  0.771, PRS: 0.779, SPR: 0.785, RMSE: 0.606 (Best @ 16: {{0.794}}, 0.798, 0.802, 0.582)
--------------------------------------------------------------------------------------------------------------------------
Epoch 18/50
Training one epoch in 8.982 s
[DEV]   QWK:  0.782, PRS: 0.796, SPR: 0.807, RMSE: 0.593, (Best @ 16: {{0.822}}, 0.827, 0.837, 0.557)
[TEST]  QWK:  0.768, PRS: 0.780, SPR: 0.787, RMSE: 0.592 (Best @ 16: {{0.794}}, 0.798, 0.802, 0.582)
--------------------------------------------------------------------------------------------------------------------------
Epoch 19/50
Training one epoch in 8.975 s
[DEV]   QWK:  0.817, PRS: 0.821, SPR: 0.829, RMSE: 0.591, (Best @ 16: {{0.822}}, 0.827, 0.837, 0.557)
[TEST]  QWK:  0.791, PRS: 0.795, SPR: 0.799, RMSE: 0.606 (Best @ 16: {{0.794}}, 0.798, 0.802, 0.582)
--------------------------------------------------------------------------------------------------------------------------
Epoch 20/50
Training one epoch in 8.989 s
[DEV]   QWK:  0.785, PRS: 0.797, SPR: 0.804, RMSE: 0.586, (Best @ 16: {{0.822}}, 0.827, 0.837, 0.557)
[TEST]  QWK:  0.796, PRS: 0.801, SPR: 0.798, RMSE: 0.558 (Best @ 16: {{0.794}}, 0.798, 0.802, 0.582)
--------------------------------------------------------------------------------------------------------------------------
Epoch 21/50
Training one epoch in 8.972 s
[DEV]   QWK:  0.822, PRS: 0.827, SPR: 0.839, RMSE: 0.572, (Best @ 16: {{0.822}}, 0.827, 0.837, 0.557)
[TEST]  QWK:  0.786, PRS: 0.793, SPR: 0.799, RMSE: 0.601 (Best @ 16: {{0.794}}, 0.798, 0.802, 0.582)
--------------------------------------------------------------------------------------------------------------------------
Epoch 22/50
Training one epoch in 8.969 s
[DEV]   QWK:  0.796, PRS: 0.815, SPR: 0.819, RMSE: 0.627, (Best @ 16: {{0.822}}, 0.827, 0.837, 0.557)
[TEST]  QWK:  0.780, PRS: 0.802, SPR: 0.803, RMSE: 0.619 (Best @ 16: {{0.794}}, 0.798, 0.802, 0.582)
--------------------------------------------------------------------------------------------------------------------------
Epoch 23/50
Training one epoch in 8.987 s
[DEV]   QWK:  0.808, PRS: 0.825, SPR: 0.839, RMSE: 0.579, (Best @ 16: {{0.822}}, 0.827, 0.837, 0.557)
[TEST]  QWK:  0.760, PRS: 0.781, SPR: 0.791, RMSE: 0.628 (Best @ 16: {{0.794}}, 0.798, 0.802, 0.582)
--------------------------------------------------------------------------------------------------------------------------
Epoch 24/50
Training one epoch in 8.995 s
[DEV]   QWK:  0.793, PRS: 0.794, SPR: 0.797, RMSE: 0.614, (Best @ 16: {{0.822}}, 0.827, 0.837, 0.557)
[TEST]  QWK:  0.774, PRS: 0.776, SPR: 0.782, RMSE: 0.624 (Best @ 16: {{0.794}}, 0.798, 0.802, 0.582)
--------------------------------------------------------------------------------------------------------------------------
Epoch 25/50
Training one epoch in 8.987 s
[DEV]   QWK:  0.784, PRS: 0.795, SPR: 0.806, RMSE: 0.595, (Best @ 16: {{0.822}}, 0.827, 0.837, 0.557)
[TEST]  QWK:  0.778, PRS: 0.790, SPR: 0.800, RMSE: 0.592 (Best @ 16: {{0.794}}, 0.798, 0.802, 0.582)
--------------------------------------------------------------------------------------------------------------------------
Epoch 26/50
Training one epoch in 8.996 s
[DEV]   QWK:  0.783, PRS: 0.787, SPR: 0.791, RMSE: 0.616, (Best @ 16: {{0.822}}, 0.827, 0.837, 0.557)
[TEST]  QWK:  0.787, PRS: 0.790, SPR: 0.784, RMSE: 0.596 (Best @ 16: {{0.794}}, 0.798, 0.802, 0.582)
--------------------------------------------------------------------------------------------------------------------------
Epoch 27/50
Training one epoch in 8.970 s
[DEV]   QWK:  0.817, PRS: 0.818, SPR: 0.819, RMSE: 0.584, (Best @ 16: {{0.822}}, 0.827, 0.837, 0.557)
[TEST]  QWK:  0.787, PRS: 0.789, SPR: 0.792, RMSE: 0.615 (Best @ 16: {{0.794}}, 0.798, 0.802, 0.582)
--------------------------------------------------------------------------------------------------------------------------
Epoch 28/50
Training one epoch in 8.980 s
[DEV]   QWK:  0.810, PRS: 0.810, SPR: 0.813, RMSE: 0.598, (Best @ 16: {{0.822}}, 0.827, 0.837, 0.557)
[TEST]  QWK:  0.784, PRS: 0.786, SPR: 0.790, RMSE: 0.624 (Best @ 16: {{0.794}}, 0.798, 0.802, 0.582)
--------------------------------------------------------------------------------------------------------------------------
Epoch 29/50
Training one epoch in 8.978 s
[DEV]   QWK:  0.789, PRS: 0.802, SPR: 0.813, RMSE: 0.591, (Best @ 16: {{0.822}}, 0.827, 0.837, 0.557)
[TEST]  QWK:  0.784, PRS: 0.798, SPR: 0.803, RMSE: 0.582 (Best @ 16: {{0.794}}, 0.798, 0.802, 0.582)
--------------------------------------------------------------------------------------------------------------------------
Epoch 30/50
Training one epoch in 8.996 s
[DEV]   QWK:  0.772, PRS: 0.802, SPR: 0.808, RMSE: 0.666, (Best @ 16: {{0.822}}, 0.827, 0.837, 0.557)
[TEST]  QWK:  0.778, PRS: 0.815, SPR: 0.821, RMSE: 0.628 (Best @ 16: {{0.794}}, 0.798, 0.802, 0.582)
--------------------------------------------------------------------------------------------------------------------------
Epoch 31/50
Training one epoch in 9.001 s
[DEV]   QWK:  0.767, PRS: 0.806, SPR: 0.812, RMSE: 0.678, (Best @ 16: {{0.822}}, 0.827, 0.837, 0.557)
[TEST]  QWK:  0.755, PRS: 0.799, SPR: 0.790, RMSE: 0.662 (Best @ 16: {{0.794}}, 0.798, 0.802, 0.582)
--------------------------------------------------------------------------------------------------------------------------
Epoch 32/50
Training one epoch in 9.004 s
[DEV]   QWK:  0.744, PRS: 0.805, SPR: 0.814, RMSE: 0.737, (Best @ 16: {{0.822}}, 0.827, 0.837, 0.557)
[TEST]  QWK:  0.732, PRS: 0.807, SPR: 0.797, RMSE: 0.711 (Best @ 16: {{0.794}}, 0.798, 0.802, 0.582)
--------------------------------------------------------------------------------------------------------------------------
Epoch 33/50
Training one epoch in 9.025 s
[DEV]   QWK:  0.802, PRS: 0.816, SPR: 0.822, RMSE: 0.618, (Best @ 16: {{0.822}}, 0.827, 0.837, 0.557)
[TEST]  QWK:  0.772, PRS: 0.784, SPR: 0.773, RMSE: 0.637 (Best @ 16: {{0.794}}, 0.798, 0.802, 0.582)
--------------------------------------------------------------------------------------------------------------------------
Epoch 34/50
Training one epoch in 9.018 s
[DEV]   QWK:  0.775, PRS: 0.784, SPR: 0.793, RMSE: 0.612, (Best @ 16: {{0.822}}, 0.827, 0.837, 0.557)
[TEST]  QWK:  0.774, PRS: 0.783, SPR: 0.770, RMSE: 0.582 (Best @ 16: {{0.794}}, 0.798, 0.802, 0.582)
--------------------------------------------------------------------------------------------------------------------------
Epoch 35/50
Training one epoch in 8.986 s
[DEV]   QWK:  0.768, PRS: 0.788, SPR: 0.799, RMSE: 0.621, (Best @ 16: {{0.822}}, 0.827, 0.837, 0.557)
[TEST]  QWK:  0.747, PRS: 0.774, SPR: 0.780, RMSE: 0.641 (Best @ 16: {{0.794}}, 0.798, 0.802, 0.582)
--------------------------------------------------------------------------------------------------------------------------
Epoch 36/50
Training one epoch in 9.046 s
[DEV]   QWK:  0.786, PRS: 0.796, SPR: 0.803, RMSE: 0.609, (Best @ 16: {{0.822}}, 0.827, 0.837, 0.557)
[TEST]  QWK:  0.764, PRS: 0.772, SPR: 0.761, RMSE: 0.619 (Best @ 16: {{0.794}}, 0.798, 0.802, 0.582)
--------------------------------------------------------------------------------------------------------------------------
Epoch 37/50
Training one epoch in 9.006 s
[DEV]   QWK:  0.795, PRS: 0.797, SPR: 0.802, RMSE: 0.598, (Best @ 16: {{0.822}}, 0.827, 0.837, 0.557)
[TEST]  QWK:  0.800, PRS: 0.800, SPR: 0.795, RMSE: 0.577 (Best @ 16: {{0.794}}, 0.798, 0.802, 0.582)
--------------------------------------------------------------------------------------------------------------------------
Epoch 38/50
Training one epoch in 9.014 s
[DEV]   QWK:  0.800, PRS: 0.803, SPR: 0.808, RMSE: 0.588, (Best @ 16: {{0.822}}, 0.827, 0.837, 0.557)
[TEST]  QWK:  0.783, PRS: 0.784, SPR: 0.787, RMSE: 0.606 (Best @ 16: {{0.794}}, 0.798, 0.802, 0.582)
--------------------------------------------------------------------------------------------------------------------------
Epoch 39/50
Training one epoch in 9.020 s
[DEV]   QWK:  0.804, PRS: 0.805, SPR: 0.808, RMSE: 0.588, (Best @ 16: {{0.822}}, 0.827, 0.837, 0.557)
[TEST]  QWK:  0.785, PRS: 0.785, SPR: 0.780, RMSE: 0.601 (Best @ 16: {{0.794}}, 0.798, 0.802, 0.582)
--------------------------------------------------------------------------------------------------------------------------
Epoch 40/50
Training one epoch in 9.014 s
[DEV]   QWK:  0.791, PRS: 0.793, SPR: 0.800, RMSE: 0.605, (Best @ 16: {{0.822}}, 0.827, 0.837, 0.557)
[TEST]  QWK:  0.797, PRS: 0.798, SPR: 0.796, RMSE: 0.587 (Best @ 16: {{0.794}}, 0.798, 0.802, 0.582)
--------------------------------------------------------------------------------------------------------------------------
Epoch 41/50
Training one epoch in 9.015 s
[DEV]   QWK:  0.769, PRS: 0.800, SPR: 0.810, RMSE: 0.706, (Best @ 16: {{0.822}}, 0.827, 0.837, 0.557)
[TEST]  QWK:  0.735, PRS: 0.771, SPR: 0.771, RMSE: 0.734 (Best @ 16: {{0.794}}, 0.798, 0.802, 0.582)
--------------------------------------------------------------------------------------------------------------------------
Epoch 42/50
Training one epoch in 9.017 s
[DEV]   QWK:  0.789, PRS: 0.800, SPR: 0.801, RMSE: 0.609, (Best @ 16: {{0.822}}, 0.827, 0.837, 0.557)
[TEST]  QWK:  0.784, PRS: 0.791, SPR: 0.791, RMSE: 0.596 (Best @ 16: {{0.794}}, 0.798, 0.802, 0.582)
--------------------------------------------------------------------------------------------------------------------------
Epoch 43/50
Training one epoch in 9.037 s
[DEV]   QWK:  0.788, PRS: 0.790, SPR: 0.798, RMSE: 0.616, (Best @ 16: {{0.822}}, 0.827, 0.837, 0.557)
[TEST]  QWK:  0.814, PRS: 0.816, SPR: 0.824, RMSE: 0.563 (Best @ 16: {{0.794}}, 0.798, 0.802, 0.582)
--------------------------------------------------------------------------------------------------------------------------
Epoch 44/50
Training one epoch in 9.024 s
[DEV]   QWK:  0.796, PRS: 0.803, SPR: 0.807, RMSE: 0.614, (Best @ 16: {{0.822}}, 0.827, 0.837, 0.557)
[TEST]  QWK:  0.801, PRS: 0.804, SPR: 0.797, RMSE: 0.577 (Best @ 16: {{0.794}}, 0.798, 0.802, 0.582)
--------------------------------------------------------------------------------------------------------------------------
Epoch 45/50
Training one epoch in 9.020 s
[DEV]   QWK:  0.793, PRS: 0.798, SPR: 0.801, RMSE: 0.616, (Best @ 16: {{0.822}}, 0.827, 0.837, 0.557)
[TEST]  QWK:  0.807, PRS: 0.810, SPR: 0.801, RMSE: 0.573 (Best @ 16: {{0.794}}, 0.798, 0.802, 0.582)
--------------------------------------------------------------------------------------------------------------------------
Epoch 46/50
Training one epoch in 9.016 s
[DEV]   QWK:  0.778, PRS: 0.782, SPR: 0.788, RMSE: 0.618, (Best @ 16: {{0.822}}, 0.827, 0.837, 0.557)
[TEST]  QWK:  0.790, PRS: 0.792, SPR: 0.789, RMSE: 0.577 (Best @ 16: {{0.794}}, 0.798, 0.802, 0.582)
--------------------------------------------------------------------------------------------------------------------------
Epoch 47/50
Training one epoch in 9.015 s
[DEV]   QWK:  0.778, PRS: 0.782, SPR: 0.791, RMSE: 0.618, (Best @ 16: {{0.822}}, 0.827, 0.837, 0.557)
[TEST]  QWK:  0.783, PRS: 0.785, SPR: 0.777, RMSE: 0.587 (Best @ 16: {{0.794}}, 0.798, 0.802, 0.582)
--------------------------------------------------------------------------------------------------------------------------
Epoch 48/50
Training one epoch in 9.039 s
[DEV]   QWK:  0.782, PRS: 0.798, SPR: 0.805, RMSE: 0.642, (Best @ 16: {{0.822}}, 0.827, 0.837, 0.557)
[TEST]  QWK:  0.771, PRS: 0.783, SPR: 0.771, RMSE: 0.628 (Best @ 16: {{0.794}}, 0.798, 0.802, 0.582)
--------------------------------------------------------------------------------------------------------------------------
Epoch 49/50
Training one epoch in 9.024 s
[DEV]   QWK:  0.781, PRS: 0.792, SPR: 0.799, RMSE: 0.605, (Best @ 16: {{0.822}}, 0.827, 0.837, 0.557)
[TEST]  QWK:  0.798, PRS: 0.807, SPR: 0.806, RMSE: 0.563 (Best @ 16: {{0.794}}, 0.798, 0.802, 0.582)
--------------------------------------------------------------------------------------------------------------------------
Epoch 50/50
Training one epoch in 8.999 s
[DEV]   QWK:  0.804, PRS: 0.808, SPR: 0.816, RMSE: 0.584, (Best @ 16: {{0.822}}, 0.827, 0.837, 0.557)
[TEST]  QWK:  0.813, PRS: 0.818, SPR: 0.821, RMSE: 0.558 (Best @ 16: {{0.794}}, 0.798, 0.802, 0.582)
--------------------------------------------------------------------------------------------------------------------------
