X_train shape: (1260, 1050)
Initial evaluation: 
[DEV]   QWK:  0.000, PRS: 0.000, SPR: 0.000, RMSE: 1.180, (Best @ -1: {{0.000}}, 0.000, 0.000, 1.180)
[TEST]  QWK:  0.000, PRS: 0.000, SPR: 0.000, RMSE: 1.269 (Best @ -1: {{0.000}}, 0.000, 0.000, 1.269)
--------------------------------------------------------------------------------------------------------------------------
Train model
Epoch 1/50
Training one epoch in 10.527 s
[DEV]   QWK:  0.654, PRS: 0.702, SPR: 0.679, RMSE: 0.695, (Best @ 1: {{0.654}}, 0.702, 0.679, 0.695)
[TEST]  QWK:  0.626, PRS: 0.691, SPR: 0.670, RMSE: 0.778 (Best @ 1: {{0.626}}, 0.691, 0.670, 0.778)
--------------------------------------------------------------------------------------------------------------------------
Epoch 2/50
Training one epoch in 7.960 s
[DEV]   QWK:  0.734, PRS: 0.771, SPR: 0.769, RMSE: 0.621, (Best @ 2: {{0.734}}, 0.771, 0.769, 0.621)
[TEST]  QWK:  0.748, PRS: 0.790, SPR: 0.777, RMSE: 0.658 (Best @ 2: {{0.748}}, 0.790, 0.777, 0.658)
--------------------------------------------------------------------------------------------------------------------------
Epoch 3/50
Training one epoch in 7.968 s
[DEV]   QWK:  0.679, PRS: 0.767, SPR: 0.773, RMSE: 0.721, (Best @ 2: {{0.734}}, 0.771, 0.769, 0.621)
[TEST]  QWK:  0.686, PRS: 0.787, SPR: 0.771, RMSE: 0.756 (Best @ 2: {{0.748}}, 0.790, 0.777, 0.658)
--------------------------------------------------------------------------------------------------------------------------
Epoch 4/50
Training one epoch in 7.984 s
[DEV]   QWK:  0.723, PRS: 0.781, SPR: 0.789, RMSE: 0.665, (Best @ 2: {{0.734}}, 0.771, 0.769, 0.621)
[TEST]  QWK:  0.714, PRS: 0.786, SPR: 0.763, RMSE: 0.715 (Best @ 2: {{0.748}}, 0.790, 0.777, 0.658)
--------------------------------------------------------------------------------------------------------------------------
Epoch 5/50
Training one epoch in 7.971 s
[DEV]   QWK:  0.756, PRS: 0.765, SPR: 0.750, RMSE: 0.624, (Best @ 5: {{0.756}}, 0.765, 0.750, 0.624)
[TEST]  QWK:  0.802, PRS: 0.826, SPR: 0.796, RMSE: 0.610 (Best @ 5: {{0.802}}, 0.826, 0.796, 0.610)
--------------------------------------------------------------------------------------------------------------------------
Epoch 6/50
Training one epoch in 7.966 s
[DEV]   QWK:  0.703, PRS: 0.782, SPR: 0.791, RMSE: 0.689, (Best @ 5: {{0.756}}, 0.765, 0.750, 0.624)
[TEST]  QWK:  0.717, PRS: 0.808, SPR: 0.778, RMSE: 0.715 (Best @ 5: {{0.802}}, 0.826, 0.796, 0.610)
--------------------------------------------------------------------------------------------------------------------------
Epoch 7/50
Training one epoch in 7.967 s
[DEV]   QWK:  0.751, PRS: 0.767, SPR: 0.753, RMSE: 0.619, (Best @ 5: {{0.756}}, 0.765, 0.750, 0.624)
[TEST]  QWK:  0.776, PRS: 0.806, SPR: 0.774, RMSE: 0.650 (Best @ 5: {{0.802}}, 0.826, 0.796, 0.610)
--------------------------------------------------------------------------------------------------------------------------
Epoch 8/50
Training one epoch in 7.986 s
[DEV]   QWK:  0.741, PRS: 0.769, SPR: 0.767, RMSE: 0.626, (Best @ 5: {{0.756}}, 0.765, 0.750, 0.624)
[TEST]  QWK:  0.755, PRS: 0.803, SPR: 0.776, RMSE: 0.645 (Best @ 5: {{0.802}}, 0.826, 0.796, 0.610)
--------------------------------------------------------------------------------------------------------------------------
Epoch 9/50
Training one epoch in 8.001 s
[DEV]   QWK:  0.650, PRS: 0.760, SPR: 0.780, RMSE: 0.794, (Best @ 5: {{0.756}}, 0.765, 0.750, 0.624)
[TEST]  QWK:  0.707, PRS: 0.815, SPR: 0.798, RMSE: 0.753 (Best @ 5: {{0.802}}, 0.826, 0.796, 0.610)
--------------------------------------------------------------------------------------------------------------------------
Epoch 10/50
Training one epoch in 8.011 s
[DEV]   QWK:  0.770, PRS: 0.781, SPR: 0.783, RMSE: 0.612, (Best @ 10: {{0.770}}, 0.781, 0.783, 0.612)
[TEST]  QWK:  0.790, PRS: 0.806, SPR: 0.768, RMSE: 0.632 (Best @ 10: {{0.790}}, 0.806, 0.768, 0.632)
--------------------------------------------------------------------------------------------------------------------------
Epoch 11/50
Training one epoch in 8.004 s
[DEV]   QWK:  0.717, PRS: 0.777, SPR: 0.794, RMSE: 0.689, (Best @ 10: {{0.770}}, 0.781, 0.783, 0.612)
[TEST]  QWK:  0.755, PRS: 0.805, SPR: 0.778, RMSE: 0.675 (Best @ 10: {{0.790}}, 0.806, 0.768, 0.632)
--------------------------------------------------------------------------------------------------------------------------
Epoch 12/50
Training one epoch in 7.996 s
[DEV]   QWK:  0.787, PRS: 0.799, SPR: 0.805, RMSE: 0.592, (Best @ 12: {{0.787}}, 0.799, 0.805, 0.592)
[TEST]  QWK:  0.796, PRS: 0.807, SPR: 0.776, RMSE: 0.632 (Best @ 12: {{0.796}}, 0.807, 0.776, 0.632)
--------------------------------------------------------------------------------------------------------------------------
Epoch 13/50
Training one epoch in 7.995 s
[DEV]   QWK:  0.738, PRS: 0.773, SPR: 0.785, RMSE: 0.652, (Best @ 12: {{0.787}}, 0.799, 0.805, 0.592)
[TEST]  QWK:  0.809, PRS: 0.832, SPR: 0.810, RMSE: 0.596 (Best @ 12: {{0.796}}, 0.807, 0.776, 0.632)
--------------------------------------------------------------------------------------------------------------------------
Epoch 14/50
Training one epoch in 7.991 s
[DEV]   QWK:  0.724, PRS: 0.786, SPR: 0.804, RMSE: 0.683, (Best @ 12: {{0.787}}, 0.799, 0.805, 0.592)
[TEST]  QWK:  0.775, PRS: 0.816, SPR: 0.790, RMSE: 0.654 (Best @ 12: {{0.796}}, 0.807, 0.776, 0.632)
--------------------------------------------------------------------------------------------------------------------------
Epoch 15/50
Training one epoch in 7.994 s
[DEV]   QWK:  0.785, PRS: 0.791, SPR: 0.804, RMSE: 0.606, (Best @ 12: {{0.787}}, 0.799, 0.805, 0.592)
[TEST]  QWK:  0.789, PRS: 0.804, SPR: 0.762, RMSE: 0.637 (Best @ 12: {{0.796}}, 0.807, 0.776, 0.632)
--------------------------------------------------------------------------------------------------------------------------
Epoch 16/50
Training one epoch in 7.971 s
[DEV]   QWK:  0.787, PRS: 0.791, SPR: 0.787, RMSE: 0.601, (Best @ 12: {{0.787}}, 0.799, 0.805, 0.592)
[TEST]  QWK:  0.792, PRS: 0.807, SPR: 0.780, RMSE: 0.650 (Best @ 12: {{0.796}}, 0.807, 0.776, 0.632)
--------------------------------------------------------------------------------------------------------------------------
Epoch 17/50
Training one epoch in 7.998 s
[DEV]   QWK:  0.777, PRS: 0.795, SPR: 0.785, RMSE: 0.589, (Best @ 12: {{0.787}}, 0.799, 0.805, 0.592)
[TEST]  QWK:  0.772, PRS: 0.804, SPR: 0.762, RMSE: 0.654 (Best @ 12: {{0.796}}, 0.807, 0.776, 0.632)
--------------------------------------------------------------------------------------------------------------------------
Epoch 18/50
Training one epoch in 7.998 s
[DEV]   QWK:  0.752, PRS: 0.785, SPR: 0.791, RMSE: 0.619, (Best @ 12: {{0.787}}, 0.799, 0.805, 0.592)
[TEST]  QWK:  0.770, PRS: 0.801, SPR: 0.778, RMSE: 0.641 (Best @ 12: {{0.796}}, 0.807, 0.776, 0.632)
--------------------------------------------------------------------------------------------------------------------------
Epoch 19/50
Training one epoch in 8.003 s
[DEV]   QWK:  0.759, PRS: 0.772, SPR: 0.762, RMSE: 0.669, (Best @ 12: {{0.787}}, 0.799, 0.805, 0.592)
[TEST]  QWK:  0.781, PRS: 0.815, SPR: 0.771, RMSE: 0.683 (Best @ 12: {{0.796}}, 0.807, 0.776, 0.632)
--------------------------------------------------------------------------------------------------------------------------
Epoch 20/50
Training one epoch in 8.001 s
[DEV]   QWK:  0.739, PRS: 0.778, SPR: 0.789, RMSE: 0.641, (Best @ 12: {{0.787}}, 0.799, 0.805, 0.592)
[TEST]  QWK:  0.760, PRS: 0.798, SPR: 0.759, RMSE: 0.654 (Best @ 12: {{0.796}}, 0.807, 0.776, 0.632)
--------------------------------------------------------------------------------------------------------------------------
Epoch 21/50
Training one epoch in 7.996 s
[DEV]   QWK:  0.787, PRS: 0.796, SPR: 0.801, RMSE: 0.589, (Best @ 12: {{0.787}}, 0.799, 0.805, 0.592)
[TEST]  QWK:  0.790, PRS: 0.804, SPR: 0.768, RMSE: 0.637 (Best @ 12: {{0.796}}, 0.807, 0.776, 0.632)
--------------------------------------------------------------------------------------------------------------------------
Epoch 22/50
Training one epoch in 8.026 s
[DEV]   QWK:  0.793, PRS: 0.816, SPR: 0.812, RMSE: 0.610, (Best @ 22: {{0.793}}, 0.816, 0.812, 0.610)
[TEST]  QWK:  0.811, PRS: 0.822, SPR: 0.778, RMSE: 0.615 (Best @ 22: {{0.811}}, 0.822, 0.778, 0.615)
--------------------------------------------------------------------------------------------------------------------------
Epoch 23/50
Training one epoch in 7.971 s
[DEV]   QWK:  0.760, PRS: 0.785, SPR: 0.795, RMSE: 0.610, (Best @ 22: {{0.793}}, 0.816, 0.812, 0.610)
[TEST]  QWK:  0.763, PRS: 0.800, SPR: 0.764, RMSE: 0.645 (Best @ 22: {{0.811}}, 0.822, 0.778, 0.615)
--------------------------------------------------------------------------------------------------------------------------
Epoch 24/50
Training one epoch in 7.991 s
[DEV]   QWK:  0.792, PRS: 0.795, SPR: 0.795, RMSE: 0.599, (Best @ 22: {{0.793}}, 0.816, 0.812, 0.610)
[TEST]  QWK:  0.818, PRS: 0.826, SPR: 0.788, RMSE: 0.610 (Best @ 22: {{0.811}}, 0.822, 0.778, 0.615)
--------------------------------------------------------------------------------------------------------------------------
Epoch 25/50
Training one epoch in 7.979 s
[DEV]   QWK:  0.759, PRS: 0.795, SPR: 0.796, RMSE: 0.641, (Best @ 22: {{0.793}}, 0.816, 0.812, 0.610)
[TEST]  QWK:  0.780, PRS: 0.793, SPR: 0.763, RMSE: 0.662 (Best @ 22: {{0.811}}, 0.822, 0.778, 0.615)
--------------------------------------------------------------------------------------------------------------------------
Epoch 26/50
Training one epoch in 8.009 s
[DEV]   QWK:  0.772, PRS: 0.789, SPR: 0.790, RMSE: 0.601, (Best @ 22: {{0.793}}, 0.816, 0.812, 0.610)
[TEST]  QWK:  0.790, PRS: 0.808, SPR: 0.769, RMSE: 0.628 (Best @ 22: {{0.811}}, 0.822, 0.778, 0.615)
--------------------------------------------------------------------------------------------------------------------------
Epoch 27/50
Training one epoch in 8.008 s
[DEV]   QWK:  0.722, PRS: 0.772, SPR: 0.778, RMSE: 0.662, (Best @ 22: {{0.793}}, 0.816, 0.812, 0.610)
[TEST]  QWK:  0.753, PRS: 0.791, SPR: 0.765, RMSE: 0.667 (Best @ 22: {{0.811}}, 0.822, 0.778, 0.615)
--------------------------------------------------------------------------------------------------------------------------
Epoch 28/50
Training one epoch in 8.008 s
[DEV]   QWK:  0.797, PRS: 0.809, SPR: 0.799, RMSE: 0.619, (Best @ 28: {{0.797}}, 0.809, 0.799, 0.619)
[TEST]  QWK:  0.804, PRS: 0.807, SPR: 0.772, RMSE: 0.641 (Best @ 28: {{0.804}}, 0.807, 0.772, 0.641)
--------------------------------------------------------------------------------------------------------------------------
Epoch 29/50
Training one epoch in 8.003 s
[DEV]   QWK:  0.793, PRS: 0.800, SPR: 0.804, RMSE: 0.596, (Best @ 28: {{0.797}}, 0.809, 0.799, 0.619)
[TEST]  QWK:  0.800, PRS: 0.809, SPR: 0.766, RMSE: 0.632 (Best @ 28: {{0.804}}, 0.807, 0.772, 0.641)
--------------------------------------------------------------------------------------------------------------------------
Epoch 30/50
Training one epoch in 7.985 s
[DEV]   QWK:  0.773, PRS: 0.796, SPR: 0.770, RMSE: 0.671, (Best @ 28: {{0.797}}, 0.809, 0.799, 0.619)
[TEST]  QWK:  0.800, PRS: 0.842, SPR: 0.799, RMSE: 0.662 (Best @ 28: {{0.804}}, 0.807, 0.772, 0.641)
--------------------------------------------------------------------------------------------------------------------------
Epoch 31/50
Training one epoch in 8.005 s
[DEV]   QWK:  0.789, PRS: 0.809, SPR: 0.802, RMSE: 0.610, (Best @ 28: {{0.797}}, 0.809, 0.799, 0.619)
[TEST]  QWK:  0.791, PRS: 0.800, SPR: 0.760, RMSE: 0.645 (Best @ 28: {{0.804}}, 0.807, 0.772, 0.641)
--------------------------------------------------------------------------------------------------------------------------
Epoch 32/50
Training one epoch in 7.988 s
[DEV]   QWK:  0.765, PRS: 0.777, SPR: 0.781, RMSE: 0.617, (Best @ 28: {{0.797}}, 0.809, 0.799, 0.619)
[TEST]  QWK:  0.793, PRS: 0.810, SPR: 0.778, RMSE: 0.628 (Best @ 28: {{0.804}}, 0.807, 0.772, 0.641)
--------------------------------------------------------------------------------------------------------------------------
Epoch 33/50
Training one epoch in 8.000 s
[DEV]   QWK:  0.799, PRS: 0.801, SPR: 0.799, RMSE: 0.594, (Best @ 33: {{0.799}}, 0.801, 0.799, 0.594)
[TEST]  QWK:  0.827, PRS: 0.838, SPR: 0.802, RMSE: 0.592 (Best @ 33: {{0.827}}, 0.838, 0.802, 0.592)
--------------------------------------------------------------------------------------------------------------------------
Epoch 34/50
Training one epoch in 8.023 s
[DEV]   QWK:  0.790, PRS: 0.802, SPR: 0.795, RMSE: 0.608, (Best @ 33: {{0.799}}, 0.801, 0.799, 0.594)
[TEST]  QWK:  0.794, PRS: 0.802, SPR: 0.756, RMSE: 0.641 (Best @ 33: {{0.827}}, 0.838, 0.802, 0.592)
--------------------------------------------------------------------------------------------------------------------------
Epoch 35/50
Training one epoch in 8.021 s
[DEV]   QWK:  0.756, PRS: 0.789, SPR: 0.797, RMSE: 0.635, (Best @ 33: {{0.799}}, 0.801, 0.799, 0.594)
[TEST]  QWK:  0.770, PRS: 0.790, SPR: 0.757, RMSE: 0.658 (Best @ 33: {{0.827}}, 0.838, 0.802, 0.592)
--------------------------------------------------------------------------------------------------------------------------
Epoch 36/50
Training one epoch in 8.013 s
[DEV]   QWK:  0.768, PRS: 0.792, SPR: 0.778, RMSE: 0.639, (Best @ 33: {{0.799}}, 0.801, 0.799, 0.594)
[TEST]  QWK:  0.785, PRS: 0.795, SPR: 0.760, RMSE: 0.658 (Best @ 33: {{0.827}}, 0.838, 0.802, 0.592)
--------------------------------------------------------------------------------------------------------------------------
Epoch 37/50
Training one epoch in 8.017 s
[DEV]   QWK:  0.779, PRS: 0.790, SPR: 0.787, RMSE: 0.601, (Best @ 33: {{0.799}}, 0.801, 0.799, 0.594)
[TEST]  QWK:  0.791, PRS: 0.801, SPR: 0.762, RMSE: 0.641 (Best @ 33: {{0.827}}, 0.838, 0.802, 0.592)
--------------------------------------------------------------------------------------------------------------------------
Epoch 38/50
Training one epoch in 8.015 s
[DEV]   QWK:  0.776, PRS: 0.801, SPR: 0.796, RMSE: 0.612, (Best @ 33: {{0.799}}, 0.801, 0.799, 0.594)
[TEST]  QWK:  0.795, PRS: 0.809, SPR: 0.765, RMSE: 0.628 (Best @ 33: {{0.827}}, 0.838, 0.802, 0.592)
--------------------------------------------------------------------------------------------------------------------------
Epoch 39/50
Training one epoch in 8.024 s
[DEV]   QWK:  0.761, PRS: 0.770, SPR: 0.765, RMSE: 0.626, (Best @ 33: {{0.799}}, 0.801, 0.799, 0.594)
[TEST]  QWK:  0.802, PRS: 0.816, SPR: 0.774, RMSE: 0.619 (Best @ 33: {{0.827}}, 0.838, 0.802, 0.592)
--------------------------------------------------------------------------------------------------------------------------
Epoch 40/50
Training one epoch in 8.022 s
[DEV]   QWK:  0.798, PRS: 0.801, SPR: 0.795, RMSE: 0.608, (Best @ 33: {{0.799}}, 0.801, 0.799, 0.594)
[TEST]  QWK:  0.826, PRS: 0.833, SPR: 0.791, RMSE: 0.601 (Best @ 33: {{0.827}}, 0.838, 0.802, 0.592)
--------------------------------------------------------------------------------------------------------------------------
Epoch 41/50
Training one epoch in 8.022 s
[DEV]   QWK:  0.780, PRS: 0.803, SPR: 0.780, RMSE: 0.660, (Best @ 33: {{0.799}}, 0.801, 0.799, 0.594)
[TEST]  QWK:  0.801, PRS: 0.842, SPR: 0.813, RMSE: 0.662 (Best @ 33: {{0.827}}, 0.838, 0.802, 0.592)
--------------------------------------------------------------------------------------------------------------------------
Epoch 42/50
Training one epoch in 8.023 s
[DEV]   QWK:  0.771, PRS: 0.783, SPR: 0.788, RMSE: 0.619, (Best @ 33: {{0.799}}, 0.801, 0.799, 0.594)
[TEST]  QWK:  0.791, PRS: 0.804, SPR: 0.766, RMSE: 0.637 (Best @ 33: {{0.827}}, 0.838, 0.802, 0.592)
--------------------------------------------------------------------------------------------------------------------------
Epoch 43/50
Training one epoch in 8.021 s
[DEV]   QWK:  0.764, PRS: 0.782, SPR: 0.785, RMSE: 0.606, (Best @ 33: {{0.799}}, 0.801, 0.799, 0.594)
[TEST]  QWK:  0.791, PRS: 0.806, SPR: 0.774, RMSE: 0.632 (Best @ 33: {{0.827}}, 0.838, 0.802, 0.592)
--------------------------------------------------------------------------------------------------------------------------
Epoch 44/50
Training one epoch in 8.041 s
[DEV]   QWK:  0.796, PRS: 0.797, SPR: 0.776, RMSE: 0.606, (Best @ 33: {{0.799}}, 0.801, 0.799, 0.594)
[TEST]  QWK:  0.801, PRS: 0.817, SPR: 0.783, RMSE: 0.637 (Best @ 33: {{0.827}}, 0.838, 0.802, 0.592)
--------------------------------------------------------------------------------------------------------------------------
Epoch 45/50
Training one epoch in 8.023 s
[DEV]   QWK:  0.790, PRS: 0.793, SPR: 0.791, RMSE: 0.599, (Best @ 33: {{0.799}}, 0.801, 0.799, 0.594)
[TEST]  QWK:  0.824, PRS: 0.834, SPR: 0.802, RMSE: 0.596 (Best @ 33: {{0.827}}, 0.838, 0.802, 0.592)
--------------------------------------------------------------------------------------------------------------------------
Epoch 46/50
Training one epoch in 8.015 s
[DEV]   QWK:  0.783, PRS: 0.786, SPR: 0.776, RMSE: 0.610, (Best @ 33: {{0.799}}, 0.801, 0.799, 0.594)
[TEST]  QWK:  0.803, PRS: 0.815, SPR: 0.771, RMSE: 0.637 (Best @ 33: {{0.827}}, 0.838, 0.802, 0.592)
--------------------------------------------------------------------------------------------------------------------------
Epoch 47/50
Training one epoch in 8.013 s
[DEV]   QWK:  0.782, PRS: 0.796, SPR: 0.785, RMSE: 0.626, (Best @ 33: {{0.799}}, 0.801, 0.799, 0.594)
[TEST]  QWK:  0.810, PRS: 0.815, SPR: 0.782, RMSE: 0.624 (Best @ 33: {{0.827}}, 0.838, 0.802, 0.592)
--------------------------------------------------------------------------------------------------------------------------
Epoch 48/50
Training one epoch in 8.013 s
[DEV]   QWK:  0.786, PRS: 0.787, SPR: 0.769, RMSE: 0.612, (Best @ 33: {{0.799}}, 0.801, 0.799, 0.594)
[TEST]  QWK:  0.812, PRS: 0.828, SPR: 0.787, RMSE: 0.619 (Best @ 33: {{0.827}}, 0.838, 0.802, 0.592)
--------------------------------------------------------------------------------------------------------------------------
Epoch 49/50
Training one epoch in 8.028 s
[DEV]   QWK:  0.779, PRS: 0.782, SPR: 0.778, RMSE: 0.619, (Best @ 33: {{0.799}}, 0.801, 0.799, 0.594)
[TEST]  QWK:  0.807, PRS: 0.829, SPR: 0.795, RMSE: 0.624 (Best @ 33: {{0.827}}, 0.838, 0.802, 0.592)
--------------------------------------------------------------------------------------------------------------------------
Epoch 50/50
Training one epoch in 8.031 s
[DEV]   QWK:  0.791, PRS: 0.797, SPR: 0.777, RMSE: 0.660, (Best @ 33: {{0.799}}, 0.801, 0.799, 0.594)
[TEST]  QWK:  0.818, PRS: 0.831, SPR: 0.798, RMSE: 0.637 (Best @ 33: {{0.827}}, 0.838, 0.802, 0.592)
--------------------------------------------------------------------------------------------------------------------------
