X_train shape: (1249, 3550)
Initial evaluation: 
[DEV]   QWK:  0.000, PRS: 0.000, SPR: 0.000, RMSE: 2.127, (Best @ -1: {{0.000}}, 0.000, 0.000, 2.127)
[TEST]  QWK:  0.000, PRS: 0.000, SPR: 0.000, RMSE: 2.152 (Best @ -1: {{0.000}}, 0.000, 0.000, 2.152)
--------------------------------------------------------------------------------------------------------------------------
Train model
Epoch 1/50
Training one epoch in 27.282 s
[DEV]   QWK:  0.648, PRS: 0.730, SPR: 0.711, RMSE: 1.100, (Best @ 1: {{0.648}}, 0.730, 0.711, 1.100)
[TEST]  QWK:  0.689, PRS: 0.777, SPR: 0.722, RMSE: 0.983 (Best @ 1: {{0.689}}, 0.777, 0.722, 0.983)
--------------------------------------------------------------------------------------------------------------------------
Epoch 2/50
Training one epoch in 25.580 s
[DEV]   QWK:  0.701, PRS: 0.760, SPR: 0.731, RMSE: 1.013, (Best @ 2: {{0.701}}, 0.760, 0.731, 1.013)
[TEST]  QWK:  0.762, PRS: 0.810, SPR: 0.771, RMSE: 0.884 (Best @ 2: {{0.762}}, 0.810, 0.771, 0.884)
--------------------------------------------------------------------------------------------------------------------------
Epoch 3/50
Training one epoch in 25.491 s
[DEV]   QWK:  0.726, PRS: 0.771, SPR: 0.752, RMSE: 0.972, (Best @ 3: {{0.726}}, 0.771, 0.752, 0.972)
[TEST]  QWK:  0.762, PRS: 0.799, SPR: 0.754, RMSE: 0.881 (Best @ 3: {{0.762}}, 0.799, 0.754, 0.881)
--------------------------------------------------------------------------------------------------------------------------
Epoch 4/50
Training one epoch in 25.626 s
[DEV]   QWK:  0.733, PRS: 0.783, SPR: 0.763, RMSE: 0.951, (Best @ 4: {{0.733}}, 0.783, 0.763, 0.951)
[TEST]  QWK:  0.748, PRS: 0.789, SPR: 0.738, RMSE: 0.893 (Best @ 4: {{0.748}}, 0.789, 0.738, 0.893)
--------------------------------------------------------------------------------------------------------------------------
Epoch 5/50
Training one epoch in 25.531 s
[DEV]   QWK:  0.771, PRS: 0.805, SPR: 0.783, RMSE: 0.904, (Best @ 5: {{0.771}}, 0.805, 0.783, 0.904)
[TEST]  QWK:  0.790, PRS: 0.810, SPR: 0.769, RMSE: 0.851 (Best @ 5: {{0.790}}, 0.810, 0.769, 0.851)
--------------------------------------------------------------------------------------------------------------------------
Epoch 6/50
Training one epoch in 25.488 s
[DEV]   QWK:  0.720, PRS: 0.789, SPR: 0.767, RMSE: 1.004, (Best @ 5: {{0.771}}, 0.805, 0.783, 0.904)
[TEST]  QWK:  0.768, PRS: 0.830, SPR: 0.799, RMSE: 0.899 (Best @ 5: {{0.790}}, 0.810, 0.769, 0.851)
--------------------------------------------------------------------------------------------------------------------------
Epoch 7/50
Training one epoch in 25.568 s
[DEV]   QWK:  0.742, PRS: 0.803, SPR: 0.783, RMSE: 0.944, (Best @ 5: {{0.771}}, 0.805, 0.783, 0.904)
[TEST]  QWK:  0.768, PRS: 0.817, SPR: 0.790, RMSE: 0.874 (Best @ 5: {{0.790}}, 0.810, 0.769, 0.851)
--------------------------------------------------------------------------------------------------------------------------
Epoch 8/50
Training one epoch in 25.507 s
[DEV]   QWK:  0.729, PRS: 0.797, SPR: 0.781, RMSE: 1.029, (Best @ 5: {{0.771}}, 0.805, 0.783, 0.904)
[TEST]  QWK:  0.775, PRS: 0.830, SPR: 0.797, RMSE: 0.906 (Best @ 5: {{0.790}}, 0.810, 0.769, 0.851)
--------------------------------------------------------------------------------------------------------------------------
Epoch 9/50
Training one epoch in 25.579 s
[DEV]   QWK:  0.774, PRS: 0.813, SPR: 0.795, RMSE: 0.913, (Best @ 9: {{0.774}}, 0.813, 0.795, 0.913)
[TEST]  QWK:  0.789, PRS: 0.823, SPR: 0.795, RMSE: 0.868 (Best @ 9: {{0.789}}, 0.823, 0.795, 0.868)
--------------------------------------------------------------------------------------------------------------------------
Epoch 10/50
Training one epoch in 25.562 s
[DEV]   QWK:  0.794, PRS: 0.824, SPR: 0.805, RMSE: 0.868, (Best @ 10: {{0.794}}, 0.824, 0.805, 0.868)
[TEST]  QWK:  0.790, PRS: 0.808, SPR: 0.769, RMSE: 0.861 (Best @ 10: {{0.790}}, 0.808, 0.769, 0.861)
--------------------------------------------------------------------------------------------------------------------------
Epoch 11/50
Training one epoch in 25.594 s
[DEV]   QWK:  0.797, PRS: 0.829, SPR: 0.811, RMSE: 0.863, (Best @ 11: {{0.797}}, 0.829, 0.811, 0.863)
[TEST]  QWK:  0.795, PRS: 0.812, SPR: 0.777, RMSE: 0.861 (Best @ 11: {{0.795}}, 0.812, 0.777, 0.861)
--------------------------------------------------------------------------------------------------------------------------
Epoch 12/50
Training one epoch in 25.623 s
[DEV]   QWK:  0.806, PRS: 0.823, SPR: 0.805, RMSE: 0.869, (Best @ 12: {{0.806}}, 0.823, 0.805, 0.869)
[TEST]  QWK:  0.798, PRS: 0.812, SPR: 0.773, RMSE: 0.868 (Best @ 12: {{0.798}}, 0.812, 0.773, 0.868)
--------------------------------------------------------------------------------------------------------------------------
Epoch 13/50
Training one epoch in 25.647 s
[DEV]   QWK:  0.791, PRS: 0.828, SPR: 0.810, RMSE: 0.868, (Best @ 12: {{0.806}}, 0.823, 0.805, 0.869)
[TEST]  QWK:  0.774, PRS: 0.799, SPR: 0.767, RMSE: 0.887 (Best @ 12: {{0.798}}, 0.812, 0.773, 0.868)
--------------------------------------------------------------------------------------------------------------------------
Epoch 14/50
Training one epoch in 25.554 s
[DEV]   QWK:  0.772, PRS: 0.814, SPR: 0.790, RMSE: 0.890, (Best @ 12: {{0.806}}, 0.823, 0.805, 0.869)
[TEST]  QWK:  0.785, PRS: 0.816, SPR: 0.777, RMSE: 0.845 (Best @ 12: {{0.798}}, 0.812, 0.773, 0.868)
--------------------------------------------------------------------------------------------------------------------------
Epoch 15/50
Training one epoch in 25.478 s
[DEV]   QWK:  0.807, PRS: 0.829, SPR: 0.798, RMSE: 0.863, (Best @ 15: {{0.807}}, 0.829, 0.798, 0.863)
[TEST]  QWK:  0.780, PRS: 0.799, SPR: 0.765, RMSE: 0.877 (Best @ 15: {{0.780}}, 0.799, 0.765, 0.877)
--------------------------------------------------------------------------------------------------------------------------
Epoch 16/50
Training one epoch in 25.642 s
[DEV]   QWK:  0.797, PRS: 0.817, SPR: 0.802, RMSE: 0.884, (Best @ 15: {{0.807}}, 0.829, 0.798, 0.863)
[TEST]  QWK:  0.795, PRS: 0.806, SPR: 0.778, RMSE: 0.887 (Best @ 15: {{0.780}}, 0.799, 0.765, 0.877)
--------------------------------------------------------------------------------------------------------------------------
Epoch 17/50
Training one epoch in 25.483 s
[DEV]   QWK:  0.792, PRS: 0.820, SPR: 0.790, RMSE: 0.909, (Best @ 15: {{0.807}}, 0.829, 0.798, 0.863)
[TEST]  QWK:  0.795, PRS: 0.815, SPR: 0.792, RMSE: 0.861 (Best @ 15: {{0.780}}, 0.799, 0.765, 0.877)
--------------------------------------------------------------------------------------------------------------------------
Epoch 18/50
Training one epoch in 25.668 s
[DEV]   QWK:  0.755, PRS: 0.808, SPR: 0.780, RMSE: 0.909, (Best @ 15: {{0.807}}, 0.829, 0.798, 0.863)
[TEST]  QWK:  0.758, PRS: 0.807, SPR: 0.751, RMSE: 0.871 (Best @ 15: {{0.780}}, 0.799, 0.765, 0.877)
--------------------------------------------------------------------------------------------------------------------------
Epoch 19/50
Training one epoch in 25.586 s
[DEV]   QWK:  0.746, PRS: 0.807, SPR: 0.786, RMSE: 1.032, (Best @ 15: {{0.807}}, 0.829, 0.798, 0.863)
[TEST]  QWK:  0.765, PRS: 0.820, SPR: 0.789, RMSE: 0.960 (Best @ 15: {{0.780}}, 0.799, 0.765, 0.877)
--------------------------------------------------------------------------------------------------------------------------
Epoch 20/50
Training one epoch in 25.573 s
[DEV]   QWK:  0.792, PRS: 0.818, SPR: 0.800, RMSE: 0.874, (Best @ 15: {{0.807}}, 0.829, 0.798, 0.863)
[TEST]  QWK:  0.788, PRS: 0.805, SPR: 0.760, RMSE: 0.864 (Best @ 15: {{0.780}}, 0.799, 0.765, 0.877)
--------------------------------------------------------------------------------------------------------------------------
Epoch 21/50
Training one epoch in 25.563 s
[DEV]   QWK:  0.757, PRS: 0.805, SPR: 0.771, RMSE: 0.986, (Best @ 15: {{0.807}}, 0.829, 0.798, 0.863)
[TEST]  QWK:  0.771, PRS: 0.813, SPR: 0.790, RMSE: 0.924 (Best @ 15: {{0.780}}, 0.799, 0.765, 0.877)
--------------------------------------------------------------------------------------------------------------------------
Epoch 22/50
Training one epoch in 25.714 s
[DEV]   QWK:  0.770, PRS: 0.813, SPR: 0.788, RMSE: 0.944, (Best @ 15: {{0.807}}, 0.829, 0.798, 0.863)
[TEST]  QWK:  0.765, PRS: 0.806, SPR: 0.787, RMSE: 0.909 (Best @ 15: {{0.780}}, 0.799, 0.765, 0.877)
--------------------------------------------------------------------------------------------------------------------------
Epoch 23/50
Training one epoch in 25.628 s
[DEV]   QWK:  0.770, PRS: 0.810, SPR: 0.781, RMSE: 0.950, (Best @ 15: {{0.807}}, 0.829, 0.798, 0.863)
[TEST]  QWK:  0.777, PRS: 0.811, SPR: 0.783, RMSE: 0.896 (Best @ 15: {{0.780}}, 0.799, 0.765, 0.877)
--------------------------------------------------------------------------------------------------------------------------
Epoch 24/50
Training one epoch in 25.583 s
[DEV]   QWK:  0.803, PRS: 0.823, SPR: 0.799, RMSE: 0.863, (Best @ 15: {{0.807}}, 0.829, 0.798, 0.863)
[TEST]  QWK:  0.781, PRS: 0.797, SPR: 0.751, RMSE: 0.884 (Best @ 15: {{0.780}}, 0.799, 0.765, 0.877)
--------------------------------------------------------------------------------------------------------------------------
Epoch 25/50
Training one epoch in 25.617 s
[DEV]   QWK:  0.812, PRS: 0.818, SPR: 0.792, RMSE: 0.879, (Best @ 25: {{0.812}}, 0.818, 0.792, 0.879)
[TEST]  QWK:  0.816, PRS: 0.818, SPR: 0.783, RMSE: 0.848 (Best @ 25: {{0.816}}, 0.818, 0.783, 0.848)
--------------------------------------------------------------------------------------------------------------------------
Epoch 26/50
Training one epoch in 25.567 s
[DEV]   QWK:  0.805, PRS: 0.825, SPR: 0.799, RMSE: 0.861, (Best @ 25: {{0.812}}, 0.818, 0.792, 0.879)
[TEST]  QWK:  0.799, PRS: 0.812, SPR: 0.765, RMSE: 0.855 (Best @ 25: {{0.816}}, 0.818, 0.783, 0.848)
--------------------------------------------------------------------------------------------------------------------------
Epoch 27/50
Training one epoch in 25.653 s
[DEV]   QWK:  0.794, PRS: 0.824, SPR: 0.793, RMSE: 0.935, (Best @ 25: {{0.812}}, 0.818, 0.792, 0.879)
[TEST]  QWK:  0.799, PRS: 0.834, SPR: 0.795, RMSE: 0.903 (Best @ 25: {{0.816}}, 0.818, 0.783, 0.848)
--------------------------------------------------------------------------------------------------------------------------
Epoch 28/50
Training one epoch in 25.671 s
[DEV]   QWK:  0.792, PRS: 0.822, SPR: 0.795, RMSE: 0.877, (Best @ 25: {{0.812}}, 0.818, 0.792, 0.879)
[TEST]  QWK:  0.790, PRS: 0.811, SPR: 0.764, RMSE: 0.861 (Best @ 25: {{0.816}}, 0.818, 0.783, 0.848)
--------------------------------------------------------------------------------------------------------------------------
Epoch 29/50
Training one epoch in 25.578 s
[DEV]   QWK:  0.799, PRS: 0.820, SPR: 0.786, RMSE: 0.926, (Best @ 25: {{0.812}}, 0.818, 0.792, 0.879)
[TEST]  QWK:  0.800, PRS: 0.826, SPR: 0.776, RMSE: 0.896 (Best @ 25: {{0.816}}, 0.818, 0.783, 0.848)
--------------------------------------------------------------------------------------------------------------------------
Epoch 30/50
Training one epoch in 25.488 s
[DEV]   QWK:  0.795, PRS: 0.819, SPR: 0.782, RMSE: 0.912, (Best @ 25: {{0.812}}, 0.818, 0.792, 0.879)
[TEST]  QWK:  0.784, PRS: 0.796, SPR: 0.751, RMSE: 0.930 (Best @ 25: {{0.816}}, 0.818, 0.783, 0.848)
--------------------------------------------------------------------------------------------------------------------------
Epoch 31/50
Training one epoch in 25.577 s
[DEV]   QWK:  0.789, PRS: 0.816, SPR: 0.786, RMSE: 0.903, (Best @ 25: {{0.812}}, 0.818, 0.792, 0.879)
[TEST]  QWK:  0.790, PRS: 0.813, SPR: 0.759, RMSE: 0.884 (Best @ 25: {{0.816}}, 0.818, 0.783, 0.848)
--------------------------------------------------------------------------------------------------------------------------
Epoch 32/50
Training one epoch in 25.608 s
[DEV]   QWK:  0.799, PRS: 0.812, SPR: 0.783, RMSE: 0.909, (Best @ 25: {{0.812}}, 0.818, 0.792, 0.879)
[TEST]  QWK:  0.807, PRS: 0.813, SPR: 0.782, RMSE: 0.861 (Best @ 25: {{0.816}}, 0.818, 0.783, 0.848)
--------------------------------------------------------------------------------------------------------------------------
Epoch 33/50
Training one epoch in 25.667 s
[DEV]   QWK:  0.802, PRS: 0.829, SPR: 0.801, RMSE: 0.874, (Best @ 25: {{0.812}}, 0.818, 0.792, 0.879)
[TEST]  QWK:  0.802, PRS: 0.825, SPR: 0.777, RMSE: 0.845 (Best @ 25: {{0.816}}, 0.818, 0.783, 0.848)
--------------------------------------------------------------------------------------------------------------------------
Epoch 34/50
Training one epoch in 25.730 s
[DEV]   QWK:  0.797, PRS: 0.825, SPR: 0.800, RMSE: 0.881, (Best @ 25: {{0.812}}, 0.818, 0.792, 0.879)
[TEST]  QWK:  0.788, PRS: 0.807, SPR: 0.766, RMSE: 0.884 (Best @ 25: {{0.816}}, 0.818, 0.783, 0.848)
--------------------------------------------------------------------------------------------------------------------------
Epoch 35/50
Training one epoch in 25.541 s
[DEV]   QWK:  0.798, PRS: 0.807, SPR: 0.784, RMSE: 0.901, (Best @ 25: {{0.812}}, 0.818, 0.792, 0.879)
[TEST]  QWK:  0.821, PRS: 0.824, SPR: 0.783, RMSE: 0.828 (Best @ 25: {{0.816}}, 0.818, 0.783, 0.848)
--------------------------------------------------------------------------------------------------------------------------
Epoch 36/50
Training one epoch in 25.705 s
[DEV]   QWK:  0.810, PRS: 0.818, SPR: 0.792, RMSE: 0.881, (Best @ 25: {{0.812}}, 0.818, 0.792, 0.879)
[TEST]  QWK:  0.816, PRS: 0.823, SPR: 0.760, RMSE: 0.838 (Best @ 25: {{0.816}}, 0.818, 0.783, 0.848)
--------------------------------------------------------------------------------------------------------------------------
Epoch 37/50
Training one epoch in 25.642 s
[DEV]   QWK:  0.800, PRS: 0.811, SPR: 0.778, RMSE: 0.892, (Best @ 25: {{0.812}}, 0.818, 0.792, 0.879)
[TEST]  QWK:  0.802, PRS: 0.808, SPR: 0.763, RMSE: 0.858 (Best @ 25: {{0.816}}, 0.818, 0.783, 0.848)
--------------------------------------------------------------------------------------------------------------------------
Epoch 38/50
Training one epoch in 25.629 s
[DEV]   QWK:  0.783, PRS: 0.801, SPR: 0.772, RMSE: 0.927, (Best @ 25: {{0.812}}, 0.818, 0.792, 0.879)
[TEST]  QWK:  0.786, PRS: 0.802, SPR: 0.740, RMSE: 0.887 (Best @ 25: {{0.816}}, 0.818, 0.783, 0.848)
--------------------------------------------------------------------------------------------------------------------------
Epoch 39/50
Training one epoch in 25.714 s
[DEV]   QWK:  0.794, PRS: 0.811, SPR: 0.785, RMSE: 0.910, (Best @ 25: {{0.812}}, 0.818, 0.792, 0.879)
[TEST]  QWK:  0.805, PRS: 0.821, SPR: 0.765, RMSE: 0.858 (Best @ 25: {{0.816}}, 0.818, 0.783, 0.848)
--------------------------------------------------------------------------------------------------------------------------
Epoch 40/50
Training one epoch in 25.696 s
[DEV]   QWK:  0.807, PRS: 0.809, SPR: 0.784, RMSE: 0.909, (Best @ 25: {{0.812}}, 0.818, 0.792, 0.879)
[TEST]  QWK:  0.810, PRS: 0.812, SPR: 0.761, RMSE: 0.884 (Best @ 25: {{0.816}}, 0.818, 0.783, 0.848)
--------------------------------------------------------------------------------------------------------------------------
Epoch 41/50
Training one epoch in 25.665 s
[DEV]   QWK:  0.760, PRS: 0.794, SPR: 0.767, RMSE: 0.990, (Best @ 25: {{0.812}}, 0.818, 0.792, 0.879)
[TEST]  QWK:  0.765, PRS: 0.796, SPR: 0.770, RMSE: 0.942 (Best @ 25: {{0.816}}, 0.818, 0.783, 0.848)
--------------------------------------------------------------------------------------------------------------------------
Epoch 42/50
Training one epoch in 25.652 s
[DEV]   QWK:  0.785, PRS: 0.792, SPR: 0.764, RMSE: 0.948, (Best @ 25: {{0.812}}, 0.818, 0.792, 0.879)
[TEST]  QWK:  0.797, PRS: 0.805, SPR: 0.750, RMSE: 0.887 (Best @ 25: {{0.816}}, 0.818, 0.783, 0.848)
--------------------------------------------------------------------------------------------------------------------------
Epoch 43/50
Training one epoch in 25.740 s
[DEV]   QWK:  0.800, PRS: 0.807, SPR: 0.774, RMSE: 0.901, (Best @ 25: {{0.812}}, 0.818, 0.792, 0.879)
[TEST]  QWK:  0.802, PRS: 0.806, SPR: 0.751, RMSE: 0.868 (Best @ 25: {{0.816}}, 0.818, 0.783, 0.848)
--------------------------------------------------------------------------------------------------------------------------
Epoch 44/50
Training one epoch in 25.647 s
[DEV]   QWK:  0.795, PRS: 0.803, SPR: 0.774, RMSE: 0.916, (Best @ 25: {{0.812}}, 0.818, 0.792, 0.879)
[TEST]  QWK:  0.801, PRS: 0.813, SPR: 0.754, RMSE: 0.851 (Best @ 25: {{0.816}}, 0.818, 0.783, 0.848)
--------------------------------------------------------------------------------------------------------------------------
Epoch 45/50
Training one epoch in 25.586 s
[DEV]   QWK:  0.790, PRS: 0.804, SPR: 0.774, RMSE: 0.910, (Best @ 25: {{0.812}}, 0.818, 0.792, 0.879)
[TEST]  QWK:  0.807, PRS: 0.816, SPR: 0.771, RMSE: 0.845 (Best @ 25: {{0.816}}, 0.818, 0.783, 0.848)
--------------------------------------------------------------------------------------------------------------------------
Epoch 46/50
Training one epoch in 25.758 s
[DEV]   QWK:  0.779, PRS: 0.795, SPR: 0.762, RMSE: 0.918, (Best @ 25: {{0.812}}, 0.818, 0.792, 0.879)
[TEST]  QWK:  0.810, PRS: 0.819, SPR: 0.762, RMSE: 0.835 (Best @ 25: {{0.816}}, 0.818, 0.783, 0.848)
--------------------------------------------------------------------------------------------------------------------------
Epoch 47/50
Training one epoch in 25.724 s
[DEV]   QWK:  0.781, PRS: 0.797, SPR: 0.761, RMSE: 0.920, (Best @ 25: {{0.812}}, 0.818, 0.792, 0.879)
[TEST]  QWK:  0.797, PRS: 0.808, SPR: 0.767, RMSE: 0.855 (Best @ 25: {{0.816}}, 0.818, 0.783, 0.848)
--------------------------------------------------------------------------------------------------------------------------
Epoch 48/50
Training one epoch in 25.618 s
[DEV]   QWK:  0.796, PRS: 0.807, SPR: 0.779, RMSE: 0.941, (Best @ 25: {{0.812}}, 0.818, 0.792, 0.879)
[TEST]  QWK:  0.795, PRS: 0.802, SPR: 0.749, RMSE: 0.915 (Best @ 25: {{0.816}}, 0.818, 0.783, 0.848)
--------------------------------------------------------------------------------------------------------------------------
Epoch 49/50
Training one epoch in 25.599 s
[DEV]   QWK:  0.771, PRS: 0.799, SPR: 0.767, RMSE: 0.912, (Best @ 25: {{0.812}}, 0.818, 0.792, 0.879)
[TEST]  QWK:  0.796, PRS: 0.813, SPR: 0.756, RMSE: 0.841 (Best @ 25: {{0.816}}, 0.818, 0.783, 0.848)
--------------------------------------------------------------------------------------------------------------------------
Epoch 50/50
Training one epoch in 25.715 s
[DEV]   QWK:  0.788, PRS: 0.798, SPR: 0.768, RMSE: 0.948, (Best @ 25: {{0.812}}, 0.818, 0.792, 0.879)
[TEST]  QWK:  0.811, PRS: 0.821, SPR: 0.763, RMSE: 0.861 (Best @ 25: {{0.816}}, 0.818, 0.783, 0.848)
--------------------------------------------------------------------------------------------------------------------------
X_train shape: (1249, 3550)
Initial evaluation: 
[DEV]   QWK:  0.000, PRS: 0.000, SPR: 0.000, RMSE: 2.127, (Best @ -1: {{0.000}}, 0.000, 0.000, 2.127)
[TEST]  QWK:  0.000, PRS: 0.000, SPR: 0.000, RMSE: 2.152 (Best @ -1: {{0.000}}, 0.000, 0.000, 2.152)
--------------------------------------------------------------------------------------------------------------------------
Train model
Epoch 1/50
Training one epoch in 28.630 s
[DEV]   QWK:  0.648, PRS: 0.730, SPR: 0.711, RMSE: 1.100, (Best @ 1: {{0.648}}, 0.730, 0.711, 1.100)
[TEST]  QWK:  0.689, PRS: 0.777, SPR: 0.722, RMSE: 0.983 (Best @ 1: {{0.689}}, 0.777, 0.722, 0.983)
--------------------------------------------------------------------------------------------------------------------------
Epoch 2/50
Training one epoch in 26.109 s
[DEV]   QWK:  0.701, PRS: 0.759, SPR: 0.730, RMSE: 1.014, (Best @ 2: {{0.701}}, 0.759, 0.730, 1.014)
[TEST]  QWK:  0.762, PRS: 0.810, SPR: 0.771, RMSE: 0.884 (Best @ 2: {{0.762}}, 0.810, 0.771, 0.884)
--------------------------------------------------------------------------------------------------------------------------
Epoch 3/50
Training one epoch in 26.288 s
[DEV]   QWK:  0.726, PRS: 0.772, SPR: 0.753, RMSE: 0.970, (Best @ 3: {{0.726}}, 0.772, 0.753, 0.970)
[TEST]  QWK:  0.762, PRS: 0.799, SPR: 0.754, RMSE: 0.881 (Best @ 3: {{0.762}}, 0.799, 0.754, 0.881)
--------------------------------------------------------------------------------------------------------------------------
Epoch 4/50
Training one epoch in 26.121 s
[DEV]   QWK:  0.733, PRS: 0.783, SPR: 0.761, RMSE: 0.951, (Best @ 4: {{0.733}}, 0.783, 0.761, 0.951)
[TEST]  QWK:  0.748, PRS: 0.789, SPR: 0.738, RMSE: 0.893 (Best @ 4: {{0.748}}, 0.789, 0.738, 0.893)
--------------------------------------------------------------------------------------------------------------------------
Epoch 5/50
Training one epoch in 26.261 s
[DEV]   QWK:  0.771, PRS: 0.806, SPR: 0.784, RMSE: 0.903, (Best @ 5: {{0.771}}, 0.806, 0.784, 0.903)
[TEST]  QWK:  0.789, PRS: 0.808, SPR: 0.769, RMSE: 0.858 (Best @ 5: {{0.789}}, 0.808, 0.769, 0.858)
--------------------------------------------------------------------------------------------------------------------------
Epoch 6/50
Training one epoch in 26.145 s
[DEV]   QWK:  0.721, PRS: 0.791, SPR: 0.767, RMSE: 1.001, (Best @ 5: {{0.771}}, 0.806, 0.784, 0.903)
[TEST]  QWK:  0.774, PRS: 0.834, SPR: 0.807, RMSE: 0.887 (Best @ 5: {{0.789}}, 0.808, 0.769, 0.858)
--------------------------------------------------------------------------------------------------------------------------
Epoch 7/50
Training one epoch in 26.261 s
[DEV]   QWK:  0.742, PRS: 0.803, SPR: 0.783, RMSE: 0.944, (Best @ 5: {{0.771}}, 0.806, 0.784, 0.903)
[TEST]  QWK:  0.763, PRS: 0.811, SPR: 0.782, RMSE: 0.884 (Best @ 5: {{0.789}}, 0.808, 0.769, 0.858)
--------------------------------------------------------------------------------------------------------------------------
Epoch 8/50
Training one epoch in 26.210 s
[DEV]   QWK:  0.733, PRS: 0.800, SPR: 0.783, RMSE: 1.022, (Best @ 5: {{0.771}}, 0.806, 0.784, 0.903)
[TEST]  QWK:  0.776, PRS: 0.827, SPR: 0.795, RMSE: 0.909 (Best @ 5: {{0.789}}, 0.808, 0.769, 0.858)
--------------------------------------------------------------------------------------------------------------------------
Epoch 9/50
Training one epoch in 26.080 s
[DEV]   QWK:  0.771, PRS: 0.810, SPR: 0.791, RMSE: 0.921, (Best @ 5: {{0.771}}, 0.806, 0.784, 0.903)
[TEST]  QWK:  0.788, PRS: 0.822, SPR: 0.795, RMSE: 0.871 (Best @ 5: {{0.789}}, 0.808, 0.769, 0.858)
--------------------------------------------------------------------------------------------------------------------------
Epoch 10/50
Training one epoch in 26.129 s
[DEV]   QWK:  0.784, PRS: 0.818, SPR: 0.797, RMSE: 0.884, (Best @ 10: {{0.784}}, 0.818, 0.797, 0.884)
[TEST]  QWK:  0.774, PRS: 0.802, SPR: 0.765, RMSE: 0.881 (Best @ 10: {{0.774}}, 0.802, 0.765, 0.881)
--------------------------------------------------------------------------------------------------------------------------
Epoch 11/50
Training one epoch in 26.372 s
[DEV]   QWK:  0.803, PRS: 0.829, SPR: 0.811, RMSE: 0.864, (Best @ 11: {{0.803}}, 0.829, 0.811, 0.864)
[TEST]  QWK:  0.787, PRS: 0.813, SPR: 0.778, RMSE: 0.874 (Best @ 11: {{0.787}}, 0.813, 0.778, 0.874)
--------------------------------------------------------------------------------------------------------------------------
Epoch 12/50
Training one epoch in 26.204 s
[DEV]   QWK:  0.797, PRS: 0.816, SPR: 0.799, RMSE: 0.884, (Best @ 11: {{0.803}}, 0.829, 0.811, 0.864)
[TEST]  QWK:  0.802, PRS: 0.817, SPR: 0.779, RMSE: 0.855 (Best @ 11: {{0.787}}, 0.813, 0.778, 0.874)
--------------------------------------------------------------------------------------------------------------------------
Epoch 13/50
Training one epoch in 26.276 s
[DEV]   QWK:  0.785, PRS: 0.831, SPR: 0.816, RMSE: 0.871, (Best @ 11: {{0.803}}, 0.829, 0.811, 0.864)
[TEST]  QWK:  0.782, PRS: 0.813, SPR: 0.773, RMSE: 0.868 (Best @ 11: {{0.787}}, 0.813, 0.778, 0.874)
--------------------------------------------------------------------------------------------------------------------------
Epoch 14/50
Training one epoch in 26.135 s
[DEV]   QWK:  0.769, PRS: 0.812, SPR: 0.788, RMSE: 0.895, (Best @ 11: {{0.803}}, 0.829, 0.811, 0.864)
[TEST]  QWK:  0.772, PRS: 0.813, SPR: 0.776, RMSE: 0.855 (Best @ 11: {{0.787}}, 0.813, 0.778, 0.874)
--------------------------------------------------------------------------------------------------------------------------
Epoch 15/50
Training one epoch in 26.103 s
[DEV]   QWK:  0.793, PRS: 0.820, SPR: 0.800, RMSE: 0.890, (Best @ 11: {{0.803}}, 0.829, 0.811, 0.864)
[TEST]  QWK:  0.791, PRS: 0.803, SPR: 0.776, RMSE: 0.877 (Best @ 11: {{0.787}}, 0.813, 0.778, 0.874)
--------------------------------------------------------------------------------------------------------------------------
Epoch 16/50
Training one epoch in 26.284 s
[DEV]   QWK:  0.815, PRS: 0.827, SPR: 0.814, RMSE: 0.858, (Best @ 16: {{0.815}}, 0.827, 0.814, 0.858)
[TEST]  QWK:  0.809, PRS: 0.818, SPR: 0.784, RMSE: 0.851 (Best @ 16: {{0.809}}, 0.818, 0.784, 0.851)
--------------------------------------------------------------------------------------------------------------------------
Epoch 17/50
Training one epoch in 26.183 s
[DEV]   QWK:  0.778, PRS: 0.797, SPR: 0.782, RMSE: 0.935, (Best @ 16: {{0.815}}, 0.827, 0.814, 0.858)
[TEST]  QWK:  0.789, PRS: 0.805, SPR: 0.770, RMSE: 0.871 (Best @ 16: {{0.809}}, 0.818, 0.784, 0.851)
--------------------------------------------------------------------------------------------------------------------------
Epoch 18/50
Training one epoch in 26.176 s
[DEV]   QWK:  0.763, PRS: 0.818, SPR: 0.794, RMSE: 0.892, (Best @ 16: {{0.815}}, 0.827, 0.814, 0.858)
[TEST]  QWK:  0.765, PRS: 0.809, SPR: 0.758, RMSE: 0.861 (Best @ 16: {{0.809}}, 0.818, 0.784, 0.851)
--------------------------------------------------------------------------------------------------------------------------
Epoch 19/50
Training one epoch in 26.172 s
[DEV]   QWK:  0.778, PRS: 0.816, SPR: 0.785, RMSE: 0.953, (Best @ 16: {{0.815}}, 0.827, 0.814, 0.858)
[TEST]  QWK:  0.783, PRS: 0.808, SPR: 0.778, RMSE: 0.924 (Best @ 16: {{0.809}}, 0.818, 0.784, 0.851)
--------------------------------------------------------------------------------------------------------------------------
Epoch 20/50
Training one epoch in 26.169 s
[DEV]   QWK:  0.788, PRS: 0.819, SPR: 0.793, RMSE: 0.872, (Best @ 16: {{0.815}}, 0.827, 0.814, 0.858)
[TEST]  QWK:  0.771, PRS: 0.788, SPR: 0.739, RMSE: 0.890 (Best @ 16: {{0.809}}, 0.818, 0.784, 0.851)
--------------------------------------------------------------------------------------------------------------------------
Epoch 21/50
Training one epoch in 26.300 s
[DEV]   QWK:  0.761, PRS: 0.811, SPR: 0.772, RMSE: 0.977, (Best @ 16: {{0.815}}, 0.827, 0.814, 0.858)
[TEST]  QWK:  0.770, PRS: 0.816, SPR: 0.784, RMSE: 0.915 (Best @ 16: {{0.809}}, 0.818, 0.784, 0.851)
--------------------------------------------------------------------------------------------------------------------------
Epoch 22/50
Training one epoch in 26.197 s
[DEV]   QWK:  0.738, PRS: 0.803, SPR: 0.779, RMSE: 1.000, (Best @ 16: {{0.815}}, 0.827, 0.814, 0.858)
[TEST]  QWK:  0.740, PRS: 0.804, SPR: 0.771, RMSE: 0.957 (Best @ 16: {{0.809}}, 0.818, 0.784, 0.851)
--------------------------------------------------------------------------------------------------------------------------
Epoch 23/50
Training one epoch in 26.164 s
[DEV]   QWK:  0.758, PRS: 0.800, SPR: 0.772, RMSE: 0.966, (Best @ 16: {{0.815}}, 0.827, 0.814, 0.858)
[TEST]  QWK:  0.771, PRS: 0.805, SPR: 0.778, RMSE: 0.903 (Best @ 16: {{0.809}}, 0.818, 0.784, 0.851)
--------------------------------------------------------------------------------------------------------------------------
Epoch 24/50
Training one epoch in 26.099 s
[DEV]   QWK:  0.809, PRS: 0.818, SPR: 0.795, RMSE: 0.872, (Best @ 16: {{0.815}}, 0.827, 0.814, 0.858)
[TEST]  QWK:  0.803, PRS: 0.808, SPR: 0.763, RMSE: 0.864 (Best @ 16: {{0.809}}, 0.818, 0.784, 0.851)
--------------------------------------------------------------------------------------------------------------------------
Epoch 25/50
Training one epoch in 26.220 s
[DEV]   QWK:  0.805, PRS: 0.811, SPR: 0.791, RMSE: 0.898, (Best @ 16: {{0.815}}, 0.827, 0.814, 0.858)
[TEST]  QWK:  0.810, PRS: 0.813, SPR: 0.785, RMSE: 0.855 (Best @ 16: {{0.809}}, 0.818, 0.784, 0.851)
--------------------------------------------------------------------------------------------------------------------------
Epoch 26/50
Training one epoch in 26.300 s
[DEV]   QWK:  0.805, PRS: 0.821, SPR: 0.799, RMSE: 0.866, (Best @ 16: {{0.815}}, 0.827, 0.814, 0.858)
[TEST]  QWK:  0.800, PRS: 0.810, SPR: 0.766, RMSE: 0.855 (Best @ 16: {{0.809}}, 0.818, 0.784, 0.851)
--------------------------------------------------------------------------------------------------------------------------
Epoch 27/50
Training one epoch in 26.099 s
[DEV]   QWK:  0.782, PRS: 0.821, SPR: 0.789, RMSE: 0.955, (Best @ 16: {{0.815}}, 0.827, 0.814, 0.858)
[TEST]  QWK:  0.792, PRS: 0.829, SPR: 0.787, RMSE: 0.918 (Best @ 16: {{0.809}}, 0.818, 0.784, 0.851)
--------------------------------------------------------------------------------------------------------------------------
Epoch 28/50
Training one epoch in 26.220 s
[DEV]   QWK:  0.789, PRS: 0.817, SPR: 0.791, RMSE: 0.881, (Best @ 16: {{0.815}}, 0.827, 0.814, 0.858)
[TEST]  QWK:  0.783, PRS: 0.794, SPR: 0.751, RMSE: 0.887 (Best @ 16: {{0.809}}, 0.818, 0.784, 0.851)
--------------------------------------------------------------------------------------------------------------------------
Epoch 29/50
Training one epoch in 26.190 s
[DEV]   QWK:  0.782, PRS: 0.806, SPR: 0.785, RMSE: 0.983, (Best @ 16: {{0.815}}, 0.827, 0.814, 0.858)
[TEST]  QWK:  0.790, PRS: 0.819, SPR: 0.775, RMSE: 0.936 (Best @ 16: {{0.809}}, 0.818, 0.784, 0.851)
--------------------------------------------------------------------------------------------------------------------------
Epoch 30/50
Training one epoch in 26.321 s
[DEV]   QWK:  0.767, PRS: 0.797, SPR: 0.773, RMSE: 0.938, (Best @ 16: {{0.815}}, 0.827, 0.814, 0.858)
[TEST]  QWK:  0.785, PRS: 0.803, SPR: 0.764, RMSE: 0.874 (Best @ 16: {{0.809}}, 0.818, 0.784, 0.851)
--------------------------------------------------------------------------------------------------------------------------
Epoch 31/50
Training one epoch in 26.263 s
[DEV]   QWK:  0.807, PRS: 0.825, SPR: 0.803, RMSE: 0.887, (Best @ 16: {{0.815}}, 0.827, 0.814, 0.858)
[TEST]  QWK:  0.799, PRS: 0.824, SPR: 0.776, RMSE: 0.871 (Best @ 16: {{0.809}}, 0.818, 0.784, 0.851)
--------------------------------------------------------------------------------------------------------------------------
Epoch 32/50
Training one epoch in 26.205 s
[DEV]   QWK:  0.791, PRS: 0.802, SPR: 0.783, RMSE: 0.933, (Best @ 16: {{0.815}}, 0.827, 0.814, 0.858)
[TEST]  QWK:  0.797, PRS: 0.803, SPR: 0.763, RMSE: 0.906 (Best @ 16: {{0.809}}, 0.818, 0.784, 0.851)
--------------------------------------------------------------------------------------------------------------------------
Epoch 33/50
Training one epoch in 26.290 s
[DEV]   QWK:  0.802, PRS: 0.828, SPR: 0.800, RMSE: 0.871, (Best @ 16: {{0.815}}, 0.827, 0.814, 0.858)
[TEST]  QWK:  0.808, PRS: 0.820, SPR: 0.773, RMSE: 0.848 (Best @ 16: {{0.809}}, 0.818, 0.784, 0.851)
--------------------------------------------------------------------------------------------------------------------------
Epoch 34/50
Training one epoch in 26.337 s
[DEV]   QWK:  0.797, PRS: 0.821, SPR: 0.794, RMSE: 0.879, (Best @ 16: {{0.815}}, 0.827, 0.814, 0.858)
[TEST]  QWK:  0.776, PRS: 0.791, SPR: 0.736, RMSE: 0.906 (Best @ 16: {{0.809}}, 0.818, 0.784, 0.851)
--------------------------------------------------------------------------------------------------------------------------
Epoch 35/50
Training one epoch in 26.256 s
[DEV]   QWK:  0.798, PRS: 0.805, SPR: 0.780, RMSE: 0.904, (Best @ 16: {{0.815}}, 0.827, 0.814, 0.858)
[TEST]  QWK:  0.805, PRS: 0.812, SPR: 0.759, RMSE: 0.855 (Best @ 16: {{0.809}}, 0.818, 0.784, 0.851)
--------------------------------------------------------------------------------------------------------------------------
Epoch 36/50
Training one epoch in 26.272 s
[DEV]   QWK:  0.813, PRS: 0.825, SPR: 0.802, RMSE: 0.868, (Best @ 16: {{0.815}}, 0.827, 0.814, 0.858)
[TEST]  QWK:  0.809, PRS: 0.819, SPR: 0.764, RMSE: 0.851 (Best @ 16: {{0.809}}, 0.818, 0.784, 0.851)
--------------------------------------------------------------------------------------------------------------------------
Epoch 37/50
Training one epoch in 26.222 s
[DEV]   QWK:  0.788, PRS: 0.806, SPR: 0.775, RMSE: 0.899, (Best @ 16: {{0.815}}, 0.827, 0.814, 0.858)
[TEST]  QWK:  0.785, PRS: 0.796, SPR: 0.747, RMSE: 0.877 (Best @ 16: {{0.809}}, 0.818, 0.784, 0.851)
--------------------------------------------------------------------------------------------------------------------------
Epoch 38/50
Training one epoch in 26.395 s
[DEV]   QWK:  0.787, PRS: 0.800, SPR: 0.772, RMSE: 0.920, (Best @ 16: {{0.815}}, 0.827, 0.814, 0.858)
[TEST]  QWK:  0.791, PRS: 0.803, SPR: 0.741, RMSE: 0.877 (Best @ 16: {{0.809}}, 0.818, 0.784, 0.851)
--------------------------------------------------------------------------------------------------------------------------
Epoch 39/50
Training one epoch in 26.298 s
[DEV]   QWK:  0.790, PRS: 0.811, SPR: 0.783, RMSE: 0.916, (Best @ 16: {{0.815}}, 0.827, 0.814, 0.858)
[TEST]  QWK:  0.801, PRS: 0.816, SPR: 0.763, RMSE: 0.864 (Best @ 16: {{0.809}}, 0.818, 0.784, 0.851)
--------------------------------------------------------------------------------------------------------------------------
Epoch 40/50
Training one epoch in 26.292 s
[DEV]   QWK:  0.807, PRS: 0.811, SPR: 0.785, RMSE: 0.895, (Best @ 16: {{0.815}}, 0.827, 0.814, 0.858)
[TEST]  QWK:  0.817, PRS: 0.819, SPR: 0.761, RMSE: 0.851 (Best @ 16: {{0.809}}, 0.818, 0.784, 0.851)
--------------------------------------------------------------------------------------------------------------------------
Epoch 41/50
Training one epoch in 26.365 s
[DEV]   QWK:  0.761, PRS: 0.805, SPR: 0.780, RMSE: 1.001, (Best @ 16: {{0.815}}, 0.827, 0.814, 0.858)
[TEST]  QWK:  0.765, PRS: 0.807, SPR: 0.781, RMSE: 0.974 (Best @ 16: {{0.809}}, 0.818, 0.784, 0.851)
--------------------------------------------------------------------------------------------------------------------------
Epoch 42/50
Training one epoch in 26.257 s
[DEV]   QWK:  0.797, PRS: 0.800, SPR: 0.778, RMSE: 0.933, (Best @ 16: {{0.815}}, 0.827, 0.814, 0.858)
[TEST]  QWK:  0.789, PRS: 0.794, SPR: 0.744, RMSE: 0.909 (Best @ 16: {{0.809}}, 0.818, 0.784, 0.851)
--------------------------------------------------------------------------------------------------------------------------
Epoch 43/50
Training one epoch in 26.235 s
[DEV]   QWK:  0.802, PRS: 0.808, SPR: 0.784, RMSE: 0.904, (Best @ 16: {{0.815}}, 0.827, 0.814, 0.858)
[TEST]  QWK:  0.799, PRS: 0.800, SPR: 0.751, RMSE: 0.906 (Best @ 16: {{0.809}}, 0.818, 0.784, 0.851)
--------------------------------------------------------------------------------------------------------------------------
Epoch 44/50
Training one epoch in 26.307 s
[DEV]   QWK:  0.793, PRS: 0.804, SPR: 0.768, RMSE: 0.912, (Best @ 16: {{0.815}}, 0.827, 0.814, 0.858)
[TEST]  QWK:  0.808, PRS: 0.820, SPR: 0.768, RMSE: 0.841 (Best @ 16: {{0.809}}, 0.818, 0.784, 0.851)
--------------------------------------------------------------------------------------------------------------------------
Epoch 45/50
Training one epoch in 26.316 s
[DEV]   QWK:  0.790, PRS: 0.803, SPR: 0.774, RMSE: 0.918, (Best @ 16: {{0.815}}, 0.827, 0.814, 0.858)
[TEST]  QWK:  0.791, PRS: 0.801, SPR: 0.760, RMSE: 0.887 (Best @ 16: {{0.809}}, 0.818, 0.784, 0.851)
--------------------------------------------------------------------------------------------------------------------------
Epoch 46/50
Training one epoch in 26.280 s
[DEV]   QWK:  0.784, PRS: 0.799, SPR: 0.773, RMSE: 0.909, (Best @ 16: {{0.815}}, 0.827, 0.814, 0.858)
[TEST]  QWK:  0.807, PRS: 0.816, SPR: 0.763, RMSE: 0.838 (Best @ 16: {{0.809}}, 0.818, 0.784, 0.851)
--------------------------------------------------------------------------------------------------------------------------
Epoch 47/50
Training one epoch in 26.291 s
[DEV]   QWK:  0.785, PRS: 0.801, SPR: 0.766, RMSE: 0.907, (Best @ 16: {{0.815}}, 0.827, 0.814, 0.858)
[TEST]  QWK:  0.787, PRS: 0.797, SPR: 0.762, RMSE: 0.877 (Best @ 16: {{0.809}}, 0.818, 0.784, 0.851)
--------------------------------------------------------------------------------------------------------------------------
Epoch 48/50
Training one epoch in 26.335 s
[DEV]   QWK:  0.786, PRS: 0.796, SPR: 0.766, RMSE: 0.945, (Best @ 16: {{0.815}}, 0.827, 0.814, 0.858)
[TEST]  QWK:  0.787, PRS: 0.791, SPR: 0.742, RMSE: 0.912 (Best @ 16: {{0.809}}, 0.818, 0.784, 0.851)
--------------------------------------------------------------------------------------------------------------------------
Epoch 49/50
Training one epoch in 26.325 s
[DEV]   QWK:  0.764, PRS: 0.793, SPR: 0.766, RMSE: 0.923, (Best @ 16: {{0.815}}, 0.827, 0.814, 0.858)
[TEST]  QWK:  0.778, PRS: 0.796, SPR: 0.750, RMSE: 0.874 (Best @ 16: {{0.809}}, 0.818, 0.784, 0.851)
--------------------------------------------------------------------------------------------------------------------------
Epoch 50/50
Training one epoch in 26.337 s
[DEV]   QWK:  0.788, PRS: 0.802, SPR: 0.773, RMSE: 0.955, (Best @ 16: {{0.815}}, 0.827, 0.814, 0.858)
[TEST]  QWK:  0.798, PRS: 0.817, SPR: 0.768, RMSE: 0.899 (Best @ 16: {{0.809}}, 0.818, 0.784, 0.851)
--------------------------------------------------------------------------------------------------------------------------
