X_train shape: (507, 4850)
Initial evaluation: 
[DEV]   QWK:  0.000, PRS: 0.000, SPR: 0.000, RMSE: 9.448, (Best @ -1: {{0.000}}, 0.000, 0.000, 9.448)
[TEST]  QWK:  0.000, PRS: 0.000, SPR: 0.000, RMSE: 8.814 (Best @ -1: {{0.000}}, 0.000, 0.000, 8.814)
--------------------------------------------------------------------------------------------------------------------------
Train model
Epoch 1/50
Training one epoch in 17.335 s
[DEV]   QWK:  0.344, PRS: 0.566, SPR: 0.526, RMSE: 5.386, (Best @ 1: {{0.344}}, 0.566, 0.526, 5.386)
[TEST]  QWK:  0.416, PRS: 0.660, SPR: 0.596, RMSE: 4.997 (Best @ 1: {{0.416}}, 0.660, 0.596, 4.997)
--------------------------------------------------------------------------------------------------------------------------
Epoch 2/50
Training one epoch in 14.164 s
[DEV]   QWK:  0.402, PRS: 0.566, SPR: 0.538, RMSE: 5.184, (Best @ 2: {{0.402}}, 0.566, 0.538, 5.184)
[TEST]  QWK:  0.463, PRS: 0.653, SPR: 0.573, RMSE: 4.876 (Best @ 2: {{0.463}}, 0.653, 0.573, 4.876)
--------------------------------------------------------------------------------------------------------------------------
Epoch 3/50
Training one epoch in 14.232 s
[DEV]   QWK:  0.476, PRS: 0.596, SPR: 0.569, RMSE: 5.081, (Best @ 3: {{0.476}}, 0.596, 0.569, 5.081)
[TEST]  QWK:  0.505, PRS: 0.676, SPR: 0.601, RMSE: 5.088 (Best @ 3: {{0.505}}, 0.676, 0.601, 5.088)
--------------------------------------------------------------------------------------------------------------------------
Epoch 4/50
Training one epoch in 14.125 s
[DEV]   QWK:  0.516, PRS: 0.645, SPR: 0.609, RMSE: 5.093, (Best @ 4: {{0.516}}, 0.645, 0.609, 5.093)
[TEST]  QWK:  0.517, PRS: 0.715, SPR: 0.630, RMSE: 5.368 (Best @ 4: {{0.517}}, 0.715, 0.630, 5.368)
--------------------------------------------------------------------------------------------------------------------------
Epoch 5/50
Training one epoch in 14.262 s
[DEV]   QWK:  0.521, PRS: 0.675, SPR: 0.658, RMSE: 4.827, (Best @ 5: {{0.521}}, 0.675, 0.658, 4.827)
[TEST]  QWK:  0.582, PRS: 0.729, SPR: 0.659, RMSE: 4.439 (Best @ 5: {{0.582}}, 0.729, 0.659, 4.439)
--------------------------------------------------------------------------------------------------------------------------
Epoch 6/50
Training one epoch in 14.231 s
[DEV]   QWK:  0.597, PRS: 0.691, SPR: 0.661, RMSE: 4.508, (Best @ 6: {{0.597}}, 0.691, 0.661, 4.508)
[TEST]  QWK:  0.623, PRS: 0.776, SPR: 0.696, RMSE: 4.512 (Best @ 6: {{0.623}}, 0.776, 0.696, 4.512)
--------------------------------------------------------------------------------------------------------------------------
Epoch 7/50
Training one epoch in 14.221 s
[DEV]   QWK:  0.627, PRS: 0.708, SPR: 0.680, RMSE: 4.586, (Best @ 7: {{0.627}}, 0.708, 0.680, 4.586)
[TEST]  QWK:  0.619, PRS: 0.791, SPR: 0.713, RMSE: 4.866 (Best @ 7: {{0.619}}, 0.791, 0.713, 4.866)
--------------------------------------------------------------------------------------------------------------------------
Epoch 8/50
Training one epoch in 14.287 s
[DEV]   QWK:  0.615, PRS: 0.715, SPR: 0.680, RMSE: 4.401, (Best @ 7: {{0.627}}, 0.708, 0.680, 4.586)
[TEST]  QWK:  0.639, PRS: 0.798, SPR: 0.736, RMSE: 4.405 (Best @ 7: {{0.619}}, 0.791, 0.713, 4.866)
--------------------------------------------------------------------------------------------------------------------------
Epoch 9/50
Training one epoch in 14.261 s
[DEV]   QWK:  0.586, PRS: 0.706, SPR: 0.672, RMSE: 4.567, (Best @ 7: {{0.627}}, 0.708, 0.680, 4.586)
[TEST]  QWK:  0.596, PRS: 0.803, SPR: 0.743, RMSE: 4.687 (Best @ 7: {{0.619}}, 0.791, 0.713, 4.866)
--------------------------------------------------------------------------------------------------------------------------
Epoch 10/50
Training one epoch in 14.198 s
[DEV]   QWK:  0.566, PRS: 0.720, SPR: 0.691, RMSE: 4.587, (Best @ 7: {{0.627}}, 0.708, 0.680, 4.586)
[TEST]  QWK:  0.635, PRS: 0.800, SPR: 0.760, RMSE: 4.148 (Best @ 7: {{0.619}}, 0.791, 0.713, 4.866)
--------------------------------------------------------------------------------------------------------------------------
Epoch 11/50
Training one epoch in 14.255 s
[DEV]   QWK:  0.647, PRS: 0.718, SPR: 0.694, RMSE: 4.305, (Best @ 11: {{0.647}}, 0.718, 0.694, 4.305)
[TEST]  QWK:  0.690, PRS: 0.815, SPR: 0.772, RMSE: 4.089 (Best @ 11: {{0.690}}, 0.815, 0.772, 4.089)
--------------------------------------------------------------------------------------------------------------------------
Epoch 12/50
Training one epoch in 14.190 s
[DEV]   QWK:  0.634, PRS: 0.716, SPR: 0.692, RMSE: 4.380, (Best @ 11: {{0.647}}, 0.718, 0.694, 4.305)
[TEST]  QWK:  0.716, PRS: 0.821, SPR: 0.795, RMSE: 3.850 (Best @ 11: {{0.690}}, 0.815, 0.772, 4.089)
--------------------------------------------------------------------------------------------------------------------------
Epoch 13/50
Training one epoch in 14.185 s
[DEV]   QWK:  0.550, PRS: 0.720, SPR: 0.695, RMSE: 4.903, (Best @ 11: {{0.647}}, 0.718, 0.694, 4.305)
[TEST]  QWK:  0.662, PRS: 0.811, SPR: 0.781, RMSE: 4.059 (Best @ 11: {{0.690}}, 0.815, 0.772, 4.089)
--------------------------------------------------------------------------------------------------------------------------
Epoch 14/50
Training one epoch in 14.250 s
[DEV]   QWK:  0.614, PRS: 0.734, SPR: 0.702, RMSE: 4.505, (Best @ 11: {{0.647}}, 0.718, 0.694, 4.305)
[TEST]  QWK:  0.717, PRS: 0.825, SPR: 0.801, RMSE: 3.779 (Best @ 11: {{0.690}}, 0.815, 0.772, 4.089)
--------------------------------------------------------------------------------------------------------------------------
Epoch 15/50
Training one epoch in 14.288 s
[DEV]   QWK:  0.666, PRS: 0.730, SPR: 0.703, RMSE: 4.275, (Best @ 15: {{0.666}}, 0.730, 0.703, 4.275)
[TEST]  QWK:  0.689, PRS: 0.825, SPR: 0.794, RMSE: 4.270 (Best @ 15: {{0.689}}, 0.825, 0.794, 4.270)
--------------------------------------------------------------------------------------------------------------------------
Epoch 16/50
Training one epoch in 14.190 s
[DEV]   QWK:  0.485, PRS: 0.727, SPR: 0.705, RMSE: 5.747, (Best @ 15: {{0.666}}, 0.730, 0.703, 4.275)
[TEST]  QWK:  0.631, PRS: 0.811, SPR: 0.803, RMSE: 4.554 (Best @ 15: {{0.689}}, 0.825, 0.794, 4.270)
--------------------------------------------------------------------------------------------------------------------------
Epoch 17/50
Training one epoch in 14.209 s
[DEV]   QWK:  0.630, PRS: 0.725, SPR: 0.709, RMSE: 4.421, (Best @ 15: {{0.666}}, 0.730, 0.703, 4.275)
[TEST]  QWK:  0.713, PRS: 0.807, SPR: 0.820, RMSE: 3.862 (Best @ 15: {{0.689}}, 0.825, 0.794, 4.270)
--------------------------------------------------------------------------------------------------------------------------
Epoch 18/50
Training one epoch in 14.226 s
[DEV]   QWK:  0.593, PRS: 0.724, SPR: 0.699, RMSE: 4.818, (Best @ 15: {{0.666}}, 0.730, 0.703, 4.275)
[TEST]  QWK:  0.723, PRS: 0.814, SPR: 0.807, RMSE: 3.821 (Best @ 15: {{0.689}}, 0.825, 0.794, 4.270)
--------------------------------------------------------------------------------------------------------------------------
Epoch 19/50
Training one epoch in 14.178 s
[DEV]   QWK:  0.601, PRS: 0.742, SPR: 0.708, RMSE: 4.702, (Best @ 15: {{0.666}}, 0.730, 0.703, 4.275)
[TEST]  QWK:  0.714, PRS: 0.824, SPR: 0.795, RMSE: 3.826 (Best @ 15: {{0.689}}, 0.825, 0.794, 4.270)
--------------------------------------------------------------------------------------------------------------------------
Epoch 20/50
Training one epoch in 14.230 s
[DEV]   QWK:  0.689, PRS: 0.737, SPR: 0.708, RMSE: 4.331, (Best @ 20: {{0.689}}, 0.737, 0.708, 4.331)
[TEST]  QWK:  0.789, PRS: 0.828, SPR: 0.819, RMSE: 3.512 (Best @ 20: {{0.789}}, 0.828, 0.819, 3.512)
--------------------------------------------------------------------------------------------------------------------------
Epoch 21/50
Training one epoch in 14.165 s
[DEV]   QWK:  0.669, PRS: 0.733, SPR: 0.714, RMSE: 4.538, (Best @ 20: {{0.689}}, 0.737, 0.708, 4.331)
[TEST]  QWK:  0.627, PRS: 0.814, SPR: 0.808, RMSE: 5.040 (Best @ 20: {{0.789}}, 0.828, 0.819, 3.512)
--------------------------------------------------------------------------------------------------------------------------
Epoch 22/50
Training one epoch in 14.149 s
[DEV]   QWK:  0.672, PRS: 0.736, SPR: 0.709, RMSE: 4.255, (Best @ 20: {{0.689}}, 0.737, 0.708, 4.331)
[TEST]  QWK:  0.699, PRS: 0.827, SPR: 0.794, RMSE: 4.269 (Best @ 20: {{0.789}}, 0.828, 0.819, 3.512)
--------------------------------------------------------------------------------------------------------------------------
Epoch 23/50
Training one epoch in 14.155 s
[DEV]   QWK:  0.704, PRS: 0.740, SPR: 0.707, RMSE: 4.137, (Best @ 23: {{0.704}}, 0.740, 0.707, 4.137)
[TEST]  QWK:  0.738, PRS: 0.828, SPR: 0.807, RMSE: 4.002 (Best @ 23: {{0.738}}, 0.828, 0.807, 4.002)
--------------------------------------------------------------------------------------------------------------------------
Epoch 24/50
Training one epoch in 14.220 s
[DEV]   QWK:  0.717, PRS: 0.736, SPR: 0.712, RMSE: 4.220, (Best @ 24: {{0.717}}, 0.736, 0.712, 4.220)
[TEST]  QWK:  0.739, PRS: 0.819, SPR: 0.801, RMSE: 4.153 (Best @ 24: {{0.739}}, 0.819, 0.801, 4.153)
--------------------------------------------------------------------------------------------------------------------------
Epoch 25/50
Training one epoch in 14.177 s
[DEV]   QWK:  0.611, PRS: 0.728, SPR: 0.701, RMSE: 4.713, (Best @ 24: {{0.717}}, 0.736, 0.712, 4.220)
[TEST]  QWK:  0.741, PRS: 0.812, SPR: 0.800, RMSE: 3.753 (Best @ 24: {{0.739}}, 0.819, 0.801, 4.153)
--------------------------------------------------------------------------------------------------------------------------
Epoch 26/50
Training one epoch in 14.227 s
[DEV]   QWK:  0.710, PRS: 0.740, SPR: 0.708, RMSE: 4.136, (Best @ 24: {{0.717}}, 0.736, 0.712, 4.220)
[TEST]  QWK:  0.770, PRS: 0.821, SPR: 0.805, RMSE: 3.747 (Best @ 24: {{0.739}}, 0.819, 0.801, 4.153)
--------------------------------------------------------------------------------------------------------------------------
Epoch 27/50
Training one epoch in 14.175 s
[DEV]   QWK:  0.654, PRS: 0.737, SPR: 0.705, RMSE: 4.478, (Best @ 24: {{0.717}}, 0.736, 0.712, 4.220)
[TEST]  QWK:  0.776, PRS: 0.823, SPR: 0.804, RMSE: 3.563 (Best @ 24: {{0.739}}, 0.819, 0.801, 4.153)
--------------------------------------------------------------------------------------------------------------------------
Epoch 28/50
Training one epoch in 14.303 s
[DEV]   QWK:  0.627, PRS: 0.739, SPR: 0.712, RMSE: 4.565, (Best @ 24: {{0.717}}, 0.736, 0.712, 4.220)
[TEST]  QWK:  0.756, PRS: 0.822, SPR: 0.805, RMSE: 3.653 (Best @ 24: {{0.739}}, 0.819, 0.801, 4.153)
--------------------------------------------------------------------------------------------------------------------------
Epoch 29/50
Training one epoch in 14.300 s
[DEV]   QWK:  0.687, PRS: 0.748, SPR: 0.718, RMSE: 4.140, (Best @ 24: {{0.717}}, 0.736, 0.712, 4.220)
[TEST]  QWK:  0.733, PRS: 0.836, SPR: 0.805, RMSE: 3.990 (Best @ 24: {{0.739}}, 0.819, 0.801, 4.153)
--------------------------------------------------------------------------------------------------------------------------
Epoch 30/50
Training one epoch in 14.321 s
[DEV]   QWK:  0.631, PRS: 0.738, SPR: 0.713, RMSE: 4.557, (Best @ 24: {{0.717}}, 0.736, 0.712, 4.220)
[TEST]  QWK:  0.758, PRS: 0.827, SPR: 0.821, RMSE: 3.631 (Best @ 24: {{0.739}}, 0.819, 0.801, 4.153)
--------------------------------------------------------------------------------------------------------------------------
Epoch 31/50
Training one epoch in 14.174 s
[DEV]   QWK:  0.694, PRS: 0.729, SPR: 0.712, RMSE: 4.236, (Best @ 24: {{0.717}}, 0.736, 0.712, 4.220)
[TEST]  QWK:  0.719, PRS: 0.805, SPR: 0.811, RMSE: 4.249 (Best @ 24: {{0.739}}, 0.819, 0.801, 4.153)
--------------------------------------------------------------------------------------------------------------------------
Epoch 32/50
Training one epoch in 14.218 s
[DEV]   QWK:  0.730, PRS: 0.749, SPR: 0.714, RMSE: 4.078, (Best @ 32: {{0.730}}, 0.749, 0.714, 4.078)
[TEST]  QWK:  0.762, PRS: 0.814, SPR: 0.800, RMSE: 3.981 (Best @ 32: {{0.762}}, 0.814, 0.800, 3.981)
--------------------------------------------------------------------------------------------------------------------------
Epoch 33/50
Training one epoch in 14.230 s
[DEV]   QWK:  0.742, PRS: 0.750, SPR: 0.716, RMSE: 4.163, (Best @ 33: {{0.742}}, 0.750, 0.716, 4.163)
[TEST]  QWK:  0.753, PRS: 0.814, SPR: 0.790, RMSE: 4.223 (Best @ 33: {{0.753}}, 0.814, 0.790, 4.223)
--------------------------------------------------------------------------------------------------------------------------
Epoch 34/50
Training one epoch in 14.146 s
[DEV]   QWK:  0.700, PRS: 0.746, SPR: 0.713, RMSE: 4.220, (Best @ 33: {{0.742}}, 0.750, 0.716, 4.163)
[TEST]  QWK:  0.794, PRS: 0.825, SPR: 0.806, RMSE: 3.514 (Best @ 33: {{0.753}}, 0.814, 0.790, 4.223)
--------------------------------------------------------------------------------------------------------------------------
Epoch 35/50
Training one epoch in 14.216 s
[DEV]   QWK:  0.612, PRS: 0.741, SPR: 0.714, RMSE: 5.418, (Best @ 33: {{0.742}}, 0.750, 0.716, 4.163)
[TEST]  QWK:  0.585, PRS: 0.819, SPR: 0.797, RMSE: 6.109 (Best @ 33: {{0.753}}, 0.814, 0.790, 4.223)
--------------------------------------------------------------------------------------------------------------------------
Epoch 36/50
Training one epoch in 14.199 s
[DEV]   QWK:  0.696, PRS: 0.765, SPR: 0.726, RMSE: 4.086, (Best @ 33: {{0.742}}, 0.750, 0.716, 4.163)
[TEST]  QWK:  0.765, PRS: 0.826, SPR: 0.805, RMSE: 3.632 (Best @ 33: {{0.753}}, 0.814, 0.790, 4.223)
--------------------------------------------------------------------------------------------------------------------------
Epoch 37/50
Training one epoch in 14.196 s
[DEV]   QWK:  0.692, PRS: 0.762, SPR: 0.725, RMSE: 4.152, (Best @ 33: {{0.742}}, 0.750, 0.716, 4.163)
[TEST]  QWK:  0.695, PRS: 0.814, SPR: 0.792, RMSE: 4.349 (Best @ 33: {{0.753}}, 0.814, 0.790, 4.223)
--------------------------------------------------------------------------------------------------------------------------
Epoch 38/50
Training one epoch in 14.222 s
[DEV]   QWK:  0.731, PRS: 0.741, SPR: 0.713, RMSE: 4.180, (Best @ 33: {{0.742}}, 0.750, 0.716, 4.163)
[TEST]  QWK:  0.777, PRS: 0.818, SPR: 0.799, RMSE: 3.965 (Best @ 33: {{0.753}}, 0.814, 0.790, 4.223)
--------------------------------------------------------------------------------------------------------------------------
Epoch 39/50
Training one epoch in 14.273 s
[DEV]   QWK:  0.721, PRS: 0.744, SPR: 0.707, RMSE: 4.099, (Best @ 33: {{0.742}}, 0.750, 0.716, 4.163)
[TEST]  QWK:  0.769, PRS: 0.812, SPR: 0.789, RMSE: 3.862 (Best @ 33: {{0.753}}, 0.814, 0.790, 4.223)
--------------------------------------------------------------------------------------------------------------------------
Epoch 40/50
Training one epoch in 14.313 s
[DEV]   QWK:  0.692, PRS: 0.743, SPR: 0.709, RMSE: 4.161, (Best @ 33: {{0.742}}, 0.750, 0.716, 4.163)
[TEST]  QWK:  0.762, PRS: 0.805, SPR: 0.785, RMSE: 3.760 (Best @ 33: {{0.753}}, 0.814, 0.790, 4.223)
--------------------------------------------------------------------------------------------------------------------------
Epoch 41/50
Training one epoch in 14.236 s
[DEV]   QWK:  0.712, PRS: 0.759, SPR: 0.715, RMSE: 4.116, (Best @ 33: {{0.742}}, 0.750, 0.716, 4.163)
[TEST]  QWK:  0.792, PRS: 0.815, SPR: 0.793, RMSE: 3.586 (Best @ 33: {{0.753}}, 0.814, 0.790, 4.223)
--------------------------------------------------------------------------------------------------------------------------
Epoch 42/50
Training one epoch in 14.220 s
[DEV]   QWK:  0.590, PRS: 0.724, SPR: 0.694, RMSE: 5.005, (Best @ 33: {{0.742}}, 0.750, 0.716, 4.163)
[TEST]  QWK:  0.725, PRS: 0.795, SPR: 0.794, RMSE: 3.990 (Best @ 33: {{0.753}}, 0.814, 0.790, 4.223)
--------------------------------------------------------------------------------------------------------------------------
Epoch 43/50
Training one epoch in 14.207 s
[DEV]   QWK:  0.666, PRS: 0.719, SPR: 0.690, RMSE: 4.477, (Best @ 33: {{0.742}}, 0.750, 0.716, 4.163)
[TEST]  QWK:  0.792, PRS: 0.810, SPR: 0.789, RMSE: 3.600 (Best @ 33: {{0.753}}, 0.814, 0.790, 4.223)
--------------------------------------------------------------------------------------------------------------------------
Epoch 44/50
Training one epoch in 14.291 s
[DEV]   QWK:  0.682, PRS: 0.747, SPR: 0.715, RMSE: 4.157, (Best @ 33: {{0.742}}, 0.750, 0.716, 4.163)
[TEST]  QWK:  0.714, PRS: 0.814, SPR: 0.780, RMSE: 4.135 (Best @ 33: {{0.753}}, 0.814, 0.790, 4.223)
--------------------------------------------------------------------------------------------------------------------------
Epoch 45/50
Training one epoch in 14.136 s
[DEV]   QWK:  0.711, PRS: 0.743, SPR: 0.702, RMSE: 4.156, (Best @ 33: {{0.742}}, 0.750, 0.716, 4.163)
[TEST]  QWK:  0.777, PRS: 0.805, SPR: 0.785, RMSE: 3.731 (Best @ 33: {{0.753}}, 0.814, 0.790, 4.223)
--------------------------------------------------------------------------------------------------------------------------
Epoch 46/50
