X_train shape: (1241, 1150)
Initial evaluation: 
[DEV]   QWK:  0.000, PRS: 0.000, SPR: 0.000, RMSE: 1.050, (Best @ -1: {{0.000}}, 0.000, 0.000, 1.050)
[TEST]  QWK:  0.000, PRS: 0.000, SPR: 0.000, RMSE: 1.076 (Best @ -1: {{0.000}}, 0.000, 0.000, 1.076)
--------------------------------------------------------------------------------------------------------------------------
Train model
Epoch 1/50
Training one epoch in 10.246 s
[DEV]   QWK:  0.709, PRS: 0.785, SPR: 0.788, RMSE: 0.723, (Best @ 1: {{0.709}}, 0.785, 0.788, 0.723)
[TEST]  QWK:  0.644, PRS: 0.775, SPR: 0.777, RMSE: 0.795 (Best @ 1: {{0.644}}, 0.775, 0.777, 0.795)
--------------------------------------------------------------------------------------------------------------------------
Epoch 2/50
Training one epoch in 7.954 s
[DEV]   QWK:  0.691, PRS: 0.739, SPR: 0.757, RMSE: 0.674, (Best @ 1: {{0.709}}, 0.785, 0.788, 0.723)
[TEST]  QWK:  0.653, PRS: 0.729, SPR: 0.745, RMSE: 0.721 (Best @ 1: {{0.644}}, 0.775, 0.777, 0.795)
--------------------------------------------------------------------------------------------------------------------------
Epoch 3/50
Training one epoch in 7.998 s
[DEV]   QWK:  0.615, PRS: 0.734, SPR: 0.736, RMSE: 0.755, (Best @ 1: {{0.709}}, 0.785, 0.788, 0.723)
[TEST]  QWK:  0.691, PRS: 0.795, SPR: 0.797, RMSE: 0.660 (Best @ 1: {{0.644}}, 0.775, 0.777, 0.795)
--------------------------------------------------------------------------------------------------------------------------
Epoch 4/50
Training one epoch in 7.995 s
[DEV]   QWK:  0.765, PRS: 0.779, SPR: 0.796, RMSE: 0.627, (Best @ 4: {{0.765}}, 0.779, 0.796, 0.627)
[TEST]  QWK:  0.765, PRS: 0.788, SPR: 0.791, RMSE: 0.638 (Best @ 4: {{0.765}}, 0.788, 0.791, 0.638)
--------------------------------------------------------------------------------------------------------------------------
Epoch 5/50
Training one epoch in 7.976 s
[DEV]   QWK:  0.723, PRS: 0.807, SPR: 0.810, RMSE: 0.703, (Best @ 4: {{0.765}}, 0.779, 0.796, 0.627)
[TEST]  QWK:  0.736, PRS: 0.809, SPR: 0.817, RMSE: 0.660 (Best @ 4: {{0.765}}, 0.788, 0.791, 0.638)
--------------------------------------------------------------------------------------------------------------------------
Epoch 6/50
Training one epoch in 8.008 s
[DEV]   QWK:  0.733, PRS: 0.821, SPR: 0.829, RMSE: 0.723, (Best @ 4: {{0.765}}, 0.779, 0.796, 0.627)
[TEST]  QWK:  0.768, PRS: 0.826, SPR: 0.837, RMSE: 0.655 (Best @ 4: {{0.765}}, 0.788, 0.791, 0.638)
--------------------------------------------------------------------------------------------------------------------------
Epoch 7/50
Training one epoch in 8.013 s
[DEV]   QWK:  0.734, PRS: 0.793, SPR: 0.804, RMSE: 0.649, (Best @ 4: {{0.765}}, 0.779, 0.796, 0.627)
[TEST]  QWK:  0.765, PRS: 0.813, SPR: 0.818, RMSE: 0.601 (Best @ 4: {{0.765}}, 0.788, 0.791, 0.638)
--------------------------------------------------------------------------------------------------------------------------
Epoch 8/50
Training one epoch in 8.016 s
[DEV]   QWK:  0.839, PRS: 0.855, SPR: 0.862, RMSE: 0.601, (Best @ 8: {{0.839}}, 0.855, 0.862, 0.601)
[TEST]  QWK:  0.805, PRS: 0.815, SPR: 0.819, RMSE: 0.655 (Best @ 8: {{0.805}}, 0.815, 0.819, 0.655)
--------------------------------------------------------------------------------------------------------------------------
Epoch 9/50
Training one epoch in 7.999 s
[DEV]   QWK:  0.792, PRS: 0.828, SPR: 0.836, RMSE: 0.647, (Best @ 8: {{0.839}}, 0.855, 0.862, 0.601)
[TEST]  QWK:  0.793, PRS: 0.809, SPR: 0.819, RMSE: 0.633 (Best @ 8: {{0.805}}, 0.815, 0.819, 0.655)
--------------------------------------------------------------------------------------------------------------------------
Epoch 10/50
Training one epoch in 8.013 s
[DEV]   QWK:  0.756, PRS: 0.790, SPR: 0.819, RMSE: 0.604, (Best @ 8: {{0.839}}, 0.855, 0.862, 0.601)
[TEST]  QWK:  0.747, PRS: 0.779, SPR: 0.800, RMSE: 0.615 (Best @ 8: {{0.805}}, 0.815, 0.819, 0.655)
--------------------------------------------------------------------------------------------------------------------------
Epoch 11/50
Training one epoch in 8.019 s
[DEV]   QWK:  0.782, PRS: 0.807, SPR: 0.827, RMSE: 0.587, (Best @ 8: {{0.839}}, 0.855, 0.862, 0.601)
[TEST]  QWK:  0.764, PRS: 0.791, SPR: 0.801, RMSE: 0.624 (Best @ 8: {{0.805}}, 0.815, 0.819, 0.655)
--------------------------------------------------------------------------------------------------------------------------
Epoch 12/50
Training one epoch in 8.019 s
[DEV]   QWK:  0.732, PRS: 0.795, SPR: 0.805, RMSE: 0.638, (Best @ 8: {{0.839}}, 0.855, 0.862, 0.601)
[TEST]  QWK:  0.680, PRS: 0.755, SPR: 0.758, RMSE: 0.717 (Best @ 8: {{0.805}}, 0.815, 0.819, 0.655)
--------------------------------------------------------------------------------------------------------------------------
Epoch 13/50
Training one epoch in 7.993 s
[DEV]   QWK:  0.825, PRS: 0.843, SPR: 0.851, RMSE: 0.597, (Best @ 8: {{0.839}}, 0.855, 0.862, 0.601)
[TEST]  QWK:  0.830, PRS: 0.838, SPR: 0.842, RMSE: 0.577 (Best @ 8: {{0.805}}, 0.815, 0.819, 0.655)
--------------------------------------------------------------------------------------------------------------------------
Epoch 14/50
Training one epoch in 8.016 s
[DEV]   QWK:  0.830, PRS: 0.840, SPR: 0.849, RMSE: 0.570, (Best @ 8: {{0.839}}, 0.855, 0.862, 0.601)
[TEST]  QWK:  0.832, PRS: 0.836, SPR: 0.838, RMSE: 0.562 (Best @ 8: {{0.805}}, 0.815, 0.819, 0.655)
--------------------------------------------------------------------------------------------------------------------------
Epoch 15/50
Training one epoch in 8.029 s
[DEV]   QWK:  0.826, PRS: 0.833, SPR: 0.842, RMSE: 0.545, (Best @ 8: {{0.839}}, 0.855, 0.862, 0.601)
[TEST]  QWK:  0.836, PRS: 0.841, SPR: 0.847, RMSE: 0.537 (Best @ 8: {{0.805}}, 0.815, 0.819, 0.655)
--------------------------------------------------------------------------------------------------------------------------
Epoch 16/50
Training one epoch in 7.999 s
[DEV]   QWK:  0.813, PRS: 0.822, SPR: 0.832, RMSE: 0.560, (Best @ 8: {{0.839}}, 0.855, 0.862, 0.601)
[TEST]  QWK:  0.815, PRS: 0.822, SPR: 0.831, RMSE: 0.562 (Best @ 8: {{0.805}}, 0.815, 0.819, 0.655)
--------------------------------------------------------------------------------------------------------------------------
Epoch 17/50
Training one epoch in 8.046 s
[DEV]   QWK:  0.842, PRS: 0.847, SPR: 0.856, RMSE: 0.547, (Best @ 17: {{0.842}}, 0.847, 0.856, 0.547)
[TEST]  QWK:  0.834, PRS: 0.834, SPR: 0.837, RMSE: 0.552 (Best @ 17: {{0.834}}, 0.834, 0.837, 0.552)
--------------------------------------------------------------------------------------------------------------------------
Epoch 18/50
Training one epoch in 8.015 s
[DEV]   QWK:  0.632, PRS: 0.723, SPR: 0.761, RMSE: 0.707, (Best @ 17: {{0.842}}, 0.847, 0.856, 0.547)
[TEST]  QWK:  0.673, PRS: 0.741, SPR: 0.766, RMSE: 0.668 (Best @ 17: {{0.834}}, 0.834, 0.837, 0.552)
--------------------------------------------------------------------------------------------------------------------------
Epoch 19/50
Training one epoch in 8.028 s
[DEV]   QWK:  0.854, PRS: 0.854, SPR: 0.862, RMSE: 0.521, (Best @ 19: {{0.854}}, 0.854, 0.862, 0.521)
[TEST]  QWK:  0.835, PRS: 0.837, SPR: 0.842, RMSE: 0.557 (Best @ 19: {{0.835}}, 0.837, 0.842, 0.557)
--------------------------------------------------------------------------------------------------------------------------
Epoch 20/50
Training one epoch in 8.004 s
[DEV]   QWK:  0.820, PRS: 0.846, SPR: 0.854, RMSE: 0.629, (Best @ 19: {{0.854}}, 0.854, 0.862, 0.521)
[TEST]  QWK:  0.795, PRS: 0.815, SPR: 0.824, RMSE: 0.664 (Best @ 19: {{0.835}}, 0.837, 0.842, 0.557)
--------------------------------------------------------------------------------------------------------------------------
Epoch 21/50
Training one epoch in 8.014 s
[DEV]   QWK:  0.832, PRS: 0.836, SPR: 0.848, RMSE: 0.542, (Best @ 19: {{0.854}}, 0.854, 0.862, 0.521)
[TEST]  QWK:  0.826, PRS: 0.830, SPR: 0.835, RMSE: 0.547 (Best @ 19: {{0.835}}, 0.837, 0.842, 0.557)
--------------------------------------------------------------------------------------------------------------------------
Epoch 22/50
Training one epoch in 7.999 s
[DEV]   QWK:  0.821, PRS: 0.835, SPR: 0.843, RMSE: 0.560, (Best @ 19: {{0.854}}, 0.854, 0.862, 0.521)
[TEST]  QWK:  0.779, PRS: 0.810, SPR: 0.807, RMSE: 0.633 (Best @ 19: {{0.835}}, 0.837, 0.842, 0.557)
--------------------------------------------------------------------------------------------------------------------------
Epoch 23/50
Training one epoch in 7.997 s
[DEV]   QWK:  0.788, PRS: 0.814, SPR: 0.821, RMSE: 0.613, (Best @ 19: {{0.854}}, 0.854, 0.862, 0.521)
[TEST]  QWK:  0.763, PRS: 0.811, SPR: 0.810, RMSE: 0.655 (Best @ 19: {{0.835}}, 0.837, 0.842, 0.557)
--------------------------------------------------------------------------------------------------------------------------
Epoch 24/50
Training one epoch in 7.993 s
[DEV]   QWK:  0.696, PRS: 0.799, SPR: 0.811, RMSE: 0.787, (Best @ 19: {{0.854}}, 0.854, 0.862, 0.521)
[TEST]  QWK:  0.711, PRS: 0.792, SPR: 0.809, RMSE: 0.755 (Best @ 19: {{0.835}}, 0.837, 0.842, 0.557)
--------------------------------------------------------------------------------------------------------------------------
Epoch 25/50
Training one epoch in 8.027 s
[DEV]   QWK:  0.824, PRS: 0.831, SPR: 0.840, RMSE: 0.562, (Best @ 19: {{0.854}}, 0.854, 0.862, 0.521)
[TEST]  QWK:  0.815, PRS: 0.829, SPR: 0.827, RMSE: 0.582 (Best @ 19: {{0.835}}, 0.837, 0.842, 0.557)
--------------------------------------------------------------------------------------------------------------------------
Epoch 26/50
Training one epoch in 8.011 s
[DEV]   QWK:  0.839, PRS: 0.853, SPR: 0.860, RMSE: 0.565, (Best @ 19: {{0.854}}, 0.854, 0.862, 0.521)
[TEST]  QWK:  0.825, PRS: 0.831, SPR: 0.835, RMSE: 0.577 (Best @ 19: {{0.835}}, 0.837, 0.842, 0.557)
--------------------------------------------------------------------------------------------------------------------------
Epoch 27/50
Training one epoch in 8.029 s
[DEV]   QWK:  0.793, PRS: 0.817, SPR: 0.825, RMSE: 0.606, (Best @ 19: {{0.854}}, 0.854, 0.862, 0.521)
[TEST]  QWK:  0.770, PRS: 0.811, SPR: 0.811, RMSE: 0.642 (Best @ 19: {{0.835}}, 0.837, 0.842, 0.557)
--------------------------------------------------------------------------------------------------------------------------
Epoch 28/50
Training one epoch in 8.020 s
[DEV]   QWK:  0.817, PRS: 0.839, SPR: 0.847, RMSE: 0.604, (Best @ 19: {{0.854}}, 0.854, 0.862, 0.521)
[TEST]  QWK:  0.792, PRS: 0.812, SPR: 0.819, RMSE: 0.633 (Best @ 19: {{0.835}}, 0.837, 0.842, 0.557)
--------------------------------------------------------------------------------------------------------------------------
Epoch 29/50
Training one epoch in 8.040 s
[DEV]   QWK:  0.840, PRS: 0.842, SPR: 0.852, RMSE: 0.539, (Best @ 19: {{0.854}}, 0.854, 0.862, 0.521)
[TEST]  QWK:  0.816, PRS: 0.819, SPR: 0.825, RMSE: 0.567 (Best @ 19: {{0.835}}, 0.837, 0.842, 0.557)
--------------------------------------------------------------------------------------------------------------------------
Epoch 30/50
Training one epoch in 8.017 s
[DEV]   QWK:  0.821, PRS: 0.831, SPR: 0.846, RMSE: 0.547, (Best @ 19: {{0.854}}, 0.854, 0.862, 0.521)
[TEST]  QWK:  0.794, PRS: 0.804, SPR: 0.816, RMSE: 0.577 (Best @ 19: {{0.835}}, 0.837, 0.842, 0.557)
--------------------------------------------------------------------------------------------------------------------------
Epoch 31/50
Training one epoch in 8.050 s
[DEV]   QWK:  0.816, PRS: 0.826, SPR: 0.837, RMSE: 0.567, (Best @ 19: {{0.854}}, 0.854, 0.862, 0.521)
[TEST]  QWK:  0.786, PRS: 0.795, SPR: 0.806, RMSE: 0.597 (Best @ 19: {{0.835}}, 0.837, 0.842, 0.557)
--------------------------------------------------------------------------------------------------------------------------
Epoch 32/50
Training one epoch in 8.038 s
[DEV]   QWK:  0.833, PRS: 0.834, SPR: 0.842, RMSE: 0.552, (Best @ 19: {{0.854}}, 0.854, 0.862, 0.521)
[TEST]  QWK:  0.816, PRS: 0.819, SPR: 0.826, RMSE: 0.572 (Best @ 19: {{0.835}}, 0.837, 0.842, 0.557)
--------------------------------------------------------------------------------------------------------------------------
Epoch 33/50
Training one epoch in 8.059 s
[DEV]   QWK:  0.751, PRS: 0.794, SPR: 0.813, RMSE: 0.624, (Best @ 19: {{0.854}}, 0.854, 0.862, 0.521)
[TEST]  QWK:  0.708, PRS: 0.769, SPR: 0.777, RMSE: 0.681 (Best @ 19: {{0.835}}, 0.837, 0.842, 0.557)
--------------------------------------------------------------------------------------------------------------------------
Epoch 34/50
Training one epoch in 8.049 s
[DEV]   QWK:  0.774, PRS: 0.799, SPR: 0.815, RMSE: 0.601, (Best @ 19: {{0.854}}, 0.854, 0.862, 0.521)
[TEST]  QWK:  0.741, PRS: 0.774, SPR: 0.781, RMSE: 0.642 (Best @ 19: {{0.835}}, 0.837, 0.842, 0.557)
--------------------------------------------------------------------------------------------------------------------------
Epoch 35/50
Training one epoch in 8.065 s
[DEV]   QWK:  0.809, PRS: 0.823, SPR: 0.834, RMSE: 0.580, (Best @ 19: {{0.854}}, 0.854, 0.862, 0.521)
[TEST]  QWK:  0.815, PRS: 0.823, SPR: 0.831, RMSE: 0.557 (Best @ 19: {{0.835}}, 0.837, 0.842, 0.557)
--------------------------------------------------------------------------------------------------------------------------
Epoch 36/50
Training one epoch in 8.040 s
[DEV]   QWK:  0.785, PRS: 0.807, SPR: 0.818, RMSE: 0.606, (Best @ 19: {{0.854}}, 0.854, 0.862, 0.521)
[TEST]  QWK:  0.754, PRS: 0.798, SPR: 0.801, RMSE: 0.647 (Best @ 19: {{0.835}}, 0.837, 0.842, 0.557)
--------------------------------------------------------------------------------------------------------------------------
Epoch 37/50
Training one epoch in 8.057 s
[DEV]   QWK:  0.814, PRS: 0.826, SPR: 0.836, RMSE: 0.582, (Best @ 19: {{0.854}}, 0.854, 0.862, 0.521)
[TEST]  QWK:  0.802, PRS: 0.807, SPR: 0.816, RMSE: 0.587 (Best @ 19: {{0.835}}, 0.837, 0.842, 0.557)
--------------------------------------------------------------------------------------------------------------------------
Epoch 38/50
Training one epoch in 8.070 s
[DEV]   QWK:  0.811, PRS: 0.817, SPR: 0.823, RMSE: 0.582, (Best @ 19: {{0.854}}, 0.854, 0.862, 0.521)
[TEST]  QWK:  0.797, PRS: 0.816, SPR: 0.811, RMSE: 0.597 (Best @ 19: {{0.835}}, 0.837, 0.842, 0.557)
--------------------------------------------------------------------------------------------------------------------------
Epoch 39/50
Training one epoch in 8.059 s
[DEV]   QWK:  0.818, PRS: 0.839, SPR: 0.850, RMSE: 0.608, (Best @ 19: {{0.854}}, 0.854, 0.862, 0.521)
[TEST]  QWK:  0.785, PRS: 0.800, SPR: 0.809, RMSE: 0.647 (Best @ 19: {{0.835}}, 0.837, 0.842, 0.557)
--------------------------------------------------------------------------------------------------------------------------
Epoch 40/50
Training one epoch in 8.052 s
[DEV]   QWK:  0.808, PRS: 0.815, SPR: 0.825, RMSE: 0.577, (Best @ 19: {{0.854}}, 0.854, 0.862, 0.521)
[TEST]  QWK:  0.795, PRS: 0.807, SPR: 0.812, RMSE: 0.592 (Best @ 19: {{0.835}}, 0.837, 0.842, 0.557)
--------------------------------------------------------------------------------------------------------------------------
Epoch 41/50
Training one epoch in 8.038 s
[DEV]   QWK:  0.826, PRS: 0.828, SPR: 0.833, RMSE: 0.562, (Best @ 19: {{0.854}}, 0.854, 0.862, 0.521)
[TEST]  QWK:  0.815, PRS: 0.817, SPR: 0.817, RMSE: 0.572 (Best @ 19: {{0.835}}, 0.837, 0.842, 0.557)
--------------------------------------------------------------------------------------------------------------------------
Epoch 42/50
Training one epoch in 8.043 s
[DEV]   QWK:  0.843, PRS: 0.844, SPR: 0.850, RMSE: 0.552, (Best @ 19: {{0.854}}, 0.854, 0.862, 0.521)
[TEST]  QWK:  0.802, PRS: 0.803, SPR: 0.805, RMSE: 0.611 (Best @ 19: {{0.835}}, 0.837, 0.842, 0.557)
--------------------------------------------------------------------------------------------------------------------------
Epoch 43/50
Training one epoch in 8.019 s
[DEV]   QWK:  0.809, PRS: 0.830, SPR: 0.839, RMSE: 0.599, (Best @ 19: {{0.854}}, 0.854, 0.862, 0.521)
[TEST]  QWK:  0.822, PRS: 0.836, SPR: 0.841, RMSE: 0.562 (Best @ 19: {{0.835}}, 0.837, 0.842, 0.557)
--------------------------------------------------------------------------------------------------------------------------
Epoch 44/50
Training one epoch in 8.052 s
[DEV]   QWK:  0.822, PRS: 0.828, SPR: 0.835, RMSE: 0.592, (Best @ 19: {{0.854}}, 0.854, 0.862, 0.521)
[TEST]  QWK:  0.826, PRS: 0.827, SPR: 0.827, RMSE: 0.577 (Best @ 19: {{0.835}}, 0.837, 0.842, 0.557)
--------------------------------------------------------------------------------------------------------------------------
Epoch 45/50
Training one epoch in 8.061 s
[DEV]   QWK:  0.811, PRS: 0.815, SPR: 0.827, RMSE: 0.577, (Best @ 19: {{0.854}}, 0.854, 0.862, 0.521)
[TEST]  QWK:  0.791, PRS: 0.796, SPR: 0.803, RMSE: 0.597 (Best @ 19: {{0.835}}, 0.837, 0.842, 0.557)
--------------------------------------------------------------------------------------------------------------------------
Epoch 46/50
Training one epoch in 8.034 s
[DEV]   QWK:  0.818, PRS: 0.820, SPR: 0.827, RMSE: 0.580, (Best @ 19: {{0.854}}, 0.854, 0.862, 0.521)
[TEST]  QWK:  0.807, PRS: 0.810, SPR: 0.814, RMSE: 0.577 (Best @ 19: {{0.835}}, 0.837, 0.842, 0.557)
--------------------------------------------------------------------------------------------------------------------------
Epoch 47/50
Training one epoch in 8.045 s
[DEV]   QWK:  0.827, PRS: 0.827, SPR: 0.833, RMSE: 0.575, (Best @ 19: {{0.854}}, 0.854, 0.862, 0.521)
[TEST]  QWK:  0.821, PRS: 0.822, SPR: 0.824, RMSE: 0.577 (Best @ 19: {{0.835}}, 0.837, 0.842, 0.557)
--------------------------------------------------------------------------------------------------------------------------
Epoch 48/50
Training one epoch in 8.061 s
[DEV]   QWK:  0.822, PRS: 0.824, SPR: 0.828, RMSE: 0.592, (Best @ 19: {{0.854}}, 0.854, 0.862, 0.521)
[TEST]  QWK:  0.823, PRS: 0.828, SPR: 0.828, RMSE: 0.577 (Best @ 19: {{0.835}}, 0.837, 0.842, 0.557)
--------------------------------------------------------------------------------------------------------------------------
Epoch 49/50
Training one epoch in 8.038 s
[DEV]   QWK:  0.786, PRS: 0.803, SPR: 0.817, RMSE: 0.599, (Best @ 19: {{0.854}}, 0.854, 0.862, 0.521)
[TEST]  QWK:  0.765, PRS: 0.787, SPR: 0.788, RMSE: 0.633 (Best @ 19: {{0.835}}, 0.837, 0.842, 0.557)
--------------------------------------------------------------------------------------------------------------------------
Epoch 50/50
Training one epoch in 8.017 s
[DEV]   QWK:  0.820, PRS: 0.820, SPR: 0.825, RMSE: 0.585, (Best @ 19: {{0.854}}, 0.854, 0.862, 0.521)
[TEST]  QWK:  0.811, PRS: 0.814, SPR: 0.813, RMSE: 0.587 (Best @ 19: {{0.835}}, 0.837, 0.842, 0.557)
--------------------------------------------------------------------------------------------------------------------------
X_train shape: (1241, 1150)
Initial evaluation: 
[DEV]   QWK:  0.000, PRS: 0.000, SPR: 0.000, RMSE: 1.050, (Best @ -1: {{0.000}}, 0.000, 0.000, 1.050)
[TEST]  QWK:  0.000, PRS: 0.000, SPR: 0.000, RMSE: 1.076 (Best @ -1: {{0.000}}, 0.000, 0.000, 1.076)
--------------------------------------------------------------------------------------------------------------------------
Train model
Epoch 1/50
Training one epoch in 10.044 s
[DEV]   QWK:  0.709, PRS: 0.785, SPR: 0.788, RMSE: 0.723, (Best @ 1: {{0.709}}, 0.785, 0.788, 0.723)
[TEST]  QWK:  0.644, PRS: 0.775, SPR: 0.777, RMSE: 0.795 (Best @ 1: {{0.644}}, 0.775, 0.777, 0.795)
--------------------------------------------------------------------------------------------------------------------------
Epoch 2/50
Training one epoch in 8.155 s
[DEV]   QWK:  0.691, PRS: 0.739, SPR: 0.757, RMSE: 0.674, (Best @ 1: {{0.709}}, 0.785, 0.788, 0.723)
[TEST]  QWK:  0.653, PRS: 0.729, SPR: 0.745, RMSE: 0.721 (Best @ 1: {{0.644}}, 0.775, 0.777, 0.795)
--------------------------------------------------------------------------------------------------------------------------
Epoch 3/50
Training one epoch in 8.154 s
[DEV]   QWK:  0.615, PRS: 0.734, SPR: 0.736, RMSE: 0.755, (Best @ 1: {{0.709}}, 0.785, 0.788, 0.723)
[TEST]  QWK:  0.691, PRS: 0.795, SPR: 0.797, RMSE: 0.660 (Best @ 1: {{0.644}}, 0.775, 0.777, 0.795)
--------------------------------------------------------------------------------------------------------------------------
Epoch 4/50
Training one epoch in 8.178 s
[DEV]   QWK:  0.765, PRS: 0.779, SPR: 0.796, RMSE: 0.627, (Best @ 4: {{0.765}}, 0.779, 0.796, 0.627)
[TEST]  QWK:  0.765, PRS: 0.788, SPR: 0.791, RMSE: 0.638 (Best @ 4: {{0.765}}, 0.788, 0.791, 0.638)
--------------------------------------------------------------------------------------------------------------------------
Epoch 5/50
Training one epoch in 8.186 s
[DEV]   QWK:  0.723, PRS: 0.807, SPR: 0.810, RMSE: 0.703, (Best @ 4: {{0.765}}, 0.779, 0.796, 0.627)
[TEST]  QWK:  0.736, PRS: 0.809, SPR: 0.817, RMSE: 0.660 (Best @ 4: {{0.765}}, 0.788, 0.791, 0.638)
--------------------------------------------------------------------------------------------------------------------------
Epoch 6/50
Training one epoch in 8.175 s
[DEV]   QWK:  0.733, PRS: 0.821, SPR: 0.829, RMSE: 0.723, (Best @ 4: {{0.765}}, 0.779, 0.796, 0.627)
[TEST]  QWK:  0.768, PRS: 0.826, SPR: 0.837, RMSE: 0.655 (Best @ 4: {{0.765}}, 0.788, 0.791, 0.638)
--------------------------------------------------------------------------------------------------------------------------
Epoch 7/50
Training one epoch in 8.197 s
[DEV]   QWK:  0.734, PRS: 0.793, SPR: 0.804, RMSE: 0.649, (Best @ 4: {{0.765}}, 0.779, 0.796, 0.627)
[TEST]  QWK:  0.765, PRS: 0.813, SPR: 0.818, RMSE: 0.601 (Best @ 4: {{0.765}}, 0.788, 0.791, 0.638)
--------------------------------------------------------------------------------------------------------------------------
Epoch 8/50
Training one epoch in 8.195 s
[DEV]   QWK:  0.841, PRS: 0.856, SPR: 0.864, RMSE: 0.599, (Best @ 8: {{0.841}}, 0.856, 0.864, 0.599)
[TEST]  QWK:  0.803, PRS: 0.812, SPR: 0.816, RMSE: 0.660 (Best @ 8: {{0.803}}, 0.812, 0.816, 0.660)
--------------------------------------------------------------------------------------------------------------------------
Epoch 9/50
Training one epoch in 8.166 s
[DEV]   QWK:  0.792, PRS: 0.828, SPR: 0.836, RMSE: 0.647, (Best @ 8: {{0.841}}, 0.856, 0.864, 0.599)
[TEST]  QWK:  0.793, PRS: 0.809, SPR: 0.819, RMSE: 0.633 (Best @ 8: {{0.803}}, 0.812, 0.816, 0.660)
--------------------------------------------------------------------------------------------------------------------------
Epoch 10/50
Training one epoch in 8.167 s
[DEV]   QWK:  0.757, PRS: 0.792, SPR: 0.821, RMSE: 0.601, (Best @ 8: {{0.841}}, 0.856, 0.864, 0.599)
[TEST]  QWK:  0.749, PRS: 0.782, SPR: 0.802, RMSE: 0.611 (Best @ 8: {{0.803}}, 0.812, 0.816, 0.660)
--------------------------------------------------------------------------------------------------------------------------
Epoch 11/50
Training one epoch in 8.192 s
[DEV]   QWK:  0.785, PRS: 0.809, SPR: 0.829, RMSE: 0.585, (Best @ 8: {{0.841}}, 0.856, 0.864, 0.599)
[TEST]  QWK:  0.764, PRS: 0.791, SPR: 0.801, RMSE: 0.624 (Best @ 8: {{0.803}}, 0.812, 0.816, 0.660)
--------------------------------------------------------------------------------------------------------------------------
Epoch 12/50
Training one epoch in 8.212 s
[DEV]   QWK:  0.732, PRS: 0.795, SPR: 0.805, RMSE: 0.638, (Best @ 8: {{0.841}}, 0.856, 0.864, 0.599)
[TEST]  QWK:  0.691, PRS: 0.765, SPR: 0.768, RMSE: 0.705 (Best @ 8: {{0.803}}, 0.812, 0.816, 0.660)
--------------------------------------------------------------------------------------------------------------------------
Epoch 13/50
Training one epoch in 8.200 s
[DEV]   QWK:  0.825, PRS: 0.848, SPR: 0.856, RMSE: 0.601, (Best @ 8: {{0.841}}, 0.856, 0.864, 0.599)
[TEST]  QWK:  0.829, PRS: 0.840, SPR: 0.845, RMSE: 0.592 (Best @ 8: {{0.803}}, 0.812, 0.816, 0.660)
--------------------------------------------------------------------------------------------------------------------------
Epoch 14/50
Training one epoch in 8.223 s
[DEV]   QWK:  0.830, PRS: 0.837, SPR: 0.848, RMSE: 0.562, (Best @ 8: {{0.841}}, 0.856, 0.864, 0.599)
[TEST]  QWK:  0.837, PRS: 0.839, SPR: 0.842, RMSE: 0.557 (Best @ 8: {{0.803}}, 0.812, 0.816, 0.660)
--------------------------------------------------------------------------------------------------------------------------
Epoch 15/50
Training one epoch in 8.199 s
[DEV]   QWK:  0.828, PRS: 0.835, SPR: 0.844, RMSE: 0.542, (Best @ 8: {{0.841}}, 0.856, 0.864, 0.599)
[TEST]  QWK:  0.829, PRS: 0.835, SPR: 0.841, RMSE: 0.547 (Best @ 8: {{0.803}}, 0.812, 0.816, 0.660)
--------------------------------------------------------------------------------------------------------------------------
Epoch 16/50
Training one epoch in 8.210 s
[DEV]   QWK:  0.810, PRS: 0.820, SPR: 0.833, RMSE: 0.562, (Best @ 8: {{0.841}}, 0.856, 0.864, 0.599)
[TEST]  QWK:  0.796, PRS: 0.803, SPR: 0.815, RMSE: 0.587 (Best @ 8: {{0.803}}, 0.812, 0.816, 0.660)
--------------------------------------------------------------------------------------------------------------------------
Epoch 17/50
Training one epoch in 8.185 s
[DEV]   QWK:  0.840, PRS: 0.849, SPR: 0.853, RMSE: 0.567, (Best @ 8: {{0.841}}, 0.856, 0.864, 0.599)
[TEST]  QWK:  0.830, PRS: 0.835, SPR: 0.837, RMSE: 0.577 (Best @ 8: {{0.803}}, 0.812, 0.816, 0.660)
--------------------------------------------------------------------------------------------------------------------------
Epoch 18/50
Training one epoch in 8.175 s
[DEV]   QWK:  0.634, PRS: 0.727, SPR: 0.762, RMSE: 0.703, (Best @ 8: {{0.841}}, 0.856, 0.864, 0.599)
[TEST]  QWK:  0.678, PRS: 0.746, SPR: 0.774, RMSE: 0.660 (Best @ 8: {{0.803}}, 0.812, 0.816, 0.660)
--------------------------------------------------------------------------------------------------------------------------
Epoch 19/50
Training one epoch in 8.180 s
[DEV]   QWK:  0.842, PRS: 0.844, SPR: 0.850, RMSE: 0.542, (Best @ 19: {{0.842}}, 0.844, 0.850, 0.542)
[TEST]  QWK:  0.832, PRS: 0.840, SPR: 0.842, RMSE: 0.572 (Best @ 19: {{0.832}}, 0.840, 0.842, 0.572)
--------------------------------------------------------------------------------------------------------------------------
Epoch 20/50
Training one epoch in 8.220 s
[DEV]   QWK:  0.821, PRS: 0.846, SPR: 0.855, RMSE: 0.629, (Best @ 19: {{0.842}}, 0.844, 0.850, 0.542)
[TEST]  QWK:  0.784, PRS: 0.805, SPR: 0.814, RMSE: 0.681 (Best @ 19: {{0.832}}, 0.840, 0.842, 0.572)
--------------------------------------------------------------------------------------------------------------------------
Epoch 21/50
Training one epoch in 8.209 s
[DEV]   QWK:  0.836, PRS: 0.840, SPR: 0.852, RMSE: 0.537, (Best @ 19: {{0.842}}, 0.844, 0.850, 0.542)
[TEST]  QWK:  0.821, PRS: 0.825, SPR: 0.831, RMSE: 0.557 (Best @ 19: {{0.832}}, 0.840, 0.842, 0.572)
--------------------------------------------------------------------------------------------------------------------------
Epoch 22/50
Training one epoch in 8.198 s
[DEV]   QWK:  0.824, PRS: 0.838, SPR: 0.846, RMSE: 0.560, (Best @ 19: {{0.842}}, 0.844, 0.850, 0.542)
[TEST]  QWK:  0.790, PRS: 0.814, SPR: 0.814, RMSE: 0.620 (Best @ 19: {{0.832}}, 0.840, 0.842, 0.572)
--------------------------------------------------------------------------------------------------------------------------
Epoch 23/50
Training one epoch in 8.213 s
[DEV]   QWK:  0.783, PRS: 0.811, SPR: 0.818, RMSE: 0.636, (Best @ 19: {{0.842}}, 0.844, 0.850, 0.542)
[TEST]  QWK:  0.749, PRS: 0.803, SPR: 0.798, RMSE: 0.693 (Best @ 19: {{0.832}}, 0.840, 0.842, 0.572)
--------------------------------------------------------------------------------------------------------------------------
Epoch 24/50
Training one epoch in 8.215 s
[DEV]   QWK:  0.703, PRS: 0.803, SPR: 0.816, RMSE: 0.781, (Best @ 19: {{0.842}}, 0.844, 0.850, 0.542)
[TEST]  QWK:  0.715, PRS: 0.794, SPR: 0.810, RMSE: 0.752 (Best @ 19: {{0.832}}, 0.840, 0.842, 0.572)
--------------------------------------------------------------------------------------------------------------------------
Epoch 25/50
Training one epoch in 8.202 s
[DEV]   QWK:  0.828, PRS: 0.834, SPR: 0.843, RMSE: 0.557, (Best @ 19: {{0.842}}, 0.844, 0.850, 0.542)
[TEST]  QWK:  0.818, PRS: 0.829, SPR: 0.830, RMSE: 0.577 (Best @ 19: {{0.832}}, 0.840, 0.842, 0.572)
--------------------------------------------------------------------------------------------------------------------------
Epoch 26/50
Training one epoch in 8.174 s
[DEV]   QWK:  0.846, PRS: 0.857, SPR: 0.864, RMSE: 0.557, (Best @ 26: {{0.846}}, 0.857, 0.864, 0.557)
[TEST]  QWK:  0.816, PRS: 0.824, SPR: 0.832, RMSE: 0.601 (Best @ 26: {{0.816}}, 0.824, 0.832, 0.601)
--------------------------------------------------------------------------------------------------------------------------
Epoch 27/50
Training one epoch in 8.203 s
[DEV]   QWK:  0.799, PRS: 0.820, SPR: 0.828, RMSE: 0.594, (Best @ 26: {{0.846}}, 0.857, 0.864, 0.557)
[TEST]  QWK:  0.769, PRS: 0.807, SPR: 0.805, RMSE: 0.638 (Best @ 26: {{0.816}}, 0.824, 0.832, 0.601)
--------------------------------------------------------------------------------------------------------------------------
Epoch 28/50
Training one epoch in 8.212 s
[DEV]   QWK:  0.822, PRS: 0.841, SPR: 0.849, RMSE: 0.592, (Best @ 26: {{0.846}}, 0.857, 0.864, 0.557)
[TEST]  QWK:  0.810, PRS: 0.824, SPR: 0.830, RMSE: 0.601 (Best @ 26: {{0.816}}, 0.824, 0.832, 0.601)
--------------------------------------------------------------------------------------------------------------------------
Epoch 29/50
Training one epoch in 8.190 s
[DEV]   QWK:  0.841, PRS: 0.844, SPR: 0.854, RMSE: 0.539, (Best @ 26: {{0.846}}, 0.857, 0.864, 0.557)
[TEST]  QWK:  0.815, PRS: 0.818, SPR: 0.828, RMSE: 0.567 (Best @ 26: {{0.816}}, 0.824, 0.832, 0.601)
--------------------------------------------------------------------------------------------------------------------------
Epoch 30/50
Training one epoch in 8.203 s
[DEV]   QWK:  0.801, PRS: 0.813, SPR: 0.828, RMSE: 0.572, (Best @ 26: {{0.846}}, 0.857, 0.864, 0.557)
[TEST]  QWK:  0.790, PRS: 0.802, SPR: 0.811, RMSE: 0.582 (Best @ 26: {{0.816}}, 0.824, 0.832, 0.601)
--------------------------------------------------------------------------------------------------------------------------
Epoch 31/50
Training one epoch in 8.182 s
[DEV]   QWK:  0.821, PRS: 0.832, SPR: 0.843, RMSE: 0.557, (Best @ 26: {{0.846}}, 0.857, 0.864, 0.557)
[TEST]  QWK:  0.785, PRS: 0.793, SPR: 0.802, RMSE: 0.597 (Best @ 26: {{0.816}}, 0.824, 0.832, 0.601)
--------------------------------------------------------------------------------------------------------------------------
Epoch 32/50
Training one epoch in 8.193 s
[DEV]   QWK:  0.840, PRS: 0.841, SPR: 0.850, RMSE: 0.542, (Best @ 26: {{0.846}}, 0.857, 0.864, 0.557)
[TEST]  QWK:  0.821, PRS: 0.823, SPR: 0.825, RMSE: 0.567 (Best @ 26: {{0.816}}, 0.824, 0.832, 0.601)
--------------------------------------------------------------------------------------------------------------------------
Epoch 33/50
Training one epoch in 8.201 s
[DEV]   QWK:  0.757, PRS: 0.801, SPR: 0.821, RMSE: 0.618, (Best @ 26: {{0.846}}, 0.857, 0.864, 0.557)
[TEST]  QWK:  0.707, PRS: 0.767, SPR: 0.776, RMSE: 0.685 (Best @ 26: {{0.816}}, 0.824, 0.832, 0.601)
--------------------------------------------------------------------------------------------------------------------------
Epoch 34/50
Training one epoch in 8.233 s
[DEV]   QWK:  0.776, PRS: 0.797, SPR: 0.811, RMSE: 0.601, (Best @ 26: {{0.846}}, 0.857, 0.864, 0.557)
[TEST]  QWK:  0.764, PRS: 0.793, SPR: 0.797, RMSE: 0.624 (Best @ 26: {{0.816}}, 0.824, 0.832, 0.601)
--------------------------------------------------------------------------------------------------------------------------
Epoch 35/50
Training one epoch in 8.215 s
[DEV]   QWK:  0.819, PRS: 0.829, SPR: 0.838, RMSE: 0.575, (Best @ 26: {{0.846}}, 0.857, 0.864, 0.557)
[TEST]  QWK:  0.820, PRS: 0.825, SPR: 0.834, RMSE: 0.557 (Best @ 26: {{0.816}}, 0.824, 0.832, 0.601)
--------------------------------------------------------------------------------------------------------------------------
Epoch 36/50
Training one epoch in 8.215 s
[DEV]   QWK:  0.779, PRS: 0.801, SPR: 0.814, RMSE: 0.611, (Best @ 26: {{0.846}}, 0.857, 0.864, 0.557)
[TEST]  QWK:  0.758, PRS: 0.799, SPR: 0.801, RMSE: 0.642 (Best @ 26: {{0.816}}, 0.824, 0.832, 0.601)
--------------------------------------------------------------------------------------------------------------------------
Epoch 37/50
Training one epoch in 8.216 s
[DEV]   QWK:  0.821, PRS: 0.830, SPR: 0.841, RMSE: 0.567, (Best @ 26: {{0.846}}, 0.857, 0.864, 0.557)
[TEST]  QWK:  0.826, PRS: 0.833, SPR: 0.840, RMSE: 0.542 (Best @ 26: {{0.816}}, 0.824, 0.832, 0.601)
--------------------------------------------------------------------------------------------------------------------------
Epoch 38/50
Training one epoch in 8.184 s
[DEV]   QWK:  0.817, PRS: 0.820, SPR: 0.829, RMSE: 0.580, (Best @ 26: {{0.846}}, 0.857, 0.864, 0.557)
[TEST]  QWK:  0.802, PRS: 0.818, SPR: 0.812, RMSE: 0.597 (Best @ 26: {{0.816}}, 0.824, 0.832, 0.601)
--------------------------------------------------------------------------------------------------------------------------
Epoch 39/50
Training one epoch in 8.215 s
[DEV]   QWK:  0.820, PRS: 0.838, SPR: 0.849, RMSE: 0.606, (Best @ 26: {{0.846}}, 0.857, 0.864, 0.557)
[TEST]  QWK:  0.781, PRS: 0.798, SPR: 0.803, RMSE: 0.655 (Best @ 26: {{0.816}}, 0.824, 0.832, 0.601)
--------------------------------------------------------------------------------------------------------------------------
Epoch 40/50
Training one epoch in 8.216 s
[DEV]   QWK:  0.815, PRS: 0.819, SPR: 0.831, RMSE: 0.572, (Best @ 26: {{0.846}}, 0.857, 0.864, 0.557)
[TEST]  QWK:  0.792, PRS: 0.802, SPR: 0.806, RMSE: 0.597 (Best @ 26: {{0.816}}, 0.824, 0.832, 0.601)
--------------------------------------------------------------------------------------------------------------------------
Epoch 41/50
Training one epoch in 8.193 s
[DEV]   QWK:  0.830, PRS: 0.831, SPR: 0.837, RMSE: 0.555, (Best @ 26: {{0.846}}, 0.857, 0.864, 0.557)
[TEST]  QWK:  0.818, PRS: 0.822, SPR: 0.818, RMSE: 0.567 (Best @ 26: {{0.816}}, 0.824, 0.832, 0.601)
--------------------------------------------------------------------------------------------------------------------------
Epoch 42/50
Training one epoch in 8.210 s
[DEV]   QWK:  0.844, PRS: 0.844, SPR: 0.851, RMSE: 0.555, (Best @ 26: {{0.846}}, 0.857, 0.864, 0.557)
[TEST]  QWK:  0.817, PRS: 0.817, SPR: 0.819, RMSE: 0.592 (Best @ 26: {{0.816}}, 0.824, 0.832, 0.601)
--------------------------------------------------------------------------------------------------------------------------
Epoch 43/50
Training one epoch in 8.240 s
[DEV]   QWK:  0.815, PRS: 0.833, SPR: 0.841, RMSE: 0.601, (Best @ 26: {{0.846}}, 0.857, 0.864, 0.557)
[TEST]  QWK:  0.808, PRS: 0.820, SPR: 0.824, RMSE: 0.597 (Best @ 26: {{0.816}}, 0.824, 0.832, 0.601)
--------------------------------------------------------------------------------------------------------------------------
Epoch 44/50
Training one epoch in 8.241 s
[DEV]   QWK:  0.823, PRS: 0.826, SPR: 0.832, RMSE: 0.585, (Best @ 26: {{0.846}}, 0.857, 0.864, 0.557)
[TEST]  QWK:  0.806, PRS: 0.807, SPR: 0.809, RMSE: 0.597 (Best @ 26: {{0.816}}, 0.824, 0.832, 0.601)
--------------------------------------------------------------------------------------------------------------------------
Epoch 45/50
Training one epoch in 8.210 s
[DEV]   QWK:  0.814, PRS: 0.819, SPR: 0.833, RMSE: 0.575, (Best @ 26: {{0.846}}, 0.857, 0.864, 0.557)
[TEST]  QWK:  0.774, PRS: 0.782, SPR: 0.787, RMSE: 0.611 (Best @ 26: {{0.816}}, 0.824, 0.832, 0.601)
--------------------------------------------------------------------------------------------------------------------------
Epoch 46/50
Training one epoch in 8.239 s
[DEV]   QWK:  0.818, PRS: 0.820, SPR: 0.829, RMSE: 0.575, (Best @ 26: {{0.846}}, 0.857, 0.864, 0.557)
[TEST]  QWK:  0.802, PRS: 0.807, SPR: 0.812, RMSE: 0.577 (Best @ 26: {{0.816}}, 0.824, 0.832, 0.601)
--------------------------------------------------------------------------------------------------------------------------
Epoch 47/50
Training one epoch in 8.217 s
[DEV]   QWK:  0.837, PRS: 0.839, SPR: 0.843, RMSE: 0.567, (Best @ 26: {{0.846}}, 0.857, 0.864, 0.557)
[TEST]  QWK:  0.829, PRS: 0.829, SPR: 0.830, RMSE: 0.567 (Best @ 26: {{0.816}}, 0.824, 0.832, 0.601)
--------------------------------------------------------------------------------------------------------------------------
Epoch 48/50
Training one epoch in 8.213 s
[DEV]   QWK:  0.831, PRS: 0.832, SPR: 0.839, RMSE: 0.570, (Best @ 26: {{0.846}}, 0.857, 0.864, 0.557)
[TEST]  QWK:  0.826, PRS: 0.830, SPR: 0.831, RMSE: 0.572 (Best @ 26: {{0.816}}, 0.824, 0.832, 0.601)
--------------------------------------------------------------------------------------------------------------------------
Epoch 49/50
Training one epoch in 8.247 s
[DEV]   QWK:  0.790, PRS: 0.804, SPR: 0.816, RMSE: 0.592, (Best @ 26: {{0.846}}, 0.857, 0.864, 0.557)
[TEST]  QWK:  0.761, PRS: 0.778, SPR: 0.780, RMSE: 0.629 (Best @ 26: {{0.816}}, 0.824, 0.832, 0.601)
--------------------------------------------------------------------------------------------------------------------------
Epoch 50/50
Training one epoch in 8.210 s
[DEV]   QWK:  0.824, PRS: 0.824, SPR: 0.830, RMSE: 0.582, (Best @ 26: {{0.846}}, 0.857, 0.864, 0.557)
[TEST]  QWK:  0.817, PRS: 0.819, SPR: 0.819, RMSE: 0.582 (Best @ 26: {{0.816}}, 0.824, 0.832, 0.601)
--------------------------------------------------------------------------------------------------------------------------
