X_train shape: (1260, 4400)
Initial evaluation: 
[DEV]   QWK:  0.077, PRS: 0.216, SPR: 0.220, RMSE: 0.863, (Best @ -1: {{0.077}}, 0.216, 0.220, 0.863)
[TEST]  QWK:  0.070, PRS: 0.168, SPR: 0.161, RMSE: 0.843 (Best @ -1: {{0.070}}, 0.168, 0.161, 0.843)
--------------------------------------------------------------------------------------------------------------------------
Train model
Epoch 1/50
Training one epoch in 32.531 s
[DEV]   QWK:  0.499, PRS: 0.558, SPR: 0.520, RMSE: 0.691, (Best @ 1: {{0.499}}, 0.558, 0.520, 0.691)
[TEST]  QWK:  0.526, PRS: 0.587, SPR: 0.563, RMSE: 0.650 (Best @ 1: {{0.526}}, 0.587, 0.563, 0.650)
--------------------------------------------------------------------------------------------------------------------------
Epoch 2/50
Training one epoch in 30.058 s
[DEV]   QWK:  0.460, PRS: 0.523, SPR: 0.491, RMSE: 0.699, (Best @ 1: {{0.499}}, 0.558, 0.520, 0.691)
[TEST]  QWK:  0.515, PRS: 0.580, SPR: 0.564, RMSE: 0.650 (Best @ 1: {{0.526}}, 0.587, 0.563, 0.650)
--------------------------------------------------------------------------------------------------------------------------
Epoch 3/50
Training one epoch in 30.101 s
[DEV]   QWK:  0.568, PRS: 0.599, SPR: 0.572, RMSE: 0.645, (Best @ 3: {{0.568}}, 0.599, 0.572, 0.645)
[TEST]  QWK:  0.586, PRS: 0.620, SPR: 0.630, RMSE: 0.610 (Best @ 3: {{0.586}}, 0.620, 0.630, 0.610)
--------------------------------------------------------------------------------------------------------------------------
Epoch 4/50
Training one epoch in 29.906 s
[DEV]   QWK:  0.627, PRS: 0.684, SPR: 0.673, RMSE: 0.615, (Best @ 4: {{0.627}}, 0.684, 0.673, 0.615)
[TEST]  QWK:  0.613, PRS: 0.664, SPR: 0.652, RMSE: 0.615 (Best @ 4: {{0.613}}, 0.664, 0.652, 0.615)
--------------------------------------------------------------------------------------------------------------------------
Epoch 5/50
Training one epoch in 30.106 s
[DEV]   QWK:  0.654, PRS: 0.676, SPR: 0.645, RMSE: 0.594, (Best @ 5: {{0.654}}, 0.676, 0.645, 0.594)
[TEST]  QWK:  0.678, PRS: 0.704, SPR: 0.705, RMSE: 0.553 (Best @ 5: {{0.678}}, 0.704, 0.705, 0.553)
--------------------------------------------------------------------------------------------------------------------------
Epoch 6/50
Training one epoch in 30.315 s
[DEV]   QWK:  0.693, PRS: 0.708, SPR: 0.674, RMSE: 0.570, (Best @ 6: {{0.693}}, 0.708, 0.674, 0.570)
[TEST]  QWK:  0.684, PRS: 0.695, SPR: 0.687, RMSE: 0.568 (Best @ 6: {{0.684}}, 0.695, 0.687, 0.568)
--------------------------------------------------------------------------------------------------------------------------
Epoch 7/50
Training one epoch in 30.076 s
[DEV]   QWK:  0.685, PRS: 0.691, SPR: 0.666, RMSE: 0.596, (Best @ 6: {{0.693}}, 0.708, 0.674, 0.570)
[TEST]  QWK:  0.727, PRS: 0.730, SPR: 0.729, RMSE: 0.548 (Best @ 6: {{0.684}}, 0.695, 0.687, 0.568)
--------------------------------------------------------------------------------------------------------------------------
Epoch 8/50
Training one epoch in 29.914 s
[DEV]   QWK:  0.669, PRS: 0.700, SPR: 0.678, RMSE: 0.596, (Best @ 6: {{0.693}}, 0.708, 0.674, 0.570)
[TEST]  QWK:  0.694, PRS: 0.725, SPR: 0.713, RMSE: 0.558 (Best @ 6: {{0.684}}, 0.695, 0.687, 0.568)
--------------------------------------------------------------------------------------------------------------------------
Epoch 9/50
Training one epoch in 30.187 s
[DEV]   QWK:  0.703, PRS: 0.724, SPR: 0.692, RMSE: 0.563, (Best @ 9: {{0.703}}, 0.724, 0.692, 0.563)
[TEST]  QWK:  0.689, PRS: 0.703, SPR: 0.694, RMSE: 0.563 (Best @ 9: {{0.689}}, 0.703, 0.694, 0.563)
--------------------------------------------------------------------------------------------------------------------------
Epoch 10/50
Training one epoch in 30.063 s
[DEV]   QWK:  0.612, PRS: 0.648, SPR: 0.625, RMSE: 0.615, (Best @ 9: {{0.703}}, 0.724, 0.692, 0.563)
[TEST]  QWK:  0.629, PRS: 0.672, SPR: 0.676, RMSE: 0.577 (Best @ 9: {{0.689}}, 0.703, 0.694, 0.563)
--------------------------------------------------------------------------------------------------------------------------
Epoch 11/50
Training one epoch in 29.544 s
[DEV]   QWK:  0.689, PRS: 0.711, SPR: 0.701, RMSE: 0.601, (Best @ 9: {{0.703}}, 0.724, 0.692, 0.563)
[TEST]  QWK:  0.697, PRS: 0.722, SPR: 0.716, RMSE: 0.577 (Best @ 9: {{0.689}}, 0.703, 0.694, 0.563)
--------------------------------------------------------------------------------------------------------------------------
Epoch 12/50
Training one epoch in 30.174 s
[DEV]   QWK:  0.666, PRS: 0.712, SPR: 0.685, RMSE: 0.587, (Best @ 9: {{0.703}}, 0.724, 0.692, 0.563)
[TEST]  QWK:  0.626, PRS: 0.681, SPR: 0.683, RMSE: 0.592 (Best @ 9: {{0.689}}, 0.703, 0.694, 0.563)
--------------------------------------------------------------------------------------------------------------------------
Epoch 13/50
Training one epoch in 30.164 s
[DEV]   QWK:  0.698, PRS: 0.719, SPR: 0.712, RMSE: 0.580, (Best @ 9: {{0.703}}, 0.724, 0.692, 0.563)
[TEST]  QWK:  0.663, PRS: 0.680, SPR: 0.671, RMSE: 0.596 (Best @ 9: {{0.689}}, 0.703, 0.694, 0.563)
--------------------------------------------------------------------------------------------------------------------------
Epoch 14/50
Training one epoch in 30.004 s
[DEV]   QWK:  0.709, PRS: 0.714, SPR: 0.684, RMSE: 0.580, (Best @ 14: {{0.709}}, 0.714, 0.684, 0.580)
[TEST]  QWK:  0.750, PRS: 0.754, SPR: 0.750, RMSE: 0.522 (Best @ 14: {{0.750}}, 0.754, 0.750, 0.522)
--------------------------------------------------------------------------------------------------------------------------
Epoch 15/50
Training one epoch in 30.294 s
[DEV]   QWK:  0.697, PRS: 0.705, SPR: 0.678, RMSE: 0.587, (Best @ 14: {{0.709}}, 0.714, 0.684, 0.580)
[TEST]  QWK:  0.721, PRS: 0.732, SPR: 0.730, RMSE: 0.537 (Best @ 14: {{0.750}}, 0.754, 0.750, 0.522)
--------------------------------------------------------------------------------------------------------------------------
Epoch 16/50
Training one epoch in 29.971 s
[DEV]   QWK:  0.731, PRS: 0.732, SPR: 0.707, RMSE: 0.580, (Best @ 16: {{0.731}}, 0.732, 0.707, 0.580)
[TEST]  QWK:  0.748, PRS: 0.750, SPR: 0.751, RMSE: 0.537 (Best @ 16: {{0.748}}, 0.750, 0.751, 0.537)
--------------------------------------------------------------------------------------------------------------------------
Epoch 17/50
Training one epoch in 29.821 s
[DEV]   QWK:  0.705, PRS: 0.713, SPR: 0.683, RMSE: 0.577, (Best @ 16: {{0.731}}, 0.732, 0.707, 0.580)
[TEST]  QWK:  0.737, PRS: 0.745, SPR: 0.735, RMSE: 0.527 (Best @ 16: {{0.748}}, 0.750, 0.751, 0.537)
--------------------------------------------------------------------------------------------------------------------------
Epoch 18/50
Training one epoch in 30.243 s
[DEV]   QWK:  0.686, PRS: 0.704, SPR: 0.682, RMSE: 0.573, (Best @ 16: {{0.731}}, 0.732, 0.707, 0.580)
[TEST]  QWK:  0.710, PRS: 0.721, SPR: 0.706, RMSE: 0.543 (Best @ 16: {{0.748}}, 0.750, 0.751, 0.537)
--------------------------------------------------------------------------------------------------------------------------
Epoch 19/50
Training one epoch in 30.118 s
[DEV]   QWK:  0.715, PRS: 0.723, SPR: 0.699, RMSE: 0.573, (Best @ 16: {{0.731}}, 0.732, 0.707, 0.580)
[TEST]  QWK:  0.703, PRS: 0.711, SPR: 0.698, RMSE: 0.563 (Best @ 16: {{0.748}}, 0.750, 0.751, 0.537)
--------------------------------------------------------------------------------------------------------------------------
Epoch 20/50
Training one epoch in 30.169 s
[DEV]   QWK:  0.697, PRS: 0.712, SPR: 0.711, RMSE: 0.608, (Best @ 16: {{0.731}}, 0.732, 0.707, 0.580)
[TEST]  QWK:  0.685, PRS: 0.701, SPR: 0.706, RMSE: 0.610 (Best @ 16: {{0.748}}, 0.750, 0.751, 0.537)
--------------------------------------------------------------------------------------------------------------------------
Epoch 21/50
Training one epoch in 29.917 s
[DEV]   QWK:  0.664, PRS: 0.699, SPR: 0.677, RMSE: 0.582, (Best @ 16: {{0.731}}, 0.732, 0.707, 0.580)
[TEST]  QWK:  0.645, PRS: 0.688, SPR: 0.695, RMSE: 0.568 (Best @ 16: {{0.748}}, 0.750, 0.751, 0.537)
--------------------------------------------------------------------------------------------------------------------------
Epoch 22/50
Training one epoch in 30.169 s
[DEV]   QWK:  0.660, PRS: 0.680, SPR: 0.669, RMSE: 0.612, (Best @ 16: {{0.731}}, 0.732, 0.707, 0.580)
[TEST]  QWK:  0.676, PRS: 0.702, SPR: 0.694, RMSE: 0.577 (Best @ 16: {{0.748}}, 0.750, 0.751, 0.537)
--------------------------------------------------------------------------------------------------------------------------
Epoch 23/50
Training one epoch in 30.249 s
[DEV]   QWK:  0.700, PRS: 0.714, SPR: 0.687, RMSE: 0.565, (Best @ 16: {{0.731}}, 0.732, 0.707, 0.580)
[TEST]  QWK:  0.671, PRS: 0.682, SPR: 0.673, RMSE: 0.577 (Best @ 16: {{0.748}}, 0.750, 0.751, 0.537)
--------------------------------------------------------------------------------------------------------------------------
Epoch 24/50
Training one epoch in 30.144 s
[DEV]   QWK:  0.669, PRS: 0.691, SPR: 0.669, RMSE: 0.580, (Best @ 16: {{0.731}}, 0.732, 0.707, 0.580)
[TEST]  QWK:  0.656, PRS: 0.684, SPR: 0.677, RMSE: 0.568 (Best @ 16: {{0.748}}, 0.750, 0.751, 0.537)
--------------------------------------------------------------------------------------------------------------------------
Epoch 25/50
Training one epoch in 30.090 s
[DEV]   QWK:  0.686, PRS: 0.718, SPR: 0.712, RMSE: 0.617, (Best @ 16: {{0.731}}, 0.732, 0.707, 0.580)
[TEST]  QWK:  0.643, PRS: 0.677, SPR: 0.692, RMSE: 0.645 (Best @ 16: {{0.748}}, 0.750, 0.751, 0.537)
--------------------------------------------------------------------------------------------------------------------------
Epoch 26/50
Training one epoch in 30.104 s
[DEV]   QWK:  0.699, PRS: 0.719, SPR: 0.690, RMSE: 0.570, (Best @ 16: {{0.731}}, 0.732, 0.707, 0.580)
[TEST]  QWK:  0.731, PRS: 0.743, SPR: 0.744, RMSE: 0.532 (Best @ 16: {{0.748}}, 0.750, 0.751, 0.537)
--------------------------------------------------------------------------------------------------------------------------
Epoch 27/50
Training one epoch in 29.997 s
[DEV]   QWK:  0.705, PRS: 0.732, SPR: 0.707, RMSE: 0.594, (Best @ 16: {{0.731}}, 0.732, 0.707, 0.580)
[TEST]  QWK:  0.698, PRS: 0.713, SPR: 0.703, RMSE: 0.596 (Best @ 16: {{0.748}}, 0.750, 0.751, 0.537)
--------------------------------------------------------------------------------------------------------------------------
Epoch 28/50
Training one epoch in 30.058 s
[DEV]   QWK:  0.705, PRS: 0.719, SPR: 0.699, RMSE: 0.563, (Best @ 16: {{0.731}}, 0.732, 0.707, 0.580)
[TEST]  QWK:  0.724, PRS: 0.743, SPR: 0.730, RMSE: 0.532 (Best @ 16: {{0.748}}, 0.750, 0.751, 0.537)
--------------------------------------------------------------------------------------------------------------------------
Epoch 29/50
Training one epoch in 30.064 s
[DEV]   QWK:  0.696, PRS: 0.709, SPR: 0.700, RMSE: 0.570, (Best @ 16: {{0.731}}, 0.732, 0.707, 0.580)
[TEST]  QWK:  0.719, PRS: 0.728, SPR: 0.714, RMSE: 0.543 (Best @ 16: {{0.748}}, 0.750, 0.751, 0.537)
--------------------------------------------------------------------------------------------------------------------------
Epoch 30/50
Training one epoch in 30.086 s
[DEV]   QWK:  0.711, PRS: 0.721, SPR: 0.702, RMSE: 0.563, (Best @ 16: {{0.731}}, 0.732, 0.707, 0.580)
[TEST]  QWK:  0.711, PRS: 0.720, SPR: 0.711, RMSE: 0.553 (Best @ 16: {{0.748}}, 0.750, 0.751, 0.537)
--------------------------------------------------------------------------------------------------------------------------
Epoch 31/50
Training one epoch in 30.102 s
[DEV]   QWK:  0.689, PRS: 0.698, SPR: 0.678, RMSE: 0.585, (Best @ 16: {{0.731}}, 0.732, 0.707, 0.580)
[TEST]  QWK:  0.694, PRS: 0.705, SPR: 0.688, RMSE: 0.563 (Best @ 16: {{0.748}}, 0.750, 0.751, 0.537)
--------------------------------------------------------------------------------------------------------------------------
Epoch 32/50
Training one epoch in 30.312 s
[DEV]   QWK:  0.718, PRS: 0.722, SPR: 0.703, RMSE: 0.570, (Best @ 16: {{0.731}}, 0.732, 0.707, 0.580)
[TEST]  QWK:  0.688, PRS: 0.695, SPR: 0.685, RMSE: 0.582 (Best @ 16: {{0.748}}, 0.750, 0.751, 0.537)
--------------------------------------------------------------------------------------------------------------------------
Epoch 33/50
Training one epoch in 30.078 s
[DEV]   QWK:  0.709, PRS: 0.716, SPR: 0.685, RMSE: 0.570, (Best @ 16: {{0.731}}, 0.732, 0.707, 0.580)
[TEST]  QWK:  0.701, PRS: 0.708, SPR: 0.699, RMSE: 0.568 (Best @ 16: {{0.748}}, 0.750, 0.751, 0.537)
--------------------------------------------------------------------------------------------------------------------------
Epoch 34/50
Training one epoch in 30.068 s
[DEV]   QWK:  0.696, PRS: 0.704, SPR: 0.679, RMSE: 0.580, (Best @ 16: {{0.731}}, 0.732, 0.707, 0.580)
[TEST]  QWK:  0.713, PRS: 0.723, SPR: 0.708, RMSE: 0.548 (Best @ 16: {{0.748}}, 0.750, 0.751, 0.537)
--------------------------------------------------------------------------------------------------------------------------
Epoch 35/50
Training one epoch in 30.357 s
[DEV]   QWK:  0.696, PRS: 0.708, SPR: 0.692, RMSE: 0.573, (Best @ 16: {{0.731}}, 0.732, 0.707, 0.580)
[TEST]  QWK:  0.690, PRS: 0.704, SPR: 0.692, RMSE: 0.563 (Best @ 16: {{0.748}}, 0.750, 0.751, 0.537)
--------------------------------------------------------------------------------------------------------------------------
Epoch 36/50
Training one epoch in 30.046 s
[DEV]   QWK:  0.711, PRS: 0.717, SPR: 0.685, RMSE: 0.582, (Best @ 16: {{0.731}}, 0.732, 0.707, 0.580)
[TEST]  QWK:  0.705, PRS: 0.707, SPR: 0.694, RMSE: 0.573 (Best @ 16: {{0.748}}, 0.750, 0.751, 0.537)
--------------------------------------------------------------------------------------------------------------------------
Epoch 37/50
Training one epoch in 30.242 s
[DEV]   QWK:  0.662, PRS: 0.681, SPR: 0.668, RMSE: 0.592, (Best @ 16: {{0.731}}, 0.732, 0.707, 0.580)
[TEST]  QWK:  0.684, PRS: 0.700, SPR: 0.677, RMSE: 0.563 (Best @ 16: {{0.748}}, 0.750, 0.751, 0.537)
--------------------------------------------------------------------------------------------------------------------------
Epoch 38/50
Training one epoch in 30.162 s
[DEV]   QWK:  0.688, PRS: 0.699, SPR: 0.676, RMSE: 0.587, (Best @ 16: {{0.731}}, 0.732, 0.707, 0.580)
[TEST]  QWK:  0.723, PRS: 0.728, SPR: 0.714, RMSE: 0.543 (Best @ 16: {{0.748}}, 0.750, 0.751, 0.537)
--------------------------------------------------------------------------------------------------------------------------
Epoch 39/50
Training one epoch in 29.699 s
[DEV]   QWK:  0.676, PRS: 0.691, SPR: 0.682, RMSE: 0.585, (Best @ 16: {{0.731}}, 0.732, 0.707, 0.580)
[TEST]  QWK:  0.701, PRS: 0.715, SPR: 0.699, RMSE: 0.548 (Best @ 16: {{0.748}}, 0.750, 0.751, 0.537)
--------------------------------------------------------------------------------------------------------------------------
Epoch 40/50
Training one epoch in 30.230 s
[DEV]   QWK:  0.684, PRS: 0.706, SPR: 0.674, RMSE: 0.603, (Best @ 16: {{0.731}}, 0.732, 0.707, 0.580)
[TEST]  QWK:  0.691, PRS: 0.701, SPR: 0.690, RMSE: 0.587 (Best @ 16: {{0.748}}, 0.750, 0.751, 0.537)
--------------------------------------------------------------------------------------------------------------------------
Epoch 41/50
Training one epoch in 30.180 s
[DEV]   QWK:  0.732, PRS: 0.734, SPR: 0.707, RMSE: 0.563, (Best @ 41: {{0.732}}, 0.734, 0.707, 0.563)
[TEST]  QWK:  0.694, PRS: 0.699, SPR: 0.692, RMSE: 0.596 (Best @ 41: {{0.694}}, 0.699, 0.692, 0.596)
--------------------------------------------------------------------------------------------------------------------------
Epoch 42/50
Training one epoch in 30.080 s
[DEV]   QWK:  0.656, PRS: 0.680, SPR: 0.656, RMSE: 0.601, (Best @ 41: {{0.732}}, 0.734, 0.707, 0.563)
[TEST]  QWK:  0.667, PRS: 0.681, SPR: 0.661, RMSE: 0.577 (Best @ 41: {{0.694}}, 0.699, 0.692, 0.596)
--------------------------------------------------------------------------------------------------------------------------
Epoch 43/50
Training one epoch in 30.112 s
[DEV]   QWK:  0.678, PRS: 0.696, SPR: 0.683, RMSE: 0.596, (Best @ 41: {{0.732}}, 0.734, 0.707, 0.563)
[TEST]  QWK:  0.654, PRS: 0.676, SPR: 0.666, RMSE: 0.615 (Best @ 41: {{0.694}}, 0.699, 0.692, 0.596)
--------------------------------------------------------------------------------------------------------------------------
Epoch 44/50
Training one epoch in 30.224 s
[DEV]   QWK:  0.696, PRS: 0.710, SPR: 0.680, RMSE: 0.580, (Best @ 41: {{0.732}}, 0.734, 0.707, 0.563)
[TEST]  QWK:  0.678, PRS: 0.689, SPR: 0.672, RMSE: 0.573 (Best @ 41: {{0.694}}, 0.699, 0.692, 0.596)
--------------------------------------------------------------------------------------------------------------------------
Epoch 45/50
Training one epoch in 30.376 s
[DEV]   QWK:  0.705, PRS: 0.717, SPR: 0.685, RMSE: 0.568, (Best @ 41: {{0.732}}, 0.734, 0.707, 0.563)
[TEST]  QWK:  0.667, PRS: 0.680, SPR: 0.653, RMSE: 0.577 (Best @ 41: {{0.694}}, 0.699, 0.692, 0.596)
--------------------------------------------------------------------------------------------------------------------------
Epoch 46/50
Training one epoch in 30.239 s
[DEV]   QWK:  0.676, PRS: 0.698, SPR: 0.661, RMSE: 0.601, (Best @ 41: {{0.732}}, 0.734, 0.707, 0.563)
[TEST]  QWK:  0.701, PRS: 0.713, SPR: 0.707, RMSE: 0.558 (Best @ 41: {{0.694}}, 0.699, 0.692, 0.596)
--------------------------------------------------------------------------------------------------------------------------
Epoch 47/50
Training one epoch in 30.284 s
[DEV]   QWK:  0.674, PRS: 0.717, SPR: 0.684, RMSE: 0.637, (Best @ 41: {{0.732}}, 0.734, 0.707, 0.563)
[TEST]  QWK:  0.644, PRS: 0.685, SPR: 0.688, RMSE: 0.675 (Best @ 41: {{0.694}}, 0.699, 0.692, 0.596)
--------------------------------------------------------------------------------------------------------------------------
Epoch 48/50
Training one epoch in 30.160 s
[DEV]   QWK:  0.694, PRS: 0.724, SPR: 0.700, RMSE: 0.637, (Best @ 41: {{0.732}}, 0.734, 0.707, 0.563)
[TEST]  QWK:  0.662, PRS: 0.683, SPR: 0.683, RMSE: 0.671 (Best @ 41: {{0.694}}, 0.699, 0.692, 0.596)
--------------------------------------------------------------------------------------------------------------------------
Epoch 49/50
Training one epoch in 30.297 s
[DEV]   QWK:  0.642, PRS: 0.661, SPR: 0.642, RMSE: 0.610, (Best @ 41: {{0.732}}, 0.734, 0.707, 0.563)
[TEST]  QWK:  0.650, PRS: 0.665, SPR: 0.644, RMSE: 0.592 (Best @ 41: {{0.694}}, 0.699, 0.692, 0.596)
--------------------------------------------------------------------------------------------------------------------------
Epoch 50/50
Training one epoch in 30.111 s
[DEV]   QWK:  0.710, PRS: 0.717, SPR: 0.696, RMSE: 0.570, (Best @ 41: {{0.732}}, 0.734, 0.707, 0.563)
[TEST]  QWK:  0.693, PRS: 0.702, SPR: 0.679, RMSE: 0.563 (Best @ 41: {{0.694}}, 0.699, 0.692, 0.596)
--------------------------------------------------------------------------------------------------------------------------
