X_train shape: (1260, 1050)
Initial evaluation: 
[DEV]   QWK:  0.000, PRS: 0.000, SPR: 0.000, RMSE: 1.180, (Best @ -1: {{0.000}}, 0.000, 0.000, 1.180)
[TEST]  QWK:  0.000, PRS: 0.000, SPR: 0.000, RMSE: 1.269 (Best @ -1: {{0.000}}, 0.000, 0.000, 1.269)
--------------------------------------------------------------------------------------------------------------------------
Train model
Epoch 1/50
Training one epoch in 10.026 s
[DEV]   QWK:  0.679, PRS: 0.749, SPR: 0.749, RMSE: 0.669, (Best @ 1: {{0.679}}, 0.749, 0.749, 0.669)
[TEST]  QWK:  0.645, PRS: 0.738, SPR: 0.715, RMSE: 0.753 (Best @ 1: {{0.645}}, 0.738, 0.715, 0.753)
--------------------------------------------------------------------------------------------------------------------------
Epoch 2/50
Training one epoch in 7.952 s
[DEV]   QWK:  0.727, PRS: 0.761, SPR: 0.743, RMSE: 0.628, (Best @ 2: {{0.727}}, 0.761, 0.743, 0.628)
[TEST]  QWK:  0.734, PRS: 0.782, SPR: 0.770, RMSE: 0.671 (Best @ 2: {{0.734}}, 0.782, 0.770, 0.671)
--------------------------------------------------------------------------------------------------------------------------
Epoch 3/50
Training one epoch in 7.939 s
[DEV]   QWK:  0.716, PRS: 0.783, SPR: 0.791, RMSE: 0.665, (Best @ 2: {{0.727}}, 0.761, 0.743, 0.628)
[TEST]  QWK:  0.718, PRS: 0.793, SPR: 0.774, RMSE: 0.703 (Best @ 2: {{0.734}}, 0.782, 0.770, 0.671)
--------------------------------------------------------------------------------------------------------------------------
Epoch 4/50
Training one epoch in 7.936 s
[DEV]   QWK:  0.726, PRS: 0.766, SPR: 0.764, RMSE: 0.645, (Best @ 2: {{0.727}}, 0.761, 0.743, 0.628)
[TEST]  QWK:  0.762, PRS: 0.809, SPR: 0.786, RMSE: 0.650 (Best @ 2: {{0.734}}, 0.782, 0.770, 0.671)
--------------------------------------------------------------------------------------------------------------------------
Epoch 5/50
Training one epoch in 7.961 s
[DEV]   QWK:  0.750, PRS: 0.766, SPR: 0.759, RMSE: 0.621, (Best @ 5: {{0.750}}, 0.766, 0.759, 0.621)
[TEST]  QWK:  0.789, PRS: 0.809, SPR: 0.778, RMSE: 0.628 (Best @ 5: {{0.789}}, 0.809, 0.778, 0.628)
--------------------------------------------------------------------------------------------------------------------------
Epoch 6/50
Training one epoch in 7.954 s
[DEV]   QWK:  0.727, PRS: 0.776, SPR: 0.782, RMSE: 0.656, (Best @ 5: {{0.750}}, 0.766, 0.759, 0.621)
[TEST]  QWK:  0.761, PRS: 0.812, SPR: 0.787, RMSE: 0.654 (Best @ 5: {{0.789}}, 0.809, 0.778, 0.628)
--------------------------------------------------------------------------------------------------------------------------
Epoch 7/50
Training one epoch in 7.936 s
[DEV]   QWK:  0.747, PRS: 0.768, SPR: 0.751, RMSE: 0.656, (Best @ 5: {{0.750}}, 0.766, 0.759, 0.621)
[TEST]  QWK:  0.784, PRS: 0.831, SPR: 0.795, RMSE: 0.662 (Best @ 5: {{0.789}}, 0.809, 0.778, 0.628)
--------------------------------------------------------------------------------------------------------------------------
Epoch 8/50
Training one epoch in 7.956 s
[DEV]   QWK:  0.751, PRS: 0.772, SPR: 0.766, RMSE: 0.612, (Best @ 8: {{0.751}}, 0.772, 0.766, 0.612)
[TEST]  QWK:  0.783, PRS: 0.810, SPR: 0.786, RMSE: 0.628 (Best @ 8: {{0.783}}, 0.810, 0.786, 0.628)
--------------------------------------------------------------------------------------------------------------------------
Epoch 9/50
Training one epoch in 7.956 s
[DEV]   QWK:  0.695, PRS: 0.786, SPR: 0.803, RMSE: 0.728, (Best @ 8: {{0.751}}, 0.772, 0.766, 0.612)
[TEST]  QWK:  0.737, PRS: 0.813, SPR: 0.795, RMSE: 0.707 (Best @ 8: {{0.783}}, 0.810, 0.786, 0.628)
--------------------------------------------------------------------------------------------------------------------------
Epoch 10/50
Training one epoch in 7.946 s
[DEV]   QWK:  0.791, PRS: 0.798, SPR: 0.797, RMSE: 0.585, (Best @ 10: {{0.791}}, 0.798, 0.797, 0.585)
[TEST]  QWK:  0.798, PRS: 0.812, SPR: 0.782, RMSE: 0.628 (Best @ 10: {{0.798}}, 0.812, 0.782, 0.628)
--------------------------------------------------------------------------------------------------------------------------
Epoch 11/50
Training one epoch in 7.950 s
[DEV]   QWK:  0.725, PRS: 0.773, SPR: 0.787, RMSE: 0.673, (Best @ 10: {{0.791}}, 0.798, 0.797, 0.585)
[TEST]  QWK:  0.775, PRS: 0.826, SPR: 0.798, RMSE: 0.641 (Best @ 10: {{0.798}}, 0.812, 0.782, 0.628)
--------------------------------------------------------------------------------------------------------------------------
Epoch 12/50
Training one epoch in 7.955 s
[DEV]   QWK:  0.781, PRS: 0.794, SPR: 0.801, RMSE: 0.592, (Best @ 10: {{0.791}}, 0.798, 0.797, 0.585)
[TEST]  QWK:  0.800, PRS: 0.815, SPR: 0.795, RMSE: 0.619 (Best @ 10: {{0.798}}, 0.812, 0.782, 0.628)
--------------------------------------------------------------------------------------------------------------------------
Epoch 13/50
Training one epoch in 7.963 s
[DEV]   QWK:  0.765, PRS: 0.788, SPR: 0.792, RMSE: 0.601, (Best @ 10: {{0.791}}, 0.798, 0.797, 0.585)
[TEST]  QWK:  0.781, PRS: 0.806, SPR: 0.791, RMSE: 0.632 (Best @ 10: {{0.798}}, 0.812, 0.782, 0.628)
--------------------------------------------------------------------------------------------------------------------------
Epoch 14/50
Training one epoch in 7.931 s
[DEV]   QWK:  0.741, PRS: 0.773, SPR: 0.776, RMSE: 0.637, (Best @ 10: {{0.791}}, 0.798, 0.797, 0.585)
[TEST]  QWK:  0.789, PRS: 0.817, SPR: 0.794, RMSE: 0.624 (Best @ 10: {{0.798}}, 0.812, 0.782, 0.628)
--------------------------------------------------------------------------------------------------------------------------
Epoch 15/50
Training one epoch in 7.942 s
[DEV]   QWK:  0.795, PRS: 0.798, SPR: 0.802, RMSE: 0.592, (Best @ 15: {{0.795}}, 0.798, 0.802, 0.592)
[TEST]  QWK:  0.793, PRS: 0.809, SPR: 0.780, RMSE: 0.637 (Best @ 15: {{0.793}}, 0.809, 0.780, 0.637)
--------------------------------------------------------------------------------------------------------------------------
Epoch 16/50
Training one epoch in 7.941 s
[DEV]   QWK:  0.775, PRS: 0.787, SPR: 0.786, RMSE: 0.619, (Best @ 15: {{0.795}}, 0.798, 0.802, 0.592)
[TEST]  QWK:  0.806, PRS: 0.836, SPR: 0.809, RMSE: 0.628 (Best @ 15: {{0.793}}, 0.809, 0.780, 0.637)
--------------------------------------------------------------------------------------------------------------------------
Epoch 17/50
Training one epoch in 7.980 s
[DEV]   QWK:  0.773, PRS: 0.786, SPR: 0.779, RMSE: 0.606, (Best @ 15: {{0.795}}, 0.798, 0.802, 0.592)
[TEST]  QWK:  0.793, PRS: 0.822, SPR: 0.789, RMSE: 0.637 (Best @ 15: {{0.793}}, 0.809, 0.780, 0.637)
--------------------------------------------------------------------------------------------------------------------------
Epoch 18/50
Training one epoch in 7.953 s
[DEV]   QWK:  0.749, PRS: 0.779, SPR: 0.781, RMSE: 0.617, (Best @ 15: {{0.795}}, 0.798, 0.802, 0.592)
[TEST]  QWK:  0.771, PRS: 0.800, SPR: 0.777, RMSE: 0.641 (Best @ 15: {{0.793}}, 0.809, 0.780, 0.637)
--------------------------------------------------------------------------------------------------------------------------
Epoch 19/50
Training one epoch in 7.956 s
[DEV]   QWK:  0.752, PRS: 0.779, SPR: 0.764, RMSE: 0.677, (Best @ 15: {{0.795}}, 0.798, 0.802, 0.592)
[TEST]  QWK:  0.794, PRS: 0.849, SPR: 0.817, RMSE: 0.671 (Best @ 15: {{0.793}}, 0.809, 0.780, 0.637)
--------------------------------------------------------------------------------------------------------------------------
Epoch 20/50
Training one epoch in 7.937 s
[DEV]   QWK:  0.743, PRS: 0.783, SPR: 0.793, RMSE: 0.628, (Best @ 15: {{0.795}}, 0.798, 0.802, 0.592)
[TEST]  QWK:  0.749, PRS: 0.793, SPR: 0.769, RMSE: 0.662 (Best @ 15: {{0.793}}, 0.809, 0.780, 0.637)
--------------------------------------------------------------------------------------------------------------------------
Epoch 21/50
Training one epoch in 7.956 s
[DEV]   QWK:  0.789, PRS: 0.797, SPR: 0.808, RMSE: 0.585, (Best @ 15: {{0.795}}, 0.798, 0.802, 0.592)
[TEST]  QWK:  0.801, PRS: 0.818, SPR: 0.790, RMSE: 0.624 (Best @ 15: {{0.793}}, 0.809, 0.780, 0.637)
--------------------------------------------------------------------------------------------------------------------------
Epoch 22/50
Training one epoch in 7.927 s
[DEV]   QWK:  0.779, PRS: 0.800, SPR: 0.811, RMSE: 0.619, (Best @ 15: {{0.795}}, 0.798, 0.802, 0.592)
[TEST]  QWK:  0.814, PRS: 0.826, SPR: 0.797, RMSE: 0.610 (Best @ 15: {{0.793}}, 0.809, 0.780, 0.637)
--------------------------------------------------------------------------------------------------------------------------
Epoch 23/50
Training one epoch in 7.957 s
[DEV]   QWK:  0.761, PRS: 0.787, SPR: 0.790, RMSE: 0.603, (Best @ 15: {{0.795}}, 0.798, 0.802, 0.592)
[TEST]  QWK:  0.771, PRS: 0.800, SPR: 0.767, RMSE: 0.641 (Best @ 15: {{0.793}}, 0.809, 0.780, 0.637)
--------------------------------------------------------------------------------------------------------------------------
Epoch 24/50
Training one epoch in 7.963 s
[DEV]   QWK:  0.781, PRS: 0.791, SPR: 0.785, RMSE: 0.628, (Best @ 15: {{0.795}}, 0.798, 0.802, 0.592)
[TEST]  QWK:  0.805, PRS: 0.838, SPR: 0.806, RMSE: 0.645 (Best @ 15: {{0.793}}, 0.809, 0.780, 0.637)
--------------------------------------------------------------------------------------------------------------------------
Epoch 25/50
Training one epoch in 7.939 s
[DEV]   QWK:  0.773, PRS: 0.796, SPR: 0.803, RMSE: 0.628, (Best @ 15: {{0.795}}, 0.798, 0.802, 0.592)
[TEST]  QWK:  0.786, PRS: 0.792, SPR: 0.768, RMSE: 0.662 (Best @ 15: {{0.793}}, 0.809, 0.780, 0.637)
--------------------------------------------------------------------------------------------------------------------------
Epoch 26/50
Training one epoch in 7.978 s
[DEV]   QWK:  0.777, PRS: 0.787, SPR: 0.784, RMSE: 0.606, (Best @ 15: {{0.795}}, 0.798, 0.802, 0.592)
[TEST]  QWK:  0.783, PRS: 0.813, SPR: 0.775, RMSE: 0.654 (Best @ 15: {{0.793}}, 0.809, 0.780, 0.637)
--------------------------------------------------------------------------------------------------------------------------
Epoch 27/50
Training one epoch in 7.962 s
[DEV]   QWK:  0.767, PRS: 0.788, SPR: 0.793, RMSE: 0.608, (Best @ 15: {{0.795}}, 0.798, 0.802, 0.592)
[TEST]  QWK:  0.774, PRS: 0.796, SPR: 0.763, RMSE: 0.645 (Best @ 15: {{0.793}}, 0.809, 0.780, 0.637)
--------------------------------------------------------------------------------------------------------------------------
Epoch 28/50
Training one epoch in 7.955 s
[DEV]   QWK:  0.808, PRS: 0.809, SPR: 0.803, RMSE: 0.594, (Best @ 28: {{0.808}}, 0.809, 0.803, 0.594)
[TEST]  QWK:  0.822, PRS: 0.826, SPR: 0.791, RMSE: 0.619 (Best @ 28: {{0.822}}, 0.826, 0.791, 0.619)
--------------------------------------------------------------------------------------------------------------------------
Epoch 29/50
Training one epoch in 7.938 s
[DEV]   QWK:  0.743, PRS: 0.768, SPR: 0.772, RMSE: 0.637, (Best @ 28: {{0.808}}, 0.809, 0.803, 0.594)
[TEST]  QWK:  0.772, PRS: 0.793, SPR: 0.763, RMSE: 0.650 (Best @ 28: {{0.822}}, 0.826, 0.791, 0.619)
--------------------------------------------------------------------------------------------------------------------------
Epoch 30/50
Training one epoch in 7.952 s
[DEV]   QWK:  0.744, PRS: 0.795, SPR: 0.776, RMSE: 0.703, (Best @ 28: {{0.808}}, 0.809, 0.803, 0.594)
[TEST]  QWK:  0.775, PRS: 0.848, SPR: 0.816, RMSE: 0.711 (Best @ 28: {{0.822}}, 0.826, 0.791, 0.619)
--------------------------------------------------------------------------------------------------------------------------
Epoch 31/50
Training one epoch in 7.958 s
[DEV]   QWK:  0.787, PRS: 0.795, SPR: 0.791, RMSE: 0.608, (Best @ 28: {{0.808}}, 0.809, 0.803, 0.594)
[TEST]  QWK:  0.795, PRS: 0.801, SPR: 0.757, RMSE: 0.645 (Best @ 28: {{0.822}}, 0.826, 0.791, 0.619)
--------------------------------------------------------------------------------------------------------------------------
Epoch 32/50
Training one epoch in 7.955 s
[DEV]   QWK:  0.786, PRS: 0.794, SPR: 0.800, RMSE: 0.587, (Best @ 28: {{0.808}}, 0.809, 0.803, 0.594)
[TEST]  QWK:  0.780, PRS: 0.801, SPR: 0.769, RMSE: 0.645 (Best @ 28: {{0.822}}, 0.826, 0.791, 0.619)
--------------------------------------------------------------------------------------------------------------------------
Epoch 33/50
Training one epoch in 8.005 s
[DEV]   QWK:  0.782, PRS: 0.788, SPR: 0.787, RMSE: 0.601, (Best @ 28: {{0.808}}, 0.809, 0.803, 0.594)
[TEST]  QWK:  0.795, PRS: 0.807, SPR: 0.764, RMSE: 0.637 (Best @ 28: {{0.822}}, 0.826, 0.791, 0.619)
--------------------------------------------------------------------------------------------------------------------------
Epoch 34/50
Training one epoch in 7.974 s
[DEV]   QWK:  0.764, PRS: 0.778, SPR: 0.783, RMSE: 0.628, (Best @ 28: {{0.808}}, 0.809, 0.803, 0.594)
[TEST]  QWK:  0.786, PRS: 0.799, SPR: 0.763, RMSE: 0.641 (Best @ 28: {{0.822}}, 0.826, 0.791, 0.619)
--------------------------------------------------------------------------------------------------------------------------
Epoch 35/50
Training one epoch in 7.978 s
[DEV]   QWK:  0.765, PRS: 0.786, SPR: 0.791, RMSE: 0.610, (Best @ 28: {{0.808}}, 0.809, 0.803, 0.594)
[TEST]  QWK:  0.775, PRS: 0.793, SPR: 0.760, RMSE: 0.650 (Best @ 28: {{0.822}}, 0.826, 0.791, 0.619)
--------------------------------------------------------------------------------------------------------------------------
Epoch 36/50
Training one epoch in 7.993 s
[DEV]   QWK:  0.784, PRS: 0.801, SPR: 0.788, RMSE: 0.610, (Best @ 28: {{0.808}}, 0.809, 0.803, 0.594)
[TEST]  QWK:  0.767, PRS: 0.778, SPR: 0.738, RMSE: 0.675 (Best @ 28: {{0.822}}, 0.826, 0.791, 0.619)
--------------------------------------------------------------------------------------------------------------------------
Epoch 37/50
Training one epoch in 7.970 s
[DEV]   QWK:  0.776, PRS: 0.787, SPR: 0.788, RMSE: 0.601, (Best @ 28: {{0.808}}, 0.809, 0.803, 0.594)
[TEST]  QWK:  0.790, PRS: 0.804, SPR: 0.767, RMSE: 0.637 (Best @ 28: {{0.822}}, 0.826, 0.791, 0.619)
--------------------------------------------------------------------------------------------------------------------------
Epoch 38/50
Training one epoch in 7.966 s
[DEV]   QWK:  0.799, PRS: 0.809, SPR: 0.802, RMSE: 0.582, (Best @ 28: {{0.808}}, 0.809, 0.803, 0.594)
[TEST]  QWK:  0.793, PRS: 0.801, SPR: 0.759, RMSE: 0.645 (Best @ 28: {{0.822}}, 0.826, 0.791, 0.619)
--------------------------------------------------------------------------------------------------------------------------
Epoch 39/50
Training one epoch in 7.962 s
[DEV]   QWK:  0.788, PRS: 0.792, SPR: 0.793, RMSE: 0.596, (Best @ 28: {{0.808}}, 0.809, 0.803, 0.594)
[TEST]  QWK:  0.786, PRS: 0.797, SPR: 0.749, RMSE: 0.654 (Best @ 28: {{0.822}}, 0.826, 0.791, 0.619)
--------------------------------------------------------------------------------------------------------------------------
Epoch 40/50
Training one epoch in 8.001 s
[DEV]   QWK:  0.808, PRS: 0.808, SPR: 0.793, RMSE: 0.601, (Best @ 28: {{0.808}}, 0.809, 0.803, 0.594)
[TEST]  QWK:  0.803, PRS: 0.810, SPR: 0.761, RMSE: 0.650 (Best @ 28: {{0.822}}, 0.826, 0.791, 0.619)
--------------------------------------------------------------------------------------------------------------------------
Epoch 41/50
Training one epoch in 7.994 s
[DEV]   QWK:  0.775, PRS: 0.788, SPR: 0.775, RMSE: 0.650, (Best @ 28: {{0.808}}, 0.809, 0.803, 0.594)
[TEST]  QWK:  0.803, PRS: 0.843, SPR: 0.809, RMSE: 0.654 (Best @ 28: {{0.822}}, 0.826, 0.791, 0.619)
--------------------------------------------------------------------------------------------------------------------------
Epoch 42/50
Training one epoch in 7.998 s
[DEV]   QWK:  0.777, PRS: 0.786, SPR: 0.793, RMSE: 0.619, (Best @ 28: {{0.808}}, 0.809, 0.803, 0.594)
[TEST]  QWK:  0.788, PRS: 0.799, SPR: 0.759, RMSE: 0.645 (Best @ 28: {{0.822}}, 0.826, 0.791, 0.619)
--------------------------------------------------------------------------------------------------------------------------
Epoch 43/50
Training one epoch in 7.993 s
[DEV]   QWK:  0.772, PRS: 0.783, SPR: 0.782, RMSE: 0.601, (Best @ 28: {{0.808}}, 0.809, 0.803, 0.594)
[TEST]  QWK:  0.771, PRS: 0.803, SPR: 0.759, RMSE: 0.650 (Best @ 28: {{0.822}}, 0.826, 0.791, 0.619)
--------------------------------------------------------------------------------------------------------------------------
Epoch 44/50
Training one epoch in 7.984 s
[DEV]   QWK:  0.808, PRS: 0.811, SPR: 0.800, RMSE: 0.592, (Best @ 44: {{0.808}}, 0.811, 0.800, 0.592)
[TEST]  QWK:  0.800, PRS: 0.822, SPR: 0.781, RMSE: 0.645 (Best @ 44: {{0.800}}, 0.822, 0.781, 0.645)
--------------------------------------------------------------------------------------------------------------------------
Epoch 45/50
Training one epoch in 7.966 s
[DEV]   QWK:  0.788, PRS: 0.792, SPR: 0.792, RMSE: 0.606, (Best @ 44: {{0.808}}, 0.811, 0.800, 0.592)
[TEST]  QWK:  0.795, PRS: 0.820, SPR: 0.784, RMSE: 0.645 (Best @ 44: {{0.800}}, 0.822, 0.781, 0.645)
--------------------------------------------------------------------------------------------------------------------------
Epoch 46/50
Training one epoch in 7.962 s
[DEV]   QWK:  0.800, PRS: 0.801, SPR: 0.796, RMSE: 0.599, (Best @ 44: {{0.808}}, 0.811, 0.800, 0.592)
[TEST]  QWK:  0.794, PRS: 0.811, SPR: 0.767, RMSE: 0.650 (Best @ 44: {{0.800}}, 0.822, 0.781, 0.645)
--------------------------------------------------------------------------------------------------------------------------
Epoch 47/50
Training one epoch in 8.011 s
[DEV]   QWK:  0.780, PRS: 0.781, SPR: 0.777, RMSE: 0.632, (Best @ 44: {{0.808}}, 0.811, 0.800, 0.592)
[TEST]  QWK:  0.795, PRS: 0.805, SPR: 0.769, RMSE: 0.650 (Best @ 44: {{0.800}}, 0.822, 0.781, 0.645)
--------------------------------------------------------------------------------------------------------------------------
Epoch 48/50
Training one epoch in 7.992 s
[DEV]   QWK:  0.792, PRS: 0.798, SPR: 0.794, RMSE: 0.603, (Best @ 44: {{0.808}}, 0.811, 0.800, 0.592)
[TEST]  QWK:  0.773, PRS: 0.808, SPR: 0.766, RMSE: 0.675 (Best @ 44: {{0.800}}, 0.822, 0.781, 0.645)
--------------------------------------------------------------------------------------------------------------------------
Epoch 49/50
Training one epoch in 7.979 s
[DEV]   QWK:  0.776, PRS: 0.782, SPR: 0.780, RMSE: 0.619, (Best @ 44: {{0.808}}, 0.811, 0.800, 0.592)
[TEST]  QWK:  0.785, PRS: 0.815, SPR: 0.768, RMSE: 0.650 (Best @ 44: {{0.800}}, 0.822, 0.781, 0.645)
--------------------------------------------------------------------------------------------------------------------------
Epoch 50/50
Training one epoch in 7.976 s
[DEV]   QWK:  0.805, PRS: 0.808, SPR: 0.791, RMSE: 0.628, (Best @ 44: {{0.808}}, 0.811, 0.800, 0.592)
[TEST]  QWK:  0.828, PRS: 0.837, SPR: 0.799, RMSE: 0.619 (Best @ 44: {{0.800}}, 0.822, 0.781, 0.645)
--------------------------------------------------------------------------------------------------------------------------
X_train shape: (1260, 1050)
Initial evaluation: 
[DEV]   QWK:  0.000, PRS: 0.000, SPR: 0.000, RMSE: 1.180, (Best @ -1: {{0.000}}, 0.000, 0.000, 1.180)
[TEST]  QWK:  0.000, PRS: 0.000, SPR: 0.000, RMSE: 1.269 (Best @ -1: {{0.000}}, 0.000, 0.000, 1.269)
--------------------------------------------------------------------------------------------------------------------------
Train model
Epoch 1/50
Training one epoch in 10.703 s
[DEV]   QWK:  0.679, PRS: 0.749, SPR: 0.749, RMSE: 0.669, (Best @ 1: {{0.679}}, 0.749, 0.749, 0.669)
[TEST]  QWK:  0.645, PRS: 0.738, SPR: 0.715, RMSE: 0.753 (Best @ 1: {{0.645}}, 0.738, 0.715, 0.753)
--------------------------------------------------------------------------------------------------------------------------
Epoch 2/50
Training one epoch in 8.199 s
[DEV]   QWK:  0.727, PRS: 0.761, SPR: 0.743, RMSE: 0.628, (Best @ 2: {{0.727}}, 0.761, 0.743, 0.628)
[TEST]  QWK:  0.734, PRS: 0.782, SPR: 0.770, RMSE: 0.671 (Best @ 2: {{0.734}}, 0.782, 0.770, 0.671)
--------------------------------------------------------------------------------------------------------------------------
Epoch 3/50
Training one epoch in 8.220 s
[DEV]   QWK:  0.716, PRS: 0.783, SPR: 0.791, RMSE: 0.665, (Best @ 2: {{0.727}}, 0.761, 0.743, 0.628)
[TEST]  QWK:  0.718, PRS: 0.793, SPR: 0.774, RMSE: 0.703 (Best @ 2: {{0.734}}, 0.782, 0.770, 0.671)
--------------------------------------------------------------------------------------------------------------------------
Epoch 4/50
Training one epoch in 8.228 s
[DEV]   QWK:  0.728, PRS: 0.767, SPR: 0.768, RMSE: 0.645, (Best @ 4: {{0.728}}, 0.767, 0.768, 0.645)
[TEST]  QWK:  0.759, PRS: 0.807, SPR: 0.784, RMSE: 0.654 (Best @ 4: {{0.759}}, 0.807, 0.784, 0.654)
--------------------------------------------------------------------------------------------------------------------------
Epoch 5/50
Training one epoch in 8.235 s
[DEV]   QWK:  0.750, PRS: 0.766, SPR: 0.759, RMSE: 0.621, (Best @ 5: {{0.750}}, 0.766, 0.759, 0.621)
[TEST]  QWK:  0.793, PRS: 0.813, SPR: 0.782, RMSE: 0.624 (Best @ 5: {{0.793}}, 0.813, 0.782, 0.624)
--------------------------------------------------------------------------------------------------------------------------
Epoch 6/50
Training one epoch in 8.222 s
[DEV]   QWK:  0.727, PRS: 0.776, SPR: 0.782, RMSE: 0.656, (Best @ 5: {{0.750}}, 0.766, 0.759, 0.621)
[TEST]  QWK:  0.761, PRS: 0.812, SPR: 0.787, RMSE: 0.654 (Best @ 5: {{0.793}}, 0.813, 0.782, 0.624)
--------------------------------------------------------------------------------------------------------------------------
Epoch 7/50
Training one epoch in 8.224 s
[DEV]   QWK:  0.748, PRS: 0.769, SPR: 0.752, RMSE: 0.654, (Best @ 5: {{0.750}}, 0.766, 0.759, 0.621)
[TEST]  QWK:  0.777, PRS: 0.822, SPR: 0.784, RMSE: 0.671 (Best @ 5: {{0.793}}, 0.813, 0.782, 0.624)
--------------------------------------------------------------------------------------------------------------------------
Epoch 8/50
Training one epoch in 8.254 s
[DEV]   QWK:  0.750, PRS: 0.770, SPR: 0.764, RMSE: 0.615, (Best @ 5: {{0.750}}, 0.766, 0.759, 0.621)
[TEST]  QWK:  0.787, PRS: 0.813, SPR: 0.791, RMSE: 0.624 (Best @ 5: {{0.793}}, 0.813, 0.782, 0.624)
--------------------------------------------------------------------------------------------------------------------------
Epoch 9/50
Training one epoch in 8.229 s
[DEV]   QWK:  0.697, PRS: 0.786, SPR: 0.804, RMSE: 0.725, (Best @ 5: {{0.750}}, 0.766, 0.759, 0.621)
[TEST]  QWK:  0.739, PRS: 0.814, SPR: 0.795, RMSE: 0.703 (Best @ 5: {{0.793}}, 0.813, 0.782, 0.624)
--------------------------------------------------------------------------------------------------------------------------
Epoch 10/50
Training one epoch in 8.215 s
[DEV]   QWK:  0.793, PRS: 0.799, SPR: 0.801, RMSE: 0.585, (Best @ 10: {{0.793}}, 0.799, 0.801, 0.585)
[TEST]  QWK:  0.806, PRS: 0.821, SPR: 0.787, RMSE: 0.615 (Best @ 10: {{0.806}}, 0.821, 0.787, 0.615)
--------------------------------------------------------------------------------------------------------------------------
Epoch 11/50
Training one epoch in 8.196 s
[DEV]   QWK:  0.728, PRS: 0.778, SPR: 0.791, RMSE: 0.675, (Best @ 10: {{0.793}}, 0.799, 0.801, 0.585)
[TEST]  QWK:  0.778, PRS: 0.831, SPR: 0.806, RMSE: 0.641 (Best @ 10: {{0.806}}, 0.821, 0.787, 0.615)
--------------------------------------------------------------------------------------------------------------------------
Epoch 12/50
Training one epoch in 8.244 s
[DEV]   QWK:  0.787, PRS: 0.798, SPR: 0.808, RMSE: 0.587, (Best @ 10: {{0.793}}, 0.799, 0.801, 0.585)
[TEST]  QWK:  0.792, PRS: 0.806, SPR: 0.786, RMSE: 0.632 (Best @ 10: {{0.806}}, 0.821, 0.787, 0.615)
--------------------------------------------------------------------------------------------------------------------------
Epoch 13/50
Training one epoch in 8.229 s
[DEV]   QWK:  0.770, PRS: 0.790, SPR: 0.792, RMSE: 0.599, (Best @ 10: {{0.793}}, 0.799, 0.801, 0.585)
[TEST]  QWK:  0.786, PRS: 0.809, SPR: 0.792, RMSE: 0.628 (Best @ 10: {{0.806}}, 0.821, 0.787, 0.615)
--------------------------------------------------------------------------------------------------------------------------
Epoch 14/50
Training one epoch in 8.215 s
[DEV]   QWK:  0.737, PRS: 0.770, SPR: 0.778, RMSE: 0.645, (Best @ 10: {{0.793}}, 0.799, 0.801, 0.585)
[TEST]  QWK:  0.782, PRS: 0.812, SPR: 0.788, RMSE: 0.632 (Best @ 10: {{0.806}}, 0.821, 0.787, 0.615)
--------------------------------------------------------------------------------------------------------------------------
Epoch 15/50
Training one epoch in 8.254 s
[DEV]   QWK:  0.799, PRS: 0.803, SPR: 0.807, RMSE: 0.580, (Best @ 15: {{0.799}}, 0.803, 0.807, 0.580)
[TEST]  QWK:  0.789, PRS: 0.808, SPR: 0.779, RMSE: 0.637 (Best @ 15: {{0.789}}, 0.808, 0.779, 0.637)
--------------------------------------------------------------------------------------------------------------------------
Epoch 16/50
Training one epoch in 8.213 s
[DEV]   QWK:  0.776, PRS: 0.787, SPR: 0.784, RMSE: 0.621, (Best @ 15: {{0.799}}, 0.803, 0.807, 0.580)
[TEST]  QWK:  0.809, PRS: 0.839, SPR: 0.809, RMSE: 0.628 (Best @ 15: {{0.789}}, 0.808, 0.779, 0.637)
--------------------------------------------------------------------------------------------------------------------------
Epoch 17/50
Training one epoch in 8.220 s
[DEV]   QWK:  0.770, PRS: 0.784, SPR: 0.777, RMSE: 0.608, (Best @ 15: {{0.799}}, 0.803, 0.807, 0.580)
[TEST]  QWK:  0.786, PRS: 0.817, SPR: 0.779, RMSE: 0.645 (Best @ 15: {{0.789}}, 0.808, 0.779, 0.637)
--------------------------------------------------------------------------------------------------------------------------
Epoch 18/50
Training one epoch in 8.227 s
[DEV]   QWK:  0.751, PRS: 0.782, SPR: 0.785, RMSE: 0.615, (Best @ 15: {{0.799}}, 0.803, 0.807, 0.580)
[TEST]  QWK:  0.771, PRS: 0.800, SPR: 0.777, RMSE: 0.641 (Best @ 15: {{0.789}}, 0.808, 0.779, 0.637)
--------------------------------------------------------------------------------------------------------------------------
Epoch 19/50
Training one epoch in 8.246 s
[DEV]   QWK:  0.752, PRS: 0.779, SPR: 0.764, RMSE: 0.677, (Best @ 15: {{0.799}}, 0.803, 0.807, 0.580)
[TEST]  QWK:  0.796, PRS: 0.850, SPR: 0.819, RMSE: 0.667 (Best @ 15: {{0.789}}, 0.808, 0.779, 0.637)
--------------------------------------------------------------------------------------------------------------------------
Epoch 20/50
Training one epoch in 8.236 s
[DEV]   QWK:  0.747, PRS: 0.785, SPR: 0.795, RMSE: 0.624, (Best @ 15: {{0.799}}, 0.803, 0.807, 0.580)
[TEST]  QWK:  0.752, PRS: 0.795, SPR: 0.772, RMSE: 0.658 (Best @ 15: {{0.789}}, 0.808, 0.779, 0.637)
--------------------------------------------------------------------------------------------------------------------------
Epoch 21/50
Training one epoch in 8.249 s
[DEV]   QWK:  0.793, PRS: 0.801, SPR: 0.813, RMSE: 0.577, (Best @ 15: {{0.799}}, 0.803, 0.807, 0.580)
[TEST]  QWK:  0.799, PRS: 0.816, SPR: 0.787, RMSE: 0.628 (Best @ 15: {{0.789}}, 0.808, 0.779, 0.637)
--------------------------------------------------------------------------------------------------------------------------
Epoch 22/50
Training one epoch in 8.228 s
[DEV]   QWK:  0.774, PRS: 0.795, SPR: 0.804, RMSE: 0.626, (Best @ 15: {{0.799}}, 0.803, 0.807, 0.580)
[TEST]  QWK:  0.809, PRS: 0.820, SPR: 0.791, RMSE: 0.619 (Best @ 15: {{0.789}}, 0.808, 0.779, 0.637)
--------------------------------------------------------------------------------------------------------------------------
Epoch 23/50
Training one epoch in 8.236 s
[DEV]   QWK:  0.765, PRS: 0.789, SPR: 0.791, RMSE: 0.601, (Best @ 15: {{0.799}}, 0.803, 0.807, 0.580)
[TEST]  QWK:  0.771, PRS: 0.800, SPR: 0.767, RMSE: 0.641 (Best @ 15: {{0.789}}, 0.808, 0.779, 0.637)
--------------------------------------------------------------------------------------------------------------------------
Epoch 24/50
Training one epoch in 8.246 s
[DEV]   QWK:  0.786, PRS: 0.795, SPR: 0.788, RMSE: 0.626, (Best @ 15: {{0.799}}, 0.803, 0.807, 0.580)
[TEST]  QWK:  0.803, PRS: 0.837, SPR: 0.802, RMSE: 0.650 (Best @ 15: {{0.789}}, 0.808, 0.779, 0.637)
--------------------------------------------------------------------------------------------------------------------------
Epoch 25/50
Training one epoch in 8.247 s
[DEV]   QWK:  0.774, PRS: 0.802, SPR: 0.804, RMSE: 0.628, (Best @ 15: {{0.799}}, 0.803, 0.807, 0.580)
[TEST]  QWK:  0.793, PRS: 0.802, SPR: 0.776, RMSE: 0.645 (Best @ 15: {{0.789}}, 0.808, 0.779, 0.637)
--------------------------------------------------------------------------------------------------------------------------
Epoch 26/50
Training one epoch in 8.214 s
[DEV]   QWK:  0.784, PRS: 0.794, SPR: 0.795, RMSE: 0.592, (Best @ 15: {{0.799}}, 0.803, 0.807, 0.580)
[TEST]  QWK:  0.783, PRS: 0.813, SPR: 0.775, RMSE: 0.654 (Best @ 15: {{0.789}}, 0.808, 0.779, 0.637)
--------------------------------------------------------------------------------------------------------------------------
Epoch 27/50
Training one epoch in 8.224 s
[DEV]   QWK:  0.756, PRS: 0.783, SPR: 0.790, RMSE: 0.619, (Best @ 15: {{0.799}}, 0.803, 0.807, 0.580)
[TEST]  QWK:  0.779, PRS: 0.799, SPR: 0.768, RMSE: 0.641 (Best @ 15: {{0.789}}, 0.808, 0.779, 0.637)
--------------------------------------------------------------------------------------------------------------------------
Epoch 28/50
Training one epoch in 8.231 s
[DEV]   QWK:  0.808, PRS: 0.809, SPR: 0.800, RMSE: 0.599, (Best @ 28: {{0.808}}, 0.809, 0.800, 0.599)
[TEST]  QWK:  0.820, PRS: 0.824, SPR: 0.785, RMSE: 0.628 (Best @ 28: {{0.820}}, 0.824, 0.785, 0.628)
--------------------------------------------------------------------------------------------------------------------------
Epoch 29/50
Training one epoch in 8.199 s
[DEV]   QWK:  0.747, PRS: 0.771, SPR: 0.776, RMSE: 0.630, (Best @ 28: {{0.808}}, 0.809, 0.800, 0.599)
[TEST]  QWK:  0.774, PRS: 0.796, SPR: 0.766, RMSE: 0.645 (Best @ 28: {{0.820}}, 0.824, 0.785, 0.628)
--------------------------------------------------------------------------------------------------------------------------
Epoch 30/50
Training one epoch in 8.225 s
[DEV]   QWK:  0.750, PRS: 0.794, SPR: 0.774, RMSE: 0.693, (Best @ 28: {{0.808}}, 0.809, 0.800, 0.599)
[TEST]  QWK:  0.778, PRS: 0.849, SPR: 0.818, RMSE: 0.703 (Best @ 28: {{0.820}}, 0.824, 0.785, 0.628)
--------------------------------------------------------------------------------------------------------------------------
Epoch 31/50
Training one epoch in 8.242 s
[DEV]   QWK:  0.779, PRS: 0.787, SPR: 0.783, RMSE: 0.617, (Best @ 28: {{0.808}}, 0.809, 0.800, 0.599)
[TEST]  QWK:  0.797, PRS: 0.803, SPR: 0.757, RMSE: 0.641 (Best @ 28: {{0.820}}, 0.824, 0.785, 0.628)
--------------------------------------------------------------------------------------------------------------------------
Epoch 32/50
Training one epoch in 8.224 s
[DEV]   QWK:  0.780, PRS: 0.788, SPR: 0.792, RMSE: 0.596, (Best @ 28: {{0.808}}, 0.809, 0.800, 0.599)
[TEST]  QWK:  0.784, PRS: 0.804, SPR: 0.763, RMSE: 0.645 (Best @ 28: {{0.820}}, 0.824, 0.785, 0.628)
--------------------------------------------------------------------------------------------------------------------------
Epoch 33/50
Training one epoch in 8.284 s
[DEV]   QWK:  0.789, PRS: 0.794, SPR: 0.792, RMSE: 0.594, (Best @ 28: {{0.808}}, 0.809, 0.800, 0.599)
[TEST]  QWK:  0.798, PRS: 0.808, SPR: 0.764, RMSE: 0.637 (Best @ 28: {{0.820}}, 0.824, 0.785, 0.628)
--------------------------------------------------------------------------------------------------------------------------
Epoch 34/50
Training one epoch in 8.235 s
[DEV]   QWK:  0.761, PRS: 0.777, SPR: 0.780, RMSE: 0.632, (Best @ 28: {{0.808}}, 0.809, 0.800, 0.599)
[TEST]  QWK:  0.783, PRS: 0.797, SPR: 0.755, RMSE: 0.645 (Best @ 28: {{0.820}}, 0.824, 0.785, 0.628)
--------------------------------------------------------------------------------------------------------------------------
Epoch 35/50
Training one epoch in 8.254 s
[DEV]   QWK:  0.771, PRS: 0.791, SPR: 0.792, RMSE: 0.612, (Best @ 28: {{0.808}}, 0.809, 0.800, 0.599)
[TEST]  QWK:  0.785, PRS: 0.802, SPR: 0.769, RMSE: 0.637 (Best @ 28: {{0.820}}, 0.824, 0.785, 0.628)
--------------------------------------------------------------------------------------------------------------------------
Epoch 36/50
Training one epoch in 8.244 s
[DEV]   QWK:  0.775, PRS: 0.794, SPR: 0.786, RMSE: 0.619, (Best @ 28: {{0.808}}, 0.809, 0.800, 0.599)
[TEST]  QWK:  0.765, PRS: 0.777, SPR: 0.742, RMSE: 0.675 (Best @ 28: {{0.820}}, 0.824, 0.785, 0.628)
--------------------------------------------------------------------------------------------------------------------------
Epoch 37/50
Training one epoch in 8.269 s
[DEV]   QWK:  0.781, PRS: 0.789, SPR: 0.789, RMSE: 0.601, (Best @ 28: {{0.808}}, 0.809, 0.800, 0.599)
[TEST]  QWK:  0.792, PRS: 0.805, SPR: 0.766, RMSE: 0.637 (Best @ 28: {{0.820}}, 0.824, 0.785, 0.628)
--------------------------------------------------------------------------------------------------------------------------
Epoch 38/50
Training one epoch in 8.265 s
[DEV]   QWK:  0.801, PRS: 0.808, SPR: 0.803, RMSE: 0.582, (Best @ 28: {{0.808}}, 0.809, 0.800, 0.599)
[TEST]  QWK:  0.799, PRS: 0.807, SPR: 0.767, RMSE: 0.637 (Best @ 28: {{0.820}}, 0.824, 0.785, 0.628)
--------------------------------------------------------------------------------------------------------------------------
Epoch 39/50
Training one epoch in 8.247 s
[DEV]   QWK:  0.797, PRS: 0.800, SPR: 0.795, RMSE: 0.585, (Best @ 28: {{0.808}}, 0.809, 0.800, 0.599)
[TEST]  QWK:  0.795, PRS: 0.805, SPR: 0.755, RMSE: 0.645 (Best @ 28: {{0.820}}, 0.824, 0.785, 0.628)
--------------------------------------------------------------------------------------------------------------------------
Epoch 40/50
Training one epoch in 8.248 s
[DEV]   QWK:  0.813, PRS: 0.814, SPR: 0.798, RMSE: 0.599, (Best @ 40: {{0.813}}, 0.814, 0.798, 0.599)
[TEST]  QWK:  0.806, PRS: 0.813, SPR: 0.769, RMSE: 0.645 (Best @ 40: {{0.806}}, 0.813, 0.769, 0.645)
--------------------------------------------------------------------------------------------------------------------------
Epoch 41/50
Training one epoch in 8.222 s
[DEV]   QWK:  0.776, PRS: 0.787, SPR: 0.772, RMSE: 0.650, (Best @ 40: {{0.813}}, 0.814, 0.798, 0.599)
[TEST]  QWK:  0.806, PRS: 0.841, SPR: 0.804, RMSE: 0.650 (Best @ 40: {{0.806}}, 0.813, 0.769, 0.645)
--------------------------------------------------------------------------------------------------------------------------
Epoch 42/50
Training one epoch in 8.248 s
[DEV]   QWK:  0.781, PRS: 0.790, SPR: 0.795, RMSE: 0.619, (Best @ 40: {{0.813}}, 0.814, 0.798, 0.599)
[TEST]  QWK:  0.792, PRS: 0.800, SPR: 0.762, RMSE: 0.645 (Best @ 40: {{0.806}}, 0.813, 0.769, 0.645)
--------------------------------------------------------------------------------------------------------------------------
Epoch 43/50
Training one epoch in 8.246 s
[DEV]   QWK:  0.765, PRS: 0.780, SPR: 0.782, RMSE: 0.603, (Best @ 40: {{0.813}}, 0.814, 0.798, 0.599)
[TEST]  QWK:  0.769, PRS: 0.797, SPR: 0.754, RMSE: 0.650 (Best @ 40: {{0.806}}, 0.813, 0.769, 0.645)
--------------------------------------------------------------------------------------------------------------------------
Epoch 44/50
Training one epoch in 8.236 s
[DEV]   QWK:  0.802, PRS: 0.804, SPR: 0.798, RMSE: 0.601, (Best @ 40: {{0.813}}, 0.814, 0.798, 0.599)
[TEST]  QWK:  0.798, PRS: 0.817, SPR: 0.775, RMSE: 0.645 (Best @ 40: {{0.806}}, 0.813, 0.769, 0.645)
--------------------------------------------------------------------------------------------------------------------------
Epoch 45/50
Training one epoch in 8.219 s
[DEV]   QWK:  0.783, PRS: 0.787, SPR: 0.786, RMSE: 0.610, (Best @ 40: {{0.813}}, 0.814, 0.798, 0.599)
[TEST]  QWK:  0.791, PRS: 0.814, SPR: 0.773, RMSE: 0.650 (Best @ 40: {{0.806}}, 0.813, 0.769, 0.645)
--------------------------------------------------------------------------------------------------------------------------
Epoch 46/50
Training one epoch in 8.238 s
[DEV]   QWK:  0.796, PRS: 0.797, SPR: 0.794, RMSE: 0.599, (Best @ 40: {{0.813}}, 0.814, 0.798, 0.599)
[TEST]  QWK:  0.785, PRS: 0.801, SPR: 0.759, RMSE: 0.658 (Best @ 40: {{0.806}}, 0.813, 0.769, 0.645)
--------------------------------------------------------------------------------------------------------------------------
Epoch 47/50
Training one epoch in 8.270 s
[DEV]   QWK:  0.779, PRS: 0.781, SPR: 0.777, RMSE: 0.639, (Best @ 40: {{0.813}}, 0.814, 0.798, 0.599)
[TEST]  QWK:  0.802, PRS: 0.811, SPR: 0.779, RMSE: 0.641 (Best @ 40: {{0.806}}, 0.813, 0.769, 0.645)
--------------------------------------------------------------------------------------------------------------------------
Epoch 48/50
Training one epoch in 8.263 s
[DEV]   QWK:  0.786, PRS: 0.793, SPR: 0.790, RMSE: 0.610, (Best @ 40: {{0.813}}, 0.814, 0.798, 0.599)
[TEST]  QWK:  0.771, PRS: 0.799, SPR: 0.756, RMSE: 0.679 (Best @ 40: {{0.806}}, 0.813, 0.769, 0.645)
--------------------------------------------------------------------------------------------------------------------------
Epoch 49/50
Training one epoch in 8.265 s
[DEV]   QWK:  0.787, PRS: 0.791, SPR: 0.786, RMSE: 0.606, (Best @ 40: {{0.813}}, 0.814, 0.798, 0.599)
[TEST]  QWK:  0.767, PRS: 0.795, SPR: 0.747, RMSE: 0.675 (Best @ 40: {{0.806}}, 0.813, 0.769, 0.645)
--------------------------------------------------------------------------------------------------------------------------
Epoch 50/50
Training one epoch in 8.273 s
[DEV]   QWK:  0.799, PRS: 0.802, SPR: 0.785, RMSE: 0.637, (Best @ 40: {{0.813}}, 0.814, 0.798, 0.599)
[TEST]  QWK:  0.814, PRS: 0.825, SPR: 0.778, RMSE: 0.645 (Best @ 40: {{0.806}}, 0.813, 0.769, 0.645)
--------------------------------------------------------------------------------------------------------------------------
