X_train shape: (1209, 1100)
Initial evaluation: 
[DEV]   QWK:  0.000, PRS: 0.000, SPR: 0.000, RMSE: 1.163, (Best @ -1: {{0.000}}, 0.000, 0.000, 1.163)
[TEST]  QWK:  0.000, PRS: 0.000, SPR: 0.000, RMSE: 1.248 (Best @ -1: {{0.000}}, 0.000, 0.000, 1.248)
--------------------------------------------------------------------------------------------------------------------------
Train model
Epoch 1/50
Training one epoch in 10.032 s
[DEV]   QWK:  0.619, PRS: 0.639, SPR: 0.638, RMSE: 0.657, (Best @ 1: {{0.619}}, 0.639, 0.638, 0.657)
[TEST]  QWK:  0.539, PRS: 0.574, SPR: 0.565, RMSE: 0.669 (Best @ 1: {{0.539}}, 0.574, 0.565, 0.669)
--------------------------------------------------------------------------------------------------------------------------
Epoch 2/50
Training one epoch in 7.761 s
[DEV]   QWK:  0.578, PRS: 0.605, SPR: 0.601, RMSE: 0.681, (Best @ 1: {{0.619}}, 0.639, 0.638, 0.657)
[TEST]  QWK:  0.491, PRS: 0.539, SPR: 0.526, RMSE: 0.686 (Best @ 1: {{0.539}}, 0.574, 0.565, 0.669)
--------------------------------------------------------------------------------------------------------------------------
Epoch 3/50
Training one epoch in 7.760 s
[DEV]   QWK:  0.630, PRS: 0.661, SPR: 0.658, RMSE: 0.677, (Best @ 3: {{0.630}}, 0.661, 0.658, 0.677)
[TEST]  QWK:  0.563, PRS: 0.607, SPR: 0.601, RMSE: 0.695 (Best @ 3: {{0.563}}, 0.607, 0.601, 0.695)
--------------------------------------------------------------------------------------------------------------------------
Epoch 4/50
Training one epoch in 7.742 s
[DEV]   QWK:  0.676, PRS: 0.696, SPR: 0.697, RMSE: 0.646, (Best @ 4: {{0.676}}, 0.696, 0.697, 0.646)
[TEST]  QWK:  0.579, PRS: 0.607, SPR: 0.601, RMSE: 0.695 (Best @ 4: {{0.579}}, 0.607, 0.601, 0.695)
--------------------------------------------------------------------------------------------------------------------------
Epoch 5/50
Training one epoch in 7.766 s
[DEV]   QWK:  0.688, PRS: 0.707, SPR: 0.707, RMSE: 0.637, (Best @ 5: {{0.688}}, 0.707, 0.707, 0.637)
[TEST]  QWK:  0.567, PRS: 0.598, SPR: 0.594, RMSE: 0.707 (Best @ 5: {{0.567}}, 0.598, 0.594, 0.707)
--------------------------------------------------------------------------------------------------------------------------
Epoch 6/50
Training one epoch in 7.746 s
[DEV]   QWK:  0.676, PRS: 0.690, SPR: 0.690, RMSE: 0.639, (Best @ 5: {{0.688}}, 0.707, 0.707, 0.637)
[TEST]  QWK:  0.588, PRS: 0.609, SPR: 0.604, RMSE: 0.686 (Best @ 5: {{0.567}}, 0.598, 0.594, 0.707)
--------------------------------------------------------------------------------------------------------------------------
Epoch 7/50
Training one epoch in 7.759 s
[DEV]   QWK:  0.690, PRS: 0.704, SPR: 0.703, RMSE: 0.632, (Best @ 7: {{0.690}}, 0.704, 0.703, 0.632)
[TEST]  QWK:  0.584, PRS: 0.610, SPR: 0.606, RMSE: 0.695 (Best @ 7: {{0.584}}, 0.610, 0.606, 0.695)
--------------------------------------------------------------------------------------------------------------------------
Epoch 8/50
Training one epoch in 7.770 s
[DEV]   QWK:  0.623, PRS: 0.677, SPR: 0.693, RMSE: 0.662, (Best @ 7: {{0.690}}, 0.704, 0.703, 0.632)
[TEST]  QWK:  0.506, PRS: 0.565, SPR: 0.576, RMSE: 0.727 (Best @ 7: {{0.584}}, 0.610, 0.606, 0.695)
--------------------------------------------------------------------------------------------------------------------------
Epoch 9/50
Training one epoch in 7.760 s
[DEV]   QWK:  0.667, PRS: 0.699, SPR: 0.715, RMSE: 0.619, (Best @ 7: {{0.690}}, 0.704, 0.703, 0.632)
[TEST]  QWK:  0.543, PRS: 0.578, SPR: 0.582, RMSE: 0.695 (Best @ 7: {{0.584}}, 0.610, 0.606, 0.695)
--------------------------------------------------------------------------------------------------------------------------
Epoch 10/50
Training one epoch in 7.748 s
[DEV]   QWK:  0.693, PRS: 0.702, SPR: 0.703, RMSE: 0.628, (Best @ 10: {{0.693}}, 0.702, 0.703, 0.628)
[TEST]  QWK:  0.625, PRS: 0.641, SPR: 0.638, RMSE: 0.656 (Best @ 10: {{0.625}}, 0.641, 0.638, 0.656)
--------------------------------------------------------------------------------------------------------------------------
Epoch 11/50
Training one epoch in 7.757 s
[DEV]   QWK:  0.671, PRS: 0.676, SPR: 0.681, RMSE: 0.639, (Best @ 10: {{0.693}}, 0.702, 0.703, 0.628)
[TEST]  QWK:  0.612, PRS: 0.623, SPR: 0.620, RMSE: 0.660 (Best @ 10: {{0.625}}, 0.641, 0.638, 0.656)
--------------------------------------------------------------------------------------------------------------------------
Epoch 12/50
Training one epoch in 7.773 s
[DEV]   QWK:  0.682, PRS: 0.690, SPR: 0.691, RMSE: 0.637, (Best @ 10: {{0.693}}, 0.702, 0.703, 0.628)
[TEST]  QWK:  0.613, PRS: 0.629, SPR: 0.624, RMSE: 0.660 (Best @ 10: {{0.625}}, 0.641, 0.638, 0.656)
--------------------------------------------------------------------------------------------------------------------------
Epoch 13/50
Training one epoch in 7.758 s
[DEV]   QWK:  0.677, PRS: 0.684, SPR: 0.690, RMSE: 0.626, (Best @ 10: {{0.693}}, 0.702, 0.703, 0.628)
[TEST]  QWK:  0.580, PRS: 0.591, SPR: 0.589, RMSE: 0.678 (Best @ 10: {{0.625}}, 0.641, 0.638, 0.656)
--------------------------------------------------------------------------------------------------------------------------
Epoch 14/50
Training one epoch in 7.767 s
[DEV]   QWK:  0.600, PRS: 0.669, SPR: 0.675, RMSE: 0.746, (Best @ 10: {{0.693}}, 0.702, 0.703, 0.628)
[TEST]  QWK:  0.499, PRS: 0.574, SPR: 0.571, RMSE: 0.792 (Best @ 10: {{0.625}}, 0.641, 0.638, 0.656)
--------------------------------------------------------------------------------------------------------------------------
Epoch 15/50
Training one epoch in 7.760 s
[DEV]   QWK:  0.577, PRS: 0.660, SPR: 0.676, RMSE: 0.698, (Best @ 10: {{0.693}}, 0.702, 0.703, 0.628)
[TEST]  QWK:  0.495, PRS: 0.594, SPR: 0.603, RMSE: 0.766 (Best @ 10: {{0.625}}, 0.641, 0.638, 0.656)
--------------------------------------------------------------------------------------------------------------------------
Epoch 16/50
Training one epoch in 7.754 s
[DEV]   QWK:  0.681, PRS: 0.700, SPR: 0.716, RMSE: 0.623, (Best @ 10: {{0.693}}, 0.702, 0.703, 0.628)
[TEST]  QWK:  0.535, PRS: 0.550, SPR: 0.554, RMSE: 0.735 (Best @ 10: {{0.625}}, 0.641, 0.638, 0.656)
--------------------------------------------------------------------------------------------------------------------------
Epoch 17/50
Training one epoch in 7.780 s
[DEV]   QWK:  0.705, PRS: 0.714, SPR: 0.721, RMSE: 0.595, (Best @ 17: {{0.705}}, 0.714, 0.721, 0.595)
[TEST]  QWK:  0.572, PRS: 0.583, SPR: 0.582, RMSE: 0.682 (Best @ 17: {{0.572}}, 0.583, 0.582, 0.682)
--------------------------------------------------------------------------------------------------------------------------
Epoch 18/50
Training one epoch in 7.756 s
[DEV]   QWK:  0.693, PRS: 0.699, SPR: 0.703, RMSE: 0.611, (Best @ 17: {{0.705}}, 0.714, 0.721, 0.595)
[TEST]  QWK:  0.574, PRS: 0.585, SPR: 0.581, RMSE: 0.682 (Best @ 17: {{0.572}}, 0.583, 0.582, 0.682)
--------------------------------------------------------------------------------------------------------------------------
Epoch 19/50
Training one epoch in 7.763 s
[DEV]   QWK:  0.656, PRS: 0.678, SPR: 0.690, RMSE: 0.632, (Best @ 17: {{0.705}}, 0.714, 0.721, 0.595)
[TEST]  QWK:  0.503, PRS: 0.521, SPR: 0.517, RMSE: 0.739 (Best @ 17: {{0.572}}, 0.583, 0.582, 0.682)
--------------------------------------------------------------------------------------------------------------------------
Epoch 20/50
Training one epoch in 7.762 s
[DEV]   QWK:  0.686, PRS: 0.692, SPR: 0.694, RMSE: 0.619, (Best @ 17: {{0.705}}, 0.714, 0.721, 0.595)
[TEST]  QWK:  0.592, PRS: 0.606, SPR: 0.602, RMSE: 0.665 (Best @ 17: {{0.572}}, 0.583, 0.582, 0.682)
--------------------------------------------------------------------------------------------------------------------------
Epoch 21/50
Training one epoch in 7.767 s
[DEV]   QWK:  0.682, PRS: 0.695, SPR: 0.706, RMSE: 0.619, (Best @ 17: {{0.705}}, 0.714, 0.721, 0.595)
[TEST]  QWK:  0.523, PRS: 0.533, SPR: 0.531, RMSE: 0.735 (Best @ 17: {{0.572}}, 0.583, 0.582, 0.682)
--------------------------------------------------------------------------------------------------------------------------
Epoch 22/50
Training one epoch in 7.784 s
[DEV]   QWK:  0.660, PRS: 0.670, SPR: 0.669, RMSE: 0.642, (Best @ 17: {{0.705}}, 0.714, 0.721, 0.595)
[TEST]  QWK:  0.563, PRS: 0.585, SPR: 0.578, RMSE: 0.682 (Best @ 17: {{0.572}}, 0.583, 0.582, 0.682)
--------------------------------------------------------------------------------------------------------------------------
Epoch 23/50
Training one epoch in 7.791 s
[DEV]   QWK:  0.656, PRS: 0.683, SPR: 0.697, RMSE: 0.635, (Best @ 17: {{0.705}}, 0.714, 0.721, 0.595)
[TEST]  QWK:  0.515, PRS: 0.535, SPR: 0.533, RMSE: 0.735 (Best @ 17: {{0.572}}, 0.583, 0.582, 0.682)
--------------------------------------------------------------------------------------------------------------------------
Epoch 24/50
Training one epoch in 7.779 s
[DEV]   QWK:  0.645, PRS: 0.681, SPR: 0.695, RMSE: 0.630, (Best @ 17: {{0.705}}, 0.714, 0.721, 0.595)
[TEST]  QWK:  0.528, PRS: 0.561, SPR: 0.563, RMSE: 0.715 (Best @ 17: {{0.572}}, 0.583, 0.582, 0.682)
--------------------------------------------------------------------------------------------------------------------------
Epoch 25/50
Training one epoch in 7.758 s
[DEV]   QWK:  0.640, PRS: 0.663, SPR: 0.676, RMSE: 0.637, (Best @ 17: {{0.705}}, 0.714, 0.721, 0.595)
[TEST]  QWK:  0.530, PRS: 0.545, SPR: 0.541, RMSE: 0.711 (Best @ 17: {{0.572}}, 0.583, 0.582, 0.682)
--------------------------------------------------------------------------------------------------------------------------
Epoch 26/50
Training one epoch in 7.768 s
[DEV]   QWK:  0.692, PRS: 0.697, SPR: 0.694, RMSE: 0.628, (Best @ 17: {{0.705}}, 0.714, 0.721, 0.595)
[TEST]  QWK:  0.571, PRS: 0.580, SPR: 0.579, RMSE: 0.715 (Best @ 17: {{0.572}}, 0.583, 0.582, 0.682)
--------------------------------------------------------------------------------------------------------------------------
Epoch 27/50
Training one epoch in 7.725 s
[DEV]   QWK:  0.672, PRS: 0.686, SPR: 0.683, RMSE: 0.651, (Best @ 17: {{0.705}}, 0.714, 0.721, 0.595)
[TEST]  QWK:  0.572, PRS: 0.596, SPR: 0.592, RMSE: 0.699 (Best @ 17: {{0.572}}, 0.583, 0.582, 0.682)
--------------------------------------------------------------------------------------------------------------------------
Epoch 28/50
Training one epoch in 7.758 s
[DEV]   QWK:  0.645, PRS: 0.658, SPR: 0.655, RMSE: 0.659, (Best @ 17: {{0.705}}, 0.714, 0.721, 0.595)
[TEST]  QWK:  0.553, PRS: 0.578, SPR: 0.571, RMSE: 0.690 (Best @ 17: {{0.572}}, 0.583, 0.582, 0.682)
--------------------------------------------------------------------------------------------------------------------------
Epoch 29/50
Training one epoch in 7.766 s
[DEV]   QWK:  0.703, PRS: 0.709, SPR: 0.710, RMSE: 0.626, (Best @ 17: {{0.705}}, 0.714, 0.721, 0.595)
[TEST]  QWK:  0.595, PRS: 0.606, SPR: 0.606, RMSE: 0.699 (Best @ 17: {{0.572}}, 0.583, 0.582, 0.682)
--------------------------------------------------------------------------------------------------------------------------
Epoch 30/50
Training one epoch in 7.757 s
[DEV]   QWK:  0.660, PRS: 0.675, SPR: 0.687, RMSE: 0.637, (Best @ 17: {{0.705}}, 0.714, 0.721, 0.595)
[TEST]  QWK:  0.529, PRS: 0.539, SPR: 0.538, RMSE: 0.739 (Best @ 17: {{0.572}}, 0.583, 0.582, 0.682)
--------------------------------------------------------------------------------------------------------------------------
Epoch 31/50
Training one epoch in 7.770 s
[DEV]   QWK:  0.697, PRS: 0.703, SPR: 0.704, RMSE: 0.623, (Best @ 17: {{0.705}}, 0.714, 0.721, 0.595)
[TEST]  QWK:  0.602, PRS: 0.618, SPR: 0.616, RMSE: 0.678 (Best @ 17: {{0.572}}, 0.583, 0.582, 0.682)
--------------------------------------------------------------------------------------------------------------------------
Epoch 32/50
Training one epoch in 7.775 s
[DEV]   QWK:  0.703, PRS: 0.707, SPR: 0.715, RMSE: 0.609, (Best @ 17: {{0.705}}, 0.714, 0.721, 0.595)
[TEST]  QWK:  0.545, PRS: 0.550, SPR: 0.545, RMSE: 0.723 (Best @ 17: {{0.572}}, 0.583, 0.582, 0.682)
--------------------------------------------------------------------------------------------------------------------------
Epoch 33/50
Training one epoch in 7.783 s
[DEV]   QWK:  0.714, PRS: 0.715, SPR: 0.719, RMSE: 0.621, (Best @ 33: {{0.714}}, 0.715, 0.719, 0.621)
[TEST]  QWK:  0.606, PRS: 0.609, SPR: 0.609, RMSE: 0.703 (Best @ 33: {{0.606}}, 0.609, 0.609, 0.703)
--------------------------------------------------------------------------------------------------------------------------
Epoch 34/50
Training one epoch in 7.765 s
[DEV]   QWK:  0.648, PRS: 0.665, SPR: 0.666, RMSE: 0.706, (Best @ 33: {{0.714}}, 0.715, 0.719, 0.621)
[TEST]  QWK:  0.514, PRS: 0.527, SPR: 0.526, RMSE: 0.785 (Best @ 33: {{0.606}}, 0.609, 0.609, 0.703)
--------------------------------------------------------------------------------------------------------------------------
Epoch 35/50
Training one epoch in 7.806 s
[DEV]   QWK:  0.659, PRS: 0.696, SPR: 0.695, RMSE: 0.681, (Best @ 33: {{0.714}}, 0.715, 0.719, 0.621)
[TEST]  QWK:  0.522, PRS: 0.556, SPR: 0.552, RMSE: 0.755 (Best @ 33: {{0.606}}, 0.609, 0.609, 0.703)
--------------------------------------------------------------------------------------------------------------------------
Epoch 36/50
Training one epoch in 7.760 s
[DEV]   QWK:  0.632, PRS: 0.648, SPR: 0.645, RMSE: 0.659, (Best @ 33: {{0.714}}, 0.715, 0.719, 0.621)
[TEST]  QWK:  0.540, PRS: 0.557, SPR: 0.552, RMSE: 0.707 (Best @ 33: {{0.606}}, 0.609, 0.609, 0.703)
--------------------------------------------------------------------------------------------------------------------------
Epoch 37/50
Training one epoch in 7.807 s
[DEV]   QWK:  0.684, PRS: 0.690, SPR: 0.700, RMSE: 0.628, (Best @ 33: {{0.714}}, 0.715, 0.719, 0.621)
[TEST]  QWK:  0.599, PRS: 0.604, SPR: 0.604, RMSE: 0.695 (Best @ 33: {{0.606}}, 0.609, 0.609, 0.703)
--------------------------------------------------------------------------------------------------------------------------
Epoch 38/50
Training one epoch in 7.795 s
[DEV]   QWK:  0.639, PRS: 0.651, SPR: 0.646, RMSE: 0.659, (Best @ 33: {{0.714}}, 0.715, 0.719, 0.621)
[TEST]  QWK:  0.545, PRS: 0.563, SPR: 0.564, RMSE: 0.707 (Best @ 33: {{0.606}}, 0.609, 0.609, 0.703)
--------------------------------------------------------------------------------------------------------------------------
Epoch 39/50
Training one epoch in 7.802 s
[DEV]   QWK:  0.677, PRS: 0.682, SPR: 0.688, RMSE: 0.630, (Best @ 33: {{0.714}}, 0.715, 0.719, 0.621)
[TEST]  QWK:  0.546, PRS: 0.554, SPR: 0.549, RMSE: 0.715 (Best @ 33: {{0.606}}, 0.609, 0.609, 0.703)
--------------------------------------------------------------------------------------------------------------------------
Epoch 40/50
Training one epoch in 7.774 s
[DEV]   QWK:  0.651, PRS: 0.662, SPR: 0.671, RMSE: 0.648, (Best @ 33: {{0.714}}, 0.715, 0.719, 0.621)
[TEST]  QWK:  0.516, PRS: 0.522, SPR: 0.517, RMSE: 0.747 (Best @ 33: {{0.606}}, 0.609, 0.609, 0.703)
--------------------------------------------------------------------------------------------------------------------------
Epoch 41/50
Training one epoch in 7.781 s
[DEV]   QWK:  0.685, PRS: 0.693, SPR: 0.701, RMSE: 0.616, (Best @ 33: {{0.714}}, 0.715, 0.719, 0.621)
[TEST]  QWK:  0.560, PRS: 0.565, SPR: 0.562, RMSE: 0.711 (Best @ 33: {{0.606}}, 0.609, 0.609, 0.703)
--------------------------------------------------------------------------------------------------------------------------
Epoch 42/50
Training one epoch in 7.793 s
[DEV]   QWK:  0.674, PRS: 0.677, SPR: 0.678, RMSE: 0.646, (Best @ 33: {{0.714}}, 0.715, 0.719, 0.621)
[TEST]  QWK:  0.565, PRS: 0.568, SPR: 0.565, RMSE: 0.719 (Best @ 33: {{0.606}}, 0.609, 0.609, 0.703)
--------------------------------------------------------------------------------------------------------------------------
Epoch 43/50
Training one epoch in 7.805 s
[DEV]   QWK:  0.647, PRS: 0.653, SPR: 0.657, RMSE: 0.655, (Best @ 33: {{0.714}}, 0.715, 0.719, 0.621)
[TEST]  QWK:  0.546, PRS: 0.554, SPR: 0.549, RMSE: 0.715 (Best @ 33: {{0.606}}, 0.609, 0.609, 0.703)
--------------------------------------------------------------------------------------------------------------------------
Epoch 44/50
Training one epoch in 7.776 s
[DEV]   QWK:  0.626, PRS: 0.651, SPR: 0.647, RMSE: 0.687, (Best @ 33: {{0.714}}, 0.715, 0.719, 0.621)
[TEST]  QWK:  0.541, PRS: 0.579, SPR: 0.582, RMSE: 0.719 (Best @ 33: {{0.606}}, 0.609, 0.609, 0.703)
--------------------------------------------------------------------------------------------------------------------------
Epoch 45/50
Training one epoch in 7.805 s
[DEV]   QWK:  0.646, PRS: 0.652, SPR: 0.657, RMSE: 0.657, (Best @ 33: {{0.714}}, 0.715, 0.719, 0.621)
[TEST]  QWK:  0.534, PRS: 0.542, SPR: 0.537, RMSE: 0.727 (Best @ 33: {{0.606}}, 0.609, 0.609, 0.703)
--------------------------------------------------------------------------------------------------------------------------
Epoch 46/50
Training one epoch in 7.770 s
[DEV]   QWK:  0.653, PRS: 0.672, SPR: 0.670, RMSE: 0.681, (Best @ 33: {{0.714}}, 0.715, 0.719, 0.621)
[TEST]  QWK:  0.541, PRS: 0.557, SPR: 0.554, RMSE: 0.743 (Best @ 33: {{0.606}}, 0.609, 0.609, 0.703)
--------------------------------------------------------------------------------------------------------------------------
Epoch 47/50
Training one epoch in 7.787 s
[DEV]   QWK:  0.635, PRS: 0.644, SPR: 0.644, RMSE: 0.662, (Best @ 33: {{0.714}}, 0.715, 0.719, 0.621)
[TEST]  QWK:  0.531, PRS: 0.544, SPR: 0.538, RMSE: 0.719 (Best @ 33: {{0.606}}, 0.609, 0.609, 0.703)
--------------------------------------------------------------------------------------------------------------------------
Epoch 48/50
Training one epoch in 7.802 s
[DEV]   QWK:  0.548, PRS: 0.622, SPR: 0.631, RMSE: 0.706, (Best @ 33: {{0.714}}, 0.715, 0.719, 0.621)
[TEST]  QWK:  0.431, PRS: 0.490, SPR: 0.493, RMSE: 0.803 (Best @ 33: {{0.606}}, 0.609, 0.609, 0.703)
--------------------------------------------------------------------------------------------------------------------------
Epoch 49/50
Training one epoch in 7.787 s
[DEV]   QWK:  0.682, PRS: 0.685, SPR: 0.691, RMSE: 0.635, (Best @ 33: {{0.714}}, 0.715, 0.719, 0.621)
[TEST]  QWK:  0.566, PRS: 0.568, SPR: 0.571, RMSE: 0.723 (Best @ 33: {{0.606}}, 0.609, 0.609, 0.703)
--------------------------------------------------------------------------------------------------------------------------
Epoch 50/50
Training one epoch in 7.768 s
[DEV]   QWK:  0.682, PRS: 0.689, SPR: 0.688, RMSE: 0.630, (Best @ 33: {{0.714}}, 0.715, 0.719, 0.621)
[TEST]  QWK:  0.522, PRS: 0.530, SPR: 0.525, RMSE: 0.739 (Best @ 33: {{0.606}}, 0.609, 0.609, 0.703)
--------------------------------------------------------------------------------------------------------------------------
