X_train shape: (1241, 1150)
Initial evaluation: 
[DEV]   QWK:  0.000, PRS: 0.000, SPR: 0.000, RMSE: 1.050, (Best @ -1: {{0.000}}, 0.000, 0.000, 1.050)
[TEST]  QWK:  0.000, PRS: 0.000, SPR: 0.000, RMSE: 1.076 (Best @ -1: {{0.000}}, 0.000, 0.000, 1.076)
--------------------------------------------------------------------------------------------------------------------------
Train model
Epoch 1/50
Training one epoch in 11.179 s
[DEV]   QWK:  0.645, PRS: 0.725, SPR: 0.729, RMSE: 0.705, (Best @ 1: {{0.645}}, 0.725, 0.729, 0.705)
[TEST]  QWK:  0.641, PRS: 0.707, SPR: 0.715, RMSE: 0.693 (Best @ 1: {{0.641}}, 0.707, 0.715, 0.693)
--------------------------------------------------------------------------------------------------------------------------
Epoch 2/50
Training one epoch in 8.550 s
[DEV]   QWK:  0.493, PRS: 0.642, SPR: 0.631, RMSE: 0.787, (Best @ 1: {{0.645}}, 0.725, 0.729, 0.705)
[TEST]  QWK:  0.427, PRS: 0.635, SPR: 0.621, RMSE: 0.827 (Best @ 1: {{0.641}}, 0.707, 0.715, 0.693)
--------------------------------------------------------------------------------------------------------------------------
Epoch 3/50
Training one epoch in 8.554 s
[DEV]   QWK:  0.605, PRS: 0.708, SPR: 0.713, RMSE: 0.721, (Best @ 1: {{0.645}}, 0.725, 0.729, 0.705)
[TEST]  QWK:  0.576, PRS: 0.706, SPR: 0.704, RMSE: 0.778 (Best @ 1: {{0.641}}, 0.707, 0.715, 0.693)
--------------------------------------------------------------------------------------------------------------------------
Epoch 4/50
Training one epoch in 8.575 s
[DEV]   QWK:  0.674, PRS: 0.788, SPR: 0.794, RMSE: 0.790, (Best @ 4: {{0.674}}, 0.788, 0.794, 0.790)
[TEST]  QWK:  0.741, PRS: 0.811, SPR: 0.819, RMSE: 0.689 (Best @ 4: {{0.741}}, 0.811, 0.819, 0.689)
--------------------------------------------------------------------------------------------------------------------------
Epoch 5/50
Training one epoch in 8.548 s
[DEV]   QWK:  0.454, PRS: 0.632, SPR: 0.619, RMSE: 0.803, (Best @ 4: {{0.674}}, 0.788, 0.794, 0.790)
[TEST]  QWK:  0.421, PRS: 0.630, SPR: 0.621, RMSE: 0.827 (Best @ 4: {{0.741}}, 0.811, 0.819, 0.689)
--------------------------------------------------------------------------------------------------------------------------
Epoch 6/50
Training one epoch in 8.549 s
[DEV]   QWK:  0.730, PRS: 0.800, SPR: 0.805, RMSE: 0.670, (Best @ 6: {{0.730}}, 0.800, 0.805, 0.670)
[TEST]  QWK:  0.783, PRS: 0.829, SPR: 0.840, RMSE: 0.601 (Best @ 6: {{0.783}}, 0.829, 0.840, 0.601)
--------------------------------------------------------------------------------------------------------------------------
Epoch 7/50
Training one epoch in 8.550 s
[DEV]   QWK:  0.701, PRS: 0.764, SPR: 0.780, RMSE: 0.642, (Best @ 6: {{0.730}}, 0.800, 0.805, 0.670)
[TEST]  QWK:  0.720, PRS: 0.764, SPR: 0.777, RMSE: 0.638 (Best @ 6: {{0.783}}, 0.829, 0.840, 0.601)
--------------------------------------------------------------------------------------------------------------------------
Epoch 8/50
Training one epoch in 8.584 s
[DEV]   QWK:  0.615, PRS: 0.758, SPR: 0.756, RMSE: 0.797, (Best @ 6: {{0.730}}, 0.800, 0.805, 0.670)
[TEST]  QWK:  0.616, PRS: 0.788, SPR: 0.783, RMSE: 0.810 (Best @ 6: {{0.783}}, 0.829, 0.840, 0.601)
--------------------------------------------------------------------------------------------------------------------------
Epoch 9/50
Training one epoch in 8.580 s
[DEV]   QWK:  0.790, PRS: 0.817, SPR: 0.832, RMSE: 0.589, (Best @ 9: {{0.790}}, 0.817, 0.832, 0.589)
[TEST]  QWK:  0.799, PRS: 0.812, SPR: 0.816, RMSE: 0.577 (Best @ 9: {{0.799}}, 0.812, 0.816, 0.577)
--------------------------------------------------------------------------------------------------------------------------
Epoch 10/50
Training one epoch in 8.561 s
[DEV]   QWK:  0.654, PRS: 0.759, SPR: 0.757, RMSE: 0.725, (Best @ 9: {{0.790}}, 0.817, 0.832, 0.589)
[TEST]  QWK:  0.625, PRS: 0.763, SPR: 0.761, RMSE: 0.778 (Best @ 9: {{0.799}}, 0.812, 0.816, 0.577)
--------------------------------------------------------------------------------------------------------------------------
Epoch 11/50
Training one epoch in 8.578 s
[DEV]   QWK:  0.794, PRS: 0.822, SPR: 0.832, RMSE: 0.627, (Best @ 11: {{0.794}}, 0.822, 0.832, 0.627)
[TEST]  QWK:  0.796, PRS: 0.814, SPR: 0.832, RMSE: 0.615 (Best @ 11: {{0.796}}, 0.814, 0.832, 0.615)
--------------------------------------------------------------------------------------------------------------------------
Epoch 12/50
Training one epoch in 8.575 s
[DEV]   QWK:  0.737, PRS: 0.801, SPR: 0.810, RMSE: 0.717, (Best @ 11: {{0.794}}, 0.822, 0.832, 0.627)
[TEST]  QWK:  0.734, PRS: 0.811, SPR: 0.816, RMSE: 0.717 (Best @ 11: {{0.796}}, 0.814, 0.832, 0.615)
--------------------------------------------------------------------------------------------------------------------------
Epoch 13/50
Training one epoch in 8.577 s
[DEV]   QWK:  0.789, PRS: 0.809, SPR: 0.831, RMSE: 0.577, (Best @ 11: {{0.794}}, 0.822, 0.832, 0.627)
[TEST]  QWK:  0.792, PRS: 0.806, SPR: 0.825, RMSE: 0.577 (Best @ 11: {{0.796}}, 0.814, 0.832, 0.615)
--------------------------------------------------------------------------------------------------------------------------
Epoch 14/50
Training one epoch in 8.575 s
[DEV]   QWK:  0.839, PRS: 0.849, SPR: 0.856, RMSE: 0.562, (Best @ 14: {{0.839}}, 0.849, 0.856, 0.562)
[TEST]  QWK:  0.831, PRS: 0.837, SPR: 0.848, RMSE: 0.577 (Best @ 14: {{0.831}}, 0.837, 0.848, 0.577)
--------------------------------------------------------------------------------------------------------------------------
Epoch 15/50
Training one epoch in 8.557 s
[DEV]   QWK:  0.824, PRS: 0.844, SPR: 0.855, RMSE: 0.589, (Best @ 14: {{0.839}}, 0.849, 0.856, 0.562)
[TEST]  QWK:  0.811, PRS: 0.822, SPR: 0.835, RMSE: 0.611 (Best @ 14: {{0.831}}, 0.837, 0.848, 0.577)
--------------------------------------------------------------------------------------------------------------------------
Epoch 16/50
Training one epoch in 8.595 s
[DEV]   QWK:  0.831, PRS: 0.832, SPR: 0.838, RMSE: 0.562, (Best @ 14: {{0.839}}, 0.849, 0.856, 0.562)
[TEST]  QWK:  0.840, PRS: 0.845, SPR: 0.851, RMSE: 0.552 (Best @ 14: {{0.831}}, 0.837, 0.848, 0.577)
--------------------------------------------------------------------------------------------------------------------------
Epoch 17/50
Training one epoch in 8.588 s
[DEV]   QWK:  0.818, PRS: 0.828, SPR: 0.840, RMSE: 0.552, (Best @ 14: {{0.839}}, 0.849, 0.856, 0.562)
[TEST]  QWK:  0.827, PRS: 0.838, SPR: 0.846, RMSE: 0.552 (Best @ 14: {{0.831}}, 0.837, 0.848, 0.577)
--------------------------------------------------------------------------------------------------------------------------
Epoch 18/50
Training one epoch in 8.587 s
[DEV]   QWK:  0.793, PRS: 0.811, SPR: 0.827, RMSE: 0.585, (Best @ 14: {{0.839}}, 0.849, 0.856, 0.562)
[TEST]  QWK:  0.799, PRS: 0.820, SPR: 0.829, RMSE: 0.592 (Best @ 14: {{0.831}}, 0.837, 0.848, 0.577)
--------------------------------------------------------------------------------------------------------------------------
Epoch 19/50
Training one epoch in 8.597 s
[DEV]   QWK:  0.843, PRS: 0.851, SPR: 0.857, RMSE: 0.570, (Best @ 19: {{0.843}}, 0.851, 0.857, 0.570)
[TEST]  QWK:  0.815, PRS: 0.820, SPR: 0.824, RMSE: 0.620 (Best @ 19: {{0.815}}, 0.820, 0.824, 0.620)
--------------------------------------------------------------------------------------------------------------------------
Epoch 20/50
Training one epoch in 8.590 s
[DEV]   QWK:  0.813, PRS: 0.822, SPR: 0.824, RMSE: 0.597, (Best @ 19: {{0.843}}, 0.851, 0.857, 0.570)
[TEST]  QWK:  0.801, PRS: 0.825, SPR: 0.823, RMSE: 0.620 (Best @ 19: {{0.815}}, 0.820, 0.824, 0.620)
--------------------------------------------------------------------------------------------------------------------------
Epoch 21/50
Training one epoch in 8.581 s
[DEV]   QWK:  0.830, PRS: 0.836, SPR: 0.846, RMSE: 0.542, (Best @ 19: {{0.843}}, 0.851, 0.857, 0.570)
[TEST]  QWK:  0.841, PRS: 0.848, SPR: 0.854, RMSE: 0.542 (Best @ 19: {{0.815}}, 0.820, 0.824, 0.620)
--------------------------------------------------------------------------------------------------------------------------
Epoch 22/50
Training one epoch in 8.593 s
[DEV]   QWK:  0.795, PRS: 0.827, SPR: 0.831, RMSE: 0.640, (Best @ 19: {{0.843}}, 0.851, 0.857, 0.570)
[TEST]  QWK:  0.806, PRS: 0.843, SPR: 0.842, RMSE: 0.624 (Best @ 19: {{0.815}}, 0.820, 0.824, 0.620)
--------------------------------------------------------------------------------------------------------------------------
Epoch 23/50
Training one epoch in 8.577 s
[DEV]   QWK:  0.805, PRS: 0.839, SPR: 0.851, RMSE: 0.660, (Best @ 19: {{0.843}}, 0.851, 0.857, 0.570)
[TEST]  QWK:  0.790, PRS: 0.819, SPR: 0.831, RMSE: 0.676 (Best @ 19: {{0.815}}, 0.820, 0.824, 0.620)
--------------------------------------------------------------------------------------------------------------------------
Epoch 24/50
Training one epoch in 8.609 s
[DEV]   QWK:  0.834, PRS: 0.838, SPR: 0.846, RMSE: 0.552, (Best @ 19: {{0.843}}, 0.851, 0.857, 0.570)
[TEST]  QWK:  0.818, PRS: 0.819, SPR: 0.823, RMSE: 0.582 (Best @ 19: {{0.815}}, 0.820, 0.824, 0.620)
--------------------------------------------------------------------------------------------------------------------------
Epoch 25/50
Training one epoch in 8.568 s
[DEV]   QWK:  0.760, PRS: 0.791, SPR: 0.804, RMSE: 0.624, (Best @ 19: {{0.843}}, 0.851, 0.857, 0.570)
[TEST]  QWK:  0.758, PRS: 0.800, SPR: 0.804, RMSE: 0.638 (Best @ 19: {{0.815}}, 0.820, 0.824, 0.620)
--------------------------------------------------------------------------------------------------------------------------
Epoch 26/50
Training one epoch in 8.600 s
[DEV]   QWK:  0.830, PRS: 0.835, SPR: 0.846, RMSE: 0.555, (Best @ 19: {{0.843}}, 0.851, 0.857, 0.570)
[TEST]  QWK:  0.826, PRS: 0.826, SPR: 0.833, RMSE: 0.567 (Best @ 19: {{0.815}}, 0.820, 0.824, 0.620)
--------------------------------------------------------------------------------------------------------------------------
Epoch 27/50
Training one epoch in 8.565 s
[DEV]   QWK:  0.832, PRS: 0.836, SPR: 0.847, RMSE: 0.547, (Best @ 19: {{0.843}}, 0.851, 0.857, 0.570)
[TEST]  QWK:  0.845, PRS: 0.847, SPR: 0.852, RMSE: 0.531 (Best @ 19: {{0.815}}, 0.820, 0.824, 0.620)
--------------------------------------------------------------------------------------------------------------------------
Epoch 28/50
Training one epoch in 8.573 s
[DEV]   QWK:  0.780, PRS: 0.807, SPR: 0.812, RMSE: 0.644, (Best @ 19: {{0.843}}, 0.851, 0.857, 0.570)
[TEST]  QWK:  0.783, PRS: 0.826, SPR: 0.827, RMSE: 0.642 (Best @ 19: {{0.815}}, 0.820, 0.824, 0.620)
--------------------------------------------------------------------------------------------------------------------------
Epoch 29/50
Training one epoch in 8.593 s
[DEV]   QWK:  0.824, PRS: 0.838, SPR: 0.844, RMSE: 0.580, (Best @ 19: {{0.843}}, 0.851, 0.857, 0.570)
[TEST]  QWK:  0.811, PRS: 0.822, SPR: 0.830, RMSE: 0.592 (Best @ 19: {{0.815}}, 0.820, 0.824, 0.620)
--------------------------------------------------------------------------------------------------------------------------
Epoch 30/50
Training one epoch in 8.566 s
[DEV]   QWK:  0.843, PRS: 0.844, SPR: 0.851, RMSE: 0.539, (Best @ 19: {{0.843}}, 0.851, 0.857, 0.570)
[TEST]  QWK:  0.836, PRS: 0.837, SPR: 0.840, RMSE: 0.557 (Best @ 19: {{0.815}}, 0.820, 0.824, 0.620)
--------------------------------------------------------------------------------------------------------------------------
Epoch 31/50
Training one epoch in 8.559 s
[DEV]   QWK:  0.822, PRS: 0.831, SPR: 0.837, RMSE: 0.560, (Best @ 19: {{0.843}}, 0.851, 0.857, 0.570)
[TEST]  QWK:  0.819, PRS: 0.837, SPR: 0.839, RMSE: 0.572 (Best @ 19: {{0.815}}, 0.820, 0.824, 0.620)
--------------------------------------------------------------------------------------------------------------------------
Epoch 32/50
Training one epoch in 8.566 s
[DEV]   QWK:  0.824, PRS: 0.826, SPR: 0.832, RMSE: 0.565, (Best @ 19: {{0.843}}, 0.851, 0.857, 0.570)
[TEST]  QWK:  0.836, PRS: 0.842, SPR: 0.844, RMSE: 0.547 (Best @ 19: {{0.815}}, 0.820, 0.824, 0.620)
--------------------------------------------------------------------------------------------------------------------------
Epoch 33/50
Training one epoch in 8.601 s
[DEV]   QWK:  0.821, PRS: 0.830, SPR: 0.834, RMSE: 0.552, (Best @ 19: {{0.843}}, 0.851, 0.857, 0.570)
[TEST]  QWK:  0.802, PRS: 0.811, SPR: 0.819, RMSE: 0.582 (Best @ 19: {{0.815}}, 0.820, 0.824, 0.620)
--------------------------------------------------------------------------------------------------------------------------
Epoch 34/50
Training one epoch in 8.586 s
[DEV]   QWK:  0.805, PRS: 0.810, SPR: 0.814, RMSE: 0.611, (Best @ 19: {{0.843}}, 0.851, 0.857, 0.570)
[TEST]  QWK:  0.825, PRS: 0.837, SPR: 0.834, RMSE: 0.582 (Best @ 19: {{0.815}}, 0.820, 0.824, 0.620)
--------------------------------------------------------------------------------------------------------------------------
Epoch 35/50
Training one epoch in 8.600 s
[DEV]   QWK:  0.831, PRS: 0.832, SPR: 0.839, RMSE: 0.557, (Best @ 19: {{0.843}}, 0.851, 0.857, 0.570)
[TEST]  QWK:  0.851, PRS: 0.853, SPR: 0.848, RMSE: 0.526 (Best @ 19: {{0.815}}, 0.820, 0.824, 0.620)
--------------------------------------------------------------------------------------------------------------------------
Epoch 36/50
Training one epoch in 8.614 s
[DEV]   QWK:  0.755, PRS: 0.795, SPR: 0.806, RMSE: 0.657, (Best @ 19: {{0.843}}, 0.851, 0.857, 0.570)
[TEST]  QWK:  0.720, PRS: 0.785, SPR: 0.788, RMSE: 0.705 (Best @ 19: {{0.815}}, 0.820, 0.824, 0.620)
--------------------------------------------------------------------------------------------------------------------------
Epoch 37/50
Training one epoch in 8.634 s
[DEV]   QWK:  0.785, PRS: 0.810, SPR: 0.819, RMSE: 0.627, (Best @ 19: {{0.843}}, 0.851, 0.857, 0.570)
[TEST]  QWK:  0.774, PRS: 0.807, SPR: 0.809, RMSE: 0.642 (Best @ 19: {{0.815}}, 0.820, 0.824, 0.620)
--------------------------------------------------------------------------------------------------------------------------
Epoch 38/50
Training one epoch in 8.604 s
[DEV]   QWK:  0.823, PRS: 0.826, SPR: 0.833, RMSE: 0.560, (Best @ 19: {{0.843}}, 0.851, 0.857, 0.570)
[TEST]  QWK:  0.824, PRS: 0.826, SPR: 0.827, RMSE: 0.562 (Best @ 19: {{0.815}}, 0.820, 0.824, 0.620)
--------------------------------------------------------------------------------------------------------------------------
Epoch 39/50
Training one epoch in 8.611 s
[DEV]   QWK:  0.817, PRS: 0.839, SPR: 0.848, RMSE: 0.613, (Best @ 19: {{0.843}}, 0.851, 0.857, 0.570)
[TEST]  QWK:  0.792, PRS: 0.806, SPR: 0.817, RMSE: 0.642 (Best @ 19: {{0.815}}, 0.820, 0.824, 0.620)
--------------------------------------------------------------------------------------------------------------------------
Epoch 40/50
Training one epoch in 8.594 s
[DEV]   QWK:  0.740, PRS: 0.769, SPR: 0.779, RMSE: 0.664, (Best @ 19: {{0.843}}, 0.851, 0.857, 0.570)
[TEST]  QWK:  0.756, PRS: 0.798, SPR: 0.797, RMSE: 0.647 (Best @ 19: {{0.815}}, 0.820, 0.824, 0.620)
--------------------------------------------------------------------------------------------------------------------------
Epoch 41/50
Training one epoch in 8.602 s
[DEV]   QWK:  0.830, PRS: 0.844, SPR: 0.852, RMSE: 0.575, (Best @ 19: {{0.843}}, 0.851, 0.857, 0.570)
[TEST]  QWK:  0.805, PRS: 0.812, SPR: 0.823, RMSE: 0.611 (Best @ 19: {{0.815}}, 0.820, 0.824, 0.620)
--------------------------------------------------------------------------------------------------------------------------
Epoch 42/50
Training one epoch in 8.607 s
[DEV]   QWK:  0.826, PRS: 0.830, SPR: 0.834, RMSE: 0.594, (Best @ 19: {{0.843}}, 0.851, 0.857, 0.570)
[TEST]  QWK:  0.826, PRS: 0.830, SPR: 0.835, RMSE: 0.592 (Best @ 19: {{0.815}}, 0.820, 0.824, 0.620)
--------------------------------------------------------------------------------------------------------------------------
Epoch 43/50
Training one epoch in 8.624 s
[DEV]   QWK:  0.822, PRS: 0.837, SPR: 0.845, RMSE: 0.594, (Best @ 19: {{0.843}}, 0.851, 0.857, 0.570)
[TEST]  QWK:  0.806, PRS: 0.815, SPR: 0.824, RMSE: 0.615 (Best @ 19: {{0.815}}, 0.820, 0.824, 0.620)
--------------------------------------------------------------------------------------------------------------------------
Epoch 44/50
Training one epoch in 8.602 s
[DEV]   QWK:  0.731, PRS: 0.773, SPR: 0.792, RMSE: 0.638, (Best @ 19: {{0.843}}, 0.851, 0.857, 0.570)
[TEST]  QWK:  0.699, PRS: 0.758, SPR: 0.767, RMSE: 0.676 (Best @ 19: {{0.815}}, 0.820, 0.824, 0.620)
--------------------------------------------------------------------------------------------------------------------------
Epoch 45/50
Training one epoch in 8.631 s
[DEV]   QWK:  0.810, PRS: 0.813, SPR: 0.818, RMSE: 0.597, (Best @ 19: {{0.843}}, 0.851, 0.857, 0.570)
[TEST]  QWK:  0.811, PRS: 0.821, SPR: 0.819, RMSE: 0.597 (Best @ 19: {{0.815}}, 0.820, 0.824, 0.620)
--------------------------------------------------------------------------------------------------------------------------
Epoch 46/50
Training one epoch in 8.594 s
[DEV]   QWK:  0.763, PRS: 0.794, SPR: 0.807, RMSE: 0.624, (Best @ 19: {{0.843}}, 0.851, 0.857, 0.570)
[TEST]  QWK:  0.758, PRS: 0.812, SPR: 0.816, RMSE: 0.638 (Best @ 19: {{0.815}}, 0.820, 0.824, 0.620)
--------------------------------------------------------------------------------------------------------------------------
Epoch 47/50
Training one epoch in 8.628 s
[DEV]   QWK:  0.814, PRS: 0.818, SPR: 0.829, RMSE: 0.575, (Best @ 19: {{0.843}}, 0.851, 0.857, 0.570)
[TEST]  QWK:  0.818, PRS: 0.825, SPR: 0.830, RMSE: 0.567 (Best @ 19: {{0.815}}, 0.820, 0.824, 0.620)
--------------------------------------------------------------------------------------------------------------------------
Epoch 48/50
Training one epoch in 8.627 s
[DEV]   QWK:  0.825, PRS: 0.837, SPR: 0.847, RMSE: 0.570, (Best @ 19: {{0.843}}, 0.851, 0.857, 0.570)
[TEST]  QWK:  0.824, PRS: 0.828, SPR: 0.833, RMSE: 0.567 (Best @ 19: {{0.815}}, 0.820, 0.824, 0.620)
--------------------------------------------------------------------------------------------------------------------------
Epoch 49/50
Training one epoch in 8.611 s
[DEV]   QWK:  0.810, PRS: 0.813, SPR: 0.817, RMSE: 0.582, (Best @ 19: {{0.843}}, 0.851, 0.857, 0.570)
[TEST]  QWK:  0.814, PRS: 0.823, SPR: 0.816, RMSE: 0.577 (Best @ 19: {{0.815}}, 0.820, 0.824, 0.620)
--------------------------------------------------------------------------------------------------------------------------
Epoch 50/50
Training one epoch in 8.597 s
[DEV]   QWK:  0.668, PRS: 0.742, SPR: 0.754, RMSE: 0.719, (Best @ 19: {{0.843}}, 0.851, 0.857, 0.570)
[TEST]  QWK:  0.660, PRS: 0.753, SPR: 0.752, RMSE: 0.744 (Best @ 19: {{0.815}}, 0.820, 0.824, 0.620)
--------------------------------------------------------------------------------------------------------------------------
