X_train shape: (507, 4850)
Initial evaluation: 
[DEV]   QWK:  0.000, PRS: 0.000, SPR: 0.000, RMSE: 9.448, (Best @ -1: {{0.000}}, 0.000, 0.000, 9.448)
[TEST]  QWK:  0.000, PRS: 0.000, SPR: 0.000, RMSE: 8.814 (Best @ -1: {{0.000}}, 0.000, 0.000, 8.814)
--------------------------------------------------------------------------------------------------------------------------
Train model
Epoch 1/50
Training one epoch in 16.146 s
[DEV]   QWK:  0.385, PRS: 0.572, SPR: 0.521, RMSE: 5.179, (Best @ 1: {{0.385}}, 0.572, 0.521, 5.179)
[TEST]  QWK:  0.432, PRS: 0.631, SPR: 0.570, RMSE: 4.987 (Best @ 1: {{0.432}}, 0.631, 0.570, 4.987)
--------------------------------------------------------------------------------------------------------------------------
Epoch 2/50
Training one epoch in 13.417 s
[DEV]   QWK:  0.403, PRS: 0.578, SPR: 0.544, RMSE: 5.220, (Best @ 2: {{0.403}}, 0.578, 0.544, 5.220)
[TEST]  QWK:  0.454, PRS: 0.646, SPR: 0.571, RMSE: 4.915 (Best @ 2: {{0.454}}, 0.646, 0.571, 4.915)
--------------------------------------------------------------------------------------------------------------------------
Epoch 3/50
Training one epoch in 13.516 s
[DEV]   QWK:  0.372, PRS: 0.610, SPR: 0.576, RMSE: 5.431, (Best @ 2: {{0.403}}, 0.578, 0.544, 5.220)
[TEST]  QWK:  0.436, PRS: 0.659, SPR: 0.590, RMSE: 5.014 (Best @ 2: {{0.454}}, 0.646, 0.571, 4.915)
--------------------------------------------------------------------------------------------------------------------------
Epoch 4/50
Training one epoch in 13.310 s
[DEV]   QWK:  0.502, PRS: 0.638, SPR: 0.616, RMSE: 4.818, (Best @ 4: {{0.502}}, 0.638, 0.616, 4.818)
[TEST]  QWK:  0.544, PRS: 0.699, SPR: 0.630, RMSE: 4.736 (Best @ 4: {{0.544}}, 0.699, 0.630, 4.736)
--------------------------------------------------------------------------------------------------------------------------
Epoch 5/50
Training one epoch in 13.455 s
[DEV]   QWK:  0.520, PRS: 0.659, SPR: 0.631, RMSE: 5.020, (Best @ 5: {{0.520}}, 0.659, 0.631, 5.020)
[TEST]  QWK:  0.514, PRS: 0.716, SPR: 0.643, RMSE: 5.332 (Best @ 5: {{0.514}}, 0.716, 0.643, 5.332)
--------------------------------------------------------------------------------------------------------------------------
Epoch 6/50
Training one epoch in 13.296 s
[DEV]   QWK:  0.544, PRS: 0.666, SPR: 0.652, RMSE: 4.688, (Best @ 6: {{0.544}}, 0.666, 0.652, 4.688)
[TEST]  QWK:  0.602, PRS: 0.733, SPR: 0.672, RMSE: 4.410 (Best @ 6: {{0.602}}, 0.733, 0.672, 4.410)
--------------------------------------------------------------------------------------------------------------------------
Epoch 7/50
Training one epoch in 13.369 s
[DEV]   QWK:  0.495, PRS: 0.684, SPR: 0.675, RMSE: 5.155, (Best @ 6: {{0.544}}, 0.666, 0.652, 4.688)
[TEST]  QWK:  0.600, PRS: 0.749, SPR: 0.721, RMSE: 4.419 (Best @ 6: {{0.602}}, 0.733, 0.672, 4.410)
--------------------------------------------------------------------------------------------------------------------------
Epoch 8/50
Training one epoch in 13.482 s
[DEV]   QWK:  0.512, PRS: 0.692, SPR: 0.674, RMSE: 4.998, (Best @ 6: {{0.544}}, 0.666, 0.652, 4.688)
[TEST]  QWK:  0.599, PRS: 0.750, SPR: 0.716, RMSE: 4.376 (Best @ 6: {{0.602}}, 0.733, 0.672, 4.410)
--------------------------------------------------------------------------------------------------------------------------
Epoch 9/50
Training one epoch in 13.150 s
[DEV]   QWK:  0.515, PRS: 0.688, SPR: 0.679, RMSE: 5.081, (Best @ 6: {{0.544}}, 0.666, 0.652, 4.688)
[TEST]  QWK:  0.631, PRS: 0.755, SPR: 0.732, RMSE: 4.287 (Best @ 6: {{0.602}}, 0.733, 0.672, 4.410)
--------------------------------------------------------------------------------------------------------------------------
Epoch 10/50
Training one epoch in 13.435 s
[DEV]   QWK:  0.639, PRS: 0.696, SPR: 0.682, RMSE: 4.457, (Best @ 10: {{0.639}}, 0.696, 0.682, 4.457)
[TEST]  QWK:  0.667, PRS: 0.785, SPR: 0.746, RMSE: 4.477 (Best @ 10: {{0.667}}, 0.785, 0.746, 4.477)
--------------------------------------------------------------------------------------------------------------------------
Epoch 11/50
Training one epoch in 13.453 s
[DEV]   QWK:  0.615, PRS: 0.699, SPR: 0.694, RMSE: 4.658, (Best @ 10: {{0.639}}, 0.696, 0.682, 4.457)
[TEST]  QWK:  0.730, PRS: 0.782, SPR: 0.769, RMSE: 3.873 (Best @ 10: {{0.667}}, 0.785, 0.746, 4.477)
--------------------------------------------------------------------------------------------------------------------------
Epoch 12/50
Training one epoch in 13.385 s
[DEV]   QWK:  0.631, PRS: 0.718, SPR: 0.697, RMSE: 4.352, (Best @ 10: {{0.639}}, 0.696, 0.682, 4.457)
[TEST]  QWK:  0.706, PRS: 0.806, SPR: 0.765, RMSE: 3.944 (Best @ 10: {{0.667}}, 0.785, 0.746, 4.477)
--------------------------------------------------------------------------------------------------------------------------
Epoch 13/50
Training one epoch in 13.373 s
[DEV]   QWK:  0.607, PRS: 0.723, SPR: 0.709, RMSE: 4.395, (Best @ 10: {{0.639}}, 0.696, 0.682, 4.457)
[TEST]  QWK:  0.669, PRS: 0.802, SPR: 0.784, RMSE: 4.074 (Best @ 10: {{0.667}}, 0.785, 0.746, 4.477)
--------------------------------------------------------------------------------------------------------------------------
Epoch 14/50
Training one epoch in 13.504 s
[DEV]   QWK:  0.671, PRS: 0.717, SPR: 0.694, RMSE: 4.450, (Best @ 14: {{0.671}}, 0.717, 0.694, 4.450)
[TEST]  QWK:  0.682, PRS: 0.814, SPR: 0.800, RMSE: 4.578 (Best @ 14: {{0.682}}, 0.814, 0.800, 4.578)
--------------------------------------------------------------------------------------------------------------------------
Epoch 15/50
Training one epoch in 13.375 s
[DEV]   QWK:  0.681, PRS: 0.716, SPR: 0.695, RMSE: 4.328, (Best @ 15: {{0.681}}, 0.716, 0.695, 4.328)
[TEST]  QWK:  0.712, PRS: 0.811, SPR: 0.792, RMSE: 4.261 (Best @ 15: {{0.712}}, 0.811, 0.792, 4.261)
--------------------------------------------------------------------------------------------------------------------------
Epoch 16/50
Training one epoch in 13.518 s
[DEV]   QWK:  0.646, PRS: 0.727, SPR: 0.700, RMSE: 4.282, (Best @ 15: {{0.681}}, 0.716, 0.695, 4.328)
[TEST]  QWK:  0.690, PRS: 0.817, SPR: 0.787, RMSE: 4.132 (Best @ 15: {{0.712}}, 0.811, 0.792, 4.261)
--------------------------------------------------------------------------------------------------------------------------
Epoch 17/50
Training one epoch in 13.414 s
[DEV]   QWK:  0.597, PRS: 0.734, SPR: 0.701, RMSE: 4.469, (Best @ 15: {{0.681}}, 0.716, 0.695, 4.328)
[TEST]  QWK:  0.686, PRS: 0.823, SPR: 0.790, RMSE: 3.912 (Best @ 15: {{0.712}}, 0.811, 0.792, 4.261)
--------------------------------------------------------------------------------------------------------------------------
Epoch 18/50
Training one epoch in 13.558 s
[DEV]   QWK:  0.673, PRS: 0.734, SPR: 0.705, RMSE: 4.193, (Best @ 15: {{0.681}}, 0.716, 0.695, 4.328)
[TEST]  QWK:  0.727, PRS: 0.827, SPR: 0.798, RMSE: 3.925 (Best @ 15: {{0.712}}, 0.811, 0.792, 4.261)
--------------------------------------------------------------------------------------------------------------------------
Epoch 19/50
Training one epoch in 13.422 s
[DEV]   QWK:  0.632, PRS: 0.728, SPR: 0.701, RMSE: 4.732, (Best @ 15: {{0.681}}, 0.716, 0.695, 4.328)
[TEST]  QWK:  0.760, PRS: 0.808, SPR: 0.801, RMSE: 3.727 (Best @ 15: {{0.712}}, 0.811, 0.792, 4.261)
--------------------------------------------------------------------------------------------------------------------------
Epoch 20/50
Training one epoch in 13.466 s
[DEV]   QWK:  0.656, PRS: 0.732, SPR: 0.714, RMSE: 4.247, (Best @ 15: {{0.681}}, 0.716, 0.695, 4.328)
[TEST]  QWK:  0.710, PRS: 0.832, SPR: 0.806, RMSE: 4.047 (Best @ 15: {{0.712}}, 0.811, 0.792, 4.261)
--------------------------------------------------------------------------------------------------------------------------
Epoch 21/50
Training one epoch in 13.353 s
[DEV]   QWK:  0.654, PRS: 0.734, SPR: 0.709, RMSE: 4.363, (Best @ 15: {{0.681}}, 0.716, 0.695, 4.328)
[TEST]  QWK:  0.682, PRS: 0.832, SPR: 0.804, RMSE: 4.391 (Best @ 15: {{0.712}}, 0.811, 0.792, 4.261)
--------------------------------------------------------------------------------------------------------------------------
Epoch 22/50
Training one epoch in 13.316 s
[DEV]   QWK:  0.619, PRS: 0.742, SPR: 0.721, RMSE: 5.003, (Best @ 15: {{0.681}}, 0.716, 0.695, 4.328)
[TEST]  QWK:  0.594, PRS: 0.831, SPR: 0.808, RMSE: 5.481 (Best @ 15: {{0.712}}, 0.811, 0.792, 4.261)
--------------------------------------------------------------------------------------------------------------------------
Epoch 23/50
Training one epoch in 13.358 s
[DEV]   QWK:  0.640, PRS: 0.732, SPR: 0.714, RMSE: 4.481, (Best @ 15: {{0.681}}, 0.716, 0.695, 4.328)
[TEST]  QWK:  0.757, PRS: 0.817, SPR: 0.804, RMSE: 3.650 (Best @ 15: {{0.712}}, 0.811, 0.792, 4.261)
--------------------------------------------------------------------------------------------------------------------------
Epoch 24/50
Training one epoch in 13.360 s
[DEV]   QWK:  0.678, PRS: 0.736, SPR: 0.712, RMSE: 4.239, (Best @ 15: {{0.681}}, 0.716, 0.695, 4.328)
[TEST]  QWK:  0.780, PRS: 0.832, SPR: 0.814, RMSE: 3.555 (Best @ 15: {{0.712}}, 0.811, 0.792, 4.261)
--------------------------------------------------------------------------------------------------------------------------
Epoch 25/50
Training one epoch in 13.354 s
[DEV]   QWK:  0.566, PRS: 0.747, SPR: 0.715, RMSE: 4.994, (Best @ 15: {{0.681}}, 0.716, 0.695, 4.328)
[TEST]  QWK:  0.710, PRS: 0.825, SPR: 0.817, RMSE: 3.926 (Best @ 15: {{0.712}}, 0.811, 0.792, 4.261)
--------------------------------------------------------------------------------------------------------------------------
Epoch 26/50
Training one epoch in 13.384 s
[DEV]   QWK:  0.601, PRS: 0.742, SPR: 0.713, RMSE: 4.733, (Best @ 15: {{0.681}}, 0.716, 0.695, 4.328)
[TEST]  QWK:  0.733, PRS: 0.818, SPR: 0.815, RMSE: 3.771 (Best @ 15: {{0.712}}, 0.811, 0.792, 4.261)
--------------------------------------------------------------------------------------------------------------------------
Epoch 27/50
Training one epoch in 13.374 s
[DEV]   QWK:  0.713, PRS: 0.742, SPR: 0.719, RMSE: 4.169, (Best @ 27: {{0.713}}, 0.742, 0.719, 4.169)
[TEST]  QWK:  0.746, PRS: 0.824, SPR: 0.805, RMSE: 4.106 (Best @ 27: {{0.746}}, 0.824, 0.805, 4.106)
--------------------------------------------------------------------------------------------------------------------------
Epoch 28/50
Training one epoch in 13.287 s
[DEV]   QWK:  0.644, PRS: 0.745, SPR: 0.710, RMSE: 4.437, (Best @ 27: {{0.713}}, 0.742, 0.719, 4.169)
[TEST]  QWK:  0.759, PRS: 0.827, SPR: 0.810, RMSE: 3.607 (Best @ 27: {{0.746}}, 0.824, 0.805, 4.106)
--------------------------------------------------------------------------------------------------------------------------
Epoch 29/50
Training one epoch in 13.282 s
[DEV]   QWK:  0.730, PRS: 0.743, SPR: 0.720, RMSE: 4.147, (Best @ 29: {{0.730}}, 0.743, 0.720, 4.147)
[TEST]  QWK:  0.782, PRS: 0.832, SPR: 0.818, RMSE: 3.819 (Best @ 29: {{0.782}}, 0.832, 0.818, 3.819)
--------------------------------------------------------------------------------------------------------------------------
Epoch 30/50
Training one epoch in 13.276 s
[DEV]   QWK:  0.727, PRS: 0.744, SPR: 0.717, RMSE: 4.114, (Best @ 29: {{0.730}}, 0.743, 0.720, 4.147)
[TEST]  QWK:  0.787, PRS: 0.831, SPR: 0.819, RMSE: 3.764 (Best @ 29: {{0.782}}, 0.832, 0.818, 3.819)
--------------------------------------------------------------------------------------------------------------------------
Epoch 31/50
Training one epoch in 13.417 s
[DEV]   QWK:  0.704, PRS: 0.743, SPR: 0.719, RMSE: 4.110, (Best @ 29: {{0.730}}, 0.743, 0.720, 4.147)
[TEST]  QWK:  0.769, PRS: 0.832, SPR: 0.809, RMSE: 3.736 (Best @ 29: {{0.782}}, 0.832, 0.818, 3.819)
--------------------------------------------------------------------------------------------------------------------------
Epoch 32/50
Training one epoch in 13.410 s
[DEV]   QWK:  0.691, PRS: 0.741, SPR: 0.715, RMSE: 4.162, (Best @ 29: {{0.730}}, 0.743, 0.720, 4.147)
[TEST]  QWK:  0.768, PRS: 0.821, SPR: 0.809, RMSE: 3.693 (Best @ 29: {{0.782}}, 0.832, 0.818, 3.819)
--------------------------------------------------------------------------------------------------------------------------
Epoch 33/50
Training one epoch in 13.350 s
[DEV]   QWK:  0.723, PRS: 0.758, SPR: 0.727, RMSE: 4.050, (Best @ 29: {{0.730}}, 0.743, 0.720, 4.147)
[TEST]  QWK:  0.762, PRS: 0.837, SPR: 0.813, RMSE: 3.912 (Best @ 29: {{0.782}}, 0.832, 0.818, 3.819)
--------------------------------------------------------------------------------------------------------------------------
Epoch 34/50
Training one epoch in 13.445 s
[DEV]   QWK:  0.624, PRS: 0.741, SPR: 0.705, RMSE: 4.713, (Best @ 29: {{0.730}}, 0.743, 0.720, 4.147)
[TEST]  QWK:  0.753, PRS: 0.812, SPR: 0.795, RMSE: 3.734 (Best @ 29: {{0.782}}, 0.832, 0.818, 3.819)
--------------------------------------------------------------------------------------------------------------------------
Epoch 35/50
Training one epoch in 13.162 s
[DEV]   QWK:  0.630, PRS: 0.743, SPR: 0.716, RMSE: 4.597, (Best @ 29: {{0.730}}, 0.743, 0.720, 4.147)
[TEST]  QWK:  0.760, PRS: 0.818, SPR: 0.811, RMSE: 3.655 (Best @ 29: {{0.782}}, 0.832, 0.818, 3.819)
--------------------------------------------------------------------------------------------------------------------------
Epoch 36/50
Training one epoch in 13.416 s
[DEV]   QWK:  0.741, PRS: 0.751, SPR: 0.718, RMSE: 4.104, (Best @ 36: {{0.741}}, 0.751, 0.718, 4.104)
[TEST]  QWK:  0.792, PRS: 0.822, SPR: 0.810, RMSE: 3.806 (Best @ 36: {{0.792}}, 0.822, 0.810, 3.806)
--------------------------------------------------------------------------------------------------------------------------
Epoch 37/50
Training one epoch in 13.455 s
[DEV]   QWK:  0.750, PRS: 0.764, SPR: 0.738, RMSE: 4.038, (Best @ 37: {{0.750}}, 0.764, 0.738, 4.038)
[TEST]  QWK:  0.774, PRS: 0.835, SPR: 0.813, RMSE: 4.010 (Best @ 37: {{0.774}}, 0.835, 0.813, 4.010)
--------------------------------------------------------------------------------------------------------------------------
Epoch 38/50
Training one epoch in 13.201 s
[DEV]   QWK:  0.661, PRS: 0.762, SPR: 0.729, RMSE: 4.270, (Best @ 37: {{0.750}}, 0.764, 0.738, 4.038)
[TEST]  QWK:  0.760, PRS: 0.840, SPR: 0.808, RMSE: 3.565 (Best @ 37: {{0.774}}, 0.835, 0.813, 4.010)
--------------------------------------------------------------------------------------------------------------------------
Epoch 39/50
Training one epoch in 13.371 s
[DEV]   QWK:  0.724, PRS: 0.746, SPR: 0.716, RMSE: 4.110, (Best @ 37: {{0.750}}, 0.764, 0.738, 4.038)
[TEST]  QWK:  0.759, PRS: 0.820, SPR: 0.801, RMSE: 3.990 (Best @ 37: {{0.774}}, 0.835, 0.813, 4.010)
--------------------------------------------------------------------------------------------------------------------------
Epoch 40/50
Training one epoch in 13.392 s
[DEV]   QWK:  0.713, PRS: 0.732, SPR: 0.707, RMSE: 4.294, (Best @ 37: {{0.750}}, 0.764, 0.738, 4.038)
[TEST]  QWK:  0.741, PRS: 0.814, SPR: 0.808, RMSE: 4.324 (Best @ 37: {{0.774}}, 0.835, 0.813, 4.010)
--------------------------------------------------------------------------------------------------------------------------
Epoch 41/50
Training one epoch in 13.510 s
[DEV]   QWK:  0.709, PRS: 0.761, SPR: 0.732, RMSE: 4.005, (Best @ 37: {{0.750}}, 0.764, 0.738, 4.038)
[TEST]  QWK:  0.772, PRS: 0.842, SPR: 0.813, RMSE: 3.672 (Best @ 37: {{0.774}}, 0.835, 0.813, 4.010)
--------------------------------------------------------------------------------------------------------------------------
Epoch 42/50
Training one epoch in 13.401 s
[DEV]   QWK:  0.665, PRS: 0.756, SPR: 0.719, RMSE: 4.474, (Best @ 37: {{0.750}}, 0.764, 0.738, 4.038)
[TEST]  QWK:  0.787, PRS: 0.827, SPR: 0.814, RMSE: 3.520 (Best @ 37: {{0.774}}, 0.835, 0.813, 4.010)
--------------------------------------------------------------------------------------------------------------------------
Epoch 43/50
Training one epoch in 13.551 s
[DEV]   QWK:  0.685, PRS: 0.731, SPR: 0.706, RMSE: 4.261, (Best @ 37: {{0.750}}, 0.764, 0.738, 4.038)
[TEST]  QWK:  0.780, PRS: 0.815, SPR: 0.804, RMSE: 3.650 (Best @ 37: {{0.774}}, 0.835, 0.813, 4.010)
--------------------------------------------------------------------------------------------------------------------------
Epoch 44/50
Training one epoch in 13.313 s
[DEV]   QWK:  0.629, PRS: 0.734, SPR: 0.706, RMSE: 4.483, (Best @ 37: {{0.750}}, 0.764, 0.738, 4.038)
[TEST]  QWK:  0.753, PRS: 0.820, SPR: 0.803, RMSE: 3.655 (Best @ 37: {{0.774}}, 0.835, 0.813, 4.010)
--------------------------------------------------------------------------------------------------------------------------
Epoch 45/50
Training one epoch in 13.457 s
[DEV]   QWK:  0.688, PRS: 0.745, SPR: 0.717, RMSE: 4.329, (Best @ 37: {{0.750}}, 0.764, 0.738, 4.038)
[TEST]  QWK:  0.706, PRS: 0.822, SPR: 0.801, RMSE: 4.494 (Best @ 37: {{0.774}}, 0.835, 0.813, 4.010)
--------------------------------------------------------------------------------------------------------------------------
Epoch 46/50
Training one epoch in 13.447 s
[DEV]   QWK:  0.715, PRS: 0.743, SPR: 0.711, RMSE: 4.194, (Best @ 37: {{0.750}}, 0.764, 0.738, 4.038)
[TEST]  QWK:  0.747, PRS: 0.827, SPR: 0.807, RMSE: 4.158 (Best @ 37: {{0.774}}, 0.835, 0.813, 4.010)
--------------------------------------------------------------------------------------------------------------------------
Epoch 47/50
Training one epoch in 12.952 s
[DEV]   QWK:  0.665, PRS: 0.744, SPR: 0.711, RMSE: 4.297, (Best @ 37: {{0.750}}, 0.764, 0.738, 4.038)
[TEST]  QWK:  0.760, PRS: 0.812, SPR: 0.799, RMSE: 3.670 (Best @ 37: {{0.774}}, 0.835, 0.813, 4.010)
--------------------------------------------------------------------------------------------------------------------------
Epoch 48/50
Training one epoch in 13.358 s
[DEV]   QWK:  0.731, PRS: 0.747, SPR: 0.709, RMSE: 4.099, (Best @ 37: {{0.750}}, 0.764, 0.738, 4.038)
[TEST]  QWK:  0.769, PRS: 0.810, SPR: 0.796, RMSE: 3.939 (Best @ 37: {{0.774}}, 0.835, 0.813, 4.010)
--------------------------------------------------------------------------------------------------------------------------
Epoch 49/50
Training one epoch in 13.513 s
[DEV]   QWK:  0.711, PRS: 0.746, SPR: 0.713, RMSE: 4.101, (Best @ 37: {{0.750}}, 0.764, 0.738, 4.038)
[TEST]  QWK:  0.758, PRS: 0.823, SPR: 0.800, RMSE: 3.932 (Best @ 37: {{0.774}}, 0.835, 0.813, 4.010)
--------------------------------------------------------------------------------------------------------------------------
Epoch 50/50
Training one epoch in 13.306 s
[DEV]   QWK:  0.688, PRS: 0.736, SPR: 0.692, RMSE: 4.276, (Best @ 37: {{0.750}}, 0.764, 0.738, 4.038)
[TEST]  QWK:  0.791, PRS: 0.813, SPR: 0.796, RMSE: 3.607 (Best @ 37: {{0.774}}, 0.835, 0.813, 4.010)
--------------------------------------------------------------------------------------------------------------------------
X_train shape: (507, 4850)
Initial evaluation: 
[DEV]   QWK:  0.000, PRS: 0.000, SPR: 0.000, RMSE: 9.448, (Best @ -1: {{0.000}}, 0.000, 0.000, 9.448)
[TEST]  QWK:  0.000, PRS: 0.000, SPR: 0.000, RMSE: 8.814 (Best @ -1: {{0.000}}, 0.000, 0.000, 8.814)
--------------------------------------------------------------------------------------------------------------------------
Train model
Epoch 1/50
Training one epoch in 16.322 s
[DEV]   QWK:  0.385, PRS: 0.572, SPR: 0.521, RMSE: 5.179, (Best @ 1: {{0.385}}, 0.572, 0.521, 5.179)
[TEST]  QWK:  0.432, PRS: 0.631, SPR: 0.570, RMSE: 4.987 (Best @ 1: {{0.432}}, 0.631, 0.570, 4.987)
--------------------------------------------------------------------------------------------------------------------------
Epoch 2/50
Training one epoch in 13.713 s
[DEV]   QWK:  0.403, PRS: 0.578, SPR: 0.544, RMSE: 5.220, (Best @ 2: {{0.403}}, 0.578, 0.544, 5.220)
[TEST]  QWK:  0.454, PRS: 0.646, SPR: 0.571, RMSE: 4.915 (Best @ 2: {{0.454}}, 0.646, 0.571, 4.915)
--------------------------------------------------------------------------------------------------------------------------
Epoch 3/50
Training one epoch in 13.672 s
[DEV]   QWK:  0.372, PRS: 0.610, SPR: 0.576, RMSE: 5.431, (Best @ 2: {{0.403}}, 0.578, 0.544, 5.220)
[TEST]  QWK:  0.436, PRS: 0.659, SPR: 0.590, RMSE: 5.014 (Best @ 2: {{0.454}}, 0.646, 0.571, 4.915)
--------------------------------------------------------------------------------------------------------------------------
Epoch 4/50
Training one epoch in 13.799 s
[DEV]   QWK:  0.502, PRS: 0.638, SPR: 0.616, RMSE: 4.818, (Best @ 4: {{0.502}}, 0.638, 0.616, 4.818)
[TEST]  QWK:  0.544, PRS: 0.699, SPR: 0.630, RMSE: 4.736 (Best @ 4: {{0.544}}, 0.699, 0.630, 4.736)
--------------------------------------------------------------------------------------------------------------------------
Epoch 5/50
Training one epoch in 13.818 s
[DEV]   QWK:  0.520, PRS: 0.659, SPR: 0.631, RMSE: 5.020, (Best @ 5: {{0.520}}, 0.659, 0.631, 5.020)
[TEST]  QWK:  0.514, PRS: 0.716, SPR: 0.643, RMSE: 5.332 (Best @ 5: {{0.514}}, 0.716, 0.643, 5.332)
--------------------------------------------------------------------------------------------------------------------------
Epoch 6/50
Training one epoch in 13.766 s
[DEV]   QWK:  0.544, PRS: 0.666, SPR: 0.652, RMSE: 4.688, (Best @ 6: {{0.544}}, 0.666, 0.652, 4.688)
[TEST]  QWK:  0.602, PRS: 0.733, SPR: 0.672, RMSE: 4.410 (Best @ 6: {{0.602}}, 0.733, 0.672, 4.410)
--------------------------------------------------------------------------------------------------------------------------
Epoch 7/50
Training one epoch in 13.623 s
[DEV]   QWK:  0.495, PRS: 0.684, SPR: 0.675, RMSE: 5.155, (Best @ 6: {{0.544}}, 0.666, 0.652, 4.688)
[TEST]  QWK:  0.600, PRS: 0.749, SPR: 0.721, RMSE: 4.419 (Best @ 6: {{0.602}}, 0.733, 0.672, 4.410)
--------------------------------------------------------------------------------------------------------------------------
Epoch 8/50
Training one epoch in 13.691 s
[DEV]   QWK:  0.512, PRS: 0.692, SPR: 0.674, RMSE: 4.998, (Best @ 6: {{0.544}}, 0.666, 0.652, 4.688)
[TEST]  QWK:  0.599, PRS: 0.750, SPR: 0.716, RMSE: 4.376 (Best @ 6: {{0.602}}, 0.733, 0.672, 4.410)
--------------------------------------------------------------------------------------------------------------------------
Epoch 9/50
Training one epoch in 13.690 s
[DEV]   QWK:  0.515, PRS: 0.688, SPR: 0.679, RMSE: 5.081, (Best @ 6: {{0.544}}, 0.666, 0.652, 4.688)
[TEST]  QWK:  0.631, PRS: 0.755, SPR: 0.732, RMSE: 4.287 (Best @ 6: {{0.602}}, 0.733, 0.672, 4.410)
--------------------------------------------------------------------------------------------------------------------------
Epoch 10/50
Training one epoch in 13.766 s
[DEV]   QWK:  0.639, PRS: 0.696, SPR: 0.682, RMSE: 4.457, (Best @ 10: {{0.639}}, 0.696, 0.682, 4.457)
[TEST]  QWK:  0.667, PRS: 0.785, SPR: 0.746, RMSE: 4.477 (Best @ 10: {{0.667}}, 0.785, 0.746, 4.477)
--------------------------------------------------------------------------------------------------------------------------
Epoch 11/50
Training one epoch in 13.760 s
[DEV]   QWK:  0.615, PRS: 0.699, SPR: 0.694, RMSE: 4.658, (Best @ 10: {{0.639}}, 0.696, 0.682, 4.457)
[TEST]  QWK:  0.730, PRS: 0.782, SPR: 0.769, RMSE: 3.873 (Best @ 10: {{0.667}}, 0.785, 0.746, 4.477)
--------------------------------------------------------------------------------------------------------------------------
Epoch 12/50
Training one epoch in 13.769 s
[DEV]   QWK:  0.631, PRS: 0.718, SPR: 0.697, RMSE: 4.352, (Best @ 10: {{0.639}}, 0.696, 0.682, 4.457)
[TEST]  QWK:  0.706, PRS: 0.806, SPR: 0.765, RMSE: 3.944 (Best @ 10: {{0.667}}, 0.785, 0.746, 4.477)
--------------------------------------------------------------------------------------------------------------------------
Epoch 13/50
Training one epoch in 13.722 s
[DEV]   QWK:  0.607, PRS: 0.723, SPR: 0.709, RMSE: 4.395, (Best @ 10: {{0.639}}, 0.696, 0.682, 4.457)
[TEST]  QWK:  0.669, PRS: 0.802, SPR: 0.784, RMSE: 4.074 (Best @ 10: {{0.667}}, 0.785, 0.746, 4.477)
--------------------------------------------------------------------------------------------------------------------------
Epoch 14/50
Training one epoch in 13.403 s
[DEV]   QWK:  0.671, PRS: 0.717, SPR: 0.694, RMSE: 4.450, (Best @ 14: {{0.671}}, 0.717, 0.694, 4.450)
[TEST]  QWK:  0.682, PRS: 0.814, SPR: 0.800, RMSE: 4.578 (Best @ 14: {{0.682}}, 0.814, 0.800, 4.578)
--------------------------------------------------------------------------------------------------------------------------
Epoch 15/50
Training one epoch in 13.761 s
[DEV]   QWK:  0.681, PRS: 0.718, SPR: 0.697, RMSE: 4.318, (Best @ 15: {{0.681}}, 0.718, 0.697, 4.318)
[TEST]  QWK:  0.709, PRS: 0.811, SPR: 0.793, RMSE: 4.280 (Best @ 15: {{0.709}}, 0.811, 0.793, 4.280)
--------------------------------------------------------------------------------------------------------------------------
Epoch 16/50
Training one epoch in 13.775 s
[DEV]   QWK:  0.643, PRS: 0.724, SPR: 0.698, RMSE: 4.299, (Best @ 15: {{0.681}}, 0.718, 0.697, 4.318)
[TEST]  QWK:  0.691, PRS: 0.816, SPR: 0.787, RMSE: 4.137 (Best @ 15: {{0.709}}, 0.811, 0.793, 4.280)
--------------------------------------------------------------------------------------------------------------------------
Epoch 17/50
Training one epoch in 13.769 s
[DEV]   QWK:  0.584, PRS: 0.738, SPR: 0.687, RMSE: 4.565, (Best @ 15: {{0.681}}, 0.718, 0.697, 4.318)
[TEST]  QWK:  0.682, PRS: 0.810, SPR: 0.765, RMSE: 3.948 (Best @ 15: {{0.709}}, 0.811, 0.793, 4.280)
--------------------------------------------------------------------------------------------------------------------------
Epoch 18/50
Training one epoch in 13.858 s
[DEV]   QWK:  0.668, PRS: 0.727, SPR: 0.701, RMSE: 4.234, (Best @ 15: {{0.681}}, 0.718, 0.697, 4.318)
[TEST]  QWK:  0.736, PRS: 0.829, SPR: 0.800, RMSE: 3.862 (Best @ 15: {{0.709}}, 0.811, 0.793, 4.280)
--------------------------------------------------------------------------------------------------------------------------
Epoch 19/50
Training one epoch in 13.822 s
[DEV]   QWK:  0.641, PRS: 0.732, SPR: 0.710, RMSE: 4.704, (Best @ 15: {{0.681}}, 0.718, 0.697, 4.318)
[TEST]  QWK:  0.763, PRS: 0.808, SPR: 0.803, RMSE: 3.717 (Best @ 15: {{0.709}}, 0.811, 0.793, 4.280)
--------------------------------------------------------------------------------------------------------------------------
Epoch 20/50
Training one epoch in 13.730 s
[DEV]   QWK:  0.663, PRS: 0.738, SPR: 0.721, RMSE: 4.211, (Best @ 15: {{0.681}}, 0.718, 0.697, 4.318)
[TEST]  QWK:  0.711, PRS: 0.831, SPR: 0.807, RMSE: 4.031 (Best @ 15: {{0.709}}, 0.811, 0.793, 4.280)
--------------------------------------------------------------------------------------------------------------------------
Epoch 21/50
Training one epoch in 13.846 s
[DEV]   QWK:  0.645, PRS: 0.732, SPR: 0.708, RMSE: 4.393, (Best @ 15: {{0.681}}, 0.718, 0.697, 4.318)
[TEST]  QWK:  0.677, PRS: 0.833, SPR: 0.798, RMSE: 4.394 (Best @ 15: {{0.709}}, 0.811, 0.793, 4.280)
--------------------------------------------------------------------------------------------------------------------------
Epoch 22/50
Training one epoch in 13.845 s
[DEV]   QWK:  0.615, PRS: 0.739, SPR: 0.715, RMSE: 5.031, (Best @ 15: {{0.681}}, 0.718, 0.697, 4.318)
[TEST]  QWK:  0.579, PRS: 0.810, SPR: 0.779, RMSE: 5.616 (Best @ 15: {{0.709}}, 0.811, 0.793, 4.280)
--------------------------------------------------------------------------------------------------------------------------
Epoch 23/50
Training one epoch in 13.797 s
[DEV]   QWK:  0.642, PRS: 0.733, SPR: 0.716, RMSE: 4.484, (Best @ 15: {{0.681}}, 0.718, 0.697, 4.318)
[TEST]  QWK:  0.761, PRS: 0.820, SPR: 0.812, RMSE: 3.627 (Best @ 15: {{0.709}}, 0.811, 0.793, 4.280)
--------------------------------------------------------------------------------------------------------------------------
Epoch 24/50
Training one epoch in 13.663 s
[DEV]   QWK:  0.665, PRS: 0.730, SPR: 0.706, RMSE: 4.276, (Best @ 15: {{0.681}}, 0.718, 0.697, 4.318)
[TEST]  QWK:  0.766, PRS: 0.828, SPR: 0.816, RMSE: 3.617 (Best @ 15: {{0.709}}, 0.811, 0.793, 4.280)
--------------------------------------------------------------------------------------------------------------------------
Epoch 25/50
Training one epoch in 13.726 s
[DEV]   QWK:  0.560, PRS: 0.739, SPR: 0.706, RMSE: 5.053, (Best @ 15: {{0.681}}, 0.718, 0.697, 4.318)
[TEST]  QWK:  0.722, PRS: 0.829, SPR: 0.820, RMSE: 3.864 (Best @ 15: {{0.709}}, 0.811, 0.793, 4.280)
--------------------------------------------------------------------------------------------------------------------------
Epoch 26/50
Training one epoch in 13.648 s
[DEV]   QWK:  0.602, PRS: 0.740, SPR: 0.712, RMSE: 4.739, (Best @ 15: {{0.681}}, 0.718, 0.697, 4.318)
[TEST]  QWK:  0.733, PRS: 0.819, SPR: 0.813, RMSE: 3.773 (Best @ 15: {{0.709}}, 0.811, 0.793, 4.280)
--------------------------------------------------------------------------------------------------------------------------
Epoch 27/50
Training one epoch in 13.715 s
[DEV]   QWK:  0.718, PRS: 0.747, SPR: 0.723, RMSE: 4.133, (Best @ 27: {{0.718}}, 0.747, 0.723, 4.133)
[TEST]  QWK:  0.737, PRS: 0.818, SPR: 0.791, RMSE: 4.202 (Best @ 27: {{0.737}}, 0.818, 0.791, 4.202)
--------------------------------------------------------------------------------------------------------------------------
Epoch 28/50
Training one epoch in 13.682 s
[DEV]   QWK:  0.641, PRS: 0.737, SPR: 0.705, RMSE: 4.476, (Best @ 27: {{0.718}}, 0.747, 0.723, 4.133)
[TEST]  QWK:  0.753, PRS: 0.819, SPR: 0.810, RMSE: 3.659 (Best @ 27: {{0.737}}, 0.818, 0.791, 4.202)
--------------------------------------------------------------------------------------------------------------------------
Epoch 29/50
Training one epoch in 13.635 s
[DEV]   QWK:  0.735, PRS: 0.747, SPR: 0.726, RMSE: 4.110, (Best @ 29: {{0.735}}, 0.747, 0.726, 4.110)
[TEST]  QWK:  0.782, PRS: 0.829, SPR: 0.812, RMSE: 3.842 (Best @ 29: {{0.782}}, 0.829, 0.812, 3.842)
--------------------------------------------------------------------------------------------------------------------------
Epoch 30/50
Training one epoch in 13.454 s
[DEV]   QWK:  0.728, PRS: 0.748, SPR: 0.721, RMSE: 4.082, (Best @ 29: {{0.735}}, 0.747, 0.726, 4.110)
[TEST]  QWK:  0.785, PRS: 0.829, SPR: 0.820, RMSE: 3.760 (Best @ 29: {{0.782}}, 0.829, 0.812, 3.842)
--------------------------------------------------------------------------------------------------------------------------
Epoch 31/50
Training one epoch in 13.752 s
[DEV]   QWK:  0.704, PRS: 0.740, SPR: 0.712, RMSE: 4.126, (Best @ 29: {{0.735}}, 0.747, 0.726, 4.110)
[TEST]  QWK:  0.771, PRS: 0.833, SPR: 0.810, RMSE: 3.738 (Best @ 29: {{0.782}}, 0.829, 0.812, 3.842)
--------------------------------------------------------------------------------------------------------------------------
Epoch 32/50
Training one epoch in 13.798 s
[DEV]   QWK:  0.692, PRS: 0.740, SPR: 0.718, RMSE: 4.157, (Best @ 29: {{0.735}}, 0.747, 0.726, 4.110)
[TEST]  QWK:  0.762, PRS: 0.817, SPR: 0.804, RMSE: 3.753 (Best @ 29: {{0.782}}, 0.829, 0.812, 3.842)
--------------------------------------------------------------------------------------------------------------------------
Epoch 33/50
Training one epoch in 13.744 s
[DEV]   QWK:  0.728, PRS: 0.761, SPR: 0.736, RMSE: 4.008, (Best @ 29: {{0.735}}, 0.747, 0.726, 4.110)
[TEST]  QWK:  0.770, PRS: 0.847, SPR: 0.819, RMSE: 3.819 (Best @ 29: {{0.782}}, 0.829, 0.812, 3.842)
--------------------------------------------------------------------------------------------------------------------------
Epoch 34/50
Training one epoch in 13.862 s
[DEV]   QWK:  0.594, PRS: 0.725, SPR: 0.693, RMSE: 4.750, (Best @ 29: {{0.735}}, 0.747, 0.726, 4.110)
[TEST]  QWK:  0.729, PRS: 0.803, SPR: 0.794, RMSE: 3.822 (Best @ 29: {{0.782}}, 0.829, 0.812, 3.842)
--------------------------------------------------------------------------------------------------------------------------
Epoch 35/50
Training one epoch in 13.730 s
[DEV]   QWK:  0.645, PRS: 0.742, SPR: 0.716, RMSE: 4.528, (Best @ 29: {{0.735}}, 0.747, 0.726, 4.110)
[TEST]  QWK:  0.779, PRS: 0.826, SPR: 0.816, RMSE: 3.549 (Best @ 29: {{0.782}}, 0.829, 0.812, 3.842)
--------------------------------------------------------------------------------------------------------------------------
Epoch 36/50
Training one epoch in 13.856 s
[DEV]   QWK:  0.749, PRS: 0.757, SPR: 0.727, RMSE: 4.076, (Best @ 36: {{0.749}}, 0.757, 0.727, 4.076)
[TEST]  QWK:  0.797, PRS: 0.823, SPR: 0.809, RMSE: 3.771 (Best @ 36: {{0.797}}, 0.823, 0.809, 3.771)
--------------------------------------------------------------------------------------------------------------------------
Epoch 37/50
Training one epoch in 13.717 s
[DEV]   QWK:  0.732, PRS: 0.748, SPR: 0.722, RMSE: 4.166, (Best @ 36: {{0.749}}, 0.757, 0.727, 4.076)
[TEST]  QWK:  0.766, PRS: 0.832, SPR: 0.809, RMSE: 4.072 (Best @ 36: {{0.797}}, 0.823, 0.809, 3.771)
--------------------------------------------------------------------------------------------------------------------------
Epoch 38/50
Training one epoch in 13.695 s
[DEV]   QWK:  0.672, PRS: 0.764, SPR: 0.734, RMSE: 4.229, (Best @ 36: {{0.749}}, 0.757, 0.727, 4.076)
[TEST]  QWK:  0.766, PRS: 0.829, SPR: 0.803, RMSE: 3.577 (Best @ 36: {{0.797}}, 0.823, 0.809, 3.771)
--------------------------------------------------------------------------------------------------------------------------
Epoch 39/50
Training one epoch in 13.841 s
[DEV]   QWK:  0.708, PRS: 0.740, SPR: 0.718, RMSE: 4.150, (Best @ 36: {{0.749}}, 0.757, 0.727, 4.076)
[TEST]  QWK:  0.757, PRS: 0.834, SPR: 0.812, RMSE: 3.951 (Best @ 36: {{0.797}}, 0.823, 0.809, 3.771)
--------------------------------------------------------------------------------------------------------------------------
Epoch 40/50
Training one epoch in 13.585 s
[DEV]   QWK:  0.707, PRS: 0.723, SPR: 0.701, RMSE: 4.365, (Best @ 36: {{0.749}}, 0.757, 0.727, 4.076)
[TEST]  QWK:  0.744, PRS: 0.815, SPR: 0.811, RMSE: 4.343 (Best @ 36: {{0.797}}, 0.823, 0.809, 3.771)
--------------------------------------------------------------------------------------------------------------------------
Epoch 41/50
Training one epoch in 13.827 s
[DEV]   QWK:  0.698, PRS: 0.750, SPR: 0.724, RMSE: 4.078, (Best @ 36: {{0.749}}, 0.757, 0.727, 4.076)
[TEST]  QWK:  0.766, PRS: 0.844, SPR: 0.810, RMSE: 3.676 (Best @ 36: {{0.797}}, 0.823, 0.809, 3.771)
--------------------------------------------------------------------------------------------------------------------------
Epoch 42/50
Training one epoch in 13.812 s
[DEV]   QWK:  0.672, PRS: 0.757, SPR: 0.720, RMSE: 4.455, (Best @ 36: {{0.749}}, 0.757, 0.727, 4.076)
[TEST]  QWK:  0.787, PRS: 0.826, SPR: 0.812, RMSE: 3.524 (Best @ 36: {{0.797}}, 0.823, 0.809, 3.771)
--------------------------------------------------------------------------------------------------------------------------
Epoch 43/50
Training one epoch in 13.740 s
[DEV]   QWK:  0.687, PRS: 0.727, SPR: 0.699, RMSE: 4.262, (Best @ 36: {{0.749}}, 0.757, 0.727, 4.076)
[TEST]  QWK:  0.781, PRS: 0.817, SPR: 0.804, RMSE: 3.670 (Best @ 36: {{0.797}}, 0.823, 0.809, 3.771)
--------------------------------------------------------------------------------------------------------------------------
Epoch 44/50
Training one epoch in 13.822 s
[DEV]   QWK:  0.604, PRS: 0.722, SPR: 0.692, RMSE: 4.601, (Best @ 36: {{0.749}}, 0.757, 0.727, 4.076)
[TEST]  QWK:  0.743, PRS: 0.818, SPR: 0.811, RMSE: 3.702 (Best @ 36: {{0.797}}, 0.823, 0.809, 3.771)
--------------------------------------------------------------------------------------------------------------------------
Epoch 45/50
Training one epoch in 13.818 s
[DEV]   QWK:  0.693, PRS: 0.742, SPR: 0.717, RMSE: 4.337, (Best @ 36: {{0.749}}, 0.757, 0.727, 4.076)
[TEST]  QWK:  0.722, PRS: 0.832, SPR: 0.814, RMSE: 4.411 (Best @ 36: {{0.797}}, 0.823, 0.809, 3.771)
--------------------------------------------------------------------------------------------------------------------------
Epoch 46/50
Training one epoch in 13.721 s
[DEV]   QWK:  0.719, PRS: 0.746, SPR: 0.717, RMSE: 4.140, (Best @ 36: {{0.749}}, 0.757, 0.727, 4.076)
[TEST]  QWK:  0.755, PRS: 0.828, SPR: 0.805, RMSE: 4.060 (Best @ 36: {{0.797}}, 0.823, 0.809, 3.771)
--------------------------------------------------------------------------------------------------------------------------
Epoch 47/50
Training one epoch in 13.911 s
[DEV]   QWK:  0.661, PRS: 0.738, SPR: 0.697, RMSE: 4.328, (Best @ 36: {{0.749}}, 0.757, 0.727, 4.076)
[TEST]  QWK:  0.771, PRS: 0.823, SPR: 0.805, RMSE: 3.586 (Best @ 36: {{0.797}}, 0.823, 0.809, 3.771)
--------------------------------------------------------------------------------------------------------------------------
Epoch 48/50
Training one epoch in 13.730 s
[DEV]   QWK:  0.730, PRS: 0.754, SPR: 0.716, RMSE: 4.035, (Best @ 36: {{0.749}}, 0.757, 0.727, 4.076)
[TEST]  QWK:  0.799, PRS: 0.839, SPR: 0.819, RMSE: 3.596 (Best @ 36: {{0.797}}, 0.823, 0.809, 3.771)
--------------------------------------------------------------------------------------------------------------------------
Epoch 49/50
Training one epoch in 13.671 s
[DEV]   QWK:  0.735, PRS: 0.761, SPR: 0.726, RMSE: 3.993, (Best @ 36: {{0.749}}, 0.757, 0.727, 4.076)
[TEST]  QWK:  0.769, PRS: 0.823, SPR: 0.801, RMSE: 3.889 (Best @ 36: {{0.797}}, 0.823, 0.809, 3.771)
--------------------------------------------------------------------------------------------------------------------------
Epoch 50/50
Training one epoch in 13.705 s
[DEV]   QWK:  0.694, PRS: 0.735, SPR: 0.698, RMSE: 4.229, (Best @ 36: {{0.749}}, 0.757, 0.727, 4.076)
[TEST]  QWK:  0.783, PRS: 0.809, SPR: 0.802, RMSE: 3.674 (Best @ 36: {{0.797}}, 0.823, 0.809, 3.771)
--------------------------------------------------------------------------------------------------------------------------
