X_train shape: (1260, 4400)
Initial evaluation: 
[DEV]   QWK:  0.000, PRS: 0.000, SPR: 0.000, RMSE: 0.994, (Best @ -1: {{0.000}}, 0.000, 0.000, 0.994)
[TEST]  QWK:  0.000, PRS: 0.000, SPR: 0.000, RMSE: 0.978 (Best @ -1: {{0.000}}, 0.000, 0.000, 0.978)
--------------------------------------------------------------------------------------------------------------------------
Train model
Epoch 1/50
Training one epoch in 31.896 s
[DEV]   QWK:  0.546, PRS: 0.650, SPR: 0.614, RMSE: 0.685, (Best @ 1: {{0.546}}, 0.650, 0.614, 0.685)
[TEST]  QWK:  0.508, PRS: 0.613, SPR: 0.579, RMSE: 0.691 (Best @ 1: {{0.508}}, 0.613, 0.579, 0.691)
--------------------------------------------------------------------------------------------------------------------------
Epoch 2/50
Training one epoch in 29.817 s
[DEV]   QWK:  0.556, PRS: 0.596, SPR: 0.567, RMSE: 0.650, (Best @ 2: {{0.556}}, 0.596, 0.567, 0.650)
[TEST]  QWK:  0.601, PRS: 0.651, SPR: 0.656, RMSE: 0.587 (Best @ 2: {{0.601}}, 0.651, 0.656, 0.587)
--------------------------------------------------------------------------------------------------------------------------
Epoch 3/50
Training one epoch in 30.011 s
[DEV]   QWK:  0.589, PRS: 0.629, SPR: 0.594, RMSE: 0.632, (Best @ 3: {{0.589}}, 0.629, 0.594, 0.632)
[TEST]  QWK:  0.601, PRS: 0.650, SPR: 0.653, RMSE: 0.592 (Best @ 3: {{0.601}}, 0.650, 0.653, 0.592)
--------------------------------------------------------------------------------------------------------------------------
Epoch 4/50
Training one epoch in 29.806 s
[DEV]   QWK:  0.572, PRS: 0.664, SPR: 0.654, RMSE: 0.648, (Best @ 3: {{0.589}}, 0.629, 0.594, 0.632)
[TEST]  QWK:  0.591, PRS: 0.670, SPR: 0.669, RMSE: 0.624 (Best @ 3: {{0.601}}, 0.650, 0.653, 0.592)
--------------------------------------------------------------------------------------------------------------------------
Epoch 5/50
Training one epoch in 29.961 s
[DEV]   QWK:  0.678, PRS: 0.704, SPR: 0.682, RMSE: 0.575, (Best @ 5: {{0.678}}, 0.704, 0.682, 0.575)
[TEST]  QWK:  0.623, PRS: 0.657, SPR: 0.662, RMSE: 0.587 (Best @ 5: {{0.623}}, 0.657, 0.662, 0.587)
--------------------------------------------------------------------------------------------------------------------------
Epoch 6/50
Training one epoch in 29.572 s
[DEV]   QWK:  0.675, PRS: 0.702, SPR: 0.675, RMSE: 0.575, (Best @ 5: {{0.678}}, 0.704, 0.682, 0.575)
[TEST]  QWK:  0.649, PRS: 0.679, SPR: 0.681, RMSE: 0.573 (Best @ 5: {{0.623}}, 0.657, 0.662, 0.587)
--------------------------------------------------------------------------------------------------------------------------
Epoch 7/50
Training one epoch in 29.928 s
[DEV]   QWK:  0.668, PRS: 0.700, SPR: 0.660, RMSE: 0.612, (Best @ 5: {{0.678}}, 0.704, 0.682, 0.575)
[TEST]  QWK:  0.663, PRS: 0.689, SPR: 0.675, RMSE: 0.601 (Best @ 5: {{0.623}}, 0.657, 0.662, 0.587)
--------------------------------------------------------------------------------------------------------------------------
Epoch 8/50
Training one epoch in 29.883 s
[DEV]   QWK:  0.681, PRS: 0.712, SPR: 0.691, RMSE: 0.575, (Best @ 8: {{0.681}}, 0.712, 0.691, 0.575)
[TEST]  QWK:  0.679, PRS: 0.709, SPR: 0.700, RMSE: 0.558 (Best @ 8: {{0.679}}, 0.709, 0.700, 0.558)
--------------------------------------------------------------------------------------------------------------------------
Epoch 9/50
Training one epoch in 29.885 s
[DEV]   QWK:  0.675, PRS: 0.704, SPR: 0.674, RMSE: 0.582, (Best @ 8: {{0.681}}, 0.712, 0.691, 0.575)
[TEST]  QWK:  0.677, PRS: 0.703, SPR: 0.711, RMSE: 0.563 (Best @ 8: {{0.679}}, 0.709, 0.700, 0.558)
--------------------------------------------------------------------------------------------------------------------------
Epoch 10/50
Training one epoch in 29.826 s
[DEV]   QWK:  0.669, PRS: 0.715, SPR: 0.695, RMSE: 0.594, (Best @ 8: {{0.681}}, 0.712, 0.691, 0.575)
[TEST]  QWK:  0.644, PRS: 0.684, SPR: 0.681, RMSE: 0.596 (Best @ 8: {{0.679}}, 0.709, 0.700, 0.558)
--------------------------------------------------------------------------------------------------------------------------
Epoch 11/50
Training one epoch in 29.912 s
[DEV]   QWK:  0.672, PRS: 0.718, SPR: 0.699, RMSE: 0.599, (Best @ 8: {{0.681}}, 0.712, 0.691, 0.575)
[TEST]  QWK:  0.667, PRS: 0.710, SPR: 0.693, RMSE: 0.582 (Best @ 8: {{0.679}}, 0.709, 0.700, 0.558)
--------------------------------------------------------------------------------------------------------------------------
Epoch 12/50
Training one epoch in 29.949 s
[DEV]   QWK:  0.661, PRS: 0.696, SPR: 0.667, RMSE: 0.585, (Best @ 8: {{0.681}}, 0.712, 0.691, 0.575)
[TEST]  QWK:  0.642, PRS: 0.691, SPR: 0.699, RMSE: 0.573 (Best @ 8: {{0.679}}, 0.709, 0.700, 0.558)
--------------------------------------------------------------------------------------------------------------------------
Epoch 13/50
Training one epoch in 29.830 s
[DEV]   QWK:  0.688, PRS: 0.714, SPR: 0.703, RMSE: 0.575, (Best @ 13: {{0.688}}, 0.714, 0.703, 0.575)
[TEST]  QWK:  0.684, PRS: 0.709, SPR: 0.705, RMSE: 0.568 (Best @ 13: {{0.684}}, 0.709, 0.705, 0.568)
--------------------------------------------------------------------------------------------------------------------------
Epoch 14/50
Training one epoch in 29.781 s
[DEV]   QWK:  0.680, PRS: 0.695, SPR: 0.669, RMSE: 0.580, (Best @ 13: {{0.688}}, 0.714, 0.703, 0.575)
[TEST]  QWK:  0.719, PRS: 0.729, SPR: 0.718, RMSE: 0.537 (Best @ 13: {{0.684}}, 0.709, 0.705, 0.568)
--------------------------------------------------------------------------------------------------------------------------
Epoch 15/50
Training one epoch in 29.892 s
[DEV]   QWK:  0.672, PRS: 0.691, SPR: 0.671, RMSE: 0.582, (Best @ 13: {{0.688}}, 0.714, 0.703, 0.575)
[TEST]  QWK:  0.695, PRS: 0.711, SPR: 0.721, RMSE: 0.548 (Best @ 13: {{0.684}}, 0.709, 0.705, 0.568)
--------------------------------------------------------------------------------------------------------------------------
Epoch 16/50
Training one epoch in 29.857 s
[DEV]   QWK:  0.701, PRS: 0.706, SPR: 0.693, RMSE: 0.592, (Best @ 16: {{0.701}}, 0.706, 0.693, 0.592)
[TEST]  QWK:  0.653, PRS: 0.658, SPR: 0.667, RMSE: 0.624 (Best @ 16: {{0.653}}, 0.658, 0.667, 0.624)
--------------------------------------------------------------------------------------------------------------------------
Epoch 17/50
Training one epoch in 29.836 s
[DEV]   QWK:  0.684, PRS: 0.694, SPR: 0.666, RMSE: 0.589, (Best @ 16: {{0.701}}, 0.706, 0.693, 0.592)
[TEST]  QWK:  0.713, PRS: 0.720, SPR: 0.721, RMSE: 0.548 (Best @ 16: {{0.653}}, 0.658, 0.667, 0.624)
--------------------------------------------------------------------------------------------------------------------------
Epoch 18/50
Training one epoch in 29.876 s
[DEV]   QWK:  0.676, PRS: 0.712, SPR: 0.687, RMSE: 0.577, (Best @ 16: {{0.701}}, 0.706, 0.693, 0.592)
[TEST]  QWK:  0.606, PRS: 0.636, SPR: 0.656, RMSE: 0.619 (Best @ 16: {{0.653}}, 0.658, 0.667, 0.624)
--------------------------------------------------------------------------------------------------------------------------
Epoch 19/50
Training one epoch in 29.863 s
[DEV]   QWK:  0.713, PRS: 0.725, SPR: 0.694, RMSE: 0.555, (Best @ 19: {{0.713}}, 0.725, 0.694, 0.555)
[TEST]  QWK:  0.694, PRS: 0.700, SPR: 0.691, RMSE: 0.568 (Best @ 19: {{0.694}}, 0.700, 0.691, 0.568)
--------------------------------------------------------------------------------------------------------------------------
Epoch 20/50
Training one epoch in 29.982 s
[DEV]   QWK:  0.681, PRS: 0.696, SPR: 0.677, RMSE: 0.585, (Best @ 19: {{0.713}}, 0.725, 0.694, 0.555)
[TEST]  QWK:  0.706, PRS: 0.721, SPR: 0.727, RMSE: 0.553 (Best @ 19: {{0.694}}, 0.700, 0.691, 0.568)
--------------------------------------------------------------------------------------------------------------------------
Epoch 21/50
Training one epoch in 29.828 s
[DEV]   QWK:  0.661, PRS: 0.701, SPR: 0.674, RMSE: 0.585, (Best @ 19: {{0.713}}, 0.725, 0.694, 0.555)
[TEST]  QWK:  0.625, PRS: 0.673, SPR: 0.687, RMSE: 0.587 (Best @ 19: {{0.694}}, 0.700, 0.691, 0.568)
--------------------------------------------------------------------------------------------------------------------------
Epoch 22/50
Training one epoch in 29.984 s
[DEV]   QWK:  0.668, PRS: 0.691, SPR: 0.670, RMSE: 0.580, (Best @ 19: {{0.713}}, 0.725, 0.694, 0.555)
[TEST]  QWK:  0.651, PRS: 0.670, SPR: 0.680, RMSE: 0.582 (Best @ 19: {{0.694}}, 0.700, 0.691, 0.568)
--------------------------------------------------------------------------------------------------------------------------
Epoch 23/50
Training one epoch in 29.848 s
[DEV]   QWK:  0.712, PRS: 0.727, SPR: 0.697, RMSE: 0.553, (Best @ 19: {{0.713}}, 0.725, 0.694, 0.555)
[TEST]  QWK:  0.701, PRS: 0.715, SPR: 0.709, RMSE: 0.548 (Best @ 19: {{0.694}}, 0.700, 0.691, 0.568)
--------------------------------------------------------------------------------------------------------------------------
Epoch 24/50
Training one epoch in 29.849 s
[DEV]   QWK:  0.688, PRS: 0.709, SPR: 0.690, RMSE: 0.565, (Best @ 19: {{0.713}}, 0.725, 0.694, 0.555)
[TEST]  QWK:  0.661, PRS: 0.683, SPR: 0.681, RMSE: 0.573 (Best @ 19: {{0.694}}, 0.700, 0.691, 0.568)
--------------------------------------------------------------------------------------------------------------------------
Epoch 25/50
Training one epoch in 29.851 s
[DEV]   QWK:  0.691, PRS: 0.707, SPR: 0.703, RMSE: 0.594, (Best @ 19: {{0.713}}, 0.725, 0.694, 0.555)
[TEST]  QWK:  0.667, PRS: 0.691, SPR: 0.704, RMSE: 0.606 (Best @ 19: {{0.694}}, 0.700, 0.691, 0.568)
--------------------------------------------------------------------------------------------------------------------------
Epoch 26/50
Training one epoch in 29.984 s
[DEV]   QWK:  0.678, PRS: 0.696, SPR: 0.660, RMSE: 0.585, (Best @ 19: {{0.713}}, 0.725, 0.694, 0.555)
[TEST]  QWK:  0.714, PRS: 0.727, SPR: 0.720, RMSE: 0.537 (Best @ 19: {{0.694}}, 0.700, 0.691, 0.568)
--------------------------------------------------------------------------------------------------------------------------
Epoch 27/50
Training one epoch in 29.943 s
[DEV]   QWK:  0.700, PRS: 0.739, SPR: 0.706, RMSE: 0.585, (Best @ 19: {{0.713}}, 0.725, 0.694, 0.555)
[TEST]  QWK:  0.655, PRS: 0.682, SPR: 0.687, RMSE: 0.615 (Best @ 19: {{0.694}}, 0.700, 0.691, 0.568)
--------------------------------------------------------------------------------------------------------------------------
Epoch 28/50
Training one epoch in 30.037 s
[DEV]   QWK:  0.672, PRS: 0.697, SPR: 0.681, RMSE: 0.596, (Best @ 19: {{0.713}}, 0.725, 0.694, 0.555)
[TEST]  QWK:  0.669, PRS: 0.697, SPR: 0.699, RMSE: 0.592 (Best @ 19: {{0.694}}, 0.700, 0.691, 0.568)
--------------------------------------------------------------------------------------------------------------------------
Epoch 29/50
Training one epoch in 30.028 s
[DEV]   QWK:  0.709, PRS: 0.720, SPR: 0.697, RMSE: 0.563, (Best @ 19: {{0.713}}, 0.725, 0.694, 0.555)
[TEST]  QWK:  0.711, PRS: 0.727, SPR: 0.726, RMSE: 0.543 (Best @ 19: {{0.694}}, 0.700, 0.691, 0.568)
--------------------------------------------------------------------------------------------------------------------------
Epoch 30/50
Training one epoch in 29.829 s
[DEV]   QWK:  0.713, PRS: 0.715, SPR: 0.690, RMSE: 0.582, (Best @ 19: {{0.713}}, 0.725, 0.694, 0.555)
[TEST]  QWK:  0.700, PRS: 0.700, SPR: 0.709, RMSE: 0.592 (Best @ 19: {{0.694}}, 0.700, 0.691, 0.568)
--------------------------------------------------------------------------------------------------------------------------
Epoch 31/50
Training one epoch in 30.050 s
[DEV]   QWK:  0.671, PRS: 0.687, SPR: 0.665, RMSE: 0.610, (Best @ 19: {{0.713}}, 0.725, 0.694, 0.555)
[TEST]  QWK:  0.662, PRS: 0.685, SPR: 0.686, RMSE: 0.610 (Best @ 19: {{0.694}}, 0.700, 0.691, 0.568)
--------------------------------------------------------------------------------------------------------------------------
Epoch 32/50
Training one epoch in 29.805 s
[DEV]   QWK:  0.695, PRS: 0.706, SPR: 0.677, RMSE: 0.575, (Best @ 19: {{0.713}}, 0.725, 0.694, 0.555)
[TEST]  QWK:  0.691, PRS: 0.702, SPR: 0.701, RMSE: 0.568 (Best @ 19: {{0.694}}, 0.700, 0.691, 0.568)
--------------------------------------------------------------------------------------------------------------------------
Epoch 33/50
Training one epoch in 29.891 s
[DEV]   QWK:  0.708, PRS: 0.718, SPR: 0.687, RMSE: 0.568, (Best @ 19: {{0.713}}, 0.725, 0.694, 0.555)
[TEST]  QWK:  0.678, PRS: 0.684, SPR: 0.680, RMSE: 0.582 (Best @ 19: {{0.694}}, 0.700, 0.691, 0.568)
--------------------------------------------------------------------------------------------------------------------------
Epoch 34/50
Training one epoch in 30.041 s
[DEV]   QWK:  0.692, PRS: 0.704, SPR: 0.670, RMSE: 0.575, (Best @ 19: {{0.713}}, 0.725, 0.694, 0.555)
[TEST]  QWK:  0.689, PRS: 0.702, SPR: 0.687, RMSE: 0.558 (Best @ 19: {{0.694}}, 0.700, 0.691, 0.568)
--------------------------------------------------------------------------------------------------------------------------
Epoch 35/50
Training one epoch in 29.924 s
[DEV]   QWK:  0.658, PRS: 0.688, SPR: 0.670, RMSE: 0.615, (Best @ 19: {{0.713}}, 0.725, 0.694, 0.555)
[TEST]  QWK:  0.634, PRS: 0.661, SPR: 0.661, RMSE: 0.628 (Best @ 19: {{0.694}}, 0.700, 0.691, 0.568)
--------------------------------------------------------------------------------------------------------------------------
Epoch 36/50
Training one epoch in 29.865 s
[DEV]   QWK:  0.722, PRS: 0.730, SPR: 0.696, RMSE: 0.565, (Best @ 36: {{0.722}}, 0.730, 0.696, 0.565)
[TEST]  QWK:  0.666, PRS: 0.668, SPR: 0.654, RMSE: 0.615 (Best @ 36: {{0.666}}, 0.668, 0.654, 0.615)
--------------------------------------------------------------------------------------------------------------------------
Epoch 37/50
Training one epoch in 29.918 s
[DEV]   QWK:  0.678, PRS: 0.695, SPR: 0.666, RMSE: 0.580, (Best @ 36: {{0.722}}, 0.730, 0.696, 0.565)
[TEST]  QWK:  0.680, PRS: 0.698, SPR: 0.702, RMSE: 0.563 (Best @ 36: {{0.666}}, 0.668, 0.654, 0.615)
--------------------------------------------------------------------------------------------------------------------------
Epoch 38/50
Training one epoch in 30.041 s
[DEV]   QWK:  0.718, PRS: 0.723, SPR: 0.697, RMSE: 0.568, (Best @ 36: {{0.722}}, 0.730, 0.696, 0.565)
[TEST]  QWK:  0.673, PRS: 0.676, SPR: 0.666, RMSE: 0.601 (Best @ 36: {{0.666}}, 0.668, 0.654, 0.615)
--------------------------------------------------------------------------------------------------------------------------
Epoch 39/50
Training one epoch in 30.006 s
[DEV]   QWK:  0.698, PRS: 0.702, SPR: 0.677, RMSE: 0.592, (Best @ 36: {{0.722}}, 0.730, 0.696, 0.565)
[TEST]  QWK:  0.682, PRS: 0.691, SPR: 0.691, RMSE: 0.587 (Best @ 36: {{0.666}}, 0.668, 0.654, 0.615)
--------------------------------------------------------------------------------------------------------------------------
Epoch 40/50
Training one epoch in 29.771 s
[DEV]   QWK:  0.686, PRS: 0.712, SPR: 0.670, RMSE: 0.589, (Best @ 36: {{0.722}}, 0.730, 0.696, 0.565)
[TEST]  QWK:  0.687, PRS: 0.700, SPR: 0.689, RMSE: 0.582 (Best @ 36: {{0.666}}, 0.668, 0.654, 0.615)
--------------------------------------------------------------------------------------------------------------------------
Epoch 41/50
Training one epoch in 30.007 s
[DEV]   QWK:  0.661, PRS: 0.672, SPR: 0.639, RMSE: 0.610, (Best @ 36: {{0.722}}, 0.730, 0.696, 0.565)
[TEST]  QWK:  0.693, PRS: 0.707, SPR: 0.711, RMSE: 0.563 (Best @ 36: {{0.666}}, 0.668, 0.654, 0.615)
--------------------------------------------------------------------------------------------------------------------------
Epoch 42/50
Training one epoch in 29.824 s
[DEV]   QWK:  0.659, PRS: 0.688, SPR: 0.667, RMSE: 0.587, (Best @ 36: {{0.722}}, 0.730, 0.696, 0.565)
[TEST]  QWK:  0.652, PRS: 0.675, SPR: 0.667, RMSE: 0.577 (Best @ 36: {{0.666}}, 0.668, 0.654, 0.615)
--------------------------------------------------------------------------------------------------------------------------
Epoch 43/50
Training one epoch in 29.615 s
[DEV]   QWK:  0.645, PRS: 0.666, SPR: 0.650, RMSE: 0.656, (Best @ 36: {{0.722}}, 0.730, 0.696, 0.565)
[TEST]  QWK:  0.665, PRS: 0.688, SPR: 0.696, RMSE: 0.641 (Best @ 36: {{0.666}}, 0.668, 0.654, 0.615)
--------------------------------------------------------------------------------------------------------------------------
Epoch 44/50
Training one epoch in 30.065 s
[DEV]   QWK:  0.663, PRS: 0.696, SPR: 0.658, RMSE: 0.596, (Best @ 36: {{0.722}}, 0.730, 0.696, 0.565)
[TEST]  QWK:  0.645, PRS: 0.665, SPR: 0.653, RMSE: 0.592 (Best @ 36: {{0.666}}, 0.668, 0.654, 0.615)
--------------------------------------------------------------------------------------------------------------------------
Epoch 45/50
Training one epoch in 29.971 s
[DEV]   QWK:  0.694, PRS: 0.708, SPR: 0.679, RMSE: 0.585, (Best @ 36: {{0.722}}, 0.730, 0.696, 0.565)
[TEST]  QWK:  0.656, PRS: 0.660, SPR: 0.647, RMSE: 0.619 (Best @ 36: {{0.666}}, 0.668, 0.654, 0.615)
--------------------------------------------------------------------------------------------------------------------------
Epoch 46/50
Training one epoch in 29.989 s
[DEV]   QWK:  0.687, PRS: 0.708, SPR: 0.674, RMSE: 0.589, (Best @ 36: {{0.722}}, 0.730, 0.696, 0.565)
[TEST]  QWK:  0.661, PRS: 0.672, SPR: 0.656, RMSE: 0.601 (Best @ 36: {{0.666}}, 0.668, 0.654, 0.615)
--------------------------------------------------------------------------------------------------------------------------
Epoch 47/50
Training one epoch in 30.105 s
[DEV]   QWK:  0.666, PRS: 0.702, SPR: 0.660, RMSE: 0.624, (Best @ 36: {{0.722}}, 0.730, 0.696, 0.565)
[TEST]  QWK:  0.669, PRS: 0.696, SPR: 0.689, RMSE: 0.615 (Best @ 36: {{0.666}}, 0.668, 0.654, 0.615)
--------------------------------------------------------------------------------------------------------------------------
Epoch 48/50
Training one epoch in 29.972 s
[DEV]   QWK:  0.673, PRS: 0.709, SPR: 0.680, RMSE: 0.654, (Best @ 36: {{0.722}}, 0.730, 0.696, 0.565)
[TEST]  QWK:  0.652, PRS: 0.676, SPR: 0.682, RMSE: 0.658 (Best @ 36: {{0.666}}, 0.668, 0.654, 0.615)
--------------------------------------------------------------------------------------------------------------------------
Epoch 49/50
Training one epoch in 30.017 s
[DEV]   QWK:  0.693, PRS: 0.698, SPR: 0.671, RMSE: 0.592, (Best @ 36: {{0.722}}, 0.730, 0.696, 0.565)
[TEST]  QWK:  0.661, PRS: 0.664, SPR: 0.658, RMSE: 0.615 (Best @ 36: {{0.666}}, 0.668, 0.654, 0.615)
--------------------------------------------------------------------------------------------------------------------------
Epoch 50/50
Training one epoch in 30.073 s
[DEV]   QWK:  0.678, PRS: 0.691, SPR: 0.656, RMSE: 0.589, (Best @ 36: {{0.722}}, 0.730, 0.696, 0.565)
[TEST]  QWK:  0.663, PRS: 0.672, SPR: 0.674, RMSE: 0.596 (Best @ 36: {{0.666}}, 0.668, 0.654, 0.615)
--------------------------------------------------------------------------------------------------------------------------
X_train shape: (1260, 4400)
Initial evaluation: 
[DEV]   QWK:  0.000, PRS: 0.000, SPR: 0.000, RMSE: 0.994, (Best @ -1: {{0.000}}, 0.000, 0.000, 0.994)
[TEST]  QWK:  0.000, PRS: 0.000, SPR: 0.000, RMSE: 0.978 (Best @ -1: {{0.000}}, 0.000, 0.000, 0.978)
--------------------------------------------------------------------------------------------------------------------------
Train model
Epoch 1/50
Training one epoch in 31.658 s
[DEV]   QWK:  0.546, PRS: 0.650, SPR: 0.614, RMSE: 0.685, (Best @ 1: {{0.546}}, 0.650, 0.614, 0.685)
[TEST]  QWK:  0.508, PRS: 0.613, SPR: 0.579, RMSE: 0.691 (Best @ 1: {{0.508}}, 0.613, 0.579, 0.691)
--------------------------------------------------------------------------------------------------------------------------
Epoch 2/50
Training one epoch in 29.874 s
[DEV]   QWK:  0.556, PRS: 0.596, SPR: 0.567, RMSE: 0.650, (Best @ 2: {{0.556}}, 0.596, 0.567, 0.650)
[TEST]  QWK:  0.601, PRS: 0.651, SPR: 0.656, RMSE: 0.587 (Best @ 2: {{0.601}}, 0.651, 0.656, 0.587)
--------------------------------------------------------------------------------------------------------------------------
Epoch 3/50
Training one epoch in 30.012 s
[DEV]   QWK:  0.589, PRS: 0.629, SPR: 0.594, RMSE: 0.632, (Best @ 3: {{0.589}}, 0.629, 0.594, 0.632)
[TEST]  QWK:  0.601, PRS: 0.650, SPR: 0.653, RMSE: 0.592 (Best @ 3: {{0.601}}, 0.650, 0.653, 0.592)
--------------------------------------------------------------------------------------------------------------------------
Epoch 4/50
Training one epoch in 29.916 s
[DEV]   QWK:  0.572, PRS: 0.664, SPR: 0.654, RMSE: 0.648, (Best @ 3: {{0.589}}, 0.629, 0.594, 0.632)
[TEST]  QWK:  0.591, PRS: 0.670, SPR: 0.669, RMSE: 0.624 (Best @ 3: {{0.601}}, 0.650, 0.653, 0.592)
--------------------------------------------------------------------------------------------------------------------------
Epoch 5/50
Training one epoch in 29.545 s
[DEV]   QWK:  0.664, PRS: 0.701, SPR: 0.679, RMSE: 0.580, (Best @ 5: {{0.664}}, 0.701, 0.679, 0.580)
[TEST]  QWK:  0.594, PRS: 0.636, SPR: 0.634, RMSE: 0.601 (Best @ 5: {{0.594}}, 0.636, 0.634, 0.601)
--------------------------------------------------------------------------------------------------------------------------
Epoch 6/50
Training one epoch in 29.981 s
[DEV]   QWK:  0.674, PRS: 0.702, SPR: 0.677, RMSE: 0.575, (Best @ 6: {{0.674}}, 0.702, 0.677, 0.575)
[TEST]  QWK:  0.639, PRS: 0.671, SPR: 0.675, RMSE: 0.577 (Best @ 6: {{0.639}}, 0.671, 0.675, 0.577)
--------------------------------------------------------------------------------------------------------------------------
Epoch 7/50
Training one epoch in 29.585 s
[DEV]   QWK:  0.686, PRS: 0.695, SPR: 0.655, RMSE: 0.599, (Best @ 7: {{0.686}}, 0.695, 0.655, 0.599)
[TEST]  QWK:  0.706, PRS: 0.715, SPR: 0.715, RMSE: 0.568 (Best @ 7: {{0.706}}, 0.715, 0.715, 0.568)
--------------------------------------------------------------------------------------------------------------------------
Epoch 8/50
Training one epoch in 29.963 s
[DEV]   QWK:  0.681, PRS: 0.712, SPR: 0.691, RMSE: 0.575, (Best @ 7: {{0.686}}, 0.695, 0.655, 0.599)
[TEST]  QWK:  0.685, PRS: 0.714, SPR: 0.707, RMSE: 0.553 (Best @ 7: {{0.706}}, 0.715, 0.715, 0.568)
--------------------------------------------------------------------------------------------------------------------------
Epoch 9/50
Training one epoch in 29.905 s
[DEV]   QWK:  0.669, PRS: 0.697, SPR: 0.665, RMSE: 0.587, (Best @ 7: {{0.686}}, 0.695, 0.655, 0.599)
[TEST]  QWK:  0.667, PRS: 0.695, SPR: 0.705, RMSE: 0.568 (Best @ 7: {{0.706}}, 0.715, 0.715, 0.568)
--------------------------------------------------------------------------------------------------------------------------
Epoch 10/50
Training one epoch in 29.763 s
[DEV]   QWK:  0.658, PRS: 0.710, SPR: 0.691, RMSE: 0.603, (Best @ 7: {{0.686}}, 0.695, 0.655, 0.599)
[TEST]  QWK:  0.609, PRS: 0.649, SPR: 0.649, RMSE: 0.628 (Best @ 7: {{0.706}}, 0.715, 0.715, 0.568)
--------------------------------------------------------------------------------------------------------------------------
Epoch 11/50
Training one epoch in 29.976 s
[DEV]   QWK:  0.666, PRS: 0.703, SPR: 0.683, RMSE: 0.608, (Best @ 7: {{0.686}}, 0.695, 0.655, 0.599)
[TEST]  QWK:  0.675, PRS: 0.716, SPR: 0.708, RMSE: 0.573 (Best @ 7: {{0.706}}, 0.715, 0.715, 0.568)
--------------------------------------------------------------------------------------------------------------------------
Epoch 12/50
Training one epoch in 29.685 s
[DEV]   QWK:  0.659, PRS: 0.696, SPR: 0.666, RMSE: 0.587, (Best @ 7: {{0.686}}, 0.695, 0.655, 0.599)
[TEST]  QWK:  0.625, PRS: 0.661, SPR: 0.669, RMSE: 0.596 (Best @ 7: {{0.706}}, 0.715, 0.715, 0.568)
--------------------------------------------------------------------------------------------------------------------------
Epoch 13/50
Training one epoch in 29.990 s
[DEV]   QWK:  0.689, PRS: 0.712, SPR: 0.700, RMSE: 0.575, (Best @ 13: {{0.689}}, 0.712, 0.700, 0.575)
[TEST]  QWK:  0.679, PRS: 0.702, SPR: 0.696, RMSE: 0.573 (Best @ 13: {{0.679}}, 0.702, 0.696, 0.573)
--------------------------------------------------------------------------------------------------------------------------
Epoch 14/50
Training one epoch in 29.848 s
[DEV]   QWK:  0.690, PRS: 0.705, SPR: 0.680, RMSE: 0.573, (Best @ 14: {{0.690}}, 0.705, 0.680, 0.573)
[TEST]  QWK:  0.735, PRS: 0.744, SPR: 0.745, RMSE: 0.522 (Best @ 14: {{0.735}}, 0.744, 0.745, 0.522)
--------------------------------------------------------------------------------------------------------------------------
Epoch 15/50
Training one epoch in 29.722 s
[DEV]   QWK:  0.673, PRS: 0.695, SPR: 0.673, RMSE: 0.577, (Best @ 14: {{0.690}}, 0.705, 0.680, 0.573)
[TEST]  QWK:  0.703, PRS: 0.722, SPR: 0.731, RMSE: 0.537 (Best @ 14: {{0.735}}, 0.744, 0.745, 0.522)
--------------------------------------------------------------------------------------------------------------------------
Epoch 16/50
Training one epoch in 30.005 s
[DEV]   QWK:  0.717, PRS: 0.722, SPR: 0.688, RMSE: 0.570, (Best @ 16: {{0.717}}, 0.722, 0.688, 0.570)
[TEST]  QWK:  0.714, PRS: 0.718, SPR: 0.716, RMSE: 0.558 (Best @ 16: {{0.714}}, 0.718, 0.716, 0.558)
--------------------------------------------------------------------------------------------------------------------------
Epoch 17/50
Training one epoch in 29.945 s
[DEV]   QWK:  0.698, PRS: 0.706, SPR: 0.682, RMSE: 0.577, (Best @ 16: {{0.717}}, 0.722, 0.688, 0.570)
[TEST]  QWK:  0.704, PRS: 0.709, SPR: 0.709, RMSE: 0.563 (Best @ 16: {{0.714}}, 0.718, 0.716, 0.558)
--------------------------------------------------------------------------------------------------------------------------
Epoch 18/50
Training one epoch in 29.792 s
[DEV]   QWK:  0.684, PRS: 0.695, SPR: 0.672, RMSE: 0.585, (Best @ 16: {{0.717}}, 0.722, 0.688, 0.570)
[TEST]  QWK:  0.674, PRS: 0.680, SPR: 0.691, RMSE: 0.587 (Best @ 16: {{0.714}}, 0.718, 0.716, 0.558)
--------------------------------------------------------------------------------------------------------------------------
Epoch 19/50
Training one epoch in 29.699 s
[DEV]   QWK:  0.691, PRS: 0.703, SPR: 0.676, RMSE: 0.577, (Best @ 16: {{0.717}}, 0.722, 0.688, 0.570)
[TEST]  QWK:  0.699, PRS: 0.706, SPR: 0.700, RMSE: 0.563 (Best @ 16: {{0.714}}, 0.718, 0.716, 0.558)
--------------------------------------------------------------------------------------------------------------------------
Epoch 20/50
Training one epoch in 29.690 s
[DEV]   QWK:  0.697, PRS: 0.708, SPR: 0.690, RMSE: 0.575, (Best @ 16: {{0.717}}, 0.722, 0.688, 0.570)
[TEST]  QWK:  0.688, PRS: 0.701, SPR: 0.703, RMSE: 0.573 (Best @ 16: {{0.714}}, 0.718, 0.716, 0.558)
--------------------------------------------------------------------------------------------------------------------------
Epoch 21/50
Training one epoch in 30.000 s
[DEV]   QWK:  0.669, PRS: 0.706, SPR: 0.680, RMSE: 0.582, (Best @ 16: {{0.717}}, 0.722, 0.688, 0.570)
[TEST]  QWK:  0.626, PRS: 0.664, SPR: 0.673, RMSE: 0.596 (Best @ 16: {{0.714}}, 0.718, 0.716, 0.558)
--------------------------------------------------------------------------------------------------------------------------
Epoch 22/50
Training one epoch in 29.765 s
[DEV]   QWK:  0.678, PRS: 0.702, SPR: 0.686, RMSE: 0.573, (Best @ 16: {{0.717}}, 0.722, 0.688, 0.570)
[TEST]  QWK:  0.690, PRS: 0.712, SPR: 0.714, RMSE: 0.553 (Best @ 16: {{0.714}}, 0.718, 0.716, 0.558)
--------------------------------------------------------------------------------------------------------------------------
Epoch 23/50
Training one epoch in 29.725 s
[DEV]   QWK:  0.672, PRS: 0.695, SPR: 0.678, RMSE: 0.577, (Best @ 16: {{0.717}}, 0.722, 0.688, 0.570)
[TEST]  QWK:  0.685, PRS: 0.706, SPR: 0.712, RMSE: 0.553 (Best @ 16: {{0.714}}, 0.718, 0.716, 0.558)
--------------------------------------------------------------------------------------------------------------------------
Epoch 24/50
Training one epoch in 29.903 s
[DEV]   QWK:  0.682, PRS: 0.702, SPR: 0.685, RMSE: 0.575, (Best @ 16: {{0.717}}, 0.722, 0.688, 0.570)
[TEST]  QWK:  0.684, PRS: 0.706, SPR: 0.705, RMSE: 0.563 (Best @ 16: {{0.714}}, 0.718, 0.716, 0.558)
--------------------------------------------------------------------------------------------------------------------------
Epoch 25/50
Training one epoch in 29.999 s
[DEV]   QWK:  0.670, PRS: 0.699, SPR: 0.694, RMSE: 0.626, (Best @ 16: {{0.717}}, 0.722, 0.688, 0.570)
[TEST]  QWK:  0.661, PRS: 0.686, SPR: 0.696, RMSE: 0.619 (Best @ 16: {{0.714}}, 0.718, 0.716, 0.558)
--------------------------------------------------------------------------------------------------------------------------
Epoch 26/50
Training one epoch in 30.042 s
[DEV]   QWK:  0.677, PRS: 0.698, SPR: 0.670, RMSE: 0.577, (Best @ 16: {{0.717}}, 0.722, 0.688, 0.570)
[TEST]  QWK:  0.690, PRS: 0.706, SPR: 0.704, RMSE: 0.553 (Best @ 16: {{0.714}}, 0.718, 0.716, 0.558)
--------------------------------------------------------------------------------------------------------------------------
Epoch 27/50
Training one epoch in 29.765 s
[DEV]   QWK:  0.690, PRS: 0.728, SPR: 0.695, RMSE: 0.596, (Best @ 16: {{0.717}}, 0.722, 0.688, 0.570)
[TEST]  QWK:  0.684, PRS: 0.713, SPR: 0.717, RMSE: 0.592 (Best @ 16: {{0.714}}, 0.718, 0.716, 0.558)
--------------------------------------------------------------------------------------------------------------------------
Epoch 28/50
Training one epoch in 29.817 s
[DEV]   QWK:  0.683, PRS: 0.700, SPR: 0.682, RMSE: 0.589, (Best @ 16: {{0.717}}, 0.722, 0.688, 0.570)
[TEST]  QWK:  0.698, PRS: 0.722, SPR: 0.726, RMSE: 0.558 (Best @ 16: {{0.714}}, 0.718, 0.716, 0.558)
--------------------------------------------------------------------------------------------------------------------------
Epoch 29/50
Training one epoch in 30.049 s
[DEV]   QWK:  0.707, PRS: 0.718, SPR: 0.697, RMSE: 0.565, (Best @ 16: {{0.717}}, 0.722, 0.688, 0.570)
[TEST]  QWK:  0.713, PRS: 0.732, SPR: 0.727, RMSE: 0.537 (Best @ 16: {{0.714}}, 0.718, 0.716, 0.558)
--------------------------------------------------------------------------------------------------------------------------
Epoch 30/50
Training one epoch in 29.899 s
[DEV]   QWK:  0.714, PRS: 0.717, SPR: 0.692, RMSE: 0.577, (Best @ 16: {{0.717}}, 0.722, 0.688, 0.570)
[TEST]  QWK:  0.709, PRS: 0.711, SPR: 0.712, RMSE: 0.573 (Best @ 16: {{0.714}}, 0.718, 0.716, 0.558)
--------------------------------------------------------------------------------------------------------------------------
Epoch 31/50
Training one epoch in 29.877 s
[DEV]   QWK:  0.637, PRS: 0.680, SPR: 0.664, RMSE: 0.632, (Best @ 16: {{0.717}}, 0.722, 0.688, 0.570)
[TEST]  QWK:  0.608, PRS: 0.649, SPR: 0.641, RMSE: 0.650 (Best @ 16: {{0.714}}, 0.718, 0.716, 0.558)
--------------------------------------------------------------------------------------------------------------------------
Epoch 32/50
Training one epoch in 29.900 s
[DEV]   QWK:  0.706, PRS: 0.714, SPR: 0.684, RMSE: 0.570, (Best @ 16: {{0.717}}, 0.722, 0.688, 0.570)
[TEST]  QWK:  0.682, PRS: 0.690, SPR: 0.691, RMSE: 0.577 (Best @ 16: {{0.714}}, 0.718, 0.716, 0.558)
--------------------------------------------------------------------------------------------------------------------------
Epoch 33/50
Training one epoch in 30.198 s
[DEV]   QWK:  0.682, PRS: 0.700, SPR: 0.677, RMSE: 0.575, (Best @ 16: {{0.717}}, 0.722, 0.688, 0.570)
[TEST]  QWK:  0.682, PRS: 0.703, SPR: 0.704, RMSE: 0.558 (Best @ 16: {{0.714}}, 0.718, 0.716, 0.558)
--------------------------------------------------------------------------------------------------------------------------
Epoch 34/50
Training one epoch in 30.079 s
[DEV]   QWK:  0.690, PRS: 0.702, SPR: 0.686, RMSE: 0.577, (Best @ 16: {{0.717}}, 0.722, 0.688, 0.570)
[TEST]  QWK:  0.710, PRS: 0.721, SPR: 0.710, RMSE: 0.548 (Best @ 16: {{0.714}}, 0.718, 0.716, 0.558)
--------------------------------------------------------------------------------------------------------------------------
Epoch 35/50
Training one epoch in 29.911 s
[DEV]   QWK:  0.645, PRS: 0.680, SPR: 0.658, RMSE: 0.632, (Best @ 16: {{0.717}}, 0.722, 0.688, 0.570)
[TEST]  QWK:  0.637, PRS: 0.673, SPR: 0.671, RMSE: 0.632 (Best @ 16: {{0.714}}, 0.718, 0.716, 0.558)
--------------------------------------------------------------------------------------------------------------------------
Epoch 36/50
Training one epoch in 30.056 s
[DEV]   QWK:  0.730, PRS: 0.735, SPR: 0.703, RMSE: 0.560, (Best @ 36: {{0.730}}, 0.735, 0.703, 0.560)
[TEST]  QWK:  0.666, PRS: 0.668, SPR: 0.655, RMSE: 0.615 (Best @ 36: {{0.666}}, 0.668, 0.655, 0.615)
--------------------------------------------------------------------------------------------------------------------------
Epoch 37/50
Training one epoch in 30.101 s
[DEV]   QWK:  0.681, PRS: 0.699, SPR: 0.666, RMSE: 0.577, (Best @ 36: {{0.730}}, 0.735, 0.703, 0.560)
[TEST]  QWK:  0.653, PRS: 0.664, SPR: 0.661, RMSE: 0.592 (Best @ 36: {{0.666}}, 0.668, 0.655, 0.615)
--------------------------------------------------------------------------------------------------------------------------
Epoch 38/50
Training one epoch in 30.071 s
[DEV]   QWK:  0.717, PRS: 0.725, SPR: 0.702, RMSE: 0.560, (Best @ 36: {{0.730}}, 0.735, 0.703, 0.560)
[TEST]  QWK:  0.697, PRS: 0.707, SPR: 0.696, RMSE: 0.563 (Best @ 36: {{0.666}}, 0.668, 0.655, 0.615)
--------------------------------------------------------------------------------------------------------------------------
Epoch 39/50
Training one epoch in 30.085 s
[DEV]   QWK:  0.702, PRS: 0.718, SPR: 0.690, RMSE: 0.560, (Best @ 36: {{0.730}}, 0.735, 0.703, 0.560)
[TEST]  QWK:  0.670, PRS: 0.685, SPR: 0.686, RMSE: 0.573 (Best @ 36: {{0.666}}, 0.668, 0.655, 0.615)
--------------------------------------------------------------------------------------------------------------------------
Epoch 40/50
Training one epoch in 29.884 s
[DEV]   QWK:  0.691, PRS: 0.716, SPR: 0.681, RMSE: 0.577, (Best @ 36: {{0.730}}, 0.735, 0.703, 0.560)
[TEST]  QWK:  0.693, PRS: 0.704, SPR: 0.700, RMSE: 0.568 (Best @ 36: {{0.666}}, 0.668, 0.655, 0.615)
--------------------------------------------------------------------------------------------------------------------------
Epoch 41/50
Training one epoch in 30.136 s
[DEV]   QWK:  0.683, PRS: 0.694, SPR: 0.665, RMSE: 0.592, (Best @ 36: {{0.730}}, 0.735, 0.703, 0.560)
[TEST]  QWK:  0.665, PRS: 0.679, SPR: 0.696, RMSE: 0.601 (Best @ 36: {{0.666}}, 0.668, 0.655, 0.615)
--------------------------------------------------------------------------------------------------------------------------
Epoch 42/50
Training one epoch in 30.019 s
[DEV]   QWK:  0.675, PRS: 0.694, SPR: 0.664, RMSE: 0.580, (Best @ 36: {{0.730}}, 0.735, 0.703, 0.560)
[TEST]  QWK:  0.652, PRS: 0.666, SPR: 0.664, RMSE: 0.587 (Best @ 36: {{0.666}}, 0.668, 0.655, 0.615)
--------------------------------------------------------------------------------------------------------------------------
Epoch 43/50
Training one epoch in 29.864 s
[DEV]   QWK:  0.710, PRS: 0.710, SPR: 0.696, RMSE: 0.606, (Best @ 36: {{0.730}}, 0.735, 0.703, 0.560)
[TEST]  QWK:  0.678, PRS: 0.681, SPR: 0.692, RMSE: 0.645 (Best @ 36: {{0.666}}, 0.668, 0.655, 0.615)
--------------------------------------------------------------------------------------------------------------------------
Epoch 44/50
Training one epoch in 29.882 s
[DEV]   QWK:  0.665, PRS: 0.693, SPR: 0.650, RMSE: 0.615, (Best @ 36: {{0.730}}, 0.735, 0.703, 0.560)
[TEST]  QWK:  0.684, PRS: 0.695, SPR: 0.696, RMSE: 0.596 (Best @ 36: {{0.666}}, 0.668, 0.655, 0.615)
--------------------------------------------------------------------------------------------------------------------------
Epoch 45/50
Training one epoch in 30.177 s
[DEV]   QWK:  0.652, PRS: 0.667, SPR: 0.650, RMSE: 0.645, (Best @ 36: {{0.730}}, 0.735, 0.703, 0.560)
[TEST]  QWK:  0.658, PRS: 0.674, SPR: 0.679, RMSE: 0.632 (Best @ 36: {{0.666}}, 0.668, 0.655, 0.615)
--------------------------------------------------------------------------------------------------------------------------
Epoch 46/50
Training one epoch in 30.105 s
[DEV]   QWK:  0.701, PRS: 0.716, SPR: 0.683, RMSE: 0.582, (Best @ 36: {{0.730}}, 0.735, 0.703, 0.560)
[TEST]  QWK:  0.668, PRS: 0.673, SPR: 0.663, RMSE: 0.606 (Best @ 36: {{0.666}}, 0.668, 0.655, 0.615)
--------------------------------------------------------------------------------------------------------------------------
Epoch 47/50
Training one epoch in 30.163 s
[DEV]   QWK:  0.676, PRS: 0.705, SPR: 0.666, RMSE: 0.619, (Best @ 36: {{0.730}}, 0.735, 0.703, 0.560)
[TEST]  QWK:  0.653, PRS: 0.678, SPR: 0.670, RMSE: 0.632 (Best @ 36: {{0.666}}, 0.668, 0.655, 0.615)
--------------------------------------------------------------------------------------------------------------------------
Epoch 48/50
Training one epoch in 30.105 s
[DEV]   QWK:  0.707, PRS: 0.723, SPR: 0.688, RMSE: 0.599, (Best @ 36: {{0.730}}, 0.735, 0.703, 0.560)
[TEST]  QWK:  0.677, PRS: 0.685, SPR: 0.685, RMSE: 0.632 (Best @ 36: {{0.666}}, 0.668, 0.655, 0.615)
--------------------------------------------------------------------------------------------------------------------------
Epoch 49/50
Training one epoch in 30.008 s
[DEV]   QWK:  0.667, PRS: 0.676, SPR: 0.642, RMSE: 0.617, (Best @ 36: {{0.730}}, 0.735, 0.703, 0.560)
[TEST]  QWK:  0.694, PRS: 0.703, SPR: 0.712, RMSE: 0.587 (Best @ 36: {{0.666}}, 0.668, 0.655, 0.615)
--------------------------------------------------------------------------------------------------------------------------
Epoch 50/50
Training one epoch in 30.100 s
[DEV]   QWK:  0.702, PRS: 0.710, SPR: 0.680, RMSE: 0.575, (Best @ 36: {{0.730}}, 0.735, 0.703, 0.560)
[TEST]  QWK:  0.682, PRS: 0.687, SPR: 0.680, RMSE: 0.582 (Best @ 36: {{0.666}}, 0.668, 0.655, 0.615)
--------------------------------------------------------------------------------------------------------------------------
