X_train shape: (1099, 3350)
Initial evaluation: 
[DEV]   QWK:  0.000, PRS: 0.000, SPR: 0.000, RMSE: 4.475, (Best @ -1: {{0.000}}, 0.000, 0.000, 4.475)
[TEST]  QWK:  0.000, PRS: 0.000, SPR: 0.000, RMSE: 4.738 (Best @ -1: {{0.000}}, 0.000, 0.000, 4.738)
--------------------------------------------------------------------------------------------------------------------------
Train model
Epoch 1/50
Training one epoch in 25.099 s
[DEV]   QWK:  0.540, PRS: 0.778, SPR: 0.782, RMSE: 4.163, (Best @ 1: {{0.540}}, 0.778, 0.782, 4.163)
[TEST]  QWK:  0.580, PRS: 0.787, SPR: 0.787, RMSE: 4.241 (Best @ 1: {{0.580}}, 0.787, 0.787, 4.241)
--------------------------------------------------------------------------------------------------------------------------
Epoch 2/50
Training one epoch in 22.093 s
[DEV]   QWK:  0.735, PRS: 0.789, SPR: 0.800, RMSE: 2.833, (Best @ 2: {{0.735}}, 0.789, 0.800, 2.833)
[TEST]  QWK:  0.714, PRS: 0.782, SPR: 0.771, RMSE: 3.147 (Best @ 2: {{0.714}}, 0.782, 0.771, 3.147)
--------------------------------------------------------------------------------------------------------------------------
Epoch 3/50
Training one epoch in 22.010 s
[DEV]   QWK:  0.735, PRS: 0.800, SPR: 0.813, RMSE: 2.789, (Best @ 2: {{0.735}}, 0.789, 0.800, 2.833)
[TEST]  QWK:  0.738, PRS: 0.804, SPR: 0.797, RMSE: 2.923 (Best @ 2: {{0.714}}, 0.782, 0.771, 3.147)
--------------------------------------------------------------------------------------------------------------------------
Epoch 4/50
Training one epoch in 21.964 s
[DEV]   QWK:  0.762, PRS: 0.794, SPR: 0.807, RMSE: 2.735, (Best @ 4: {{0.762}}, 0.794, 0.807, 2.735)
[TEST]  QWK:  0.760, PRS: 0.794, SPR: 0.788, RMSE: 2.863 (Best @ 4: {{0.760}}, 0.794, 0.788, 2.863)
--------------------------------------------------------------------------------------------------------------------------
Epoch 5/50
Training one epoch in 22.045 s
[DEV]   QWK:  0.776, PRS: 0.798, SPR: 0.813, RMSE: 2.781, (Best @ 5: {{0.776}}, 0.798, 0.813, 2.781)
[TEST]  QWK:  0.762, PRS: 0.783, SPR: 0.784, RMSE: 2.953 (Best @ 5: {{0.762}}, 0.783, 0.784, 2.953)
--------------------------------------------------------------------------------------------------------------------------
Epoch 6/50
Training one epoch in 22.043 s
[DEV]   QWK:  0.796, PRS: 0.803, SPR: 0.815, RMSE: 2.591, (Best @ 6: {{0.796}}, 0.803, 0.815, 2.591)
[TEST]  QWK:  0.776, PRS: 0.788, SPR: 0.790, RMSE: 2.858 (Best @ 6: {{0.776}}, 0.788, 0.790, 2.858)
--------------------------------------------------------------------------------------------------------------------------
Epoch 7/50
Training one epoch in 21.908 s
[DEV]   QWK:  0.788, PRS: 0.802, SPR: 0.812, RMSE: 2.566, (Best @ 6: {{0.796}}, 0.803, 0.815, 2.591)
[TEST]  QWK:  0.759, PRS: 0.786, SPR: 0.782, RMSE: 2.873 (Best @ 6: {{0.776}}, 0.788, 0.790, 2.858)
--------------------------------------------------------------------------------------------------------------------------
Epoch 8/50
Training one epoch in 22.031 s
[DEV]   QWK:  0.773, PRS: 0.809, SPR: 0.817, RMSE: 2.544, (Best @ 6: {{0.796}}, 0.803, 0.815, 2.591)
[TEST]  QWK:  0.756, PRS: 0.798, SPR: 0.796, RMSE: 2.814 (Best @ 6: {{0.776}}, 0.788, 0.790, 2.858)
--------------------------------------------------------------------------------------------------------------------------
Epoch 9/50
Training one epoch in 22.087 s
[DEV]   QWK:  0.780, PRS: 0.799, SPR: 0.813, RMSE: 2.598, (Best @ 6: {{0.796}}, 0.803, 0.815, 2.591)
[TEST]  QWK:  0.762, PRS: 0.794, SPR: 0.797, RMSE: 2.864 (Best @ 6: {{0.776}}, 0.788, 0.790, 2.858)
--------------------------------------------------------------------------------------------------------------------------
Epoch 10/50
Training one epoch in 22.018 s
[DEV]   QWK:  0.692, PRS: 0.797, SPR: 0.803, RMSE: 3.283, (Best @ 6: {{0.796}}, 0.803, 0.815, 2.591)
[TEST]  QWK:  0.712, PRS: 0.803, SPR: 0.796, RMSE: 3.288 (Best @ 6: {{0.776}}, 0.788, 0.790, 2.858)
--------------------------------------------------------------------------------------------------------------------------
Epoch 11/50
Training one epoch in 22.023 s
[DEV]   QWK:  0.776, PRS: 0.808, SPR: 0.816, RMSE: 2.602, (Best @ 6: {{0.796}}, 0.803, 0.815, 2.591)
[TEST]  QWK:  0.770, PRS: 0.805, SPR: 0.800, RMSE: 2.790 (Best @ 6: {{0.776}}, 0.788, 0.790, 2.858)
--------------------------------------------------------------------------------------------------------------------------
Epoch 12/50
Training one epoch in 21.987 s
[DEV]   QWK:  0.778, PRS: 0.796, SPR: 0.812, RMSE: 2.675, (Best @ 6: {{0.796}}, 0.803, 0.815, 2.591)
[TEST]  QWK:  0.774, PRS: 0.804, SPR: 0.808, RMSE: 2.842 (Best @ 6: {{0.776}}, 0.788, 0.790, 2.858)
--------------------------------------------------------------------------------------------------------------------------
Epoch 13/50
Training one epoch in 22.054 s
[DEV]   QWK:  0.791, PRS: 0.801, SPR: 0.809, RMSE: 2.627, (Best @ 6: {{0.796}}, 0.803, 0.815, 2.591)
[TEST]  QWK:  0.798, PRS: 0.810, SPR: 0.806, RMSE: 2.729 (Best @ 6: {{0.776}}, 0.788, 0.790, 2.858)
--------------------------------------------------------------------------------------------------------------------------
Epoch 14/50
Training one epoch in 22.016 s
[DEV]   QWK:  0.767, PRS: 0.806, SPR: 0.812, RMSE: 2.591, (Best @ 6: {{0.796}}, 0.803, 0.815, 2.591)
[TEST]  QWK:  0.775, PRS: 0.819, SPR: 0.810, RMSE: 2.709 (Best @ 6: {{0.776}}, 0.788, 0.790, 2.858)
--------------------------------------------------------------------------------------------------------------------------
Epoch 15/50
Training one epoch in 22.089 s
[DEV]   QWK:  0.799, PRS: 0.804, SPR: 0.814, RMSE: 2.581, (Best @ 15: {{0.799}}, 0.804, 0.814, 2.581)
[TEST]  QWK:  0.808, PRS: 0.817, SPR: 0.811, RMSE: 2.681 (Best @ 15: {{0.808}}, 0.817, 0.811, 2.681)
--------------------------------------------------------------------------------------------------------------------------
Epoch 16/50
Training one epoch in 22.066 s
[DEV]   QWK:  0.795, PRS: 0.810, SPR: 0.817, RMSE: 2.526, (Best @ 15: {{0.799}}, 0.804, 0.814, 2.581)
[TEST]  QWK:  0.810, PRS: 0.829, SPR: 0.823, RMSE: 2.605 (Best @ 15: {{0.808}}, 0.817, 0.811, 2.681)
--------------------------------------------------------------------------------------------------------------------------
Epoch 17/50
Training one epoch in 21.988 s
[DEV]   QWK:  0.784, PRS: 0.796, SPR: 0.804, RMSE: 2.659, (Best @ 15: {{0.799}}, 0.804, 0.814, 2.581)
[TEST]  QWK:  0.802, PRS: 0.818, SPR: 0.810, RMSE: 2.710 (Best @ 15: {{0.808}}, 0.817, 0.811, 2.681)
--------------------------------------------------------------------------------------------------------------------------
Epoch 18/50
Training one epoch in 22.059 s
[DEV]   QWK:  0.784, PRS: 0.800, SPR: 0.811, RMSE: 2.603, (Best @ 15: {{0.799}}, 0.804, 0.814, 2.581)
[TEST]  QWK:  0.804, PRS: 0.820, SPR: 0.809, RMSE: 2.660 (Best @ 15: {{0.808}}, 0.817, 0.811, 2.681)
--------------------------------------------------------------------------------------------------------------------------
Epoch 19/50
Training one epoch in 22.030 s
[DEV]   QWK:  0.752, PRS: 0.794, SPR: 0.800, RMSE: 2.927, (Best @ 15: {{0.799}}, 0.804, 0.814, 2.581)
[TEST]  QWK:  0.777, PRS: 0.815, SPR: 0.805, RMSE: 2.922 (Best @ 15: {{0.808}}, 0.817, 0.811, 2.681)
--------------------------------------------------------------------------------------------------------------------------
Epoch 20/50
Training one epoch in 22.004 s
[DEV]   QWK:  0.710, PRS: 0.805, SPR: 0.816, RMSE: 2.964, (Best @ 15: {{0.799}}, 0.804, 0.814, 2.581)
[TEST]  QWK:  0.727, PRS: 0.817, SPR: 0.809, RMSE: 3.056 (Best @ 15: {{0.808}}, 0.817, 0.811, 2.681)
--------------------------------------------------------------------------------------------------------------------------
Epoch 21/50
Training one epoch in 22.087 s
[DEV]   QWK:  0.803, PRS: 0.809, SPR: 0.821, RMSE: 2.568, (Best @ 21: {{0.803}}, 0.809, 0.821, 2.568)
[TEST]  QWK:  0.807, PRS: 0.815, SPR: 0.809, RMSE: 2.695 (Best @ 21: {{0.807}}, 0.815, 0.809, 2.695)
--------------------------------------------------------------------------------------------------------------------------
Epoch 22/50
Training one epoch in 22.014 s
[DEV]   QWK:  0.744, PRS: 0.798, SPR: 0.804, RMSE: 2.785, (Best @ 21: {{0.803}}, 0.809, 0.821, 2.568)
[TEST]  QWK:  0.764, PRS: 0.818, SPR: 0.811, RMSE: 2.836 (Best @ 21: {{0.807}}, 0.815, 0.809, 2.695)
--------------------------------------------------------------------------------------------------------------------------
Epoch 23/50
Training one epoch in 22.052 s
[DEV]   QWK:  0.796, PRS: 0.805, SPR: 0.818, RMSE: 2.729, (Best @ 21: {{0.803}}, 0.809, 0.821, 2.568)
[TEST]  QWK:  0.809, PRS: 0.817, SPR: 0.810, RMSE: 2.780 (Best @ 21: {{0.807}}, 0.815, 0.809, 2.695)
--------------------------------------------------------------------------------------------------------------------------
Epoch 24/50
Training one epoch in 22.031 s
[DEV]   QWK:  0.777, PRS: 0.801, SPR: 0.819, RMSE: 2.640, (Best @ 21: {{0.803}}, 0.809, 0.821, 2.568)
[TEST]  QWK:  0.790, PRS: 0.820, SPR: 0.809, RMSE: 2.729 (Best @ 21: {{0.807}}, 0.815, 0.809, 2.695)
--------------------------------------------------------------------------------------------------------------------------
Epoch 25/50
Training one epoch in 22.073 s
[DEV]   QWK:  0.788, PRS: 0.815, SPR: 0.825, RMSE: 2.623, (Best @ 21: {{0.803}}, 0.809, 0.821, 2.568)
[TEST]  QWK:  0.785, PRS: 0.813, SPR: 0.799, RMSE: 2.813 (Best @ 21: {{0.807}}, 0.815, 0.809, 2.695)
--------------------------------------------------------------------------------------------------------------------------
Epoch 26/50
Training one epoch in 22.074 s
[DEV]   QWK:  0.806, PRS: 0.810, SPR: 0.822, RMSE: 2.614, (Best @ 26: {{0.806}}, 0.810, 0.822, 2.614)
[TEST]  QWK:  0.806, PRS: 0.813, SPR: 0.801, RMSE: 2.772 (Best @ 26: {{0.806}}, 0.813, 0.801, 2.772)
--------------------------------------------------------------------------------------------------------------------------
Epoch 27/50
Training one epoch in 22.026 s
[DEV]   QWK:  0.796, PRS: 0.807, SPR: 0.819, RMSE: 2.541, (Best @ 26: {{0.806}}, 0.810, 0.822, 2.614)
[TEST]  QWK:  0.793, PRS: 0.809, SPR: 0.800, RMSE: 2.725 (Best @ 26: {{0.806}}, 0.813, 0.801, 2.772)
--------------------------------------------------------------------------------------------------------------------------
Epoch 28/50
Training one epoch in 22.071 s
[DEV]   QWK:  0.773, PRS: 0.793, SPR: 0.804, RMSE: 2.733, (Best @ 26: {{0.806}}, 0.810, 0.822, 2.614)
[TEST]  QWK:  0.791, PRS: 0.812, SPR: 0.802, RMSE: 2.786 (Best @ 26: {{0.806}}, 0.813, 0.801, 2.772)
--------------------------------------------------------------------------------------------------------------------------
Epoch 29/50
Training one epoch in 21.970 s
[DEV]   QWK:  0.767, PRS: 0.789, SPR: 0.806, RMSE: 2.637, (Best @ 26: {{0.806}}, 0.810, 0.822, 2.614)
[TEST]  QWK:  0.784, PRS: 0.806, SPR: 0.800, RMSE: 2.746 (Best @ 26: {{0.806}}, 0.813, 0.801, 2.772)
--------------------------------------------------------------------------------------------------------------------------
Epoch 30/50
Training one epoch in 22.083 s
[DEV]   QWK:  0.734, PRS: 0.791, SPR: 0.805, RMSE: 3.067, (Best @ 26: {{0.806}}, 0.810, 0.822, 2.614)
[TEST]  QWK:  0.740, PRS: 0.791, SPR: 0.780, RMSE: 3.189 (Best @ 26: {{0.806}}, 0.813, 0.801, 2.772)
--------------------------------------------------------------------------------------------------------------------------
Epoch 31/50
Training one epoch in 21.994 s
[DEV]   QWK:  0.765, PRS: 0.789, SPR: 0.801, RMSE: 2.657, (Best @ 26: {{0.806}}, 0.810, 0.822, 2.614)
[TEST]  QWK:  0.773, PRS: 0.800, SPR: 0.792, RMSE: 2.794 (Best @ 26: {{0.806}}, 0.813, 0.801, 2.772)
--------------------------------------------------------------------------------------------------------------------------
Epoch 32/50
Training one epoch in 22.012 s
[DEV]   QWK:  0.776, PRS: 0.789, SPR: 0.798, RMSE: 2.658, (Best @ 26: {{0.806}}, 0.810, 0.822, 2.614)
[TEST]  QWK:  0.786, PRS: 0.801, SPR: 0.790, RMSE: 2.779 (Best @ 26: {{0.806}}, 0.813, 0.801, 2.772)
--------------------------------------------------------------------------------------------------------------------------
Epoch 33/50
Training one epoch in 22.059 s
[DEV]   QWK:  0.786, PRS: 0.792, SPR: 0.803, RMSE: 2.666, (Best @ 26: {{0.806}}, 0.810, 0.822, 2.614)
[TEST]  QWK:  0.798, PRS: 0.804, SPR: 0.792, RMSE: 2.785 (Best @ 26: {{0.806}}, 0.813, 0.801, 2.772)
--------------------------------------------------------------------------------------------------------------------------
Epoch 34/50
Training one epoch in 22.012 s
[DEV]   QWK:  0.798, PRS: 0.801, SPR: 0.809, RMSE: 2.628, (Best @ 26: {{0.806}}, 0.810, 0.822, 2.614)
[TEST]  QWK:  0.794, PRS: 0.799, SPR: 0.792, RMSE: 2.826 (Best @ 26: {{0.806}}, 0.813, 0.801, 2.772)
--------------------------------------------------------------------------------------------------------------------------
Epoch 35/50
Training one epoch in 22.057 s
[DEV]   QWK:  0.775, PRS: 0.784, SPR: 0.790, RMSE: 2.705, (Best @ 26: {{0.806}}, 0.810, 0.822, 2.614)
[TEST]  QWK:  0.792, PRS: 0.804, SPR: 0.794, RMSE: 2.764 (Best @ 26: {{0.806}}, 0.813, 0.801, 2.772)
--------------------------------------------------------------------------------------------------------------------------
Epoch 36/50
Training one epoch in 22.061 s
[DEV]   QWK:  0.781, PRS: 0.796, SPR: 0.813, RMSE: 2.640, (Best @ 26: {{0.806}}, 0.810, 0.822, 2.614)
[TEST]  QWK:  0.782, PRS: 0.796, SPR: 0.787, RMSE: 2.845 (Best @ 26: {{0.806}}, 0.813, 0.801, 2.772)
--------------------------------------------------------------------------------------------------------------------------
Epoch 37/50
Training one epoch in 22.159 s
[DEV]   QWK:  0.757, PRS: 0.792, SPR: 0.803, RMSE: 2.980, (Best @ 26: {{0.806}}, 0.810, 0.822, 2.614)
[TEST]  QWK:  0.779, PRS: 0.807, SPR: 0.796, RMSE: 3.038 (Best @ 26: {{0.806}}, 0.813, 0.801, 2.772)
--------------------------------------------------------------------------------------------------------------------------
Epoch 38/50
Training one epoch in 22.079 s
[DEV]   QWK:  0.752, PRS: 0.788, SPR: 0.803, RMSE: 2.730, (Best @ 26: {{0.806}}, 0.810, 0.822, 2.614)
[TEST]  QWK:  0.766, PRS: 0.798, SPR: 0.791, RMSE: 2.848 (Best @ 26: {{0.806}}, 0.813, 0.801, 2.772)
--------------------------------------------------------------------------------------------------------------------------
Epoch 39/50
Training one epoch in 22.097 s
[DEV]   QWK:  0.799, PRS: 0.800, SPR: 0.812, RMSE: 2.671, (Best @ 26: {{0.806}}, 0.810, 0.822, 2.614)
[TEST]  QWK:  0.801, PRS: 0.802, SPR: 0.791, RMSE: 2.849 (Best @ 26: {{0.806}}, 0.813, 0.801, 2.772)
--------------------------------------------------------------------------------------------------------------------------
Epoch 40/50
Training one epoch in 22.068 s
[DEV]   QWK:  0.751, PRS: 0.793, SPR: 0.803, RMSE: 2.794, (Best @ 26: {{0.806}}, 0.810, 0.822, 2.614)
[TEST]  QWK:  0.753, PRS: 0.793, SPR: 0.784, RMSE: 2.971 (Best @ 26: {{0.806}}, 0.813, 0.801, 2.772)
--------------------------------------------------------------------------------------------------------------------------
Epoch 41/50
Training one epoch in 22.064 s
[DEV]   QWK:  0.784, PRS: 0.798, SPR: 0.811, RMSE: 2.702, (Best @ 26: {{0.806}}, 0.810, 0.822, 2.614)
[TEST]  QWK:  0.778, PRS: 0.791, SPR: 0.782, RMSE: 2.922 (Best @ 26: {{0.806}}, 0.813, 0.801, 2.772)
--------------------------------------------------------------------------------------------------------------------------
Epoch 42/50
Training one epoch in 22.061 s
[DEV]   QWK:  0.791, PRS: 0.800, SPR: 0.811, RMSE: 2.721, (Best @ 26: {{0.806}}, 0.810, 0.822, 2.614)
[TEST]  QWK:  0.788, PRS: 0.795, SPR: 0.789, RMSE: 2.935 (Best @ 26: {{0.806}}, 0.813, 0.801, 2.772)
--------------------------------------------------------------------------------------------------------------------------
Epoch 43/50
Training one epoch in 22.129 s
[DEV]   QWK:  0.789, PRS: 0.790, SPR: 0.804, RMSE: 2.819, (Best @ 26: {{0.806}}, 0.810, 0.822, 2.614)
[TEST]  QWK:  0.801, PRS: 0.801, SPR: 0.794, RMSE: 2.937 (Best @ 26: {{0.806}}, 0.813, 0.801, 2.772)
--------------------------------------------------------------------------------------------------------------------------
Epoch 44/50
Training one epoch in 22.029 s
[DEV]   QWK:  0.762, PRS: 0.784, SPR: 0.801, RMSE: 2.778, (Best @ 26: {{0.806}}, 0.810, 0.822, 2.614)
[TEST]  QWK:  0.773, PRS: 0.793, SPR: 0.781, RMSE: 2.900 (Best @ 26: {{0.806}}, 0.813, 0.801, 2.772)
--------------------------------------------------------------------------------------------------------------------------
Epoch 45/50
Training one epoch in 22.126 s
[DEV]   QWK:  0.791, PRS: 0.801, SPR: 0.813, RMSE: 2.616, (Best @ 26: {{0.806}}, 0.810, 0.822, 2.614)
[TEST]  QWK:  0.794, PRS: 0.803, SPR: 0.790, RMSE: 2.798 (Best @ 26: {{0.806}}, 0.813, 0.801, 2.772)
--------------------------------------------------------------------------------------------------------------------------
Epoch 46/50
Training one epoch in 22.018 s
[DEV]   QWK:  0.781, PRS: 0.794, SPR: 0.809, RMSE: 2.652, (Best @ 26: {{0.806}}, 0.810, 0.822, 2.614)
[TEST]  QWK:  0.774, PRS: 0.789, SPR: 0.784, RMSE: 2.896 (Best @ 26: {{0.806}}, 0.813, 0.801, 2.772)
--------------------------------------------------------------------------------------------------------------------------
Epoch 47/50
Training one epoch in 22.074 s
[DEV]   QWK:  0.777, PRS: 0.796, SPR: 0.811, RMSE: 2.637, (Best @ 26: {{0.806}}, 0.810, 0.822, 2.614)
[TEST]  QWK:  0.777, PRS: 0.795, SPR: 0.784, RMSE: 2.837 (Best @ 26: {{0.806}}, 0.813, 0.801, 2.772)
--------------------------------------------------------------------------------------------------------------------------
Epoch 48/50
Training one epoch in 22.018 s
[DEV]   QWK:  0.756, PRS: 0.788, SPR: 0.797, RMSE: 2.806, (Best @ 26: {{0.806}}, 0.810, 0.822, 2.614)
[TEST]  QWK:  0.763, PRS: 0.790, SPR: 0.782, RMSE: 2.956 (Best @ 26: {{0.806}}, 0.813, 0.801, 2.772)
--------------------------------------------------------------------------------------------------------------------------
Epoch 49/50
Training one epoch in 22.063 s
[DEV]   QWK:  0.782, PRS: 0.788, SPR: 0.801, RMSE: 2.680, (Best @ 26: {{0.806}}, 0.810, 0.822, 2.614)
[TEST]  QWK:  0.782, PRS: 0.787, SPR: 0.786, RMSE: 2.890 (Best @ 26: {{0.806}}, 0.813, 0.801, 2.772)
--------------------------------------------------------------------------------------------------------------------------
Epoch 50/50
Training one epoch in 22.044 s
[DEV]   QWK:  0.782, PRS: 0.789, SPR: 0.807, RMSE: 2.836, (Best @ 26: {{0.806}}, 0.810, 0.822, 2.614)
[TEST]  QWK:  0.785, PRS: 0.790, SPR: 0.793, RMSE: 3.041 (Best @ 26: {{0.806}}, 0.813, 0.801, 2.772)
--------------------------------------------------------------------------------------------------------------------------
X_train shape: (1099, 3350)
Initial evaluation: 
[DEV]   QWK:  0.000, PRS: 0.000, SPR: 0.000, RMSE: 4.475, (Best @ -1: {{0.000}}, 0.000, 0.000, 4.475)
[TEST]  QWK:  0.000, PRS: 0.000, SPR: 0.000, RMSE: 4.738 (Best @ -1: {{0.000}}, 0.000, 0.000, 4.738)
--------------------------------------------------------------------------------------------------------------------------
Train model
Epoch 1/50
Training one epoch in 23.940 s
[DEV]   QWK:  0.540, PRS: 0.778, SPR: 0.782, RMSE: 4.163, (Best @ 1: {{0.540}}, 0.778, 0.782, 4.163)
[TEST]  QWK:  0.580, PRS: 0.787, SPR: 0.787, RMSE: 4.241 (Best @ 1: {{0.580}}, 0.787, 0.787, 4.241)
--------------------------------------------------------------------------------------------------------------------------
Epoch 2/50
Training one epoch in 21.293 s
[DEV]   QWK:  0.735, PRS: 0.789, SPR: 0.800, RMSE: 2.833, (Best @ 2: {{0.735}}, 0.789, 0.800, 2.833)
[TEST]  QWK:  0.714, PRS: 0.782, SPR: 0.771, RMSE: 3.147 (Best @ 2: {{0.714}}, 0.782, 0.771, 3.147)
--------------------------------------------------------------------------------------------------------------------------
Epoch 3/50
Training one epoch in 21.338 s
[DEV]   QWK:  0.735, PRS: 0.800, SPR: 0.813, RMSE: 2.789, (Best @ 2: {{0.735}}, 0.789, 0.800, 2.833)
[TEST]  QWK:  0.738, PRS: 0.804, SPR: 0.797, RMSE: 2.923 (Best @ 2: {{0.714}}, 0.782, 0.771, 3.147)
--------------------------------------------------------------------------------------------------------------------------
Epoch 4/50
Training one epoch in 21.344 s
[DEV]   QWK:  0.762, PRS: 0.795, SPR: 0.807, RMSE: 2.733, (Best @ 4: {{0.762}}, 0.795, 0.807, 2.733)
[TEST]  QWK:  0.760, PRS: 0.794, SPR: 0.788, RMSE: 2.863 (Best @ 4: {{0.760}}, 0.794, 0.788, 2.863)
--------------------------------------------------------------------------------------------------------------------------
Epoch 5/50
Training one epoch in 21.362 s
[DEV]   QWK:  0.776, PRS: 0.798, SPR: 0.813, RMSE: 2.781, (Best @ 5: {{0.776}}, 0.798, 0.813, 2.781)
[TEST]  QWK:  0.762, PRS: 0.783, SPR: 0.784, RMSE: 2.953 (Best @ 5: {{0.762}}, 0.783, 0.784, 2.953)
--------------------------------------------------------------------------------------------------------------------------
Epoch 6/50
Training one epoch in 21.255 s
[DEV]   QWK:  0.796, PRS: 0.803, SPR: 0.815, RMSE: 2.591, (Best @ 6: {{0.796}}, 0.803, 0.815, 2.591)
[TEST]  QWK:  0.777, PRS: 0.788, SPR: 0.790, RMSE: 2.857 (Best @ 6: {{0.777}}, 0.788, 0.790, 2.857)
--------------------------------------------------------------------------------------------------------------------------
Epoch 7/50
Training one epoch in 21.264 s
[DEV]   QWK:  0.788, PRS: 0.802, SPR: 0.811, RMSE: 2.569, (Best @ 6: {{0.796}}, 0.803, 0.815, 2.591)
[TEST]  QWK:  0.760, PRS: 0.786, SPR: 0.783, RMSE: 2.869 (Best @ 6: {{0.777}}, 0.788, 0.790, 2.857)
--------------------------------------------------------------------------------------------------------------------------
Epoch 8/50
Training one epoch in 21.282 s
[DEV]   QWK:  0.774, PRS: 0.810, SPR: 0.818, RMSE: 2.539, (Best @ 6: {{0.796}}, 0.803, 0.815, 2.591)
[TEST]  QWK:  0.754, PRS: 0.796, SPR: 0.795, RMSE: 2.825 (Best @ 6: {{0.777}}, 0.788, 0.790, 2.857)
--------------------------------------------------------------------------------------------------------------------------
Epoch 9/50
Training one epoch in 21.309 s
[DEV]   QWK:  0.779, PRS: 0.799, SPR: 0.812, RMSE: 2.599, (Best @ 6: {{0.796}}, 0.803, 0.815, 2.591)
[TEST]  QWK:  0.763, PRS: 0.794, SPR: 0.798, RMSE: 2.860 (Best @ 6: {{0.777}}, 0.788, 0.790, 2.857)
--------------------------------------------------------------------------------------------------------------------------
Epoch 10/50
Training one epoch in 21.333 s
[DEV]   QWK:  0.692, PRS: 0.797, SPR: 0.803, RMSE: 3.283, (Best @ 6: {{0.796}}, 0.803, 0.815, 2.591)
[TEST]  QWK:  0.713, PRS: 0.803, SPR: 0.797, RMSE: 3.288 (Best @ 6: {{0.777}}, 0.788, 0.790, 2.857)
--------------------------------------------------------------------------------------------------------------------------
Epoch 11/50
Training one epoch in 21.285 s
[DEV]   QWK:  0.774, PRS: 0.807, SPR: 0.815, RMSE: 2.614, (Best @ 6: {{0.796}}, 0.803, 0.815, 2.591)
[TEST]  QWK:  0.767, PRS: 0.803, SPR: 0.795, RMSE: 2.809 (Best @ 6: {{0.777}}, 0.788, 0.790, 2.857)
--------------------------------------------------------------------------------------------------------------------------
Epoch 12/50
Training one epoch in 21.203 s
[DEV]   QWK:  0.777, PRS: 0.795, SPR: 0.811, RMSE: 2.678, (Best @ 6: {{0.796}}, 0.803, 0.815, 2.591)
[TEST]  QWK:  0.774, PRS: 0.806, SPR: 0.809, RMSE: 2.836 (Best @ 6: {{0.777}}, 0.788, 0.790, 2.857)
--------------------------------------------------------------------------------------------------------------------------
Epoch 13/50
Training one epoch in 21.092 s
[DEV]   QWK:  0.791, PRS: 0.801, SPR: 0.809, RMSE: 2.628, (Best @ 6: {{0.796}}, 0.803, 0.815, 2.591)
[TEST]  QWK:  0.798, PRS: 0.810, SPR: 0.805, RMSE: 2.734 (Best @ 6: {{0.777}}, 0.788, 0.790, 2.857)
--------------------------------------------------------------------------------------------------------------------------
Epoch 14/50
Training one epoch in 21.208 s
[DEV]   QWK:  0.767, PRS: 0.806, SPR: 0.812, RMSE: 2.592, (Best @ 6: {{0.796}}, 0.803, 0.815, 2.591)
[TEST]  QWK:  0.774, PRS: 0.819, SPR: 0.812, RMSE: 2.712 (Best @ 6: {{0.777}}, 0.788, 0.790, 2.857)
--------------------------------------------------------------------------------------------------------------------------
Epoch 15/50
Training one epoch in 21.127 s
[DEV]   QWK:  0.800, PRS: 0.805, SPR: 0.815, RMSE: 2.579, (Best @ 15: {{0.800}}, 0.805, 0.815, 2.579)
[TEST]  QWK:  0.809, PRS: 0.817, SPR: 0.811, RMSE: 2.681 (Best @ 15: {{0.809}}, 0.817, 0.811, 2.681)
--------------------------------------------------------------------------------------------------------------------------
Epoch 16/50
Training one epoch in 21.176 s
[DEV]   QWK:  0.795, PRS: 0.810, SPR: 0.817, RMSE: 2.528, (Best @ 15: {{0.800}}, 0.805, 0.815, 2.579)
[TEST]  QWK:  0.809, PRS: 0.828, SPR: 0.823, RMSE: 2.608 (Best @ 15: {{0.809}}, 0.817, 0.811, 2.681)
--------------------------------------------------------------------------------------------------------------------------
Epoch 17/50
Training one epoch in 21.161 s
[DEV]   QWK:  0.785, PRS: 0.797, SPR: 0.805, RMSE: 2.655, (Best @ 15: {{0.800}}, 0.805, 0.815, 2.579)
[TEST]  QWK:  0.805, PRS: 0.821, SPR: 0.814, RMSE: 2.694 (Best @ 15: {{0.809}}, 0.817, 0.811, 2.681)
--------------------------------------------------------------------------------------------------------------------------
Epoch 18/50
Training one epoch in 21.181 s
[DEV]   QWK:  0.785, PRS: 0.800, SPR: 0.811, RMSE: 2.598, (Best @ 15: {{0.800}}, 0.805, 0.815, 2.579)
[TEST]  QWK:  0.804, PRS: 0.819, SPR: 0.808, RMSE: 2.666 (Best @ 15: {{0.809}}, 0.817, 0.811, 2.681)
--------------------------------------------------------------------------------------------------------------------------
Epoch 19/50
Training one epoch in 21.132 s
[DEV]   QWK:  0.750, PRS: 0.795, SPR: 0.799, RMSE: 2.947, (Best @ 15: {{0.800}}, 0.805, 0.815, 2.579)
[TEST]  QWK:  0.773, PRS: 0.815, SPR: 0.804, RMSE: 2.953 (Best @ 15: {{0.809}}, 0.817, 0.811, 2.681)
--------------------------------------------------------------------------------------------------------------------------
Epoch 20/50
Training one epoch in 21.173 s
[DEV]   QWK:  0.711, PRS: 0.803, SPR: 0.812, RMSE: 2.964, (Best @ 15: {{0.800}}, 0.805, 0.815, 2.579)
[TEST]  QWK:  0.725, PRS: 0.813, SPR: 0.805, RMSE: 3.061 (Best @ 15: {{0.809}}, 0.817, 0.811, 2.681)
--------------------------------------------------------------------------------------------------------------------------
Epoch 21/50
Training one epoch in 21.145 s
[DEV]   QWK:  0.804, PRS: 0.810, SPR: 0.820, RMSE: 2.568, (Best @ 21: {{0.804}}, 0.810, 0.820, 2.568)
[TEST]  QWK:  0.809, PRS: 0.817, SPR: 0.810, RMSE: 2.691 (Best @ 21: {{0.809}}, 0.817, 0.810, 2.691)
--------------------------------------------------------------------------------------------------------------------------
Epoch 22/50
Training one epoch in 21.125 s
[DEV]   QWK:  0.744, PRS: 0.799, SPR: 0.804, RMSE: 2.784, (Best @ 21: {{0.804}}, 0.810, 0.820, 2.568)
[TEST]  QWK:  0.762, PRS: 0.815, SPR: 0.807, RMSE: 2.854 (Best @ 21: {{0.809}}, 0.817, 0.810, 2.691)
--------------------------------------------------------------------------------------------------------------------------
Epoch 23/50
Training one epoch in 21.103 s
[DEV]   QWK:  0.797, PRS: 0.806, SPR: 0.819, RMSE: 2.723, (Best @ 21: {{0.804}}, 0.810, 0.820, 2.568)
[TEST]  QWK:  0.810, PRS: 0.818, SPR: 0.810, RMSE: 2.772 (Best @ 21: {{0.809}}, 0.817, 0.810, 2.691)
--------------------------------------------------------------------------------------------------------------------------
Epoch 24/50
Training one epoch in 21.135 s
[DEV]   QWK:  0.776, PRS: 0.804, SPR: 0.821, RMSE: 2.637, (Best @ 21: {{0.804}}, 0.810, 0.820, 2.568)
[TEST]  QWK:  0.784, PRS: 0.817, SPR: 0.806, RMSE: 2.765 (Best @ 21: {{0.809}}, 0.817, 0.810, 2.691)
--------------------------------------------------------------------------------------------------------------------------
Epoch 25/50
Training one epoch in 21.107 s
[DEV]   QWK:  0.787, PRS: 0.814, SPR: 0.824, RMSE: 2.634, (Best @ 21: {{0.804}}, 0.810, 0.820, 2.568)
[TEST]  QWK:  0.788, PRS: 0.815, SPR: 0.800, RMSE: 2.797 (Best @ 21: {{0.809}}, 0.817, 0.810, 2.691)
--------------------------------------------------------------------------------------------------------------------------
Epoch 26/50
Training one epoch in 21.189 s
[DEV]   QWK:  0.804, PRS: 0.809, SPR: 0.821, RMSE: 2.620, (Best @ 21: {{0.804}}, 0.810, 0.820, 2.568)
[TEST]  QWK:  0.804, PRS: 0.811, SPR: 0.800, RMSE: 2.783 (Best @ 21: {{0.809}}, 0.817, 0.810, 2.691)
--------------------------------------------------------------------------------------------------------------------------
Epoch 27/50
Training one epoch in 21.219 s
[DEV]   QWK:  0.792, PRS: 0.804, SPR: 0.814, RMSE: 2.566, (Best @ 21: {{0.804}}, 0.810, 0.820, 2.568)
[TEST]  QWK:  0.794, PRS: 0.809, SPR: 0.799, RMSE: 2.730 (Best @ 21: {{0.809}}, 0.817, 0.810, 2.691)
--------------------------------------------------------------------------------------------------------------------------
Epoch 28/50
Training one epoch in 21.190 s
[DEV]   QWK:  0.777, PRS: 0.797, SPR: 0.807, RMSE: 2.714, (Best @ 21: {{0.804}}, 0.810, 0.820, 2.568)
[TEST]  QWK:  0.791, PRS: 0.812, SPR: 0.798, RMSE: 2.784 (Best @ 21: {{0.809}}, 0.817, 0.810, 2.691)
--------------------------------------------------------------------------------------------------------------------------
Epoch 29/50
Training one epoch in 21.128 s
[DEV]   QWK:  0.768, PRS: 0.788, SPR: 0.806, RMSE: 2.643, (Best @ 21: {{0.804}}, 0.810, 0.820, 2.568)
[TEST]  QWK:  0.781, PRS: 0.803, SPR: 0.798, RMSE: 2.761 (Best @ 21: {{0.809}}, 0.817, 0.810, 2.691)
--------------------------------------------------------------------------------------------------------------------------
Epoch 30/50
Training one epoch in 21.148 s
[DEV]   QWK:  0.742, PRS: 0.797, SPR: 0.812, RMSE: 3.011, (Best @ 21: {{0.804}}, 0.810, 0.820, 2.568)
[TEST]  QWK:  0.748, PRS: 0.797, SPR: 0.786, RMSE: 3.135 (Best @ 21: {{0.809}}, 0.817, 0.810, 2.691)
--------------------------------------------------------------------------------------------------------------------------
Epoch 31/50
Training one epoch in 21.103 s
[DEV]   QWK:  0.766, PRS: 0.792, SPR: 0.804, RMSE: 2.636, (Best @ 21: {{0.804}}, 0.810, 0.820, 2.568)
[TEST]  QWK:  0.772, PRS: 0.799, SPR: 0.795, RMSE: 2.793 (Best @ 21: {{0.809}}, 0.817, 0.810, 2.691)
--------------------------------------------------------------------------------------------------------------------------
Epoch 32/50
Training one epoch in 21.156 s
[DEV]   QWK:  0.778, PRS: 0.792, SPR: 0.802, RMSE: 2.640, (Best @ 21: {{0.804}}, 0.810, 0.820, 2.568)
[TEST]  QWK:  0.782, PRS: 0.797, SPR: 0.788, RMSE: 2.802 (Best @ 21: {{0.809}}, 0.817, 0.810, 2.691)
--------------------------------------------------------------------------------------------------------------------------
Epoch 33/50
Training one epoch in 21.149 s
[DEV]   QWK:  0.787, PRS: 0.792, SPR: 0.803, RMSE: 2.676, (Best @ 21: {{0.804}}, 0.810, 0.820, 2.568)
[TEST]  QWK:  0.802, PRS: 0.806, SPR: 0.794, RMSE: 2.777 (Best @ 21: {{0.809}}, 0.817, 0.810, 2.691)
--------------------------------------------------------------------------------------------------------------------------
Epoch 34/50
Training one epoch in 21.091 s
[DEV]   QWK:  0.799, PRS: 0.801, SPR: 0.809, RMSE: 2.637, (Best @ 21: {{0.804}}, 0.810, 0.820, 2.568)
[TEST]  QWK:  0.795, PRS: 0.800, SPR: 0.791, RMSE: 2.822 (Best @ 21: {{0.809}}, 0.817, 0.810, 2.691)
--------------------------------------------------------------------------------------------------------------------------
Epoch 35/50
Training one epoch in 21.155 s
[DEV]   QWK:  0.781, PRS: 0.789, SPR: 0.799, RMSE: 2.670, (Best @ 21: {{0.804}}, 0.810, 0.820, 2.568)
[TEST]  QWK:  0.790, PRS: 0.801, SPR: 0.790, RMSE: 2.785 (Best @ 21: {{0.809}}, 0.817, 0.810, 2.691)
--------------------------------------------------------------------------------------------------------------------------
Epoch 36/50
Training one epoch in 21.118 s
[DEV]   QWK:  0.780, PRS: 0.791, SPR: 0.808, RMSE: 2.669, (Best @ 21: {{0.804}}, 0.810, 0.820, 2.568)
[TEST]  QWK:  0.784, PRS: 0.794, SPR: 0.782, RMSE: 2.863 (Best @ 21: {{0.809}}, 0.817, 0.810, 2.691)
--------------------------------------------------------------------------------------------------------------------------
Epoch 37/50
Training one epoch in 21.131 s
[DEV]   QWK:  0.760, PRS: 0.793, SPR: 0.803, RMSE: 2.962, (Best @ 21: {{0.804}}, 0.810, 0.820, 2.568)
[TEST]  QWK:  0.780, PRS: 0.807, SPR: 0.797, RMSE: 3.036 (Best @ 21: {{0.809}}, 0.817, 0.810, 2.691)
--------------------------------------------------------------------------------------------------------------------------
Epoch 38/50
Training one epoch in 21.163 s
[DEV]   QWK:  0.748, PRS: 0.789, SPR: 0.802, RMSE: 2.747, (Best @ 21: {{0.804}}, 0.810, 0.820, 2.568)
[TEST]  QWK:  0.759, PRS: 0.794, SPR: 0.787, RMSE: 2.886 (Best @ 21: {{0.809}}, 0.817, 0.810, 2.691)
--------------------------------------------------------------------------------------------------------------------------
Epoch 39/50
Training one epoch in 21.179 s
[DEV]   QWK:  0.800, PRS: 0.801, SPR: 0.812, RMSE: 2.660, (Best @ 21: {{0.804}}, 0.810, 0.820, 2.568)
[TEST]  QWK:  0.804, PRS: 0.805, SPR: 0.794, RMSE: 2.830 (Best @ 21: {{0.809}}, 0.817, 0.810, 2.691)
--------------------------------------------------------------------------------------------------------------------------
Epoch 40/50
Training one epoch in 21.185 s
[DEV]   QWK:  0.752, PRS: 0.797, SPR: 0.805, RMSE: 2.808, (Best @ 21: {{0.804}}, 0.810, 0.820, 2.568)
[TEST]  QWK:  0.747, PRS: 0.791, SPR: 0.785, RMSE: 3.004 (Best @ 21: {{0.809}}, 0.817, 0.810, 2.691)
--------------------------------------------------------------------------------------------------------------------------
Epoch 41/50
Training one epoch in 21.123 s
[DEV]   QWK:  0.786, PRS: 0.800, SPR: 0.808, RMSE: 2.691, (Best @ 21: {{0.804}}, 0.810, 0.820, 2.568)
[TEST]  QWK:  0.783, PRS: 0.795, SPR: 0.784, RMSE: 2.882 (Best @ 21: {{0.809}}, 0.817, 0.810, 2.691)
--------------------------------------------------------------------------------------------------------------------------
Epoch 42/50
Training one epoch in 21.194 s
[DEV]   QWK:  0.799, PRS: 0.806, SPR: 0.816, RMSE: 2.677, (Best @ 21: {{0.804}}, 0.810, 0.820, 2.568)
[TEST]  QWK:  0.791, PRS: 0.797, SPR: 0.790, RMSE: 2.934 (Best @ 21: {{0.809}}, 0.817, 0.810, 2.691)
--------------------------------------------------------------------------------------------------------------------------
Epoch 43/50
Training one epoch in 21.271 s
[DEV]   QWK:  0.790, PRS: 0.791, SPR: 0.804, RMSE: 2.801, (Best @ 21: {{0.804}}, 0.810, 0.820, 2.568)
[TEST]  QWK:  0.796, PRS: 0.797, SPR: 0.791, RMSE: 2.963 (Best @ 21: {{0.809}}, 0.817, 0.810, 2.691)
--------------------------------------------------------------------------------------------------------------------------
Epoch 44/50
Training one epoch in 21.259 s
[DEV]   QWK:  0.773, PRS: 0.790, SPR: 0.807, RMSE: 2.733, (Best @ 21: {{0.804}}, 0.810, 0.820, 2.568)
[TEST]  QWK:  0.780, PRS: 0.795, SPR: 0.785, RMSE: 2.879 (Best @ 21: {{0.809}}, 0.817, 0.810, 2.691)
--------------------------------------------------------------------------------------------------------------------------
Epoch 45/50
Training one epoch in 21.155 s
[DEV]   QWK:  0.789, PRS: 0.801, SPR: 0.812, RMSE: 2.617, (Best @ 21: {{0.804}}, 0.810, 0.820, 2.568)
[TEST]  QWK:  0.794, PRS: 0.804, SPR: 0.794, RMSE: 2.793 (Best @ 21: {{0.809}}, 0.817, 0.810, 2.691)
--------------------------------------------------------------------------------------------------------------------------
Epoch 46/50
Training one epoch in 21.190 s
[DEV]   QWK:  0.767, PRS: 0.784, SPR: 0.802, RMSE: 2.678, (Best @ 21: {{0.804}}, 0.810, 0.820, 2.568)
[TEST]  QWK:  0.774, PRS: 0.789, SPR: 0.785, RMSE: 2.859 (Best @ 21: {{0.809}}, 0.817, 0.810, 2.691)
--------------------------------------------------------------------------------------------------------------------------
Epoch 47/50
Training one epoch in 21.281 s
[DEV]   QWK:  0.785, PRS: 0.799, SPR: 0.817, RMSE: 2.609, (Best @ 21: {{0.804}}, 0.810, 0.820, 2.568)
[TEST]  QWK:  0.785, PRS: 0.795, SPR: 0.792, RMSE: 2.827 (Best @ 21: {{0.809}}, 0.817, 0.810, 2.691)
--------------------------------------------------------------------------------------------------------------------------
Epoch 48/50
Training one epoch in 21.170 s
[DEV]   QWK:  0.764, PRS: 0.790, SPR: 0.799, RMSE: 2.785, (Best @ 21: {{0.804}}, 0.810, 0.820, 2.568)
[TEST]  QWK:  0.761, PRS: 0.786, SPR: 0.776, RMSE: 2.996 (Best @ 21: {{0.809}}, 0.817, 0.810, 2.691)
--------------------------------------------------------------------------------------------------------------------------
Epoch 49/50
Training one epoch in 21.144 s
[DEV]   QWK:  0.779, PRS: 0.786, SPR: 0.797, RMSE: 2.687, (Best @ 21: {{0.804}}, 0.810, 0.820, 2.568)
[TEST]  QWK:  0.784, PRS: 0.790, SPR: 0.786, RMSE: 2.872 (Best @ 21: {{0.809}}, 0.817, 0.810, 2.691)
--------------------------------------------------------------------------------------------------------------------------
Epoch 50/50
Training one epoch in 21.208 s
[DEV]   QWK:  0.798, PRS: 0.799, SPR: 0.814, RMSE: 2.680, (Best @ 21: {{0.804}}, 0.810, 0.820, 2.568)
[TEST]  QWK:  0.793, PRS: 0.794, SPR: 0.793, RMSE: 2.921 (Best @ 21: {{0.809}}, 0.817, 0.810, 2.691)
--------------------------------------------------------------------------------------------------------------------------
