X_train shape: (1249, 3550)
Initial evaluation: 
[DEV]   QWK:  0.000, PRS: 0.000, SPR: 0.000, RMSE: 2.127, (Best @ -1: {{0.000}}, 0.000, 0.000, 2.127)
[TEST]  QWK:  0.000, PRS: 0.000, SPR: 0.000, RMSE: 2.152 (Best @ -1: {{0.000}}, 0.000, 0.000, 2.152)
--------------------------------------------------------------------------------------------------------------------------
Train model
Epoch 1/50
Training one epoch in 26.439 s
[DEV]   QWK:  0.660, PRS: 0.749, SPR: 0.736, RMSE: 1.110, (Best @ 1: {{0.660}}, 0.749, 0.736, 1.110)
[TEST]  QWK:  0.700, PRS: 0.781, SPR: 0.757, RMSE: 1.008 (Best @ 1: {{0.700}}, 0.781, 0.757, 1.008)
--------------------------------------------------------------------------------------------------------------------------
Epoch 2/50
Training one epoch in 24.104 s
[DEV]   QWK:  0.700, PRS: 0.742, SPR: 0.716, RMSE: 1.022, (Best @ 2: {{0.700}}, 0.742, 0.716, 1.022)
[TEST]  QWK:  0.738, PRS: 0.773, SPR: 0.716, RMSE: 0.921 (Best @ 2: {{0.738}}, 0.773, 0.716, 0.921)
--------------------------------------------------------------------------------------------------------------------------
Epoch 3/50
Training one epoch in 24.208 s
[DEV]   QWK:  0.712, PRS: 0.748, SPR: 0.727, RMSE: 1.011, (Best @ 3: {{0.712}}, 0.748, 0.727, 1.011)
[TEST]  QWK:  0.753, PRS: 0.784, SPR: 0.735, RMSE: 0.906 (Best @ 3: {{0.753}}, 0.784, 0.735, 0.906)
--------------------------------------------------------------------------------------------------------------------------
Epoch 4/50
Training one epoch in 24.146 s
[DEV]   QWK:  0.751, PRS: 0.793, SPR: 0.769, RMSE: 0.958, (Best @ 4: {{0.751}}, 0.793, 0.769, 0.958)
[TEST]  QWK:  0.751, PRS: 0.793, SPR: 0.761, RMSE: 0.909 (Best @ 4: {{0.751}}, 0.793, 0.761, 0.909)
--------------------------------------------------------------------------------------------------------------------------
Epoch 5/50
Training one epoch in 24.313 s
[DEV]   QWK:  0.730, PRS: 0.786, SPR: 0.774, RMSE: 0.993, (Best @ 4: {{0.751}}, 0.793, 0.769, 0.958)
[TEST]  QWK:  0.751, PRS: 0.803, SPR: 0.780, RMSE: 0.906 (Best @ 4: {{0.751}}, 0.793, 0.761, 0.909)
--------------------------------------------------------------------------------------------------------------------------
Epoch 6/50
Training one epoch in 24.064 s
[DEV]   QWK:  0.737, PRS: 0.796, SPR: 0.774, RMSE: 1.076, (Best @ 4: {{0.751}}, 0.793, 0.769, 0.958)
[TEST]  QWK:  0.764, PRS: 0.837, SPR: 0.803, RMSE: 0.972 (Best @ 4: {{0.751}}, 0.793, 0.761, 0.909)
--------------------------------------------------------------------------------------------------------------------------
Epoch 7/50
Training one epoch in 24.258 s
[DEV]   QWK:  0.680, PRS: 0.786, SPR: 0.771, RMSE: 1.077, (Best @ 4: {{0.751}}, 0.793, 0.769, 0.958)
[TEST]  QWK:  0.714, PRS: 0.824, SPR: 0.806, RMSE: 0.960 (Best @ 4: {{0.751}}, 0.793, 0.761, 0.909)
--------------------------------------------------------------------------------------------------------------------------
Epoch 8/50
Training one epoch in 24.251 s
[DEV]   QWK:  0.754, PRS: 0.814, SPR: 0.801, RMSE: 0.918, (Best @ 8: {{0.754}}, 0.814, 0.801, 0.918)
[TEST]  QWK:  0.770, PRS: 0.820, SPR: 0.792, RMSE: 0.868 (Best @ 8: {{0.770}}, 0.820, 0.792, 0.868)
--------------------------------------------------------------------------------------------------------------------------
Epoch 9/50
Training one epoch in 24.321 s
[DEV]   QWK:  0.796, PRS: 0.815, SPR: 0.796, RMSE: 0.887, (Best @ 9: {{0.796}}, 0.815, 0.796, 0.887)
[TEST]  QWK:  0.809, PRS: 0.819, SPR: 0.779, RMSE: 0.835 (Best @ 9: {{0.809}}, 0.819, 0.779, 0.835)
--------------------------------------------------------------------------------------------------------------------------
Epoch 10/50
Training one epoch in 24.218 s
[DEV]   QWK:  0.775, PRS: 0.806, SPR: 0.795, RMSE: 0.898, (Best @ 9: {{0.796}}, 0.815, 0.796, 0.887)
[TEST]  QWK:  0.787, PRS: 0.811, SPR: 0.786, RMSE: 0.851 (Best @ 9: {{0.809}}, 0.819, 0.779, 0.835)
--------------------------------------------------------------------------------------------------------------------------
Epoch 11/50
Training one epoch in 24.209 s
[DEV]   QWK:  0.759, PRS: 0.808, SPR: 0.777, RMSE: 0.950, (Best @ 9: {{0.796}}, 0.815, 0.796, 0.887)
[TEST]  QWK:  0.784, PRS: 0.826, SPR: 0.790, RMSE: 0.864 (Best @ 9: {{0.809}}, 0.819, 0.779, 0.835)
--------------------------------------------------------------------------------------------------------------------------
Epoch 12/50
Training one epoch in 24.329 s
[DEV]   QWK:  0.767, PRS: 0.819, SPR: 0.803, RMSE: 0.898, (Best @ 9: {{0.796}}, 0.815, 0.796, 0.887)
[TEST]  QWK:  0.762, PRS: 0.803, SPR: 0.771, RMSE: 0.890 (Best @ 9: {{0.809}}, 0.819, 0.779, 0.835)
--------------------------------------------------------------------------------------------------------------------------
Epoch 13/50
Training one epoch in 24.186 s
[DEV]   QWK:  0.772, PRS: 0.822, SPR: 0.801, RMSE: 0.885, (Best @ 9: {{0.796}}, 0.815, 0.796, 0.887)
[TEST]  QWK:  0.788, PRS: 0.818, SPR: 0.789, RMSE: 0.841 (Best @ 9: {{0.809}}, 0.819, 0.779, 0.835)
--------------------------------------------------------------------------------------------------------------------------
Epoch 14/50
Training one epoch in 24.141 s
[DEV]   QWK:  0.787, PRS: 0.816, SPR: 0.797, RMSE: 0.947, (Best @ 9: {{0.796}}, 0.815, 0.796, 0.887)
[TEST]  QWK:  0.805, PRS: 0.839, SPR: 0.811, RMSE: 0.877 (Best @ 9: {{0.809}}, 0.819, 0.779, 0.835)
--------------------------------------------------------------------------------------------------------------------------
Epoch 15/50
Training one epoch in 24.187 s
[DEV]   QWK:  0.804, PRS: 0.820, SPR: 0.797, RMSE: 0.896, (Best @ 15: {{0.804}}, 0.820, 0.797, 0.896)
[TEST]  QWK:  0.808, PRS: 0.827, SPR: 0.784, RMSE: 0.848 (Best @ 15: {{0.808}}, 0.827, 0.784, 0.848)
--------------------------------------------------------------------------------------------------------------------------
Epoch 16/50
Training one epoch in 24.170 s
[DEV]   QWK:  0.779, PRS: 0.812, SPR: 0.771, RMSE: 0.913, (Best @ 15: {{0.804}}, 0.820, 0.797, 0.896)
[TEST]  QWK:  0.788, PRS: 0.827, SPR: 0.788, RMSE: 0.845 (Best @ 15: {{0.808}}, 0.827, 0.784, 0.848)
--------------------------------------------------------------------------------------------------------------------------
Epoch 17/50
Training one epoch in 24.015 s
[DEV]   QWK:  0.799, PRS: 0.822, SPR: 0.802, RMSE: 0.874, (Best @ 15: {{0.804}}, 0.820, 0.797, 0.896)
[TEST]  QWK:  0.800, PRS: 0.817, SPR: 0.779, RMSE: 0.858 (Best @ 15: {{0.808}}, 0.827, 0.784, 0.848)
--------------------------------------------------------------------------------------------------------------------------
Epoch 18/50
Training one epoch in 24.288 s
[DEV]   QWK:  0.816, PRS: 0.827, SPR: 0.803, RMSE: 0.872, (Best @ 18: {{0.816}}, 0.827, 0.803, 0.872)
[TEST]  QWK:  0.816, PRS: 0.828, SPR: 0.786, RMSE: 0.848 (Best @ 18: {{0.816}}, 0.828, 0.786, 0.848)
--------------------------------------------------------------------------------------------------------------------------
Epoch 19/50
Training one epoch in 24.215 s
[DEV]   QWK:  0.760, PRS: 0.804, SPR: 0.773, RMSE: 0.938, (Best @ 18: {{0.816}}, 0.827, 0.803, 0.872)
[TEST]  QWK:  0.779, PRS: 0.815, SPR: 0.773, RMSE: 0.871 (Best @ 18: {{0.816}}, 0.828, 0.786, 0.848)
--------------------------------------------------------------------------------------------------------------------------
Epoch 20/50
Training one epoch in 24.139 s
[DEV]   QWK:  0.774, PRS: 0.809, SPR: 0.774, RMSE: 0.906, (Best @ 18: {{0.816}}, 0.827, 0.803, 0.872)
[TEST]  QWK:  0.788, PRS: 0.821, SPR: 0.781, RMSE: 0.845 (Best @ 18: {{0.816}}, 0.828, 0.786, 0.848)
--------------------------------------------------------------------------------------------------------------------------
Epoch 21/50
Training one epoch in 24.190 s
[DEV]   QWK:  0.807, PRS: 0.822, SPR: 0.786, RMSE: 0.869, (Best @ 18: {{0.816}}, 0.827, 0.803, 0.872)
[TEST]  QWK:  0.822, PRS: 0.829, SPR: 0.791, RMSE: 0.814 (Best @ 18: {{0.816}}, 0.828, 0.786, 0.848)
--------------------------------------------------------------------------------------------------------------------------
Epoch 22/50
Training one epoch in 24.276 s
[DEV]   QWK:  0.809, PRS: 0.820, SPR: 0.790, RMSE: 0.868, (Best @ 18: {{0.816}}, 0.827, 0.803, 0.872)
[TEST]  QWK:  0.810, PRS: 0.812, SPR: 0.768, RMSE: 0.861 (Best @ 18: {{0.816}}, 0.828, 0.786, 0.848)
--------------------------------------------------------------------------------------------------------------------------
Epoch 23/50
Training one epoch in 24.338 s
[DEV]   QWK:  0.808, PRS: 0.831, SPR: 0.805, RMSE: 0.882, (Best @ 18: {{0.816}}, 0.827, 0.803, 0.872)
[TEST]  QWK:  0.809, PRS: 0.835, SPR: 0.797, RMSE: 0.855 (Best @ 18: {{0.816}}, 0.828, 0.786, 0.848)
--------------------------------------------------------------------------------------------------------------------------
Epoch 24/50
Training one epoch in 24.300 s
[DEV]   QWK:  0.804, PRS: 0.831, SPR: 0.802, RMSE: 0.853, (Best @ 18: {{0.816}}, 0.827, 0.803, 0.872)
[TEST]  QWK:  0.790, PRS: 0.807, SPR: 0.770, RMSE: 0.877 (Best @ 18: {{0.816}}, 0.828, 0.786, 0.848)
--------------------------------------------------------------------------------------------------------------------------
Epoch 25/50
Training one epoch in 24.282 s
[DEV]   QWK:  0.793, PRS: 0.814, SPR: 0.781, RMSE: 0.881, (Best @ 18: {{0.816}}, 0.827, 0.803, 0.872)
[TEST]  QWK:  0.793, PRS: 0.799, SPR: 0.758, RMSE: 0.881 (Best @ 18: {{0.816}}, 0.828, 0.786, 0.848)
--------------------------------------------------------------------------------------------------------------------------
Epoch 26/50
Training one epoch in 24.240 s
[DEV]   QWK:  0.785, PRS: 0.805, SPR: 0.777, RMSE: 0.920, (Best @ 18: {{0.816}}, 0.827, 0.803, 0.872)
[TEST]  QWK:  0.812, PRS: 0.820, SPR: 0.784, RMSE: 0.841 (Best @ 18: {{0.816}}, 0.828, 0.786, 0.848)
--------------------------------------------------------------------------------------------------------------------------
Epoch 27/50
Training one epoch in 24.352 s
[DEV]   QWK:  0.805, PRS: 0.820, SPR: 0.792, RMSE: 0.868, (Best @ 18: {{0.816}}, 0.827, 0.803, 0.872)
[TEST]  QWK:  0.803, PRS: 0.809, SPR: 0.766, RMSE: 0.855 (Best @ 18: {{0.816}}, 0.828, 0.786, 0.848)
--------------------------------------------------------------------------------------------------------------------------
Epoch 28/50
Training one epoch in 24.274 s
[DEV]   QWK:  0.788, PRS: 0.807, SPR: 0.785, RMSE: 0.977, (Best @ 18: {{0.816}}, 0.827, 0.803, 0.872)
[TEST]  QWK:  0.792, PRS: 0.805, SPR: 0.777, RMSE: 0.963 (Best @ 18: {{0.816}}, 0.828, 0.786, 0.848)
--------------------------------------------------------------------------------------------------------------------------
Epoch 29/50
Training one epoch in 24.208 s
[DEV]   QWK:  0.787, PRS: 0.804, SPR: 0.776, RMSE: 0.918, (Best @ 18: {{0.816}}, 0.827, 0.803, 0.872)
[TEST]  QWK:  0.809, PRS: 0.818, SPR: 0.772, RMSE: 0.851 (Best @ 18: {{0.816}}, 0.828, 0.786, 0.848)
--------------------------------------------------------------------------------------------------------------------------
Epoch 30/50
Training one epoch in 24.335 s
[DEV]   QWK:  0.789, PRS: 0.800, SPR: 0.768, RMSE: 0.912, (Best @ 18: {{0.816}}, 0.827, 0.803, 0.872)
[TEST]  QWK:  0.792, PRS: 0.797, SPR: 0.751, RMSE: 0.884 (Best @ 18: {{0.816}}, 0.828, 0.786, 0.848)
--------------------------------------------------------------------------------------------------------------------------
Epoch 31/50
Training one epoch in 24.172 s
[DEV]   QWK:  0.799, PRS: 0.813, SPR: 0.780, RMSE: 0.892, (Best @ 18: {{0.816}}, 0.827, 0.803, 0.872)
[TEST]  QWK:  0.787, PRS: 0.802, SPR: 0.767, RMSE: 0.893 (Best @ 18: {{0.816}}, 0.828, 0.786, 0.848)
--------------------------------------------------------------------------------------------------------------------------
Epoch 32/50
Training one epoch in 24.315 s
[DEV]   QWK:  0.786, PRS: 0.801, SPR: 0.765, RMSE: 0.906, (Best @ 18: {{0.816}}, 0.827, 0.803, 0.872)
[TEST]  QWK:  0.780, PRS: 0.788, SPR: 0.753, RMSE: 0.899 (Best @ 18: {{0.816}}, 0.828, 0.786, 0.848)
--------------------------------------------------------------------------------------------------------------------------
Epoch 33/50
Training one epoch in 23.992 s
[DEV]   QWK:  0.821, PRS: 0.824, SPR: 0.789, RMSE: 0.884, (Best @ 33: {{0.821}}, 0.824, 0.789, 0.884)
[TEST]  QWK:  0.811, PRS: 0.812, SPR: 0.756, RMSE: 0.884 (Best @ 33: {{0.811}}, 0.812, 0.756, 0.884)
--------------------------------------------------------------------------------------------------------------------------
Epoch 34/50
Training one epoch in 24.264 s
[DEV]   QWK:  0.777, PRS: 0.821, SPR: 0.786, RMSE: 0.933, (Best @ 33: {{0.821}}, 0.824, 0.789, 0.884)
[TEST]  QWK:  0.769, PRS: 0.815, SPR: 0.763, RMSE: 0.927 (Best @ 33: {{0.811}}, 0.812, 0.756, 0.884)
--------------------------------------------------------------------------------------------------------------------------
Epoch 35/50
Training one epoch in 24.397 s
[DEV]   QWK:  0.821, PRS: 0.823, SPR: 0.797, RMSE: 0.890, (Best @ 35: {{0.821}}, 0.823, 0.797, 0.890)
[TEST]  QWK:  0.810, PRS: 0.812, SPR: 0.773, RMSE: 0.893 (Best @ 35: {{0.810}}, 0.812, 0.773, 0.893)
--------------------------------------------------------------------------------------------------------------------------
Epoch 36/50
Training one epoch in 24.396 s
[DEV]   QWK:  0.794, PRS: 0.814, SPR: 0.777, RMSE: 0.879, (Best @ 35: {{0.821}}, 0.823, 0.797, 0.890)
[TEST]  QWK:  0.803, PRS: 0.815, SPR: 0.763, RMSE: 0.838 (Best @ 35: {{0.810}}, 0.812, 0.773, 0.893)
--------------------------------------------------------------------------------------------------------------------------
Epoch 37/50
Training one epoch in 24.469 s
[DEV]   QWK:  0.786, PRS: 0.805, SPR: 0.766, RMSE: 0.913, (Best @ 35: {{0.821}}, 0.823, 0.797, 0.890)
[TEST]  QWK:  0.812, PRS: 0.824, SPR: 0.764, RMSE: 0.831 (Best @ 35: {{0.810}}, 0.812, 0.773, 0.893)
--------------------------------------------------------------------------------------------------------------------------
Epoch 38/50
Training one epoch in 24.332 s
[DEV]   QWK:  0.768, PRS: 0.794, SPR: 0.756, RMSE: 0.950, (Best @ 35: {{0.821}}, 0.823, 0.797, 0.890)
[TEST]  QWK:  0.805, PRS: 0.818, SPR: 0.774, RMSE: 0.855 (Best @ 35: {{0.810}}, 0.812, 0.773, 0.893)
--------------------------------------------------------------------------------------------------------------------------
Epoch 39/50
Training one epoch in 24.391 s
[DEV]   QWK:  0.809, PRS: 0.817, SPR: 0.786, RMSE: 0.903, (Best @ 35: {{0.821}}, 0.823, 0.797, 0.890)
[TEST]  QWK:  0.816, PRS: 0.820, SPR: 0.778, RMSE: 0.861 (Best @ 35: {{0.810}}, 0.812, 0.773, 0.893)
--------------------------------------------------------------------------------------------------------------------------
Epoch 40/50
Training one epoch in 24.370 s
[DEV]   QWK:  0.804, PRS: 0.809, SPR: 0.787, RMSE: 0.901, (Best @ 35: {{0.821}}, 0.823, 0.797, 0.890)
[TEST]  QWK:  0.803, PRS: 0.806, SPR: 0.763, RMSE: 0.874 (Best @ 35: {{0.810}}, 0.812, 0.773, 0.893)
--------------------------------------------------------------------------------------------------------------------------
Epoch 41/50
Training one epoch in 24.284 s
[DEV]   QWK:  0.748, PRS: 0.808, SPR: 0.764, RMSE: 0.957, (Best @ 35: {{0.821}}, 0.823, 0.797, 0.890)
[TEST]  QWK:  0.755, PRS: 0.815, SPR: 0.751, RMSE: 0.903 (Best @ 35: {{0.810}}, 0.812, 0.773, 0.893)
--------------------------------------------------------------------------------------------------------------------------
Epoch 42/50
Training one epoch in 24.290 s
[DEV]   QWK:  0.796, PRS: 0.797, SPR: 0.759, RMSE: 0.945, (Best @ 35: {{0.821}}, 0.823, 0.797, 0.890)
[TEST]  QWK:  0.801, PRS: 0.804, SPR: 0.744, RMSE: 0.909 (Best @ 35: {{0.810}}, 0.812, 0.773, 0.893)
--------------------------------------------------------------------------------------------------------------------------
Epoch 43/50
Training one epoch in 24.290 s
[DEV]   QWK:  0.776, PRS: 0.796, SPR: 0.747, RMSE: 0.916, (Best @ 35: {{0.821}}, 0.823, 0.797, 0.890)
[TEST]  QWK:  0.788, PRS: 0.802, SPR: 0.757, RMSE: 0.864 (Best @ 35: {{0.810}}, 0.812, 0.773, 0.893)
--------------------------------------------------------------------------------------------------------------------------
Epoch 44/50
Training one epoch in 24.350 s
[DEV]   QWK:  0.764, PRS: 0.799, SPR: 0.758, RMSE: 0.913, (Best @ 35: {{0.821}}, 0.823, 0.797, 0.890)
[TEST]  QWK:  0.780, PRS: 0.800, SPR: 0.745, RMSE: 0.868 (Best @ 35: {{0.810}}, 0.812, 0.773, 0.893)
--------------------------------------------------------------------------------------------------------------------------
Epoch 45/50
Training one epoch in 24.376 s
[DEV]   QWK:  0.762, PRS: 0.799, SPR: 0.756, RMSE: 1.003, (Best @ 35: {{0.821}}, 0.823, 0.797, 0.890)
[TEST]  QWK:  0.788, PRS: 0.815, SPR: 0.757, RMSE: 0.927 (Best @ 35: {{0.810}}, 0.812, 0.773, 0.893)
--------------------------------------------------------------------------------------------------------------------------
Epoch 46/50
Training one epoch in 24.387 s
[DEV]   QWK:  0.758, PRS: 0.788, SPR: 0.745, RMSE: 0.955, (Best @ 35: {{0.821}}, 0.823, 0.797, 0.890)
[TEST]  QWK:  0.798, PRS: 0.818, SPR: 0.762, RMSE: 0.848 (Best @ 35: {{0.810}}, 0.812, 0.773, 0.893)
--------------------------------------------------------------------------------------------------------------------------
Epoch 47/50
Training one epoch in 24.330 s
[DEV]   QWK:  0.763, PRS: 0.796, SPR: 0.750, RMSE: 0.921, (Best @ 35: {{0.821}}, 0.823, 0.797, 0.890)
[TEST]  QWK:  0.787, PRS: 0.806, SPR: 0.754, RMSE: 0.855 (Best @ 35: {{0.810}}, 0.812, 0.773, 0.893)
--------------------------------------------------------------------------------------------------------------------------
Epoch 48/50
Training one epoch in 24.292 s
[DEV]   QWK:  0.754, PRS: 0.784, SPR: 0.741, RMSE: 0.997, (Best @ 35: {{0.821}}, 0.823, 0.797, 0.890)
[TEST]  QWK:  0.796, PRS: 0.811, SPR: 0.760, RMSE: 0.871 (Best @ 35: {{0.810}}, 0.812, 0.773, 0.893)
--------------------------------------------------------------------------------------------------------------------------
Epoch 49/50
Training one epoch in 24.229 s
[DEV]   QWK:  0.782, PRS: 0.792, SPR: 0.764, RMSE: 0.944, (Best @ 35: {{0.821}}, 0.823, 0.797, 0.890)
[TEST]  QWK:  0.779, PRS: 0.789, SPR: 0.744, RMSE: 0.912 (Best @ 35: {{0.810}}, 0.812, 0.773, 0.893)
--------------------------------------------------------------------------------------------------------------------------
Epoch 50/50
Training one epoch in 24.332 s
[DEV]   QWK:  0.792, PRS: 0.793, SPR: 0.759, RMSE: 0.947, (Best @ 35: {{0.821}}, 0.823, 0.797, 0.890)
[TEST]  QWK:  0.817, PRS: 0.818, SPR: 0.764, RMSE: 0.858 (Best @ 35: {{0.810}}, 0.812, 0.773, 0.893)
--------------------------------------------------------------------------------------------------------------------------
