X_train shape: (1099, 3350)
Initial evaluation: 
[DEV]   QWK:  0.004, PRS: 0.090, SPR: 0.089, RMSE: 4.349, (Best @ -1: {{0.004}}, 0.090, 0.089, 4.349)
[TEST]  QWK:  0.010, PRS: 0.182, SPR: 0.168, RMSE: 4.706 (Best @ -1: {{0.010}}, 0.182, 0.168, 4.706)
--------------------------------------------------------------------------------------------------------------------------
Train model
Epoch 1/50
Training one epoch in 2.915 s
[DEV]   QWK:  0.562, PRS: 0.672, SPR: 0.691, RMSE: 3.392, (Best @ 1: {{0.562}}, 0.672, 0.691, 3.392)
[TEST]  QWK:  0.631, PRS: 0.742, SPR: 0.752, RMSE: 3.337 (Best @ 1: {{0.631}}, 0.742, 0.752, 3.337)
--------------------------------------------------------------------------------------------------------------------------
Epoch 2/50
Training one epoch in 1.917 s
[DEV]   QWK:  0.468, PRS: 0.665, SPR: 0.681, RMSE: 3.456, (Best @ 1: {{0.562}}, 0.672, 0.691, 3.392)
[TEST]  QWK:  0.548, PRS: 0.755, SPR: 0.760, RMSE: 3.426 (Best @ 1: {{0.631}}, 0.742, 0.752, 3.337)
--------------------------------------------------------------------------------------------------------------------------
Epoch 3/50
Training one epoch in 1.915 s
[DEV]   QWK:  0.628, PRS: 0.684, SPR: 0.709, RMSE: 3.139, (Best @ 3: {{0.628}}, 0.684, 0.709, 3.139)
[TEST]  QWK:  0.692, PRS: 0.750, SPR: 0.747, RMSE: 3.087 (Best @ 3: {{0.692}}, 0.750, 0.747, 3.087)
--------------------------------------------------------------------------------------------------------------------------
Epoch 4/50
Training one epoch in 1.919 s
[DEV]   QWK:  0.428, PRS: 0.685, SPR: 0.717, RMSE: 5.199, (Best @ 3: {{0.628}}, 0.684, 0.709, 3.139)
[TEST]  QWK:  0.504, PRS: 0.744, SPR: 0.763, RMSE: 5.047 (Best @ 3: {{0.692}}, 0.750, 0.747, 3.087)
--------------------------------------------------------------------------------------------------------------------------
Epoch 5/50
Training one epoch in 1.920 s
[DEV]   QWK:  0.574, PRS: 0.700, SPR: 0.723, RMSE: 3.328, (Best @ 3: {{0.628}}, 0.684, 0.709, 3.139)
[TEST]  QWK:  0.640, PRS: 0.763, SPR: 0.774, RMSE: 3.277 (Best @ 3: {{0.692}}, 0.750, 0.747, 3.087)
--------------------------------------------------------------------------------------------------------------------------
Epoch 6/50
Training one epoch in 1.919 s
[DEV]   QWK:  0.589, PRS: 0.706, SPR: 0.738, RMSE: 3.920, (Best @ 3: {{0.628}}, 0.684, 0.709, 3.139)
[TEST]  QWK:  0.662, PRS: 0.765, SPR: 0.774, RMSE: 3.744 (Best @ 3: {{0.692}}, 0.750, 0.747, 3.087)
--------------------------------------------------------------------------------------------------------------------------
Epoch 7/50
Training one epoch in 1.918 s
[DEV]   QWK:  0.663, PRS: 0.719, SPR: 0.735, RMSE: 3.125, (Best @ 7: {{0.663}}, 0.719, 0.735, 3.125)
[TEST]  QWK:  0.711, PRS: 0.773, SPR: 0.775, RMSE: 3.141 (Best @ 7: {{0.711}}, 0.773, 0.775, 3.141)
--------------------------------------------------------------------------------------------------------------------------
Epoch 8/50
Training one epoch in 1.915 s
[DEV]   QWK:  0.676, PRS: 0.723, SPR: 0.749, RMSE: 3.004, (Best @ 8: {{0.676}}, 0.723, 0.749, 3.004)
[TEST]  QWK:  0.731, PRS: 0.778, SPR: 0.785, RMSE: 2.936 (Best @ 8: {{0.731}}, 0.778, 0.785, 2.936)
--------------------------------------------------------------------------------------------------------------------------
Epoch 9/50
Training one epoch in 1.913 s
[DEV]   QWK:  0.667, PRS: 0.726, SPR: 0.759, RMSE: 3.261, (Best @ 8: {{0.676}}, 0.723, 0.749, 3.004)
[TEST]  QWK:  0.728, PRS: 0.776, SPR: 0.786, RMSE: 3.131 (Best @ 8: {{0.731}}, 0.778, 0.785, 2.936)
--------------------------------------------------------------------------------------------------------------------------
Epoch 10/50
Training one epoch in 1.915 s
[DEV]   QWK:  0.634, PRS: 0.736, SPR: 0.777, RMSE: 3.367, (Best @ 8: {{0.676}}, 0.723, 0.749, 3.004)
[TEST]  QWK:  0.700, PRS: 0.780, SPR: 0.786, RMSE: 3.220 (Best @ 8: {{0.731}}, 0.778, 0.785, 2.936)
--------------------------------------------------------------------------------------------------------------------------
Epoch 11/50
Training one epoch in 1.916 s
[DEV]   QWK:  0.734, PRS: 0.757, SPR: 0.784, RMSE: 2.850, (Best @ 11: {{0.734}}, 0.757, 0.784, 2.850)
[TEST]  QWK:  0.751, PRS: 0.788, SPR: 0.790, RMSE: 2.957 (Best @ 11: {{0.751}}, 0.788, 0.790, 2.957)
--------------------------------------------------------------------------------------------------------------------------
Epoch 12/50
Training one epoch in 1.914 s
[DEV]   QWK:  0.726, PRS: 0.754, SPR: 0.780, RMSE: 2.870, (Best @ 11: {{0.734}}, 0.757, 0.784, 2.850)
[TEST]  QWK:  0.760, PRS: 0.789, SPR: 0.792, RMSE: 2.853 (Best @ 11: {{0.751}}, 0.788, 0.790, 2.957)
--------------------------------------------------------------------------------------------------------------------------
Epoch 13/50
Training one epoch in 1.920 s
[DEV]   QWK:  0.722, PRS: 0.755, SPR: 0.785, RMSE: 2.915, (Best @ 11: {{0.734}}, 0.757, 0.784, 2.850)
[TEST]  QWK:  0.756, PRS: 0.784, SPR: 0.786, RMSE: 2.907 (Best @ 11: {{0.751}}, 0.788, 0.790, 2.957)
--------------------------------------------------------------------------------------------------------------------------
Epoch 14/50
Training one epoch in 1.922 s
[DEV]   QWK:  0.727, PRS: 0.751, SPR: 0.777, RMSE: 2.856, (Best @ 11: {{0.734}}, 0.757, 0.784, 2.850)
[TEST]  QWK:  0.771, PRS: 0.797, SPR: 0.806, RMSE: 2.798 (Best @ 11: {{0.751}}, 0.788, 0.790, 2.957)
--------------------------------------------------------------------------------------------------------------------------
Epoch 15/50
Training one epoch in 1.933 s
[DEV]   QWK:  0.713, PRS: 0.750, SPR: 0.777, RMSE: 2.878, (Best @ 11: {{0.734}}, 0.757, 0.784, 2.850)
[TEST]  QWK:  0.759, PRS: 0.797, SPR: 0.802, RMSE: 2.817 (Best @ 11: {{0.751}}, 0.788, 0.790, 2.957)
--------------------------------------------------------------------------------------------------------------------------
Epoch 16/50
Training one epoch in 1.917 s
[DEV]   QWK:  0.757, PRS: 0.763, SPR: 0.788, RMSE: 2.864, (Best @ 16: {{0.757}}, 0.763, 0.788, 2.864)
[TEST]  QWK:  0.785, PRS: 0.793, SPR: 0.794, RMSE: 2.845 (Best @ 16: {{0.785}}, 0.793, 0.794, 2.845)
--------------------------------------------------------------------------------------------------------------------------
Epoch 17/50
Training one epoch in 1.916 s
[DEV]   QWK:  0.744, PRS: 0.766, SPR: 0.791, RMSE: 2.763, (Best @ 16: {{0.757}}, 0.763, 0.788, 2.864)
[TEST]  QWK:  0.756, PRS: 0.786, SPR: 0.784, RMSE: 2.881 (Best @ 16: {{0.785}}, 0.793, 0.794, 2.845)
--------------------------------------------------------------------------------------------------------------------------
Epoch 18/50
Training one epoch in 1.918 s
[DEV]   QWK:  0.748, PRS: 0.764, SPR: 0.787, RMSE: 2.782, (Best @ 16: {{0.757}}, 0.763, 0.788, 2.864)
[TEST]  QWK:  0.777, PRS: 0.799, SPR: 0.800, RMSE: 2.799 (Best @ 16: {{0.785}}, 0.793, 0.794, 2.845)
--------------------------------------------------------------------------------------------------------------------------
Epoch 19/50
Training one epoch in 1.919 s
[DEV]   QWK:  0.736, PRS: 0.766, SPR: 0.792, RMSE: 2.764, (Best @ 16: {{0.757}}, 0.763, 0.788, 2.864)
[TEST]  QWK:  0.749, PRS: 0.791, SPR: 0.791, RMSE: 2.858 (Best @ 16: {{0.785}}, 0.793, 0.794, 2.845)
--------------------------------------------------------------------------------------------------------------------------
Epoch 20/50
Training one epoch in 1.912 s
[DEV]   QWK:  0.735, PRS: 0.763, SPR: 0.788, RMSE: 3.021, (Best @ 16: {{0.757}}, 0.763, 0.788, 2.864)
[TEST]  QWK:  0.782, PRS: 0.798, SPR: 0.804, RMSE: 2.907 (Best @ 16: {{0.785}}, 0.793, 0.794, 2.845)
--------------------------------------------------------------------------------------------------------------------------
Epoch 21/50
Training one epoch in 1.921 s
[DEV]   QWK:  0.743, PRS: 0.773, SPR: 0.797, RMSE: 2.866, (Best @ 16: {{0.757}}, 0.763, 0.788, 2.864)
[TEST]  QWK:  0.771, PRS: 0.794, SPR: 0.794, RMSE: 2.872 (Best @ 16: {{0.785}}, 0.793, 0.794, 2.845)
--------------------------------------------------------------------------------------------------------------------------
Epoch 22/50
Training one epoch in 1.916 s
[DEV]   QWK:  0.704, PRS: 0.766, SPR: 0.795, RMSE: 3.228, (Best @ 16: {{0.757}}, 0.763, 0.788, 2.864)
[TEST]  QWK:  0.748, PRS: 0.794, SPR: 0.800, RMSE: 3.122 (Best @ 16: {{0.785}}, 0.793, 0.794, 2.845)
--------------------------------------------------------------------------------------------------------------------------
Epoch 23/50
Training one epoch in 1.917 s
[DEV]   QWK:  0.754, PRS: 0.777, SPR: 0.802, RMSE: 3.074, (Best @ 16: {{0.757}}, 0.763, 0.788, 2.864)
[TEST]  QWK:  0.788, PRS: 0.798, SPR: 0.804, RMSE: 3.010 (Best @ 16: {{0.785}}, 0.793, 0.794, 2.845)
--------------------------------------------------------------------------------------------------------------------------
Epoch 24/50
Training one epoch in 1.918 s
[DEV]   QWK:  0.755, PRS: 0.776, SPR: 0.803, RMSE: 2.711, (Best @ 16: {{0.757}}, 0.763, 0.788, 2.864)
[TEST]  QWK:  0.779, PRS: 0.807, SPR: 0.809, RMSE: 2.744 (Best @ 16: {{0.785}}, 0.793, 0.794, 2.845)
--------------------------------------------------------------------------------------------------------------------------
Epoch 25/50
Training one epoch in 1.923 s
[DEV]   QWK:  0.732, PRS: 0.774, SPR: 0.803, RMSE: 2.971, (Best @ 16: {{0.757}}, 0.763, 0.788, 2.864)
[TEST]  QWK:  0.765, PRS: 0.799, SPR: 0.806, RMSE: 2.918 (Best @ 16: {{0.785}}, 0.793, 0.794, 2.845)
--------------------------------------------------------------------------------------------------------------------------
Epoch 26/50
Training one epoch in 1.919 s
[DEV]   QWK:  0.752, PRS: 0.779, SPR: 0.807, RMSE: 2.707, (Best @ 16: {{0.757}}, 0.763, 0.788, 2.864)
[TEST]  QWK:  0.756, PRS: 0.791, SPR: 0.800, RMSE: 2.844 (Best @ 16: {{0.785}}, 0.793, 0.794, 2.845)
--------------------------------------------------------------------------------------------------------------------------
Epoch 27/50
Training one epoch in 1.916 s
[DEV]   QWK:  0.660, PRS: 0.769, SPR: 0.807, RMSE: 3.511, (Best @ 16: {{0.757}}, 0.763, 0.788, 2.864)
[TEST]  QWK:  0.705, PRS: 0.793, SPR: 0.805, RMSE: 3.402 (Best @ 16: {{0.785}}, 0.793, 0.794, 2.845)
--------------------------------------------------------------------------------------------------------------------------
Epoch 28/50
Training one epoch in 1.922 s
[DEV]   QWK:  0.752, PRS: 0.779, SPR: 0.807, RMSE: 2.736, (Best @ 16: {{0.757}}, 0.763, 0.788, 2.864)
[TEST]  QWK:  0.759, PRS: 0.802, SPR: 0.806, RMSE: 2.864 (Best @ 16: {{0.785}}, 0.793, 0.794, 2.845)
--------------------------------------------------------------------------------------------------------------------------
Epoch 29/50
Training one epoch in 1.917 s
[DEV]   QWK:  0.757, PRS: 0.780, SPR: 0.807, RMSE: 2.717, (Best @ 29: {{0.757}}, 0.780, 0.807, 2.717)
[TEST]  QWK:  0.763, PRS: 0.798, SPR: 0.803, RMSE: 2.861 (Best @ 29: {{0.763}}, 0.798, 0.803, 2.861)
--------------------------------------------------------------------------------------------------------------------------
Epoch 30/50
Training one epoch in 1.918 s
[DEV]   QWK:  0.754, PRS: 0.780, SPR: 0.806, RMSE: 2.807, (Best @ 29: {{0.757}}, 0.780, 0.807, 2.717)
[TEST]  QWK:  0.760, PRS: 0.799, SPR: 0.803, RMSE: 2.961 (Best @ 29: {{0.763}}, 0.798, 0.803, 2.861)
--------------------------------------------------------------------------------------------------------------------------
Epoch 31/50
Training one epoch in 1.921 s
[DEV]   QWK:  0.770, PRS: 0.778, SPR: 0.805, RMSE: 2.764, (Best @ 31: {{0.770}}, 0.778, 0.805, 2.764)
[TEST]  QWK:  0.786, PRS: 0.797, SPR: 0.802, RMSE: 2.818 (Best @ 31: {{0.786}}, 0.797, 0.802, 2.818)
--------------------------------------------------------------------------------------------------------------------------
Epoch 32/50
Training one epoch in 1.914 s
[DEV]   QWK:  0.745, PRS: 0.780, SPR: 0.813, RMSE: 2.949, (Best @ 31: {{0.770}}, 0.778, 0.805, 2.764)
[TEST]  QWK:  0.771, PRS: 0.796, SPR: 0.806, RMSE: 2.956 (Best @ 31: {{0.786}}, 0.797, 0.802, 2.818)
--------------------------------------------------------------------------------------------------------------------------
Epoch 33/50
Training one epoch in 1.922 s
[DEV]   QWK:  0.724, PRS: 0.793, SPR: 0.821, RMSE: 3.199, (Best @ 31: {{0.770}}, 0.778, 0.805, 2.764)
[TEST]  QWK:  0.722, PRS: 0.804, SPR: 0.805, RMSE: 3.386 (Best @ 31: {{0.786}}, 0.797, 0.802, 2.818)
--------------------------------------------------------------------------------------------------------------------------
Epoch 34/50
Training one epoch in 1.919 s
[DEV]   QWK:  0.744, PRS: 0.785, SPR: 0.818, RMSE: 3.004, (Best @ 31: {{0.770}}, 0.778, 0.805, 2.764)
[TEST]  QWK:  0.767, PRS: 0.796, SPR: 0.803, RMSE: 3.030 (Best @ 31: {{0.786}}, 0.797, 0.802, 2.818)
--------------------------------------------------------------------------------------------------------------------------
Epoch 35/50
Training one epoch in 1.916 s
[DEV]   QWK:  0.698, PRS: 0.782, SPR: 0.817, RMSE: 3.388, (Best @ 31: {{0.770}}, 0.778, 0.805, 2.764)
[TEST]  QWK:  0.725, PRS: 0.789, SPR: 0.800, RMSE: 3.357 (Best @ 31: {{0.786}}, 0.797, 0.802, 2.818)
--------------------------------------------------------------------------------------------------------------------------
Epoch 36/50
Training one epoch in 1.918 s
[DEV]   QWK:  0.769, PRS: 0.784, SPR: 0.812, RMSE: 2.846, (Best @ 31: {{0.770}}, 0.778, 0.805, 2.764)
[TEST]  QWK:  0.782, PRS: 0.794, SPR: 0.799, RMSE: 2.911 (Best @ 31: {{0.786}}, 0.797, 0.802, 2.818)
--------------------------------------------------------------------------------------------------------------------------
Epoch 37/50
Training one epoch in 1.918 s
[DEV]   QWK:  0.778, PRS: 0.790, SPR: 0.812, RMSE: 2.735, (Best @ 37: {{0.778}}, 0.790, 0.812, 2.735)
[TEST]  QWK:  0.780, PRS: 0.799, SPR: 0.799, RMSE: 2.911 (Best @ 37: {{0.780}}, 0.799, 0.799, 2.911)
--------------------------------------------------------------------------------------------------------------------------
Epoch 38/50
Training one epoch in 1.917 s
[DEV]   QWK:  0.758, PRS: 0.777, SPR: 0.804, RMSE: 2.742, (Best @ 37: {{0.778}}, 0.790, 0.812, 2.735)
[TEST]  QWK:  0.771, PRS: 0.792, SPR: 0.796, RMSE: 2.834 (Best @ 37: {{0.780}}, 0.799, 0.799, 2.911)
--------------------------------------------------------------------------------------------------------------------------
Epoch 39/50
Training one epoch in 1.912 s
[DEV]   QWK:  0.764, PRS: 0.786, SPR: 0.813, RMSE: 2.732, (Best @ 37: {{0.778}}, 0.790, 0.812, 2.735)
[TEST]  QWK:  0.773, PRS: 0.795, SPR: 0.800, RMSE: 2.859 (Best @ 37: {{0.780}}, 0.799, 0.799, 2.911)
--------------------------------------------------------------------------------------------------------------------------
Epoch 40/50
Training one epoch in 1.918 s
[DEV]   QWK:  0.788, PRS: 0.790, SPR: 0.818, RMSE: 2.726, (Best @ 40: {{0.788}}, 0.790, 0.818, 2.726)
[TEST]  QWK:  0.797, PRS: 0.799, SPR: 0.803, RMSE: 2.848 (Best @ 40: {{0.797}}, 0.799, 0.803, 2.848)
--------------------------------------------------------------------------------------------------------------------------
Epoch 41/50
Training one epoch in 1.920 s
[DEV]   QWK:  0.756, PRS: 0.781, SPR: 0.807, RMSE: 2.749, (Best @ 40: {{0.788}}, 0.790, 0.818, 2.726)
[TEST]  QWK:  0.757, PRS: 0.788, SPR: 0.787, RMSE: 2.950 (Best @ 40: {{0.797}}, 0.799, 0.803, 2.848)
--------------------------------------------------------------------------------------------------------------------------
Epoch 42/50
Training one epoch in 1.923 s
[DEV]   QWK:  0.786, PRS: 0.791, SPR: 0.819, RMSE: 2.672, (Best @ 40: {{0.788}}, 0.790, 0.818, 2.726)
[TEST]  QWK:  0.784, PRS: 0.790, SPR: 0.794, RMSE: 2.871 (Best @ 40: {{0.797}}, 0.799, 0.803, 2.848)
--------------------------------------------------------------------------------------------------------------------------
Epoch 43/50
Training one epoch in 1.920 s
[DEV]   QWK:  0.763, PRS: 0.783, SPR: 0.813, RMSE: 2.741, (Best @ 40: {{0.788}}, 0.790, 0.818, 2.726)
[TEST]  QWK:  0.770, PRS: 0.789, SPR: 0.794, RMSE: 2.878 (Best @ 40: {{0.797}}, 0.799, 0.803, 2.848)
--------------------------------------------------------------------------------------------------------------------------
Epoch 44/50
Training one epoch in 1.918 s
[DEV]   QWK:  0.743, PRS: 0.781, SPR: 0.815, RMSE: 3.111, (Best @ 40: {{0.788}}, 0.790, 0.818, 2.726)
[TEST]  QWK:  0.760, PRS: 0.790, SPR: 0.796, RMSE: 3.178 (Best @ 40: {{0.797}}, 0.799, 0.803, 2.848)
--------------------------------------------------------------------------------------------------------------------------
Epoch 45/50
Training one epoch in 1.917 s
[DEV]   QWK:  0.787, PRS: 0.789, SPR: 0.816, RMSE: 2.738, (Best @ 40: {{0.788}}, 0.790, 0.818, 2.726)
[TEST]  QWK:  0.785, PRS: 0.790, SPR: 0.791, RMSE: 2.931 (Best @ 40: {{0.797}}, 0.799, 0.803, 2.848)
--------------------------------------------------------------------------------------------------------------------------
Epoch 46/50
Training one epoch in 1.919 s
[DEV]   QWK:  0.769, PRS: 0.787, SPR: 0.814, RMSE: 2.723, (Best @ 40: {{0.788}}, 0.790, 0.818, 2.726)
[TEST]  QWK:  0.773, PRS: 0.788, SPR: 0.799, RMSE: 2.893 (Best @ 40: {{0.797}}, 0.799, 0.803, 2.848)
--------------------------------------------------------------------------------------------------------------------------
Epoch 47/50
Training one epoch in 1.922 s
[DEV]   QWK:  0.707, PRS: 0.788, SPR: 0.821, RMSE: 3.434, (Best @ 40: {{0.788}}, 0.790, 0.818, 2.726)
[TEST]  QWK:  0.710, PRS: 0.776, SPR: 0.786, RMSE: 3.590 (Best @ 40: {{0.797}}, 0.799, 0.803, 2.848)
--------------------------------------------------------------------------------------------------------------------------
Epoch 48/50
Training one epoch in 1.916 s
[DEV]   QWK:  0.760, PRS: 0.780, SPR: 0.811, RMSE: 2.777, (Best @ 40: {{0.788}}, 0.790, 0.818, 2.726)
[TEST]  QWK:  0.753, PRS: 0.780, SPR: 0.783, RMSE: 3.005 (Best @ 40: {{0.797}}, 0.799, 0.803, 2.848)
--------------------------------------------------------------------------------------------------------------------------
Epoch 49/50
Training one epoch in 1.915 s
[DEV]   QWK:  0.737, PRS: 0.782, SPR: 0.811, RMSE: 3.045, (Best @ 40: {{0.788}}, 0.790, 0.818, 2.726)
[TEST]  QWK:  0.741, PRS: 0.776, SPR: 0.781, RMSE: 3.210 (Best @ 40: {{0.797}}, 0.799, 0.803, 2.848)
--------------------------------------------------------------------------------------------------------------------------
Epoch 50/50
Training one epoch in 1.913 s
[DEV]   QWK:  0.749, PRS: 0.789, SPR: 0.816, RMSE: 2.889, (Best @ 40: {{0.788}}, 0.790, 0.818, 2.726)
[TEST]  QWK:  0.737, PRS: 0.783, SPR: 0.786, RMSE: 3.173 (Best @ 40: {{0.797}}, 0.799, 0.803, 2.848)
--------------------------------------------------------------------------------------------------------------------------
