X_train shape: (1260, 4400)
Initial evaluation: 
[DEV]   QWK:  0.000, PRS: 0.000, SPR: 0.000, RMSE: 0.994, (Best @ -1: {{0.000}}, 0.000, 0.000, 0.994)
[TEST]  QWK:  0.000, PRS: 0.000, SPR: 0.000, RMSE: 0.978 (Best @ -1: {{0.000}}, 0.000, 0.000, 0.978)
--------------------------------------------------------------------------------------------------------------------------
Train model
Epoch 1/50
Training one epoch in 3.565 s
[DEV]   QWK:  0.445, PRS: 0.524, SPR: 0.497, RMSE: 0.711, (Best @ 1: {{0.445}}, 0.524, 0.497, 0.711)
[TEST]  QWK:  0.469, PRS: 0.538, SPR: 0.514, RMSE: 0.675 (Best @ 1: {{0.469}}, 0.538, 0.514, 0.675)
--------------------------------------------------------------------------------------------------------------------------
Epoch 2/50
Training one epoch in 2.600 s
[DEV]   QWK:  0.560, PRS: 0.586, SPR: 0.560, RMSE: 0.658, (Best @ 2: {{0.560}}, 0.586, 0.560, 0.658)
[TEST]  QWK:  0.575, PRS: 0.598, SPR: 0.633, RMSE: 0.632 (Best @ 2: {{0.575}}, 0.598, 0.633, 0.632)
--------------------------------------------------------------------------------------------------------------------------
Epoch 3/50
Training one epoch in 2.589 s
[DEV]   QWK:  0.554, PRS: 0.583, SPR: 0.572, RMSE: 0.658, (Best @ 2: {{0.560}}, 0.586, 0.560, 0.658)
[TEST]  QWK:  0.578, PRS: 0.606, SPR: 0.657, RMSE: 0.624 (Best @ 2: {{0.575}}, 0.598, 0.633, 0.632)
--------------------------------------------------------------------------------------------------------------------------
Epoch 4/50
Training one epoch in 2.593 s
[DEV]   QWK:  0.496, PRS: 0.541, SPR: 0.555, RMSE: 0.679, (Best @ 2: {{0.560}}, 0.586, 0.560, 0.658)
[TEST]  QWK:  0.559, PRS: 0.598, SPR: 0.654, RMSE: 0.628 (Best @ 2: {{0.575}}, 0.598, 0.633, 0.632)
--------------------------------------------------------------------------------------------------------------------------
Epoch 5/50
Training one epoch in 2.592 s
[DEV]   QWK:  0.557, PRS: 0.653, SPR: 0.671, RMSE: 0.784, (Best @ 2: {{0.560}}, 0.586, 0.560, 0.658)
[TEST]  QWK:  0.529, PRS: 0.630, SPR: 0.677, RMSE: 0.827 (Best @ 2: {{0.575}}, 0.598, 0.633, 0.632)
--------------------------------------------------------------------------------------------------------------------------
Epoch 6/50
Training one epoch in 2.593 s
[DEV]   QWK:  0.547, PRS: 0.596, SPR: 0.562, RMSE: 0.665, (Best @ 2: {{0.560}}, 0.586, 0.560, 0.658)
[TEST]  QWK:  0.488, PRS: 0.528, SPR: 0.548, RMSE: 0.679 (Best @ 2: {{0.575}}, 0.598, 0.633, 0.632)
--------------------------------------------------------------------------------------------------------------------------
Epoch 7/50
Training one epoch in 2.590 s
[DEV]   QWK:  0.659, PRS: 0.669, SPR: 0.649, RMSE: 0.621, (Best @ 7: {{0.659}}, 0.669, 0.649, 0.621)
[TEST]  QWK:  0.663, PRS: 0.677, SPR: 0.704, RMSE: 0.601 (Best @ 7: {{0.663}}, 0.677, 0.704, 0.601)
--------------------------------------------------------------------------------------------------------------------------
Epoch 8/50
Training one epoch in 2.594 s
[DEV]   QWK:  0.653, PRS: 0.678, SPR: 0.648, RMSE: 0.621, (Best @ 7: {{0.659}}, 0.669, 0.649, 0.621)
[TEST]  QWK:  0.619, PRS: 0.638, SPR: 0.651, RMSE: 0.645 (Best @ 7: {{0.663}}, 0.677, 0.704, 0.601)
--------------------------------------------------------------------------------------------------------------------------
Epoch 9/50
Training one epoch in 2.596 s
[DEV]   QWK:  0.662, PRS: 0.684, SPR: 0.655, RMSE: 0.610, (Best @ 9: {{0.662}}, 0.684, 0.655, 0.610)
[TEST]  QWK:  0.660, PRS: 0.668, SPR: 0.689, RMSE: 0.610 (Best @ 9: {{0.660}}, 0.668, 0.689, 0.610)
--------------------------------------------------------------------------------------------------------------------------
Epoch 10/50
Training one epoch in 2.590 s
[DEV]   QWK:  0.645, PRS: 0.657, SPR: 0.637, RMSE: 0.626, (Best @ 9: {{0.662}}, 0.684, 0.655, 0.610)
[TEST]  QWK:  0.675, PRS: 0.688, SPR: 0.709, RMSE: 0.577 (Best @ 9: {{0.660}}, 0.668, 0.689, 0.610)
--------------------------------------------------------------------------------------------------------------------------
Epoch 11/50
Training one epoch in 2.594 s
[DEV]   QWK:  0.655, PRS: 0.667, SPR: 0.644, RMSE: 0.608, (Best @ 9: {{0.662}}, 0.684, 0.655, 0.610)
[TEST]  QWK:  0.638, PRS: 0.648, SPR: 0.674, RMSE: 0.606 (Best @ 9: {{0.660}}, 0.668, 0.689, 0.610)
--------------------------------------------------------------------------------------------------------------------------
Epoch 12/50
Training one epoch in 2.598 s
[DEV]   QWK:  0.594, PRS: 0.647, SPR: 0.660, RMSE: 0.639, (Best @ 9: {{0.662}}, 0.684, 0.655, 0.610)
[TEST]  QWK:  0.587, PRS: 0.626, SPR: 0.677, RMSE: 0.645 (Best @ 9: {{0.660}}, 0.668, 0.689, 0.610)
--------------------------------------------------------------------------------------------------------------------------
Epoch 13/50
Training one epoch in 2.594 s
[DEV]   QWK:  0.657, PRS: 0.702, SPR: 0.686, RMSE: 0.637, (Best @ 9: {{0.662}}, 0.684, 0.655, 0.610)
[TEST]  QWK:  0.598, PRS: 0.638, SPR: 0.648, RMSE: 0.671 (Best @ 9: {{0.660}}, 0.668, 0.689, 0.610)
--------------------------------------------------------------------------------------------------------------------------
Epoch 14/50
Training one epoch in 2.594 s
[DEV]   QWK:  0.579, PRS: 0.617, SPR: 0.631, RMSE: 0.648, (Best @ 9: {{0.662}}, 0.684, 0.655, 0.610)
[TEST]  QWK:  0.618, PRS: 0.650, SPR: 0.709, RMSE: 0.606 (Best @ 9: {{0.660}}, 0.668, 0.689, 0.610)
--------------------------------------------------------------------------------------------------------------------------
Epoch 15/50
Training one epoch in 2.594 s
[DEV]   QWK:  0.605, PRS: 0.629, SPR: 0.620, RMSE: 0.632, (Best @ 9: {{0.662}}, 0.684, 0.655, 0.610)
[TEST]  QWK:  0.598, PRS: 0.616, SPR: 0.656, RMSE: 0.624 (Best @ 9: {{0.660}}, 0.668, 0.689, 0.610)
--------------------------------------------------------------------------------------------------------------------------
Epoch 16/50
Training one epoch in 2.598 s
[DEV]   QWK:  0.587, PRS: 0.614, SPR: 0.607, RMSE: 0.639, (Best @ 9: {{0.662}}, 0.684, 0.655, 0.610)
[TEST]  QWK:  0.586, PRS: 0.612, SPR: 0.655, RMSE: 0.619 (Best @ 9: {{0.660}}, 0.668, 0.689, 0.610)
--------------------------------------------------------------------------------------------------------------------------
Epoch 17/50
Training one epoch in 2.592 s
[DEV]   QWK:  0.578, PRS: 0.611, SPR: 0.614, RMSE: 0.637, (Best @ 9: {{0.662}}, 0.684, 0.655, 0.610)
[TEST]  QWK:  0.589, PRS: 0.630, SPR: 0.663, RMSE: 0.601 (Best @ 9: {{0.660}}, 0.668, 0.689, 0.610)
--------------------------------------------------------------------------------------------------------------------------
Epoch 18/50
Training one epoch in 2.593 s
[DEV]   QWK:  0.682, PRS: 0.705, SPR: 0.684, RMSE: 0.603, (Best @ 18: {{0.682}}, 0.705, 0.684, 0.603)
[TEST]  QWK:  0.625, PRS: 0.640, SPR: 0.657, RMSE: 0.632 (Best @ 18: {{0.625}}, 0.640, 0.657, 0.632)
--------------------------------------------------------------------------------------------------------------------------
Epoch 19/50
Training one epoch in 2.594 s
[DEV]   QWK:  0.550, PRS: 0.589, SPR: 0.598, RMSE: 0.658, (Best @ 18: {{0.682}}, 0.705, 0.684, 0.603)
[TEST]  QWK:  0.625, PRS: 0.667, SPR: 0.708, RMSE: 0.577 (Best @ 18: {{0.625}}, 0.640, 0.657, 0.632)
--------------------------------------------------------------------------------------------------------------------------
Epoch 20/50
Training one epoch in 2.599 s
[DEV]   QWK:  0.638, PRS: 0.688, SPR: 0.688, RMSE: 0.650, (Best @ 18: {{0.682}}, 0.705, 0.684, 0.603)
[TEST]  QWK:  0.604, PRS: 0.655, SPR: 0.677, RMSE: 0.671 (Best @ 18: {{0.625}}, 0.640, 0.657, 0.632)
--------------------------------------------------------------------------------------------------------------------------
Epoch 21/50
Training one epoch in 2.594 s
[DEV]   QWK:  0.659, PRS: 0.673, SPR: 0.647, RMSE: 0.601, (Best @ 18: {{0.682}}, 0.705, 0.684, 0.603)
[TEST]  QWK:  0.630, PRS: 0.643, SPR: 0.670, RMSE: 0.606 (Best @ 18: {{0.625}}, 0.640, 0.657, 0.632)
--------------------------------------------------------------------------------------------------------------------------
Epoch 22/50
Training one epoch in 2.597 s
[DEV]   QWK:  0.597, PRS: 0.616, SPR: 0.605, RMSE: 0.641, (Best @ 18: {{0.682}}, 0.705, 0.684, 0.603)
[TEST]  QWK:  0.600, PRS: 0.619, SPR: 0.656, RMSE: 0.619 (Best @ 18: {{0.625}}, 0.640, 0.657, 0.632)
--------------------------------------------------------------------------------------------------------------------------
Epoch 23/50
Training one epoch in 2.594 s
[DEV]   QWK:  0.671, PRS: 0.690, SPR: 0.669, RMSE: 0.599, (Best @ 18: {{0.682}}, 0.705, 0.684, 0.603)
[TEST]  QWK:  0.649, PRS: 0.663, SPR: 0.687, RMSE: 0.601 (Best @ 18: {{0.625}}, 0.640, 0.657, 0.632)
--------------------------------------------------------------------------------------------------------------------------
Epoch 24/50
Training one epoch in 2.593 s
[DEV]   QWK:  0.610, PRS: 0.636, SPR: 0.642, RMSE: 0.626, (Best @ 18: {{0.682}}, 0.705, 0.684, 0.603)
[TEST]  QWK:  0.613, PRS: 0.636, SPR: 0.672, RMSE: 0.610 (Best @ 18: {{0.625}}, 0.640, 0.657, 0.632)
--------------------------------------------------------------------------------------------------------------------------
Epoch 25/50
Training one epoch in 2.601 s
[DEV]   QWK:  0.699, PRS: 0.705, SPR: 0.687, RMSE: 0.606, (Best @ 25: {{0.699}}, 0.705, 0.687, 0.606)
[TEST]  QWK:  0.699, PRS: 0.706, SPR: 0.734, RMSE: 0.601 (Best @ 25: {{0.699}}, 0.706, 0.734, 0.601)
--------------------------------------------------------------------------------------------------------------------------
Epoch 26/50
Training one epoch in 2.594 s
[DEV]   QWK:  0.703, PRS: 0.704, SPR: 0.693, RMSE: 0.596, (Best @ 26: {{0.703}}, 0.704, 0.693, 0.596)
[TEST]  QWK:  0.684, PRS: 0.686, SPR: 0.694, RMSE: 0.596 (Best @ 26: {{0.684}}, 0.686, 0.694, 0.596)
--------------------------------------------------------------------------------------------------------------------------
Epoch 27/50
Training one epoch in 2.594 s
[DEV]   QWK:  0.651, PRS: 0.666, SPR: 0.654, RMSE: 0.608, (Best @ 26: {{0.703}}, 0.704, 0.693, 0.596)
[TEST]  QWK:  0.633, PRS: 0.646, SPR: 0.671, RMSE: 0.610 (Best @ 26: {{0.684}}, 0.686, 0.694, 0.596)
--------------------------------------------------------------------------------------------------------------------------
Epoch 28/50
Training one epoch in 2.595 s
[DEV]   QWK:  0.607, PRS: 0.690, SPR: 0.710, RMSE: 0.673, (Best @ 26: {{0.703}}, 0.704, 0.693, 0.596)
[TEST]  QWK:  0.579, PRS: 0.651, SPR: 0.677, RMSE: 0.695 (Best @ 26: {{0.684}}, 0.686, 0.694, 0.596)
--------------------------------------------------------------------------------------------------------------------------
Epoch 29/50
Training one epoch in 2.599 s
[DEV]   QWK:  0.639, PRS: 0.659, SPR: 0.646, RMSE: 0.608, (Best @ 26: {{0.703}}, 0.704, 0.693, 0.596)
[TEST]  QWK:  0.593, PRS: 0.619, SPR: 0.652, RMSE: 0.615 (Best @ 26: {{0.684}}, 0.686, 0.694, 0.596)
--------------------------------------------------------------------------------------------------------------------------
Epoch 30/50
Training one epoch in 2.598 s
[DEV]   QWK:  0.701, PRS: 0.707, SPR: 0.699, RMSE: 0.594, (Best @ 26: {{0.703}}, 0.704, 0.693, 0.596)
[TEST]  QWK:  0.677, PRS: 0.682, SPR: 0.683, RMSE: 0.596 (Best @ 26: {{0.684}}, 0.686, 0.694, 0.596)
--------------------------------------------------------------------------------------------------------------------------
Epoch 31/50
Training one epoch in 2.597 s
[DEV]   QWK:  0.705, PRS: 0.708, SPR: 0.698, RMSE: 0.594, (Best @ 31: {{0.705}}, 0.708, 0.698, 0.594)
[TEST]  QWK:  0.675, PRS: 0.677, SPR: 0.689, RMSE: 0.606 (Best @ 31: {{0.675}}, 0.677, 0.689, 0.606)
--------------------------------------------------------------------------------------------------------------------------
Epoch 32/50
Training one epoch in 2.597 s
[DEV]   QWK:  0.650, PRS: 0.672, SPR: 0.658, RMSE: 0.601, (Best @ 31: {{0.705}}, 0.708, 0.698, 0.594)
[TEST]  QWK:  0.635, PRS: 0.658, SPR: 0.682, RMSE: 0.592 (Best @ 31: {{0.675}}, 0.677, 0.689, 0.606)
--------------------------------------------------------------------------------------------------------------------------
Epoch 33/50
Training one epoch in 2.595 s
[DEV]   QWK:  0.658, PRS: 0.673, SPR: 0.660, RMSE: 0.599, (Best @ 31: {{0.705}}, 0.708, 0.698, 0.594)
[TEST]  QWK:  0.654, PRS: 0.670, SPR: 0.678, RMSE: 0.582 (Best @ 31: {{0.675}}, 0.677, 0.689, 0.606)
--------------------------------------------------------------------------------------------------------------------------
Epoch 34/50
Training one epoch in 2.597 s
[DEV]   QWK:  0.662, PRS: 0.684, SPR: 0.681, RMSE: 0.603, (Best @ 31: {{0.705}}, 0.708, 0.698, 0.594)
[TEST]  QWK:  0.646, PRS: 0.670, SPR: 0.699, RMSE: 0.596 (Best @ 31: {{0.675}}, 0.677, 0.689, 0.606)
--------------------------------------------------------------------------------------------------------------------------
Epoch 35/50
Training one epoch in 2.595 s
[DEV]   QWK:  0.671, PRS: 0.693, SPR: 0.675, RMSE: 0.606, (Best @ 31: {{0.705}}, 0.708, 0.698, 0.594)
[TEST]  QWK:  0.630, PRS: 0.646, SPR: 0.653, RMSE: 0.628 (Best @ 31: {{0.675}}, 0.677, 0.689, 0.606)
--------------------------------------------------------------------------------------------------------------------------
Epoch 36/50
Training one epoch in 2.600 s
[DEV]   QWK:  0.645, PRS: 0.686, SPR: 0.680, RMSE: 0.645, (Best @ 31: {{0.705}}, 0.708, 0.698, 0.594)
[TEST]  QWK:  0.613, PRS: 0.649, SPR: 0.667, RMSE: 0.650 (Best @ 31: {{0.675}}, 0.677, 0.689, 0.606)
--------------------------------------------------------------------------------------------------------------------------
Epoch 37/50
Training one epoch in 2.596 s
[DEV]   QWK:  0.705, PRS: 0.708, SPR: 0.701, RMSE: 0.596, (Best @ 31: {{0.705}}, 0.708, 0.698, 0.594)
[TEST]  QWK:  0.699, PRS: 0.701, SPR: 0.715, RMSE: 0.587 (Best @ 31: {{0.675}}, 0.677, 0.689, 0.606)
--------------------------------------------------------------------------------------------------------------------------
Epoch 38/50
Training one epoch in 2.592 s
[DEV]   QWK:  0.672, PRS: 0.682, SPR: 0.681, RMSE: 0.608, (Best @ 31: {{0.705}}, 0.708, 0.698, 0.594)
[TEST]  QWK:  0.665, PRS: 0.673, SPR: 0.694, RMSE: 0.596 (Best @ 31: {{0.675}}, 0.677, 0.689, 0.606)
--------------------------------------------------------------------------------------------------------------------------
Epoch 39/50
Training one epoch in 2.599 s
[DEV]   QWK:  0.711, PRS: 0.712, SPR: 0.702, RMSE: 0.594, (Best @ 39: {{0.711}}, 0.712, 0.702, 0.594)
[TEST]  QWK:  0.692, PRS: 0.694, SPR: 0.701, RMSE: 0.587 (Best @ 39: {{0.692}}, 0.694, 0.701, 0.587)
--------------------------------------------------------------------------------------------------------------------------
Epoch 40/50
Training one epoch in 2.595 s
[DEV]   QWK:  0.668, PRS: 0.691, SPR: 0.666, RMSE: 0.606, (Best @ 39: {{0.711}}, 0.712, 0.702, 0.594)
[TEST]  QWK:  0.643, PRS: 0.657, SPR: 0.658, RMSE: 0.615 (Best @ 39: {{0.692}}, 0.694, 0.701, 0.587)
--------------------------------------------------------------------------------------------------------------------------
Epoch 41/50
Training one epoch in 2.596 s
[DEV]   QWK:  0.660, PRS: 0.681, SPR: 0.682, RMSE: 0.603, (Best @ 39: {{0.711}}, 0.712, 0.702, 0.594)
[TEST]  QWK:  0.646, PRS: 0.670, SPR: 0.691, RMSE: 0.592 (Best @ 39: {{0.692}}, 0.694, 0.701, 0.587)
--------------------------------------------------------------------------------------------------------------------------
Epoch 42/50
Training one epoch in 2.602 s
[DEV]   QWK:  0.616, PRS: 0.687, SPR: 0.681, RMSE: 0.695, (Best @ 39: {{0.711}}, 0.712, 0.702, 0.594)
[TEST]  QWK:  0.581, PRS: 0.656, SPR: 0.678, RMSE: 0.715 (Best @ 39: {{0.692}}, 0.694, 0.701, 0.587)
--------------------------------------------------------------------------------------------------------------------------
Epoch 43/50
Training one epoch in 2.601 s
[DEV]   QWK:  0.654, PRS: 0.668, SPR: 0.667, RMSE: 0.610, (Best @ 39: {{0.711}}, 0.712, 0.702, 0.594)
[TEST]  QWK:  0.644, PRS: 0.663, SPR: 0.687, RMSE: 0.592 (Best @ 39: {{0.692}}, 0.694, 0.701, 0.587)
--------------------------------------------------------------------------------------------------------------------------
Epoch 44/50
Training one epoch in 2.594 s
[DEV]   QWK:  0.663, PRS: 0.692, SPR: 0.670, RMSE: 0.615, (Best @ 39: {{0.711}}, 0.712, 0.702, 0.594)
[TEST]  QWK:  0.635, PRS: 0.652, SPR: 0.645, RMSE: 0.624 (Best @ 39: {{0.692}}, 0.694, 0.701, 0.587)
--------------------------------------------------------------------------------------------------------------------------
Epoch 45/50
Training one epoch in 2.595 s
[DEV]   QWK:  0.661, PRS: 0.678, SPR: 0.671, RMSE: 0.619, (Best @ 39: {{0.711}}, 0.712, 0.702, 0.594)
[TEST]  QWK:  0.651, PRS: 0.674, SPR: 0.688, RMSE: 0.592 (Best @ 39: {{0.692}}, 0.694, 0.701, 0.587)
--------------------------------------------------------------------------------------------------------------------------
Epoch 46/50
Training one epoch in 2.599 s
[DEV]   QWK:  0.697, PRS: 0.701, SPR: 0.695, RMSE: 0.630, (Best @ 39: {{0.711}}, 0.712, 0.702, 0.594)
[TEST]  QWK:  0.676, PRS: 0.681, SPR: 0.694, RMSE: 0.645 (Best @ 39: {{0.692}}, 0.694, 0.701, 0.587)
--------------------------------------------------------------------------------------------------------------------------
Epoch 47/50
Training one epoch in 2.598 s
[DEV]   QWK:  0.674, PRS: 0.690, SPR: 0.667, RMSE: 0.596, (Best @ 39: {{0.711}}, 0.712, 0.702, 0.594)
[TEST]  QWK:  0.648, PRS: 0.659, SPR: 0.656, RMSE: 0.606 (Best @ 39: {{0.692}}, 0.694, 0.701, 0.587)
--------------------------------------------------------------------------------------------------------------------------
Epoch 48/50
Training one epoch in 2.591 s
[DEV]   QWK:  0.640, PRS: 0.651, SPR: 0.646, RMSE: 0.624, (Best @ 39: {{0.711}}, 0.712, 0.702, 0.594)
[TEST]  QWK:  0.716, PRS: 0.722, SPR: 0.714, RMSE: 0.548 (Best @ 39: {{0.692}}, 0.694, 0.701, 0.587)
--------------------------------------------------------------------------------------------------------------------------
Epoch 49/50
Training one epoch in 2.595 s
[DEV]   QWK:  0.647, PRS: 0.660, SPR: 0.650, RMSE: 0.615, (Best @ 39: {{0.711}}, 0.712, 0.702, 0.594)
[TEST]  QWK:  0.664, PRS: 0.677, SPR: 0.692, RMSE: 0.582 (Best @ 39: {{0.692}}, 0.694, 0.701, 0.587)
--------------------------------------------------------------------------------------------------------------------------
Epoch 50/50
Training one epoch in 2.593 s
[DEV]   QWK:  0.659, PRS: 0.689, SPR: 0.666, RMSE: 0.612, (Best @ 39: {{0.711}}, 0.712, 0.702, 0.594)
[TEST]  QWK:  0.650, PRS: 0.665, SPR: 0.658, RMSE: 0.606 (Best @ 39: {{0.692}}, 0.694, 0.701, 0.587)
--------------------------------------------------------------------------------------------------------------------------
