X_train shape: (1249, 3550)
Initial evaluation: 
[DEV]   QWK:  0.179, PRS: 0.407, SPR: 0.402, RMSE: 1.672, (Best @ -1: {{0.179}}, 0.407, 0.402, 1.672)
[TEST]  QWK:  0.175, PRS: 0.406, SPR: 0.393, RMSE: 1.632 (Best @ -1: {{0.175}}, 0.406, 0.393, 1.632)
--------------------------------------------------------------------------------------------------------------------------
Train model
Epoch 1/50
Training one epoch in 3.171 s
[DEV]   QWK:  0.578, PRS: 0.748, SPR: 0.739, RMSE: 1.379, (Best @ 1: {{0.578}}, 0.748, 0.739, 1.379)
[TEST]  QWK:  0.630, PRS: 0.787, SPR: 0.768, RMSE: 1.268 (Best @ 1: {{0.630}}, 0.787, 0.768, 1.268)
--------------------------------------------------------------------------------------------------------------------------
Epoch 2/50
Training one epoch in 2.246 s
[DEV]   QWK:  0.636, PRS: 0.747, SPR: 0.735, RMSE: 1.222, (Best @ 2: {{0.636}}, 0.747, 0.735, 1.222)
[TEST]  QWK:  0.687, PRS: 0.777, SPR: 0.753, RMSE: 1.117 (Best @ 2: {{0.687}}, 0.777, 0.753, 1.117)
--------------------------------------------------------------------------------------------------------------------------
Epoch 3/50
Training one epoch in 2.253 s
[DEV]   QWK:  0.732, PRS: 0.771, SPR: 0.751, RMSE: 1.003, (Best @ 3: {{0.732}}, 0.771, 0.751, 1.003)
[TEST]  QWK:  0.772, PRS: 0.803, SPR: 0.785, RMSE: 0.890 (Best @ 3: {{0.772}}, 0.803, 0.785, 0.890)
--------------------------------------------------------------------------------------------------------------------------
Epoch 4/50
Training one epoch in 2.247 s
[DEV]   QWK:  0.736, PRS: 0.775, SPR: 0.745, RMSE: 0.960, (Best @ 4: {{0.736}}, 0.775, 0.745, 0.960)
[TEST]  QWK:  0.780, PRS: 0.810, SPR: 0.794, RMSE: 0.851 (Best @ 4: {{0.780}}, 0.810, 0.794, 0.851)
--------------------------------------------------------------------------------------------------------------------------
Epoch 5/50
Training one epoch in 2.241 s
[DEV]   QWK:  0.767, PRS: 0.790, SPR: 0.769, RMSE: 0.927, (Best @ 5: {{0.767}}, 0.790, 0.769, 0.927)
[TEST]  QWK:  0.775, PRS: 0.794, SPR: 0.777, RMSE: 0.881 (Best @ 5: {{0.775}}, 0.794, 0.777, 0.881)
--------------------------------------------------------------------------------------------------------------------------
Epoch 6/50
Training one epoch in 2.248 s
[DEV]   QWK:  0.786, PRS: 0.795, SPR: 0.785, RMSE: 0.929, (Best @ 6: {{0.786}}, 0.795, 0.785, 0.929)
[TEST]  QWK:  0.804, PRS: 0.811, SPR: 0.792, RMSE: 0.851 (Best @ 6: {{0.804}}, 0.811, 0.792, 0.851)
--------------------------------------------------------------------------------------------------------------------------
Epoch 7/50
Training one epoch in 2.249 s
[DEV]   QWK:  0.765, PRS: 0.802, SPR: 0.787, RMSE: 0.969, (Best @ 6: {{0.786}}, 0.795, 0.785, 0.929)
[TEST]  QWK:  0.774, PRS: 0.821, SPR: 0.794, RMSE: 0.927 (Best @ 6: {{0.804}}, 0.811, 0.792, 0.851)
--------------------------------------------------------------------------------------------------------------------------
Epoch 8/50
Training one epoch in 2.244 s
[DEV]   QWK:  0.728, PRS: 0.782, SPR: 0.774, RMSE: 0.994, (Best @ 6: {{0.786}}, 0.795, 0.785, 0.929)
[TEST]  QWK:  0.760, PRS: 0.812, SPR: 0.776, RMSE: 0.915 (Best @ 6: {{0.804}}, 0.811, 0.792, 0.851)
--------------------------------------------------------------------------------------------------------------------------
Epoch 9/50
Training one epoch in 2.245 s
[DEV]   QWK:  0.787, PRS: 0.800, SPR: 0.788, RMSE: 0.913, (Best @ 9: {{0.787}}, 0.800, 0.788, 0.913)
[TEST]  QWK:  0.794, PRS: 0.806, SPR: 0.798, RMSE: 0.858 (Best @ 9: {{0.794}}, 0.806, 0.798, 0.858)
--------------------------------------------------------------------------------------------------------------------------
Epoch 10/50
Training one epoch in 2.247 s
[DEV]   QWK:  0.812, PRS: 0.818, SPR: 0.809, RMSE: 0.890, (Best @ 10: {{0.812}}, 0.818, 0.809, 0.890)
[TEST]  QWK:  0.826, PRS: 0.833, SPR: 0.815, RMSE: 0.828 (Best @ 10: {{0.826}}, 0.833, 0.815, 0.828)
--------------------------------------------------------------------------------------------------------------------------
Epoch 11/50
Training one epoch in 2.242 s
[DEV]   QWK:  0.796, PRS: 0.808, SPR: 0.799, RMSE: 0.895, (Best @ 10: {{0.812}}, 0.818, 0.809, 0.890)
[TEST]  QWK:  0.806, PRS: 0.822, SPR: 0.816, RMSE: 0.835 (Best @ 10: {{0.826}}, 0.833, 0.815, 0.828)
--------------------------------------------------------------------------------------------------------------------------
Epoch 12/50
Training one epoch in 2.243 s
[DEV]   QWK:  0.752, PRS: 0.800, SPR: 0.794, RMSE: 0.979, (Best @ 10: {{0.812}}, 0.818, 0.809, 0.890)
[TEST]  QWK:  0.776, PRS: 0.828, SPR: 0.799, RMSE: 0.906 (Best @ 10: {{0.826}}, 0.833, 0.815, 0.828)
--------------------------------------------------------------------------------------------------------------------------
Epoch 13/50
Training one epoch in 2.246 s
[DEV]   QWK:  0.802, PRS: 0.814, SPR: 0.808, RMSE: 0.879, (Best @ 10: {{0.812}}, 0.818, 0.809, 0.890)
[TEST]  QWK:  0.799, PRS: 0.812, SPR: 0.800, RMSE: 0.845 (Best @ 10: {{0.826}}, 0.833, 0.815, 0.828)
--------------------------------------------------------------------------------------------------------------------------
Epoch 14/50
Training one epoch in 2.255 s
[DEV]   QWK:  0.785, PRS: 0.805, SPR: 0.797, RMSE: 0.896, (Best @ 10: {{0.812}}, 0.818, 0.809, 0.890)
[TEST]  QWK:  0.787, PRS: 0.803, SPR: 0.790, RMSE: 0.861 (Best @ 10: {{0.826}}, 0.833, 0.815, 0.828)
--------------------------------------------------------------------------------------------------------------------------
Epoch 15/50
Training one epoch in 2.246 s
[DEV]   QWK:  0.768, PRS: 0.809, SPR: 0.807, RMSE: 0.936, (Best @ 10: {{0.812}}, 0.818, 0.809, 0.890)
[TEST]  QWK:  0.796, PRS: 0.839, SPR: 0.811, RMSE: 0.855 (Best @ 10: {{0.826}}, 0.833, 0.815, 0.828)
--------------------------------------------------------------------------------------------------------------------------
Epoch 16/50
Training one epoch in 2.246 s
[DEV]   QWK:  0.796, PRS: 0.810, SPR: 0.800, RMSE: 0.888, (Best @ 10: {{0.812}}, 0.818, 0.809, 0.890)
[TEST]  QWK:  0.799, PRS: 0.816, SPR: 0.806, RMSE: 0.841 (Best @ 10: {{0.826}}, 0.833, 0.815, 0.828)
--------------------------------------------------------------------------------------------------------------------------
Epoch 17/50
Training one epoch in 2.245 s
[DEV]   QWK:  0.766, PRS: 0.801, SPR: 0.791, RMSE: 0.910, (Best @ 10: {{0.812}}, 0.818, 0.809, 0.890)
[TEST]  QWK:  0.777, PRS: 0.803, SPR: 0.781, RMSE: 0.864 (Best @ 10: {{0.826}}, 0.833, 0.815, 0.828)
--------------------------------------------------------------------------------------------------------------------------
Epoch 18/50
Training one epoch in 2.248 s
[DEV]   QWK:  0.781, PRS: 0.808, SPR: 0.796, RMSE: 0.904, (Best @ 10: {{0.812}}, 0.818, 0.809, 0.890)
[TEST]  QWK:  0.786, PRS: 0.806, SPR: 0.795, RMSE: 0.858 (Best @ 10: {{0.826}}, 0.833, 0.815, 0.828)
--------------------------------------------------------------------------------------------------------------------------
Epoch 19/50
Training one epoch in 2.245 s
[DEV]   QWK:  0.771, PRS: 0.807, SPR: 0.793, RMSE: 0.967, (Best @ 10: {{0.812}}, 0.818, 0.809, 0.890)
[TEST]  QWK:  0.775, PRS: 0.814, SPR: 0.800, RMSE: 0.933 (Best @ 10: {{0.826}}, 0.833, 0.815, 0.828)
--------------------------------------------------------------------------------------------------------------------------
Epoch 20/50
Training one epoch in 2.248 s
[DEV]   QWK:  0.797, PRS: 0.819, SPR: 0.810, RMSE: 0.884, (Best @ 10: {{0.812}}, 0.818, 0.809, 0.890)
[TEST]  QWK:  0.809, PRS: 0.835, SPR: 0.809, RMSE: 0.828 (Best @ 10: {{0.826}}, 0.833, 0.815, 0.828)
--------------------------------------------------------------------------------------------------------------------------
Epoch 21/50
Training one epoch in 2.250 s
[DEV]   QWK:  0.777, PRS: 0.796, SPR: 0.789, RMSE: 0.958, (Best @ 10: {{0.812}}, 0.818, 0.809, 0.890)
[TEST]  QWK:  0.811, PRS: 0.823, SPR: 0.820, RMSE: 0.864 (Best @ 10: {{0.826}}, 0.833, 0.815, 0.828)
--------------------------------------------------------------------------------------------------------------------------
Epoch 22/50
Training one epoch in 2.244 s
[DEV]   QWK:  0.795, PRS: 0.808, SPR: 0.800, RMSE: 0.893, (Best @ 10: {{0.812}}, 0.818, 0.809, 0.890)
[TEST]  QWK:  0.796, PRS: 0.810, SPR: 0.797, RMSE: 0.848 (Best @ 10: {{0.826}}, 0.833, 0.815, 0.828)
--------------------------------------------------------------------------------------------------------------------------
Epoch 23/50
Training one epoch in 2.247 s
[DEV]   QWK:  0.767, PRS: 0.795, SPR: 0.781, RMSE: 0.923, (Best @ 10: {{0.812}}, 0.818, 0.809, 0.890)
[TEST]  QWK:  0.791, PRS: 0.814, SPR: 0.802, RMSE: 0.851 (Best @ 10: {{0.826}}, 0.833, 0.815, 0.828)
--------------------------------------------------------------------------------------------------------------------------
Epoch 24/50
Training one epoch in 2.246 s
[DEV]   QWK:  0.783, PRS: 0.801, SPR: 0.797, RMSE: 0.926, (Best @ 10: {{0.812}}, 0.818, 0.809, 0.890)
[TEST]  QWK:  0.785, PRS: 0.800, SPR: 0.792, RMSE: 0.874 (Best @ 10: {{0.826}}, 0.833, 0.815, 0.828)
--------------------------------------------------------------------------------------------------------------------------
Epoch 25/50
Training one epoch in 2.248 s
[DEV]   QWK:  0.810, PRS: 0.815, SPR: 0.805, RMSE: 0.909, (Best @ 10: {{0.812}}, 0.818, 0.809, 0.890)
[TEST]  QWK:  0.838, PRS: 0.839, SPR: 0.820, RMSE: 0.831 (Best @ 10: {{0.826}}, 0.833, 0.815, 0.828)
--------------------------------------------------------------------------------------------------------------------------
Epoch 26/50
Training one epoch in 2.245 s
[DEV]   QWK:  0.798, PRS: 0.808, SPR: 0.801, RMSE: 0.896, (Best @ 10: {{0.812}}, 0.818, 0.809, 0.890)
[TEST]  QWK:  0.799, PRS: 0.809, SPR: 0.800, RMSE: 0.851 (Best @ 10: {{0.826}}, 0.833, 0.815, 0.828)
--------------------------------------------------------------------------------------------------------------------------
Epoch 27/50
Training one epoch in 2.246 s
[DEV]   QWK:  0.752, PRS: 0.797, SPR: 0.791, RMSE: 0.997, (Best @ 10: {{0.812}}, 0.818, 0.809, 0.890)
[TEST]  QWK:  0.768, PRS: 0.813, SPR: 0.800, RMSE: 0.927 (Best @ 10: {{0.826}}, 0.833, 0.815, 0.828)
--------------------------------------------------------------------------------------------------------------------------
Epoch 28/50
Training one epoch in 2.245 s
[DEV]   QWK:  0.769, PRS: 0.797, SPR: 0.784, RMSE: 0.929, (Best @ 10: {{0.812}}, 0.818, 0.809, 0.890)
[TEST]  QWK:  0.791, PRS: 0.815, SPR: 0.802, RMSE: 0.845 (Best @ 10: {{0.826}}, 0.833, 0.815, 0.828)
--------------------------------------------------------------------------------------------------------------------------
Epoch 29/50
Training one epoch in 2.246 s
[DEV]   QWK:  0.792, PRS: 0.804, SPR: 0.794, RMSE: 0.907, (Best @ 10: {{0.812}}, 0.818, 0.809, 0.890)
[TEST]  QWK:  0.799, PRS: 0.809, SPR: 0.807, RMSE: 0.855 (Best @ 10: {{0.826}}, 0.833, 0.815, 0.828)
--------------------------------------------------------------------------------------------------------------------------
Epoch 30/50
Training one epoch in 2.244 s
[DEV]   QWK:  0.796, PRS: 0.811, SPR: 0.800, RMSE: 0.890, (Best @ 10: {{0.812}}, 0.818, 0.809, 0.890)
[TEST]  QWK:  0.813, PRS: 0.828, SPR: 0.808, RMSE: 0.828 (Best @ 10: {{0.826}}, 0.833, 0.815, 0.828)
--------------------------------------------------------------------------------------------------------------------------
Epoch 31/50
Training one epoch in 2.242 s
[DEV]   QWK:  0.767, PRS: 0.795, SPR: 0.790, RMSE: 1.000, (Best @ 10: {{0.812}}, 0.818, 0.809, 0.890)
[TEST]  QWK:  0.785, PRS: 0.806, SPR: 0.793, RMSE: 0.927 (Best @ 10: {{0.826}}, 0.833, 0.815, 0.828)
--------------------------------------------------------------------------------------------------------------------------
Epoch 32/50
Training one epoch in 2.246 s
[DEV]   QWK:  0.789, PRS: 0.815, SPR: 0.804, RMSE: 0.896, (Best @ 10: {{0.812}}, 0.818, 0.809, 0.890)
[TEST]  QWK:  0.805, PRS: 0.830, SPR: 0.800, RMSE: 0.838 (Best @ 10: {{0.826}}, 0.833, 0.815, 0.828)
--------------------------------------------------------------------------------------------------------------------------
Epoch 33/50
Training one epoch in 2.248 s
[DEV]   QWK:  0.795, PRS: 0.809, SPR: 0.795, RMSE: 0.945, (Best @ 10: {{0.812}}, 0.818, 0.809, 0.890)
[TEST]  QWK:  0.802, PRS: 0.811, SPR: 0.787, RMSE: 0.896 (Best @ 10: {{0.826}}, 0.833, 0.815, 0.828)
--------------------------------------------------------------------------------------------------------------------------
Epoch 34/50
Training one epoch in 2.243 s
[DEV]   QWK:  0.771, PRS: 0.793, SPR: 0.777, RMSE: 0.935, (Best @ 10: {{0.812}}, 0.818, 0.809, 0.890)
[TEST]  QWK:  0.783, PRS: 0.802, SPR: 0.791, RMSE: 0.874 (Best @ 10: {{0.826}}, 0.833, 0.815, 0.828)
--------------------------------------------------------------------------------------------------------------------------
Epoch 35/50
Training one epoch in 2.246 s
[DEV]   QWK:  0.796, PRS: 0.803, SPR: 0.789, RMSE: 0.912, (Best @ 10: {{0.812}}, 0.818, 0.809, 0.890)
[TEST]  QWK:  0.820, PRS: 0.830, SPR: 0.806, RMSE: 0.824 (Best @ 10: {{0.826}}, 0.833, 0.815, 0.828)
--------------------------------------------------------------------------------------------------------------------------
Epoch 36/50
Training one epoch in 2.243 s
[DEV]   QWK:  0.790, PRS: 0.812, SPR: 0.797, RMSE: 0.938, (Best @ 10: {{0.812}}, 0.818, 0.809, 0.890)
[TEST]  QWK:  0.798, PRS: 0.818, SPR: 0.803, RMSE: 0.887 (Best @ 10: {{0.826}}, 0.833, 0.815, 0.828)
--------------------------------------------------------------------------------------------------------------------------
Epoch 37/50
Training one epoch in 2.246 s
[DEV]   QWK:  0.800, PRS: 0.808, SPR: 0.789, RMSE: 0.898, (Best @ 10: {{0.812}}, 0.818, 0.809, 0.890)
[TEST]  QWK:  0.809, PRS: 0.815, SPR: 0.802, RMSE: 0.845 (Best @ 10: {{0.826}}, 0.833, 0.815, 0.828)
--------------------------------------------------------------------------------------------------------------------------
Epoch 38/50
Training one epoch in 2.246 s
[DEV]   QWK:  0.784, PRS: 0.801, SPR: 0.788, RMSE: 0.938, (Best @ 10: {{0.812}}, 0.818, 0.809, 0.890)
[TEST]  QWK:  0.781, PRS: 0.794, SPR: 0.775, RMSE: 0.912 (Best @ 10: {{0.826}}, 0.833, 0.815, 0.828)
--------------------------------------------------------------------------------------------------------------------------
Epoch 39/50
Training one epoch in 2.247 s
[DEV]   QWK:  0.790, PRS: 0.807, SPR: 0.798, RMSE: 0.909, (Best @ 10: {{0.812}}, 0.818, 0.809, 0.890)
[TEST]  QWK:  0.811, PRS: 0.826, SPR: 0.808, RMSE: 0.838 (Best @ 10: {{0.826}}, 0.833, 0.815, 0.828)
--------------------------------------------------------------------------------------------------------------------------
Epoch 40/50
Training one epoch in 2.245 s
[DEV]   QWK:  0.795, PRS: 0.801, SPR: 0.784, RMSE: 0.942, (Best @ 10: {{0.812}}, 0.818, 0.809, 0.890)
[TEST]  QWK:  0.810, PRS: 0.814, SPR: 0.793, RMSE: 0.874 (Best @ 10: {{0.826}}, 0.833, 0.815, 0.828)
--------------------------------------------------------------------------------------------------------------------------
Epoch 41/50
Training one epoch in 2.248 s
[DEV]   QWK:  0.793, PRS: 0.802, SPR: 0.779, RMSE: 0.909, (Best @ 10: {{0.812}}, 0.818, 0.809, 0.890)
[TEST]  QWK:  0.807, PRS: 0.812, SPR: 0.798, RMSE: 0.851 (Best @ 10: {{0.826}}, 0.833, 0.815, 0.828)
--------------------------------------------------------------------------------------------------------------------------
Epoch 42/50
Training one epoch in 2.244 s
[DEV]   QWK:  0.805, PRS: 0.811, SPR: 0.795, RMSE: 0.892, (Best @ 10: {{0.812}}, 0.818, 0.809, 0.890)
[TEST]  QWK:  0.804, PRS: 0.807, SPR: 0.794, RMSE: 0.871 (Best @ 10: {{0.826}}, 0.833, 0.815, 0.828)
--------------------------------------------------------------------------------------------------------------------------
Epoch 43/50
Training one epoch in 2.244 s
[DEV]   QWK:  0.758, PRS: 0.792, SPR: 0.789, RMSE: 1.029, (Best @ 10: {{0.812}}, 0.818, 0.809, 0.890)
[TEST]  QWK:  0.786, PRS: 0.810, SPR: 0.796, RMSE: 0.945 (Best @ 10: {{0.826}}, 0.833, 0.815, 0.828)
--------------------------------------------------------------------------------------------------------------------------
Epoch 44/50
Training one epoch in 2.244 s
[DEV]   QWK:  0.780, PRS: 0.804, SPR: 0.790, RMSE: 0.933, (Best @ 10: {{0.812}}, 0.818, 0.809, 0.890)
[TEST]  QWK:  0.790, PRS: 0.820, SPR: 0.799, RMSE: 0.881 (Best @ 10: {{0.826}}, 0.833, 0.815, 0.828)
--------------------------------------------------------------------------------------------------------------------------
Epoch 45/50
Training one epoch in 2.245 s
[DEV]   QWK:  0.775, PRS: 0.799, SPR: 0.777, RMSE: 0.927, (Best @ 10: {{0.812}}, 0.818, 0.809, 0.890)
[TEST]  QWK:  0.791, PRS: 0.816, SPR: 0.789, RMSE: 0.868 (Best @ 10: {{0.826}}, 0.833, 0.815, 0.828)
--------------------------------------------------------------------------------------------------------------------------
Epoch 46/50
Training one epoch in 2.247 s
[DEV]   QWK:  0.773, PRS: 0.791, SPR: 0.774, RMSE: 0.926, (Best @ 10: {{0.812}}, 0.818, 0.809, 0.890)
[TEST]  QWK:  0.801, PRS: 0.815, SPR: 0.798, RMSE: 0.838 (Best @ 10: {{0.826}}, 0.833, 0.815, 0.828)
--------------------------------------------------------------------------------------------------------------------------
Epoch 47/50
Training one epoch in 2.243 s
[DEV]   QWK:  0.779, PRS: 0.800, SPR: 0.784, RMSE: 0.936, (Best @ 10: {{0.812}}, 0.818, 0.809, 0.890)
[TEST]  QWK:  0.794, PRS: 0.821, SPR: 0.801, RMSE: 0.868 (Best @ 10: {{0.826}}, 0.833, 0.815, 0.828)
--------------------------------------------------------------------------------------------------------------------------
Epoch 48/50
Training one epoch in 2.250 s
[DEV]   QWK:  0.798, PRS: 0.803, SPR: 0.779, RMSE: 0.924, (Best @ 10: {{0.812}}, 0.818, 0.809, 0.890)
[TEST]  QWK:  0.811, PRS: 0.813, SPR: 0.791, RMSE: 0.864 (Best @ 10: {{0.826}}, 0.833, 0.815, 0.828)
--------------------------------------------------------------------------------------------------------------------------
Epoch 49/50
Training one epoch in 2.243 s
[DEV]   QWK:  0.770, PRS: 0.787, SPR: 0.766, RMSE: 0.938, (Best @ 10: {{0.812}}, 0.818, 0.809, 0.890)
[TEST]  QWK:  0.800, PRS: 0.819, SPR: 0.797, RMSE: 0.841 (Best @ 10: {{0.826}}, 0.833, 0.815, 0.828)
--------------------------------------------------------------------------------------------------------------------------
Epoch 50/50
Training one epoch in 2.243 s
[DEV]   QWK:  0.784, PRS: 0.793, SPR: 0.775, RMSE: 0.970, (Best @ 10: {{0.812}}, 0.818, 0.809, 0.890)
[TEST]  QWK:  0.801, PRS: 0.806, SPR: 0.780, RMSE: 0.893 (Best @ 10: {{0.826}}, 0.833, 0.815, 0.828)
--------------------------------------------------------------------------------------------------------------------------
