X_train shape: (1264, 1150)
Initial evaluation: 
[DEV]   QWK:  0.000, PRS: 0.000, SPR: 0.000, RMSE: 1.042, (Best @ -1: {{0.000}}, 0.000, 0.000, 1.042)
[TEST]  QWK:  0.000, PRS: 0.000, SPR: 0.000, RMSE: 1.043 (Best @ -1: {{0.000}}, 0.000, 0.000, 1.043)
--------------------------------------------------------------------------------------------------------------------------
Train model
Epoch 1/50
Training one epoch in 2.107 s
[DEV]   QWK:  0.714, PRS: 0.790, SPR: 0.797, RMSE: 0.702, (Best @ 1: {{0.714}}, 0.790, 0.797, 0.702)
[TEST]  QWK:  0.721, PRS: 0.796, SPR: 0.796, RMSE: 0.671 (Best @ 1: {{0.721}}, 0.796, 0.796, 0.671)
--------------------------------------------------------------------------------------------------------------------------
Epoch 2/50
Training one epoch in 1.224 s
[DEV]   QWK:  0.784, PRS: 0.801, SPR: 0.812, RMSE: 0.636, (Best @ 2: {{0.784}}, 0.801, 0.812, 0.636)
[TEST]  QWK:  0.778, PRS: 0.798, SPR: 0.810, RMSE: 0.632 (Best @ 2: {{0.778}}, 0.798, 0.810, 0.632)
--------------------------------------------------------------------------------------------------------------------------
Epoch 3/50
Training one epoch in 1.222 s
[DEV]   QWK:  0.759, PRS: 0.772, SPR: 0.785, RMSE: 0.625, (Best @ 2: {{0.784}}, 0.801, 0.812, 0.636)
[TEST]  QWK:  0.753, PRS: 0.759, SPR: 0.767, RMSE: 0.628 (Best @ 2: {{0.778}}, 0.798, 0.810, 0.632)
--------------------------------------------------------------------------------------------------------------------------
Epoch 4/50
Training one epoch in 1.226 s
[DEV]   QWK:  0.771, PRS: 0.795, SPR: 0.802, RMSE: 0.627, (Best @ 2: {{0.784}}, 0.801, 0.812, 0.636)
[TEST]  QWK:  0.745, PRS: 0.766, SPR: 0.776, RMSE: 0.641 (Best @ 2: {{0.778}}, 0.798, 0.810, 0.632)
--------------------------------------------------------------------------------------------------------------------------
Epoch 5/50
Training one epoch in 1.231 s
[DEV]   QWK:  0.795, PRS: 0.808, SPR: 0.823, RMSE: 0.621, (Best @ 5: {{0.795}}, 0.808, 0.823, 0.621)
[TEST]  QWK:  0.767, PRS: 0.776, SPR: 0.783, RMSE: 0.641 (Best @ 5: {{0.767}}, 0.776, 0.783, 0.641)
--------------------------------------------------------------------------------------------------------------------------
Epoch 6/50
Training one epoch in 1.222 s
[DEV]   QWK:  0.717, PRS: 0.800, SPR: 0.806, RMSE: 0.696, (Best @ 5: {{0.795}}, 0.808, 0.823, 0.621)
[TEST]  QWK:  0.713, PRS: 0.800, SPR: 0.813, RMSE: 0.675 (Best @ 5: {{0.767}}, 0.776, 0.783, 0.641)
--------------------------------------------------------------------------------------------------------------------------
Epoch 7/50
Training one epoch in 1.265 s
[DEV]   QWK:  0.790, PRS: 0.791, SPR: 0.806, RMSE: 0.614, (Best @ 5: {{0.795}}, 0.808, 0.823, 0.621)
[TEST]  QWK:  0.782, PRS: 0.784, SPR: 0.784, RMSE: 0.610 (Best @ 5: {{0.767}}, 0.776, 0.783, 0.641)
--------------------------------------------------------------------------------------------------------------------------
Epoch 8/50
Training one epoch in 1.221 s
[DEV]   QWK:  0.778, PRS: 0.781, SPR: 0.802, RMSE: 0.616, (Best @ 5: {{0.795}}, 0.808, 0.823, 0.621)
[TEST]  QWK:  0.765, PRS: 0.766, SPR: 0.764, RMSE: 0.619 (Best @ 5: {{0.767}}, 0.776, 0.783, 0.641)
--------------------------------------------------------------------------------------------------------------------------
Epoch 9/50
Training one epoch in 1.236 s
[DEV]   QWK:  0.738, PRS: 0.819, SPR: 0.826, RMSE: 0.670, (Best @ 5: {{0.795}}, 0.808, 0.823, 0.621)
[TEST]  QWK:  0.714, PRS: 0.799, SPR: 0.804, RMSE: 0.679 (Best @ 5: {{0.767}}, 0.776, 0.783, 0.641)
--------------------------------------------------------------------------------------------------------------------------
Epoch 10/50
Training one epoch in 1.235 s
[DEV]   QWK:  0.758, PRS: 0.810, SPR: 0.819, RMSE: 0.634, (Best @ 5: {{0.795}}, 0.808, 0.823, 0.621)
[TEST]  QWK:  0.716, PRS: 0.776, SPR: 0.779, RMSE: 0.662 (Best @ 5: {{0.767}}, 0.776, 0.783, 0.641)
--------------------------------------------------------------------------------------------------------------------------
Epoch 11/50
Training one epoch in 1.242 s
[DEV]   QWK:  0.774, PRS: 0.786, SPR: 0.802, RMSE: 0.609, (Best @ 5: {{0.795}}, 0.808, 0.823, 0.621)
[TEST]  QWK:  0.764, PRS: 0.778, SPR: 0.783, RMSE: 0.606 (Best @ 5: {{0.767}}, 0.776, 0.783, 0.641)
--------------------------------------------------------------------------------------------------------------------------
Epoch 12/50
Training one epoch in 1.232 s
[DEV]   QWK:  0.806, PRS: 0.808, SPR: 0.816, RMSE: 0.584, (Best @ 12: {{0.806}}, 0.808, 0.816, 0.584)
[TEST]  QWK:  0.786, PRS: 0.787, SPR: 0.788, RMSE: 0.601 (Best @ 12: {{0.786}}, 0.787, 0.788, 0.601)
--------------------------------------------------------------------------------------------------------------------------
Epoch 13/50
Training one epoch in 1.241 s
[DEV]   QWK:  0.791, PRS: 0.796, SPR: 0.805, RMSE: 0.593, (Best @ 12: {{0.806}}, 0.808, 0.816, 0.584)
[TEST]  QWK:  0.785, PRS: 0.789, SPR: 0.784, RMSE: 0.596 (Best @ 12: {{0.786}}, 0.787, 0.788, 0.601)
--------------------------------------------------------------------------------------------------------------------------
Epoch 14/50
Training one epoch in 1.229 s
[DEV]   QWK:  0.795, PRS: 0.799, SPR: 0.804, RMSE: 0.588, (Best @ 12: {{0.806}}, 0.808, 0.816, 0.584)
[TEST]  QWK:  0.779, PRS: 0.782, SPR: 0.776, RMSE: 0.596 (Best @ 12: {{0.786}}, 0.787, 0.788, 0.601)
--------------------------------------------------------------------------------------------------------------------------
Epoch 15/50
Training one epoch in 1.234 s
[DEV]   QWK:  0.806, PRS: 0.818, SPR: 0.828, RMSE: 0.591, (Best @ 12: {{0.806}}, 0.808, 0.816, 0.584)
[TEST]  QWK:  0.781, PRS: 0.790, SPR: 0.802, RMSE: 0.610 (Best @ 12: {{0.786}}, 0.787, 0.788, 0.601)
--------------------------------------------------------------------------------------------------------------------------
Epoch 16/50
Training one epoch in 1.242 s
[DEV]   QWK:  0.793, PRS: 0.809, SPR: 0.817, RMSE: 0.609, (Best @ 12: {{0.806}}, 0.808, 0.816, 0.584)
[TEST]  QWK:  0.795, PRS: 0.816, SPR: 0.808, RMSE: 0.592 (Best @ 12: {{0.786}}, 0.787, 0.788, 0.601)
--------------------------------------------------------------------------------------------------------------------------
Epoch 17/50
Training one epoch in 1.238 s
[DEV]   QWK:  0.771, PRS: 0.786, SPR: 0.797, RMSE: 0.616, (Best @ 12: {{0.806}}, 0.808, 0.816, 0.584)
[TEST]  QWK:  0.779, PRS: 0.794, SPR: 0.793, RMSE: 0.596 (Best @ 12: {{0.786}}, 0.787, 0.788, 0.601)
--------------------------------------------------------------------------------------------------------------------------
Epoch 18/50
Training one epoch in 1.232 s
[DEV]   QWK:  0.782, PRS: 0.806, SPR: 0.818, RMSE: 0.623, (Best @ 12: {{0.806}}, 0.808, 0.816, 0.584)
[TEST]  QWK:  0.778, PRS: 0.809, SPR: 0.804, RMSE: 0.615 (Best @ 12: {{0.786}}, 0.787, 0.788, 0.601)
--------------------------------------------------------------------------------------------------------------------------
Epoch 19/50
Training one epoch in 1.233 s
[DEV]   QWK:  0.791, PRS: 0.797, SPR: 0.807, RMSE: 0.588, (Best @ 12: {{0.806}}, 0.808, 0.816, 0.584)
[TEST]  QWK:  0.782, PRS: 0.787, SPR: 0.778, RMSE: 0.582 (Best @ 12: {{0.786}}, 0.787, 0.788, 0.601)
--------------------------------------------------------------------------------------------------------------------------
Epoch 20/50
Training one epoch in 1.237 s
[DEV]   QWK:  0.755, PRS: 0.816, SPR: 0.825, RMSE: 0.670, (Best @ 12: {{0.806}}, 0.808, 0.816, 0.584)
[TEST]  QWK:  0.732, PRS: 0.801, SPR: 0.800, RMSE: 0.671 (Best @ 12: {{0.786}}, 0.787, 0.788, 0.601)
--------------------------------------------------------------------------------------------------------------------------
Epoch 21/50
Training one epoch in 1.229 s
[DEV]   QWK:  0.794, PRS: 0.824, SPR: 0.837, RMSE: 0.625, (Best @ 12: {{0.806}}, 0.808, 0.816, 0.584)
[TEST]  QWK:  0.761, PRS: 0.790, SPR: 0.802, RMSE: 0.658 (Best @ 12: {{0.786}}, 0.787, 0.788, 0.601)
--------------------------------------------------------------------------------------------------------------------------
Epoch 22/50
Training one epoch in 1.238 s
[DEV]   QWK:  0.820, PRS: 0.837, SPR: 0.849, RMSE: 0.581, (Best @ 22: {{0.820}}, 0.837, 0.849, 0.581)
[TEST]  QWK:  0.792, PRS: 0.810, SPR: 0.824, RMSE: 0.610 (Best @ 22: {{0.792}}, 0.810, 0.824, 0.610)
--------------------------------------------------------------------------------------------------------------------------
Epoch 23/50
Training one epoch in 1.235 s
[DEV]   QWK:  0.793, PRS: 0.798, SPR: 0.800, RMSE: 0.595, (Best @ 22: {{0.820}}, 0.837, 0.849, 0.581)
[TEST]  QWK:  0.800, PRS: 0.803, SPR: 0.798, RMSE: 0.577 (Best @ 22: {{0.792}}, 0.810, 0.824, 0.610)
--------------------------------------------------------------------------------------------------------------------------
Epoch 24/50
Training one epoch in 1.239 s
[DEV]   QWK:  0.782, PRS: 0.824, SPR: 0.834, RMSE: 0.621, (Best @ 22: {{0.820}}, 0.837, 0.849, 0.581)
[TEST]  QWK:  0.730, PRS: 0.775, SPR: 0.784, RMSE: 0.671 (Best @ 22: {{0.792}}, 0.810, 0.824, 0.610)
--------------------------------------------------------------------------------------------------------------------------
Epoch 25/50
Training one epoch in 1.236 s
[DEV]   QWK:  0.811, PRS: 0.812, SPR: 0.816, RMSE: 0.586, (Best @ 22: {{0.820}}, 0.837, 0.849, 0.581)
[TEST]  QWK:  0.793, PRS: 0.794, SPR: 0.799, RMSE: 0.601 (Best @ 22: {{0.792}}, 0.810, 0.824, 0.610)
--------------------------------------------------------------------------------------------------------------------------
Epoch 26/50
Training one epoch in 1.242 s
[DEV]   QWK:  0.810, PRS: 0.812, SPR: 0.815, RMSE: 0.577, (Best @ 22: {{0.820}}, 0.837, 0.849, 0.581)
[TEST]  QWK:  0.795, PRS: 0.795, SPR: 0.798, RMSE: 0.582 (Best @ 22: {{0.792}}, 0.810, 0.824, 0.610)
--------------------------------------------------------------------------------------------------------------------------
Epoch 27/50
Training one epoch in 1.245 s
[DEV]   QWK:  0.806, PRS: 0.809, SPR: 0.813, RMSE: 0.584, (Best @ 22: {{0.820}}, 0.837, 0.849, 0.581)
[TEST]  QWK:  0.797, PRS: 0.797, SPR: 0.802, RMSE: 0.582 (Best @ 22: {{0.792}}, 0.810, 0.824, 0.610)
--------------------------------------------------------------------------------------------------------------------------
Epoch 28/50
Training one epoch in 1.233 s
[DEV]   QWK:  0.799, PRS: 0.806, SPR: 0.811, RMSE: 0.595, (Best @ 22: {{0.820}}, 0.837, 0.849, 0.581)
[TEST]  QWK:  0.801, PRS: 0.809, SPR: 0.805, RMSE: 0.577 (Best @ 22: {{0.792}}, 0.810, 0.824, 0.610)
--------------------------------------------------------------------------------------------------------------------------
Epoch 29/50
Training one epoch in 1.234 s
[DEV]   QWK:  0.800, PRS: 0.802, SPR: 0.805, RMSE: 0.588, (Best @ 22: {{0.820}}, 0.837, 0.849, 0.581)
[TEST]  QWK:  0.794, PRS: 0.794, SPR: 0.799, RMSE: 0.582 (Best @ 22: {{0.792}}, 0.810, 0.824, 0.610)
--------------------------------------------------------------------------------------------------------------------------
Epoch 30/50
Training one epoch in 1.236 s
[DEV]   QWK:  0.793, PRS: 0.799, SPR: 0.803, RMSE: 0.591, (Best @ 22: {{0.820}}, 0.837, 0.849, 0.581)
[TEST]  QWK:  0.790, PRS: 0.792, SPR: 0.782, RMSE: 0.582 (Best @ 22: {{0.792}}, 0.810, 0.824, 0.610)
--------------------------------------------------------------------------------------------------------------------------
Epoch 31/50
Training one epoch in 1.231 s
[DEV]   QWK:  0.712, PRS: 0.759, SPR: 0.775, RMSE: 0.657, (Best @ 22: {{0.820}}, 0.837, 0.849, 0.581)
[TEST]  QWK:  0.717, PRS: 0.753, SPR: 0.757, RMSE: 0.619 (Best @ 22: {{0.792}}, 0.810, 0.824, 0.610)
--------------------------------------------------------------------------------------------------------------------------
Epoch 32/50
Training one epoch in 1.239 s
[DEV]   QWK:  0.798, PRS: 0.804, SPR: 0.808, RMSE: 0.579, (Best @ 22: {{0.820}}, 0.837, 0.849, 0.581)
[TEST]  QWK:  0.789, PRS: 0.792, SPR: 0.788, RMSE: 0.573 (Best @ 22: {{0.792}}, 0.810, 0.824, 0.610)
--------------------------------------------------------------------------------------------------------------------------
Epoch 33/50
Training one epoch in 1.233 s
[DEV]   QWK:  0.795, PRS: 0.808, SPR: 0.815, RMSE: 0.588, (Best @ 22: {{0.820}}, 0.837, 0.849, 0.581)
[TEST]  QWK:  0.766, PRS: 0.777, SPR: 0.784, RMSE: 0.610 (Best @ 22: {{0.792}}, 0.810, 0.824, 0.610)
--------------------------------------------------------------------------------------------------------------------------
Epoch 34/50
Training one epoch in 1.233 s
[DEV]   QWK:  0.796, PRS: 0.801, SPR: 0.807, RMSE: 0.584, (Best @ 22: {{0.820}}, 0.837, 0.849, 0.581)
[TEST]  QWK:  0.794, PRS: 0.797, SPR: 0.800, RMSE: 0.568 (Best @ 22: {{0.792}}, 0.810, 0.824, 0.610)
--------------------------------------------------------------------------------------------------------------------------
Epoch 35/50
Training one epoch in 1.234 s
[DEV]   QWK:  0.802, PRS: 0.807, SPR: 0.811, RMSE: 0.588, (Best @ 22: {{0.820}}, 0.837, 0.849, 0.581)
[TEST]  QWK:  0.805, PRS: 0.809, SPR: 0.808, RMSE: 0.573 (Best @ 22: {{0.792}}, 0.810, 0.824, 0.610)
--------------------------------------------------------------------------------------------------------------------------
Epoch 36/50
Training one epoch in 1.234 s
[DEV]   QWK:  0.803, PRS: 0.807, SPR: 0.812, RMSE: 0.581, (Best @ 22: {{0.820}}, 0.837, 0.849, 0.581)
[TEST]  QWK:  0.797, PRS: 0.798, SPR: 0.799, RMSE: 0.577 (Best @ 22: {{0.792}}, 0.810, 0.824, 0.610)
--------------------------------------------------------------------------------------------------------------------------
Epoch 37/50
Training one epoch in 1.234 s
[DEV]   QWK:  0.817, PRS: 0.818, SPR: 0.822, RMSE: 0.577, (Best @ 22: {{0.820}}, 0.837, 0.849, 0.581)
[TEST]  QWK:  0.799, PRS: 0.800, SPR: 0.807, RMSE: 0.596 (Best @ 22: {{0.792}}, 0.810, 0.824, 0.610)
--------------------------------------------------------------------------------------------------------------------------
Epoch 38/50
Training one epoch in 1.227 s
[DEV]   QWK:  0.805, PRS: 0.811, SPR: 0.817, RMSE: 0.595, (Best @ 22: {{0.820}}, 0.837, 0.849, 0.581)
[TEST]  QWK:  0.777, PRS: 0.784, SPR: 0.790, RMSE: 0.619 (Best @ 22: {{0.792}}, 0.810, 0.824, 0.610)
--------------------------------------------------------------------------------------------------------------------------
Epoch 39/50
Training one epoch in 1.228 s
[DEV]   QWK:  0.800, PRS: 0.809, SPR: 0.816, RMSE: 0.595, (Best @ 22: {{0.820}}, 0.837, 0.849, 0.581)
[TEST]  QWK:  0.762, PRS: 0.770, SPR: 0.778, RMSE: 0.632 (Best @ 22: {{0.792}}, 0.810, 0.824, 0.610)
--------------------------------------------------------------------------------------------------------------------------
Epoch 40/50
Training one epoch in 1.228 s
[DEV]   QWK:  0.794, PRS: 0.799, SPR: 0.801, RMSE: 0.588, (Best @ 22: {{0.820}}, 0.837, 0.849, 0.581)
[TEST]  QWK:  0.780, PRS: 0.781, SPR: 0.783, RMSE: 0.592 (Best @ 22: {{0.792}}, 0.810, 0.824, 0.610)
--------------------------------------------------------------------------------------------------------------------------
Epoch 41/50
Training one epoch in 1.231 s
[DEV]   QWK:  0.810, PRS: 0.810, SPR: 0.815, RMSE: 0.588, (Best @ 22: {{0.820}}, 0.837, 0.849, 0.581)
[TEST]  QWK:  0.806, PRS: 0.807, SPR: 0.813, RMSE: 0.582 (Best @ 22: {{0.792}}, 0.810, 0.824, 0.610)
--------------------------------------------------------------------------------------------------------------------------
Epoch 42/50
Training one epoch in 1.238 s
[DEV]   QWK:  0.801, PRS: 0.803, SPR: 0.809, RMSE: 0.591, (Best @ 22: {{0.820}}, 0.837, 0.849, 0.581)
[TEST]  QWK:  0.793, PRS: 0.793, SPR: 0.801, RMSE: 0.592 (Best @ 22: {{0.792}}, 0.810, 0.824, 0.610)
--------------------------------------------------------------------------------------------------------------------------
Epoch 43/50
Training one epoch in 1.232 s
[DEV]   QWK:  0.795, PRS: 0.811, SPR: 0.811, RMSE: 0.595, (Best @ 22: {{0.820}}, 0.837, 0.849, 0.581)
[TEST]  QWK:  0.793, PRS: 0.809, SPR: 0.805, RMSE: 0.592 (Best @ 22: {{0.792}}, 0.810, 0.824, 0.610)
--------------------------------------------------------------------------------------------------------------------------
Epoch 44/50
Training one epoch in 1.231 s
[DEV]   QWK:  0.786, PRS: 0.808, SPR: 0.817, RMSE: 0.607, (Best @ 22: {{0.820}}, 0.837, 0.849, 0.581)
[TEST]  QWK:  0.757, PRS: 0.784, SPR: 0.791, RMSE: 0.628 (Best @ 22: {{0.792}}, 0.810, 0.824, 0.610)
--------------------------------------------------------------------------------------------------------------------------
Epoch 45/50
Training one epoch in 1.233 s
[DEV]   QWK:  0.809, PRS: 0.813, SPR: 0.818, RMSE: 0.605, (Best @ 22: {{0.820}}, 0.837, 0.849, 0.581)
[TEST]  QWK:  0.802, PRS: 0.811, SPR: 0.815, RMSE: 0.596 (Best @ 22: {{0.792}}, 0.810, 0.824, 0.610)
--------------------------------------------------------------------------------------------------------------------------
Epoch 46/50
Training one epoch in 1.229 s
[DEV]   QWK:  0.809, PRS: 0.813, SPR: 0.815, RMSE: 0.581, (Best @ 22: {{0.820}}, 0.837, 0.849, 0.581)
[TEST]  QWK:  0.799, PRS: 0.801, SPR: 0.803, RMSE: 0.587 (Best @ 22: {{0.792}}, 0.810, 0.824, 0.610)
--------------------------------------------------------------------------------------------------------------------------
Epoch 47/50
Training one epoch in 1.230 s
[DEV]   QWK:  0.786, PRS: 0.811, SPR: 0.814, RMSE: 0.598, (Best @ 22: {{0.820}}, 0.837, 0.849, 0.581)
[TEST]  QWK:  0.750, PRS: 0.779, SPR: 0.785, RMSE: 0.632 (Best @ 22: {{0.792}}, 0.810, 0.824, 0.610)
--------------------------------------------------------------------------------------------------------------------------
Epoch 48/50
Training one epoch in 1.234 s
[DEV]   QWK:  0.788, PRS: 0.806, SPR: 0.808, RMSE: 0.600, (Best @ 22: {{0.820}}, 0.837, 0.849, 0.581)
[TEST]  QWK:  0.772, PRS: 0.789, SPR: 0.790, RMSE: 0.610 (Best @ 22: {{0.792}}, 0.810, 0.824, 0.610)
--------------------------------------------------------------------------------------------------------------------------
Epoch 49/50
Training one epoch in 1.231 s
[DEV]   QWK:  0.801, PRS: 0.801, SPR: 0.804, RMSE: 0.600, (Best @ 22: {{0.820}}, 0.837, 0.849, 0.581)
[TEST]  QWK:  0.801, PRS: 0.801, SPR: 0.805, RMSE: 0.582 (Best @ 22: {{0.792}}, 0.810, 0.824, 0.610)
--------------------------------------------------------------------------------------------------------------------------
Epoch 50/50
Training one epoch in 1.231 s
[DEV]   QWK:  0.810, PRS: 0.813, SPR: 0.817, RMSE: 0.588, (Best @ 22: {{0.820}}, 0.837, 0.849, 0.581)
[TEST]  QWK:  0.801, PRS: 0.805, SPR: 0.814, RMSE: 0.592 (Best @ 22: {{0.792}}, 0.810, 0.824, 0.610)
--------------------------------------------------------------------------------------------------------------------------
