X_train shape: (1241, 1150)
Initial evaluation: 
[DEV]   QWK:  0.292, PRS: 0.452, SPR: 0.435, RMSE: 0.900, (Best @ -1: {{0.292}}, 0.452, 0.435, 0.900)
[TEST]  QWK:  0.357, PRS: 0.574, SPR: 0.559, RMSE: 0.867 (Best @ -1: {{0.357}}, 0.574, 0.559, 0.867)
--------------------------------------------------------------------------------------------------------------------------
Train model
Epoch 1/50
Training one epoch in 1.982 s
[DEV]   QWK:  0.612, PRS: 0.721, SPR: 0.724, RMSE: 0.868, (Best @ 1: {{0.612}}, 0.721, 0.724, 0.868)
[TEST]  QWK:  0.595, PRS: 0.783, SPR: 0.787, RMSE: 0.886 (Best @ 1: {{0.595}}, 0.783, 0.787, 0.886)
--------------------------------------------------------------------------------------------------------------------------
Epoch 2/50
Training one epoch in 1.185 s
[DEV]   QWK:  0.717, PRS: 0.738, SPR: 0.731, RMSE: 0.703, (Best @ 2: {{0.717}}, 0.738, 0.731, 0.703)
[TEST]  QWK:  0.705, PRS: 0.754, SPR: 0.747, RMSE: 0.717 (Best @ 2: {{0.705}}, 0.754, 0.747, 0.717)
--------------------------------------------------------------------------------------------------------------------------
Epoch 3/50
Training one epoch in 1.190 s
[DEV]   QWK:  0.684, PRS: 0.704, SPR: 0.708, RMSE: 0.721, (Best @ 2: {{0.717}}, 0.738, 0.731, 0.703)
[TEST]  QWK:  0.754, PRS: 0.759, SPR: 0.748, RMSE: 0.642 (Best @ 2: {{0.705}}, 0.754, 0.747, 0.717)
--------------------------------------------------------------------------------------------------------------------------
Epoch 4/50
Training one epoch in 1.198 s
[DEV]   QWK:  0.683, PRS: 0.742, SPR: 0.746, RMSE: 0.810, (Best @ 2: {{0.717}}, 0.738, 0.731, 0.703)
[TEST]  QWK:  0.675, PRS: 0.785, SPR: 0.788, RMSE: 0.820 (Best @ 2: {{0.705}}, 0.754, 0.747, 0.717)
--------------------------------------------------------------------------------------------------------------------------
Epoch 5/50
Training one epoch in 1.198 s
[DEV]   QWK:  0.653, PRS: 0.730, SPR: 0.736, RMSE: 0.701, (Best @ 2: {{0.717}}, 0.738, 0.731, 0.703)
[TEST]  QWK:  0.672, PRS: 0.732, SPR: 0.728, RMSE: 0.668 (Best @ 2: {{0.705}}, 0.754, 0.747, 0.717)
--------------------------------------------------------------------------------------------------------------------------
Epoch 6/50
Training one epoch in 1.195 s
[DEV]   QWK:  0.620, PRS: 0.723, SPR: 0.726, RMSE: 0.754, (Best @ 2: {{0.717}}, 0.738, 0.731, 0.703)
[TEST]  QWK:  0.694, PRS: 0.788, SPR: 0.783, RMSE: 0.664 (Best @ 2: {{0.705}}, 0.754, 0.747, 0.717)
--------------------------------------------------------------------------------------------------------------------------
Epoch 7/50
Training one epoch in 1.194 s
[DEV]   QWK:  0.744, PRS: 0.782, SPR: 0.782, RMSE: 0.693, (Best @ 7: {{0.744}}, 0.782, 0.782, 0.693)
[TEST]  QWK:  0.717, PRS: 0.791, SPR: 0.788, RMSE: 0.733 (Best @ 7: {{0.717}}, 0.791, 0.788, 0.733)
--------------------------------------------------------------------------------------------------------------------------
Epoch 8/50
Training one epoch in 1.203 s
[DEV]   QWK:  0.673, PRS: 0.772, SPR: 0.774, RMSE: 0.713, (Best @ 7: {{0.744}}, 0.782, 0.782, 0.693)
[TEST]  QWK:  0.717, PRS: 0.813, SPR: 0.808, RMSE: 0.647 (Best @ 7: {{0.717}}, 0.791, 0.788, 0.733)
--------------------------------------------------------------------------------------------------------------------------
Epoch 9/50
Training one epoch in 1.202 s
[DEV]   QWK:  0.731, PRS: 0.762, SPR: 0.763, RMSE: 0.653, (Best @ 7: {{0.744}}, 0.782, 0.782, 0.693)
[TEST]  QWK:  0.725, PRS: 0.782, SPR: 0.783, RMSE: 0.672 (Best @ 7: {{0.717}}, 0.791, 0.788, 0.733)
--------------------------------------------------------------------------------------------------------------------------
Epoch 10/50
Training one epoch in 1.198 s
[DEV]   QWK:  0.711, PRS: 0.791, SPR: 0.797, RMSE: 0.736, (Best @ 7: {{0.744}}, 0.782, 0.782, 0.693)
[TEST]  QWK:  0.755, PRS: 0.812, SPR: 0.820, RMSE: 0.655 (Best @ 7: {{0.717}}, 0.791, 0.788, 0.733)
--------------------------------------------------------------------------------------------------------------------------
Epoch 11/50
Training one epoch in 1.194 s
[DEV]   QWK:  0.758, PRS: 0.788, SPR: 0.792, RMSE: 0.647, (Best @ 11: {{0.758}}, 0.788, 0.792, 0.647)
[TEST]  QWK:  0.749, PRS: 0.809, SPR: 0.809, RMSE: 0.672 (Best @ 11: {{0.749}}, 0.809, 0.809, 0.672)
--------------------------------------------------------------------------------------------------------------------------
Epoch 12/50
Training one epoch in 1.197 s
[DEV]   QWK:  0.745, PRS: 0.780, SPR: 0.782, RMSE: 0.649, (Best @ 11: {{0.758}}, 0.788, 0.792, 0.647)
[TEST]  QWK:  0.719, PRS: 0.786, SPR: 0.787, RMSE: 0.689 (Best @ 11: {{0.749}}, 0.809, 0.809, 0.672)
--------------------------------------------------------------------------------------------------------------------------
Epoch 13/50
Training one epoch in 1.196 s
[DEV]   QWK:  0.762, PRS: 0.792, SPR: 0.800, RMSE: 0.633, (Best @ 13: {{0.762}}, 0.792, 0.800, 0.633)
[TEST]  QWK:  0.805, PRS: 0.812, SPR: 0.808, RMSE: 0.572 (Best @ 13: {{0.805}}, 0.812, 0.808, 0.572)
--------------------------------------------------------------------------------------------------------------------------
Epoch 14/50
Training one epoch in 1.196 s
[DEV]   QWK:  0.664, PRS: 0.799, SPR: 0.804, RMSE: 0.808, (Best @ 13: {{0.762}}, 0.792, 0.800, 0.633)
[TEST]  QWK:  0.689, PRS: 0.806, SPR: 0.810, RMSE: 0.744 (Best @ 13: {{0.805}}, 0.812, 0.808, 0.572)
--------------------------------------------------------------------------------------------------------------------------
Epoch 15/50
Training one epoch in 1.192 s
[DEV]   QWK:  0.753, PRS: 0.814, SPR: 0.822, RMSE: 0.723, (Best @ 13: {{0.762}}, 0.792, 0.800, 0.633)
[TEST]  QWK:  0.740, PRS: 0.822, SPR: 0.828, RMSE: 0.740 (Best @ 13: {{0.805}}, 0.812, 0.808, 0.572)
--------------------------------------------------------------------------------------------------------------------------
Epoch 16/50
Training one epoch in 1.195 s
[DEV]   QWK:  0.700, PRS: 0.771, SPR: 0.780, RMSE: 0.668, (Best @ 13: {{0.762}}, 0.792, 0.800, 0.633)
[TEST]  QWK:  0.728, PRS: 0.772, SPR: 0.762, RMSE: 0.629 (Best @ 13: {{0.805}}, 0.812, 0.808, 0.572)
--------------------------------------------------------------------------------------------------------------------------
Epoch 17/50
Training one epoch in 1.193 s
[DEV]   QWK:  0.694, PRS: 0.767, SPR: 0.780, RMSE: 0.668, (Best @ 13: {{0.762}}, 0.792, 0.800, 0.633)
[TEST]  QWK:  0.728, PRS: 0.779, SPR: 0.775, RMSE: 0.624 (Best @ 13: {{0.805}}, 0.812, 0.808, 0.572)
--------------------------------------------------------------------------------------------------------------------------
Epoch 18/50
Training one epoch in 1.194 s
[DEV]   QWK:  0.759, PRS: 0.811, SPR: 0.817, RMSE: 0.701, (Best @ 13: {{0.762}}, 0.792, 0.800, 0.633)
[TEST]  QWK:  0.759, PRS: 0.828, SPR: 0.830, RMSE: 0.701 (Best @ 13: {{0.805}}, 0.812, 0.808, 0.572)
--------------------------------------------------------------------------------------------------------------------------
Epoch 19/50
Training one epoch in 1.192 s
[DEV]   QWK:  0.720, PRS: 0.754, SPR: 0.768, RMSE: 0.649, (Best @ 13: {{0.762}}, 0.792, 0.800, 0.633)
[TEST]  QWK:  0.761, PRS: 0.789, SPR: 0.797, RMSE: 0.597 (Best @ 13: {{0.805}}, 0.812, 0.808, 0.572)
--------------------------------------------------------------------------------------------------------------------------
Epoch 20/50
Training one epoch in 1.193 s
[DEV]   QWK:  0.747, PRS: 0.774, SPR: 0.783, RMSE: 0.633, (Best @ 13: {{0.762}}, 0.792, 0.800, 0.633)
[TEST]  QWK:  0.723, PRS: 0.776, SPR: 0.775, RMSE: 0.664 (Best @ 13: {{0.805}}, 0.812, 0.808, 0.572)
--------------------------------------------------------------------------------------------------------------------------
Epoch 21/50
Training one epoch in 1.193 s
[DEV]   QWK:  0.776, PRS: 0.808, SPR: 0.816, RMSE: 0.627, (Best @ 21: {{0.776}}, 0.808, 0.816, 0.627)
[TEST]  QWK:  0.788, PRS: 0.807, SPR: 0.804, RMSE: 0.601 (Best @ 21: {{0.788}}, 0.807, 0.804, 0.601)
--------------------------------------------------------------------------------------------------------------------------
Epoch 22/50
Training one epoch in 1.191 s
[DEV]   QWK:  0.767, PRS: 0.810, SPR: 0.816, RMSE: 0.681, (Best @ 21: {{0.776}}, 0.808, 0.816, 0.627)
[TEST]  QWK:  0.765, PRS: 0.829, SPR: 0.830, RMSE: 0.689 (Best @ 21: {{0.788}}, 0.807, 0.804, 0.601)
--------------------------------------------------------------------------------------------------------------------------
Epoch 23/50
Training one epoch in 1.197 s
[DEV]   QWK:  0.714, PRS: 0.796, SPR: 0.811, RMSE: 0.785, (Best @ 21: {{0.776}}, 0.808, 0.816, 0.627)
[TEST]  QWK:  0.715, PRS: 0.825, SPR: 0.840, RMSE: 0.785 (Best @ 21: {{0.788}}, 0.807, 0.804, 0.601)
--------------------------------------------------------------------------------------------------------------------------
Epoch 24/50
Training one epoch in 1.193 s
[DEV]   QWK:  0.664, PRS: 0.805, SPR: 0.806, RMSE: 0.788, (Best @ 21: {{0.776}}, 0.808, 0.816, 0.627)
[TEST]  QWK:  0.705, PRS: 0.816, SPR: 0.817, RMSE: 0.713 (Best @ 21: {{0.788}}, 0.807, 0.804, 0.601)
--------------------------------------------------------------------------------------------------------------------------
Epoch 25/50
Training one epoch in 1.196 s
[DEV]   QWK:  0.791, PRS: 0.801, SPR: 0.806, RMSE: 0.615, (Best @ 25: {{0.791}}, 0.801, 0.806, 0.615)
[TEST]  QWK:  0.807, PRS: 0.828, SPR: 0.822, RMSE: 0.601 (Best @ 25: {{0.807}}, 0.828, 0.822, 0.601)
--------------------------------------------------------------------------------------------------------------------------
Epoch 26/50
Training one epoch in 1.198 s
[DEV]   QWK:  0.724, PRS: 0.801, SPR: 0.813, RMSE: 0.744, (Best @ 25: {{0.791}}, 0.801, 0.806, 0.615)
[TEST]  QWK:  0.718, PRS: 0.817, SPR: 0.826, RMSE: 0.755 (Best @ 25: {{0.807}}, 0.828, 0.822, 0.601)
--------------------------------------------------------------------------------------------------------------------------
Epoch 27/50
Training one epoch in 1.202 s
[DEV]   QWK:  0.808, PRS: 0.811, SPR: 0.817, RMSE: 0.582, (Best @ 27: {{0.808}}, 0.811, 0.817, 0.582)
[TEST]  QWK:  0.832, PRS: 0.839, SPR: 0.839, RMSE: 0.547 (Best @ 27: {{0.832}}, 0.839, 0.839, 0.547)
--------------------------------------------------------------------------------------------------------------------------
Epoch 28/50
Training one epoch in 1.198 s
[DEV]   QWK:  0.731, PRS: 0.806, SPR: 0.813, RMSE: 0.674, (Best @ 27: {{0.808}}, 0.811, 0.817, 0.582)
[TEST]  QWK:  0.755, PRS: 0.822, SPR: 0.822, RMSE: 0.624 (Best @ 27: {{0.832}}, 0.839, 0.839, 0.547)
--------------------------------------------------------------------------------------------------------------------------
Epoch 29/50
Training one epoch in 1.199 s
[DEV]   QWK:  0.698, PRS: 0.808, SPR: 0.813, RMSE: 0.750, (Best @ 27: {{0.808}}, 0.811, 0.817, 0.582)
[TEST]  QWK:  0.725, PRS: 0.818, SPR: 0.826, RMSE: 0.697 (Best @ 27: {{0.832}}, 0.839, 0.839, 0.547)
--------------------------------------------------------------------------------------------------------------------------
Epoch 30/50
Training one epoch in 1.193 s
[DEV]   QWK:  0.760, PRS: 0.804, SPR: 0.812, RMSE: 0.679, (Best @ 27: {{0.808}}, 0.811, 0.817, 0.582)
[TEST]  QWK:  0.760, PRS: 0.824, SPR: 0.827, RMSE: 0.681 (Best @ 27: {{0.832}}, 0.839, 0.839, 0.547)
--------------------------------------------------------------------------------------------------------------------------
Epoch 31/50
Training one epoch in 1.196 s
[DEV]   QWK:  0.705, PRS: 0.783, SPR: 0.790, RMSE: 0.750, (Best @ 27: {{0.808}}, 0.811, 0.817, 0.582)
[TEST]  QWK:  0.706, PRS: 0.816, SPR: 0.820, RMSE: 0.752 (Best @ 27: {{0.832}}, 0.839, 0.839, 0.547)
--------------------------------------------------------------------------------------------------------------------------
Epoch 32/50
Training one epoch in 1.199 s
[DEV]   QWK:  0.827, PRS: 0.829, SPR: 0.833, RMSE: 0.580, (Best @ 32: {{0.827}}, 0.829, 0.833, 0.580)
[TEST]  QWK:  0.824, PRS: 0.826, SPR: 0.824, RMSE: 0.582 (Best @ 32: {{0.824}}, 0.826, 0.824, 0.582)
--------------------------------------------------------------------------------------------------------------------------
Epoch 33/50
Training one epoch in 1.200 s
[DEV]   QWK:  0.767, PRS: 0.795, SPR: 0.802, RMSE: 0.655, (Best @ 32: {{0.827}}, 0.829, 0.833, 0.580)
[TEST]  QWK:  0.770, PRS: 0.819, SPR: 0.819, RMSE: 0.655 (Best @ 32: {{0.824}}, 0.826, 0.824, 0.582)
--------------------------------------------------------------------------------------------------------------------------
Epoch 34/50
Training one epoch in 1.191 s
[DEV]   QWK:  0.794, PRS: 0.800, SPR: 0.808, RMSE: 0.597, (Best @ 32: {{0.827}}, 0.829, 0.833, 0.580)
[TEST]  QWK:  0.822, PRS: 0.830, SPR: 0.828, RMSE: 0.562 (Best @ 32: {{0.824}}, 0.826, 0.824, 0.582)
--------------------------------------------------------------------------------------------------------------------------
Epoch 35/50
Training one epoch in 1.196 s
[DEV]   QWK:  0.571, PRS: 0.779, SPR: 0.787, RMSE: 0.943, (Best @ 32: {{0.827}}, 0.829, 0.833, 0.580)
[TEST]  QWK:  0.599, PRS: 0.784, SPR: 0.796, RMSE: 0.889 (Best @ 32: {{0.824}}, 0.826, 0.824, 0.582)
--------------------------------------------------------------------------------------------------------------------------
Epoch 36/50
Training one epoch in 1.197 s
[DEV]   QWK:  0.728, PRS: 0.801, SPR: 0.808, RMSE: 0.672, (Best @ 32: {{0.827}}, 0.829, 0.833, 0.580)
[TEST]  QWK:  0.743, PRS: 0.804, SPR: 0.803, RMSE: 0.629 (Best @ 32: {{0.824}}, 0.826, 0.824, 0.582)
--------------------------------------------------------------------------------------------------------------------------
Epoch 37/50
Training one epoch in 1.198 s
[DEV]   QWK:  0.763, PRS: 0.797, SPR: 0.803, RMSE: 0.699, (Best @ 32: {{0.827}}, 0.829, 0.833, 0.580)
[TEST]  QWK:  0.791, PRS: 0.840, SPR: 0.840, RMSE: 0.660 (Best @ 32: {{0.824}}, 0.826, 0.824, 0.582)
--------------------------------------------------------------------------------------------------------------------------
Epoch 38/50
Training one epoch in 1.192 s
[DEV]   QWK:  0.826, PRS: 0.828, SPR: 0.832, RMSE: 0.572, (Best @ 32: {{0.827}}, 0.829, 0.833, 0.580)
[TEST]  QWK:  0.830, PRS: 0.831, SPR: 0.826, RMSE: 0.562 (Best @ 32: {{0.824}}, 0.826, 0.824, 0.582)
--------------------------------------------------------------------------------------------------------------------------
Epoch 39/50
Training one epoch in 1.194 s
[DEV]   QWK:  0.741, PRS: 0.809, SPR: 0.816, RMSE: 0.672, (Best @ 32: {{0.827}}, 0.829, 0.833, 0.580)
[TEST]  QWK:  0.751, PRS: 0.814, SPR: 0.815, RMSE: 0.642 (Best @ 32: {{0.824}}, 0.826, 0.824, 0.582)
--------------------------------------------------------------------------------------------------------------------------
Epoch 40/50
Training one epoch in 1.200 s
[DEV]   QWK:  0.809, PRS: 0.814, SPR: 0.818, RMSE: 0.604, (Best @ 32: {{0.827}}, 0.829, 0.833, 0.580)
[TEST]  QWK:  0.817, PRS: 0.833, SPR: 0.828, RMSE: 0.587 (Best @ 32: {{0.824}}, 0.826, 0.824, 0.582)
--------------------------------------------------------------------------------------------------------------------------
Epoch 41/50
Training one epoch in 1.205 s
[DEV]   QWK:  0.625, PRS: 0.788, SPR: 0.797, RMSE: 0.877, (Best @ 32: {{0.827}}, 0.829, 0.833, 0.580)
[TEST]  QWK:  0.658, PRS: 0.811, SPR: 0.821, RMSE: 0.816 (Best @ 32: {{0.824}}, 0.826, 0.824, 0.582)
--------------------------------------------------------------------------------------------------------------------------
Epoch 42/50
Training one epoch in 1.203 s
[DEV]   QWK:  0.752, PRS: 0.798, SPR: 0.806, RMSE: 0.711, (Best @ 32: {{0.827}}, 0.829, 0.833, 0.580)
[TEST]  QWK:  0.761, PRS: 0.823, SPR: 0.829, RMSE: 0.693 (Best @ 32: {{0.824}}, 0.826, 0.824, 0.582)
--------------------------------------------------------------------------------------------------------------------------
Epoch 43/50
Training one epoch in 1.202 s
[DEV]   QWK:  0.739, PRS: 0.777, SPR: 0.790, RMSE: 0.640, (Best @ 32: {{0.827}}, 0.829, 0.833, 0.580)
[TEST]  QWK:  0.755, PRS: 0.782, SPR: 0.782, RMSE: 0.611 (Best @ 32: {{0.824}}, 0.826, 0.824, 0.582)
--------------------------------------------------------------------------------------------------------------------------
Epoch 44/50
Training one epoch in 1.194 s
[DEV]   QWK:  0.805, PRS: 0.813, SPR: 0.819, RMSE: 0.611, (Best @ 32: {{0.827}}, 0.829, 0.833, 0.580)
[TEST]  QWK:  0.804, PRS: 0.821, SPR: 0.817, RMSE: 0.611 (Best @ 32: {{0.824}}, 0.826, 0.824, 0.582)
--------------------------------------------------------------------------------------------------------------------------
Epoch 45/50
Training one epoch in 1.192 s
[DEV]   QWK:  0.768, PRS: 0.779, SPR: 0.787, RMSE: 0.620, (Best @ 32: {{0.827}}, 0.829, 0.833, 0.580)
[TEST]  QWK:  0.781, PRS: 0.798, SPR: 0.799, RMSE: 0.592 (Best @ 32: {{0.824}}, 0.826, 0.824, 0.582)
--------------------------------------------------------------------------------------------------------------------------
Epoch 46/50
Training one epoch in 1.193 s
[DEV]   QWK:  0.811, PRS: 0.812, SPR: 0.816, RMSE: 0.589, (Best @ 32: {{0.827}}, 0.829, 0.833, 0.580)
[TEST]  QWK:  0.807, PRS: 0.808, SPR: 0.806, RMSE: 0.597 (Best @ 32: {{0.824}}, 0.826, 0.824, 0.582)
--------------------------------------------------------------------------------------------------------------------------
Epoch 47/50
Training one epoch in 1.201 s
[DEV]   QWK:  0.793, PRS: 0.798, SPR: 0.805, RMSE: 0.601, (Best @ 32: {{0.827}}, 0.829, 0.833, 0.580)
[TEST]  QWK:  0.816, PRS: 0.820, SPR: 0.817, RMSE: 0.562 (Best @ 32: {{0.824}}, 0.826, 0.824, 0.582)
--------------------------------------------------------------------------------------------------------------------------
Epoch 48/50
Training one epoch in 1.198 s
[DEV]   QWK:  0.801, PRS: 0.807, SPR: 0.810, RMSE: 0.606, (Best @ 32: {{0.827}}, 0.829, 0.833, 0.580)
[TEST]  QWK:  0.820, PRS: 0.822, SPR: 0.817, RMSE: 0.562 (Best @ 32: {{0.824}}, 0.826, 0.824, 0.582)
--------------------------------------------------------------------------------------------------------------------------
Epoch 49/50
Training one epoch in 1.198 s
[DEV]   QWK:  0.770, PRS: 0.790, SPR: 0.801, RMSE: 0.622, (Best @ 32: {{0.827}}, 0.829, 0.833, 0.580)
[TEST]  QWK:  0.784, PRS: 0.796, SPR: 0.798, RMSE: 0.597 (Best @ 32: {{0.824}}, 0.826, 0.824, 0.582)
--------------------------------------------------------------------------------------------------------------------------
Epoch 50/50
Training one epoch in 1.188 s
[DEV]   QWK:  0.791, PRS: 0.803, SPR: 0.804, RMSE: 0.651, (Best @ 32: {{0.827}}, 0.829, 0.833, 0.580)
[TEST]  QWK:  0.828, PRS: 0.848, SPR: 0.846, RMSE: 0.592 (Best @ 32: {{0.824}}, 0.826, 0.824, 0.582)
--------------------------------------------------------------------------------------------------------------------------
