X_train shape: (507, 4850)
Initial evaluation: 
[DEV]   QWK:  0.000, PRS: 0.000, SPR: 0.000, RMSE: 10.230, (Best @ -1: {{0.000}}, 0.000, 0.000, 10.230)
[TEST]  QWK:  0.000, PRS: 0.000, SPR: 0.000, RMSE: 9.556 (Best @ -1: {{0.000}}, 0.000, 0.000, 9.556)
--------------------------------------------------------------------------------------------------------------------------
Train model
Epoch 1/50
Training one epoch in 2.044 s
[DEV]   QWK:  0.330, PRS: 0.554, SPR: 0.482, RMSE: 5.351, (Best @ 1: {{0.330}}, 0.554, 0.482, 5.351)
[TEST]  QWK:  0.329, PRS: 0.570, SPR: 0.464, RMSE: 5.519 (Best @ 1: {{0.329}}, 0.570, 0.464, 5.519)
--------------------------------------------------------------------------------------------------------------------------
Epoch 2/50
Training one epoch in 1.180 s
[DEV]   QWK:  0.358, PRS: 0.557, SPR: 0.473, RMSE: 5.538, (Best @ 2: {{0.358}}, 0.557, 0.473, 5.538)
[TEST]  QWK:  0.353, PRS: 0.605, SPR: 0.511, RMSE: 5.778 (Best @ 2: {{0.353}}, 0.605, 0.511, 5.778)
--------------------------------------------------------------------------------------------------------------------------
Epoch 3/50
Training one epoch in 1.168 s
[DEV]   QWK:  0.406, PRS: 0.561, SPR: 0.478, RMSE: 5.409, (Best @ 3: {{0.406}}, 0.561, 0.478, 5.409)
[TEST]  QWK:  0.411, PRS: 0.616, SPR: 0.526, RMSE: 5.575 (Best @ 3: {{0.411}}, 0.616, 0.526, 5.575)
--------------------------------------------------------------------------------------------------------------------------
Epoch 4/50
Training one epoch in 1.168 s
[DEV]   QWK:  0.390, PRS: 0.576, SPR: 0.509, RMSE: 5.295, (Best @ 3: {{0.406}}, 0.561, 0.478, 5.409)
[TEST]  QWK:  0.427, PRS: 0.597, SPR: 0.527, RMSE: 5.069 (Best @ 3: {{0.411}}, 0.616, 0.526, 5.575)
--------------------------------------------------------------------------------------------------------------------------
Epoch 5/50
Training one epoch in 1.173 s
[DEV]   QWK:  0.416, PRS: 0.587, SPR: 0.518, RMSE: 5.086, (Best @ 5: {{0.416}}, 0.587, 0.518, 5.086)
[TEST]  QWK:  0.435, PRS: 0.617, SPR: 0.538, RMSE: 5.128 (Best @ 5: {{0.435}}, 0.617, 0.538, 5.128)
--------------------------------------------------------------------------------------------------------------------------
Epoch 6/50
Training one epoch in 1.168 s
[DEV]   QWK:  0.373, PRS: 0.596, SPR: 0.538, RMSE: 5.151, (Best @ 5: {{0.416}}, 0.587, 0.518, 5.086)
[TEST]  QWK:  0.393, PRS: 0.613, SPR: 0.544, RMSE: 5.132 (Best @ 5: {{0.435}}, 0.617, 0.538, 5.128)
--------------------------------------------------------------------------------------------------------------------------
Epoch 7/50
Training one epoch in 1.271 s
[DEV]   QWK:  0.435, PRS: 0.625, SPR: 0.564, RMSE: 4.974, (Best @ 7: {{0.435}}, 0.625, 0.564, 4.974)
[TEST]  QWK:  0.441, PRS: 0.642, SPR: 0.556, RMSE: 5.024 (Best @ 7: {{0.441}}, 0.642, 0.556, 5.024)
--------------------------------------------------------------------------------------------------------------------------
Epoch 8/50
Training one epoch in 1.168 s
[DEV]   QWK:  0.502, PRS: 0.631, SPR: 0.561, RMSE: 4.941, (Best @ 8: {{0.502}}, 0.631, 0.561, 4.941)
[TEST]  QWK:  0.501, PRS: 0.661, SPR: 0.590, RMSE: 5.160 (Best @ 8: {{0.501}}, 0.661, 0.590, 5.160)
--------------------------------------------------------------------------------------------------------------------------
Epoch 9/50
Training one epoch in 1.184 s
[DEV]   QWK:  0.456, PRS: 0.617, SPR: 0.553, RMSE: 5.180, (Best @ 8: {{0.502}}, 0.631, 0.561, 4.941)
[TEST]  QWK:  0.524, PRS: 0.661, SPR: 0.601, RMSE: 4.759 (Best @ 8: {{0.501}}, 0.661, 0.590, 5.160)
--------------------------------------------------------------------------------------------------------------------------
Epoch 10/50
Training one epoch in 1.172 s
[DEV]   QWK:  0.438, PRS: 0.662, SPR: 0.597, RMSE: 5.638, (Best @ 8: {{0.502}}, 0.631, 0.561, 4.941)
[TEST]  QWK:  0.403, PRS: 0.673, SPR: 0.609, RMSE: 6.256 (Best @ 8: {{0.501}}, 0.661, 0.590, 5.160)
--------------------------------------------------------------------------------------------------------------------------
Epoch 11/50
Training one epoch in 1.170 s
[DEV]   QWK:  0.578, PRS: 0.678, SPR: 0.622, RMSE: 4.664, (Best @ 11: {{0.578}}, 0.678, 0.622, 4.664)
[TEST]  QWK:  0.608, PRS: 0.685, SPR: 0.631, RMSE: 4.506 (Best @ 11: {{0.608}}, 0.685, 0.631, 4.506)
--------------------------------------------------------------------------------------------------------------------------
Epoch 12/50
Training one epoch in 1.169 s
[DEV]   QWK:  0.502, PRS: 0.680, SPR: 0.627, RMSE: 4.828, (Best @ 11: {{0.578}}, 0.678, 0.622, 4.664)
[TEST]  QWK:  0.498, PRS: 0.705, SPR: 0.659, RMSE: 5.087 (Best @ 11: {{0.608}}, 0.685, 0.631, 4.506)
--------------------------------------------------------------------------------------------------------------------------
Epoch 13/50
Training one epoch in 1.173 s
[DEV]   QWK:  0.415, PRS: 0.700, SPR: 0.673, RMSE: 6.475, (Best @ 11: {{0.578}}, 0.678, 0.622, 4.664)
[TEST]  QWK:  0.533, PRS: 0.705, SPR: 0.683, RMSE: 5.386 (Best @ 11: {{0.608}}, 0.685, 0.631, 4.506)
--------------------------------------------------------------------------------------------------------------------------
Epoch 14/50
Training one epoch in 1.171 s
[DEV]   QWK:  0.532, PRS: 0.703, SPR: 0.669, RMSE: 4.821, (Best @ 11: {{0.578}}, 0.678, 0.622, 4.664)
[TEST]  QWK:  0.496, PRS: 0.708, SPR: 0.687, RMSE: 5.408 (Best @ 11: {{0.608}}, 0.685, 0.631, 4.506)
--------------------------------------------------------------------------------------------------------------------------
Epoch 15/50
Training one epoch in 1.168 s
[DEV]   QWK:  0.599, PRS: 0.699, SPR: 0.662, RMSE: 4.471, (Best @ 15: {{0.599}}, 0.699, 0.662, 4.471)
[TEST]  QWK:  0.612, PRS: 0.723, SPR: 0.691, RMSE: 4.629 (Best @ 15: {{0.612}}, 0.723, 0.691, 4.629)
--------------------------------------------------------------------------------------------------------------------------
Epoch 16/50
Training one epoch in 1.169 s
[DEV]   QWK:  0.596, PRS: 0.700, SPR: 0.664, RMSE: 4.528, (Best @ 15: {{0.599}}, 0.699, 0.662, 4.471)
[TEST]  QWK:  0.575, PRS: 0.720, SPR: 0.688, RMSE: 4.889 (Best @ 15: {{0.612}}, 0.723, 0.691, 4.629)
--------------------------------------------------------------------------------------------------------------------------
Epoch 17/50
Training one epoch in 1.170 s
[DEV]   QWK:  0.521, PRS: 0.713, SPR: 0.693, RMSE: 4.979, (Best @ 15: {{0.599}}, 0.699, 0.662, 4.471)
[TEST]  QWK:  0.599, PRS: 0.725, SPR: 0.712, RMSE: 4.436 (Best @ 15: {{0.612}}, 0.723, 0.691, 4.629)
--------------------------------------------------------------------------------------------------------------------------
Epoch 18/50
Training one epoch in 1.167 s
[DEV]   QWK:  0.554, PRS: 0.713, SPR: 0.688, RMSE: 4.790, (Best @ 15: {{0.599}}, 0.699, 0.662, 4.471)
[TEST]  QWK:  0.517, PRS: 0.725, SPR: 0.703, RMSE: 5.368 (Best @ 15: {{0.612}}, 0.723, 0.691, 4.629)
--------------------------------------------------------------------------------------------------------------------------
Epoch 19/50
Training one epoch in 1.171 s
[DEV]   QWK:  0.441, PRS: 0.717, SPR: 0.698, RMSE: 6.125, (Best @ 15: {{0.599}}, 0.699, 0.662, 4.471)
[TEST]  QWK:  0.547, PRS: 0.725, SPR: 0.718, RMSE: 5.144 (Best @ 15: {{0.612}}, 0.723, 0.691, 4.629)
--------------------------------------------------------------------------------------------------------------------------
Epoch 20/50
Training one epoch in 1.167 s
[DEV]   QWK:  0.570, PRS: 0.710, SPR: 0.697, RMSE: 4.652, (Best @ 15: {{0.599}}, 0.699, 0.662, 4.471)
[TEST]  QWK:  0.628, PRS: 0.729, SPR: 0.740, RMSE: 4.316 (Best @ 15: {{0.612}}, 0.723, 0.691, 4.629)
--------------------------------------------------------------------------------------------------------------------------
Epoch 21/50
Training one epoch in 1.172 s
[DEV]   QWK:  0.662, PRS: 0.725, SPR: 0.695, RMSE: 4.266, (Best @ 21: {{0.662}}, 0.725, 0.695, 4.266)
[TEST]  QWK:  0.637, PRS: 0.732, SPR: 0.709, RMSE: 4.586 (Best @ 21: {{0.637}}, 0.732, 0.709, 4.586)
--------------------------------------------------------------------------------------------------------------------------
Epoch 22/50
Training one epoch in 1.166 s
[DEV]   QWK:  0.594, PRS: 0.729, SPR: 0.707, RMSE: 4.492, (Best @ 21: {{0.662}}, 0.725, 0.695, 4.266)
[TEST]  QWK:  0.637, PRS: 0.739, SPR: 0.723, RMSE: 4.275 (Best @ 21: {{0.637}}, 0.732, 0.709, 4.586)
--------------------------------------------------------------------------------------------------------------------------
Epoch 23/50
Training one epoch in 1.172 s
[DEV]   QWK:  0.601, PRS: 0.723, SPR: 0.696, RMSE: 4.723, (Best @ 21: {{0.662}}, 0.725, 0.695, 4.266)
[TEST]  QWK:  0.681, PRS: 0.746, SPR: 0.734, RMSE: 4.153 (Best @ 21: {{0.637}}, 0.732, 0.709, 4.586)
--------------------------------------------------------------------------------------------------------------------------
Epoch 24/50
Training one epoch in 1.169 s
[DEV]   QWK:  0.629, PRS: 0.727, SPR: 0.700, RMSE: 4.337, (Best @ 21: {{0.662}}, 0.725, 0.695, 4.266)
[TEST]  QWK:  0.630, PRS: 0.752, SPR: 0.745, RMSE: 4.566 (Best @ 21: {{0.637}}, 0.732, 0.709, 4.586)
--------------------------------------------------------------------------------------------------------------------------
Epoch 25/50
Training one epoch in 1.175 s
[DEV]   QWK:  0.630, PRS: 0.714, SPR: 0.714, RMSE: 4.663, (Best @ 21: {{0.662}}, 0.725, 0.695, 4.266)
[TEST]  QWK:  0.717, PRS: 0.752, SPR: 0.769, RMSE: 4.052 (Best @ 21: {{0.637}}, 0.732, 0.709, 4.586)
--------------------------------------------------------------------------------------------------------------------------
Epoch 26/50
Training one epoch in 1.169 s
[DEV]   QWK:  0.611, PRS: 0.729, SPR: 0.722, RMSE: 4.613, (Best @ 21: {{0.662}}, 0.725, 0.695, 4.266)
[TEST]  QWK:  0.574, PRS: 0.767, SPR: 0.772, RMSE: 5.199 (Best @ 21: {{0.637}}, 0.732, 0.709, 4.586)
--------------------------------------------------------------------------------------------------------------------------
Epoch 27/50
Training one epoch in 1.169 s
[DEV]   QWK:  0.620, PRS: 0.718, SPR: 0.715, RMSE: 4.358, (Best @ 21: {{0.662}}, 0.725, 0.695, 4.266)
[TEST]  QWK:  0.651, PRS: 0.764, SPR: 0.776, RMSE: 4.348 (Best @ 21: {{0.637}}, 0.732, 0.709, 4.586)
--------------------------------------------------------------------------------------------------------------------------
Epoch 28/50
Training one epoch in 1.169 s
[DEV]   QWK:  0.659, PRS: 0.724, SPR: 0.722, RMSE: 4.275, (Best @ 21: {{0.662}}, 0.725, 0.695, 4.266)
[TEST]  QWK:  0.657, PRS: 0.754, SPR: 0.776, RMSE: 4.508 (Best @ 21: {{0.637}}, 0.732, 0.709, 4.586)
--------------------------------------------------------------------------------------------------------------------------
Epoch 29/50
Training one epoch in 1.170 s
[DEV]   QWK:  0.651, PRS: 0.703, SPR: 0.709, RMSE: 4.382, (Best @ 21: {{0.662}}, 0.725, 0.695, 4.266)
[TEST]  QWK:  0.681, PRS: 0.743, SPR: 0.789, RMSE: 4.324 (Best @ 21: {{0.637}}, 0.732, 0.709, 4.586)
--------------------------------------------------------------------------------------------------------------------------
Epoch 30/50
Training one epoch in 1.170 s
[DEV]   QWK:  0.691, PRS: 0.732, SPR: 0.713, RMSE: 4.227, (Best @ 30: {{0.691}}, 0.732, 0.713, 4.227)
[TEST]  QWK:  0.736, PRS: 0.769, SPR: 0.761, RMSE: 4.017 (Best @ 30: {{0.736}}, 0.769, 0.761, 4.017)
--------------------------------------------------------------------------------------------------------------------------
Epoch 31/50
Training one epoch in 1.169 s
[DEV]   QWK:  0.676, PRS: 0.737, SPR: 0.718, RMSE: 4.314, (Best @ 30: {{0.691}}, 0.732, 0.713, 4.227)
[TEST]  QWK:  0.658, PRS: 0.774, SPR: 0.777, RMSE: 4.689 (Best @ 30: {{0.736}}, 0.769, 0.761, 4.017)
--------------------------------------------------------------------------------------------------------------------------
Epoch 32/50
Training one epoch in 1.168 s
[DEV]   QWK:  0.622, PRS: 0.739, SPR: 0.721, RMSE: 4.364, (Best @ 30: {{0.691}}, 0.732, 0.713, 4.227)
[TEST]  QWK:  0.672, PRS: 0.769, SPR: 0.780, RMSE: 4.098 (Best @ 30: {{0.736}}, 0.769, 0.761, 4.017)
--------------------------------------------------------------------------------------------------------------------------
Epoch 33/50
Training one epoch in 1.176 s
[DEV]   QWK:  0.620, PRS: 0.739, SPR: 0.728, RMSE: 4.548, (Best @ 30: {{0.691}}, 0.732, 0.713, 4.227)
[TEST]  QWK:  0.592, PRS: 0.773, SPR: 0.783, RMSE: 5.065 (Best @ 30: {{0.736}}, 0.769, 0.761, 4.017)
--------------------------------------------------------------------------------------------------------------------------
Epoch 34/50
Training one epoch in 1.169 s
[DEV]   QWK:  0.547, PRS: 0.725, SPR: 0.726, RMSE: 5.448, (Best @ 30: {{0.691}}, 0.732, 0.713, 4.227)
[TEST]  QWK:  0.502, PRS: 0.763, SPR: 0.800, RMSE: 6.331 (Best @ 30: {{0.736}}, 0.769, 0.761, 4.017)
--------------------------------------------------------------------------------------------------------------------------
Epoch 35/50
Training one epoch in 1.166 s
[DEV]   QWK:  0.636, PRS: 0.733, SPR: 0.730, RMSE: 4.409, (Best @ 30: {{0.691}}, 0.732, 0.713, 4.227)
[TEST]  QWK:  0.630, PRS: 0.777, SPR: 0.811, RMSE: 4.762 (Best @ 30: {{0.736}}, 0.769, 0.761, 4.017)
--------------------------------------------------------------------------------------------------------------------------
Epoch 36/50
Training one epoch in 1.170 s
[DEV]   QWK:  0.646, PRS: 0.739, SPR: 0.720, RMSE: 4.236, (Best @ 30: {{0.691}}, 0.732, 0.713, 4.227)
[TEST]  QWK:  0.671, PRS: 0.770, SPR: 0.756, RMSE: 4.182 (Best @ 30: {{0.736}}, 0.769, 0.761, 4.017)
--------------------------------------------------------------------------------------------------------------------------
Epoch 37/50
Training one epoch in 1.177 s
[DEV]   QWK:  0.687, PRS: 0.740, SPR: 0.736, RMSE: 4.178, (Best @ 30: {{0.691}}, 0.732, 0.713, 4.227)
[TEST]  QWK:  0.690, PRS: 0.776, SPR: 0.795, RMSE: 4.416 (Best @ 30: {{0.736}}, 0.769, 0.761, 4.017)
--------------------------------------------------------------------------------------------------------------------------
Epoch 38/50
Training one epoch in 1.166 s
[DEV]   QWK:  0.632, PRS: 0.737, SPR: 0.735, RMSE: 4.848, (Best @ 30: {{0.691}}, 0.732, 0.713, 4.227)
[TEST]  QWK:  0.728, PRS: 0.765, SPR: 0.787, RMSE: 4.071 (Best @ 30: {{0.736}}, 0.769, 0.761, 4.017)
--------------------------------------------------------------------------------------------------------------------------
Epoch 39/50
Training one epoch in 1.165 s
[DEV]   QWK:  0.683, PRS: 0.736, SPR: 0.736, RMSE: 4.190, (Best @ 30: {{0.691}}, 0.732, 0.713, 4.227)
[TEST]  QWK:  0.715, PRS: 0.766, SPR: 0.794, RMSE: 4.103 (Best @ 30: {{0.736}}, 0.769, 0.761, 4.017)
--------------------------------------------------------------------------------------------------------------------------
Epoch 40/50
Training one epoch in 1.167 s
[DEV]   QWK:  0.647, PRS: 0.744, SPR: 0.737, RMSE: 4.338, (Best @ 30: {{0.691}}, 0.732, 0.713, 4.227)
[TEST]  QWK:  0.705, PRS: 0.773, SPR: 0.787, RMSE: 3.976 (Best @ 30: {{0.736}}, 0.769, 0.761, 4.017)
--------------------------------------------------------------------------------------------------------------------------
Epoch 41/50
Training one epoch in 1.169 s
[DEV]   QWK:  0.690, PRS: 0.741, SPR: 0.737, RMSE: 4.143, (Best @ 30: {{0.691}}, 0.732, 0.713, 4.227)
[TEST]  QWK:  0.725, PRS: 0.778, SPR: 0.793, RMSE: 4.036 (Best @ 30: {{0.736}}, 0.769, 0.761, 4.017)
--------------------------------------------------------------------------------------------------------------------------
Epoch 42/50
Training one epoch in 1.169 s
[DEV]   QWK:  0.663, PRS: 0.741, SPR: 0.736, RMSE: 4.347, (Best @ 30: {{0.691}}, 0.732, 0.713, 4.227)
[TEST]  QWK:  0.738, PRS: 0.780, SPR: 0.786, RMSE: 3.871 (Best @ 30: {{0.736}}, 0.769, 0.761, 4.017)
--------------------------------------------------------------------------------------------------------------------------
Epoch 43/50
Training one epoch in 1.167 s
[DEV]   QWK:  0.697, PRS: 0.748, SPR: 0.733, RMSE: 4.094, (Best @ 43: {{0.697}}, 0.748, 0.733, 4.094)
[TEST]  QWK:  0.712, PRS: 0.780, SPR: 0.788, RMSE: 4.153 (Best @ 43: {{0.712}}, 0.780, 0.788, 4.153)
--------------------------------------------------------------------------------------------------------------------------
Epoch 44/50
Training one epoch in 1.172 s
[DEV]   QWK:  0.652, PRS: 0.736, SPR: 0.734, RMSE: 4.552, (Best @ 43: {{0.697}}, 0.748, 0.733, 4.094)
[TEST]  QWK:  0.740, PRS: 0.773, SPR: 0.798, RMSE: 3.916 (Best @ 43: {{0.712}}, 0.780, 0.788, 4.153)
--------------------------------------------------------------------------------------------------------------------------
Epoch 45/50
Training one epoch in 1.171 s
[DEV]   QWK:  0.719, PRS: 0.740, SPR: 0.735, RMSE: 4.147, (Best @ 45: {{0.719}}, 0.740, 0.735, 4.147)
[TEST]  QWK:  0.749, PRS: 0.776, SPR: 0.797, RMSE: 4.064 (Best @ 45: {{0.749}}, 0.776, 0.797, 4.064)
--------------------------------------------------------------------------------------------------------------------------
Epoch 46/50
Training one epoch in 1.169 s
[DEV]   QWK:  0.671, PRS: 0.740, SPR: 0.731, RMSE: 4.174, (Best @ 45: {{0.719}}, 0.740, 0.735, 4.147)
[TEST]  QWK:  0.701, PRS: 0.780, SPR: 0.807, RMSE: 4.152 (Best @ 45: {{0.749}}, 0.776, 0.797, 4.064)
--------------------------------------------------------------------------------------------------------------------------
Epoch 47/50
Training one epoch in 1.168 s
[DEV]   QWK:  0.560, PRS: 0.737, SPR: 0.728, RMSE: 5.484, (Best @ 45: {{0.719}}, 0.740, 0.735, 4.147)
[TEST]  QWK:  0.517, PRS: 0.775, SPR: 0.790, RMSE: 6.355 (Best @ 45: {{0.749}}, 0.776, 0.797, 4.064)
--------------------------------------------------------------------------------------------------------------------------
Epoch 48/50
Training one epoch in 1.170 s
[DEV]   QWK:  0.721, PRS: 0.744, SPR: 0.737, RMSE: 4.169, (Best @ 48: {{0.721}}, 0.744, 0.737, 4.169)
[TEST]  QWK:  0.766, PRS: 0.782, SPR: 0.789, RMSE: 3.956 (Best @ 48: {{0.766}}, 0.782, 0.789, 3.956)
--------------------------------------------------------------------------------------------------------------------------
Epoch 49/50
Training one epoch in 1.173 s
[DEV]   QWK:  0.662, PRS: 0.746, SPR: 0.735, RMSE: 4.641, (Best @ 48: {{0.721}}, 0.744, 0.737, 4.169)
[TEST]  QWK:  0.633, PRS: 0.785, SPR: 0.788, RMSE: 5.259 (Best @ 48: {{0.766}}, 0.782, 0.789, 3.956)
--------------------------------------------------------------------------------------------------------------------------
Epoch 50/50
Training one epoch in 1.170 s
[DEV]   QWK:  0.655, PRS: 0.740, SPR: 0.735, RMSE: 4.252, (Best @ 48: {{0.721}}, 0.744, 0.737, 4.169)
[TEST]  QWK:  0.665, PRS: 0.783, SPR: 0.799, RMSE: 4.417 (Best @ 48: {{0.766}}, 0.782, 0.789, 3.956)
--------------------------------------------------------------------------------------------------------------------------
