X_train shape: (1209, 1100)
Initial evaluation: 
[DEV]   QWK:  0.000, PRS: 0.000, SPR: 0.000, RMSE: 0.851, (Best @ -1: {{0.000}}, 0.000, 0.000, 0.851)
[TEST]  QWK:  0.000, PRS: 0.000, SPR: 0.000, RMSE: 0.807 (Best @ -1: {{0.000}}, 0.000, 0.000, 0.807)
--------------------------------------------------------------------------------------------------------------------------
Train model
Epoch 1/50
Training one epoch in 1.948 s
[DEV]   QWK:  0.626, PRS: 0.651, SPR: 0.646, RMSE: 0.651, (Best @ 1: {{0.626}}, 0.651, 0.646, 0.651)
[TEST]  QWK:  0.569, PRS: 0.610, SPR: 0.602, RMSE: 0.642 (Best @ 1: {{0.569}}, 0.610, 0.602, 0.642)
--------------------------------------------------------------------------------------------------------------------------
Epoch 2/50
Training one epoch in 1.141 s
[DEV]   QWK:  0.688, PRS: 0.703, SPR: 0.714, RMSE: 0.609, (Best @ 2: {{0.688}}, 0.703, 0.714, 0.609)
[TEST]  QWK:  0.546, PRS: 0.575, SPR: 0.574, RMSE: 0.686 (Best @ 2: {{0.546}}, 0.575, 0.574, 0.686)
--------------------------------------------------------------------------------------------------------------------------
Epoch 3/50
Training one epoch in 1.150 s
[DEV]   QWK:  0.690, PRS: 0.696, SPR: 0.704, RMSE: 0.619, (Best @ 3: {{0.690}}, 0.696, 0.704, 0.619)
[TEST]  QWK:  0.633, PRS: 0.649, SPR: 0.647, RMSE: 0.624 (Best @ 3: {{0.633}}, 0.649, 0.647, 0.624)
--------------------------------------------------------------------------------------------------------------------------
Epoch 4/50
Training one epoch in 1.150 s
[DEV]   QWK:  0.642, PRS: 0.693, SPR: 0.711, RMSE: 0.623, (Best @ 3: {{0.690}}, 0.696, 0.704, 0.619)
[TEST]  QWK:  0.494, PRS: 0.562, SPR: 0.559, RMSE: 0.699 (Best @ 3: {{0.633}}, 0.649, 0.647, 0.624)
--------------------------------------------------------------------------------------------------------------------------
Epoch 5/50
Training one epoch in 1.155 s
[DEV]   QWK:  0.631, PRS: 0.685, SPR: 0.699, RMSE: 0.648, (Best @ 3: {{0.690}}, 0.696, 0.704, 0.619)
[TEST]  QWK:  0.520, PRS: 0.583, SPR: 0.582, RMSE: 0.707 (Best @ 3: {{0.633}}, 0.649, 0.647, 0.624)
--------------------------------------------------------------------------------------------------------------------------
Epoch 6/50
Training one epoch in 1.144 s
[DEV]   QWK:  0.673, PRS: 0.692, SPR: 0.698, RMSE: 0.609, (Best @ 3: {{0.690}}, 0.696, 0.704, 0.619)
[TEST]  QWK:  0.539, PRS: 0.579, SPR: 0.576, RMSE: 0.669 (Best @ 3: {{0.633}}, 0.649, 0.647, 0.624)
--------------------------------------------------------------------------------------------------------------------------
Epoch 7/50
Training one epoch in 1.150 s
[DEV]   QWK:  0.704, PRS: 0.707, SPR: 0.715, RMSE: 0.614, (Best @ 7: {{0.704}}, 0.707, 0.715, 0.614)
[TEST]  QWK:  0.670, PRS: 0.679, SPR: 0.679, RMSE: 0.610 (Best @ 7: {{0.670}}, 0.679, 0.679, 0.610)
--------------------------------------------------------------------------------------------------------------------------
Epoch 8/50
Training one epoch in 1.142 s
[DEV]   QWK:  0.709, PRS: 0.713, SPR: 0.721, RMSE: 0.602, (Best @ 8: {{0.709}}, 0.713, 0.721, 0.602)
[TEST]  QWK:  0.644, PRS: 0.652, SPR: 0.652, RMSE: 0.633 (Best @ 8: {{0.644}}, 0.652, 0.652, 0.633)
--------------------------------------------------------------------------------------------------------------------------
Epoch 9/50
Training one epoch in 1.154 s
[DEV]   QWK:  0.682, PRS: 0.688, SPR: 0.694, RMSE: 0.644, (Best @ 8: {{0.709}}, 0.713, 0.721, 0.602)
[TEST]  QWK:  0.659, PRS: 0.677, SPR: 0.676, RMSE: 0.629 (Best @ 8: {{0.644}}, 0.652, 0.652, 0.633)
--------------------------------------------------------------------------------------------------------------------------
Epoch 10/50
Training one epoch in 1.146 s
[DEV]   QWK:  0.704, PRS: 0.710, SPR: 0.719, RMSE: 0.604, (Best @ 8: {{0.709}}, 0.713, 0.721, 0.602)
[TEST]  QWK:  0.639, PRS: 0.651, SPR: 0.651, RMSE: 0.633 (Best @ 8: {{0.644}}, 0.652, 0.652, 0.633)
--------------------------------------------------------------------------------------------------------------------------
Epoch 11/50
Training one epoch in 1.144 s
[DEV]   QWK:  0.719, PRS: 0.723, SPR: 0.730, RMSE: 0.592, (Best @ 11: {{0.719}}, 0.723, 0.730, 0.592)
[TEST]  QWK:  0.640, PRS: 0.648, SPR: 0.648, RMSE: 0.638 (Best @ 11: {{0.640}}, 0.648, 0.648, 0.638)
--------------------------------------------------------------------------------------------------------------------------
Epoch 12/50
Training one epoch in 1.134 s
[DEV]   QWK:  0.713, PRS: 0.720, SPR: 0.732, RMSE: 0.595, (Best @ 11: {{0.719}}, 0.723, 0.730, 0.592)
[TEST]  QWK:  0.643, PRS: 0.655, SPR: 0.657, RMSE: 0.633 (Best @ 11: {{0.640}}, 0.648, 0.648, 0.638)
--------------------------------------------------------------------------------------------------------------------------
Epoch 13/50
Training one epoch in 1.152 s
[DEV]   QWK:  0.614, PRS: 0.646, SPR: 0.638, RMSE: 0.659, (Best @ 11: {{0.719}}, 0.723, 0.730, 0.592)
[TEST]  QWK:  0.555, PRS: 0.590, SPR: 0.582, RMSE: 0.673 (Best @ 11: {{0.640}}, 0.648, 0.648, 0.638)
--------------------------------------------------------------------------------------------------------------------------
Epoch 14/50
Training one epoch in 1.141 s
[DEV]   QWK:  0.678, PRS: 0.690, SPR: 0.692, RMSE: 0.630, (Best @ 11: {{0.719}}, 0.723, 0.730, 0.592)
[TEST]  QWK:  0.628, PRS: 0.640, SPR: 0.638, RMSE: 0.656 (Best @ 11: {{0.640}}, 0.648, 0.648, 0.638)
--------------------------------------------------------------------------------------------------------------------------
Epoch 15/50
Training one epoch in 1.152 s
[DEV]   QWK:  0.706, PRS: 0.714, SPR: 0.723, RMSE: 0.614, (Best @ 11: {{0.719}}, 0.723, 0.730, 0.592)
[TEST]  QWK:  0.626, PRS: 0.639, SPR: 0.645, RMSE: 0.669 (Best @ 11: {{0.640}}, 0.648, 0.648, 0.638)
--------------------------------------------------------------------------------------------------------------------------
Epoch 16/50
Training one epoch in 1.137 s
[DEV]   QWK:  0.663, PRS: 0.676, SPR: 0.676, RMSE: 0.646, (Best @ 11: {{0.719}}, 0.723, 0.730, 0.592)
[TEST]  QWK:  0.632, PRS: 0.646, SPR: 0.646, RMSE: 0.651 (Best @ 11: {{0.640}}, 0.648, 0.648, 0.638)
--------------------------------------------------------------------------------------------------------------------------
Epoch 17/50
Training one epoch in 1.151 s
[DEV]   QWK:  0.619, PRS: 0.668, SPR: 0.663, RMSE: 0.679, (Best @ 11: {{0.719}}, 0.723, 0.730, 0.592)
[TEST]  QWK:  0.609, PRS: 0.655, SPR: 0.656, RMSE: 0.660 (Best @ 11: {{0.640}}, 0.648, 0.648, 0.638)
--------------------------------------------------------------------------------------------------------------------------
Epoch 18/50
Training one epoch in 1.145 s
[DEV]   QWK:  0.684, PRS: 0.694, SPR: 0.695, RMSE: 0.614, (Best @ 11: {{0.719}}, 0.723, 0.730, 0.592)
[TEST]  QWK:  0.602, PRS: 0.613, SPR: 0.610, RMSE: 0.660 (Best @ 11: {{0.640}}, 0.648, 0.648, 0.638)
--------------------------------------------------------------------------------------------------------------------------
Epoch 19/50
Training one epoch in 1.156 s
[DEV]   QWK:  0.676, PRS: 0.685, SPR: 0.687, RMSE: 0.623, (Best @ 11: {{0.719}}, 0.723, 0.730, 0.592)
[TEST]  QWK:  0.624, PRS: 0.635, SPR: 0.633, RMSE: 0.642 (Best @ 11: {{0.640}}, 0.648, 0.648, 0.638)
--------------------------------------------------------------------------------------------------------------------------
Epoch 20/50
Training one epoch in 1.145 s
[DEV]   QWK:  0.628, PRS: 0.651, SPR: 0.649, RMSE: 0.668, (Best @ 11: {{0.719}}, 0.723, 0.730, 0.592)
[TEST]  QWK:  0.623, PRS: 0.649, SPR: 0.649, RMSE: 0.656 (Best @ 11: {{0.640}}, 0.648, 0.648, 0.638)
--------------------------------------------------------------------------------------------------------------------------
Epoch 21/50
Training one epoch in 1.137 s
[DEV]   QWK:  0.686, PRS: 0.713, SPR: 0.711, RMSE: 0.651, (Best @ 11: {{0.719}}, 0.723, 0.730, 0.592)
[TEST]  QWK:  0.604, PRS: 0.632, SPR: 0.635, RMSE: 0.695 (Best @ 11: {{0.640}}, 0.648, 0.648, 0.638)
--------------------------------------------------------------------------------------------------------------------------
Epoch 22/50
Training one epoch in 1.140 s
[DEV]   QWK:  0.689, PRS: 0.697, SPR: 0.695, RMSE: 0.616, (Best @ 11: {{0.719}}, 0.723, 0.730, 0.592)
[TEST]  QWK:  0.612, PRS: 0.621, SPR: 0.619, RMSE: 0.660 (Best @ 11: {{0.640}}, 0.648, 0.648, 0.638)
--------------------------------------------------------------------------------------------------------------------------
Epoch 23/50
Training one epoch in 1.143 s
[DEV]   QWK:  0.704, PRS: 0.710, SPR: 0.716, RMSE: 0.602, (Best @ 11: {{0.719}}, 0.723, 0.730, 0.592)
[TEST]  QWK:  0.590, PRS: 0.601, SPR: 0.599, RMSE: 0.669 (Best @ 11: {{0.640}}, 0.648, 0.648, 0.638)
--------------------------------------------------------------------------------------------------------------------------
Epoch 24/50
Training one epoch in 1.147 s
[DEV]   QWK:  0.667, PRS: 0.715, SPR: 0.718, RMSE: 0.672, (Best @ 11: {{0.719}}, 0.723, 0.730, 0.592)
[TEST]  QWK:  0.588, PRS: 0.631, SPR: 0.630, RMSE: 0.703 (Best @ 11: {{0.640}}, 0.648, 0.648, 0.638)
--------------------------------------------------------------------------------------------------------------------------
Epoch 25/50
Training one epoch in 1.148 s
[DEV]   QWK:  0.704, PRS: 0.711, SPR: 0.718, RMSE: 0.607, (Best @ 11: {{0.719}}, 0.723, 0.730, 0.592)
[TEST]  QWK:  0.578, PRS: 0.589, SPR: 0.587, RMSE: 0.695 (Best @ 11: {{0.640}}, 0.648, 0.648, 0.638)
--------------------------------------------------------------------------------------------------------------------------
Epoch 26/50
Training one epoch in 1.153 s
[DEV]   QWK:  0.712, PRS: 0.715, SPR: 0.720, RMSE: 0.604, (Best @ 11: {{0.719}}, 0.723, 0.730, 0.592)
[TEST]  QWK:  0.602, PRS: 0.603, SPR: 0.607, RMSE: 0.699 (Best @ 11: {{0.640}}, 0.648, 0.648, 0.638)
--------------------------------------------------------------------------------------------------------------------------
Epoch 27/50
Training one epoch in 1.145 s
[DEV]   QWK:  0.709, PRS: 0.716, SPR: 0.724, RMSE: 0.597, (Best @ 11: {{0.719}}, 0.723, 0.730, 0.592)
[TEST]  QWK:  0.563, PRS: 0.573, SPR: 0.569, RMSE: 0.699 (Best @ 11: {{0.640}}, 0.648, 0.648, 0.638)
--------------------------------------------------------------------------------------------------------------------------
Epoch 28/50
Training one epoch in 1.142 s
[DEV]   QWK:  0.686, PRS: 0.694, SPR: 0.694, RMSE: 0.616, (Best @ 11: {{0.719}}, 0.723, 0.730, 0.592)
[TEST]  QWK:  0.560, PRS: 0.570, SPR: 0.565, RMSE: 0.695 (Best @ 11: {{0.640}}, 0.648, 0.648, 0.638)
--------------------------------------------------------------------------------------------------------------------------
Epoch 29/50
Training one epoch in 1.151 s
[DEV]   QWK:  0.675, PRS: 0.684, SPR: 0.680, RMSE: 0.628, (Best @ 11: {{0.719}}, 0.723, 0.730, 0.592)
[TEST]  QWK:  0.562, PRS: 0.570, SPR: 0.567, RMSE: 0.707 (Best @ 11: {{0.640}}, 0.648, 0.648, 0.638)
--------------------------------------------------------------------------------------------------------------------------
Epoch 30/50
Training one epoch in 1.144 s
[DEV]   QWK:  0.670, PRS: 0.679, SPR: 0.678, RMSE: 0.626, (Best @ 11: {{0.719}}, 0.723, 0.730, 0.592)
[TEST]  QWK:  0.534, PRS: 0.544, SPR: 0.538, RMSE: 0.711 (Best @ 11: {{0.640}}, 0.648, 0.648, 0.638)
--------------------------------------------------------------------------------------------------------------------------
Epoch 31/50
Training one epoch in 1.148 s
[DEV]   QWK:  0.660, PRS: 0.685, SPR: 0.697, RMSE: 0.637, (Best @ 11: {{0.719}}, 0.723, 0.730, 0.592)
[TEST]  QWK:  0.561, PRS: 0.583, SPR: 0.588, RMSE: 0.739 (Best @ 11: {{0.640}}, 0.648, 0.648, 0.638)
--------------------------------------------------------------------------------------------------------------------------
Epoch 32/50
Training one epoch in 1.149 s
[DEV]   QWK:  0.676, PRS: 0.683, SPR: 0.681, RMSE: 0.630, (Best @ 11: {{0.719}}, 0.723, 0.730, 0.592)
[TEST]  QWK:  0.574, PRS: 0.584, SPR: 0.581, RMSE: 0.690 (Best @ 11: {{0.640}}, 0.648, 0.648, 0.638)
--------------------------------------------------------------------------------------------------------------------------
Epoch 33/50
Training one epoch in 1.150 s
[DEV]   QWK:  0.698, PRS: 0.703, SPR: 0.703, RMSE: 0.611, (Best @ 11: {{0.719}}, 0.723, 0.730, 0.592)
[TEST]  QWK:  0.531, PRS: 0.533, SPR: 0.541, RMSE: 0.743 (Best @ 11: {{0.640}}, 0.648, 0.648, 0.638)
--------------------------------------------------------------------------------------------------------------------------
Epoch 34/50
Training one epoch in 1.146 s
[DEV]   QWK:  0.691, PRS: 0.697, SPR: 0.698, RMSE: 0.616, (Best @ 11: {{0.719}}, 0.723, 0.730, 0.592)
[TEST]  QWK:  0.578, PRS: 0.585, SPR: 0.581, RMSE: 0.695 (Best @ 11: {{0.640}}, 0.648, 0.648, 0.638)
--------------------------------------------------------------------------------------------------------------------------
Epoch 35/50
Training one epoch in 1.147 s
[DEV]   QWK:  0.624, PRS: 0.688, SPR: 0.689, RMSE: 0.700, (Best @ 11: {{0.719}}, 0.723, 0.730, 0.592)
[TEST]  QWK:  0.550, PRS: 0.597, SPR: 0.604, RMSE: 0.715 (Best @ 11: {{0.640}}, 0.648, 0.648, 0.638)
--------------------------------------------------------------------------------------------------------------------------
Epoch 36/50
Training one epoch in 1.148 s
[DEV]   QWK:  0.705, PRS: 0.711, SPR: 0.718, RMSE: 0.604, (Best @ 11: {{0.719}}, 0.723, 0.730, 0.592)
[TEST]  QWK:  0.565, PRS: 0.570, SPR: 0.579, RMSE: 0.715 (Best @ 11: {{0.640}}, 0.648, 0.648, 0.638)
--------------------------------------------------------------------------------------------------------------------------
Epoch 37/50
Training one epoch in 1.151 s
[DEV]   QWK:  0.679, PRS: 0.686, SPR: 0.683, RMSE: 0.626, (Best @ 11: {{0.719}}, 0.723, 0.730, 0.592)
[TEST]  QWK:  0.570, PRS: 0.579, SPR: 0.575, RMSE: 0.695 (Best @ 11: {{0.640}}, 0.648, 0.648, 0.638)
--------------------------------------------------------------------------------------------------------------------------
Epoch 38/50
Training one epoch in 1.143 s
[DEV]   QWK:  0.678, PRS: 0.684, SPR: 0.683, RMSE: 0.628, (Best @ 11: {{0.719}}, 0.723, 0.730, 0.592)
[TEST]  QWK:  0.552, PRS: 0.554, SPR: 0.563, RMSE: 0.731 (Best @ 11: {{0.640}}, 0.648, 0.648, 0.638)
--------------------------------------------------------------------------------------------------------------------------
Epoch 39/50
Training one epoch in 1.148 s
[DEV]   QWK:  0.616, PRS: 0.687, SPR: 0.688, RMSE: 0.710, (Best @ 11: {{0.719}}, 0.723, 0.730, 0.592)
[TEST]  QWK:  0.550, PRS: 0.597, SPR: 0.604, RMSE: 0.715 (Best @ 11: {{0.640}}, 0.648, 0.648, 0.638)
--------------------------------------------------------------------------------------------------------------------------
Epoch 40/50
Training one epoch in 1.149 s
[DEV]   QWK:  0.635, PRS: 0.690, SPR: 0.701, RMSE: 0.648, (Best @ 11: {{0.719}}, 0.723, 0.730, 0.592)
[TEST]  QWK:  0.515, PRS: 0.551, SPR: 0.560, RMSE: 0.766 (Best @ 11: {{0.640}}, 0.648, 0.648, 0.638)
--------------------------------------------------------------------------------------------------------------------------
Epoch 41/50
Training one epoch in 1.148 s
[DEV]   QWK:  0.645, PRS: 0.659, SPR: 0.652, RMSE: 0.644, (Best @ 11: {{0.719}}, 0.723, 0.730, 0.592)
[TEST]  QWK:  0.556, PRS: 0.573, SPR: 0.574, RMSE: 0.690 (Best @ 11: {{0.640}}, 0.648, 0.648, 0.638)
--------------------------------------------------------------------------------------------------------------------------
Epoch 42/50
Training one epoch in 1.146 s
[DEV]   QWK:  0.619, PRS: 0.644, SPR: 0.634, RMSE: 0.659, (Best @ 11: {{0.719}}, 0.723, 0.730, 0.592)
[TEST]  QWK:  0.552, PRS: 0.573, SPR: 0.575, RMSE: 0.690 (Best @ 11: {{0.640}}, 0.648, 0.648, 0.638)
--------------------------------------------------------------------------------------------------------------------------
Epoch 43/50
Training one epoch in 1.141 s
[DEV]   QWK:  0.622, PRS: 0.642, SPR: 0.634, RMSE: 0.659, (Best @ 11: {{0.719}}, 0.723, 0.730, 0.592)
[TEST]  QWK:  0.572, PRS: 0.593, SPR: 0.595, RMSE: 0.682 (Best @ 11: {{0.640}}, 0.648, 0.648, 0.638)
--------------------------------------------------------------------------------------------------------------------------
Epoch 44/50
Training one epoch in 1.148 s
[DEV]   QWK:  0.646, PRS: 0.663, SPR: 0.656, RMSE: 0.644, (Best @ 11: {{0.719}}, 0.723, 0.730, 0.592)
[TEST]  QWK:  0.559, PRS: 0.577, SPR: 0.579, RMSE: 0.695 (Best @ 11: {{0.640}}, 0.648, 0.648, 0.638)
--------------------------------------------------------------------------------------------------------------------------
Epoch 45/50
Training one epoch in 1.159 s
[DEV]   QWK:  0.638, PRS: 0.653, SPR: 0.642, RMSE: 0.646, (Best @ 11: {{0.719}}, 0.723, 0.730, 0.592)
[TEST]  QWK:  0.524, PRS: 0.533, SPR: 0.534, RMSE: 0.727 (Best @ 11: {{0.640}}, 0.648, 0.648, 0.638)
--------------------------------------------------------------------------------------------------------------------------
Epoch 46/50
Training one epoch in 1.147 s
[DEV]   QWK:  0.684, PRS: 0.692, SPR: 0.688, RMSE: 0.616, (Best @ 11: {{0.719}}, 0.723, 0.730, 0.592)
[TEST]  QWK:  0.508, PRS: 0.512, SPR: 0.523, RMSE: 0.755 (Best @ 11: {{0.640}}, 0.648, 0.648, 0.638)
--------------------------------------------------------------------------------------------------------------------------
Epoch 47/50
Training one epoch in 1.146 s
[DEV]   QWK:  0.643, PRS: 0.667, SPR: 0.683, RMSE: 0.659, (Best @ 11: {{0.719}}, 0.723, 0.730, 0.592)
[TEST]  QWK:  0.530, PRS: 0.546, SPR: 0.546, RMSE: 0.774 (Best @ 11: {{0.640}}, 0.648, 0.648, 0.638)
--------------------------------------------------------------------------------------------------------------------------
Epoch 48/50
Training one epoch in 1.153 s
[DEV]   QWK:  0.701, PRS: 0.705, SPR: 0.708, RMSE: 0.611, (Best @ 11: {{0.719}}, 0.723, 0.730, 0.592)
[TEST]  QWK:  0.557, PRS: 0.559, SPR: 0.559, RMSE: 0.735 (Best @ 11: {{0.640}}, 0.648, 0.648, 0.638)
--------------------------------------------------------------------------------------------------------------------------
Epoch 49/50
Training one epoch in 1.146 s
[DEV]   QWK:  0.630, PRS: 0.652, SPR: 0.643, RMSE: 0.655, (Best @ 11: {{0.719}}, 0.723, 0.730, 0.592)
[TEST]  QWK:  0.553, PRS: 0.571, SPR: 0.574, RMSE: 0.703 (Best @ 11: {{0.640}}, 0.648, 0.648, 0.638)
--------------------------------------------------------------------------------------------------------------------------
Epoch 50/50
Training one epoch in 1.148 s
[DEV]   QWK:  0.672, PRS: 0.681, SPR: 0.676, RMSE: 0.628, (Best @ 11: {{0.719}}, 0.723, 0.730, 0.592)
[TEST]  QWK:  0.533, PRS: 0.538, SPR: 0.555, RMSE: 0.735 (Best @ 11: {{0.640}}, 0.648, 0.648, 0.638)
--------------------------------------------------------------------------------------------------------------------------
