X_train shape: (1260, 1050)
Initial evaluation: 
[DEV]   QWK:  0.000, PRS: 0.000, SPR: 0.000, RMSE: 1.180, (Best @ -1: {{0.000}}, 0.000, 0.000, 1.180)
[TEST]  QWK:  0.000, PRS: 0.000, SPR: 0.000, RMSE: 1.269 (Best @ -1: {{0.000}}, 0.000, 0.000, 1.269)
--------------------------------------------------------------------------------------------------------------------------
Train model
Epoch 1/50
Training one epoch in 2.101 s
[DEV]   QWK:  0.540, PRS: 0.674, SPR: 0.662, RMSE: 0.969, (Best @ 1: {{0.540}}, 0.674, 0.662, 0.969)
[TEST]  QWK:  0.614, PRS: 0.728, SPR: 0.737, RMSE: 0.946 (Best @ 1: {{0.614}}, 0.728, 0.737, 0.946)
--------------------------------------------------------------------------------------------------------------------------
Epoch 2/50
Training one epoch in 1.157 s
[DEV]   QWK:  0.588, PRS: 0.657, SPR: 0.653, RMSE: 0.803, (Best @ 2: {{0.588}}, 0.657, 0.653, 0.803)
[TEST]  QWK:  0.652, PRS: 0.711, SPR: 0.698, RMSE: 0.789 (Best @ 2: {{0.652}}, 0.711, 0.698, 0.789)
--------------------------------------------------------------------------------------------------------------------------
Epoch 3/50
Training one epoch in 1.161 s
[DEV]   QWK:  0.692, PRS: 0.714, SPR: 0.722, RMSE: 0.726, (Best @ 3: {{0.692}}, 0.714, 0.722, 0.726)
[TEST]  QWK:  0.694, PRS: 0.716, SPR: 0.706, RMSE: 0.760 (Best @ 3: {{0.694}}, 0.716, 0.706, 0.760)
--------------------------------------------------------------------------------------------------------------------------
Epoch 4/50
Training one epoch in 1.172 s
[DEV]   QWK:  0.723, PRS: 0.745, SPR: 0.743, RMSE: 0.643, (Best @ 4: {{0.723}}, 0.745, 0.743, 0.643)
[TEST]  QWK:  0.706, PRS: 0.743, SPR: 0.721, RMSE: 0.715 (Best @ 4: {{0.706}}, 0.743, 0.721, 0.715)
--------------------------------------------------------------------------------------------------------------------------
Epoch 5/50
Training one epoch in 1.169 s
[DEV]   QWK:  0.754, PRS: 0.769, SPR: 0.766, RMSE: 0.619, (Best @ 5: {{0.754}}, 0.769, 0.766, 0.619)
[TEST]  QWK:  0.763, PRS: 0.796, SPR: 0.781, RMSE: 0.667 (Best @ 5: {{0.763}}, 0.796, 0.781, 0.667)
--------------------------------------------------------------------------------------------------------------------------
Epoch 6/50
Training one epoch in 1.172 s
[DEV]   QWK:  0.708, PRS: 0.765, SPR: 0.785, RMSE: 0.728, (Best @ 5: {{0.754}}, 0.769, 0.766, 0.619)
[TEST]  QWK:  0.762, PRS: 0.797, SPR: 0.804, RMSE: 0.707 (Best @ 5: {{0.763}}, 0.796, 0.781, 0.667)
--------------------------------------------------------------------------------------------------------------------------
Epoch 7/50
Training one epoch in 1.176 s
[DEV]   QWK:  0.735, PRS: 0.772, SPR: 0.776, RMSE: 0.635, (Best @ 5: {{0.754}}, 0.769, 0.766, 0.619)
[TEST]  QWK:  0.728, PRS: 0.769, SPR: 0.762, RMSE: 0.687 (Best @ 5: {{0.763}}, 0.796, 0.781, 0.667)
--------------------------------------------------------------------------------------------------------------------------
Epoch 8/50
Training one epoch in 1.167 s
[DEV]   QWK:  0.797, PRS: 0.806, SPR: 0.805, RMSE: 0.577, (Best @ 8: {{0.797}}, 0.806, 0.805, 0.577)
[TEST]  QWK:  0.798, PRS: 0.820, SPR: 0.805, RMSE: 0.632 (Best @ 8: {{0.798}}, 0.820, 0.805, 0.632)
--------------------------------------------------------------------------------------------------------------------------
Epoch 9/50
Training one epoch in 1.167 s
[DEV]   QWK:  0.679, PRS: 0.752, SPR: 0.767, RMSE: 0.751, (Best @ 8: {{0.797}}, 0.806, 0.805, 0.577)
[TEST]  QWK:  0.755, PRS: 0.821, SPR: 0.814, RMSE: 0.687 (Best @ 8: {{0.798}}, 0.820, 0.805, 0.632)
--------------------------------------------------------------------------------------------------------------------------
Epoch 10/50
Training one epoch in 1.175 s
[DEV]   QWK:  0.792, PRS: 0.803, SPR: 0.800, RMSE: 0.589, (Best @ 8: {{0.797}}, 0.806, 0.805, 0.577)
[TEST]  QWK:  0.795, PRS: 0.824, SPR: 0.803, RMSE: 0.641 (Best @ 8: {{0.798}}, 0.820, 0.805, 0.632)
--------------------------------------------------------------------------------------------------------------------------
Epoch 11/50
Training one epoch in 1.169 s
[DEV]   QWK:  0.752, PRS: 0.784, SPR: 0.803, RMSE: 0.671, (Best @ 8: {{0.797}}, 0.806, 0.805, 0.577)
[TEST]  QWK:  0.798, PRS: 0.810, SPR: 0.804, RMSE: 0.645 (Best @ 8: {{0.798}}, 0.820, 0.805, 0.632)
--------------------------------------------------------------------------------------------------------------------------
Epoch 12/50
Training one epoch in 1.172 s
[DEV]   QWK:  0.726, PRS: 0.778, SPR: 0.796, RMSE: 0.693, (Best @ 8: {{0.797}}, 0.806, 0.805, 0.577)
[TEST]  QWK:  0.779, PRS: 0.809, SPR: 0.797, RMSE: 0.658 (Best @ 8: {{0.798}}, 0.820, 0.805, 0.632)
--------------------------------------------------------------------------------------------------------------------------
Epoch 13/50
Training one epoch in 1.162 s
[DEV]   QWK:  0.685, PRS: 0.798, SPR: 0.781, RMSE: 0.782, (Best @ 8: {{0.797}}, 0.806, 0.805, 0.577)
[TEST]  QWK:  0.702, PRS: 0.848, SPR: 0.815, RMSE: 0.813 (Best @ 8: {{0.798}}, 0.820, 0.805, 0.632)
--------------------------------------------------------------------------------------------------------------------------
Epoch 14/50
Training one epoch in 1.169 s
[DEV]   QWK:  0.800, PRS: 0.806, SPR: 0.811, RMSE: 0.615, (Best @ 14: {{0.800}}, 0.806, 0.811, 0.615)
[TEST]  QWK:  0.813, PRS: 0.831, SPR: 0.806, RMSE: 0.632 (Best @ 14: {{0.813}}, 0.831, 0.806, 0.632)
--------------------------------------------------------------------------------------------------------------------------
Epoch 15/50
Training one epoch in 1.166 s
[DEV]   QWK:  0.783, PRS: 0.802, SPR: 0.798, RMSE: 0.580, (Best @ 14: {{0.800}}, 0.806, 0.811, 0.615)
[TEST]  QWK:  0.785, PRS: 0.812, SPR: 0.789, RMSE: 0.641 (Best @ 14: {{0.813}}, 0.831, 0.806, 0.632)
--------------------------------------------------------------------------------------------------------------------------
Epoch 16/50
Training one epoch in 1.171 s
[DEV]   QWK:  0.744, PRS: 0.796, SPR: 0.781, RMSE: 0.671, (Best @ 14: {{0.800}}, 0.806, 0.811, 0.615)
[TEST]  QWK:  0.755, PRS: 0.837, SPR: 0.811, RMSE: 0.711 (Best @ 14: {{0.813}}, 0.831, 0.806, 0.632)
--------------------------------------------------------------------------------------------------------------------------
Epoch 17/50
Training one epoch in 1.165 s
[DEV]   QWK:  0.768, PRS: 0.783, SPR: 0.781, RMSE: 0.617, (Best @ 14: {{0.800}}, 0.806, 0.811, 0.615)
[TEST]  QWK:  0.786, PRS: 0.816, SPR: 0.794, RMSE: 0.654 (Best @ 14: {{0.813}}, 0.831, 0.806, 0.632)
--------------------------------------------------------------------------------------------------------------------------
Epoch 18/50
Training one epoch in 1.167 s
[DEV]   QWK:  0.805, PRS: 0.811, SPR: 0.828, RMSE: 0.575, (Best @ 18: {{0.805}}, 0.811, 0.828, 0.575)
[TEST]  QWK:  0.811, PRS: 0.819, SPR: 0.803, RMSE: 0.615 (Best @ 18: {{0.811}}, 0.819, 0.803, 0.615)
--------------------------------------------------------------------------------------------------------------------------
Epoch 19/50
Training one epoch in 1.159 s
[DEV]   QWK:  0.747, PRS: 0.775, SPR: 0.789, RMSE: 0.656, (Best @ 18: {{0.805}}, 0.811, 0.828, 0.575)
[TEST]  QWK:  0.798, PRS: 0.813, SPR: 0.799, RMSE: 0.632 (Best @ 18: {{0.811}}, 0.819, 0.803, 0.615)
--------------------------------------------------------------------------------------------------------------------------
Epoch 20/50
Training one epoch in 1.160 s
[DEV]   QWK:  0.774, PRS: 0.804, SPR: 0.790, RMSE: 0.635, (Best @ 18: {{0.805}}, 0.811, 0.828, 0.575)
[TEST]  QWK:  0.803, PRS: 0.851, SPR: 0.832, RMSE: 0.641 (Best @ 18: {{0.811}}, 0.819, 0.803, 0.615)
--------------------------------------------------------------------------------------------------------------------------
Epoch 21/50
Training one epoch in 1.170 s
[DEV]   QWK:  0.799, PRS: 0.802, SPR: 0.811, RMSE: 0.624, (Best @ 18: {{0.805}}, 0.811, 0.828, 0.575)
[TEST]  QWK:  0.814, PRS: 0.826, SPR: 0.804, RMSE: 0.637 (Best @ 18: {{0.811}}, 0.819, 0.803, 0.615)
--------------------------------------------------------------------------------------------------------------------------
Epoch 22/50
Training one epoch in 1.165 s
[DEV]   QWK:  0.805, PRS: 0.811, SPR: 0.824, RMSE: 0.568, (Best @ 18: {{0.805}}, 0.811, 0.828, 0.575)
[TEST]  QWK:  0.808, PRS: 0.827, SPR: 0.806, RMSE: 0.610 (Best @ 18: {{0.811}}, 0.819, 0.803, 0.615)
--------------------------------------------------------------------------------------------------------------------------
Epoch 23/50
Training one epoch in 1.171 s
[DEV]   QWK:  0.794, PRS: 0.801, SPR: 0.816, RMSE: 0.601, (Best @ 18: {{0.805}}, 0.811, 0.828, 0.575)
[TEST]  QWK:  0.818, PRS: 0.823, SPR: 0.818, RMSE: 0.610 (Best @ 18: {{0.811}}, 0.819, 0.803, 0.615)
--------------------------------------------------------------------------------------------------------------------------
Epoch 24/50
Training one epoch in 1.168 s
[DEV]   QWK:  0.772, PRS: 0.796, SPR: 0.811, RMSE: 0.610, (Best @ 18: {{0.805}}, 0.811, 0.828, 0.575)
[TEST]  QWK:  0.782, PRS: 0.799, SPR: 0.780, RMSE: 0.645 (Best @ 18: {{0.811}}, 0.819, 0.803, 0.615)
--------------------------------------------------------------------------------------------------------------------------
Epoch 25/50
Training one epoch in 1.159 s
[DEV]   QWK:  0.806, PRS: 0.811, SPR: 0.821, RMSE: 0.626, (Best @ 25: {{0.806}}, 0.811, 0.821, 0.626)
[TEST]  QWK:  0.826, PRS: 0.840, SPR: 0.826, RMSE: 0.628 (Best @ 25: {{0.826}}, 0.840, 0.826, 0.628)
--------------------------------------------------------------------------------------------------------------------------
Epoch 26/50
Training one epoch in 1.165 s
[DEV]   QWK:  0.794, PRS: 0.803, SPR: 0.804, RMSE: 0.617, (Best @ 25: {{0.806}}, 0.811, 0.821, 0.626)
[TEST]  QWK:  0.811, PRS: 0.842, SPR: 0.818, RMSE: 0.628 (Best @ 25: {{0.826}}, 0.840, 0.826, 0.628)
--------------------------------------------------------------------------------------------------------------------------
Epoch 27/50
Training one epoch in 1.165 s
[DEV]   QWK:  0.797, PRS: 0.800, SPR: 0.806, RMSE: 0.601, (Best @ 25: {{0.806}}, 0.811, 0.821, 0.626)
[TEST]  QWK:  0.817, PRS: 0.837, SPR: 0.813, RMSE: 0.619 (Best @ 25: {{0.826}}, 0.840, 0.826, 0.628)
--------------------------------------------------------------------------------------------------------------------------
Epoch 28/50
Training one epoch in 1.167 s
[DEV]   QWK:  0.801, PRS: 0.803, SPR: 0.812, RMSE: 0.594, (Best @ 25: {{0.806}}, 0.811, 0.821, 0.626)
[TEST]  QWK:  0.817, PRS: 0.835, SPR: 0.812, RMSE: 0.619 (Best @ 25: {{0.826}}, 0.840, 0.826, 0.628)
--------------------------------------------------------------------------------------------------------------------------
Epoch 29/50
Training one epoch in 1.163 s
[DEV]   QWK:  0.756, PRS: 0.788, SPR: 0.803, RMSE: 0.641, (Best @ 25: {{0.806}}, 0.811, 0.821, 0.626)
[TEST]  QWK:  0.789, PRS: 0.813, SPR: 0.801, RMSE: 0.632 (Best @ 25: {{0.826}}, 0.840, 0.826, 0.628)
--------------------------------------------------------------------------------------------------------------------------
Epoch 30/50
Training one epoch in 1.166 s
[DEV]   QWK:  0.801, PRS: 0.803, SPR: 0.815, RMSE: 0.587, (Best @ 25: {{0.806}}, 0.811, 0.821, 0.626)
[TEST]  QWK:  0.825, PRS: 0.837, SPR: 0.817, RMSE: 0.596 (Best @ 25: {{0.826}}, 0.840, 0.826, 0.628)
--------------------------------------------------------------------------------------------------------------------------
Epoch 31/50
Training one epoch in 1.166 s
[DEV]   QWK:  0.798, PRS: 0.806, SPR: 0.812, RMSE: 0.573, (Best @ 25: {{0.806}}, 0.811, 0.821, 0.626)
[TEST]  QWK:  0.807, PRS: 0.824, SPR: 0.799, RMSE: 0.615 (Best @ 25: {{0.826}}, 0.840, 0.826, 0.628)
--------------------------------------------------------------------------------------------------------------------------
Epoch 32/50
Training one epoch in 1.166 s
[DEV]   QWK:  0.723, PRS: 0.779, SPR: 0.796, RMSE: 0.699, (Best @ 25: {{0.806}}, 0.811, 0.821, 0.626)
[TEST]  QWK:  0.795, PRS: 0.829, SPR: 0.814, RMSE: 0.632 (Best @ 25: {{0.826}}, 0.840, 0.826, 0.628)
--------------------------------------------------------------------------------------------------------------------------
Epoch 33/50
Training one epoch in 1.173 s
[DEV]   QWK:  0.793, PRS: 0.806, SPR: 0.806, RMSE: 0.619, (Best @ 25: {{0.806}}, 0.811, 0.821, 0.626)
[TEST]  QWK:  0.816, PRS: 0.853, SPR: 0.830, RMSE: 0.624 (Best @ 25: {{0.826}}, 0.840, 0.826, 0.628)
--------------------------------------------------------------------------------------------------------------------------
Epoch 34/50
Training one epoch in 1.166 s
[DEV]   QWK:  0.772, PRS: 0.790, SPR: 0.806, RMSE: 0.630, (Best @ 25: {{0.806}}, 0.811, 0.821, 0.626)
[TEST]  QWK:  0.822, PRS: 0.827, SPR: 0.815, RMSE: 0.606 (Best @ 25: {{0.826}}, 0.840, 0.826, 0.628)
--------------------------------------------------------------------------------------------------------------------------
Epoch 35/50
Training one epoch in 1.163 s
[DEV]   QWK:  0.789, PRS: 0.801, SPR: 0.818, RMSE: 0.594, (Best @ 25: {{0.806}}, 0.811, 0.821, 0.626)
[TEST]  QWK:  0.824, PRS: 0.831, SPR: 0.819, RMSE: 0.596 (Best @ 25: {{0.826}}, 0.840, 0.826, 0.628)
--------------------------------------------------------------------------------------------------------------------------
Epoch 36/50
Training one epoch in 1.171 s
[DEV]   QWK:  0.801, PRS: 0.803, SPR: 0.814, RMSE: 0.589, (Best @ 25: {{0.806}}, 0.811, 0.821, 0.626)
[TEST]  QWK:  0.826, PRS: 0.843, SPR: 0.824, RMSE: 0.596 (Best @ 25: {{0.826}}, 0.840, 0.826, 0.628)
--------------------------------------------------------------------------------------------------------------------------
Epoch 37/50
Training one epoch in 1.180 s
[DEV]   QWK:  0.797, PRS: 0.799, SPR: 0.810, RMSE: 0.592, (Best @ 25: {{0.806}}, 0.811, 0.821, 0.626)
[TEST]  QWK:  0.805, PRS: 0.820, SPR: 0.797, RMSE: 0.624 (Best @ 25: {{0.826}}, 0.840, 0.826, 0.628)
--------------------------------------------------------------------------------------------------------------------------
Epoch 38/50
Training one epoch in 1.171 s
[DEV]   QWK:  0.799, PRS: 0.800, SPR: 0.818, RMSE: 0.612, (Best @ 25: {{0.806}}, 0.811, 0.821, 0.626)
[TEST]  QWK:  0.833, PRS: 0.840, SPR: 0.825, RMSE: 0.596 (Best @ 25: {{0.826}}, 0.840, 0.826, 0.628)
--------------------------------------------------------------------------------------------------------------------------
Epoch 39/50
Training one epoch in 1.165 s
[DEV]   QWK:  0.787, PRS: 0.794, SPR: 0.810, RMSE: 0.630, (Best @ 25: {{0.806}}, 0.811, 0.821, 0.626)
[TEST]  QWK:  0.825, PRS: 0.827, SPR: 0.814, RMSE: 0.610 (Best @ 25: {{0.826}}, 0.840, 0.826, 0.628)
--------------------------------------------------------------------------------------------------------------------------
Epoch 40/50
Training one epoch in 1.181 s
[DEV]   QWK:  0.794, PRS: 0.798, SPR: 0.810, RMSE: 0.589, (Best @ 25: {{0.806}}, 0.811, 0.821, 0.626)
[TEST]  QWK:  0.811, PRS: 0.828, SPR: 0.805, RMSE: 0.610 (Best @ 25: {{0.826}}, 0.840, 0.826, 0.628)
--------------------------------------------------------------------------------------------------------------------------
Epoch 41/50
Training one epoch in 1.165 s
[DEV]   QWK:  0.789, PRS: 0.790, SPR: 0.801, RMSE: 0.608, (Best @ 25: {{0.806}}, 0.811, 0.821, 0.626)
[TEST]  QWK:  0.828, PRS: 0.842, SPR: 0.821, RMSE: 0.596 (Best @ 25: {{0.826}}, 0.840, 0.826, 0.628)
--------------------------------------------------------------------------------------------------------------------------
Epoch 42/50
Training one epoch in 1.166 s
[DEV]   QWK:  0.797, PRS: 0.803, SPR: 0.808, RMSE: 0.589, (Best @ 25: {{0.806}}, 0.811, 0.821, 0.626)
[TEST]  QWK:  0.822, PRS: 0.853, SPR: 0.831, RMSE: 0.601 (Best @ 25: {{0.826}}, 0.840, 0.826, 0.628)
--------------------------------------------------------------------------------------------------------------------------
Epoch 43/50
Training one epoch in 1.168 s
[DEV]   QWK:  0.789, PRS: 0.799, SPR: 0.808, RMSE: 0.580, (Best @ 25: {{0.806}}, 0.811, 0.821, 0.626)
[TEST]  QWK:  0.800, PRS: 0.822, SPR: 0.793, RMSE: 0.624 (Best @ 25: {{0.826}}, 0.840, 0.826, 0.628)
--------------------------------------------------------------------------------------------------------------------------
Epoch 44/50
Training one epoch in 1.174 s
[DEV]   QWK:  0.780, PRS: 0.788, SPR: 0.804, RMSE: 0.639, (Best @ 25: {{0.806}}, 0.811, 0.821, 0.626)
[TEST]  QWK:  0.823, PRS: 0.824, SPR: 0.812, RMSE: 0.615 (Best @ 25: {{0.826}}, 0.840, 0.826, 0.628)
--------------------------------------------------------------------------------------------------------------------------
Epoch 45/50
Training one epoch in 1.165 s
[DEV]   QWK:  0.776, PRS: 0.790, SPR: 0.806, RMSE: 0.621, (Best @ 25: {{0.806}}, 0.811, 0.821, 0.626)
[TEST]  QWK:  0.825, PRS: 0.831, SPR: 0.814, RMSE: 0.596 (Best @ 25: {{0.826}}, 0.840, 0.826, 0.628)
--------------------------------------------------------------------------------------------------------------------------
Epoch 46/50
Training one epoch in 1.165 s
[DEV]   QWK:  0.790, PRS: 0.798, SPR: 0.803, RMSE: 0.610, (Best @ 25: {{0.806}}, 0.811, 0.821, 0.626)
[TEST]  QWK:  0.822, PRS: 0.856, SPR: 0.832, RMSE: 0.610 (Best @ 25: {{0.826}}, 0.840, 0.826, 0.628)
--------------------------------------------------------------------------------------------------------------------------
Epoch 47/50
Training one epoch in 1.177 s
[DEV]   QWK:  0.780, PRS: 0.790, SPR: 0.808, RMSE: 0.626, (Best @ 25: {{0.806}}, 0.811, 0.821, 0.626)
[TEST]  QWK:  0.818, PRS: 0.822, SPR: 0.803, RMSE: 0.615 (Best @ 25: {{0.826}}, 0.840, 0.826, 0.628)
--------------------------------------------------------------------------------------------------------------------------
Epoch 48/50
Training one epoch in 1.158 s
[DEV]   QWK:  0.779, PRS: 0.801, SPR: 0.814, RMSE: 0.585, (Best @ 25: {{0.806}}, 0.811, 0.821, 0.626)
[TEST]  QWK:  0.784, PRS: 0.805, SPR: 0.778, RMSE: 0.632 (Best @ 25: {{0.826}}, 0.840, 0.826, 0.628)
--------------------------------------------------------------------------------------------------------------------------
Epoch 49/50
Training one epoch in 1.171 s
[DEV]   QWK:  0.802, PRS: 0.804, SPR: 0.818, RMSE: 0.587, (Best @ 25: {{0.806}}, 0.811, 0.821, 0.626)
[TEST]  QWK:  0.824, PRS: 0.841, SPR: 0.819, RMSE: 0.601 (Best @ 25: {{0.826}}, 0.840, 0.826, 0.628)
--------------------------------------------------------------------------------------------------------------------------
Epoch 50/50
Training one epoch in 1.166 s
[DEV]   QWK:  0.785, PRS: 0.791, SPR: 0.810, RMSE: 0.624, (Best @ 25: {{0.806}}, 0.811, 0.821, 0.626)
[TEST]  QWK:  0.830, PRS: 0.835, SPR: 0.817, RMSE: 0.596 (Best @ 25: {{0.826}}, 0.840, 0.826, 0.628)
--------------------------------------------------------------------------------------------------------------------------
