X_train shape: (1260, 4400)
Initial evaluation: 
[DEV]   QWK:  0.000, PRS: 0.000, SPR: 0.000, RMSE: 0.894, (Best @ -1: {{0.000}}, 0.000, 0.000, 0.894)
[TEST]  QWK:  0.000, PRS: 0.000, SPR: 0.000, RMSE: 0.869 (Best @ -1: {{0.000}}, 0.000, 0.000, 0.869)
--------------------------------------------------------------------------------------------------------------------------
Train model
Epoch 1/50
Training one epoch in 50.480 s
[DEV]   QWK:  0.573, PRS: 0.638, SPR: 0.632, RMSE: 0.652, (Best @ 1: {{0.573}}, 0.638, 0.632, 0.652)
[TEST]  QWK:  0.573, PRS: 0.620, SPR: 0.622, RMSE: 0.654 (Best @ 1: {{0.573}}, 0.620, 0.622, 0.654)
--------------------------------------------------------------------------------------------------------------------------
Epoch 2/50
Training one epoch in 47.165 s
[DEV]   QWK:  0.635, PRS: 0.655, SPR: 0.610, RMSE: 0.619, (Best @ 2: {{0.635}}, 0.655, 0.610, 0.619)
[TEST]  QWK:  0.658, PRS: 0.676, SPR: 0.671, RMSE: 0.587 (Best @ 2: {{0.658}}, 0.676, 0.671, 0.587)
--------------------------------------------------------------------------------------------------------------------------
Epoch 3/50
Training one epoch in 46.977 s
[DEV]   QWK:  0.651, PRS: 0.701, SPR: 0.678, RMSE: 0.610, (Best @ 3: {{0.651}}, 0.701, 0.678, 0.610)
[TEST]  QWK:  0.618, PRS: 0.665, SPR: 0.659, RMSE: 0.637 (Best @ 3: {{0.618}}, 0.665, 0.659, 0.637)
--------------------------------------------------------------------------------------------------------------------------
Epoch 4/50
Training one epoch in 47.044 s
[DEV]   QWK:  0.656, PRS: 0.674, SPR: 0.640, RMSE: 0.612, (Best @ 4: {{0.656}}, 0.674, 0.640, 0.612)
[TEST]  QWK:  0.727, PRS: 0.743, SPR: 0.733, RMSE: 0.537 (Best @ 4: {{0.727}}, 0.743, 0.733, 0.537)
--------------------------------------------------------------------------------------------------------------------------
Epoch 5/50
Training one epoch in 46.921 s
[DEV]   QWK:  0.630, PRS: 0.655, SPR: 0.627, RMSE: 0.608, (Best @ 4: {{0.656}}, 0.674, 0.640, 0.612)
[TEST]  QWK:  0.659, PRS: 0.692, SPR: 0.692, RMSE: 0.558 (Best @ 4: {{0.727}}, 0.743, 0.733, 0.537)
--------------------------------------------------------------------------------------------------------------------------
Epoch 6/50
Training one epoch in 46.949 s
[DEV]   QWK:  0.667, PRS: 0.712, SPR: 0.679, RMSE: 0.599, (Best @ 6: {{0.667}}, 0.712, 0.679, 0.599)
[TEST]  QWK:  0.670, PRS: 0.716, SPR: 0.709, RMSE: 0.577 (Best @ 6: {{0.670}}, 0.716, 0.709, 0.577)
--------------------------------------------------------------------------------------------------------------------------
Epoch 7/50
Training one epoch in 46.793 s
[DEV]   QWK:  0.654, PRS: 0.687, SPR: 0.663, RMSE: 0.615, (Best @ 6: {{0.667}}, 0.712, 0.679, 0.599)
[TEST]  QWK:  0.694, PRS: 0.725, SPR: 0.713, RMSE: 0.558 (Best @ 6: {{0.670}}, 0.716, 0.709, 0.577)
--------------------------------------------------------------------------------------------------------------------------
Epoch 8/50
Training one epoch in 47.172 s
[DEV]   QWK:  0.663, PRS: 0.690, SPR: 0.656, RMSE: 0.592, (Best @ 6: {{0.667}}, 0.712, 0.679, 0.599)
[TEST]  QWK:  0.682, PRS: 0.713, SPR: 0.699, RMSE: 0.558 (Best @ 6: {{0.670}}, 0.716, 0.709, 0.577)
--------------------------------------------------------------------------------------------------------------------------
Epoch 9/50
Training one epoch in 47.054 s
[DEV]   QWK:  0.679, PRS: 0.709, SPR: 0.675, RMSE: 0.577, (Best @ 9: {{0.679}}, 0.709, 0.675, 0.577)
[TEST]  QWK:  0.684, PRS: 0.712, SPR: 0.718, RMSE: 0.553 (Best @ 9: {{0.684}}, 0.712, 0.718, 0.553)
--------------------------------------------------------------------------------------------------------------------------
Epoch 10/50
Training one epoch in 47.080 s
[DEV]   QWK:  0.733, PRS: 0.738, SPR: 0.709, RMSE: 0.553, (Best @ 10: {{0.733}}, 0.738, 0.709, 0.553)
[TEST]  QWK:  0.735, PRS: 0.740, SPR: 0.734, RMSE: 0.532 (Best @ 10: {{0.735}}, 0.740, 0.734, 0.532)
--------------------------------------------------------------------------------------------------------------------------
Epoch 11/50
Training one epoch in 47.146 s
[DEV]   QWK:  0.718, PRS: 0.734, SPR: 0.700, RMSE: 0.550, (Best @ 10: {{0.733}}, 0.738, 0.709, 0.553)
[TEST]  QWK:  0.717, PRS: 0.728, SPR: 0.717, RMSE: 0.537 (Best @ 10: {{0.735}}, 0.740, 0.734, 0.532)
--------------------------------------------------------------------------------------------------------------------------
Epoch 12/50
Training one epoch in 46.856 s
[DEV]   QWK:  0.700, PRS: 0.713, SPR: 0.680, RMSE: 0.570, (Best @ 10: {{0.733}}, 0.738, 0.709, 0.553)
[TEST]  QWK:  0.714, PRS: 0.730, SPR: 0.713, RMSE: 0.537 (Best @ 10: {{0.735}}, 0.740, 0.734, 0.532)
--------------------------------------------------------------------------------------------------------------------------
Epoch 13/50
Training one epoch in 47.034 s
[DEV]   QWK:  0.723, PRS: 0.740, SPR: 0.706, RMSE: 0.560, (Best @ 10: {{0.733}}, 0.738, 0.709, 0.553)
[TEST]  QWK:  0.701, PRS: 0.715, SPR: 0.709, RMSE: 0.573 (Best @ 10: {{0.735}}, 0.740, 0.734, 0.532)
--------------------------------------------------------------------------------------------------------------------------
Epoch 14/50
Training one epoch in 46.813 s
[DEV]   QWK:  0.717, PRS: 0.731, SPR: 0.698, RMSE: 0.560, (Best @ 10: {{0.733}}, 0.738, 0.709, 0.553)
[TEST]  QWK:  0.687, PRS: 0.702, SPR: 0.684, RMSE: 0.568 (Best @ 10: {{0.735}}, 0.740, 0.734, 0.532)
--------------------------------------------------------------------------------------------------------------------------
Epoch 15/50
Training one epoch in 47.093 s
[DEV]   QWK:  0.717, PRS: 0.735, SPR: 0.708, RMSE: 0.543, (Best @ 10: {{0.733}}, 0.738, 0.709, 0.553)
[TEST]  QWK:  0.714, PRS: 0.729, SPR: 0.718, RMSE: 0.532 (Best @ 10: {{0.735}}, 0.740, 0.734, 0.532)
--------------------------------------------------------------------------------------------------------------------------
Epoch 16/50
Training one epoch in 46.973 s
[DEV]   QWK:  0.721, PRS: 0.743, SPR: 0.714, RMSE: 0.573, (Best @ 10: {{0.733}}, 0.738, 0.709, 0.553)
[TEST]  QWK:  0.680, PRS: 0.701, SPR: 0.694, RMSE: 0.592 (Best @ 10: {{0.735}}, 0.740, 0.734, 0.532)
--------------------------------------------------------------------------------------------------------------------------
Epoch 17/50
Training one epoch in 47.033 s
[DEV]   QWK:  0.731, PRS: 0.746, SPR: 0.713, RMSE: 0.563, (Best @ 10: {{0.733}}, 0.738, 0.709, 0.553)
[TEST]  QWK:  0.701, PRS: 0.717, SPR: 0.718, RMSE: 0.582 (Best @ 10: {{0.735}}, 0.740, 0.734, 0.532)
--------------------------------------------------------------------------------------------------------------------------
Epoch 18/50
Training one epoch in 46.957 s
[DEV]   QWK:  0.736, PRS: 0.752, SPR: 0.720, RMSE: 0.563, (Best @ 18: {{0.736}}, 0.752, 0.720, 0.563)
[TEST]  QWK:  0.691, PRS: 0.712, SPR: 0.708, RMSE: 0.596 (Best @ 18: {{0.691}}, 0.712, 0.708, 0.596)
--------------------------------------------------------------------------------------------------------------------------
Epoch 19/50
Training one epoch in 46.707 s
[DEV]   QWK:  0.750, PRS: 0.762, SPR: 0.723, RMSE: 0.543, (Best @ 19: {{0.750}}, 0.762, 0.723, 0.543)
[TEST]  QWK:  0.695, PRS: 0.709, SPR: 0.710, RMSE: 0.577 (Best @ 19: {{0.695}}, 0.709, 0.710, 0.577)
--------------------------------------------------------------------------------------------------------------------------
Epoch 20/50
Training one epoch in 47.084 s
[DEV]   QWK:  0.750, PRS: 0.751, SPR: 0.713, RMSE: 0.558, (Best @ 20: {{0.750}}, 0.751, 0.713, 0.558)
[TEST]  QWK:  0.741, PRS: 0.742, SPR: 0.735, RMSE: 0.537 (Best @ 20: {{0.741}}, 0.742, 0.735, 0.537)
--------------------------------------------------------------------------------------------------------------------------
Epoch 21/50
Training one epoch in 47.004 s
[DEV]   QWK:  0.720, PRS: 0.738, SPR: 0.709, RMSE: 0.560, (Best @ 20: {{0.750}}, 0.751, 0.713, 0.558)
[TEST]  QWK:  0.666, PRS: 0.688, SPR: 0.677, RMSE: 0.587 (Best @ 20: {{0.741}}, 0.742, 0.735, 0.537)
--------------------------------------------------------------------------------------------------------------------------
Epoch 22/50
Training one epoch in 46.902 s
[DEV]   QWK:  0.744, PRS: 0.751, SPR: 0.716, RMSE: 0.540, (Best @ 20: {{0.750}}, 0.751, 0.713, 0.558)
[TEST]  QWK:  0.717, PRS: 0.726, SPR: 0.717, RMSE: 0.543 (Best @ 20: {{0.741}}, 0.742, 0.735, 0.537)
--------------------------------------------------------------------------------------------------------------------------
Epoch 23/50
Training one epoch in 47.202 s
[DEV]   QWK:  0.735, PRS: 0.740, SPR: 0.700, RMSE: 0.550, (Best @ 20: {{0.750}}, 0.751, 0.713, 0.558)
[TEST]  QWK:  0.721, PRS: 0.732, SPR: 0.732, RMSE: 0.532 (Best @ 20: {{0.741}}, 0.742, 0.735, 0.537)
--------------------------------------------------------------------------------------------------------------------------
Epoch 24/50
Training one epoch in 46.909 s
[DEV]   QWK:  0.746, PRS: 0.750, SPR: 0.709, RMSE: 0.540, (Best @ 20: {{0.750}}, 0.751, 0.713, 0.558)
[TEST]  QWK:  0.699, PRS: 0.710, SPR: 0.711, RMSE: 0.553 (Best @ 20: {{0.741}}, 0.742, 0.735, 0.537)
--------------------------------------------------------------------------------------------------------------------------
Epoch 25/50
Training one epoch in 47.216 s
[DEV]   QWK:  0.759, PRS: 0.767, SPR: 0.737, RMSE: 0.553, (Best @ 25: {{0.759}}, 0.767, 0.737, 0.553)
[TEST]  QWK:  0.669, PRS: 0.681, SPR: 0.675, RMSE: 0.624 (Best @ 25: {{0.669}}, 0.681, 0.675, 0.624)
--------------------------------------------------------------------------------------------------------------------------
Epoch 26/50
Training one epoch in 46.843 s
[DEV]   QWK:  0.746, PRS: 0.752, SPR: 0.708, RMSE: 0.573, (Best @ 25: {{0.759}}, 0.767, 0.737, 0.553)
[TEST]  QWK:  0.690, PRS: 0.704, SPR: 0.706, RMSE: 0.601 (Best @ 25: {{0.669}}, 0.681, 0.675, 0.624)
--------------------------------------------------------------------------------------------------------------------------
Epoch 27/50
Training one epoch in 46.811 s
[DEV]   QWK:  0.743, PRS: 0.750, SPR: 0.713, RMSE: 0.540, (Best @ 25: {{0.759}}, 0.767, 0.737, 0.553)
[TEST]  QWK:  0.714, PRS: 0.727, SPR: 0.728, RMSE: 0.537 (Best @ 25: {{0.669}}, 0.681, 0.675, 0.624)
--------------------------------------------------------------------------------------------------------------------------
Epoch 28/50
Training one epoch in 47.012 s
[DEV]   QWK:  0.671, PRS: 0.715, SPR: 0.676, RMSE: 0.626, (Best @ 25: {{0.759}}, 0.767, 0.737, 0.553)
[TEST]  QWK:  0.607, PRS: 0.667, SPR: 0.641, RMSE: 0.667 (Best @ 25: {{0.669}}, 0.681, 0.675, 0.624)
--------------------------------------------------------------------------------------------------------------------------
Epoch 29/50
Training one epoch in 46.957 s
[DEV]   QWK:  0.729, PRS: 0.741, SPR: 0.712, RMSE: 0.575, (Best @ 25: {{0.759}}, 0.767, 0.737, 0.553)
[TEST]  QWK:  0.679, PRS: 0.695, SPR: 0.699, RMSE: 0.596 (Best @ 25: {{0.669}}, 0.681, 0.675, 0.624)
--------------------------------------------------------------------------------------------------------------------------
Epoch 30/50
Training one epoch in 46.959 s
[DEV]   QWK:  0.740, PRS: 0.749, SPR: 0.711, RMSE: 0.558, (Best @ 25: {{0.759}}, 0.767, 0.737, 0.553)
[TEST]  QWK:  0.689, PRS: 0.700, SPR: 0.706, RMSE: 0.582 (Best @ 25: {{0.669}}, 0.681, 0.675, 0.624)
--------------------------------------------------------------------------------------------------------------------------
Epoch 31/50
Training one epoch in 46.858 s
[DEV]   QWK:  0.735, PRS: 0.745, SPR: 0.703, RMSE: 0.548, (Best @ 25: {{0.759}}, 0.767, 0.737, 0.553)
[TEST]  QWK:  0.664, PRS: 0.676, SPR: 0.678, RMSE: 0.592 (Best @ 25: {{0.669}}, 0.681, 0.675, 0.624)
--------------------------------------------------------------------------------------------------------------------------
Epoch 32/50
Training one epoch in 46.653 s
[DEV]   QWK:  0.690, PRS: 0.716, SPR: 0.673, RMSE: 0.610, (Best @ 25: {{0.759}}, 0.767, 0.737, 0.553)
[TEST]  QWK:  0.626, PRS: 0.655, SPR: 0.652, RMSE: 0.637 (Best @ 25: {{0.669}}, 0.681, 0.675, 0.624)
--------------------------------------------------------------------------------------------------------------------------
Epoch 33/50
Training one epoch in 47.121 s
[DEV]   QWK:  0.664, PRS: 0.703, SPR: 0.658, RMSE: 0.624, (Best @ 25: {{0.759}}, 0.767, 0.737, 0.553)
[TEST]  QWK:  0.575, PRS: 0.624, SPR: 0.597, RMSE: 0.662 (Best @ 25: {{0.669}}, 0.681, 0.675, 0.624)
--------------------------------------------------------------------------------------------------------------------------
Epoch 34/50
Training one epoch in 47.082 s
[DEV]   QWK:  0.731, PRS: 0.740, SPR: 0.701, RMSE: 0.545, (Best @ 25: {{0.759}}, 0.767, 0.737, 0.553)
[TEST]  QWK:  0.660, PRS: 0.669, SPR: 0.670, RMSE: 0.592 (Best @ 25: {{0.669}}, 0.681, 0.675, 0.624)
--------------------------------------------------------------------------------------------------------------------------
Epoch 35/50
Training one epoch in 47.085 s
[DEV]   QWK:  0.680, PRS: 0.729, SPR: 0.682, RMSE: 0.626, (Best @ 25: {{0.759}}, 0.767, 0.737, 0.553)
[TEST]  QWK:  0.583, PRS: 0.635, SPR: 0.605, RMSE: 0.703 (Best @ 25: {{0.669}}, 0.681, 0.675, 0.624)
--------------------------------------------------------------------------------------------------------------------------
Epoch 36/50
Training one epoch in 47.233 s
[DEV]   QWK:  0.716, PRS: 0.732, SPR: 0.696, RMSE: 0.575, (Best @ 25: {{0.759}}, 0.767, 0.737, 0.553)
[TEST]  QWK:  0.682, PRS: 0.693, SPR: 0.692, RMSE: 0.582 (Best @ 25: {{0.669}}, 0.681, 0.675, 0.624)
--------------------------------------------------------------------------------------------------------------------------
Epoch 37/50
Training one epoch in 46.698 s
[DEV]   QWK:  0.694, PRS: 0.711, SPR: 0.666, RMSE: 0.568, (Best @ 25: {{0.759}}, 0.767, 0.737, 0.553)
[TEST]  QWK:  0.645, PRS: 0.660, SPR: 0.652, RMSE: 0.592 (Best @ 25: {{0.669}}, 0.681, 0.675, 0.624)
--------------------------------------------------------------------------------------------------------------------------
Epoch 38/50
Training one epoch in 47.035 s
[DEV]   QWK:  0.733, PRS: 0.740, SPR: 0.702, RMSE: 0.548, (Best @ 25: {{0.759}}, 0.767, 0.737, 0.553)
[TEST]  QWK:  0.701, PRS: 0.710, SPR: 0.715, RMSE: 0.558 (Best @ 25: {{0.669}}, 0.681, 0.675, 0.624)
--------------------------------------------------------------------------------------------------------------------------
Epoch 39/50
Training one epoch in 47.446 s
[DEV]   QWK:  0.721, PRS: 0.728, SPR: 0.686, RMSE: 0.570, (Best @ 25: {{0.759}}, 0.767, 0.737, 0.553)
[TEST]  QWK:  0.669, PRS: 0.681, SPR: 0.677, RMSE: 0.587 (Best @ 25: {{0.669}}, 0.681, 0.675, 0.624)
--------------------------------------------------------------------------------------------------------------------------
Epoch 40/50
Training one epoch in 46.682 s
[DEV]   QWK:  0.652, PRS: 0.678, SPR: 0.632, RMSE: 0.606, (Best @ 25: {{0.759}}, 0.767, 0.737, 0.553)
[TEST]  QWK:  0.593, PRS: 0.633, SPR: 0.617, RMSE: 0.619 (Best @ 25: {{0.669}}, 0.681, 0.675, 0.624)
--------------------------------------------------------------------------------------------------------------------------
Epoch 41/50
Training one epoch in 47.331 s
[DEV]   QWK:  0.699, PRS: 0.708, SPR: 0.665, RMSE: 0.577, (Best @ 25: {{0.759}}, 0.767, 0.737, 0.553)
[TEST]  QWK:  0.673, PRS: 0.684, SPR: 0.682, RMSE: 0.582 (Best @ 25: {{0.669}}, 0.681, 0.675, 0.624)
--------------------------------------------------------------------------------------------------------------------------
Epoch 42/50
Training one epoch in 47.242 s
[DEV]   QWK:  0.729, PRS: 0.732, SPR: 0.688, RMSE: 0.565, (Best @ 25: {{0.759}}, 0.767, 0.737, 0.553)
[TEST]  QWK:  0.693, PRS: 0.700, SPR: 0.681, RMSE: 0.573 (Best @ 25: {{0.669}}, 0.681, 0.675, 0.624)
--------------------------------------------------------------------------------------------------------------------------
Epoch 43/50
Training one epoch in 47.078 s
[DEV]   QWK:  0.707, PRS: 0.712, SPR: 0.656, RMSE: 0.592, (Best @ 25: {{0.759}}, 0.767, 0.737, 0.553)
[TEST]  QWK:  0.689, PRS: 0.694, SPR: 0.684, RMSE: 0.577 (Best @ 25: {{0.669}}, 0.681, 0.675, 0.624)
--------------------------------------------------------------------------------------------------------------------------
Epoch 44/50
Training one epoch in 46.876 s
[DEV]   QWK:  0.666, PRS: 0.689, SPR: 0.649, RMSE: 0.587, (Best @ 25: {{0.759}}, 0.767, 0.737, 0.553)
[TEST]  QWK:  0.629, PRS: 0.646, SPR: 0.629, RMSE: 0.606 (Best @ 25: {{0.669}}, 0.681, 0.675, 0.624)
--------------------------------------------------------------------------------------------------------------------------
Epoch 45/50
Training one epoch in 47.368 s
[DEV]   QWK:  0.695, PRS: 0.707, SPR: 0.663, RMSE: 0.594, (Best @ 25: {{0.759}}, 0.767, 0.737, 0.553)
[TEST]  QWK:  0.681, PRS: 0.687, SPR: 0.681, RMSE: 0.592 (Best @ 25: {{0.669}}, 0.681, 0.675, 0.624)
--------------------------------------------------------------------------------------------------------------------------
Epoch 46/50
Training one epoch in 47.428 s
[DEV]   QWK:  0.708, PRS: 0.712, SPR: 0.654, RMSE: 0.582, (Best @ 25: {{0.759}}, 0.767, 0.737, 0.553)
[TEST]  QWK:  0.714, PRS: 0.718, SPR: 0.714, RMSE: 0.558 (Best @ 25: {{0.669}}, 0.681, 0.675, 0.624)
--------------------------------------------------------------------------------------------------------------------------
Epoch 47/50
Training one epoch in 47.019 s
[DEV]   QWK:  0.718, PRS: 0.719, SPR: 0.657, RMSE: 0.582, (Best @ 25: {{0.759}}, 0.767, 0.737, 0.553)
[TEST]  QWK:  0.701, PRS: 0.703, SPR: 0.699, RMSE: 0.577 (Best @ 25: {{0.669}}, 0.681, 0.675, 0.624)
--------------------------------------------------------------------------------------------------------------------------
Epoch 48/50
Training one epoch in 47.324 s
[DEV]   QWK:  0.720, PRS: 0.723, SPR: 0.670, RMSE: 0.575, (Best @ 25: {{0.759}}, 0.767, 0.737, 0.553)
[TEST]  QWK:  0.689, PRS: 0.690, SPR: 0.684, RMSE: 0.592 (Best @ 25: {{0.669}}, 0.681, 0.675, 0.624)
--------------------------------------------------------------------------------------------------------------------------
Epoch 49/50
Training one epoch in 47.155 s
[DEV]   QWK:  0.706, PRS: 0.708, SPR: 0.666, RMSE: 0.589, (Best @ 25: {{0.759}}, 0.767, 0.737, 0.553)
[TEST]  QWK:  0.717, PRS: 0.718, SPR: 0.717, RMSE: 0.568 (Best @ 25: {{0.669}}, 0.681, 0.675, 0.624)
--------------------------------------------------------------------------------------------------------------------------
Epoch 50/50
Training one epoch in 46.958 s
[DEV]   QWK:  0.684, PRS: 0.691, SPR: 0.644, RMSE: 0.596, (Best @ 25: {{0.759}}, 0.767, 0.737, 0.553)
[TEST]  QWK:  0.697, PRS: 0.699, SPR: 0.696, RMSE: 0.582 (Best @ 25: {{0.669}}, 0.681, 0.675, 0.624)
--------------------------------------------------------------------------------------------------------------------------
