X_train shape: (1260, 1050)
Initial evaluation: 
[DEV]   QWK:  0.000, PRS: 0.000, SPR: 0.000, RMSE: 1.180, (Best @ -1: {{0.000}}, 0.000, 0.000, 1.180)
[TEST]  QWK:  0.000, PRS: 0.000, SPR: 0.000, RMSE: 1.269 (Best @ -1: {{0.000}}, 0.000, 0.000, 1.269)
--------------------------------------------------------------------------------------------------------------------------
Train model
Epoch 1/50
Training one epoch in 26.084 s
[DEV]   QWK:  0.644, PRS: 0.688, SPR: 0.669, RMSE: 0.701, (Best @ 1: {{0.644}}, 0.688, 0.669, 0.701)
[TEST]  QWK:  0.625, PRS: 0.686, SPR: 0.666, RMSE: 0.778 (Best @ 1: {{0.625}}, 0.686, 0.666, 0.778)
--------------------------------------------------------------------------------------------------------------------------
Epoch 2/50
Training one epoch in 22.659 s
[DEV]   QWK:  0.653, PRS: 0.758, SPR: 0.739, RMSE: 0.806, (Best @ 2: {{0.653}}, 0.758, 0.739, 0.806)
[TEST]  QWK:  0.657, PRS: 0.784, SPR: 0.752, RMSE: 0.850 (Best @ 2: {{0.657}}, 0.784, 0.752, 0.850)
--------------------------------------------------------------------------------------------------------------------------
Epoch 3/50
Training one epoch in 22.801 s
[DEV]   QWK:  0.737, PRS: 0.767, SPR: 0.744, RMSE: 0.671, (Best @ 3: {{0.737}}, 0.767, 0.744, 0.671)
[TEST]  QWK:  0.759, PRS: 0.818, SPR: 0.805, RMSE: 0.695 (Best @ 3: {{0.759}}, 0.818, 0.805, 0.695)
--------------------------------------------------------------------------------------------------------------------------
Epoch 4/50
Training one epoch in 22.895 s
[DEV]   QWK:  0.733, PRS: 0.763, SPR: 0.759, RMSE: 0.643, (Best @ 3: {{0.737}}, 0.767, 0.744, 0.671)
[TEST]  QWK:  0.785, PRS: 0.806, SPR: 0.808, RMSE: 0.632 (Best @ 3: {{0.759}}, 0.818, 0.805, 0.695)
--------------------------------------------------------------------------------------------------------------------------
Epoch 5/50
Training one epoch in 22.971 s
[DEV]   QWK:  0.790, PRS: 0.798, SPR: 0.789, RMSE: 0.582, (Best @ 5: {{0.790}}, 0.798, 0.789, 0.582)
[TEST]  QWK:  0.805, PRS: 0.819, SPR: 0.799, RMSE: 0.628 (Best @ 5: {{0.805}}, 0.819, 0.799, 0.628)
--------------------------------------------------------------------------------------------------------------------------
Epoch 6/50
Training one epoch in 22.912 s
[DEV]   QWK:  0.754, PRS: 0.773, SPR: 0.765, RMSE: 0.643, (Best @ 5: {{0.790}}, 0.798, 0.789, 0.582)
[TEST]  QWK:  0.803, PRS: 0.812, SPR: 0.794, RMSE: 0.628 (Best @ 5: {{0.805}}, 0.819, 0.799, 0.628)
--------------------------------------------------------------------------------------------------------------------------
Epoch 7/50
Training one epoch in 23.004 s
[DEV]   QWK:  0.787, PRS: 0.795, SPR: 0.783, RMSE: 0.601, (Best @ 5: {{0.790}}, 0.798, 0.789, 0.582)
[TEST]  QWK:  0.798, PRS: 0.822, SPR: 0.805, RMSE: 0.641 (Best @ 5: {{0.805}}, 0.819, 0.799, 0.628)
--------------------------------------------------------------------------------------------------------------------------
Epoch 8/50
Training one epoch in 23.005 s
[DEV]   QWK:  0.727, PRS: 0.785, SPR: 0.798, RMSE: 0.679, (Best @ 5: {{0.790}}, 0.798, 0.789, 0.582)
[TEST]  QWK:  0.763, PRS: 0.807, SPR: 0.790, RMSE: 0.675 (Best @ 5: {{0.805}}, 0.819, 0.799, 0.628)
--------------------------------------------------------------------------------------------------------------------------
Epoch 9/50
Training one epoch in 22.904 s
[DEV]   QWK:  0.776, PRS: 0.788, SPR: 0.780, RMSE: 0.606, (Best @ 5: {{0.790}}, 0.798, 0.789, 0.582)
[TEST]  QWK:  0.796, PRS: 0.819, SPR: 0.798, RMSE: 0.641 (Best @ 5: {{0.805}}, 0.819, 0.799, 0.628)
--------------------------------------------------------------------------------------------------------------------------
Epoch 10/50
Training one epoch in 22.974 s
[DEV]   QWK:  0.775, PRS: 0.787, SPR: 0.775, RMSE: 0.610, (Best @ 5: {{0.790}}, 0.798, 0.789, 0.582)
[TEST]  QWK:  0.802, PRS: 0.828, SPR: 0.805, RMSE: 0.637 (Best @ 5: {{0.805}}, 0.819, 0.799, 0.628)
--------------------------------------------------------------------------------------------------------------------------
Epoch 11/50
Training one epoch in 22.953 s
[DEV]   QWK:  0.739, PRS: 0.778, SPR: 0.787, RMSE: 0.639, (Best @ 5: {{0.790}}, 0.798, 0.789, 0.582)
[TEST]  QWK:  0.766, PRS: 0.794, SPR: 0.773, RMSE: 0.654 (Best @ 5: {{0.805}}, 0.819, 0.799, 0.628)
--------------------------------------------------------------------------------------------------------------------------
Epoch 12/50
Training one epoch in 22.787 s
[DEV]   QWK:  0.717, PRS: 0.786, SPR: 0.803, RMSE: 0.721, (Best @ 5: {{0.790}}, 0.798, 0.789, 0.582)
[TEST]  QWK:  0.772, PRS: 0.817, SPR: 0.802, RMSE: 0.675 (Best @ 5: {{0.805}}, 0.819, 0.799, 0.628)
--------------------------------------------------------------------------------------------------------------------------
Epoch 13/50
Training one epoch in 22.893 s
[DEV]   QWK:  0.764, PRS: 0.776, SPR: 0.769, RMSE: 0.632, (Best @ 5: {{0.790}}, 0.798, 0.789, 0.582)
[TEST]  QWK:  0.809, PRS: 0.838, SPR: 0.813, RMSE: 0.624 (Best @ 5: {{0.805}}, 0.819, 0.799, 0.628)
--------------------------------------------------------------------------------------------------------------------------
Epoch 14/50
Training one epoch in 22.917 s
[DEV]   QWK:  0.798, PRS: 0.799, SPR: 0.798, RMSE: 0.592, (Best @ 14: {{0.798}}, 0.799, 0.798, 0.592)
[TEST]  QWK:  0.819, PRS: 0.833, SPR: 0.810, RMSE: 0.606 (Best @ 14: {{0.819}}, 0.833, 0.810, 0.606)
--------------------------------------------------------------------------------------------------------------------------
Epoch 15/50
Training one epoch in 22.937 s
[DEV]   QWK:  0.772, PRS: 0.783, SPR: 0.774, RMSE: 0.619, (Best @ 14: {{0.798}}, 0.799, 0.798, 0.592)
[TEST]  QWK:  0.799, PRS: 0.829, SPR: 0.804, RMSE: 0.641 (Best @ 14: {{0.819}}, 0.833, 0.810, 0.606)
--------------------------------------------------------------------------------------------------------------------------
Epoch 16/50
Training one epoch in 22.955 s
[DEV]   QWK:  0.789, PRS: 0.796, SPR: 0.804, RMSE: 0.585, (Best @ 14: {{0.798}}, 0.799, 0.798, 0.592)
[TEST]  QWK:  0.811, PRS: 0.829, SPR: 0.804, RMSE: 0.610 (Best @ 14: {{0.819}}, 0.833, 0.810, 0.606)
--------------------------------------------------------------------------------------------------------------------------
Epoch 17/50
Training one epoch in 22.977 s
[DEV]   QWK:  0.788, PRS: 0.809, SPR: 0.810, RMSE: 0.603, (Best @ 14: {{0.798}}, 0.799, 0.798, 0.592)
[TEST]  QWK:  0.801, PRS: 0.816, SPR: 0.788, RMSE: 0.619 (Best @ 14: {{0.819}}, 0.833, 0.810, 0.606)
--------------------------------------------------------------------------------------------------------------------------
Epoch 18/50
Training one epoch in 22.834 s
[DEV]   QWK:  0.787, PRS: 0.795, SPR: 0.798, RMSE: 0.592, (Best @ 14: {{0.798}}, 0.799, 0.798, 0.592)
[TEST]  QWK:  0.809, PRS: 0.826, SPR: 0.805, RMSE: 0.606 (Best @ 14: {{0.819}}, 0.833, 0.810, 0.606)
--------------------------------------------------------------------------------------------------------------------------
Epoch 19/50
Training one epoch in 22.914 s
[DEV]   QWK:  0.793, PRS: 0.795, SPR: 0.791, RMSE: 0.610, (Best @ 14: {{0.798}}, 0.799, 0.798, 0.592)
[TEST]  QWK:  0.822, PRS: 0.840, SPR: 0.818, RMSE: 0.610 (Best @ 14: {{0.819}}, 0.833, 0.810, 0.606)
--------------------------------------------------------------------------------------------------------------------------
Epoch 20/50
Training one epoch in 22.868 s
[DEV]   QWK:  0.787, PRS: 0.797, SPR: 0.799, RMSE: 0.582, (Best @ 14: {{0.798}}, 0.799, 0.798, 0.592)
[TEST]  QWK:  0.802, PRS: 0.824, SPR: 0.796, RMSE: 0.619 (Best @ 14: {{0.819}}, 0.833, 0.810, 0.606)
--------------------------------------------------------------------------------------------------------------------------
Epoch 21/50
Training one epoch in 22.888 s
[DEV]   QWK:  0.765, PRS: 0.791, SPR: 0.777, RMSE: 0.658, (Best @ 14: {{0.798}}, 0.799, 0.798, 0.592)
[TEST]  QWK:  0.790, PRS: 0.841, SPR: 0.807, RMSE: 0.675 (Best @ 14: {{0.819}}, 0.833, 0.810, 0.606)
--------------------------------------------------------------------------------------------------------------------------
Epoch 22/50
Training one epoch in 22.818 s
[DEV]   QWK:  0.804, PRS: 0.808, SPR: 0.794, RMSE: 0.603, (Best @ 22: {{0.804}}, 0.808, 0.794, 0.603)
[TEST]  QWK:  0.841, PRS: 0.858, SPR: 0.826, RMSE: 0.592 (Best @ 22: {{0.841}}, 0.858, 0.826, 0.592)
--------------------------------------------------------------------------------------------------------------------------
Epoch 23/50
Training one epoch in 22.912 s
[DEV]   QWK:  0.790, PRS: 0.799, SPR: 0.817, RMSE: 0.594, (Best @ 22: {{0.804}}, 0.808, 0.794, 0.603)
[TEST]  QWK:  0.795, PRS: 0.805, SPR: 0.775, RMSE: 0.637 (Best @ 22: {{0.841}}, 0.858, 0.826, 0.592)
--------------------------------------------------------------------------------------------------------------------------
Epoch 24/50
Training one epoch in 22.792 s
[DEV]   QWK:  0.756, PRS: 0.781, SPR: 0.766, RMSE: 0.667, (Best @ 22: {{0.804}}, 0.808, 0.794, 0.603)
[TEST]  QWK:  0.783, PRS: 0.835, SPR: 0.799, RMSE: 0.679 (Best @ 22: {{0.841}}, 0.858, 0.826, 0.592)
--------------------------------------------------------------------------------------------------------------------------
Epoch 25/50
Training one epoch in 22.909 s
[DEV]   QWK:  0.778, PRS: 0.795, SPR: 0.807, RMSE: 0.592, (Best @ 22: {{0.804}}, 0.808, 0.794, 0.603)
[TEST]  QWK:  0.792, PRS: 0.809, SPR: 0.788, RMSE: 0.628 (Best @ 22: {{0.841}}, 0.858, 0.826, 0.592)
--------------------------------------------------------------------------------------------------------------------------
Epoch 26/50
Training one epoch in 22.895 s
[DEV]   QWK:  0.799, PRS: 0.806, SPR: 0.788, RMSE: 0.635, (Best @ 22: {{0.804}}, 0.808, 0.794, 0.603)
[TEST]  QWK:  0.833, PRS: 0.850, SPR: 0.814, RMSE: 0.619 (Best @ 22: {{0.841}}, 0.858, 0.826, 0.592)
--------------------------------------------------------------------------------------------------------------------------
Epoch 27/50
Training one epoch in 22.749 s
[DEV]   QWK:  0.788, PRS: 0.799, SPR: 0.779, RMSE: 0.641, (Best @ 22: {{0.804}}, 0.808, 0.794, 0.603)
[TEST]  QWK:  0.817, PRS: 0.844, SPR: 0.809, RMSE: 0.632 (Best @ 22: {{0.841}}, 0.858, 0.826, 0.592)
--------------------------------------------------------------------------------------------------------------------------
Epoch 28/50
Training one epoch in 22.872 s
[DEV]   QWK:  0.807, PRS: 0.809, SPR: 0.804, RMSE: 0.592, (Best @ 28: {{0.807}}, 0.809, 0.804, 0.592)
[TEST]  QWK:  0.822, PRS: 0.844, SPR: 0.817, RMSE: 0.615 (Best @ 28: {{0.822}}, 0.844, 0.817, 0.615)
--------------------------------------------------------------------------------------------------------------------------
Epoch 29/50
Training one epoch in 22.779 s
[DEV]   QWK:  0.785, PRS: 0.800, SPR: 0.779, RMSE: 0.658, (Best @ 28: {{0.807}}, 0.809, 0.804, 0.592)
[TEST]  QWK:  0.821, PRS: 0.849, SPR: 0.809, RMSE: 0.632 (Best @ 28: {{0.822}}, 0.844, 0.817, 0.615)
--------------------------------------------------------------------------------------------------------------------------
Epoch 30/50
Training one epoch in 22.984 s
[DEV]   QWK:  0.809, PRS: 0.811, SPR: 0.795, RMSE: 0.612, (Best @ 30: {{0.809}}, 0.811, 0.795, 0.612)
[TEST]  QWK:  0.844, PRS: 0.852, SPR: 0.816, RMSE: 0.587 (Best @ 30: {{0.844}}, 0.852, 0.816, 0.587)
--------------------------------------------------------------------------------------------------------------------------
Epoch 31/50
Training one epoch in 22.706 s
[DEV]   QWK:  0.806, PRS: 0.813, SPR: 0.797, RMSE: 0.599, (Best @ 30: {{0.809}}, 0.811, 0.795, 0.612)
[TEST]  QWK:  0.811, PRS: 0.812, SPR: 0.764, RMSE: 0.641 (Best @ 30: {{0.844}}, 0.852, 0.816, 0.587)
--------------------------------------------------------------------------------------------------------------------------
Epoch 32/50
Training one epoch in 22.940 s
[DEV]   QWK:  0.790, PRS: 0.792, SPR: 0.791, RMSE: 0.608, (Best @ 30: {{0.809}}, 0.811, 0.795, 0.612)
[TEST]  QWK:  0.833, PRS: 0.850, SPR: 0.824, RMSE: 0.596 (Best @ 30: {{0.844}}, 0.852, 0.816, 0.587)
--------------------------------------------------------------------------------------------------------------------------
Epoch 33/50
Training one epoch in 23.036 s
[DEV]   QWK:  0.784, PRS: 0.784, SPR: 0.791, RMSE: 0.619, (Best @ 30: {{0.809}}, 0.811, 0.795, 0.612)
[TEST]  QWK:  0.809, PRS: 0.824, SPR: 0.791, RMSE: 0.624 (Best @ 30: {{0.844}}, 0.852, 0.816, 0.587)
--------------------------------------------------------------------------------------------------------------------------
Epoch 34/50
Training one epoch in 22.923 s
[DEV]   QWK:  0.797, PRS: 0.801, SPR: 0.800, RMSE: 0.606, (Best @ 30: {{0.809}}, 0.811, 0.795, 0.612)
[TEST]  QWK:  0.804, PRS: 0.810, SPR: 0.778, RMSE: 0.632 (Best @ 30: {{0.844}}, 0.852, 0.816, 0.587)
--------------------------------------------------------------------------------------------------------------------------
Epoch 35/50
Training one epoch in 23.073 s
[DEV]   QWK:  0.804, PRS: 0.806, SPR: 0.798, RMSE: 0.619, (Best @ 30: {{0.809}}, 0.811, 0.795, 0.612)
[TEST]  QWK:  0.836, PRS: 0.839, SPR: 0.792, RMSE: 0.610 (Best @ 30: {{0.844}}, 0.852, 0.816, 0.587)
--------------------------------------------------------------------------------------------------------------------------
Epoch 36/50
Training one epoch in 23.060 s
[DEV]   QWK:  0.794, PRS: 0.805, SPR: 0.804, RMSE: 0.601, (Best @ 30: {{0.809}}, 0.811, 0.795, 0.612)
[TEST]  QWK:  0.813, PRS: 0.821, SPR: 0.775, RMSE: 0.610 (Best @ 30: {{0.844}}, 0.852, 0.816, 0.587)
--------------------------------------------------------------------------------------------------------------------------
Epoch 37/50
Training one epoch in 23.027 s
[DEV]   QWK:  0.798, PRS: 0.804, SPR: 0.798, RMSE: 0.619, (Best @ 30: {{0.809}}, 0.811, 0.795, 0.612)
[TEST]  QWK:  0.808, PRS: 0.810, SPR: 0.770, RMSE: 0.641 (Best @ 30: {{0.844}}, 0.852, 0.816, 0.587)
--------------------------------------------------------------------------------------------------------------------------
Epoch 38/50
Training one epoch in 23.090 s
[DEV]   QWK:  0.779, PRS: 0.783, SPR: 0.783, RMSE: 0.630, (Best @ 30: {{0.809}}, 0.811, 0.795, 0.612)
[TEST]  QWK:  0.811, PRS: 0.835, SPR: 0.803, RMSE: 0.628 (Best @ 30: {{0.844}}, 0.852, 0.816, 0.587)
--------------------------------------------------------------------------------------------------------------------------
Epoch 39/50
Training one epoch in 23.109 s
[DEV]   QWK:  0.796, PRS: 0.801, SPR: 0.776, RMSE: 0.626, (Best @ 30: {{0.809}}, 0.811, 0.795, 0.612)
[TEST]  QWK:  0.812, PRS: 0.837, SPR: 0.800, RMSE: 0.632 (Best @ 30: {{0.844}}, 0.852, 0.816, 0.587)
--------------------------------------------------------------------------------------------------------------------------
Epoch 40/50
Training one epoch in 22.952 s
[DEV]   QWK:  0.778, PRS: 0.788, SPR: 0.762, RMSE: 0.650, (Best @ 30: {{0.809}}, 0.811, 0.795, 0.612)
[TEST]  QWK:  0.805, PRS: 0.838, SPR: 0.799, RMSE: 0.650 (Best @ 30: {{0.844}}, 0.852, 0.816, 0.587)
--------------------------------------------------------------------------------------------------------------------------
Epoch 41/50
Training one epoch in 22.949 s
[DEV]   QWK:  0.785, PRS: 0.785, SPR: 0.778, RMSE: 0.630, (Best @ 30: {{0.809}}, 0.811, 0.795, 0.612)
[TEST]  QWK:  0.793, PRS: 0.798, SPR: 0.755, RMSE: 0.658 (Best @ 30: {{0.844}}, 0.852, 0.816, 0.587)
--------------------------------------------------------------------------------------------------------------------------
Epoch 42/50
Training one epoch in 23.043 s
[DEV]   QWK:  0.774, PRS: 0.782, SPR: 0.774, RMSE: 0.648, (Best @ 30: {{0.809}}, 0.811, 0.795, 0.612)
[TEST]  QWK:  0.799, PRS: 0.803, SPR: 0.766, RMSE: 0.645 (Best @ 30: {{0.844}}, 0.852, 0.816, 0.587)
--------------------------------------------------------------------------------------------------------------------------
Epoch 43/50
Training one epoch in 22.959 s
[DEV]   QWK:  0.781, PRS: 0.784, SPR: 0.763, RMSE: 0.624, (Best @ 30: {{0.809}}, 0.811, 0.795, 0.612)
[TEST]  QWK:  0.793, PRS: 0.810, SPR: 0.766, RMSE: 0.654 (Best @ 30: {{0.844}}, 0.852, 0.816, 0.587)
--------------------------------------------------------------------------------------------------------------------------
Epoch 44/50
Training one epoch in 22.919 s
[DEV]   QWK:  0.791, PRS: 0.793, SPR: 0.792, RMSE: 0.624, (Best @ 30: {{0.809}}, 0.811, 0.795, 0.612)
[TEST]  QWK:  0.803, PRS: 0.805, SPR: 0.766, RMSE: 0.645 (Best @ 30: {{0.844}}, 0.852, 0.816, 0.587)
--------------------------------------------------------------------------------------------------------------------------
Epoch 45/50
Training one epoch in 22.890 s
[DEV]   QWK:  0.809, PRS: 0.811, SPR: 0.798, RMSE: 0.601, (Best @ 30: {{0.809}}, 0.811, 0.795, 0.612)
[TEST]  QWK:  0.802, PRS: 0.804, SPR: 0.770, RMSE: 0.645 (Best @ 30: {{0.844}}, 0.852, 0.816, 0.587)
--------------------------------------------------------------------------------------------------------------------------
Epoch 46/50
Training one epoch in 23.010 s
[DEV]   QWK:  0.775, PRS: 0.783, SPR: 0.768, RMSE: 0.656, (Best @ 30: {{0.809}}, 0.811, 0.795, 0.612)
[TEST]  QWK:  0.798, PRS: 0.827, SPR: 0.792, RMSE: 0.662 (Best @ 30: {{0.844}}, 0.852, 0.816, 0.587)
--------------------------------------------------------------------------------------------------------------------------
Epoch 47/50
Training one epoch in 22.997 s
[DEV]   QWK:  0.786, PRS: 0.789, SPR: 0.769, RMSE: 0.621, (Best @ 30: {{0.809}}, 0.811, 0.795, 0.612)
[TEST]  QWK:  0.784, PRS: 0.813, SPR: 0.775, RMSE: 0.662 (Best @ 30: {{0.844}}, 0.852, 0.816, 0.587)
--------------------------------------------------------------------------------------------------------------------------
Epoch 48/50
Training one epoch in 22.908 s
[DEV]   QWK:  0.797, PRS: 0.797, SPR: 0.786, RMSE: 0.612, (Best @ 30: {{0.809}}, 0.811, 0.795, 0.612)
[TEST]  QWK:  0.795, PRS: 0.808, SPR: 0.766, RMSE: 0.645 (Best @ 30: {{0.844}}, 0.852, 0.816, 0.587)
--------------------------------------------------------------------------------------------------------------------------
Epoch 49/50
Training one epoch in 22.954 s
[DEV]   QWK:  0.769, PRS: 0.792, SPR: 0.783, RMSE: 0.669, (Best @ 30: {{0.809}}, 0.811, 0.795, 0.612)
[TEST]  QWK:  0.795, PRS: 0.802, SPR: 0.761, RMSE: 0.658 (Best @ 30: {{0.844}}, 0.852, 0.816, 0.587)
--------------------------------------------------------------------------------------------------------------------------
Epoch 50/50
Training one epoch in 23.004 s
[DEV]   QWK:  0.789, PRS: 0.793, SPR: 0.777, RMSE: 0.621, (Best @ 30: {{0.809}}, 0.811, 0.795, 0.612)
[TEST]  QWK:  0.782, PRS: 0.811, SPR: 0.760, RMSE: 0.671 (Best @ 30: {{0.844}}, 0.852, 0.816, 0.587)
--------------------------------------------------------------------------------------------------------------------------
