X_train shape: (1249, 3550)
Initial evaluation: 
[DEV]   QWK:  0.000, PRS: 0.000, SPR: 0.000, RMSE: 2.127, (Best @ -1: {{0.000}}, 0.000, 0.000, 2.127)
[TEST]  QWK:  0.000, PRS: 0.000, SPR: 0.000, RMSE: 2.152 (Best @ -1: {{0.000}}, 0.000, 0.000, 2.152)
--------------------------------------------------------------------------------------------------------------------------
Train model
Epoch 1/50
Training one epoch in 41.537 s
[DEV]   QWK:  0.695, PRS: 0.740, SPR: 0.715, RMSE: 1.044, (Best @ 1: {{0.695}}, 0.740, 0.715, 1.044)
[TEST]  QWK:  0.743, PRS: 0.786, SPR: 0.735, RMSE: 0.930 (Best @ 1: {{0.743}}, 0.786, 0.735, 0.930)
--------------------------------------------------------------------------------------------------------------------------
Epoch 2/50
Training one epoch in 39.019 s
[DEV]   QWK:  0.702, PRS: 0.743, SPR: 0.715, RMSE: 1.060, (Best @ 2: {{0.702}}, 0.743, 0.715, 1.060)
[TEST]  QWK:  0.747, PRS: 0.793, SPR: 0.744, RMSE: 0.939 (Best @ 2: {{0.747}}, 0.793, 0.744, 0.939)
--------------------------------------------------------------------------------------------------------------------------
Epoch 3/50
Training one epoch in 38.888 s
[DEV]   QWK:  0.763, PRS: 0.769, SPR: 0.748, RMSE: 0.982, (Best @ 3: {{0.763}}, 0.769, 0.748, 0.982)
[TEST]  QWK:  0.798, PRS: 0.801, SPR: 0.756, RMSE: 0.877 (Best @ 3: {{0.798}}, 0.801, 0.756, 0.877)
--------------------------------------------------------------------------------------------------------------------------
Epoch 4/50
Training one epoch in 39.099 s
[DEV]   QWK:  0.727, PRS: 0.778, SPR: 0.761, RMSE: 1.059, (Best @ 3: {{0.763}}, 0.769, 0.748, 0.982)
[TEST]  QWK:  0.750, PRS: 0.813, SPR: 0.768, RMSE: 0.977 (Best @ 3: {{0.798}}, 0.801, 0.756, 0.877)
--------------------------------------------------------------------------------------------------------------------------
Epoch 5/50
Training one epoch in 38.973 s
[DEV]   QWK:  0.731, PRS: 0.798, SPR: 0.779, RMSE: 1.081, (Best @ 3: {{0.763}}, 0.769, 0.748, 0.982)
[TEST]  QWK:  0.744, PRS: 0.829, SPR: 0.795, RMSE: 1.011 (Best @ 3: {{0.798}}, 0.801, 0.756, 0.877)
--------------------------------------------------------------------------------------------------------------------------
Epoch 6/50
Training one epoch in 38.970 s
[DEV]   QWK:  0.779, PRS: 0.797, SPR: 0.786, RMSE: 0.916, (Best @ 6: {{0.779}}, 0.797, 0.786, 0.916)
[TEST]  QWK:  0.800, PRS: 0.815, SPR: 0.791, RMSE: 0.841 (Best @ 6: {{0.800}}, 0.815, 0.791, 0.841)
--------------------------------------------------------------------------------------------------------------------------
Epoch 7/50
Training one epoch in 39.034 s
[DEV]   QWK:  0.753, PRS: 0.802, SPR: 0.788, RMSE: 1.004, (Best @ 6: {{0.779}}, 0.797, 0.786, 0.916)
[TEST]  QWK:  0.774, PRS: 0.838, SPR: 0.816, RMSE: 0.933 (Best @ 6: {{0.800}}, 0.815, 0.791, 0.841)
--------------------------------------------------------------------------------------------------------------------------
Epoch 8/50
Training one epoch in 38.971 s
[DEV]   QWK:  0.785, PRS: 0.803, SPR: 0.787, RMSE: 0.903, (Best @ 8: {{0.785}}, 0.803, 0.787, 0.903)
[TEST]  QWK:  0.788, PRS: 0.806, SPR: 0.779, RMSE: 0.855 (Best @ 8: {{0.788}}, 0.806, 0.779, 0.855)
--------------------------------------------------------------------------------------------------------------------------
Epoch 9/50
Training one epoch in 38.785 s
[DEV]   QWK:  0.769, PRS: 0.801, SPR: 0.789, RMSE: 0.967, (Best @ 8: {{0.785}}, 0.803, 0.787, 0.903)
[TEST]  QWK:  0.795, PRS: 0.836, SPR: 0.819, RMSE: 0.884 (Best @ 8: {{0.788}}, 0.806, 0.779, 0.855)
--------------------------------------------------------------------------------------------------------------------------
Epoch 10/50
Training one epoch in 38.761 s
[DEV]   QWK:  0.780, PRS: 0.810, SPR: 0.797, RMSE: 0.954, (Best @ 8: {{0.785}}, 0.803, 0.787, 0.903)
[TEST]  QWK:  0.801, PRS: 0.835, SPR: 0.815, RMSE: 0.881 (Best @ 8: {{0.788}}, 0.806, 0.779, 0.855)
--------------------------------------------------------------------------------------------------------------------------
Epoch 11/50
Training one epoch in 39.107 s
[DEV]   QWK:  0.768, PRS: 0.796, SPR: 0.786, RMSE: 0.958, (Best @ 8: {{0.785}}, 0.803, 0.787, 0.903)
[TEST]  QWK:  0.803, PRS: 0.826, SPR: 0.791, RMSE: 0.858 (Best @ 8: {{0.788}}, 0.806, 0.779, 0.855)
--------------------------------------------------------------------------------------------------------------------------
Epoch 12/50
Training one epoch in 39.029 s
[DEV]   QWK:  0.799, PRS: 0.808, SPR: 0.802, RMSE: 0.895, (Best @ 12: {{0.799}}, 0.808, 0.802, 0.895)
[TEST]  QWK:  0.819, PRS: 0.825, SPR: 0.798, RMSE: 0.821 (Best @ 12: {{0.819}}, 0.825, 0.798, 0.821)
--------------------------------------------------------------------------------------------------------------------------
Epoch 13/50
Training one epoch in 38.594 s
[DEV]   QWK:  0.767, PRS: 0.813, SPR: 0.800, RMSE: 0.967, (Best @ 12: {{0.799}}, 0.808, 0.802, 0.895)
[TEST]  QWK:  0.796, PRS: 0.852, SPR: 0.827, RMSE: 0.877 (Best @ 12: {{0.819}}, 0.825, 0.798, 0.821)
--------------------------------------------------------------------------------------------------------------------------
Epoch 14/50
Training one epoch in 38.772 s
[DEV]   QWK:  0.794, PRS: 0.816, SPR: 0.806, RMSE: 0.896, (Best @ 12: {{0.799}}, 0.808, 0.802, 0.895)
[TEST]  QWK:  0.811, PRS: 0.829, SPR: 0.795, RMSE: 0.835 (Best @ 12: {{0.819}}, 0.825, 0.798, 0.821)
--------------------------------------------------------------------------------------------------------------------------
Epoch 15/50
Training one epoch in 39.063 s
[DEV]   QWK:  0.758, PRS: 0.814, SPR: 0.797, RMSE: 0.986, (Best @ 12: {{0.799}}, 0.808, 0.802, 0.895)
[TEST]  QWK:  0.775, PRS: 0.839, SPR: 0.807, RMSE: 0.912 (Best @ 12: {{0.819}}, 0.825, 0.798, 0.821)
--------------------------------------------------------------------------------------------------------------------------
Epoch 16/50
Training one epoch in 39.142 s
[DEV]   QWK:  0.763, PRS: 0.803, SPR: 0.774, RMSE: 0.950, (Best @ 12: {{0.799}}, 0.808, 0.802, 0.895)
[TEST]  QWK:  0.768, PRS: 0.812, SPR: 0.781, RMSE: 0.893 (Best @ 12: {{0.819}}, 0.825, 0.798, 0.821)
--------------------------------------------------------------------------------------------------------------------------
Epoch 17/50
Training one epoch in 39.151 s
[DEV]   QWK:  0.796, PRS: 0.827, SPR: 0.809, RMSE: 0.916, (Best @ 12: {{0.799}}, 0.808, 0.802, 0.895)
[TEST]  QWK:  0.794, PRS: 0.827, SPR: 0.797, RMSE: 0.896 (Best @ 12: {{0.819}}, 0.825, 0.798, 0.821)
--------------------------------------------------------------------------------------------------------------------------
Epoch 18/50
Training one epoch in 39.185 s
[DEV]   QWK:  0.804, PRS: 0.820, SPR: 0.805, RMSE: 0.868, (Best @ 18: {{0.804}}, 0.820, 0.805, 0.868)
[TEST]  QWK:  0.812, PRS: 0.823, SPR: 0.797, RMSE: 0.824 (Best @ 18: {{0.812}}, 0.823, 0.797, 0.824)
--------------------------------------------------------------------------------------------------------------------------
Epoch 19/50
Training one epoch in 38.992 s
[DEV]   QWK:  0.809, PRS: 0.819, SPR: 0.804, RMSE: 0.881, (Best @ 19: {{0.809}}, 0.819, 0.804, 0.881)
[TEST]  QWK:  0.817, PRS: 0.822, SPR: 0.794, RMSE: 0.845 (Best @ 19: {{0.817}}, 0.822, 0.794, 0.845)
--------------------------------------------------------------------------------------------------------------------------
Epoch 20/50
Training one epoch in 38.908 s
[DEV]   QWK:  0.794, PRS: 0.824, SPR: 0.799, RMSE: 0.876, (Best @ 19: {{0.809}}, 0.819, 0.804, 0.881)
[TEST]  QWK:  0.810, PRS: 0.829, SPR: 0.796, RMSE: 0.824 (Best @ 19: {{0.817}}, 0.822, 0.794, 0.845)
--------------------------------------------------------------------------------------------------------------------------
Epoch 21/50
Training one epoch in 38.848 s
[DEV]   QWK:  0.815, PRS: 0.820, SPR: 0.806, RMSE: 0.882, (Best @ 21: {{0.815}}, 0.820, 0.806, 0.882)
[TEST]  QWK:  0.818, PRS: 0.821, SPR: 0.795, RMSE: 0.841 (Best @ 21: {{0.818}}, 0.821, 0.795, 0.841)
--------------------------------------------------------------------------------------------------------------------------
Epoch 22/50
Training one epoch in 38.939 s
[DEV]   QWK:  0.813, PRS: 0.822, SPR: 0.801, RMSE: 0.892, (Best @ 21: {{0.815}}, 0.820, 0.806, 0.882)
[TEST]  QWK:  0.811, PRS: 0.815, SPR: 0.785, RMSE: 0.871 (Best @ 21: {{0.818}}, 0.821, 0.795, 0.841)
--------------------------------------------------------------------------------------------------------------------------
Epoch 23/50
Training one epoch in 39.016 s
[DEV]   QWK:  0.805, PRS: 0.824, SPR: 0.801, RMSE: 0.858, (Best @ 21: {{0.815}}, 0.820, 0.806, 0.882)
[TEST]  QWK:  0.813, PRS: 0.826, SPR: 0.790, RMSE: 0.818 (Best @ 21: {{0.818}}, 0.821, 0.795, 0.841)
--------------------------------------------------------------------------------------------------------------------------
Epoch 24/50
Training one epoch in 39.070 s
[DEV]   QWK:  0.806, PRS: 0.818, SPR: 0.794, RMSE: 0.877, (Best @ 21: {{0.815}}, 0.820, 0.806, 0.882)
[TEST]  QWK:  0.817, PRS: 0.822, SPR: 0.797, RMSE: 0.838 (Best @ 21: {{0.818}}, 0.821, 0.795, 0.841)
--------------------------------------------------------------------------------------------------------------------------
Epoch 25/50
Training one epoch in 39.029 s
[DEV]   QWK:  0.807, PRS: 0.819, SPR: 0.796, RMSE: 0.896, (Best @ 21: {{0.815}}, 0.820, 0.806, 0.882)
[TEST]  QWK:  0.809, PRS: 0.822, SPR: 0.788, RMSE: 0.841 (Best @ 21: {{0.818}}, 0.821, 0.795, 0.841)
--------------------------------------------------------------------------------------------------------------------------
Epoch 26/50
Training one epoch in 39.029 s
[DEV]   QWK:  0.797, PRS: 0.831, SPR: 0.806, RMSE: 0.895, (Best @ 21: {{0.815}}, 0.820, 0.806, 0.882)
[TEST]  QWK:  0.800, PRS: 0.837, SPR: 0.791, RMSE: 0.855 (Best @ 21: {{0.818}}, 0.821, 0.795, 0.841)
--------------------------------------------------------------------------------------------------------------------------
Epoch 27/50
Training one epoch in 38.991 s
[DEV]   QWK:  0.780, PRS: 0.813, SPR: 0.787, RMSE: 0.954, (Best @ 21: {{0.815}}, 0.820, 0.806, 0.882)
[TEST]  QWK:  0.782, PRS: 0.819, SPR: 0.780, RMSE: 0.927 (Best @ 21: {{0.818}}, 0.821, 0.795, 0.841)
--------------------------------------------------------------------------------------------------------------------------
Epoch 28/50
Training one epoch in 39.044 s
[DEV]   QWK:  0.782, PRS: 0.831, SPR: 0.792, RMSE: 0.972, (Best @ 21: {{0.815}}, 0.820, 0.806, 0.882)
[TEST]  QWK:  0.773, PRS: 0.828, SPR: 0.787, RMSE: 0.954 (Best @ 21: {{0.818}}, 0.821, 0.795, 0.841)
--------------------------------------------------------------------------------------------------------------------------
Epoch 29/50
Training one epoch in 38.981 s
[DEV]   QWK:  0.809, PRS: 0.811, SPR: 0.785, RMSE: 0.915, (Best @ 21: {{0.815}}, 0.820, 0.806, 0.882)
[TEST]  QWK:  0.824, PRS: 0.825, SPR: 0.797, RMSE: 0.845 (Best @ 21: {{0.818}}, 0.821, 0.795, 0.841)
--------------------------------------------------------------------------------------------------------------------------
Epoch 30/50
Training one epoch in 39.187 s
[DEV]   QWK:  0.816, PRS: 0.825, SPR: 0.796, RMSE: 0.876, (Best @ 30: {{0.816}}, 0.825, 0.796, 0.876)
[TEST]  QWK:  0.814, PRS: 0.823, SPR: 0.795, RMSE: 0.845 (Best @ 30: {{0.814}}, 0.823, 0.795, 0.845)
--------------------------------------------------------------------------------------------------------------------------
Epoch 31/50
Training one epoch in 39.001 s
[DEV]   QWK:  0.764, PRS: 0.820, SPR: 0.802, RMSE: 1.033, (Best @ 30: {{0.816}}, 0.825, 0.796, 0.876)
[TEST]  QWK:  0.755, PRS: 0.810, SPR: 0.784, RMSE: 1.006 (Best @ 30: {{0.814}}, 0.823, 0.795, 0.845)
--------------------------------------------------------------------------------------------------------------------------
Epoch 32/50
Training one epoch in 38.969 s
[DEV]   QWK:  0.797, PRS: 0.805, SPR: 0.780, RMSE: 0.933, (Best @ 30: {{0.816}}, 0.825, 0.796, 0.876)
[TEST]  QWK:  0.820, PRS: 0.825, SPR: 0.798, RMSE: 0.851 (Best @ 30: {{0.814}}, 0.823, 0.795, 0.845)
--------------------------------------------------------------------------------------------------------------------------
Epoch 33/50
Training one epoch in 39.183 s
[DEV]   QWK:  0.788, PRS: 0.815, SPR: 0.783, RMSE: 0.893, (Best @ 30: {{0.816}}, 0.825, 0.796, 0.876)
[TEST]  QWK:  0.803, PRS: 0.823, SPR: 0.789, RMSE: 0.851 (Best @ 30: {{0.814}}, 0.823, 0.795, 0.845)
--------------------------------------------------------------------------------------------------------------------------
Epoch 34/50
Training one epoch in 39.042 s
[DEV]   QWK:  0.785, PRS: 0.822, SPR: 0.790, RMSE: 0.955, (Best @ 30: {{0.816}}, 0.825, 0.796, 0.876)
[TEST]  QWK:  0.770, PRS: 0.819, SPR: 0.778, RMSE: 0.957 (Best @ 30: {{0.814}}, 0.823, 0.795, 0.845)
--------------------------------------------------------------------------------------------------------------------------
Epoch 35/50
Training one epoch in 38.875 s
[DEV]   QWK:  0.811, PRS: 0.811, SPR: 0.783, RMSE: 0.927, (Best @ 30: {{0.816}}, 0.825, 0.796, 0.876)
[TEST]  QWK:  0.826, PRS: 0.826, SPR: 0.802, RMSE: 0.851 (Best @ 30: {{0.814}}, 0.823, 0.795, 0.845)
--------------------------------------------------------------------------------------------------------------------------
Epoch 36/50
Training one epoch in 38.889 s
[DEV]   QWK:  0.792, PRS: 0.815, SPR: 0.776, RMSE: 0.909, (Best @ 30: {{0.816}}, 0.825, 0.796, 0.876)
[TEST]  QWK:  0.799, PRS: 0.823, SPR: 0.780, RMSE: 0.855 (Best @ 30: {{0.814}}, 0.823, 0.795, 0.845)
--------------------------------------------------------------------------------------------------------------------------
Epoch 37/50
Training one epoch in 39.241 s
[DEV]   QWK:  0.815, PRS: 0.822, SPR: 0.790, RMSE: 0.874, (Best @ 30: {{0.816}}, 0.825, 0.796, 0.876)
[TEST]  QWK:  0.815, PRS: 0.819, SPR: 0.787, RMSE: 0.851 (Best @ 30: {{0.814}}, 0.823, 0.795, 0.845)
--------------------------------------------------------------------------------------------------------------------------
Epoch 38/50
Training one epoch in 39.089 s
[DEV]   QWK:  0.806, PRS: 0.812, SPR: 0.779, RMSE: 0.898, (Best @ 30: {{0.816}}, 0.825, 0.796, 0.876)
[TEST]  QWK:  0.822, PRS: 0.827, SPR: 0.791, RMSE: 0.831 (Best @ 30: {{0.814}}, 0.823, 0.795, 0.845)
--------------------------------------------------------------------------------------------------------------------------
Epoch 39/50
Training one epoch in 39.140 s
[DEV]   QWK:  0.812, PRS: 0.813, SPR: 0.784, RMSE: 0.918, (Best @ 30: {{0.816}}, 0.825, 0.796, 0.876)
[TEST]  QWK:  0.844, PRS: 0.846, SPR: 0.830, RMSE: 0.797 (Best @ 30: {{0.814}}, 0.823, 0.795, 0.845)
--------------------------------------------------------------------------------------------------------------------------
Epoch 40/50
Training one epoch in 39.139 s
[DEV]   QWK:  0.790, PRS: 0.803, SPR: 0.765, RMSE: 0.915, (Best @ 30: {{0.816}}, 0.825, 0.796, 0.876)
[TEST]  QWK:  0.828, PRS: 0.837, SPR: 0.813, RMSE: 0.807 (Best @ 30: {{0.814}}, 0.823, 0.795, 0.845)
--------------------------------------------------------------------------------------------------------------------------
Epoch 41/50
Training one epoch in 39.170 s
[DEV]   QWK:  0.800, PRS: 0.806, SPR: 0.774, RMSE: 0.930, (Best @ 30: {{0.816}}, 0.825, 0.796, 0.876)
[TEST]  QWK:  0.823, PRS: 0.831, SPR: 0.792, RMSE: 0.841 (Best @ 30: {{0.814}}, 0.823, 0.795, 0.845)
--------------------------------------------------------------------------------------------------------------------------
Epoch 42/50
Training one epoch in 39.245 s
[DEV]   QWK:  0.788, PRS: 0.811, SPR: 0.771, RMSE: 0.951, (Best @ 30: {{0.816}}, 0.825, 0.796, 0.876)
[TEST]  QWK:  0.791, PRS: 0.822, SPR: 0.773, RMSE: 0.896 (Best @ 30: {{0.814}}, 0.823, 0.795, 0.845)
--------------------------------------------------------------------------------------------------------------------------
Epoch 43/50
Training one epoch in 38.942 s
[DEV]   QWK:  0.801, PRS: 0.807, SPR: 0.779, RMSE: 0.904, (Best @ 30: {{0.816}}, 0.825, 0.796, 0.876)
[TEST]  QWK:  0.835, PRS: 0.838, SPR: 0.818, RMSE: 0.797 (Best @ 30: {{0.814}}, 0.823, 0.795, 0.845)
--------------------------------------------------------------------------------------------------------------------------
Epoch 44/50
Training one epoch in 39.092 s
[DEV]   QWK:  0.772, PRS: 0.807, SPR: 0.770, RMSE: 1.025, (Best @ 30: {{0.816}}, 0.825, 0.796, 0.876)
[TEST]  QWK:  0.777, PRS: 0.823, SPR: 0.780, RMSE: 0.989 (Best @ 30: {{0.814}}, 0.823, 0.795, 0.845)
--------------------------------------------------------------------------------------------------------------------------
Epoch 45/50
Training one epoch in 39.058 s
[DEV]   QWK:  0.796, PRS: 0.806, SPR: 0.772, RMSE: 0.903, (Best @ 30: {{0.816}}, 0.825, 0.796, 0.876)
[TEST]  QWK:  0.830, PRS: 0.839, SPR: 0.812, RMSE: 0.797 (Best @ 30: {{0.814}}, 0.823, 0.795, 0.845)
--------------------------------------------------------------------------------------------------------------------------
Epoch 46/50
Training one epoch in 39.042 s
[DEV]   QWK:  0.783, PRS: 0.807, SPR: 0.764, RMSE: 0.942, (Best @ 30: {{0.816}}, 0.825, 0.796, 0.876)
[TEST]  QWK:  0.807, PRS: 0.829, SPR: 0.787, RMSE: 0.855 (Best @ 30: {{0.814}}, 0.823, 0.795, 0.845)
--------------------------------------------------------------------------------------------------------------------------
Epoch 47/50
Training one epoch in 39.033 s
[DEV]   QWK:  0.801, PRS: 0.804, SPR: 0.771, RMSE: 0.915, (Best @ 30: {{0.816}}, 0.825, 0.796, 0.876)
[TEST]  QWK:  0.832, PRS: 0.834, SPR: 0.796, RMSE: 0.814 (Best @ 30: {{0.814}}, 0.823, 0.795, 0.845)
--------------------------------------------------------------------------------------------------------------------------
Epoch 48/50
Training one epoch in 38.912 s
[DEV]   QWK:  0.789, PRS: 0.799, SPR: 0.769, RMSE: 0.930, (Best @ 30: {{0.816}}, 0.825, 0.796, 0.876)
[TEST]  QWK:  0.824, PRS: 0.827, SPR: 0.798, RMSE: 0.821 (Best @ 30: {{0.814}}, 0.823, 0.795, 0.845)
--------------------------------------------------------------------------------------------------------------------------
Epoch 49/50
Training one epoch in 39.318 s
[DEV]   QWK:  0.805, PRS: 0.811, SPR: 0.781, RMSE: 0.892, (Best @ 30: {{0.816}}, 0.825, 0.796, 0.876)
[TEST]  QWK:  0.837, PRS: 0.841, SPR: 0.804, RMSE: 0.786 (Best @ 30: {{0.814}}, 0.823, 0.795, 0.845)
--------------------------------------------------------------------------------------------------------------------------
Epoch 50/50
Training one epoch in 39.087 s
[DEV]   QWK:  0.788, PRS: 0.808, SPR: 0.773, RMSE: 0.913, (Best @ 30: {{0.816}}, 0.825, 0.796, 0.876)
[TEST]  QWK:  0.823, PRS: 0.839, SPR: 0.801, RMSE: 0.811 (Best @ 30: {{0.814}}, 0.823, 0.795, 0.845)
--------------------------------------------------------------------------------------------------------------------------
