X_train shape: (1264, 1150)
Initial evaluation: 
[DEV]   QWK:  0.000, PRS: 0.000, SPR: 0.000, RMSE: 1.042, (Best @ -1: {{0.000}}, 0.000, 0.000, 1.042)
[TEST]  QWK:  0.000, PRS: 0.000, SPR: 0.000, RMSE: 1.043 (Best @ -1: {{0.000}}, 0.000, 0.000, 1.043)
--------------------------------------------------------------------------------------------------------------------------
Train model
Epoch 1/50
Training one epoch in 27.160 s
[DEV]   QWK:  0.744, PRS: 0.757, SPR: 0.772, RMSE: 0.636, (Best @ 1: {{0.744}}, 0.757, 0.772, 0.636)
[TEST]  QWK:  0.757, PRS: 0.761, SPR: 0.763, RMSE: 0.610 (Best @ 1: {{0.757}}, 0.761, 0.763, 0.610)
--------------------------------------------------------------------------------------------------------------------------
Epoch 2/50
Training one epoch in 24.475 s
[DEV]   QWK:  0.758, PRS: 0.768, SPR: 0.786, RMSE: 0.623, (Best @ 2: {{0.758}}, 0.768, 0.786, 0.623)
[TEST]  QWK:  0.764, PRS: 0.767, SPR: 0.776, RMSE: 0.606 (Best @ 2: {{0.764}}, 0.767, 0.776, 0.606)
--------------------------------------------------------------------------------------------------------------------------
Epoch 3/50
Training one epoch in 24.390 s
[DEV]   QWK:  0.765, PRS: 0.793, SPR: 0.803, RMSE: 0.659, (Best @ 3: {{0.765}}, 0.793, 0.803, 0.659)
[TEST]  QWK:  0.791, PRS: 0.828, SPR: 0.825, RMSE: 0.606 (Best @ 3: {{0.791}}, 0.828, 0.825, 0.606)
--------------------------------------------------------------------------------------------------------------------------
Epoch 4/50
Training one epoch in 24.399 s
[DEV]   QWK:  0.744, PRS: 0.805, SPR: 0.808, RMSE: 0.678, (Best @ 3: {{0.765}}, 0.793, 0.803, 0.659)
[TEST]  QWK:  0.745, PRS: 0.807, SPR: 0.808, RMSE: 0.658 (Best @ 3: {{0.791}}, 0.828, 0.825, 0.606)
--------------------------------------------------------------------------------------------------------------------------
Epoch 5/50
Training one epoch in 24.424 s
[DEV]   QWK:  0.775, PRS: 0.799, SPR: 0.810, RMSE: 0.649, (Best @ 5: {{0.775}}, 0.799, 0.810, 0.649)
[TEST]  QWK:  0.785, PRS: 0.818, SPR: 0.818, RMSE: 0.615 (Best @ 5: {{0.785}}, 0.818, 0.818, 0.615)
--------------------------------------------------------------------------------------------------------------------------
Epoch 6/50
Training one epoch in 24.474 s
[DEV]   QWK:  0.791, PRS: 0.800, SPR: 0.812, RMSE: 0.612, (Best @ 6: {{0.791}}, 0.800, 0.812, 0.612)
[TEST]  QWK:  0.799, PRS: 0.812, SPR: 0.814, RMSE: 0.582 (Best @ 6: {{0.799}}, 0.812, 0.814, 0.582)
--------------------------------------------------------------------------------------------------------------------------
Epoch 7/50
Training one epoch in 24.322 s
[DEV]   QWK:  0.780, PRS: 0.806, SPR: 0.816, RMSE: 0.636, (Best @ 6: {{0.791}}, 0.800, 0.812, 0.612)
[TEST]  QWK:  0.801, PRS: 0.833, SPR: 0.830, RMSE: 0.592 (Best @ 6: {{0.799}}, 0.812, 0.814, 0.582)
--------------------------------------------------------------------------------------------------------------------------
Epoch 8/50
Training one epoch in 24.514 s
[DEV]   QWK:  0.791, PRS: 0.802, SPR: 0.811, RMSE: 0.621, (Best @ 6: {{0.791}}, 0.800, 0.812, 0.612)
[TEST]  QWK:  0.805, PRS: 0.827, SPR: 0.822, RMSE: 0.577 (Best @ 6: {{0.799}}, 0.812, 0.814, 0.582)
--------------------------------------------------------------------------------------------------------------------------
Epoch 9/50
Training one epoch in 24.360 s
[DEV]   QWK:  0.816, PRS: 0.817, SPR: 0.821, RMSE: 0.579, (Best @ 9: {{0.816}}, 0.817, 0.821, 0.579)
[TEST]  QWK:  0.811, PRS: 0.815, SPR: 0.822, RMSE: 0.563 (Best @ 9: {{0.811}}, 0.815, 0.822, 0.563)
--------------------------------------------------------------------------------------------------------------------------
Epoch 10/50
Training one epoch in 24.376 s
[DEV]   QWK:  0.802, PRS: 0.805, SPR: 0.811, RMSE: 0.588, (Best @ 9: {{0.816}}, 0.817, 0.821, 0.579)
[TEST]  QWK:  0.804, PRS: 0.807, SPR: 0.813, RMSE: 0.568 (Best @ 9: {{0.811}}, 0.815, 0.822, 0.563)
--------------------------------------------------------------------------------------------------------------------------
Epoch 11/50
Training one epoch in 24.412 s
[DEV]   QWK:  0.771, PRS: 0.807, SPR: 0.819, RMSE: 0.634, (Best @ 9: {{0.816}}, 0.817, 0.821, 0.579)
[TEST]  QWK:  0.757, PRS: 0.793, SPR: 0.802, RMSE: 0.632 (Best @ 9: {{0.811}}, 0.815, 0.822, 0.563)
--------------------------------------------------------------------------------------------------------------------------
Epoch 12/50
Training one epoch in 24.428 s
[DEV]   QWK:  0.792, PRS: 0.796, SPR: 0.800, RMSE: 0.593, (Best @ 9: {{0.816}}, 0.817, 0.821, 0.579)
[TEST]  QWK:  0.787, PRS: 0.788, SPR: 0.792, RMSE: 0.582 (Best @ 9: {{0.811}}, 0.815, 0.822, 0.563)
--------------------------------------------------------------------------------------------------------------------------
Epoch 13/50
Training one epoch in 24.364 s
[DEV]   QWK:  0.816, PRS: 0.821, SPR: 0.825, RMSE: 0.600, (Best @ 13: {{0.816}}, 0.821, 0.825, 0.600)
[TEST]  QWK:  0.804, PRS: 0.812, SPR: 0.815, RMSE: 0.596 (Best @ 13: {{0.804}}, 0.812, 0.815, 0.596)
--------------------------------------------------------------------------------------------------------------------------
Epoch 14/50
Training one epoch in 24.489 s
[DEV]   QWK:  0.750, PRS: 0.810, SPR: 0.819, RMSE: 0.670, (Best @ 13: {{0.816}}, 0.821, 0.825, 0.600)
[TEST]  QWK:  0.748, PRS: 0.807, SPR: 0.803, RMSE: 0.641 (Best @ 13: {{0.804}}, 0.812, 0.815, 0.596)
--------------------------------------------------------------------------------------------------------------------------
Epoch 15/50
Training one epoch in 24.430 s
[DEV]   QWK:  0.790, PRS: 0.799, SPR: 0.808, RMSE: 0.598, (Best @ 13: {{0.816}}, 0.821, 0.825, 0.600)
[TEST]  QWK:  0.782, PRS: 0.789, SPR: 0.807, RMSE: 0.587 (Best @ 13: {{0.804}}, 0.812, 0.815, 0.596)
--------------------------------------------------------------------------------------------------------------------------
Epoch 16/50
Training one epoch in 24.416 s
[DEV]   QWK:  0.797, PRS: 0.802, SPR: 0.809, RMSE: 0.586, (Best @ 13: {{0.816}}, 0.821, 0.825, 0.600)
[TEST]  QWK:  0.801, PRS: 0.802, SPR: 0.809, RMSE: 0.563 (Best @ 13: {{0.804}}, 0.812, 0.815, 0.596)
--------------------------------------------------------------------------------------------------------------------------
Epoch 17/50
Training one epoch in 24.484 s
[DEV]   QWK:  0.801, PRS: 0.806, SPR: 0.807, RMSE: 0.600, (Best @ 13: {{0.816}}, 0.821, 0.825, 0.600)
[TEST]  QWK:  0.813, PRS: 0.818, SPR: 0.820, RMSE: 0.568 (Best @ 13: {{0.804}}, 0.812, 0.815, 0.596)
--------------------------------------------------------------------------------------------------------------------------
Epoch 18/50
Training one epoch in 24.328 s
[DEV]   QWK:  0.785, PRS: 0.822, SPR: 0.828, RMSE: 0.664, (Best @ 13: {{0.816}}, 0.821, 0.825, 0.600)
[TEST]  QWK:  0.772, PRS: 0.818, SPR: 0.817, RMSE: 0.658 (Best @ 13: {{0.804}}, 0.812, 0.815, 0.596)
--------------------------------------------------------------------------------------------------------------------------
Epoch 19/50
Training one epoch in 24.480 s
[DEV]   QWK:  0.792, PRS: 0.811, SPR: 0.816, RMSE: 0.605, (Best @ 13: {{0.816}}, 0.821, 0.825, 0.600)
[TEST]  QWK:  0.807, PRS: 0.828, SPR: 0.826, RMSE: 0.573 (Best @ 13: {{0.804}}, 0.812, 0.815, 0.596)
--------------------------------------------------------------------------------------------------------------------------
Epoch 20/50
Training one epoch in 24.482 s
[DEV]   QWK:  0.805, PRS: 0.808, SPR: 0.813, RMSE: 0.581, (Best @ 13: {{0.816}}, 0.821, 0.825, 0.600)
[TEST]  QWK:  0.799, PRS: 0.800, SPR: 0.802, RMSE: 0.568 (Best @ 13: {{0.804}}, 0.812, 0.815, 0.596)
--------------------------------------------------------------------------------------------------------------------------
Epoch 21/50
Training one epoch in 24.478 s
[DEV]   QWK:  0.804, PRS: 0.826, SPR: 0.832, RMSE: 0.629, (Best @ 13: {{0.816}}, 0.821, 0.825, 0.600)
[TEST]  QWK:  0.793, PRS: 0.825, SPR: 0.826, RMSE: 0.632 (Best @ 13: {{0.804}}, 0.812, 0.815, 0.596)
--------------------------------------------------------------------------------------------------------------------------
Epoch 22/50
Training one epoch in 24.351 s
[DEV]   QWK:  0.795, PRS: 0.833, SPR: 0.840, RMSE: 0.642, (Best @ 13: {{0.816}}, 0.821, 0.825, 0.600)
[TEST]  QWK:  0.765, PRS: 0.814, SPR: 0.811, RMSE: 0.667 (Best @ 13: {{0.804}}, 0.812, 0.815, 0.596)
--------------------------------------------------------------------------------------------------------------------------
Epoch 23/50
Training one epoch in 24.413 s
[DEV]   QWK:  0.793, PRS: 0.800, SPR: 0.801, RMSE: 0.612, (Best @ 13: {{0.816}}, 0.821, 0.825, 0.600)
[TEST]  QWK:  0.815, PRS: 0.827, SPR: 0.827, RMSE: 0.568 (Best @ 13: {{0.804}}, 0.812, 0.815, 0.596)
--------------------------------------------------------------------------------------------------------------------------
Epoch 24/50
Training one epoch in 24.331 s
[DEV]   QWK:  0.791, PRS: 0.799, SPR: 0.804, RMSE: 0.612, (Best @ 13: {{0.816}}, 0.821, 0.825, 0.600)
[TEST]  QWK:  0.819, PRS: 0.829, SPR: 0.831, RMSE: 0.558 (Best @ 13: {{0.804}}, 0.812, 0.815, 0.596)
--------------------------------------------------------------------------------------------------------------------------
Epoch 25/50
Training one epoch in 24.465 s
[DEV]   QWK:  0.758, PRS: 0.818, SPR: 0.830, RMSE: 0.718, (Best @ 13: {{0.816}}, 0.821, 0.825, 0.600)
[TEST]  QWK:  0.764, PRS: 0.827, SPR: 0.826, RMSE: 0.675 (Best @ 13: {{0.804}}, 0.812, 0.815, 0.596)
--------------------------------------------------------------------------------------------------------------------------
Epoch 26/50
Training one epoch in 24.415 s
[DEV]   QWK:  0.797, PRS: 0.800, SPR: 0.803, RMSE: 0.609, (Best @ 13: {{0.816}}, 0.821, 0.825, 0.600)
[TEST]  QWK:  0.807, PRS: 0.813, SPR: 0.816, RMSE: 0.582 (Best @ 13: {{0.804}}, 0.812, 0.815, 0.596)
--------------------------------------------------------------------------------------------------------------------------
Epoch 27/50
Training one epoch in 24.390 s
[DEV]   QWK:  0.779, PRS: 0.791, SPR: 0.796, RMSE: 0.607, (Best @ 13: {{0.816}}, 0.821, 0.825, 0.600)
[TEST]  QWK:  0.792, PRS: 0.800, SPR: 0.800, RMSE: 0.573 (Best @ 13: {{0.804}}, 0.812, 0.815, 0.596)
--------------------------------------------------------------------------------------------------------------------------
Epoch 28/50
Training one epoch in 24.561 s
[DEV]   QWK:  0.805, PRS: 0.808, SPR: 0.812, RMSE: 0.591, (Best @ 13: {{0.816}}, 0.821, 0.825, 0.600)
[TEST]  QWK:  0.814, PRS: 0.817, SPR: 0.820, RMSE: 0.568 (Best @ 13: {{0.804}}, 0.812, 0.815, 0.596)
--------------------------------------------------------------------------------------------------------------------------
Epoch 29/50
Training one epoch in 24.495 s
[DEV]   QWK:  0.810, PRS: 0.813, SPR: 0.816, RMSE: 0.609, (Best @ 13: {{0.816}}, 0.821, 0.825, 0.600)
[TEST]  QWK:  0.802, PRS: 0.809, SPR: 0.815, RMSE: 0.610 (Best @ 13: {{0.804}}, 0.812, 0.815, 0.596)
--------------------------------------------------------------------------------------------------------------------------
Epoch 30/50
Training one epoch in 24.482 s
[DEV]   QWK:  0.773, PRS: 0.812, SPR: 0.817, RMSE: 0.666, (Best @ 13: {{0.816}}, 0.821, 0.825, 0.600)
[TEST]  QWK:  0.759, PRS: 0.812, SPR: 0.812, RMSE: 0.667 (Best @ 13: {{0.804}}, 0.812, 0.815, 0.596)
--------------------------------------------------------------------------------------------------------------------------
Epoch 31/50
Training one epoch in 24.368 s
[DEV]   QWK:  0.807, PRS: 0.814, SPR: 0.814, RMSE: 0.600, (Best @ 13: {{0.816}}, 0.821, 0.825, 0.600)
[TEST]  QWK:  0.803, PRS: 0.810, SPR: 0.810, RMSE: 0.592 (Best @ 13: {{0.804}}, 0.812, 0.815, 0.596)
--------------------------------------------------------------------------------------------------------------------------
Epoch 32/50
Training one epoch in 24.480 s
[DEV]   QWK:  0.808, PRS: 0.810, SPR: 0.812, RMSE: 0.602, (Best @ 13: {{0.816}}, 0.821, 0.825, 0.600)
[TEST]  QWK:  0.783, PRS: 0.789, SPR: 0.793, RMSE: 0.637 (Best @ 13: {{0.804}}, 0.812, 0.815, 0.596)
--------------------------------------------------------------------------------------------------------------------------
Epoch 33/50
Training one epoch in 24.508 s
[DEV]   QWK:  0.820, PRS: 0.822, SPR: 0.824, RMSE: 0.586, (Best @ 33: {{0.820}}, 0.822, 0.824, 0.586)
[TEST]  QWK:  0.786, PRS: 0.792, SPR: 0.790, RMSE: 0.628 (Best @ 33: {{0.786}}, 0.792, 0.790, 0.628)
--------------------------------------------------------------------------------------------------------------------------
Epoch 34/50
Training one epoch in 24.461 s
[DEV]   QWK:  0.795, PRS: 0.796, SPR: 0.799, RMSE: 0.600, (Best @ 33: {{0.820}}, 0.822, 0.824, 0.586)
[TEST]  QWK:  0.796, PRS: 0.797, SPR: 0.796, RMSE: 0.587 (Best @ 33: {{0.786}}, 0.792, 0.790, 0.628)
--------------------------------------------------------------------------------------------------------------------------
Epoch 35/50
Training one epoch in 24.481 s
[DEV]   QWK:  0.809, PRS: 0.811, SPR: 0.815, RMSE: 0.586, (Best @ 33: {{0.820}}, 0.822, 0.824, 0.586)
[TEST]  QWK:  0.801, PRS: 0.802, SPR: 0.805, RMSE: 0.577 (Best @ 33: {{0.786}}, 0.792, 0.790, 0.628)
--------------------------------------------------------------------------------------------------------------------------
Epoch 36/50
Training one epoch in 24.574 s
[DEV]   QWK:  0.798, PRS: 0.801, SPR: 0.806, RMSE: 0.588, (Best @ 33: {{0.820}}, 0.822, 0.824, 0.586)
[TEST]  QWK:  0.799, PRS: 0.799, SPR: 0.800, RMSE: 0.577 (Best @ 33: {{0.786}}, 0.792, 0.790, 0.628)
--------------------------------------------------------------------------------------------------------------------------
Epoch 37/50
Training one epoch in 24.452 s
[DEV]   QWK:  0.752, PRS: 0.809, SPR: 0.817, RMSE: 0.725, (Best @ 33: {{0.820}}, 0.822, 0.824, 0.586)
[TEST]  QWK:  0.754, PRS: 0.820, SPR: 0.816, RMSE: 0.691 (Best @ 33: {{0.786}}, 0.792, 0.790, 0.628)
--------------------------------------------------------------------------------------------------------------------------
Epoch 38/50
Training one epoch in 24.473 s
[DEV]   QWK:  0.801, PRS: 0.809, SPR: 0.812, RMSE: 0.618, (Best @ 33: {{0.820}}, 0.822, 0.824, 0.586)
[TEST]  QWK:  0.795, PRS: 0.804, SPR: 0.808, RMSE: 0.619 (Best @ 33: {{0.786}}, 0.792, 0.790, 0.628)
--------------------------------------------------------------------------------------------------------------------------
Epoch 39/50
Training one epoch in 24.636 s
[DEV]   QWK:  0.778, PRS: 0.782, SPR: 0.779, RMSE: 0.612, (Best @ 33: {{0.820}}, 0.822, 0.824, 0.586)
[TEST]  QWK:  0.803, PRS: 0.803, SPR: 0.805, RMSE: 0.577 (Best @ 33: {{0.786}}, 0.792, 0.790, 0.628)
--------------------------------------------------------------------------------------------------------------------------
Epoch 40/50
Training one epoch in 24.466 s
[DEV]   QWK:  0.790, PRS: 0.794, SPR: 0.795, RMSE: 0.614, (Best @ 33: {{0.820}}, 0.822, 0.824, 0.586)
[TEST]  QWK:  0.787, PRS: 0.789, SPR: 0.787, RMSE: 0.606 (Best @ 33: {{0.786}}, 0.792, 0.790, 0.628)
--------------------------------------------------------------------------------------------------------------------------
Epoch 41/50
Training one epoch in 24.436 s
[DEV]   QWK:  0.804, PRS: 0.808, SPR: 0.813, RMSE: 0.605, (Best @ 33: {{0.820}}, 0.822, 0.824, 0.586)
[TEST]  QWK:  0.777, PRS: 0.784, SPR: 0.790, RMSE: 0.624 (Best @ 33: {{0.786}}, 0.792, 0.790, 0.628)
--------------------------------------------------------------------------------------------------------------------------
Epoch 42/50
Training one epoch in 24.647 s
[DEV]   QWK:  0.784, PRS: 0.799, SPR: 0.802, RMSE: 0.634, (Best @ 33: {{0.820}}, 0.822, 0.824, 0.586)
[TEST]  QWK:  0.789, PRS: 0.806, SPR: 0.803, RMSE: 0.615 (Best @ 33: {{0.786}}, 0.792, 0.790, 0.628)
--------------------------------------------------------------------------------------------------------------------------
Epoch 43/50
Training one epoch in 24.620 s
[DEV]   QWK:  0.768, PRS: 0.804, SPR: 0.810, RMSE: 0.692, (Best @ 33: {{0.820}}, 0.822, 0.824, 0.586)
[TEST]  QWK:  0.775, PRS: 0.813, SPR: 0.815, RMSE: 0.658 (Best @ 33: {{0.786}}, 0.792, 0.790, 0.628)
--------------------------------------------------------------------------------------------------------------------------
Epoch 44/50
Training one epoch in 24.501 s
[DEV]   QWK:  0.805, PRS: 0.807, SPR: 0.808, RMSE: 0.602, (Best @ 33: {{0.820}}, 0.822, 0.824, 0.586)
[TEST]  QWK:  0.816, PRS: 0.824, SPR: 0.821, RMSE: 0.582 (Best @ 33: {{0.786}}, 0.792, 0.790, 0.628)
--------------------------------------------------------------------------------------------------------------------------
Epoch 45/50
Training one epoch in 24.426 s
[DEV]   QWK:  0.780, PRS: 0.794, SPR: 0.796, RMSE: 0.629, (Best @ 33: {{0.820}}, 0.822, 0.824, 0.586)
[TEST]  QWK:  0.795, PRS: 0.816, SPR: 0.814, RMSE: 0.606 (Best @ 33: {{0.786}}, 0.792, 0.790, 0.628)
--------------------------------------------------------------------------------------------------------------------------
Epoch 46/50
Training one epoch in 24.476 s
[DEV]   QWK:  0.803, PRS: 0.803, SPR: 0.805, RMSE: 0.605, (Best @ 33: {{0.820}}, 0.822, 0.824, 0.586)
[TEST]  QWK:  0.783, PRS: 0.784, SPR: 0.790, RMSE: 0.619 (Best @ 33: {{0.786}}, 0.792, 0.790, 0.628)
--------------------------------------------------------------------------------------------------------------------------
Epoch 47/50
Training one epoch in 24.523 s
[DEV]   QWK:  0.792, PRS: 0.793, SPR: 0.799, RMSE: 0.614, (Best @ 33: {{0.820}}, 0.822, 0.824, 0.586)
[TEST]  QWK:  0.762, PRS: 0.767, SPR: 0.779, RMSE: 0.632 (Best @ 33: {{0.786}}, 0.792, 0.790, 0.628)
--------------------------------------------------------------------------------------------------------------------------
Epoch 48/50
Training one epoch in 24.536 s
[DEV]   QWK:  0.785, PRS: 0.790, SPR: 0.790, RMSE: 0.600, (Best @ 33: {{0.820}}, 0.822, 0.824, 0.586)
[TEST]  QWK:  0.790, PRS: 0.794, SPR: 0.795, RMSE: 0.582 (Best @ 33: {{0.786}}, 0.792, 0.790, 0.628)
--------------------------------------------------------------------------------------------------------------------------
Epoch 49/50
Training one epoch in 24.502 s
[DEV]   QWK:  0.809, PRS: 0.810, SPR: 0.812, RMSE: 0.605, (Best @ 33: {{0.820}}, 0.822, 0.824, 0.586)
[TEST]  QWK:  0.793, PRS: 0.798, SPR: 0.806, RMSE: 0.615 (Best @ 33: {{0.786}}, 0.792, 0.790, 0.628)
--------------------------------------------------------------------------------------------------------------------------
Epoch 50/50
Training one epoch in 24.592 s
[DEV]   QWK:  0.795, PRS: 0.796, SPR: 0.793, RMSE: 0.607, (Best @ 33: {{0.820}}, 0.822, 0.824, 0.586)
[TEST]  QWK:  0.790, PRS: 0.790, SPR: 0.788, RMSE: 0.606 (Best @ 33: {{0.786}}, 0.792, 0.790, 0.628)
--------------------------------------------------------------------------------------------------------------------------
