X_train shape: (1099, 3350)
Initial evaluation: 
[DEV]   QWK:  0.000, PRS: 0.000, SPR: 0.000, RMSE: 4.475, (Best @ -1: {{0.000}}, 0.000, 0.000, 4.475)
[TEST]  QWK:  0.000, PRS: 0.000, SPR: 0.000, RMSE: 4.738 (Best @ -1: {{0.000}}, 0.000, 0.000, 4.738)
--------------------------------------------------------------------------------------------------------------------------
Train model
Epoch 1/50
Training one epoch in 35.713 s
[DEV]   QWK:  0.716, PRS: 0.758, SPR: 0.759, RMSE: 2.884, (Best @ 1: {{0.716}}, 0.758, 0.759, 2.884)
[TEST]  QWK:  0.746, PRS: 0.788, SPR: 0.781, RMSE: 2.926 (Best @ 1: {{0.746}}, 0.788, 0.781, 2.926)
--------------------------------------------------------------------------------------------------------------------------
Epoch 2/50
Training one epoch in 33.276 s
[DEV]   QWK:  0.684, PRS: 0.772, SPR: 0.775, RMSE: 3.152, (Best @ 1: {{0.716}}, 0.758, 0.759, 2.884)
[TEST]  QWK:  0.696, PRS: 0.773, SPR: 0.767, RMSE: 3.325 (Best @ 1: {{0.746}}, 0.788, 0.781, 2.926)
--------------------------------------------------------------------------------------------------------------------------
Epoch 3/50
Training one epoch in 33.070 s
[DEV]   QWK:  0.715, PRS: 0.788, SPR: 0.798, RMSE: 3.096, (Best @ 1: {{0.716}}, 0.758, 0.759, 2.884)
[TEST]  QWK:  0.736, PRS: 0.799, SPR: 0.795, RMSE: 3.079 (Best @ 1: {{0.746}}, 0.788, 0.781, 2.926)
--------------------------------------------------------------------------------------------------------------------------
Epoch 4/50
Training one epoch in 33.281 s
[DEV]   QWK:  0.782, PRS: 0.783, SPR: 0.796, RMSE: 2.758, (Best @ 4: {{0.782}}, 0.783, 0.796, 2.758)
[TEST]  QWK:  0.769, PRS: 0.782, SPR: 0.778, RMSE: 2.915 (Best @ 4: {{0.769}}, 0.782, 0.778, 2.915)
--------------------------------------------------------------------------------------------------------------------------
Epoch 5/50
Training one epoch in 33.220 s
[DEV]   QWK:  0.766, PRS: 0.793, SPR: 0.800, RMSE: 2.631, (Best @ 4: {{0.782}}, 0.783, 0.796, 2.758)
[TEST]  QWK:  0.757, PRS: 0.794, SPR: 0.789, RMSE: 2.830 (Best @ 4: {{0.769}}, 0.782, 0.778, 2.915)
--------------------------------------------------------------------------------------------------------------------------
Epoch 6/50
Training one epoch in 32.820 s
[DEV]   QWK:  0.776, PRS: 0.790, SPR: 0.799, RMSE: 2.725, (Best @ 4: {{0.782}}, 0.783, 0.796, 2.758)
[TEST]  QWK:  0.770, PRS: 0.788, SPR: 0.786, RMSE: 2.857 (Best @ 4: {{0.769}}, 0.782, 0.778, 2.915)
--------------------------------------------------------------------------------------------------------------------------
Epoch 7/50
Training one epoch in 32.885 s
[DEV]   QWK:  0.717, PRS: 0.792, SPR: 0.805, RMSE: 3.111, (Best @ 4: {{0.782}}, 0.783, 0.796, 2.758)
[TEST]  QWK:  0.730, PRS: 0.790, SPR: 0.785, RMSE: 3.116 (Best @ 4: {{0.769}}, 0.782, 0.778, 2.915)
--------------------------------------------------------------------------------------------------------------------------
Epoch 8/50
Training one epoch in 33.079 s
[DEV]   QWK:  0.695, PRS: 0.787, SPR: 0.800, RMSE: 3.283, (Best @ 4: {{0.782}}, 0.783, 0.796, 2.758)
[TEST]  QWK:  0.713, PRS: 0.784, SPR: 0.778, RMSE: 3.255 (Best @ 4: {{0.769}}, 0.782, 0.778, 2.915)
--------------------------------------------------------------------------------------------------------------------------
Epoch 9/50
Training one epoch in 33.330 s
[DEV]   QWK:  0.786, PRS: 0.797, SPR: 0.808, RMSE: 2.605, (Best @ 9: {{0.786}}, 0.797, 0.808, 2.605)
[TEST]  QWK:  0.778, PRS: 0.798, SPR: 0.795, RMSE: 2.799 (Best @ 9: {{0.778}}, 0.798, 0.795, 2.799)
--------------------------------------------------------------------------------------------------------------------------
Epoch 10/50
Training one epoch in 33.091 s
[DEV]   QWK:  0.789, PRS: 0.814, SPR: 0.820, RMSE: 2.617, (Best @ 10: {{0.789}}, 0.814, 0.820, 2.617)
[TEST]  QWK:  0.779, PRS: 0.804, SPR: 0.804, RMSE: 2.815 (Best @ 10: {{0.779}}, 0.804, 0.804, 2.815)
--------------------------------------------------------------------------------------------------------------------------
Epoch 11/50
Training one epoch in 33.320 s
[DEV]   QWK:  0.774, PRS: 0.800, SPR: 0.812, RMSE: 2.600, (Best @ 10: {{0.789}}, 0.814, 0.820, 2.617)
[TEST]  QWK:  0.757, PRS: 0.798, SPR: 0.796, RMSE: 2.880 (Best @ 10: {{0.779}}, 0.804, 0.804, 2.815)
--------------------------------------------------------------------------------------------------------------------------
Epoch 12/50
Training one epoch in 33.358 s
[DEV]   QWK:  0.800, PRS: 0.809, SPR: 0.820, RMSE: 2.529, (Best @ 12: {{0.800}}, 0.809, 0.820, 2.529)
[TEST]  QWK:  0.786, PRS: 0.801, SPR: 0.801, RMSE: 2.788 (Best @ 12: {{0.786}}, 0.801, 0.801, 2.788)
--------------------------------------------------------------------------------------------------------------------------
Epoch 13/50
Training one epoch in 33.255 s
[DEV]   QWK:  0.795, PRS: 0.803, SPR: 0.813, RMSE: 2.617, (Best @ 12: {{0.800}}, 0.809, 0.820, 2.529)
[TEST]  QWK:  0.788, PRS: 0.800, SPR: 0.799, RMSE: 2.779 (Best @ 12: {{0.786}}, 0.801, 0.801, 2.788)
--------------------------------------------------------------------------------------------------------------------------
Epoch 14/50
Training one epoch in 33.297 s
[DEV]   QWK:  0.796, PRS: 0.807, SPR: 0.816, RMSE: 2.689, (Best @ 12: {{0.800}}, 0.809, 0.820, 2.529)
[TEST]  QWK:  0.791, PRS: 0.799, SPR: 0.794, RMSE: 2.836 (Best @ 12: {{0.786}}, 0.801, 0.801, 2.788)
--------------------------------------------------------------------------------------------------------------------------
Epoch 15/50
Training one epoch in 33.353 s
[DEV]   QWK:  0.791, PRS: 0.808, SPR: 0.819, RMSE: 2.548, (Best @ 12: {{0.800}}, 0.809, 0.820, 2.529)
[TEST]  QWK:  0.781, PRS: 0.800, SPR: 0.800, RMSE: 2.780 (Best @ 12: {{0.786}}, 0.801, 0.801, 2.788)
--------------------------------------------------------------------------------------------------------------------------
Epoch 16/50
Training one epoch in 33.101 s
[DEV]   QWK:  0.789, PRS: 0.808, SPR: 0.817, RMSE: 2.532, (Best @ 12: {{0.800}}, 0.809, 0.820, 2.529)
[TEST]  QWK:  0.785, PRS: 0.807, SPR: 0.804, RMSE: 2.737 (Best @ 12: {{0.786}}, 0.801, 0.801, 2.788)
--------------------------------------------------------------------------------------------------------------------------
Epoch 17/50
Training one epoch in 33.322 s
[DEV]   QWK:  0.797, PRS: 0.813, SPR: 0.824, RMSE: 2.541, (Best @ 12: {{0.800}}, 0.809, 0.820, 2.529)
[TEST]  QWK:  0.793, PRS: 0.814, SPR: 0.810, RMSE: 2.701 (Best @ 12: {{0.786}}, 0.801, 0.801, 2.788)
--------------------------------------------------------------------------------------------------------------------------
Epoch 18/50
Training one epoch in 33.362 s
[DEV]   QWK:  0.702, PRS: 0.785, SPR: 0.817, RMSE: 3.440, (Best @ 12: {{0.800}}, 0.809, 0.820, 2.529)
[TEST]  QWK:  0.694, PRS: 0.792, SPR: 0.805, RMSE: 3.702 (Best @ 12: {{0.786}}, 0.801, 0.801, 2.788)
--------------------------------------------------------------------------------------------------------------------------
Epoch 19/50
Training one epoch in 32.984 s
[DEV]   QWK:  0.796, PRS: 0.800, SPR: 0.820, RMSE: 2.698, (Best @ 12: {{0.800}}, 0.809, 0.820, 2.529)
[TEST]  QWK:  0.786, PRS: 0.799, SPR: 0.800, RMSE: 2.922 (Best @ 12: {{0.786}}, 0.801, 0.801, 2.788)
--------------------------------------------------------------------------------------------------------------------------
Epoch 20/50
Training one epoch in 33.131 s
[DEV]   QWK:  0.799, PRS: 0.807, SPR: 0.816, RMSE: 2.622, (Best @ 12: {{0.800}}, 0.809, 0.820, 2.529)
[TEST]  QWK:  0.795, PRS: 0.812, SPR: 0.810, RMSE: 2.808 (Best @ 12: {{0.786}}, 0.801, 0.801, 2.788)
--------------------------------------------------------------------------------------------------------------------------
Epoch 21/50
Training one epoch in 33.009 s
[DEV]   QWK:  0.792, PRS: 0.808, SPR: 0.819, RMSE: 2.626, (Best @ 12: {{0.800}}, 0.809, 0.820, 2.529)
[TEST]  QWK:  0.799, PRS: 0.815, SPR: 0.810, RMSE: 2.726 (Best @ 12: {{0.786}}, 0.801, 0.801, 2.788)
--------------------------------------------------------------------------------------------------------------------------
Epoch 22/50
Training one epoch in 33.155 s
[DEV]   QWK:  0.807, PRS: 0.809, SPR: 0.820, RMSE: 2.577, (Best @ 22: {{0.807}}, 0.809, 0.820, 2.577)
[TEST]  QWK:  0.813, PRS: 0.818, SPR: 0.817, RMSE: 2.691 (Best @ 22: {{0.813}}, 0.818, 0.817, 2.691)
--------------------------------------------------------------------------------------------------------------------------
Epoch 23/50
Training one epoch in 33.261 s
[DEV]   QWK:  0.796, PRS: 0.810, SPR: 0.825, RMSE: 2.601, (Best @ 22: {{0.807}}, 0.809, 0.820, 2.577)
[TEST]  QWK:  0.804, PRS: 0.818, SPR: 0.816, RMSE: 2.689 (Best @ 22: {{0.813}}, 0.818, 0.817, 2.691)
--------------------------------------------------------------------------------------------------------------------------
Epoch 24/50
Training one epoch in 33.241 s
[DEV]   QWK:  0.779, PRS: 0.799, SPR: 0.824, RMSE: 2.859, (Best @ 22: {{0.807}}, 0.809, 0.820, 2.577)
[TEST]  QWK:  0.781, PRS: 0.807, SPR: 0.810, RMSE: 3.007 (Best @ 22: {{0.813}}, 0.818, 0.817, 2.691)
--------------------------------------------------------------------------------------------------------------------------
Epoch 25/50
Training one epoch in 33.288 s
[DEV]   QWK:  0.793, PRS: 0.800, SPR: 0.815, RMSE: 2.657, (Best @ 22: {{0.807}}, 0.809, 0.820, 2.577)
[TEST]  QWK:  0.805, PRS: 0.813, SPR: 0.808, RMSE: 2.713 (Best @ 22: {{0.813}}, 0.818, 0.817, 2.691)
--------------------------------------------------------------------------------------------------------------------------
Epoch 26/50
Training one epoch in 33.122 s
[DEV]   QWK:  0.802, PRS: 0.803, SPR: 0.816, RMSE: 2.628, (Best @ 22: {{0.807}}, 0.809, 0.820, 2.577)
[TEST]  QWK:  0.810, PRS: 0.814, SPR: 0.807, RMSE: 2.729 (Best @ 22: {{0.813}}, 0.818, 0.817, 2.691)
--------------------------------------------------------------------------------------------------------------------------
Epoch 27/50
Training one epoch in 33.415 s
[DEV]   QWK:  0.788, PRS: 0.805, SPR: 0.823, RMSE: 2.551, (Best @ 22: {{0.807}}, 0.809, 0.820, 2.577)
[TEST]  QWK:  0.793, PRS: 0.815, SPR: 0.816, RMSE: 2.683 (Best @ 22: {{0.813}}, 0.818, 0.817, 2.691)
--------------------------------------------------------------------------------------------------------------------------
Epoch 28/50
Training one epoch in 33.129 s
[DEV]   QWK:  0.761, PRS: 0.802, SPR: 0.823, RMSE: 3.024, (Best @ 22: {{0.807}}, 0.809, 0.820, 2.577)
[TEST]  QWK:  0.767, PRS: 0.815, SPR: 0.812, RMSE: 3.169 (Best @ 22: {{0.813}}, 0.818, 0.817, 2.691)
--------------------------------------------------------------------------------------------------------------------------
Epoch 29/50
Training one epoch in 33.360 s
[DEV]   QWK:  0.785, PRS: 0.812, SPR: 0.826, RMSE: 2.818, (Best @ 22: {{0.807}}, 0.809, 0.820, 2.577)
[TEST]  QWK:  0.799, PRS: 0.818, SPR: 0.815, RMSE: 2.850 (Best @ 22: {{0.813}}, 0.818, 0.817, 2.691)
--------------------------------------------------------------------------------------------------------------------------
Epoch 30/50
Training one epoch in 33.260 s
[DEV]   QWK:  0.802, PRS: 0.816, SPR: 0.832, RMSE: 2.518, (Best @ 22: {{0.807}}, 0.809, 0.820, 2.577)
[TEST]  QWK:  0.799, PRS: 0.814, SPR: 0.811, RMSE: 2.706 (Best @ 22: {{0.813}}, 0.818, 0.817, 2.691)
--------------------------------------------------------------------------------------------------------------------------
Epoch 31/50
Training one epoch in 33.285 s
[DEV]   QWK:  0.768, PRS: 0.799, SPR: 0.816, RMSE: 2.737, (Best @ 22: {{0.807}}, 0.809, 0.820, 2.577)
[TEST]  QWK:  0.791, PRS: 0.827, SPR: 0.824, RMSE: 2.782 (Best @ 22: {{0.813}}, 0.818, 0.817, 2.691)
--------------------------------------------------------------------------------------------------------------------------
Epoch 32/50
Training one epoch in 33.453 s
[DEV]   QWK:  0.809, PRS: 0.813, SPR: 0.831, RMSE: 2.545, (Best @ 32: {{0.809}}, 0.813, 0.831, 2.545)
[TEST]  QWK:  0.818, PRS: 0.824, SPR: 0.820, RMSE: 2.637 (Best @ 32: {{0.818}}, 0.824, 0.820, 2.637)
--------------------------------------------------------------------------------------------------------------------------
Epoch 33/50
Training one epoch in 33.078 s
[DEV]   QWK:  0.807, PRS: 0.809, SPR: 0.827, RMSE: 2.596, (Best @ 32: {{0.809}}, 0.813, 0.831, 2.545)
[TEST]  QWK:  0.817, PRS: 0.820, SPR: 0.812, RMSE: 2.679 (Best @ 32: {{0.818}}, 0.824, 0.820, 2.637)
--------------------------------------------------------------------------------------------------------------------------
Epoch 34/50
Training one epoch in 33.164 s
[DEV]   QWK:  0.781, PRS: 0.796, SPR: 0.811, RMSE: 2.865, (Best @ 32: {{0.809}}, 0.813, 0.831, 2.545)
[TEST]  QWK:  0.808, PRS: 0.825, SPR: 0.822, RMSE: 2.848 (Best @ 32: {{0.818}}, 0.824, 0.820, 2.637)
--------------------------------------------------------------------------------------------------------------------------
Epoch 35/50
Training one epoch in 33.042 s
[DEV]   QWK:  0.803, PRS: 0.806, SPR: 0.819, RMSE: 2.632, (Best @ 32: {{0.809}}, 0.813, 0.831, 2.545)
[TEST]  QWK:  0.818, PRS: 0.822, SPR: 0.813, RMSE: 2.679 (Best @ 32: {{0.818}}, 0.824, 0.820, 2.637)
--------------------------------------------------------------------------------------------------------------------------
Epoch 36/50
Training one epoch in 33.171 s
[DEV]   QWK:  0.796, PRS: 0.808, SPR: 0.821, RMSE: 2.583, (Best @ 32: {{0.809}}, 0.813, 0.831, 2.545)
[TEST]  QWK:  0.808, PRS: 0.824, SPR: 0.817, RMSE: 2.681 (Best @ 32: {{0.818}}, 0.824, 0.820, 2.637)
--------------------------------------------------------------------------------------------------------------------------
Epoch 37/50
Training one epoch in 33.233 s
[DEV]   QWK:  0.795, PRS: 0.797, SPR: 0.817, RMSE: 2.681, (Best @ 32: {{0.809}}, 0.813, 0.831, 2.545)
[TEST]  QWK:  0.812, PRS: 0.814, SPR: 0.811, RMSE: 2.740 (Best @ 32: {{0.818}}, 0.824, 0.820, 2.637)
--------------------------------------------------------------------------------------------------------------------------
Epoch 38/50
Training one epoch in 33.146 s
[DEV]   QWK:  0.796, PRS: 0.800, SPR: 0.820, RMSE: 2.626, (Best @ 32: {{0.809}}, 0.813, 0.831, 2.545)
[TEST]  QWK:  0.813, PRS: 0.821, SPR: 0.812, RMSE: 2.681 (Best @ 32: {{0.818}}, 0.824, 0.820, 2.637)
--------------------------------------------------------------------------------------------------------------------------
Epoch 39/50
Training one epoch in 33.502 s
[DEV]   QWK:  0.779, PRS: 0.797, SPR: 0.819, RMSE: 2.774, (Best @ 32: {{0.809}}, 0.813, 0.831, 2.545)
[TEST]  QWK:  0.790, PRS: 0.804, SPR: 0.802, RMSE: 2.858 (Best @ 32: {{0.818}}, 0.824, 0.820, 2.637)
--------------------------------------------------------------------------------------------------------------------------
Epoch 40/50
Training one epoch in 33.314 s
[DEV]   QWK:  0.781, PRS: 0.792, SPR: 0.811, RMSE: 2.671, (Best @ 32: {{0.809}}, 0.813, 0.831, 2.545)
[TEST]  QWK:  0.800, PRS: 0.815, SPR: 0.809, RMSE: 2.729 (Best @ 32: {{0.818}}, 0.824, 0.820, 2.637)
--------------------------------------------------------------------------------------------------------------------------
Epoch 41/50
Training one epoch in 33.397 s
[DEV]   QWK:  0.790, PRS: 0.792, SPR: 0.810, RMSE: 2.733, (Best @ 32: {{0.809}}, 0.813, 0.831, 2.545)
[TEST]  QWK:  0.807, PRS: 0.811, SPR: 0.806, RMSE: 2.785 (Best @ 32: {{0.818}}, 0.824, 0.820, 2.637)
--------------------------------------------------------------------------------------------------------------------------
Epoch 42/50
Training one epoch in 33.483 s
[DEV]   QWK:  0.799, PRS: 0.803, SPR: 0.817, RMSE: 2.640, (Best @ 32: {{0.809}}, 0.813, 0.831, 2.545)
[TEST]  QWK:  0.809, PRS: 0.815, SPR: 0.807, RMSE: 2.727 (Best @ 32: {{0.818}}, 0.824, 0.820, 2.637)
--------------------------------------------------------------------------------------------------------------------------
Epoch 43/50
Training one epoch in 33.339 s
[DEV]   QWK:  0.776, PRS: 0.793, SPR: 0.814, RMSE: 2.819, (Best @ 32: {{0.809}}, 0.813, 0.831, 2.545)
[TEST]  QWK:  0.803, PRS: 0.815, SPR: 0.809, RMSE: 2.817 (Best @ 32: {{0.818}}, 0.824, 0.820, 2.637)
--------------------------------------------------------------------------------------------------------------------------
Epoch 44/50
Training one epoch in 33.471 s
[DEV]   QWK:  0.776, PRS: 0.783, SPR: 0.807, RMSE: 2.704, (Best @ 32: {{0.809}}, 0.813, 0.831, 2.545)
[TEST]  QWK:  0.803, PRS: 0.811, SPR: 0.804, RMSE: 2.729 (Best @ 32: {{0.818}}, 0.824, 0.820, 2.637)
--------------------------------------------------------------------------------------------------------------------------
Epoch 45/50
Training one epoch in 33.114 s
[DEV]   QWK:  0.766, PRS: 0.785, SPR: 0.806, RMSE: 2.763, (Best @ 32: {{0.809}}, 0.813, 0.831, 2.545)
[TEST]  QWK:  0.792, PRS: 0.817, SPR: 0.812, RMSE: 2.790 (Best @ 32: {{0.818}}, 0.824, 0.820, 2.637)
--------------------------------------------------------------------------------------------------------------------------
Epoch 46/50
Training one epoch in 33.341 s
[DEV]   QWK:  0.786, PRS: 0.798, SPR: 0.818, RMSE: 2.669, (Best @ 32: {{0.809}}, 0.813, 0.831, 2.545)
[TEST]  QWK:  0.807, PRS: 0.819, SPR: 0.818, RMSE: 2.703 (Best @ 32: {{0.818}}, 0.824, 0.820, 2.637)
--------------------------------------------------------------------------------------------------------------------------
Epoch 47/50
Training one epoch in 33.265 s
[DEV]   QWK:  0.783, PRS: 0.795, SPR: 0.819, RMSE: 2.789, (Best @ 32: {{0.809}}, 0.813, 0.831, 2.545)
[TEST]  QWK:  0.804, PRS: 0.820, SPR: 0.817, RMSE: 2.816 (Best @ 32: {{0.818}}, 0.824, 0.820, 2.637)
--------------------------------------------------------------------------------------------------------------------------
Epoch 48/50
Training one epoch in 33.548 s
[DEV]   QWK:  0.790, PRS: 0.797, SPR: 0.817, RMSE: 2.722, (Best @ 32: {{0.809}}, 0.813, 0.831, 2.545)
[TEST]  QWK:  0.817, PRS: 0.825, SPR: 0.822, RMSE: 2.732 (Best @ 32: {{0.818}}, 0.824, 0.820, 2.637)
--------------------------------------------------------------------------------------------------------------------------
Epoch 49/50
Training one epoch in 33.372 s
[DEV]   QWK:  0.782, PRS: 0.790, SPR: 0.803, RMSE: 2.661, (Best @ 32: {{0.809}}, 0.813, 0.831, 2.545)
[TEST]  QWK:  0.805, PRS: 0.814, SPR: 0.806, RMSE: 2.697 (Best @ 32: {{0.818}}, 0.824, 0.820, 2.637)
--------------------------------------------------------------------------------------------------------------------------
Epoch 50/50
Training one epoch in 33.351 s
[DEV]   QWK:  0.746, PRS: 0.787, SPR: 0.811, RMSE: 2.935, (Best @ 32: {{0.809}}, 0.813, 0.831, 2.545)
[TEST]  QWK:  0.783, PRS: 0.817, SPR: 0.815, RMSE: 2.938 (Best @ 32: {{0.818}}, 0.824, 0.820, 2.637)
--------------------------------------------------------------------------------------------------------------------------
