X_train shape: (1260, 1050)
Initial evaluation: 
[DEV]   QWK:  0.000, PRS: 0.000, SPR: 0.000, RMSE: 1.180, (Best @ -1: {{0.000}}, 0.000, 0.000, 1.180)
[TEST]  QWK:  0.000, PRS: 0.000, SPR: 0.000, RMSE: 1.269 (Best @ -1: {{0.000}}, 0.000, 0.000, 1.269)
--------------------------------------------------------------------------------------------------------------------------
Train model
Epoch 1/50
Training one epoch in 25.859 s
[DEV]   QWK:  0.630, PRS: 0.691, SPR: 0.664, RMSE: 0.773, (Best @ 1: {{0.630}}, 0.691, 0.664, 0.773)
[TEST]  QWK:  0.656, PRS: 0.746, SPR: 0.709, RMSE: 0.810 (Best @ 1: {{0.656}}, 0.746, 0.709, 0.810)
--------------------------------------------------------------------------------------------------------------------------
Epoch 2/50
Training one epoch in 23.307 s
[DEV]   QWK:  0.702, PRS: 0.727, SPR: 0.708, RMSE: 0.662, (Best @ 2: {{0.702}}, 0.727, 0.708, 0.662)
[TEST]  QWK:  0.723, PRS: 0.768, SPR: 0.754, RMSE: 0.699 (Best @ 2: {{0.723}}, 0.768, 0.754, 0.699)
--------------------------------------------------------------------------------------------------------------------------
Epoch 3/50
Training one epoch in 23.330 s
[DEV]   QWK:  0.742, PRS: 0.776, SPR: 0.750, RMSE: 0.656, (Best @ 3: {{0.742}}, 0.776, 0.750, 0.656)
[TEST]  QWK:  0.755, PRS: 0.818, SPR: 0.798, RMSE: 0.695 (Best @ 3: {{0.755}}, 0.818, 0.798, 0.695)
--------------------------------------------------------------------------------------------------------------------------
Epoch 4/50
Training one epoch in 23.322 s
[DEV]   QWK:  0.749, PRS: 0.765, SPR: 0.754, RMSE: 0.624, (Best @ 4: {{0.749}}, 0.765, 0.754, 0.624)
[TEST]  QWK:  0.797, PRS: 0.824, SPR: 0.814, RMSE: 0.610 (Best @ 4: {{0.797}}, 0.824, 0.814, 0.610)
--------------------------------------------------------------------------------------------------------------------------
Epoch 5/50
Training one epoch in 23.258 s
[DEV]   QWK:  0.776, PRS: 0.786, SPR: 0.787, RMSE: 0.599, (Best @ 5: {{0.776}}, 0.786, 0.787, 0.599)
[TEST]  QWK:  0.800, PRS: 0.819, SPR: 0.814, RMSE: 0.619 (Best @ 5: {{0.800}}, 0.819, 0.814, 0.619)
--------------------------------------------------------------------------------------------------------------------------
Epoch 6/50
Training one epoch in 23.323 s
[DEV]   QWK:  0.744, PRS: 0.773, SPR: 0.768, RMSE: 0.612, (Best @ 5: {{0.776}}, 0.786, 0.787, 0.599)
[TEST]  QWK:  0.762, PRS: 0.799, SPR: 0.783, RMSE: 0.645 (Best @ 5: {{0.800}}, 0.819, 0.814, 0.619)
--------------------------------------------------------------------------------------------------------------------------
Epoch 7/50
Training one epoch in 23.309 s
[DEV]   QWK:  0.790, PRS: 0.798, SPR: 0.797, RMSE: 0.582, (Best @ 7: {{0.790}}, 0.798, 0.797, 0.582)
[TEST]  QWK:  0.816, PRS: 0.832, SPR: 0.819, RMSE: 0.601 (Best @ 7: {{0.816}}, 0.832, 0.819, 0.601)
--------------------------------------------------------------------------------------------------------------------------
Epoch 8/50
Training one epoch in 23.315 s
[DEV]   QWK:  0.723, PRS: 0.783, SPR: 0.801, RMSE: 0.697, (Best @ 7: {{0.790}}, 0.798, 0.797, 0.582)
[TEST]  QWK:  0.784, PRS: 0.822, SPR: 0.803, RMSE: 0.658 (Best @ 7: {{0.816}}, 0.832, 0.819, 0.601)
--------------------------------------------------------------------------------------------------------------------------
Epoch 9/50
Training one epoch in 23.370 s
[DEV]   QWK:  0.782, PRS: 0.792, SPR: 0.802, RMSE: 0.599, (Best @ 7: {{0.790}}, 0.798, 0.797, 0.582)
[TEST]  QWK:  0.808, PRS: 0.819, SPR: 0.801, RMSE: 0.615 (Best @ 7: {{0.816}}, 0.832, 0.819, 0.601)
--------------------------------------------------------------------------------------------------------------------------
Epoch 10/50
Training one epoch in 23.374 s
[DEV]   QWK:  0.793, PRS: 0.800, SPR: 0.807, RMSE: 0.582, (Best @ 10: {{0.793}}, 0.800, 0.807, 0.582)
[TEST]  QWK:  0.811, PRS: 0.826, SPR: 0.811, RMSE: 0.610 (Best @ 10: {{0.811}}, 0.826, 0.811, 0.610)
--------------------------------------------------------------------------------------------------------------------------
Epoch 11/50
Training one epoch in 23.330 s
[DEV]   QWK:  0.760, PRS: 0.788, SPR: 0.798, RMSE: 0.606, (Best @ 10: {{0.793}}, 0.800, 0.807, 0.582)
[TEST]  QWK:  0.780, PRS: 0.806, SPR: 0.788, RMSE: 0.632 (Best @ 10: {{0.811}}, 0.826, 0.811, 0.610)
--------------------------------------------------------------------------------------------------------------------------
Epoch 12/50
Training one epoch in 23.265 s
[DEV]   QWK:  0.808, PRS: 0.811, SPR: 0.815, RMSE: 0.573, (Best @ 12: {{0.808}}, 0.811, 0.815, 0.573)
[TEST]  QWK:  0.823, PRS: 0.834, SPR: 0.812, RMSE: 0.601 (Best @ 12: {{0.823}}, 0.834, 0.812, 0.601)
--------------------------------------------------------------------------------------------------------------------------
Epoch 13/50
Training one epoch in 23.281 s
[DEV]   QWK:  0.765, PRS: 0.778, SPR: 0.774, RMSE: 0.658, (Best @ 12: {{0.808}}, 0.811, 0.815, 0.573)
[TEST]  QWK:  0.806, PRS: 0.836, SPR: 0.815, RMSE: 0.645 (Best @ 12: {{0.823}}, 0.834, 0.812, 0.601)
--------------------------------------------------------------------------------------------------------------------------
Epoch 14/50
Training one epoch in 23.357 s
[DEV]   QWK:  0.813, PRS: 0.816, SPR: 0.826, RMSE: 0.565, (Best @ 14: {{0.813}}, 0.816, 0.826, 0.565)
[TEST]  QWK:  0.824, PRS: 0.833, SPR: 0.810, RMSE: 0.601 (Best @ 14: {{0.824}}, 0.833, 0.810, 0.601)
--------------------------------------------------------------------------------------------------------------------------
Epoch 15/50
Training one epoch in 23.340 s
[DEV]   QWK:  0.813, PRS: 0.814, SPR: 0.802, RMSE: 0.589, (Best @ 15: {{0.813}}, 0.814, 0.802, 0.589)
[TEST]  QWK:  0.835, PRS: 0.847, SPR: 0.816, RMSE: 0.596 (Best @ 15: {{0.835}}, 0.847, 0.816, 0.596)
--------------------------------------------------------------------------------------------------------------------------
Epoch 16/50
Training one epoch in 23.149 s
[DEV]   QWK:  0.802, PRS: 0.808, SPR: 0.793, RMSE: 0.615, (Best @ 15: {{0.813}}, 0.814, 0.802, 0.589)
[TEST]  QWK:  0.833, PRS: 0.851, SPR: 0.819, RMSE: 0.610 (Best @ 15: {{0.835}}, 0.847, 0.816, 0.596)
--------------------------------------------------------------------------------------------------------------------------
Epoch 17/50
Training one epoch in 23.364 s
[DEV]   QWK:  0.820, PRS: 0.829, SPR: 0.824, RMSE: 0.596, (Best @ 17: {{0.820}}, 0.829, 0.824, 0.596)
[TEST]  QWK:  0.831, PRS: 0.831, SPR: 0.801, RMSE: 0.615 (Best @ 17: {{0.831}}, 0.831, 0.801, 0.615)
--------------------------------------------------------------------------------------------------------------------------
Epoch 18/50
Training one epoch in 23.311 s
[DEV]   QWK:  0.788, PRS: 0.795, SPR: 0.804, RMSE: 0.587, (Best @ 17: {{0.820}}, 0.829, 0.824, 0.596)
[TEST]  QWK:  0.800, PRS: 0.817, SPR: 0.790, RMSE: 0.624 (Best @ 17: {{0.831}}, 0.831, 0.801, 0.615)
--------------------------------------------------------------------------------------------------------------------------
Epoch 19/50
Training one epoch in 23.171 s
[DEV]   QWK:  0.803, PRS: 0.808, SPR: 0.794, RMSE: 0.608, (Best @ 17: {{0.820}}, 0.829, 0.824, 0.596)
[TEST]  QWK:  0.832, PRS: 0.853, SPR: 0.832, RMSE: 0.601 (Best @ 17: {{0.831}}, 0.831, 0.801, 0.615)
--------------------------------------------------------------------------------------------------------------------------
Epoch 20/50
Training one epoch in 23.332 s
[DEV]   QWK:  0.802, PRS: 0.805, SPR: 0.820, RMSE: 0.585, (Best @ 17: {{0.820}}, 0.829, 0.824, 0.596)
[TEST]  QWK:  0.814, PRS: 0.824, SPR: 0.799, RMSE: 0.624 (Best @ 17: {{0.831}}, 0.831, 0.801, 0.615)
--------------------------------------------------------------------------------------------------------------------------
Epoch 21/50
Training one epoch in 23.303 s
[DEV]   QWK:  0.808, PRS: 0.809, SPR: 0.802, RMSE: 0.587, (Best @ 17: {{0.820}}, 0.829, 0.824, 0.596)
[TEST]  QWK:  0.846, PRS: 0.854, SPR: 0.823, RMSE: 0.573 (Best @ 17: {{0.831}}, 0.831, 0.801, 0.615)
--------------------------------------------------------------------------------------------------------------------------
Epoch 22/50
Training one epoch in 23.270 s
[DEV]   QWK:  0.813, PRS: 0.816, SPR: 0.810, RMSE: 0.565, (Best @ 17: {{0.820}}, 0.829, 0.824, 0.596)
[TEST]  QWK:  0.814, PRS: 0.827, SPR: 0.790, RMSE: 0.615 (Best @ 17: {{0.831}}, 0.831, 0.801, 0.615)
--------------------------------------------------------------------------------------------------------------------------
Epoch 23/50
Training one epoch in 23.325 s
[DEV]   QWK:  0.815, PRS: 0.818, SPR: 0.809, RMSE: 0.568, (Best @ 17: {{0.820}}, 0.829, 0.824, 0.596)
[TEST]  QWK:  0.834, PRS: 0.842, SPR: 0.813, RMSE: 0.587 (Best @ 17: {{0.831}}, 0.831, 0.801, 0.615)
--------------------------------------------------------------------------------------------------------------------------
Epoch 24/50
Training one epoch in 23.218 s
[DEV]   QWK:  0.792, PRS: 0.793, SPR: 0.802, RMSE: 0.608, (Best @ 17: {{0.820}}, 0.829, 0.824, 0.596)
[TEST]  QWK:  0.817, PRS: 0.832, SPR: 0.810, RMSE: 0.615 (Best @ 17: {{0.831}}, 0.831, 0.801, 0.615)
--------------------------------------------------------------------------------------------------------------------------
Epoch 25/50
Training one epoch in 23.319 s
[DEV]   QWK:  0.797, PRS: 0.798, SPR: 0.793, RMSE: 0.599, (Best @ 17: {{0.820}}, 0.829, 0.824, 0.596)
[TEST]  QWK:  0.817, PRS: 0.832, SPR: 0.814, RMSE: 0.615 (Best @ 17: {{0.831}}, 0.831, 0.801, 0.615)
--------------------------------------------------------------------------------------------------------------------------
Epoch 26/50
Training one epoch in 23.297 s
[DEV]   QWK:  0.810, PRS: 0.812, SPR: 0.808, RMSE: 0.580, (Best @ 17: {{0.820}}, 0.829, 0.824, 0.596)
[TEST]  QWK:  0.846, PRS: 0.858, SPR: 0.831, RMSE: 0.573 (Best @ 17: {{0.831}}, 0.831, 0.801, 0.615)
--------------------------------------------------------------------------------------------------------------------------
Epoch 27/50
Training one epoch in 23.338 s
[DEV]   QWK:  0.799, PRS: 0.805, SPR: 0.789, RMSE: 0.617, (Best @ 17: {{0.820}}, 0.829, 0.824, 0.596)
[TEST]  QWK:  0.828, PRS: 0.853, SPR: 0.821, RMSE: 0.615 (Best @ 17: {{0.831}}, 0.831, 0.801, 0.615)
--------------------------------------------------------------------------------------------------------------------------
Epoch 28/50
Training one epoch in 23.383 s
[DEV]   QWK:  0.808, PRS: 0.814, SPR: 0.813, RMSE: 0.601, (Best @ 17: {{0.820}}, 0.829, 0.824, 0.596)
[TEST]  QWK:  0.810, PRS: 0.812, SPR: 0.771, RMSE: 0.641 (Best @ 17: {{0.831}}, 0.831, 0.801, 0.615)
--------------------------------------------------------------------------------------------------------------------------
Epoch 29/50
Training one epoch in 23.342 s
[DEV]   QWK:  0.811, PRS: 0.812, SPR: 0.806, RMSE: 0.577, (Best @ 17: {{0.820}}, 0.829, 0.824, 0.596)
[TEST]  QWK:  0.803, PRS: 0.820, SPR: 0.791, RMSE: 0.628 (Best @ 17: {{0.831}}, 0.831, 0.801, 0.615)
--------------------------------------------------------------------------------------------------------------------------
Epoch 30/50
Training one epoch in 23.244 s
[DEV]   QWK:  0.767, PRS: 0.807, SPR: 0.783, RMSE: 0.693, (Best @ 17: {{0.820}}, 0.829, 0.824, 0.596)
[TEST]  QWK:  0.786, PRS: 0.841, SPR: 0.798, RMSE: 0.711 (Best @ 17: {{0.831}}, 0.831, 0.801, 0.615)
--------------------------------------------------------------------------------------------------------------------------
Epoch 31/50
Training one epoch in 23.346 s
[DEV]   QWK:  0.805, PRS: 0.809, SPR: 0.789, RMSE: 0.606, (Best @ 17: {{0.820}}, 0.829, 0.824, 0.596)
[TEST]  QWK:  0.816, PRS: 0.842, SPR: 0.810, RMSE: 0.624 (Best @ 17: {{0.831}}, 0.831, 0.801, 0.615)
--------------------------------------------------------------------------------------------------------------------------
Epoch 32/50
Training one epoch in 23.345 s
[DEV]   QWK:  0.792, PRS: 0.796, SPR: 0.791, RMSE: 0.601, (Best @ 17: {{0.820}}, 0.829, 0.824, 0.596)
[TEST]  QWK:  0.819, PRS: 0.844, SPR: 0.822, RMSE: 0.606 (Best @ 17: {{0.831}}, 0.831, 0.801, 0.615)
--------------------------------------------------------------------------------------------------------------------------
Epoch 33/50
Training one epoch in 23.439 s
[DEV]   QWK:  0.800, PRS: 0.800, SPR: 0.788, RMSE: 0.603, (Best @ 17: {{0.820}}, 0.829, 0.824, 0.596)
[TEST]  QWK:  0.829, PRS: 0.841, SPR: 0.811, RMSE: 0.601 (Best @ 17: {{0.831}}, 0.831, 0.801, 0.615)
--------------------------------------------------------------------------------------------------------------------------
Epoch 34/50
Training one epoch in 23.341 s
[DEV]   QWK:  0.803, PRS: 0.804, SPR: 0.797, RMSE: 0.601, (Best @ 17: {{0.820}}, 0.829, 0.824, 0.596)
[TEST]  QWK:  0.815, PRS: 0.821, SPR: 0.790, RMSE: 0.624 (Best @ 17: {{0.831}}, 0.831, 0.801, 0.615)
--------------------------------------------------------------------------------------------------------------------------
Epoch 35/50
Training one epoch in 23.340 s
[DEV]   QWK:  0.802, PRS: 0.815, SPR: 0.810, RMSE: 0.601, (Best @ 17: {{0.820}}, 0.829, 0.824, 0.596)
[TEST]  QWK:  0.802, PRS: 0.805, SPR: 0.777, RMSE: 0.645 (Best @ 17: {{0.831}}, 0.831, 0.801, 0.615)
--------------------------------------------------------------------------------------------------------------------------
Epoch 36/50
Training one epoch in 23.408 s
[DEV]   QWK:  0.808, PRS: 0.815, SPR: 0.787, RMSE: 0.617, (Best @ 17: {{0.820}}, 0.829, 0.824, 0.596)
[TEST]  QWK:  0.815, PRS: 0.839, SPR: 0.801, RMSE: 0.637 (Best @ 17: {{0.831}}, 0.831, 0.801, 0.615)
--------------------------------------------------------------------------------------------------------------------------
Epoch 37/50
Training one epoch in 23.377 s
[DEV]   QWK:  0.806, PRS: 0.810, SPR: 0.783, RMSE: 0.601, (Best @ 17: {{0.820}}, 0.829, 0.824, 0.596)
[TEST]  QWK:  0.820, PRS: 0.846, SPR: 0.810, RMSE: 0.624 (Best @ 17: {{0.831}}, 0.831, 0.801, 0.615)
--------------------------------------------------------------------------------------------------------------------------
Epoch 38/50
Training one epoch in 23.388 s
[DEV]   QWK:  0.812, PRS: 0.813, SPR: 0.795, RMSE: 0.599, (Best @ 17: {{0.820}}, 0.829, 0.824, 0.596)
[TEST]  QWK:  0.833, PRS: 0.843, SPR: 0.812, RMSE: 0.606 (Best @ 17: {{0.831}}, 0.831, 0.801, 0.615)
--------------------------------------------------------------------------------------------------------------------------
Epoch 39/50
Training one epoch in 23.457 s
[DEV]   QWK:  0.805, PRS: 0.815, SPR: 0.794, RMSE: 0.612, (Best @ 17: {{0.820}}, 0.829, 0.824, 0.596)
[TEST]  QWK:  0.826, PRS: 0.854, SPR: 0.824, RMSE: 0.615 (Best @ 17: {{0.831}}, 0.831, 0.801, 0.615)
--------------------------------------------------------------------------------------------------------------------------
Epoch 40/50
Training one epoch in 23.469 s
[DEV]   QWK:  0.817, PRS: 0.817, SPR: 0.803, RMSE: 0.585, (Best @ 17: {{0.820}}, 0.829, 0.824, 0.596)
[TEST]  QWK:  0.811, PRS: 0.825, SPR: 0.791, RMSE: 0.624 (Best @ 17: {{0.831}}, 0.831, 0.801, 0.615)
--------------------------------------------------------------------------------------------------------------------------
Epoch 41/50
Training one epoch in 23.376 s
[DEV]   QWK:  0.806, PRS: 0.807, SPR: 0.792, RMSE: 0.612, (Best @ 17: {{0.820}}, 0.829, 0.824, 0.596)
[TEST]  QWK:  0.804, PRS: 0.815, SPR: 0.775, RMSE: 0.650 (Best @ 17: {{0.831}}, 0.831, 0.801, 0.615)
--------------------------------------------------------------------------------------------------------------------------
Epoch 42/50
Training one epoch in 23.409 s
[DEV]   QWK:  0.802, PRS: 0.804, SPR: 0.793, RMSE: 0.624, (Best @ 17: {{0.820}}, 0.829, 0.824, 0.596)
[TEST]  QWK:  0.828, PRS: 0.843, SPR: 0.811, RMSE: 0.615 (Best @ 17: {{0.831}}, 0.831, 0.801, 0.615)
--------------------------------------------------------------------------------------------------------------------------
Epoch 43/50
Training one epoch in 23.335 s
[DEV]   QWK:  0.800, PRS: 0.815, SPR: 0.807, RMSE: 0.619, (Best @ 17: {{0.820}}, 0.829, 0.824, 0.596)
[TEST]  QWK:  0.794, PRS: 0.798, SPR: 0.778, RMSE: 0.662 (Best @ 17: {{0.831}}, 0.831, 0.801, 0.615)
--------------------------------------------------------------------------------------------------------------------------
Epoch 44/50
Training one epoch in 23.379 s
[DEV]   QWK:  0.785, PRS: 0.804, SPR: 0.797, RMSE: 0.645, (Best @ 17: {{0.820}}, 0.829, 0.824, 0.596)
[TEST]  QWK:  0.815, PRS: 0.819, SPR: 0.797, RMSE: 0.624 (Best @ 17: {{0.831}}, 0.831, 0.801, 0.615)
--------------------------------------------------------------------------------------------------------------------------
Epoch 45/50
Training one epoch in 23.420 s
[DEV]   QWK:  0.797, PRS: 0.803, SPR: 0.776, RMSE: 0.624, (Best @ 17: {{0.820}}, 0.829, 0.824, 0.596)
[TEST]  QWK:  0.818, PRS: 0.843, SPR: 0.804, RMSE: 0.632 (Best @ 17: {{0.831}}, 0.831, 0.801, 0.615)
--------------------------------------------------------------------------------------------------------------------------
Epoch 46/50
Training one epoch in 23.376 s
[DEV]   QWK:  0.800, PRS: 0.801, SPR: 0.790, RMSE: 0.603, (Best @ 17: {{0.820}}, 0.829, 0.824, 0.596)
[TEST]  QWK:  0.814, PRS: 0.828, SPR: 0.799, RMSE: 0.624 (Best @ 17: {{0.831}}, 0.831, 0.801, 0.615)
--------------------------------------------------------------------------------------------------------------------------
Epoch 47/50
Training one epoch in 23.355 s
[DEV]   QWK:  0.792, PRS: 0.801, SPR: 0.787, RMSE: 0.628, (Best @ 17: {{0.820}}, 0.829, 0.824, 0.596)
[TEST]  QWK:  0.813, PRS: 0.817, SPR: 0.785, RMSE: 0.624 (Best @ 17: {{0.831}}, 0.831, 0.801, 0.615)
--------------------------------------------------------------------------------------------------------------------------
Epoch 48/50
Training one epoch in 23.379 s
[DEV]   QWK:  0.803, PRS: 0.805, SPR: 0.786, RMSE: 0.619, (Best @ 17: {{0.820}}, 0.829, 0.824, 0.596)
[TEST]  QWK:  0.823, PRS: 0.827, SPR: 0.795, RMSE: 0.615 (Best @ 17: {{0.831}}, 0.831, 0.801, 0.615)
--------------------------------------------------------------------------------------------------------------------------
Epoch 49/50
Training one epoch in 23.497 s
[DEV]   QWK:  0.817, PRS: 0.818, SPR: 0.798, RMSE: 0.589, (Best @ 17: {{0.820}}, 0.829, 0.824, 0.596)
[TEST]  QWK:  0.822, PRS: 0.833, SPR: 0.806, RMSE: 0.615 (Best @ 17: {{0.831}}, 0.831, 0.801, 0.615)
--------------------------------------------------------------------------------------------------------------------------
Epoch 50/50
Training one epoch in 23.470 s
[DEV]   QWK:  0.802, PRS: 0.803, SPR: 0.779, RMSE: 0.617, (Best @ 17: {{0.820}}, 0.829, 0.824, 0.596)
[TEST]  QWK:  0.806, PRS: 0.813, SPR: 0.784, RMSE: 0.641 (Best @ 17: {{0.831}}, 0.831, 0.801, 0.615)
--------------------------------------------------------------------------------------------------------------------------
