X_train shape: (1260, 4400)
Initial evaluation: 
[DEV]   QWK:  0.195, PRS: 0.489, SPR: 0.417, RMSE: 0.887, (Best @ -1: {{0.195}}, 0.489, 0.417, 0.887)
[TEST]  QWK:  0.168, PRS: 0.395, SPR: 0.362, RMSE: 0.885 (Best @ -1: {{0.168}}, 0.395, 0.362, 0.885)
--------------------------------------------------------------------------------------------------------------------------
Train model
Epoch 1/50
Training one epoch in 49.403 s
[DEV]   QWK:  0.582, PRS: 0.631, SPR: 0.622, RMSE: 0.648, (Best @ 1: {{0.582}}, 0.631, 0.622, 0.648)
[TEST]  QWK:  0.576, PRS: 0.615, SPR: 0.620, RMSE: 0.650 (Best @ 1: {{0.576}}, 0.615, 0.620, 0.650)
--------------------------------------------------------------------------------------------------------------------------
Epoch 2/50
Training one epoch in 46.304 s
[DEV]   QWK:  0.593, PRS: 0.682, SPR: 0.666, RMSE: 0.728, (Best @ 2: {{0.593}}, 0.682, 0.666, 0.728)
[TEST]  QWK:  0.592, PRS: 0.672, SPR: 0.670, RMSE: 0.723 (Best @ 2: {{0.592}}, 0.672, 0.670, 0.723)
--------------------------------------------------------------------------------------------------------------------------
Epoch 3/50
Training one epoch in 46.317 s
[DEV]   QWK:  0.647, PRS: 0.677, SPR: 0.661, RMSE: 0.632, (Best @ 3: {{0.647}}, 0.677, 0.661, 0.632)
[TEST]  QWK:  0.635, PRS: 0.661, SPR: 0.673, RMSE: 0.632 (Best @ 3: {{0.635}}, 0.661, 0.673, 0.632)
--------------------------------------------------------------------------------------------------------------------------
Epoch 4/50
Training one epoch in 46.408 s
[DEV]   QWK:  0.695, PRS: 0.709, SPR: 0.681, RMSE: 0.587, (Best @ 4: {{0.695}}, 0.709, 0.681, 0.587)
[TEST]  QWK:  0.653, PRS: 0.665, SPR: 0.670, RMSE: 0.606 (Best @ 4: {{0.653}}, 0.665, 0.670, 0.606)
--------------------------------------------------------------------------------------------------------------------------
Epoch 5/50
Training one epoch in 46.657 s
[DEV]   QWK:  0.545, PRS: 0.611, SPR: 0.580, RMSE: 0.654, (Best @ 4: {{0.695}}, 0.709, 0.681, 0.587)
[TEST]  QWK:  0.543, PRS: 0.609, SPR: 0.599, RMSE: 0.628 (Best @ 4: {{0.653}}, 0.665, 0.670, 0.606)
--------------------------------------------------------------------------------------------------------------------------
Epoch 6/50
Training one epoch in 46.408 s
[DEV]   QWK:  0.642, PRS: 0.679, SPR: 0.662, RMSE: 0.630, (Best @ 4: {{0.695}}, 0.709, 0.681, 0.587)
[TEST]  QWK:  0.659, PRS: 0.692, SPR: 0.693, RMSE: 0.606 (Best @ 4: {{0.653}}, 0.665, 0.670, 0.606)
--------------------------------------------------------------------------------------------------------------------------
Epoch 7/50
Training one epoch in 46.175 s
[DEV]   QWK:  0.689, PRS: 0.718, SPR: 0.696, RMSE: 0.603, (Best @ 4: {{0.695}}, 0.709, 0.681, 0.587)
[TEST]  QWK:  0.658, PRS: 0.691, SPR: 0.693, RMSE: 0.610 (Best @ 4: {{0.653}}, 0.665, 0.670, 0.606)
--------------------------------------------------------------------------------------------------------------------------
Epoch 8/50
Training one epoch in 46.265 s
[DEV]   QWK:  0.698, PRS: 0.713, SPR: 0.691, RMSE: 0.575, (Best @ 8: {{0.698}}, 0.713, 0.691, 0.575)
[TEST]  QWK:  0.699, PRS: 0.714, SPR: 0.708, RMSE: 0.553 (Best @ 8: {{0.699}}, 0.714, 0.708, 0.553)
--------------------------------------------------------------------------------------------------------------------------
Epoch 9/50
Training one epoch in 46.601 s
[DEV]   QWK:  0.685, PRS: 0.698, SPR: 0.670, RMSE: 0.601, (Best @ 8: {{0.698}}, 0.713, 0.691, 0.575)
[TEST]  QWK:  0.683, PRS: 0.698, SPR: 0.699, RMSE: 0.582 (Best @ 8: {{0.699}}, 0.714, 0.708, 0.553)
--------------------------------------------------------------------------------------------------------------------------
Epoch 10/50
Training one epoch in 46.320 s
[DEV]   QWK:  0.716, PRS: 0.727, SPR: 0.701, RMSE: 0.558, (Best @ 10: {{0.716}}, 0.727, 0.701, 0.558)
[TEST]  QWK:  0.720, PRS: 0.734, SPR: 0.719, RMSE: 0.532 (Best @ 10: {{0.720}}, 0.734, 0.719, 0.532)
--------------------------------------------------------------------------------------------------------------------------
Epoch 11/50
Training one epoch in 46.263 s
[DEV]   QWK:  0.708, PRS: 0.713, SPR: 0.689, RMSE: 0.580, (Best @ 10: {{0.716}}, 0.727, 0.701, 0.558)
[TEST]  QWK:  0.736, PRS: 0.741, SPR: 0.718, RMSE: 0.532 (Best @ 10: {{0.720}}, 0.734, 0.719, 0.532)
--------------------------------------------------------------------------------------------------------------------------
Epoch 12/50
Training one epoch in 46.138 s
[DEV]   QWK:  0.685, PRS: 0.702, SPR: 0.672, RMSE: 0.575, (Best @ 10: {{0.716}}, 0.727, 0.701, 0.558)
[TEST]  QWK:  0.704, PRS: 0.723, SPR: 0.716, RMSE: 0.537 (Best @ 10: {{0.720}}, 0.734, 0.719, 0.532)
--------------------------------------------------------------------------------------------------------------------------
Epoch 13/50
Training one epoch in 46.455 s
[DEV]   QWK:  0.689, PRS: 0.711, SPR: 0.690, RMSE: 0.570, (Best @ 10: {{0.716}}, 0.727, 0.701, 0.558)
[TEST]  QWK:  0.697, PRS: 0.715, SPR: 0.703, RMSE: 0.548 (Best @ 10: {{0.720}}, 0.734, 0.719, 0.532)
--------------------------------------------------------------------------------------------------------------------------
Epoch 14/50
Training one epoch in 46.521 s
[DEV]   QWK:  0.708, PRS: 0.738, SPR: 0.706, RMSE: 0.587, (Best @ 10: {{0.716}}, 0.727, 0.701, 0.558)
[TEST]  QWK:  0.657, PRS: 0.684, SPR: 0.685, RMSE: 0.619 (Best @ 10: {{0.720}}, 0.734, 0.719, 0.532)
--------------------------------------------------------------------------------------------------------------------------
Epoch 15/50
Training one epoch in 46.249 s
[DEV]   QWK:  0.695, PRS: 0.713, SPR: 0.684, RMSE: 0.575, (Best @ 10: {{0.716}}, 0.727, 0.701, 0.558)
[TEST]  QWK:  0.729, PRS: 0.743, SPR: 0.743, RMSE: 0.527 (Best @ 10: {{0.720}}, 0.734, 0.719, 0.532)
--------------------------------------------------------------------------------------------------------------------------
Epoch 16/50
Training one epoch in 46.357 s
[DEV]   QWK:  0.732, PRS: 0.742, SPR: 0.711, RMSE: 0.568, (Best @ 16: {{0.732}}, 0.742, 0.711, 0.568)
[TEST]  QWK:  0.717, PRS: 0.724, SPR: 0.711, RMSE: 0.573 (Best @ 16: {{0.717}}, 0.724, 0.711, 0.573)
--------------------------------------------------------------------------------------------------------------------------
Epoch 17/50
Training one epoch in 46.289 s
[DEV]   QWK:  0.661, PRS: 0.750, SPR: 0.720, RMSE: 0.677, (Best @ 16: {{0.732}}, 0.742, 0.711, 0.568)
[TEST]  QWK:  0.602, PRS: 0.681, SPR: 0.675, RMSE: 0.723 (Best @ 16: {{0.717}}, 0.724, 0.711, 0.573)
--------------------------------------------------------------------------------------------------------------------------
Epoch 18/50
Training one epoch in 46.736 s
[DEV]   QWK:  0.706, PRS: 0.720, SPR: 0.697, RMSE: 0.570, (Best @ 16: {{0.732}}, 0.742, 0.711, 0.568)
[TEST]  QWK:  0.712, PRS: 0.734, SPR: 0.718, RMSE: 0.537 (Best @ 16: {{0.717}}, 0.724, 0.711, 0.573)
--------------------------------------------------------------------------------------------------------------------------
Epoch 19/50
Training one epoch in 45.867 s
[DEV]   QWK:  0.699, PRS: 0.714, SPR: 0.682, RMSE: 0.568, (Best @ 16: {{0.732}}, 0.742, 0.711, 0.568)
[TEST]  QWK:  0.733, PRS: 0.745, SPR: 0.739, RMSE: 0.522 (Best @ 16: {{0.717}}, 0.724, 0.711, 0.573)
--------------------------------------------------------------------------------------------------------------------------
Epoch 20/50
Training one epoch in 46.747 s
[DEV]   QWK:  0.706, PRS: 0.721, SPR: 0.697, RMSE: 0.560, (Best @ 16: {{0.732}}, 0.742, 0.711, 0.568)
[TEST]  QWK:  0.699, PRS: 0.718, SPR: 0.710, RMSE: 0.548 (Best @ 16: {{0.717}}, 0.724, 0.711, 0.573)
--------------------------------------------------------------------------------------------------------------------------
Epoch 21/50
Training one epoch in 46.418 s
[DEV]   QWK:  0.737, PRS: 0.757, SPR: 0.732, RMSE: 0.570, (Best @ 21: {{0.737}}, 0.757, 0.732, 0.570)
[TEST]  QWK:  0.722, PRS: 0.742, SPR: 0.727, RMSE: 0.573 (Best @ 21: {{0.722}}, 0.742, 0.727, 0.573)
--------------------------------------------------------------------------------------------------------------------------
Epoch 22/50
Training one epoch in 46.731 s
[DEV]   QWK:  0.734, PRS: 0.736, SPR: 0.708, RMSE: 0.565, (Best @ 21: {{0.737}}, 0.757, 0.732, 0.570)
[TEST]  QWK:  0.716, PRS: 0.720, SPR: 0.718, RMSE: 0.558 (Best @ 21: {{0.722}}, 0.742, 0.727, 0.573)
--------------------------------------------------------------------------------------------------------------------------
Epoch 23/50
Training one epoch in 46.488 s
[DEV]   QWK:  0.703, PRS: 0.718, SPR: 0.686, RMSE: 0.570, (Best @ 21: {{0.737}}, 0.757, 0.732, 0.570)
[TEST]  QWK:  0.712, PRS: 0.724, SPR: 0.730, RMSE: 0.543 (Best @ 21: {{0.722}}, 0.742, 0.727, 0.573)
--------------------------------------------------------------------------------------------------------------------------
Epoch 24/50
Training one epoch in 46.466 s
[DEV]   QWK:  0.636, PRS: 0.693, SPR: 0.670, RMSE: 0.643, (Best @ 21: {{0.737}}, 0.757, 0.732, 0.570)
[TEST]  QWK:  0.553, PRS: 0.619, SPR: 0.597, RMSE: 0.703 (Best @ 21: {{0.722}}, 0.742, 0.727, 0.573)
--------------------------------------------------------------------------------------------------------------------------
Epoch 25/50
Training one epoch in 46.339 s
[DEV]   QWK:  0.689, PRS: 0.714, SPR: 0.690, RMSE: 0.582, (Best @ 21: {{0.737}}, 0.757, 0.732, 0.570)
[TEST]  QWK:  0.664, PRS: 0.691, SPR: 0.670, RMSE: 0.582 (Best @ 21: {{0.722}}, 0.742, 0.727, 0.573)
--------------------------------------------------------------------------------------------------------------------------
Epoch 26/50
Training one epoch in 45.851 s
[DEV]   QWK:  0.736, PRS: 0.744, SPR: 0.716, RMSE: 0.563, (Best @ 21: {{0.737}}, 0.757, 0.732, 0.570)
[TEST]  QWK:  0.702, PRS: 0.709, SPR: 0.710, RMSE: 0.577 (Best @ 21: {{0.722}}, 0.742, 0.727, 0.573)
--------------------------------------------------------------------------------------------------------------------------
Epoch 27/50
Training one epoch in 46.186 s
[DEV]   QWK:  0.732, PRS: 0.743, SPR: 0.717, RMSE: 0.565, (Best @ 21: {{0.737}}, 0.757, 0.732, 0.570)
[TEST]  QWK:  0.718, PRS: 0.725, SPR: 0.736, RMSE: 0.563 (Best @ 21: {{0.722}}, 0.742, 0.727, 0.573)
--------------------------------------------------------------------------------------------------------------------------
Epoch 28/50
Training one epoch in 45.735 s
[DEV]   QWK:  0.723, PRS: 0.734, SPR: 0.717, RMSE: 0.592, (Best @ 21: {{0.737}}, 0.757, 0.732, 0.570)
[TEST]  QWK:  0.725, PRS: 0.737, SPR: 0.741, RMSE: 0.568 (Best @ 21: {{0.722}}, 0.742, 0.727, 0.573)
--------------------------------------------------------------------------------------------------------------------------
Epoch 29/50
Training one epoch in 46.424 s
[DEV]   QWK:  0.696, PRS: 0.712, SPR: 0.694, RMSE: 0.573, (Best @ 21: {{0.737}}, 0.757, 0.732, 0.570)
[TEST]  QWK:  0.740, PRS: 0.752, SPR: 0.749, RMSE: 0.516 (Best @ 21: {{0.722}}, 0.742, 0.727, 0.573)
--------------------------------------------------------------------------------------------------------------------------
Epoch 30/50
Training one epoch in 46.720 s
[DEV]   QWK:  0.706, PRS: 0.719, SPR: 0.703, RMSE: 0.568, (Best @ 21: {{0.737}}, 0.757, 0.732, 0.570)
[TEST]  QWK:  0.684, PRS: 0.699, SPR: 0.676, RMSE: 0.568 (Best @ 21: {{0.722}}, 0.742, 0.727, 0.573)
--------------------------------------------------------------------------------------------------------------------------
Epoch 31/50
Training one epoch in 46.532 s
[DEV]   QWK:  0.721, PRS: 0.730, SPR: 0.702, RMSE: 0.592, (Best @ 21: {{0.737}}, 0.757, 0.732, 0.570)
[TEST]  QWK:  0.750, PRS: 0.759, SPR: 0.762, RMSE: 0.532 (Best @ 21: {{0.722}}, 0.742, 0.727, 0.573)
--------------------------------------------------------------------------------------------------------------------------
Epoch 32/50
Training one epoch in 46.743 s
[DEV]   QWK:  0.706, PRS: 0.730, SPR: 0.700, RMSE: 0.599, (Best @ 21: {{0.737}}, 0.757, 0.732, 0.570)
[TEST]  QWK:  0.722, PRS: 0.736, SPR: 0.725, RMSE: 0.563 (Best @ 21: {{0.722}}, 0.742, 0.727, 0.573)
--------------------------------------------------------------------------------------------------------------------------
Epoch 33/50
Training one epoch in 46.220 s
[DEV]   QWK:  0.705, PRS: 0.711, SPR: 0.690, RMSE: 0.577, (Best @ 21: {{0.737}}, 0.757, 0.732, 0.570)
[TEST]  QWK:  0.720, PRS: 0.727, SPR: 0.738, RMSE: 0.543 (Best @ 21: {{0.722}}, 0.742, 0.727, 0.573)
--------------------------------------------------------------------------------------------------------------------------
Epoch 34/50
Training one epoch in 45.901 s
[DEV]   QWK:  0.704, PRS: 0.710, SPR: 0.692, RMSE: 0.587, (Best @ 21: {{0.737}}, 0.757, 0.732, 0.570)
[TEST]  QWK:  0.714, PRS: 0.721, SPR: 0.732, RMSE: 0.553 (Best @ 21: {{0.722}}, 0.742, 0.727, 0.573)
--------------------------------------------------------------------------------------------------------------------------
Epoch 35/50
Training one epoch in 46.672 s
[DEV]   QWK:  0.693, PRS: 0.704, SPR: 0.687, RMSE: 0.577, (Best @ 21: {{0.737}}, 0.757, 0.732, 0.570)
[TEST]  QWK:  0.707, PRS: 0.717, SPR: 0.715, RMSE: 0.548 (Best @ 21: {{0.722}}, 0.742, 0.727, 0.573)
--------------------------------------------------------------------------------------------------------------------------
Epoch 36/50
Training one epoch in 46.340 s
[DEV]   QWK:  0.712, PRS: 0.717, SPR: 0.703, RMSE: 0.573, (Best @ 21: {{0.737}}, 0.757, 0.732, 0.570)
[TEST]  QWK:  0.720, PRS: 0.726, SPR: 0.729, RMSE: 0.548 (Best @ 21: {{0.722}}, 0.742, 0.727, 0.573)
--------------------------------------------------------------------------------------------------------------------------
Epoch 37/50
Training one epoch in 46.172 s
[DEV]   QWK:  0.688, PRS: 0.704, SPR: 0.680, RMSE: 0.592, (Best @ 21: {{0.737}}, 0.757, 0.732, 0.570)
[TEST]  QWK:  0.682, PRS: 0.696, SPR: 0.690, RMSE: 0.573 (Best @ 21: {{0.722}}, 0.742, 0.727, 0.573)
--------------------------------------------------------------------------------------------------------------------------
Epoch 38/50
Training one epoch in 46.115 s
[DEV]   QWK:  0.698, PRS: 0.731, SPR: 0.707, RMSE: 0.612, (Best @ 21: {{0.737}}, 0.757, 0.732, 0.570)
[TEST]  QWK:  0.704, PRS: 0.727, SPR: 0.709, RMSE: 0.587 (Best @ 21: {{0.722}}, 0.742, 0.727, 0.573)
--------------------------------------------------------------------------------------------------------------------------
Epoch 39/50
Training one epoch in 46.355 s
[DEV]   QWK:  0.694, PRS: 0.697, SPR: 0.681, RMSE: 0.596, (Best @ 21: {{0.737}}, 0.757, 0.732, 0.570)
[TEST]  QWK:  0.711, PRS: 0.714, SPR: 0.720, RMSE: 0.563 (Best @ 21: {{0.722}}, 0.742, 0.727, 0.573)
--------------------------------------------------------------------------------------------------------------------------
Epoch 40/50
Training one epoch in 46.363 s
[DEV]   QWK:  0.674, PRS: 0.686, SPR: 0.661, RMSE: 0.592, (Best @ 21: {{0.737}}, 0.757, 0.732, 0.570)
[TEST]  QWK:  0.693, PRS: 0.704, SPR: 0.703, RMSE: 0.558 (Best @ 21: {{0.722}}, 0.742, 0.727, 0.573)
--------------------------------------------------------------------------------------------------------------------------
Epoch 41/50
Training one epoch in 46.443 s
[DEV]   QWK:  0.686, PRS: 0.718, SPR: 0.698, RMSE: 0.621, (Best @ 21: {{0.737}}, 0.757, 0.732, 0.570)
[TEST]  QWK:  0.709, PRS: 0.740, SPR: 0.728, RMSE: 0.577 (Best @ 21: {{0.722}}, 0.742, 0.727, 0.573)
--------------------------------------------------------------------------------------------------------------------------
Epoch 42/50
Training one epoch in 46.260 s
[DEV]   QWK:  0.689, PRS: 0.723, SPR: 0.691, RMSE: 0.624, (Best @ 21: {{0.737}}, 0.757, 0.732, 0.570)
[TEST]  QWK:  0.662, PRS: 0.685, SPR: 0.678, RMSE: 0.624 (Best @ 21: {{0.722}}, 0.742, 0.727, 0.573)
--------------------------------------------------------------------------------------------------------------------------
Epoch 43/50
Training one epoch in 45.898 s
[DEV]   QWK:  0.711, PRS: 0.712, SPR: 0.695, RMSE: 0.592, (Best @ 21: {{0.737}}, 0.757, 0.732, 0.570)
[TEST]  QWK:  0.710, PRS: 0.716, SPR: 0.730, RMSE: 0.577 (Best @ 21: {{0.722}}, 0.742, 0.727, 0.573)
--------------------------------------------------------------------------------------------------------------------------
Epoch 44/50
Training one epoch in 45.964 s
[DEV]   QWK:  0.708, PRS: 0.732, SPR: 0.712, RMSE: 0.619, (Best @ 21: {{0.737}}, 0.757, 0.732, 0.570)
[TEST]  QWK:  0.701, PRS: 0.721, SPR: 0.729, RMSE: 0.619 (Best @ 21: {{0.722}}, 0.742, 0.727, 0.573)
--------------------------------------------------------------------------------------------------------------------------
Epoch 45/50
Training one epoch in 46.207 s
[DEV]   QWK:  0.687, PRS: 0.709, SPR: 0.680, RMSE: 0.599, (Best @ 21: {{0.737}}, 0.757, 0.732, 0.570)
[TEST]  QWK:  0.672, PRS: 0.685, SPR: 0.682, RMSE: 0.592 (Best @ 21: {{0.722}}, 0.742, 0.727, 0.573)
--------------------------------------------------------------------------------------------------------------------------
Epoch 46/50
Training one epoch in 45.998 s
[DEV]   QWK:  0.711, PRS: 0.719, SPR: 0.698, RMSE: 0.599, (Best @ 21: {{0.737}}, 0.757, 0.732, 0.570)
[TEST]  QWK:  0.701, PRS: 0.702, SPR: 0.711, RMSE: 0.596 (Best @ 21: {{0.722}}, 0.742, 0.727, 0.573)
--------------------------------------------------------------------------------------------------------------------------
Epoch 47/50
Training one epoch in 45.700 s
[DEV]   QWK:  0.701, PRS: 0.706, SPR: 0.682, RMSE: 0.589, (Best @ 21: {{0.737}}, 0.757, 0.732, 0.570)
[TEST]  QWK:  0.707, PRS: 0.710, SPR: 0.712, RMSE: 0.568 (Best @ 21: {{0.722}}, 0.742, 0.727, 0.573)
--------------------------------------------------------------------------------------------------------------------------
Epoch 48/50
Training one epoch in 45.986 s
[DEV]   QWK:  0.698, PRS: 0.712, SPR: 0.693, RMSE: 0.592, (Best @ 21: {{0.737}}, 0.757, 0.732, 0.570)
[TEST]  QWK:  0.699, PRS: 0.708, SPR: 0.695, RMSE: 0.573 (Best @ 21: {{0.722}}, 0.742, 0.727, 0.573)
--------------------------------------------------------------------------------------------------------------------------
Epoch 49/50
Training one epoch in 45.749 s
[DEV]   QWK:  0.679, PRS: 0.692, SPR: 0.668, RMSE: 0.592, (Best @ 21: {{0.737}}, 0.757, 0.732, 0.570)
[TEST]  QWK:  0.685, PRS: 0.696, SPR: 0.691, RMSE: 0.568 (Best @ 21: {{0.722}}, 0.742, 0.727, 0.573)
--------------------------------------------------------------------------------------------------------------------------
Epoch 50/50
Training one epoch in 46.141 s
[DEV]   QWK:  0.696, PRS: 0.703, SPR: 0.684, RMSE: 0.608, (Best @ 21: {{0.737}}, 0.757, 0.732, 0.570)
[TEST]  QWK:  0.699, PRS: 0.701, SPR: 0.706, RMSE: 0.587 (Best @ 21: {{0.722}}, 0.742, 0.727, 0.573)
--------------------------------------------------------------------------------------------------------------------------
