X_train shape: (1264, 1150)
Initial evaluation: 
[DEV]   QWK:  0.000, PRS: 0.000, SPR: 0.000, RMSE: 1.042, (Best @ -1: {{0.000}}, 0.000, 0.000, 1.042)
[TEST]  QWK:  0.000, PRS: 0.000, SPR: 0.000, RMSE: 1.043 (Best @ -1: {{0.000}}, 0.000, 0.000, 1.043)
--------------------------------------------------------------------------------------------------------------------------
Train model
Epoch 1/50
Training one epoch in 26.760 s
[DEV]   QWK:  0.751, PRS: 0.779, SPR: 0.792, RMSE: 0.664, (Best @ 1: {{0.751}}, 0.779, 0.792, 0.664)
[TEST]  QWK:  0.742, PRS: 0.764, SPR: 0.774, RMSE: 0.654 (Best @ 1: {{0.742}}, 0.764, 0.774, 0.654)
--------------------------------------------------------------------------------------------------------------------------
Epoch 2/50
Training one epoch in 23.428 s
[DEV]   QWK:  0.734, PRS: 0.784, SPR: 0.797, RMSE: 0.725, (Best @ 1: {{0.751}}, 0.779, 0.792, 0.664)
[TEST]  QWK:  0.744, PRS: 0.807, SPR: 0.808, RMSE: 0.695 (Best @ 1: {{0.742}}, 0.764, 0.774, 0.654)
--------------------------------------------------------------------------------------------------------------------------
Epoch 3/50
Training one epoch in 23.546 s
[DEV]   QWK:  0.759, PRS: 0.765, SPR: 0.782, RMSE: 0.640, (Best @ 3: {{0.759}}, 0.765, 0.782, 0.640)
[TEST]  QWK:  0.755, PRS: 0.757, SPR: 0.762, RMSE: 0.628 (Best @ 3: {{0.755}}, 0.757, 0.762, 0.628)
--------------------------------------------------------------------------------------------------------------------------
Epoch 4/50
Training one epoch in 23.557 s
[DEV]   QWK:  0.738, PRS: 0.806, SPR: 0.812, RMSE: 0.653, (Best @ 3: {{0.759}}, 0.765, 0.782, 0.640)
[TEST]  QWK:  0.700, PRS: 0.787, SPR: 0.790, RMSE: 0.671 (Best @ 3: {{0.755}}, 0.757, 0.762, 0.628)
--------------------------------------------------------------------------------------------------------------------------
Epoch 5/50
Training one epoch in 23.638 s
[DEV]   QWK:  0.780, PRS: 0.788, SPR: 0.802, RMSE: 0.612, (Best @ 5: {{0.780}}, 0.788, 0.802, 0.612)
[TEST]  QWK:  0.794, PRS: 0.805, SPR: 0.809, RMSE: 0.582 (Best @ 5: {{0.794}}, 0.805, 0.809, 0.582)
--------------------------------------------------------------------------------------------------------------------------
Epoch 6/50
Training one epoch in 23.665 s
[DEV]   QWK:  0.774, PRS: 0.795, SPR: 0.804, RMSE: 0.618, (Best @ 5: {{0.780}}, 0.788, 0.802, 0.612)
[TEST]  QWK:  0.772, PRS: 0.794, SPR: 0.799, RMSE: 0.606 (Best @ 5: {{0.794}}, 0.805, 0.809, 0.582)
--------------------------------------------------------------------------------------------------------------------------
Epoch 7/50
Training one epoch in 23.592 s
[DEV]   QWK:  0.791, PRS: 0.795, SPR: 0.808, RMSE: 0.595, (Best @ 7: {{0.791}}, 0.795, 0.808, 0.595)
[TEST]  QWK:  0.799, PRS: 0.805, SPR: 0.809, RMSE: 0.568 (Best @ 7: {{0.799}}, 0.805, 0.809, 0.568)
--------------------------------------------------------------------------------------------------------------------------
Epoch 8/50
Training one epoch in 23.591 s
[DEV]   QWK:  0.792, PRS: 0.797, SPR: 0.810, RMSE: 0.595, (Best @ 8: {{0.792}}, 0.797, 0.810, 0.595)
[TEST]  QWK:  0.790, PRS: 0.797, SPR: 0.798, RMSE: 0.582 (Best @ 8: {{0.790}}, 0.797, 0.798, 0.582)
--------------------------------------------------------------------------------------------------------------------------
Epoch 9/50
Training one epoch in 23.651 s
[DEV]   QWK:  0.781, PRS: 0.799, SPR: 0.811, RMSE: 0.595, (Best @ 8: {{0.792}}, 0.797, 0.810, 0.595)
[TEST]  QWK:  0.759, PRS: 0.777, SPR: 0.781, RMSE: 0.596 (Best @ 8: {{0.790}}, 0.797, 0.798, 0.582)
--------------------------------------------------------------------------------------------------------------------------
Epoch 10/50
Training one epoch in 23.554 s
[DEV]   QWK:  0.779, PRS: 0.788, SPR: 0.797, RMSE: 0.598, (Best @ 8: {{0.792}}, 0.797, 0.810, 0.595)
[TEST]  QWK:  0.777, PRS: 0.782, SPR: 0.791, RMSE: 0.582 (Best @ 8: {{0.790}}, 0.797, 0.798, 0.582)
--------------------------------------------------------------------------------------------------------------------------
Epoch 11/50
Training one epoch in 23.620 s
[DEV]   QWK:  0.819, PRS: 0.821, SPR: 0.826, RMSE: 0.584, (Best @ 11: {{0.819}}, 0.821, 0.826, 0.584)
[TEST]  QWK:  0.802, PRS: 0.810, SPR: 0.813, RMSE: 0.582 (Best @ 11: {{0.802}}, 0.810, 0.813, 0.582)
--------------------------------------------------------------------------------------------------------------------------
Epoch 12/50
Training one epoch in 23.446 s
[DEV]   QWK:  0.807, PRS: 0.809, SPR: 0.814, RMSE: 0.584, (Best @ 11: {{0.819}}, 0.821, 0.826, 0.584)
[TEST]  QWK:  0.801, PRS: 0.803, SPR: 0.811, RMSE: 0.573 (Best @ 11: {{0.802}}, 0.810, 0.813, 0.582)
--------------------------------------------------------------------------------------------------------------------------
Epoch 13/50
Training one epoch in 23.419 s
[DEV]   QWK:  0.789, PRS: 0.795, SPR: 0.801, RMSE: 0.605, (Best @ 11: {{0.819}}, 0.821, 0.826, 0.584)
[TEST]  QWK:  0.801, PRS: 0.808, SPR: 0.811, RMSE: 0.573 (Best @ 11: {{0.802}}, 0.810, 0.813, 0.582)
--------------------------------------------------------------------------------------------------------------------------
Epoch 14/50
Training one epoch in 23.651 s
[DEV]   QWK:  0.812, PRS: 0.813, SPR: 0.818, RMSE: 0.588, (Best @ 11: {{0.819}}, 0.821, 0.826, 0.584)
[TEST]  QWK:  0.796, PRS: 0.801, SPR: 0.808, RMSE: 0.587 (Best @ 11: {{0.802}}, 0.810, 0.813, 0.582)
--------------------------------------------------------------------------------------------------------------------------
Epoch 15/50
Training one epoch in 23.665 s
[DEV]   QWK:  0.819, PRS: 0.820, SPR: 0.825, RMSE: 0.586, (Best @ 15: {{0.819}}, 0.820, 0.825, 0.586)
[TEST]  QWK:  0.799, PRS: 0.805, SPR: 0.812, RMSE: 0.596 (Best @ 15: {{0.799}}, 0.805, 0.812, 0.596)
--------------------------------------------------------------------------------------------------------------------------
Epoch 16/50
Training one epoch in 23.658 s
[DEV]   QWK:  0.788, PRS: 0.795, SPR: 0.797, RMSE: 0.612, (Best @ 15: {{0.819}}, 0.820, 0.825, 0.586)
[TEST]  QWK:  0.797, PRS: 0.806, SPR: 0.807, RMSE: 0.577 (Best @ 15: {{0.799}}, 0.805, 0.812, 0.596)
--------------------------------------------------------------------------------------------------------------------------
Epoch 17/50
Training one epoch in 23.597 s
[DEV]   QWK:  0.780, PRS: 0.800, SPR: 0.806, RMSE: 0.623, (Best @ 15: {{0.819}}, 0.820, 0.825, 0.586)
[TEST]  QWK:  0.793, PRS: 0.818, SPR: 0.816, RMSE: 0.587 (Best @ 15: {{0.799}}, 0.805, 0.812, 0.596)
--------------------------------------------------------------------------------------------------------------------------
Epoch 18/50
Training one epoch in 23.662 s
[DEV]   QWK:  0.815, PRS: 0.816, SPR: 0.822, RMSE: 0.577, (Best @ 15: {{0.819}}, 0.820, 0.825, 0.586)
[TEST]  QWK:  0.797, PRS: 0.797, SPR: 0.797, RMSE: 0.592 (Best @ 15: {{0.799}}, 0.805, 0.812, 0.596)
--------------------------------------------------------------------------------------------------------------------------
Epoch 19/50
Training one epoch in 23.671 s
[DEV]   QWK:  0.795, PRS: 0.822, SPR: 0.828, RMSE: 0.645, (Best @ 15: {{0.819}}, 0.820, 0.825, 0.586)
[TEST]  QWK:  0.782, PRS: 0.823, SPR: 0.826, RMSE: 0.641 (Best @ 15: {{0.799}}, 0.805, 0.812, 0.596)
--------------------------------------------------------------------------------------------------------------------------
Epoch 20/50
Training one epoch in 23.613 s
[DEV]   QWK:  0.787, PRS: 0.800, SPR: 0.800, RMSE: 0.600, (Best @ 15: {{0.819}}, 0.820, 0.825, 0.586)
[TEST]  QWK:  0.810, PRS: 0.821, SPR: 0.816, RMSE: 0.553 (Best @ 15: {{0.799}}, 0.805, 0.812, 0.596)
--------------------------------------------------------------------------------------------------------------------------
Epoch 21/50
Training one epoch in 23.559 s
[DEV]   QWK:  0.808, PRS: 0.826, SPR: 0.827, RMSE: 0.609, (Best @ 15: {{0.819}}, 0.820, 0.825, 0.586)
[TEST]  QWK:  0.798, PRS: 0.828, SPR: 0.830, RMSE: 0.610 (Best @ 15: {{0.799}}, 0.805, 0.812, 0.596)
--------------------------------------------------------------------------------------------------------------------------
Epoch 22/50
Training one epoch in 23.637 s
[DEV]   QWK:  0.798, PRS: 0.822, SPR: 0.827, RMSE: 0.638, (Best @ 15: {{0.819}}, 0.820, 0.825, 0.586)
[TEST]  QWK:  0.782, PRS: 0.821, SPR: 0.825, RMSE: 0.641 (Best @ 15: {{0.799}}, 0.805, 0.812, 0.596)
--------------------------------------------------------------------------------------------------------------------------
Epoch 23/50
Training one epoch in 23.630 s
[DEV]   QWK:  0.805, PRS: 0.814, SPR: 0.824, RMSE: 0.579, (Best @ 15: {{0.819}}, 0.820, 0.825, 0.586)
[TEST]  QWK:  0.788, PRS: 0.799, SPR: 0.806, RMSE: 0.582 (Best @ 15: {{0.799}}, 0.805, 0.812, 0.596)
--------------------------------------------------------------------------------------------------------------------------
Epoch 24/50
Training one epoch in 23.640 s
[DEV]   QWK:  0.804, PRS: 0.806, SPR: 0.815, RMSE: 0.607, (Best @ 15: {{0.819}}, 0.820, 0.825, 0.586)
[TEST]  QWK:  0.776, PRS: 0.779, SPR: 0.786, RMSE: 0.632 (Best @ 15: {{0.799}}, 0.805, 0.812, 0.596)
--------------------------------------------------------------------------------------------------------------------------
Epoch 25/50
Training one epoch in 23.516 s
[DEV]   QWK:  0.819, PRS: 0.819, SPR: 0.822, RMSE: 0.579, (Best @ 15: {{0.819}}, 0.820, 0.825, 0.586)
[TEST]  QWK:  0.818, PRS: 0.819, SPR: 0.824, RMSE: 0.563 (Best @ 15: {{0.799}}, 0.805, 0.812, 0.596)
--------------------------------------------------------------------------------------------------------------------------
Epoch 26/50
Training one epoch in 23.625 s
[DEV]   QWK:  0.810, PRS: 0.811, SPR: 0.815, RMSE: 0.586, (Best @ 15: {{0.819}}, 0.820, 0.825, 0.586)
[TEST]  QWK:  0.814, PRS: 0.815, SPR: 0.817, RMSE: 0.563 (Best @ 15: {{0.799}}, 0.805, 0.812, 0.596)
--------------------------------------------------------------------------------------------------------------------------
Epoch 27/50
Training one epoch in 23.680 s
[DEV]   QWK:  0.800, PRS: 0.807, SPR: 0.807, RMSE: 0.605, (Best @ 15: {{0.819}}, 0.820, 0.825, 0.586)
[TEST]  QWK:  0.807, PRS: 0.818, SPR: 0.815, RMSE: 0.587 (Best @ 15: {{0.799}}, 0.805, 0.812, 0.596)
--------------------------------------------------------------------------------------------------------------------------
Epoch 28/50
Training one epoch in 23.568 s
[DEV]   QWK:  0.782, PRS: 0.821, SPR: 0.826, RMSE: 0.670, (Best @ 15: {{0.819}}, 0.820, 0.825, 0.586)
[TEST]  QWK:  0.775, PRS: 0.820, SPR: 0.823, RMSE: 0.654 (Best @ 15: {{0.799}}, 0.805, 0.812, 0.596)
--------------------------------------------------------------------------------------------------------------------------
Epoch 29/50
Training one epoch in 23.552 s
[DEV]   QWK:  0.811, PRS: 0.812, SPR: 0.815, RMSE: 0.584, (Best @ 15: {{0.819}}, 0.820, 0.825, 0.586)
[TEST]  QWK:  0.791, PRS: 0.792, SPR: 0.791, RMSE: 0.596 (Best @ 15: {{0.799}}, 0.805, 0.812, 0.596)
--------------------------------------------------------------------------------------------------------------------------
Epoch 30/50
Training one epoch in 23.675 s
[DEV]   QWK:  0.795, PRS: 0.801, SPR: 0.803, RMSE: 0.616, (Best @ 15: {{0.819}}, 0.820, 0.825, 0.586)
[TEST]  QWK:  0.804, PRS: 0.814, SPR: 0.819, RMSE: 0.592 (Best @ 15: {{0.799}}, 0.805, 0.812, 0.596)
--------------------------------------------------------------------------------------------------------------------------
Epoch 31/50
Training one epoch in 23.491 s
[DEV]   QWK:  0.753, PRS: 0.802, SPR: 0.807, RMSE: 0.700, (Best @ 15: {{0.819}}, 0.820, 0.825, 0.586)
[TEST]  QWK:  0.738, PRS: 0.802, SPR: 0.809, RMSE: 0.695 (Best @ 15: {{0.799}}, 0.805, 0.812, 0.596)
--------------------------------------------------------------------------------------------------------------------------
Epoch 32/50
Training one epoch in 23.569 s
[DEV]   QWK:  0.796, PRS: 0.799, SPR: 0.803, RMSE: 0.593, (Best @ 15: {{0.819}}, 0.820, 0.825, 0.586)
[TEST]  QWK:  0.784, PRS: 0.787, SPR: 0.791, RMSE: 0.592 (Best @ 15: {{0.799}}, 0.805, 0.812, 0.596)
--------------------------------------------------------------------------------------------------------------------------
Epoch 33/50
Training one epoch in 23.726 s
[DEV]   QWK:  0.809, PRS: 0.814, SPR: 0.821, RMSE: 0.593, (Best @ 15: {{0.819}}, 0.820, 0.825, 0.586)
[TEST]  QWK:  0.785, PRS: 0.793, SPR: 0.802, RMSE: 0.610 (Best @ 15: {{0.799}}, 0.805, 0.812, 0.596)
--------------------------------------------------------------------------------------------------------------------------
Epoch 34/50
Training one epoch in 23.742 s
[DEV]   QWK:  0.809, PRS: 0.809, SPR: 0.813, RMSE: 0.595, (Best @ 15: {{0.819}}, 0.820, 0.825, 0.586)
[TEST]  QWK:  0.797, PRS: 0.798, SPR: 0.800, RMSE: 0.601 (Best @ 15: {{0.799}}, 0.805, 0.812, 0.596)
--------------------------------------------------------------------------------------------------------------------------
Epoch 35/50
Training one epoch in 23.534 s
[DEV]   QWK:  0.731, PRS: 0.800, SPR: 0.810, RMSE: 0.757, (Best @ 15: {{0.819}}, 0.820, 0.825, 0.586)
[TEST]  QWK:  0.722, PRS: 0.799, SPR: 0.812, RMSE: 0.738 (Best @ 15: {{0.799}}, 0.805, 0.812, 0.596)
--------------------------------------------------------------------------------------------------------------------------
Epoch 36/50
Training one epoch in 23.584 s
[DEV]   QWK:  0.806, PRS: 0.813, SPR: 0.815, RMSE: 0.600, (Best @ 15: {{0.819}}, 0.820, 0.825, 0.586)
[TEST]  QWK:  0.799, PRS: 0.810, SPR: 0.816, RMSE: 0.592 (Best @ 15: {{0.799}}, 0.805, 0.812, 0.596)
--------------------------------------------------------------------------------------------------------------------------
Epoch 37/50
Training one epoch in 23.618 s
[DEV]   QWK:  0.798, PRS: 0.802, SPR: 0.804, RMSE: 0.616, (Best @ 15: {{0.819}}, 0.820, 0.825, 0.586)
[TEST]  QWK:  0.807, PRS: 0.814, SPR: 0.817, RMSE: 0.587 (Best @ 15: {{0.799}}, 0.805, 0.812, 0.596)
--------------------------------------------------------------------------------------------------------------------------
Epoch 38/50
Training one epoch in 23.805 s
[DEV]   QWK:  0.799, PRS: 0.811, SPR: 0.813, RMSE: 0.618, (Best @ 15: {{0.819}}, 0.820, 0.825, 0.586)
[TEST]  QWK:  0.793, PRS: 0.811, SPR: 0.807, RMSE: 0.619 (Best @ 15: {{0.799}}, 0.805, 0.812, 0.596)
--------------------------------------------------------------------------------------------------------------------------
Epoch 39/50
Training one epoch in 23.737 s
[DEV]   QWK:  0.777, PRS: 0.798, SPR: 0.801, RMSE: 0.649, (Best @ 15: {{0.819}}, 0.820, 0.825, 0.586)
[TEST]  QWK:  0.768, PRS: 0.796, SPR: 0.797, RMSE: 0.637 (Best @ 15: {{0.799}}, 0.805, 0.812, 0.596)
--------------------------------------------------------------------------------------------------------------------------
Epoch 40/50
Training one epoch in 23.716 s
[DEV]   QWK:  0.799, PRS: 0.812, SPR: 0.816, RMSE: 0.621, (Best @ 15: {{0.819}}, 0.820, 0.825, 0.586)
[TEST]  QWK:  0.808, PRS: 0.824, SPR: 0.827, RMSE: 0.601 (Best @ 15: {{0.799}}, 0.805, 0.812, 0.596)
--------------------------------------------------------------------------------------------------------------------------
Epoch 41/50
Training one epoch in 23.690 s
[DEV]   QWK:  0.813, PRS: 0.814, SPR: 0.819, RMSE: 0.598, (Best @ 15: {{0.819}}, 0.820, 0.825, 0.586)
[TEST]  QWK:  0.793, PRS: 0.797, SPR: 0.806, RMSE: 0.610 (Best @ 15: {{0.799}}, 0.805, 0.812, 0.596)
--------------------------------------------------------------------------------------------------------------------------
Epoch 42/50
Training one epoch in 23.598 s
[DEV]   QWK:  0.798, PRS: 0.800, SPR: 0.801, RMSE: 0.595, (Best @ 15: {{0.819}}, 0.820, 0.825, 0.586)
[TEST]  QWK:  0.797, PRS: 0.798, SPR: 0.799, RMSE: 0.577 (Best @ 15: {{0.799}}, 0.805, 0.812, 0.596)
--------------------------------------------------------------------------------------------------------------------------
Epoch 43/50
Training one epoch in 23.497 s
[DEV]   QWK:  0.792, PRS: 0.807, SPR: 0.813, RMSE: 0.651, (Best @ 15: {{0.819}}, 0.820, 0.825, 0.586)
[TEST]  QWK:  0.788, PRS: 0.814, SPR: 0.816, RMSE: 0.645 (Best @ 15: {{0.799}}, 0.805, 0.812, 0.596)
--------------------------------------------------------------------------------------------------------------------------
Epoch 44/50
Training one epoch in 23.508 s
[DEV]   QWK:  0.765, PRS: 0.775, SPR: 0.773, RMSE: 0.616, (Best @ 15: {{0.819}}, 0.820, 0.825, 0.586)
[TEST]  QWK:  0.767, PRS: 0.775, SPR: 0.784, RMSE: 0.587 (Best @ 15: {{0.799}}, 0.805, 0.812, 0.596)
--------------------------------------------------------------------------------------------------------------------------
Epoch 45/50
Training one epoch in 23.541 s
[DEV]   QWK:  0.799, PRS: 0.799, SPR: 0.800, RMSE: 0.607, (Best @ 15: {{0.819}}, 0.820, 0.825, 0.586)
[TEST]  QWK:  0.766, PRS: 0.766, SPR: 0.767, RMSE: 0.628 (Best @ 15: {{0.799}}, 0.805, 0.812, 0.596)
--------------------------------------------------------------------------------------------------------------------------
Epoch 46/50
Training one epoch in 23.582 s
[DEV]   QWK:  0.800, PRS: 0.802, SPR: 0.805, RMSE: 0.602, (Best @ 15: {{0.819}}, 0.820, 0.825, 0.586)
[TEST]  QWK:  0.775, PRS: 0.785, SPR: 0.788, RMSE: 0.619 (Best @ 15: {{0.799}}, 0.805, 0.812, 0.596)
--------------------------------------------------------------------------------------------------------------------------
Epoch 47/50
Training one epoch in 23.501 s
[DEV]   QWK:  0.785, PRS: 0.792, SPR: 0.792, RMSE: 0.612, (Best @ 15: {{0.819}}, 0.820, 0.825, 0.586)
[TEST]  QWK:  0.764, PRS: 0.771, SPR: 0.773, RMSE: 0.606 (Best @ 15: {{0.799}}, 0.805, 0.812, 0.596)
--------------------------------------------------------------------------------------------------------------------------
Epoch 48/50
Training one epoch in 23.535 s
[DEV]   QWK:  0.807, PRS: 0.810, SPR: 0.812, RMSE: 0.618, (Best @ 15: {{0.819}}, 0.820, 0.825, 0.586)
[TEST]  QWK:  0.795, PRS: 0.799, SPR: 0.803, RMSE: 0.619 (Best @ 15: {{0.799}}, 0.805, 0.812, 0.596)
--------------------------------------------------------------------------------------------------------------------------
Epoch 49/50
Training one epoch in 23.370 s
[DEV]   QWK:  0.761, PRS: 0.774, SPR: 0.779, RMSE: 0.649, (Best @ 15: {{0.819}}, 0.820, 0.825, 0.586)
[TEST]  QWK:  0.769, PRS: 0.783, SPR: 0.787, RMSE: 0.615 (Best @ 15: {{0.799}}, 0.805, 0.812, 0.596)
--------------------------------------------------------------------------------------------------------------------------
Epoch 50/50
Training one epoch in 23.318 s
[DEV]   QWK:  0.787, PRS: 0.799, SPR: 0.800, RMSE: 0.638, (Best @ 15: {{0.819}}, 0.820, 0.825, 0.586)
[TEST]  QWK:  0.768, PRS: 0.785, SPR: 0.790, RMSE: 0.650 (Best @ 15: {{0.799}}, 0.805, 0.812, 0.596)
--------------------------------------------------------------------------------------------------------------------------
