X_train shape: (1241, 1150)
Initial evaluation: 
[DEV]   QWK:  0.000, PRS: 0.000, SPR: 0.000, RMSE: 1.164, (Best @ -1: {{0.000}}, 0.000, 0.000, 1.164)
[TEST]  QWK:  0.000, PRS: 0.000, SPR: 0.000, RMSE: 1.105 (Best @ -1: {{0.000}}, 0.000, 0.000, 1.105)
--------------------------------------------------------------------------------------------------------------------------
Train model
Epoch 1/50
Training one epoch in 27.115 s
[DEV]   QWK:  0.627, PRS: 0.669, SPR: 0.673, RMSE: 0.746, (Best @ 1: {{0.627}}, 0.669, 0.673, 0.746)
[TEST]  QWK:  0.655, PRS: 0.719, SPR: 0.714, RMSE: 0.733 (Best @ 1: {{0.655}}, 0.719, 0.714, 0.733)
--------------------------------------------------------------------------------------------------------------------------
Epoch 2/50
Training one epoch in 23.602 s
[DEV]   QWK:  0.241, PRS: 0.439, SPR: 0.420, RMSE: 0.943, (Best @ 1: {{0.627}}, 0.669, 0.673, 0.746)
[TEST]  QWK:  0.258, PRS: 0.501, SPR: 0.483, RMSE: 0.951 (Best @ 1: {{0.655}}, 0.719, 0.714, 0.733)
--------------------------------------------------------------------------------------------------------------------------
Epoch 3/50
Training one epoch in 23.734 s
[DEV]   QWK:  0.660, PRS: 0.702, SPR: 0.702, RMSE: 0.723, (Best @ 3: {{0.660}}, 0.702, 0.702, 0.723)
[TEST]  QWK:  0.669, PRS: 0.740, SPR: 0.737, RMSE: 0.736 (Best @ 3: {{0.669}}, 0.740, 0.737, 0.736)
--------------------------------------------------------------------------------------------------------------------------
Epoch 4/50
Training one epoch in 23.883 s
[DEV]   QWK:  0.633, PRS: 0.764, SPR: 0.775, RMSE: 0.888, (Best @ 3: {{0.660}}, 0.702, 0.702, 0.723)
[TEST]  QWK:  0.671, PRS: 0.783, SPR: 0.794, RMSE: 0.799 (Best @ 3: {{0.669}}, 0.740, 0.737, 0.736)
--------------------------------------------------------------------------------------------------------------------------
Epoch 5/50
Training one epoch in 23.744 s
[DEV]   QWK:  0.710, PRS: 0.752, SPR: 0.770, RMSE: 0.655, (Best @ 5: {{0.710}}, 0.752, 0.770, 0.655)
[TEST]  QWK:  0.729, PRS: 0.755, SPR: 0.755, RMSE: 0.638 (Best @ 5: {{0.729}}, 0.755, 0.755, 0.638)
--------------------------------------------------------------------------------------------------------------------------
Epoch 6/50
Training one epoch in 23.778 s
[DEV]   QWK:  0.741, PRS: 0.776, SPR: 0.784, RMSE: 0.631, (Best @ 6: {{0.741}}, 0.776, 0.784, 0.631)
[TEST]  QWK:  0.800, PRS: 0.811, SPR: 0.810, RMSE: 0.567 (Best @ 6: {{0.800}}, 0.811, 0.810, 0.567)
--------------------------------------------------------------------------------------------------------------------------
Epoch 7/50
Training one epoch in 23.802 s
[DEV]   QWK:  0.775, PRS: 0.801, SPR: 0.807, RMSE: 0.620, (Best @ 7: {{0.775}}, 0.801, 0.807, 0.620)
[TEST]  QWK:  0.767, PRS: 0.813, SPR: 0.818, RMSE: 0.642 (Best @ 7: {{0.767}}, 0.813, 0.818, 0.642)
--------------------------------------------------------------------------------------------------------------------------
Epoch 8/50
Training one epoch in 23.829 s
[DEV]   QWK:  0.800, PRS: 0.802, SPR: 0.813, RMSE: 0.599, (Best @ 8: {{0.800}}, 0.802, 0.813, 0.599)
[TEST]  QWK:  0.829, PRS: 0.831, SPR: 0.826, RMSE: 0.562 (Best @ 8: {{0.829}}, 0.831, 0.826, 0.562)
--------------------------------------------------------------------------------------------------------------------------
Epoch 9/50
Training one epoch in 23.779 s
[DEV]   QWK:  0.789, PRS: 0.817, SPR: 0.827, RMSE: 0.599, (Best @ 8: {{0.800}}, 0.802, 0.813, 0.599)
[TEST]  QWK:  0.810, PRS: 0.820, SPR: 0.823, RMSE: 0.572 (Best @ 8: {{0.829}}, 0.831, 0.826, 0.562)
--------------------------------------------------------------------------------------------------------------------------
Epoch 10/50
Training one epoch in 23.859 s
[DEV]   QWK:  0.804, PRS: 0.820, SPR: 0.829, RMSE: 0.599, (Best @ 10: {{0.804}}, 0.820, 0.829, 0.599)
[TEST]  QWK:  0.828, PRS: 0.833, SPR: 0.838, RMSE: 0.572 (Best @ 10: {{0.828}}, 0.833, 0.838, 0.572)
--------------------------------------------------------------------------------------------------------------------------
Epoch 11/50
Training one epoch in 23.865 s
[DEV]   QWK:  0.763, PRS: 0.824, SPR: 0.830, RMSE: 0.666, (Best @ 10: {{0.804}}, 0.820, 0.829, 0.599)
[TEST]  QWK:  0.782, PRS: 0.815, SPR: 0.829, RMSE: 0.624 (Best @ 10: {{0.828}}, 0.833, 0.838, 0.572)
--------------------------------------------------------------------------------------------------------------------------
Epoch 12/50
Training one epoch in 23.902 s
[DEV]   QWK:  0.820, PRS: 0.835, SPR: 0.842, RMSE: 0.615, (Best @ 12: {{0.820}}, 0.835, 0.842, 0.615)
[TEST]  QWK:  0.839, PRS: 0.844, SPR: 0.849, RMSE: 0.572 (Best @ 12: {{0.839}}, 0.844, 0.849, 0.572)
--------------------------------------------------------------------------------------------------------------------------
Epoch 13/50
Training one epoch in 23.808 s
[DEV]   QWK:  0.835, PRS: 0.847, SPR: 0.854, RMSE: 0.577, (Best @ 13: {{0.835}}, 0.847, 0.854, 0.577)
[TEST]  QWK:  0.821, PRS: 0.825, SPR: 0.833, RMSE: 0.597 (Best @ 13: {{0.821}}, 0.825, 0.833, 0.597)
--------------------------------------------------------------------------------------------------------------------------
Epoch 14/50
Training one epoch in 23.773 s
[DEV]   QWK:  0.800, PRS: 0.815, SPR: 0.828, RMSE: 0.587, (Best @ 13: {{0.835}}, 0.847, 0.854, 0.577)
[TEST]  QWK:  0.818, PRS: 0.823, SPR: 0.824, RMSE: 0.562 (Best @ 13: {{0.821}}, 0.825, 0.833, 0.597)
--------------------------------------------------------------------------------------------------------------------------
Epoch 15/50
Training one epoch in 23.751 s
[DEV]   QWK:  0.823, PRS: 0.829, SPR: 0.830, RMSE: 0.577, (Best @ 13: {{0.835}}, 0.847, 0.854, 0.577)
[TEST]  QWK:  0.818, PRS: 0.837, SPR: 0.835, RMSE: 0.582 (Best @ 13: {{0.821}}, 0.825, 0.833, 0.597)
--------------------------------------------------------------------------------------------------------------------------
Epoch 16/50
Training one epoch in 23.763 s
[DEV]   QWK:  0.838, PRS: 0.840, SPR: 0.845, RMSE: 0.552, (Best @ 16: {{0.838}}, 0.840, 0.845, 0.552)
[TEST]  QWK:  0.826, PRS: 0.834, SPR: 0.837, RMSE: 0.572 (Best @ 16: {{0.826}}, 0.834, 0.837, 0.572)
--------------------------------------------------------------------------------------------------------------------------
Epoch 17/50
Training one epoch in 23.791 s
[DEV]   QWK:  0.754, PRS: 0.811, SPR: 0.820, RMSE: 0.651, (Best @ 16: {{0.838}}, 0.840, 0.845, 0.552)
[TEST]  QWK:  0.774, PRS: 0.832, SPR: 0.832, RMSE: 0.597 (Best @ 16: {{0.826}}, 0.834, 0.837, 0.572)
--------------------------------------------------------------------------------------------------------------------------
Epoch 18/50
Training one epoch in 23.795 s
[DEV]   QWK:  0.797, PRS: 0.841, SPR: 0.851, RMSE: 0.672, (Best @ 16: {{0.838}}, 0.840, 0.845, 0.552)
[TEST]  QWK:  0.795, PRS: 0.826, SPR: 0.836, RMSE: 0.668 (Best @ 16: {{0.826}}, 0.834, 0.837, 0.572)
--------------------------------------------------------------------------------------------------------------------------
Epoch 19/50
Training one epoch in 23.784 s
[DEV]   QWK:  0.804, PRS: 0.837, SPR: 0.847, RMSE: 0.666, (Best @ 16: {{0.838}}, 0.840, 0.845, 0.552)
[TEST]  QWK:  0.799, PRS: 0.825, SPR: 0.841, RMSE: 0.664 (Best @ 16: {{0.826}}, 0.834, 0.837, 0.572)
--------------------------------------------------------------------------------------------------------------------------
Epoch 20/50
Training one epoch in 23.867 s
[DEV]   QWK:  0.841, PRS: 0.844, SPR: 0.849, RMSE: 0.557, (Best @ 20: {{0.841}}, 0.844, 0.849, 0.557)
[TEST]  QWK:  0.840, PRS: 0.840, SPR: 0.842, RMSE: 0.552 (Best @ 20: {{0.840}}, 0.840, 0.842, 0.552)
--------------------------------------------------------------------------------------------------------------------------
Epoch 21/50
Training one epoch in 23.818 s
[DEV]   QWK:  0.791, PRS: 0.811, SPR: 0.821, RMSE: 0.587, (Best @ 20: {{0.841}}, 0.844, 0.849, 0.557)
[TEST]  QWK:  0.818, PRS: 0.827, SPR: 0.833, RMSE: 0.547 (Best @ 20: {{0.840}}, 0.840, 0.842, 0.552)
--------------------------------------------------------------------------------------------------------------------------
Epoch 22/50
Training one epoch in 23.834 s
[DEV]   QWK:  0.780, PRS: 0.810, SPR: 0.819, RMSE: 0.638, (Best @ 20: {{0.841}}, 0.844, 0.849, 0.557)
[TEST]  QWK:  0.781, PRS: 0.824, SPR: 0.826, RMSE: 0.638 (Best @ 20: {{0.840}}, 0.840, 0.842, 0.552)
--------------------------------------------------------------------------------------------------------------------------
Epoch 23/50
Training one epoch in 23.806 s
[DEV]   QWK:  0.820, PRS: 0.833, SPR: 0.841, RMSE: 0.592, (Best @ 20: {{0.841}}, 0.844, 0.849, 0.557)
[TEST]  QWK:  0.818, PRS: 0.822, SPR: 0.829, RMSE: 0.582 (Best @ 20: {{0.840}}, 0.840, 0.842, 0.552)
--------------------------------------------------------------------------------------------------------------------------
Epoch 24/50
Training one epoch in 23.801 s
[DEV]   QWK:  0.662, PRS: 0.766, SPR: 0.765, RMSE: 0.731, (Best @ 20: {{0.841}}, 0.844, 0.849, 0.557)
[TEST]  QWK:  0.630, PRS: 0.790, SPR: 0.781, RMSE: 0.774 (Best @ 20: {{0.840}}, 0.840, 0.842, 0.552)
--------------------------------------------------------------------------------------------------------------------------
Epoch 25/50
Training one epoch in 23.758 s
[DEV]   QWK:  0.821, PRS: 0.835, SPR: 0.839, RMSE: 0.587, (Best @ 20: {{0.841}}, 0.844, 0.849, 0.557)
[TEST]  QWK:  0.818, PRS: 0.842, SPR: 0.841, RMSE: 0.587 (Best @ 20: {{0.840}}, 0.840, 0.842, 0.552)
--------------------------------------------------------------------------------------------------------------------------
Epoch 26/50
Training one epoch in 23.714 s
[DEV]   QWK:  0.830, PRS: 0.843, SPR: 0.849, RMSE: 0.589, (Best @ 20: {{0.841}}, 0.844, 0.849, 0.557)
[TEST]  QWK:  0.824, PRS: 0.829, SPR: 0.833, RMSE: 0.587 (Best @ 20: {{0.840}}, 0.840, 0.842, 0.552)
--------------------------------------------------------------------------------------------------------------------------
Epoch 27/50
Training one epoch in 23.762 s
[DEV]   QWK:  0.795, PRS: 0.826, SPR: 0.831, RMSE: 0.620, (Best @ 20: {{0.841}}, 0.844, 0.849, 0.557)
[TEST]  QWK:  0.805, PRS: 0.826, SPR: 0.828, RMSE: 0.587 (Best @ 20: {{0.840}}, 0.840, 0.842, 0.552)
--------------------------------------------------------------------------------------------------------------------------
Epoch 28/50
Training one epoch in 23.883 s
[DEV]   QWK:  0.803, PRS: 0.836, SPR: 0.846, RMSE: 0.664, (Best @ 20: {{0.841}}, 0.844, 0.849, 0.557)
[TEST]  QWK:  0.788, PRS: 0.815, SPR: 0.824, RMSE: 0.676 (Best @ 20: {{0.840}}, 0.840, 0.842, 0.552)
--------------------------------------------------------------------------------------------------------------------------
Epoch 29/50
Training one epoch in 23.890 s
[DEV]   QWK:  0.799, PRS: 0.819, SPR: 0.826, RMSE: 0.613, (Best @ 20: {{0.841}}, 0.844, 0.849, 0.557)
[TEST]  QWK:  0.802, PRS: 0.827, SPR: 0.826, RMSE: 0.611 (Best @ 20: {{0.840}}, 0.840, 0.842, 0.552)
--------------------------------------------------------------------------------------------------------------------------
Epoch 30/50
Training one epoch in 23.755 s
[DEV]   QWK:  0.814, PRS: 0.842, SPR: 0.850, RMSE: 0.599, (Best @ 20: {{0.841}}, 0.844, 0.849, 0.557)
[TEST]  QWK:  0.813, PRS: 0.829, SPR: 0.829, RMSE: 0.587 (Best @ 20: {{0.840}}, 0.840, 0.842, 0.552)
--------------------------------------------------------------------------------------------------------------------------
Epoch 31/50
Training one epoch in 23.851 s
[DEV]   QWK:  0.788, PRS: 0.837, SPR: 0.847, RMSE: 0.679, (Best @ 20: {{0.841}}, 0.844, 0.849, 0.557)
[TEST]  QWK:  0.772, PRS: 0.821, SPR: 0.835, RMSE: 0.705 (Best @ 20: {{0.840}}, 0.840, 0.842, 0.552)
--------------------------------------------------------------------------------------------------------------------------
Epoch 32/50
Training one epoch in 23.851 s
[DEV]   QWK:  0.826, PRS: 0.830, SPR: 0.835, RMSE: 0.560, (Best @ 20: {{0.841}}, 0.844, 0.849, 0.557)
[TEST]  QWK:  0.839, PRS: 0.845, SPR: 0.847, RMSE: 0.542 (Best @ 20: {{0.840}}, 0.840, 0.842, 0.552)
--------------------------------------------------------------------------------------------------------------------------
Epoch 33/50
Training one epoch in 23.922 s
[DEV]   QWK:  0.596, PRS: 0.720, SPR: 0.733, RMSE: 0.927, (Best @ 20: {{0.841}}, 0.844, 0.849, 0.557)
[TEST]  QWK:  0.590, PRS: 0.750, SPR: 0.744, RMSE: 0.930 (Best @ 20: {{0.840}}, 0.840, 0.842, 0.552)
--------------------------------------------------------------------------------------------------------------------------
Epoch 34/50
Training one epoch in 23.943 s
[DEV]   QWK:  0.836, PRS: 0.836, SPR: 0.841, RMSE: 0.557, (Best @ 20: {{0.841}}, 0.844, 0.849, 0.557)
[TEST]  QWK:  0.843, PRS: 0.846, SPR: 0.851, RMSE: 0.542 (Best @ 20: {{0.840}}, 0.840, 0.842, 0.552)
--------------------------------------------------------------------------------------------------------------------------
Epoch 35/50
Training one epoch in 23.956 s
[DEV]   QWK:  0.772, PRS: 0.795, SPR: 0.806, RMSE: 0.618, (Best @ 20: {{0.841}}, 0.844, 0.849, 0.557)
[TEST]  QWK:  0.792, PRS: 0.824, SPR: 0.825, RMSE: 0.601 (Best @ 20: {{0.840}}, 0.840, 0.842, 0.552)
--------------------------------------------------------------------------------------------------------------------------
Epoch 36/50
Training one epoch in 23.867 s
[DEV]   QWK:  0.788, PRS: 0.836, SPR: 0.846, RMSE: 0.683, (Best @ 20: {{0.841}}, 0.844, 0.849, 0.557)
[TEST]  QWK:  0.758, PRS: 0.799, SPR: 0.814, RMSE: 0.725 (Best @ 20: {{0.840}}, 0.840, 0.842, 0.552)
--------------------------------------------------------------------------------------------------------------------------
Epoch 37/50
Training one epoch in 23.948 s
[DEV]   QWK:  0.832, PRS: 0.840, SPR: 0.845, RMSE: 0.567, (Best @ 20: {{0.841}}, 0.844, 0.849, 0.557)
[TEST]  QWK:  0.825, PRS: 0.825, SPR: 0.825, RMSE: 0.577 (Best @ 20: {{0.840}}, 0.840, 0.842, 0.552)
--------------------------------------------------------------------------------------------------------------------------
Epoch 38/50
Training one epoch in 23.889 s
[DEV]   QWK:  0.720, PRS: 0.786, SPR: 0.793, RMSE: 0.693, (Best @ 20: {{0.841}}, 0.844, 0.849, 0.557)
[TEST]  QWK:  0.695, PRS: 0.795, SPR: 0.795, RMSE: 0.721 (Best @ 20: {{0.840}}, 0.840, 0.842, 0.552)
--------------------------------------------------------------------------------------------------------------------------
Epoch 39/50
Training one epoch in 23.946 s
[DEV]   QWK:  0.827, PRS: 0.828, SPR: 0.831, RMSE: 0.577, (Best @ 20: {{0.841}}, 0.844, 0.849, 0.557)
[TEST]  QWK:  0.818, PRS: 0.822, SPR: 0.823, RMSE: 0.587 (Best @ 20: {{0.840}}, 0.840, 0.842, 0.552)
--------------------------------------------------------------------------------------------------------------------------
Epoch 40/50
Training one epoch in 23.931 s
[DEV]   QWK:  0.827, PRS: 0.828, SPR: 0.833, RMSE: 0.562, (Best @ 20: {{0.841}}, 0.844, 0.849, 0.557)
[TEST]  QWK:  0.835, PRS: 0.837, SPR: 0.839, RMSE: 0.552 (Best @ 20: {{0.840}}, 0.840, 0.842, 0.552)
--------------------------------------------------------------------------------------------------------------------------
Epoch 41/50
Training one epoch in 23.917 s
[DEV]   QWK:  0.820, PRS: 0.826, SPR: 0.830, RMSE: 0.585, (Best @ 20: {{0.841}}, 0.844, 0.849, 0.557)
[TEST]  QWK:  0.828, PRS: 0.828, SPR: 0.824, RMSE: 0.567 (Best @ 20: {{0.840}}, 0.840, 0.842, 0.552)
--------------------------------------------------------------------------------------------------------------------------
Epoch 42/50
Training one epoch in 23.979 s
[DEV]   QWK:  0.809, PRS: 0.822, SPR: 0.825, RMSE: 0.608, (Best @ 20: {{0.841}}, 0.844, 0.849, 0.557)
[TEST]  QWK:  0.815, PRS: 0.836, SPR: 0.840, RMSE: 0.597 (Best @ 20: {{0.840}}, 0.840, 0.842, 0.552)
--------------------------------------------------------------------------------------------------------------------------
Epoch 43/50
Training one epoch in 23.932 s
[DEV]   QWK:  0.825, PRS: 0.828, SPR: 0.831, RMSE: 0.572, (Best @ 20: {{0.841}}, 0.844, 0.849, 0.557)
[TEST]  QWK:  0.829, PRS: 0.829, SPR: 0.830, RMSE: 0.562 (Best @ 20: {{0.840}}, 0.840, 0.842, 0.552)
--------------------------------------------------------------------------------------------------------------------------
Epoch 44/50
Training one epoch in 23.914 s
[DEV]   QWK:  0.816, PRS: 0.825, SPR: 0.830, RMSE: 0.618, (Best @ 20: {{0.841}}, 0.844, 0.849, 0.557)
[TEST]  QWK:  0.798, PRS: 0.799, SPR: 0.800, RMSE: 0.629 (Best @ 20: {{0.840}}, 0.840, 0.842, 0.552)
--------------------------------------------------------------------------------------------------------------------------
Epoch 45/50
Training one epoch in 23.919 s
[DEV]   QWK:  0.743, PRS: 0.791, SPR: 0.798, RMSE: 0.636, (Best @ 20: {{0.841}}, 0.844, 0.849, 0.557)
[TEST]  QWK:  0.734, PRS: 0.789, SPR: 0.790, RMSE: 0.668 (Best @ 20: {{0.840}}, 0.840, 0.842, 0.552)
--------------------------------------------------------------------------------------------------------------------------
Epoch 46/50
Training one epoch in 23.850 s
[DEV]   QWK:  0.797, PRS: 0.810, SPR: 0.814, RMSE: 0.592, (Best @ 20: {{0.841}}, 0.844, 0.849, 0.557)
[TEST]  QWK:  0.810, PRS: 0.812, SPR: 0.815, RMSE: 0.577 (Best @ 20: {{0.840}}, 0.840, 0.842, 0.552)
--------------------------------------------------------------------------------------------------------------------------
Epoch 47/50
Training one epoch in 23.857 s
[DEV]   QWK:  0.798, PRS: 0.818, SPR: 0.824, RMSE: 0.624, (Best @ 20: {{0.841}}, 0.844, 0.849, 0.557)
[TEST]  QWK:  0.812, PRS: 0.816, SPR: 0.820, RMSE: 0.592 (Best @ 20: {{0.840}}, 0.840, 0.842, 0.552)
--------------------------------------------------------------------------------------------------------------------------
Epoch 48/50
Training one epoch in 23.875 s
[DEV]   QWK:  0.820, PRS: 0.838, SPR: 0.843, RMSE: 0.599, (Best @ 20: {{0.841}}, 0.844, 0.849, 0.557)
[TEST]  QWK:  0.811, PRS: 0.815, SPR: 0.821, RMSE: 0.606 (Best @ 20: {{0.840}}, 0.840, 0.842, 0.552)
--------------------------------------------------------------------------------------------------------------------------
Epoch 49/50
Training one epoch in 23.777 s
[DEV]   QWK:  0.822, PRS: 0.824, SPR: 0.828, RMSE: 0.608, (Best @ 20: {{0.841}}, 0.844, 0.849, 0.557)
[TEST]  QWK:  0.812, PRS: 0.814, SPR: 0.816, RMSE: 0.606 (Best @ 20: {{0.840}}, 0.840, 0.842, 0.552)
--------------------------------------------------------------------------------------------------------------------------
Epoch 50/50
Training one epoch in 23.837 s
[DEV]   QWK:  0.808, PRS: 0.813, SPR: 0.819, RMSE: 0.627, (Best @ 20: {{0.841}}, 0.844, 0.849, 0.557)
[TEST]  QWK:  0.819, PRS: 0.821, SPR: 0.825, RMSE: 0.606 (Best @ 20: {{0.840}}, 0.840, 0.842, 0.552)
--------------------------------------------------------------------------------------------------------------------------
