X_train shape: (1260, 4400)
Initial evaluation: 
[DEV]   QWK:  0.000, PRS: 0.000, SPR: 0.000, RMSE: 0.994, (Best @ -1: {{0.000}}, 0.000, 0.000, 0.994)
[TEST]  QWK:  0.000, PRS: 0.000, SPR: 0.000, RMSE: 0.978 (Best @ -1: {{0.000}}, 0.000, 0.000, 0.978)
--------------------------------------------------------------------------------------------------------------------------
Train model
Epoch 1/50
Training one epoch in 47.879 s
[DEV]   QWK:  0.569, PRS: 0.599, SPR: 0.569, RMSE: 0.654, (Best @ 1: {{0.569}}, 0.599, 0.569, 0.654)
[TEST]  QWK:  0.638, PRS: 0.665, SPR: 0.670, RMSE: 0.587 (Best @ 1: {{0.638}}, 0.665, 0.670, 0.587)
--------------------------------------------------------------------------------------------------------------------------
Epoch 2/50
Training one epoch in 46.456 s
[DEV]   QWK:  0.615, PRS: 0.643, SPR: 0.621, RMSE: 0.621, (Best @ 2: {{0.615}}, 0.643, 0.621, 0.621)
[TEST]  QWK:  0.601, PRS: 0.625, SPR: 0.656, RMSE: 0.615 (Best @ 2: {{0.601}}, 0.625, 0.656, 0.615)
--------------------------------------------------------------------------------------------------------------------------
Epoch 3/50
Training one epoch in 46.419 s
[DEV]   QWK:  0.618, PRS: 0.636, SPR: 0.596, RMSE: 0.628, (Best @ 3: {{0.618}}, 0.636, 0.596, 0.628)
[TEST]  QWK:  0.656, PRS: 0.678, SPR: 0.666, RMSE: 0.573 (Best @ 3: {{0.656}}, 0.678, 0.666, 0.573)
--------------------------------------------------------------------------------------------------------------------------
Epoch 4/50
Training one epoch in 46.355 s
[DEV]   QWK:  0.625, PRS: 0.662, SPR: 0.643, RMSE: 0.612, (Best @ 4: {{0.625}}, 0.662, 0.643, 0.612)
[TEST]  QWK:  0.660, PRS: 0.697, SPR: 0.710, RMSE: 0.563 (Best @ 4: {{0.660}}, 0.697, 0.710, 0.563)
--------------------------------------------------------------------------------------------------------------------------
Epoch 5/50
Training one epoch in 46.399 s
[DEV]   QWK:  0.638, PRS: 0.659, SPR: 0.614, RMSE: 0.615, (Best @ 5: {{0.638}}, 0.659, 0.614, 0.615)
[TEST]  QWK:  0.707, PRS: 0.727, SPR: 0.719, RMSE: 0.543 (Best @ 5: {{0.707}}, 0.727, 0.719, 0.543)
--------------------------------------------------------------------------------------------------------------------------
Epoch 6/50
Training one epoch in 46.314 s
[DEV]   QWK:  0.661, PRS: 0.680, SPR: 0.652, RMSE: 0.610, (Best @ 6: {{0.661}}, 0.680, 0.652, 0.610)
[TEST]  QWK:  0.699, PRS: 0.720, SPR: 0.713, RMSE: 0.558 (Best @ 6: {{0.699}}, 0.720, 0.713, 0.558)
--------------------------------------------------------------------------------------------------------------------------
Epoch 7/50
Training one epoch in 46.493 s
[DEV]   QWK:  0.696, PRS: 0.745, SPR: 0.710, RMSE: 0.587, (Best @ 7: {{0.696}}, 0.745, 0.710, 0.587)
[TEST]  QWK:  0.650, PRS: 0.698, SPR: 0.688, RMSE: 0.619 (Best @ 7: {{0.650}}, 0.698, 0.688, 0.619)
--------------------------------------------------------------------------------------------------------------------------
Epoch 8/50
Training one epoch in 46.145 s
[DEV]   QWK:  0.696, PRS: 0.724, SPR: 0.688, RMSE: 0.577, (Best @ 7: {{0.696}}, 0.745, 0.710, 0.587)
[TEST]  QWK:  0.698, PRS: 0.724, SPR: 0.733, RMSE: 0.558 (Best @ 7: {{0.650}}, 0.698, 0.688, 0.619)
--------------------------------------------------------------------------------------------------------------------------
Epoch 9/50
Training one epoch in 45.856 s
[DEV]   QWK:  0.667, PRS: 0.703, SPR: 0.668, RMSE: 0.589, (Best @ 7: {{0.696}}, 0.745, 0.710, 0.587)
[TEST]  QWK:  0.654, PRS: 0.693, SPR: 0.700, RMSE: 0.577 (Best @ 7: {{0.650}}, 0.698, 0.688, 0.619)
--------------------------------------------------------------------------------------------------------------------------
Epoch 10/50
Training one epoch in 46.464 s
[DEV]   QWK:  0.673, PRS: 0.695, SPR: 0.668, RMSE: 0.596, (Best @ 7: {{0.696}}, 0.745, 0.710, 0.587)
[TEST]  QWK:  0.675, PRS: 0.701, SPR: 0.685, RMSE: 0.573 (Best @ 7: {{0.650}}, 0.698, 0.688, 0.619)
--------------------------------------------------------------------------------------------------------------------------
Epoch 11/50
Training one epoch in 45.973 s
[DEV]   QWK:  0.704, PRS: 0.720, SPR: 0.693, RMSE: 0.568, (Best @ 11: {{0.704}}, 0.720, 0.693, 0.568)
[TEST]  QWK:  0.694, PRS: 0.711, SPR: 0.701, RMSE: 0.558 (Best @ 11: {{0.694}}, 0.711, 0.701, 0.558)
--------------------------------------------------------------------------------------------------------------------------
Epoch 12/50
Training one epoch in 46.388 s
[DEV]   QWK:  0.716, PRS: 0.747, SPR: 0.709, RMSE: 0.568, (Best @ 12: {{0.716}}, 0.747, 0.709, 0.568)
[TEST]  QWK:  0.655, PRS: 0.686, SPR: 0.683, RMSE: 0.606 (Best @ 12: {{0.655}}, 0.686, 0.683, 0.606)
--------------------------------------------------------------------------------------------------------------------------
Epoch 13/50
Training one epoch in 46.284 s
[DEV]   QWK:  0.672, PRS: 0.724, SPR: 0.689, RMSE: 0.582, (Best @ 12: {{0.716}}, 0.747, 0.709, 0.568)
[TEST]  QWK:  0.617, PRS: 0.664, SPR: 0.670, RMSE: 0.610 (Best @ 12: {{0.655}}, 0.686, 0.683, 0.606)
--------------------------------------------------------------------------------------------------------------------------
Epoch 14/50
Training one epoch in 46.290 s
[DEV]   QWK:  0.686, PRS: 0.715, SPR: 0.682, RMSE: 0.568, (Best @ 12: {{0.716}}, 0.747, 0.709, 0.568)
[TEST]  QWK:  0.703, PRS: 0.726, SPR: 0.727, RMSE: 0.537 (Best @ 12: {{0.655}}, 0.686, 0.683, 0.606)
--------------------------------------------------------------------------------------------------------------------------
Epoch 15/50
Training one epoch in 46.010 s
[DEV]   QWK:  0.724, PRS: 0.734, SPR: 0.698, RMSE: 0.550, (Best @ 15: {{0.724}}, 0.734, 0.698, 0.550)
[TEST]  QWK:  0.741, PRS: 0.751, SPR: 0.748, RMSE: 0.516 (Best @ 15: {{0.741}}, 0.751, 0.748, 0.516)
--------------------------------------------------------------------------------------------------------------------------
Epoch 16/50
Training one epoch in 46.557 s
[DEV]   QWK:  0.749, PRS: 0.756, SPR: 0.720, RMSE: 0.537, (Best @ 16: {{0.749}}, 0.756, 0.720, 0.537)
[TEST]  QWK:  0.725, PRS: 0.735, SPR: 0.734, RMSE: 0.537 (Best @ 16: {{0.725}}, 0.735, 0.734, 0.537)
--------------------------------------------------------------------------------------------------------------------------
Epoch 17/50
Training one epoch in 46.468 s
[DEV]   QWK:  0.702, PRS: 0.742, SPR: 0.706, RMSE: 0.570, (Best @ 16: {{0.749}}, 0.756, 0.720, 0.537)
[TEST]  QWK:  0.640, PRS: 0.679, SPR: 0.687, RMSE: 0.606 (Best @ 16: {{0.725}}, 0.735, 0.734, 0.537)
--------------------------------------------------------------------------------------------------------------------------
Epoch 18/50
Training one epoch in 46.190 s
[DEV]   QWK:  0.737, PRS: 0.743, SPR: 0.706, RMSE: 0.545, (Best @ 16: {{0.749}}, 0.756, 0.720, 0.537)
[TEST]  QWK:  0.739, PRS: 0.747, SPR: 0.738, RMSE: 0.522 (Best @ 16: {{0.725}}, 0.735, 0.734, 0.537)
--------------------------------------------------------------------------------------------------------------------------
Epoch 19/50
Training one epoch in 46.215 s
[DEV]   QWK:  0.714, PRS: 0.727, SPR: 0.695, RMSE: 0.560, (Best @ 16: {{0.749}}, 0.756, 0.720, 0.537)
[TEST]  QWK:  0.732, PRS: 0.743, SPR: 0.742, RMSE: 0.527 (Best @ 16: {{0.725}}, 0.735, 0.734, 0.537)
--------------------------------------------------------------------------------------------------------------------------
Epoch 20/50
Training one epoch in 46.520 s
[DEV]   QWK:  0.717, PRS: 0.730, SPR: 0.696, RMSE: 0.558, (Best @ 16: {{0.749}}, 0.756, 0.720, 0.537)
[TEST]  QWK:  0.744, PRS: 0.753, SPR: 0.751, RMSE: 0.516 (Best @ 16: {{0.725}}, 0.735, 0.734, 0.537)
--------------------------------------------------------------------------------------------------------------------------
Epoch 21/50
Training one epoch in 46.717 s
[DEV]   QWK:  0.744, PRS: 0.755, SPR: 0.726, RMSE: 0.548, (Best @ 16: {{0.749}}, 0.756, 0.720, 0.537)
[TEST]  QWK:  0.690, PRS: 0.707, SPR: 0.699, RMSE: 0.577 (Best @ 16: {{0.725}}, 0.735, 0.734, 0.537)
--------------------------------------------------------------------------------------------------------------------------
Epoch 22/50
Training one epoch in 46.601 s
[DEV]   QWK:  0.717, PRS: 0.732, SPR: 0.698, RMSE: 0.550, (Best @ 16: {{0.749}}, 0.756, 0.720, 0.537)
[TEST]  QWK:  0.724, PRS: 0.737, SPR: 0.734, RMSE: 0.527 (Best @ 16: {{0.725}}, 0.735, 0.734, 0.537)
--------------------------------------------------------------------------------------------------------------------------
Epoch 23/50
Training one epoch in 46.041 s
[DEV]   QWK:  0.747, PRS: 0.768, SPR: 0.739, RMSE: 0.537, (Best @ 16: {{0.749}}, 0.756, 0.720, 0.537)
[TEST]  QWK:  0.693, PRS: 0.714, SPR: 0.718, RMSE: 0.568 (Best @ 16: {{0.725}}, 0.735, 0.734, 0.537)
--------------------------------------------------------------------------------------------------------------------------
Epoch 24/50
Training one epoch in 46.219 s
[DEV]   QWK:  0.745, PRS: 0.751, SPR: 0.715, RMSE: 0.537, (Best @ 16: {{0.749}}, 0.756, 0.720, 0.537)
[TEST]  QWK:  0.734, PRS: 0.741, SPR: 0.739, RMSE: 0.527 (Best @ 16: {{0.725}}, 0.735, 0.734, 0.537)
--------------------------------------------------------------------------------------------------------------------------
Epoch 25/50
Training one epoch in 46.476 s
[DEV]   QWK:  0.742, PRS: 0.746, SPR: 0.710, RMSE: 0.548, (Best @ 16: {{0.749}}, 0.756, 0.720, 0.537)
[TEST]  QWK:  0.728, PRS: 0.736, SPR: 0.732, RMSE: 0.532 (Best @ 16: {{0.725}}, 0.735, 0.734, 0.537)
--------------------------------------------------------------------------------------------------------------------------
Epoch 26/50
Training one epoch in 46.365 s
[DEV]   QWK:  0.722, PRS: 0.736, SPR: 0.699, RMSE: 0.553, (Best @ 16: {{0.749}}, 0.756, 0.720, 0.537)
[TEST]  QWK:  0.723, PRS: 0.734, SPR: 0.724, RMSE: 0.537 (Best @ 16: {{0.725}}, 0.735, 0.734, 0.537)
--------------------------------------------------------------------------------------------------------------------------
Epoch 27/50
Training one epoch in 46.344 s
[DEV]   QWK:  0.716, PRS: 0.725, SPR: 0.690, RMSE: 0.558, (Best @ 16: {{0.749}}, 0.756, 0.720, 0.537)
[TEST]  QWK:  0.711, PRS: 0.722, SPR: 0.712, RMSE: 0.543 (Best @ 16: {{0.725}}, 0.735, 0.734, 0.537)
--------------------------------------------------------------------------------------------------------------------------
Epoch 28/50
Training one epoch in 46.274 s
[DEV]   QWK:  0.716, PRS: 0.748, SPR: 0.716, RMSE: 0.563, (Best @ 16: {{0.749}}, 0.756, 0.720, 0.537)
[TEST]  QWK:  0.681, PRS: 0.710, SPR: 0.713, RMSE: 0.568 (Best @ 16: {{0.725}}, 0.735, 0.734, 0.537)
--------------------------------------------------------------------------------------------------------------------------
Epoch 29/50
Training one epoch in 46.450 s
[DEV]   QWK:  0.698, PRS: 0.706, SPR: 0.672, RMSE: 0.577, (Best @ 16: {{0.749}}, 0.756, 0.720, 0.537)
[TEST]  QWK:  0.701, PRS: 0.709, SPR: 0.704, RMSE: 0.558 (Best @ 16: {{0.725}}, 0.735, 0.734, 0.537)
--------------------------------------------------------------------------------------------------------------------------
Epoch 30/50
Training one epoch in 46.027 s
[DEV]   QWK:  0.702, PRS: 0.748, SPR: 0.715, RMSE: 0.596, (Best @ 16: {{0.749}}, 0.756, 0.720, 0.537)
[TEST]  QWK:  0.648, PRS: 0.688, SPR: 0.683, RMSE: 0.624 (Best @ 16: {{0.725}}, 0.735, 0.734, 0.537)
--------------------------------------------------------------------------------------------------------------------------
Epoch 31/50
Training one epoch in 46.220 s
[DEV]   QWK:  0.718, PRS: 0.753, SPR: 0.713, RMSE: 0.570, (Best @ 16: {{0.749}}, 0.756, 0.720, 0.537)
[TEST]  QWK:  0.677, PRS: 0.705, SPR: 0.692, RMSE: 0.592 (Best @ 16: {{0.725}}, 0.735, 0.734, 0.537)
--------------------------------------------------------------------------------------------------------------------------
Epoch 32/50
Training one epoch in 46.097 s
[DEV]   QWK:  0.769, PRS: 0.770, SPR: 0.735, RMSE: 0.535, (Best @ 32: {{0.769}}, 0.770, 0.735, 0.535)
[TEST]  QWK:  0.712, PRS: 0.719, SPR: 0.701, RMSE: 0.573 (Best @ 32: {{0.712}}, 0.719, 0.701, 0.573)
--------------------------------------------------------------------------------------------------------------------------
Epoch 33/50
Training one epoch in 45.890 s
[DEV]   QWK:  0.698, PRS: 0.755, SPR: 0.724, RMSE: 0.628, (Best @ 32: {{0.769}}, 0.770, 0.735, 0.535)
[TEST]  QWK:  0.659, PRS: 0.707, SPR: 0.700, RMSE: 0.650 (Best @ 32: {{0.712}}, 0.719, 0.701, 0.573)
--------------------------------------------------------------------------------------------------------------------------
Epoch 34/50
Training one epoch in 46.351 s
[DEV]   QWK:  0.733, PRS: 0.747, SPR: 0.700, RMSE: 0.555, (Best @ 32: {{0.769}}, 0.770, 0.735, 0.535)
[TEST]  QWK:  0.722, PRS: 0.731, SPR: 0.731, RMSE: 0.543 (Best @ 32: {{0.712}}, 0.719, 0.701, 0.573)
--------------------------------------------------------------------------------------------------------------------------
Epoch 35/50
Training one epoch in 46.627 s
[DEV]   QWK:  0.721, PRS: 0.740, SPR: 0.698, RMSE: 0.577, (Best @ 32: {{0.769}}, 0.770, 0.735, 0.535)
[TEST]  QWK:  0.688, PRS: 0.705, SPR: 0.712, RMSE: 0.582 (Best @ 32: {{0.712}}, 0.719, 0.701, 0.573)
--------------------------------------------------------------------------------------------------------------------------
Epoch 36/50
Training one epoch in 46.622 s
[DEV]   QWK:  0.706, PRS: 0.743, SPR: 0.707, RMSE: 0.589, (Best @ 32: {{0.769}}, 0.770, 0.735, 0.535)
[TEST]  QWK:  0.658, PRS: 0.688, SPR: 0.686, RMSE: 0.619 (Best @ 32: {{0.712}}, 0.719, 0.701, 0.573)
--------------------------------------------------------------------------------------------------------------------------
Epoch 37/50
Training one epoch in 46.568 s
[DEV]   QWK:  0.741, PRS: 0.746, SPR: 0.707, RMSE: 0.570, (Best @ 32: {{0.769}}, 0.770, 0.735, 0.535)
[TEST]  QWK:  0.692, PRS: 0.700, SPR: 0.692, RMSE: 0.606 (Best @ 32: {{0.712}}, 0.719, 0.701, 0.573)
--------------------------------------------------------------------------------------------------------------------------
Epoch 38/50
Training one epoch in 45.677 s
[DEV]   QWK:  0.737, PRS: 0.744, SPR: 0.709, RMSE: 0.550, (Best @ 32: {{0.769}}, 0.770, 0.735, 0.535)
[TEST]  QWK:  0.738, PRS: 0.741, SPR: 0.732, RMSE: 0.537 (Best @ 32: {{0.712}}, 0.719, 0.701, 0.573)
--------------------------------------------------------------------------------------------------------------------------
Epoch 39/50
Training one epoch in 46.589 s
[DEV]   QWK:  0.717, PRS: 0.733, SPR: 0.694, RMSE: 0.580, (Best @ 32: {{0.769}}, 0.770, 0.735, 0.535)
[TEST]  QWK:  0.730, PRS: 0.735, SPR: 0.730, RMSE: 0.553 (Best @ 32: {{0.712}}, 0.719, 0.701, 0.573)
--------------------------------------------------------------------------------------------------------------------------
Epoch 40/50
Training one epoch in 46.097 s
[DEV]   QWK:  0.736, PRS: 0.755, SPR: 0.716, RMSE: 0.553, (Best @ 32: {{0.769}}, 0.770, 0.735, 0.535)
[TEST]  QWK:  0.734, PRS: 0.744, SPR: 0.738, RMSE: 0.537 (Best @ 32: {{0.712}}, 0.719, 0.701, 0.573)
--------------------------------------------------------------------------------------------------------------------------
Epoch 41/50
Training one epoch in 46.483 s
[DEV]   QWK:  0.738, PRS: 0.742, SPR: 0.715, RMSE: 0.553, (Best @ 32: {{0.769}}, 0.770, 0.735, 0.535)
[TEST]  QWK:  0.708, PRS: 0.717, SPR: 0.693, RMSE: 0.563 (Best @ 32: {{0.712}}, 0.719, 0.701, 0.573)
--------------------------------------------------------------------------------------------------------------------------
Epoch 42/50
Training one epoch in 46.478 s
[DEV]   QWK:  0.640, PRS: 0.715, SPR: 0.669, RMSE: 0.662, (Best @ 32: {{0.769}}, 0.770, 0.735, 0.535)
[TEST]  QWK:  0.607, PRS: 0.666, SPR: 0.654, RMSE: 0.662 (Best @ 32: {{0.712}}, 0.719, 0.701, 0.573)
--------------------------------------------------------------------------------------------------------------------------
Epoch 43/50
Training one epoch in 46.585 s
[DEV]   QWK:  0.640, PRS: 0.713, SPR: 0.673, RMSE: 0.675, (Best @ 32: {{0.769}}, 0.770, 0.735, 0.535)
[TEST]  QWK:  0.614, PRS: 0.676, SPR: 0.654, RMSE: 0.671 (Best @ 32: {{0.712}}, 0.719, 0.701, 0.573)
--------------------------------------------------------------------------------------------------------------------------
Epoch 44/50
Training one epoch in 46.391 s
[DEV]   QWK:  0.724, PRS: 0.729, SPR: 0.696, RMSE: 0.565, (Best @ 32: {{0.769}}, 0.770, 0.735, 0.535)
[TEST]  QWK:  0.705, PRS: 0.715, SPR: 0.690, RMSE: 0.558 (Best @ 32: {{0.712}}, 0.719, 0.701, 0.573)
--------------------------------------------------------------------------------------------------------------------------
Epoch 45/50
Training one epoch in 46.402 s
[DEV]   QWK:  0.708, PRS: 0.713, SPR: 0.672, RMSE: 0.587, (Best @ 32: {{0.769}}, 0.770, 0.735, 0.535)
[TEST]  QWK:  0.736, PRS: 0.739, SPR: 0.722, RMSE: 0.537 (Best @ 32: {{0.712}}, 0.719, 0.701, 0.573)
--------------------------------------------------------------------------------------------------------------------------
Epoch 46/50
Training one epoch in 46.246 s
[DEV]   QWK:  0.726, PRS: 0.726, SPR: 0.684, RMSE: 0.582, (Best @ 32: {{0.769}}, 0.770, 0.735, 0.535)
[TEST]  QWK:  0.741, PRS: 0.742, SPR: 0.734, RMSE: 0.537 (Best @ 32: {{0.712}}, 0.719, 0.701, 0.573)
--------------------------------------------------------------------------------------------------------------------------
Epoch 47/50
Training one epoch in 45.844 s
[DEV]   QWK:  0.711, PRS: 0.739, SPR: 0.700, RMSE: 0.580, (Best @ 32: {{0.769}}, 0.770, 0.735, 0.535)
[TEST]  QWK:  0.700, PRS: 0.718, SPR: 0.696, RMSE: 0.568 (Best @ 32: {{0.712}}, 0.719, 0.701, 0.573)
--------------------------------------------------------------------------------------------------------------------------
Epoch 48/50
Training one epoch in 46.159 s
[DEV]   QWK:  0.679, PRS: 0.724, SPR: 0.691, RMSE: 0.639, (Best @ 32: {{0.769}}, 0.770, 0.735, 0.535)
[TEST]  QWK:  0.654, PRS: 0.688, SPR: 0.676, RMSE: 0.624 (Best @ 32: {{0.712}}, 0.719, 0.701, 0.573)
--------------------------------------------------------------------------------------------------------------------------
Epoch 49/50
Training one epoch in 46.410 s
[DEV]   QWK:  0.669, PRS: 0.699, SPR: 0.654, RMSE: 0.635, (Best @ 32: {{0.769}}, 0.770, 0.735, 0.535)
[TEST]  QWK:  0.722, PRS: 0.741, SPR: 0.715, RMSE: 0.568 (Best @ 32: {{0.712}}, 0.719, 0.701, 0.573)
--------------------------------------------------------------------------------------------------------------------------
Epoch 50/50
Training one epoch in 46.515 s
[DEV]   QWK:  0.669, PRS: 0.687, SPR: 0.637, RMSE: 0.599, (Best @ 32: {{0.769}}, 0.770, 0.735, 0.535)
[TEST]  QWK:  0.691, PRS: 0.702, SPR: 0.690, RMSE: 0.563 (Best @ 32: {{0.712}}, 0.719, 0.701, 0.573)
--------------------------------------------------------------------------------------------------------------------------
