X_train shape: (1249, 3550)
Initial evaluation: 
[DEV]   QWK:  0.000, PRS: 0.000, SPR: 0.000, RMSE: 2.127, (Best @ -1: {{0.000}}, 0.000, 0.000, 2.127)
[TEST]  QWK:  0.000, PRS: 0.000, SPR: 0.000, RMSE: 2.152 (Best @ -1: {{0.000}}, 0.000, 0.000, 2.152)
--------------------------------------------------------------------------------------------------------------------------
Train model
Epoch 1/50
Training one epoch in 42.636 s
[DEV]   QWK:  0.556, PRS: 0.749, SPR: 0.698, RMSE: 1.498, (Best @ 1: {{0.556}}, 0.749, 0.698, 1.498)
[TEST]  QWK:  0.541, PRS: 0.755, SPR: 0.683, RMSE: 1.486 (Best @ 1: {{0.541}}, 0.755, 0.683, 1.486)
--------------------------------------------------------------------------------------------------------------------------
Epoch 2/50
Training one epoch in 39.848 s
[DEV]   QWK:  0.760, PRS: 0.769, SPR: 0.747, RMSE: 0.980, (Best @ 2: {{0.760}}, 0.769, 0.747, 0.980)
[TEST]  QWK:  0.806, PRS: 0.810, SPR: 0.765, RMSE: 0.858 (Best @ 2: {{0.806}}, 0.810, 0.765, 0.858)
--------------------------------------------------------------------------------------------------------------------------
Epoch 3/50
Training one epoch in 39.904 s
[DEV]   QWK:  0.689, PRS: 0.793, SPR: 0.767, RMSE: 1.153, (Best @ 2: {{0.760}}, 0.769, 0.747, 0.980)
[TEST]  QWK:  0.697, PRS: 0.812, SPR: 0.754, RMSE: 1.104 (Best @ 2: {{0.806}}, 0.810, 0.765, 0.858)
--------------------------------------------------------------------------------------------------------------------------
Epoch 4/50
Training one epoch in 39.582 s
[DEV]   QWK:  0.752, PRS: 0.795, SPR: 0.775, RMSE: 1.029, (Best @ 2: {{0.760}}, 0.769, 0.747, 0.980)
[TEST]  QWK:  0.777, PRS: 0.842, SPR: 0.798, RMSE: 0.942 (Best @ 2: {{0.806}}, 0.810, 0.765, 0.858)
--------------------------------------------------------------------------------------------------------------------------
Epoch 5/50
Training one epoch in 40.057 s
[DEV]   QWK:  0.771, PRS: 0.815, SPR: 0.800, RMSE: 0.938, (Best @ 5: {{0.771}}, 0.815, 0.800, 0.938)
[TEST]  QWK:  0.785, PRS: 0.843, SPR: 0.809, RMSE: 0.871 (Best @ 5: {{0.785}}, 0.843, 0.809, 0.871)
--------------------------------------------------------------------------------------------------------------------------
Epoch 6/50
Training one epoch in 39.948 s
[DEV]   QWK:  0.780, PRS: 0.796, SPR: 0.777, RMSE: 0.915, (Best @ 6: {{0.780}}, 0.796, 0.777, 0.915)
[TEST]  QWK:  0.809, PRS: 0.818, SPR: 0.778, RMSE: 0.831 (Best @ 6: {{0.809}}, 0.818, 0.778, 0.831)
--------------------------------------------------------------------------------------------------------------------------
Epoch 7/50
Training one epoch in 40.095 s
[DEV]   QWK:  0.768, PRS: 0.801, SPR: 0.784, RMSE: 0.964, (Best @ 6: {{0.780}}, 0.796, 0.777, 0.915)
[TEST]  QWK:  0.807, PRS: 0.849, SPR: 0.816, RMSE: 0.845 (Best @ 6: {{0.809}}, 0.818, 0.778, 0.831)
--------------------------------------------------------------------------------------------------------------------------
Epoch 8/50
Training one epoch in 39.796 s
[DEV]   QWK:  0.797, PRS: 0.823, SPR: 0.811, RMSE: 0.882, (Best @ 8: {{0.797}}, 0.823, 0.811, 0.882)
[TEST]  QWK:  0.812, PRS: 0.835, SPR: 0.803, RMSE: 0.828 (Best @ 8: {{0.812}}, 0.835, 0.803, 0.828)
--------------------------------------------------------------------------------------------------------------------------
Epoch 9/50
Training one epoch in 39.828 s
[DEV]   QWK:  0.793, PRS: 0.816, SPR: 0.798, RMSE: 0.879, (Best @ 8: {{0.797}}, 0.823, 0.811, 0.882)
[TEST]  QWK:  0.810, PRS: 0.830, SPR: 0.794, RMSE: 0.811 (Best @ 8: {{0.812}}, 0.835, 0.803, 0.828)
--------------------------------------------------------------------------------------------------------------------------
Epoch 10/50
Training one epoch in 40.000 s
[DEV]   QWK:  0.818, PRS: 0.828, SPR: 0.804, RMSE: 0.851, (Best @ 10: {{0.818}}, 0.828, 0.804, 0.851)
[TEST]  QWK:  0.816, PRS: 0.825, SPR: 0.792, RMSE: 0.828 (Best @ 10: {{0.816}}, 0.825, 0.792, 0.828)
--------------------------------------------------------------------------------------------------------------------------
Epoch 11/50
Training one epoch in 39.916 s
[DEV]   QWK:  0.785, PRS: 0.819, SPR: 0.800, RMSE: 0.935, (Best @ 10: {{0.818}}, 0.828, 0.804, 0.851)
[TEST]  QWK:  0.787, PRS: 0.829, SPR: 0.785, RMSE: 0.896 (Best @ 10: {{0.816}}, 0.825, 0.792, 0.828)
--------------------------------------------------------------------------------------------------------------------------
Epoch 12/50
Training one epoch in 39.929 s
[DEV]   QWK:  0.828, PRS: 0.831, SPR: 0.808, RMSE: 0.853, (Best @ 12: {{0.828}}, 0.831, 0.808, 0.853)
[TEST]  QWK:  0.828, PRS: 0.832, SPR: 0.802, RMSE: 0.818 (Best @ 12: {{0.828}}, 0.832, 0.802, 0.818)
--------------------------------------------------------------------------------------------------------------------------
Epoch 13/50
Training one epoch in 40.134 s
[DEV]   QWK:  0.750, PRS: 0.814, SPR: 0.776, RMSE: 0.958, (Best @ 12: {{0.828}}, 0.831, 0.808, 0.853)
[TEST]  QWK:  0.774, PRS: 0.832, SPR: 0.790, RMSE: 0.899 (Best @ 12: {{0.828}}, 0.832, 0.802, 0.818)
--------------------------------------------------------------------------------------------------------------------------
Epoch 14/50
Training one epoch in 39.823 s
[DEV]   QWK:  0.763, PRS: 0.820, SPR: 0.787, RMSE: 0.976, (Best @ 12: {{0.828}}, 0.831, 0.808, 0.853)
[TEST]  QWK:  0.782, PRS: 0.844, SPR: 0.802, RMSE: 0.909 (Best @ 12: {{0.828}}, 0.832, 0.802, 0.818)
--------------------------------------------------------------------------------------------------------------------------
Epoch 15/50
Training one epoch in 39.953 s
[DEV]   QWK:  0.804, PRS: 0.830, SPR: 0.813, RMSE: 0.890, (Best @ 12: {{0.828}}, 0.831, 0.808, 0.853)
[TEST]  QWK:  0.793, PRS: 0.823, SPR: 0.786, RMSE: 0.884 (Best @ 12: {{0.828}}, 0.832, 0.802, 0.818)
--------------------------------------------------------------------------------------------------------------------------
Epoch 16/50
Training one epoch in 39.800 s
[DEV]   QWK:  0.780, PRS: 0.825, SPR: 0.793, RMSE: 0.945, (Best @ 12: {{0.828}}, 0.831, 0.808, 0.853)
[TEST]  QWK:  0.779, PRS: 0.833, SPR: 0.796, RMSE: 0.921 (Best @ 12: {{0.828}}, 0.832, 0.802, 0.818)
--------------------------------------------------------------------------------------------------------------------------
Epoch 17/50
Training one epoch in 39.913 s
[DEV]   QWK:  0.806, PRS: 0.830, SPR: 0.811, RMSE: 0.909, (Best @ 12: {{0.828}}, 0.831, 0.808, 0.853)
[TEST]  QWK:  0.789, PRS: 0.818, SPR: 0.782, RMSE: 0.918 (Best @ 12: {{0.828}}, 0.832, 0.802, 0.818)
--------------------------------------------------------------------------------------------------------------------------
Epoch 18/50
Training one epoch in 39.962 s
[DEV]   QWK:  0.826, PRS: 0.837, SPR: 0.807, RMSE: 0.855, (Best @ 12: {{0.828}}, 0.831, 0.808, 0.853)
[TEST]  QWK:  0.811, PRS: 0.818, SPR: 0.781, RMSE: 0.864 (Best @ 12: {{0.828}}, 0.832, 0.802, 0.818)
--------------------------------------------------------------------------------------------------------------------------
Epoch 19/50
Training one epoch in 39.654 s
[DEV]   QWK:  0.779, PRS: 0.838, SPR: 0.791, RMSE: 0.945, (Best @ 12: {{0.828}}, 0.831, 0.808, 0.853)
[TEST]  QWK:  0.754, PRS: 0.819, SPR: 0.767, RMSE: 0.957 (Best @ 12: {{0.828}}, 0.832, 0.802, 0.818)
--------------------------------------------------------------------------------------------------------------------------
Epoch 20/50
Training one epoch in 39.698 s
[DEV]   QWK:  0.797, PRS: 0.826, SPR: 0.800, RMSE: 0.929, (Best @ 12: {{0.828}}, 0.831, 0.808, 0.853)
[TEST]  QWK:  0.787, PRS: 0.821, SPR: 0.792, RMSE: 0.918 (Best @ 12: {{0.828}}, 0.832, 0.802, 0.818)
--------------------------------------------------------------------------------------------------------------------------
Epoch 21/50
Training one epoch in 40.148 s
[DEV]   QWK:  0.793, PRS: 0.838, SPR: 0.795, RMSE: 0.885, (Best @ 12: {{0.828}}, 0.831, 0.808, 0.853)
[TEST]  QWK:  0.804, PRS: 0.833, SPR: 0.785, RMSE: 0.845 (Best @ 12: {{0.828}}, 0.832, 0.802, 0.818)
--------------------------------------------------------------------------------------------------------------------------
Epoch 22/50
Training one epoch in 39.902 s
[DEV]   QWK:  0.804, PRS: 0.831, SPR: 0.800, RMSE: 0.846, (Best @ 12: {{0.828}}, 0.831, 0.808, 0.853)
[TEST]  QWK:  0.803, PRS: 0.815, SPR: 0.761, RMSE: 0.838 (Best @ 12: {{0.828}}, 0.832, 0.802, 0.818)
--------------------------------------------------------------------------------------------------------------------------
Epoch 23/50
Training one epoch in 39.963 s
[DEV]   QWK:  0.819, PRS: 0.824, SPR: 0.789, RMSE: 0.876, (Best @ 12: {{0.828}}, 0.831, 0.808, 0.853)
[TEST]  QWK:  0.826, PRS: 0.830, SPR: 0.785, RMSE: 0.831 (Best @ 12: {{0.828}}, 0.832, 0.802, 0.818)
--------------------------------------------------------------------------------------------------------------------------
Epoch 24/50
Training one epoch in 40.065 s
[DEV]   QWK:  0.798, PRS: 0.832, SPR: 0.788, RMSE: 0.861, (Best @ 12: {{0.828}}, 0.831, 0.808, 0.853)
[TEST]  QWK:  0.793, PRS: 0.820, SPR: 0.780, RMSE: 0.845 (Best @ 12: {{0.828}}, 0.832, 0.802, 0.818)
--------------------------------------------------------------------------------------------------------------------------
Epoch 25/50
Training one epoch in 39.972 s
[DEV]   QWK:  0.810, PRS: 0.833, SPR: 0.798, RMSE: 0.848, (Best @ 12: {{0.828}}, 0.831, 0.808, 0.853)
[TEST]  QWK:  0.816, PRS: 0.829, SPR: 0.786, RMSE: 0.821 (Best @ 12: {{0.828}}, 0.832, 0.802, 0.818)
--------------------------------------------------------------------------------------------------------------------------
Epoch 26/50
Training one epoch in 40.050 s
[DEV]   QWK:  0.804, PRS: 0.829, SPR: 0.787, RMSE: 0.901, (Best @ 12: {{0.828}}, 0.831, 0.808, 0.853)
[TEST]  QWK:  0.803, PRS: 0.822, SPR: 0.781, RMSE: 0.871 (Best @ 12: {{0.828}}, 0.832, 0.802, 0.818)
--------------------------------------------------------------------------------------------------------------------------
Epoch 27/50
Training one epoch in 39.954 s
[DEV]   QWK:  0.803, PRS: 0.821, SPR: 0.788, RMSE: 0.874, (Best @ 12: {{0.828}}, 0.831, 0.808, 0.853)
[TEST]  QWK:  0.819, PRS: 0.832, SPR: 0.783, RMSE: 0.814 (Best @ 12: {{0.828}}, 0.832, 0.802, 0.818)
--------------------------------------------------------------------------------------------------------------------------
Epoch 28/50
Training one epoch in 40.100 s
[DEV]   QWK:  0.809, PRS: 0.832, SPR: 0.795, RMSE: 0.884, (Best @ 12: {{0.828}}, 0.831, 0.808, 0.853)
[TEST]  QWK:  0.798, PRS: 0.818, SPR: 0.765, RMSE: 0.884 (Best @ 12: {{0.828}}, 0.832, 0.802, 0.818)
--------------------------------------------------------------------------------------------------------------------------
Epoch 29/50
Training one epoch in 39.978 s
[DEV]   QWK:  0.814, PRS: 0.817, SPR: 0.780, RMSE: 0.909, (Best @ 12: {{0.828}}, 0.831, 0.808, 0.853)
[TEST]  QWK:  0.815, PRS: 0.817, SPR: 0.780, RMSE: 0.874 (Best @ 12: {{0.828}}, 0.832, 0.802, 0.818)
--------------------------------------------------------------------------------------------------------------------------
Epoch 30/50
Training one epoch in 39.659 s
[DEV]   QWK:  0.812, PRS: 0.826, SPR: 0.792, RMSE: 0.863, (Best @ 12: {{0.828}}, 0.831, 0.808, 0.853)
[TEST]  QWK:  0.809, PRS: 0.818, SPR: 0.778, RMSE: 0.851 (Best @ 12: {{0.828}}, 0.832, 0.802, 0.818)
--------------------------------------------------------------------------------------------------------------------------
Epoch 31/50
Training one epoch in 39.653 s
[DEV]   QWK:  0.802, PRS: 0.821, SPR: 0.780, RMSE: 0.903, (Best @ 12: {{0.828}}, 0.831, 0.808, 0.853)
[TEST]  QWK:  0.815, PRS: 0.824, SPR: 0.782, RMSE: 0.855 (Best @ 12: {{0.828}}, 0.832, 0.802, 0.818)
--------------------------------------------------------------------------------------------------------------------------
Epoch 32/50
Training one epoch in 39.920 s
[DEV]   QWK:  0.817, PRS: 0.828, SPR: 0.783, RMSE: 0.888, (Best @ 12: {{0.828}}, 0.831, 0.808, 0.853)
[TEST]  QWK:  0.797, PRS: 0.809, SPR: 0.761, RMSE: 0.909 (Best @ 12: {{0.828}}, 0.832, 0.802, 0.818)
--------------------------------------------------------------------------------------------------------------------------
Epoch 33/50
Training one epoch in 40.088 s
[DEV]   QWK:  0.813, PRS: 0.831, SPR: 0.793, RMSE: 0.893, (Best @ 12: {{0.828}}, 0.831, 0.808, 0.853)
[TEST]  QWK:  0.802, PRS: 0.816, SPR: 0.771, RMSE: 0.887 (Best @ 12: {{0.828}}, 0.832, 0.802, 0.818)
--------------------------------------------------------------------------------------------------------------------------
Epoch 34/50
Training one epoch in 39.966 s
[DEV]   QWK:  0.824, PRS: 0.825, SPR: 0.789, RMSE: 0.882, (Best @ 12: {{0.828}}, 0.831, 0.808, 0.853)
[TEST]  QWK:  0.823, PRS: 0.823, SPR: 0.782, RMSE: 0.864 (Best @ 12: {{0.828}}, 0.832, 0.802, 0.818)
--------------------------------------------------------------------------------------------------------------------------
Epoch 35/50
Training one epoch in 40.121 s
[DEV]   QWK:  0.809, PRS: 0.834, SPR: 0.785, RMSE: 0.920, (Best @ 12: {{0.828}}, 0.831, 0.808, 0.853)
[TEST]  QWK:  0.787, PRS: 0.813, SPR: 0.762, RMSE: 0.945 (Best @ 12: {{0.828}}, 0.832, 0.802, 0.818)
--------------------------------------------------------------------------------------------------------------------------
Epoch 36/50
Training one epoch in 39.936 s
[DEV]   QWK:  0.810, PRS: 0.819, SPR: 0.781, RMSE: 0.885, (Best @ 12: {{0.828}}, 0.831, 0.808, 0.853)
[TEST]  QWK:  0.822, PRS: 0.826, SPR: 0.788, RMSE: 0.841 (Best @ 12: {{0.828}}, 0.832, 0.802, 0.818)
--------------------------------------------------------------------------------------------------------------------------
Epoch 37/50
Training one epoch in 39.960 s
[DEV]   QWK:  0.806, PRS: 0.822, SPR: 0.789, RMSE: 0.872, (Best @ 12: {{0.828}}, 0.831, 0.808, 0.853)
[TEST]  QWK:  0.826, PRS: 0.836, SPR: 0.795, RMSE: 0.807 (Best @ 12: {{0.828}}, 0.832, 0.802, 0.818)
--------------------------------------------------------------------------------------------------------------------------
Epoch 38/50
Training one epoch in 40.153 s
[DEV]   QWK:  0.789, PRS: 0.813, SPR: 0.767, RMSE: 0.915, (Best @ 12: {{0.828}}, 0.831, 0.808, 0.853)
[TEST]  QWK:  0.815, PRS: 0.833, SPR: 0.785, RMSE: 0.841 (Best @ 12: {{0.828}}, 0.832, 0.802, 0.818)
--------------------------------------------------------------------------------------------------------------------------
Epoch 39/50
Training one epoch in 39.839 s
[DEV]   QWK:  0.803, PRS: 0.816, SPR: 0.781, RMSE: 0.887, (Best @ 12: {{0.828}}, 0.831, 0.808, 0.853)
[TEST]  QWK:  0.805, PRS: 0.814, SPR: 0.767, RMSE: 0.861 (Best @ 12: {{0.828}}, 0.832, 0.802, 0.818)
--------------------------------------------------------------------------------------------------------------------------
Epoch 40/50
Training one epoch in 40.216 s
[DEV]   QWK:  0.810, PRS: 0.826, SPR: 0.782, RMSE: 0.895, (Best @ 12: {{0.828}}, 0.831, 0.808, 0.853)
[TEST]  QWK:  0.815, PRS: 0.827, SPR: 0.778, RMSE: 0.864 (Best @ 12: {{0.828}}, 0.832, 0.802, 0.818)
--------------------------------------------------------------------------------------------------------------------------
Epoch 41/50
Training one epoch in 40.116 s
[DEV]   QWK:  0.814, PRS: 0.819, SPR: 0.775, RMSE: 0.881, (Best @ 12: {{0.828}}, 0.831, 0.808, 0.853)
[TEST]  QWK:  0.820, PRS: 0.821, SPR: 0.785, RMSE: 0.848 (Best @ 12: {{0.828}}, 0.832, 0.802, 0.818)
--------------------------------------------------------------------------------------------------------------------------
Epoch 42/50
Training one epoch in 39.905 s
[DEV]   QWK:  0.792, PRS: 0.805, SPR: 0.765, RMSE: 0.909, (Best @ 12: {{0.828}}, 0.831, 0.808, 0.853)
[TEST]  QWK:  0.820, PRS: 0.826, SPR: 0.790, RMSE: 0.835 (Best @ 12: {{0.828}}, 0.832, 0.802, 0.818)
--------------------------------------------------------------------------------------------------------------------------
Epoch 43/50
Training one epoch in 39.821 s
[DEV]   QWK:  0.820, PRS: 0.820, SPR: 0.782, RMSE: 0.904, (Best @ 12: {{0.828}}, 0.831, 0.808, 0.853)
[TEST]  QWK:  0.806, PRS: 0.806, SPR: 0.757, RMSE: 0.915 (Best @ 12: {{0.828}}, 0.832, 0.802, 0.818)
--------------------------------------------------------------------------------------------------------------------------
Epoch 44/50
Training one epoch in 40.259 s
[DEV]   QWK:  0.791, PRS: 0.816, SPR: 0.781, RMSE: 0.984, (Best @ 12: {{0.828}}, 0.831, 0.808, 0.853)
[TEST]  QWK:  0.774, PRS: 0.809, SPR: 0.759, RMSE: 1.022 (Best @ 12: {{0.828}}, 0.832, 0.802, 0.818)
--------------------------------------------------------------------------------------------------------------------------
Epoch 45/50
Training one epoch in 39.854 s
[DEV]   QWK:  0.768, PRS: 0.797, SPR: 0.749, RMSE: 0.932, (Best @ 12: {{0.828}}, 0.831, 0.808, 0.853)
[TEST]  QWK:  0.805, PRS: 0.826, SPR: 0.782, RMSE: 0.831 (Best @ 12: {{0.828}}, 0.832, 0.802, 0.818)
--------------------------------------------------------------------------------------------------------------------------
Epoch 46/50
Training one epoch in 39.904 s
[DEV]   QWK:  0.756, PRS: 0.809, SPR: 0.770, RMSE: 1.085, (Best @ 12: {{0.828}}, 0.831, 0.808, 0.853)
[TEST]  QWK:  0.746, PRS: 0.810, SPR: 0.756, RMSE: 1.096 (Best @ 12: {{0.828}}, 0.832, 0.802, 0.818)
--------------------------------------------------------------------------------------------------------------------------
Epoch 47/50
Training one epoch in 40.059 s
[DEV]   QWK:  0.798, PRS: 0.803, SPR: 0.761, RMSE: 0.912, (Best @ 12: {{0.828}}, 0.831, 0.808, 0.853)
[TEST]  QWK:  0.806, PRS: 0.808, SPR: 0.769, RMSE: 0.871 (Best @ 12: {{0.828}}, 0.832, 0.802, 0.818)
--------------------------------------------------------------------------------------------------------------------------
Epoch 48/50
Training one epoch in 40.062 s
[DEV]   QWK:  0.773, PRS: 0.807, SPR: 0.770, RMSE: 1.030, (Best @ 12: {{0.828}}, 0.831, 0.808, 0.853)
[TEST]  QWK:  0.781, PRS: 0.823, SPR: 0.775, RMSE: 0.997 (Best @ 12: {{0.828}}, 0.832, 0.802, 0.818)
--------------------------------------------------------------------------------------------------------------------------
Epoch 49/50
Training one epoch in 39.685 s
[DEV]   QWK:  0.806, PRS: 0.810, SPR: 0.763, RMSE: 0.909, (Best @ 12: {{0.828}}, 0.831, 0.808, 0.853)
[TEST]  QWK:  0.828, PRS: 0.829, SPR: 0.790, RMSE: 0.831 (Best @ 12: {{0.828}}, 0.832, 0.802, 0.818)
--------------------------------------------------------------------------------------------------------------------------
Epoch 50/50
Training one epoch in 40.096 s
[DEV]   QWK:  0.788, PRS: 0.809, SPR: 0.765, RMSE: 0.980, (Best @ 12: {{0.828}}, 0.831, 0.808, 0.853)
[TEST]  QWK:  0.795, PRS: 0.818, SPR: 0.772, RMSE: 0.942 (Best @ 12: {{0.828}}, 0.832, 0.802, 0.818)
--------------------------------------------------------------------------------------------------------------------------
