X_train shape: (1241, 1150)
Initial evaluation: 
[DEV]   QWK:  0.016, PRS: 0.077, SPR: 0.075, RMSE: 1.043, (Best @ -1: {{0.016}}, 0.077, 0.075, 1.043)
[TEST]  QWK:  0.030, PRS: 0.169, SPR: 0.161, RMSE: 1.060 (Best @ -1: {{0.030}}, 0.169, 0.161, 1.060)
--------------------------------------------------------------------------------------------------------------------------
Train model
Epoch 1/50
Training one epoch in 25.889 s
[DEV]   QWK:  0.607, PRS: 0.712, SPR: 0.727, RMSE: 0.928, (Best @ 1: {{0.607}}, 0.712, 0.727, 0.928)
[TEST]  QWK:  0.686, PRS: 0.753, SPR: 0.760, RMSE: 0.820 (Best @ 1: {{0.686}}, 0.753, 0.760, 0.820)
--------------------------------------------------------------------------------------------------------------------------
Epoch 2/50
Training one epoch in 23.224 s
[DEV]   QWK:  0.724, PRS: 0.731, SPR: 0.736, RMSE: 0.683, (Best @ 2: {{0.724}}, 0.731, 0.736, 0.683)
[TEST]  QWK:  0.742, PRS: 0.756, SPR: 0.753, RMSE: 0.664 (Best @ 2: {{0.742}}, 0.756, 0.753, 0.664)
--------------------------------------------------------------------------------------------------------------------------
Epoch 3/50
Training one epoch in 23.376 s
[DEV]   QWK:  0.633, PRS: 0.742, SPR: 0.744, RMSE: 0.810, (Best @ 2: {{0.724}}, 0.731, 0.736, 0.683)
[TEST]  QWK:  0.622, PRS: 0.769, SPR: 0.769, RMSE: 0.827 (Best @ 2: {{0.742}}, 0.756, 0.753, 0.664)
--------------------------------------------------------------------------------------------------------------------------
Epoch 4/50
Training one epoch in 23.427 s
[DEV]   QWK:  0.717, PRS: 0.779, SPR: 0.783, RMSE: 0.733, (Best @ 2: {{0.724}}, 0.731, 0.736, 0.683)
[TEST]  QWK:  0.778, PRS: 0.804, SPR: 0.810, RMSE: 0.638 (Best @ 2: {{0.742}}, 0.756, 0.753, 0.664)
--------------------------------------------------------------------------------------------------------------------------
Epoch 5/50
Training one epoch in 23.392 s
[DEV]   QWK:  0.667, PRS: 0.735, SPR: 0.749, RMSE: 0.676, (Best @ 2: {{0.724}}, 0.731, 0.736, 0.683)
[TEST]  QWK:  0.668, PRS: 0.741, SPR: 0.751, RMSE: 0.697 (Best @ 2: {{0.742}}, 0.756, 0.753, 0.664)
--------------------------------------------------------------------------------------------------------------------------
Epoch 6/50
Training one epoch in 23.433 s
[DEV]   QWK:  0.522, PRS: 0.757, SPR: 0.775, RMSE: 1.035, (Best @ 2: {{0.724}}, 0.731, 0.736, 0.683)
[TEST]  QWK:  0.580, PRS: 0.769, SPR: 0.785, RMSE: 0.924 (Best @ 2: {{0.742}}, 0.756, 0.753, 0.664)
--------------------------------------------------------------------------------------------------------------------------
Epoch 7/50
Training one epoch in 23.432 s
[DEV]   QWK:  0.701, PRS: 0.756, SPR: 0.772, RMSE: 0.651, (Best @ 2: {{0.724}}, 0.731, 0.736, 0.683)
[TEST]  QWK:  0.689, PRS: 0.749, SPR: 0.757, RMSE: 0.681 (Best @ 2: {{0.742}}, 0.756, 0.753, 0.664)
--------------------------------------------------------------------------------------------------------------------------
Epoch 8/50
Training one epoch in 23.368 s
[DEV]   QWK:  0.742, PRS: 0.808, SPR: 0.821, RMSE: 0.735, (Best @ 8: {{0.742}}, 0.808, 0.821, 0.735)
[TEST]  QWK:  0.778, PRS: 0.818, SPR: 0.835, RMSE: 0.672 (Best @ 8: {{0.778}}, 0.818, 0.835, 0.672)
--------------------------------------------------------------------------------------------------------------------------
Epoch 9/50
Training one epoch in 23.409 s
[DEV]   QWK:  0.792, PRS: 0.810, SPR: 0.817, RMSE: 0.618, (Best @ 9: {{0.792}}, 0.810, 0.817, 0.618)
[TEST]  QWK:  0.794, PRS: 0.834, SPR: 0.837, RMSE: 0.615 (Best @ 9: {{0.794}}, 0.834, 0.837, 0.615)
--------------------------------------------------------------------------------------------------------------------------
Epoch 10/50
Training one epoch in 23.436 s
[DEV]   QWK:  0.824, PRS: 0.826, SPR: 0.829, RMSE: 0.575, (Best @ 10: {{0.824}}, 0.826, 0.829, 0.575)
[TEST]  QWK:  0.834, PRS: 0.835, SPR: 0.831, RMSE: 0.562 (Best @ 10: {{0.834}}, 0.835, 0.831, 0.562)
--------------------------------------------------------------------------------------------------------------------------
Epoch 11/50
Training one epoch in 23.390 s
[DEV]   QWK:  0.657, PRS: 0.787, SPR: 0.790, RMSE: 0.806, (Best @ 10: {{0.824}}, 0.826, 0.829, 0.575)
[TEST]  QWK:  0.656, PRS: 0.818, SPR: 0.822, RMSE: 0.810 (Best @ 10: {{0.834}}, 0.835, 0.831, 0.562)
--------------------------------------------------------------------------------------------------------------------------
Epoch 12/50
Training one epoch in 23.487 s
[DEV]   QWK:  0.740, PRS: 0.814, SPR: 0.824, RMSE: 0.736, (Best @ 10: {{0.824}}, 0.826, 0.829, 0.575)
[TEST]  QWK:  0.767, PRS: 0.819, SPR: 0.837, RMSE: 0.689 (Best @ 10: {{0.834}}, 0.835, 0.831, 0.562)
--------------------------------------------------------------------------------------------------------------------------
Epoch 13/50
Training one epoch in 23.511 s
[DEV]   QWK:  0.796, PRS: 0.817, SPR: 0.829, RMSE: 0.594, (Best @ 10: {{0.824}}, 0.826, 0.829, 0.575)
[TEST]  QWK:  0.778, PRS: 0.815, SPR: 0.819, RMSE: 0.629 (Best @ 10: {{0.834}}, 0.835, 0.831, 0.562)
--------------------------------------------------------------------------------------------------------------------------
Epoch 14/50
Training one epoch in 23.462 s
[DEV]   QWK:  0.814, PRS: 0.821, SPR: 0.828, RMSE: 0.580, (Best @ 10: {{0.824}}, 0.826, 0.829, 0.575)
[TEST]  QWK:  0.819, PRS: 0.840, SPR: 0.839, RMSE: 0.582 (Best @ 10: {{0.834}}, 0.835, 0.831, 0.562)
--------------------------------------------------------------------------------------------------------------------------
Epoch 15/50
Training one epoch in 23.462 s
[DEV]   QWK:  0.855, PRS: 0.855, SPR: 0.859, RMSE: 0.531, (Best @ 15: {{0.855}}, 0.855, 0.859, 0.531)
[TEST]  QWK:  0.836, PRS: 0.840, SPR: 0.839, RMSE: 0.562 (Best @ 15: {{0.836}}, 0.840, 0.839, 0.562)
--------------------------------------------------------------------------------------------------------------------------
Epoch 16/50
Training one epoch in 23.430 s
[DEV]   QWK:  0.773, PRS: 0.820, SPR: 0.828, RMSE: 0.668, (Best @ 15: {{0.855}}, 0.855, 0.859, 0.531)
[TEST]  QWK:  0.824, PRS: 0.841, SPR: 0.851, RMSE: 0.577 (Best @ 15: {{0.836}}, 0.840, 0.839, 0.562)
--------------------------------------------------------------------------------------------------------------------------
Epoch 17/50
Training one epoch in 23.446 s
[DEV]   QWK:  0.753, PRS: 0.804, SPR: 0.809, RMSE: 0.695, (Best @ 15: {{0.855}}, 0.855, 0.859, 0.531)
[TEST]  QWK:  0.767, PRS: 0.836, SPR: 0.838, RMSE: 0.676 (Best @ 15: {{0.836}}, 0.840, 0.839, 0.562)
--------------------------------------------------------------------------------------------------------------------------
Epoch 18/50
Training one epoch in 23.422 s
[DEV]   QWK:  0.793, PRS: 0.827, SPR: 0.837, RMSE: 0.657, (Best @ 15: {{0.855}}, 0.855, 0.859, 0.531)
[TEST]  QWK:  0.806, PRS: 0.822, SPR: 0.835, RMSE: 0.629 (Best @ 15: {{0.836}}, 0.840, 0.839, 0.562)
--------------------------------------------------------------------------------------------------------------------------
Epoch 19/50
Training one epoch in 23.382 s
[DEV]   QWK:  0.753, PRS: 0.802, SPR: 0.812, RMSE: 0.674, (Best @ 15: {{0.855}}, 0.855, 0.859, 0.531)
[TEST]  QWK:  0.769, PRS: 0.831, SPR: 0.832, RMSE: 0.664 (Best @ 15: {{0.836}}, 0.840, 0.839, 0.562)
--------------------------------------------------------------------------------------------------------------------------
Epoch 20/50
Training one epoch in 23.427 s
[DEV]   QWK:  0.831, PRS: 0.838, SPR: 0.845, RMSE: 0.560, (Best @ 15: {{0.855}}, 0.855, 0.859, 0.531)
[TEST]  QWK:  0.830, PRS: 0.831, SPR: 0.831, RMSE: 0.557 (Best @ 15: {{0.836}}, 0.840, 0.839, 0.562)
--------------------------------------------------------------------------------------------------------------------------
Epoch 21/50
Training one epoch in 23.477 s
[DEV]   QWK:  0.832, PRS: 0.833, SPR: 0.841, RMSE: 0.552, (Best @ 15: {{0.855}}, 0.855, 0.859, 0.531)
[TEST]  QWK:  0.824, PRS: 0.827, SPR: 0.828, RMSE: 0.567 (Best @ 15: {{0.836}}, 0.840, 0.839, 0.562)
--------------------------------------------------------------------------------------------------------------------------
Epoch 22/50
Training one epoch in 23.472 s
[DEV]   QWK:  0.819, PRS: 0.822, SPR: 0.824, RMSE: 0.567, (Best @ 15: {{0.855}}, 0.855, 0.859, 0.531)
[TEST]  QWK:  0.836, PRS: 0.845, SPR: 0.843, RMSE: 0.542 (Best @ 15: {{0.836}}, 0.840, 0.839, 0.562)
--------------------------------------------------------------------------------------------------------------------------
Epoch 23/50
Training one epoch in 23.517 s
[DEV]   QWK:  0.830, PRS: 0.833, SPR: 0.834, RMSE: 0.557, (Best @ 15: {{0.855}}, 0.855, 0.859, 0.531)
[TEST]  QWK:  0.847, PRS: 0.854, SPR: 0.848, RMSE: 0.531 (Best @ 15: {{0.836}}, 0.840, 0.839, 0.562)
--------------------------------------------------------------------------------------------------------------------------
Epoch 24/50
Training one epoch in 23.492 s
[DEV]   QWK:  0.809, PRS: 0.822, SPR: 0.829, RMSE: 0.585, (Best @ 15: {{0.855}}, 0.855, 0.859, 0.531)
[TEST]  QWK:  0.839, PRS: 0.843, SPR: 0.840, RMSE: 0.526 (Best @ 15: {{0.836}}, 0.840, 0.839, 0.562)
--------------------------------------------------------------------------------------------------------------------------
Epoch 25/50
Training one epoch in 23.477 s
[DEV]   QWK:  0.835, PRS: 0.839, SPR: 0.841, RMSE: 0.562, (Best @ 15: {{0.855}}, 0.855, 0.859, 0.531)
[TEST]  QWK:  0.862, PRS: 0.863, SPR: 0.860, RMSE: 0.510 (Best @ 15: {{0.836}}, 0.840, 0.839, 0.562)
--------------------------------------------------------------------------------------------------------------------------
Epoch 26/50
Training one epoch in 23.460 s
[DEV]   QWK:  0.695, PRS: 0.762, SPR: 0.772, RMSE: 0.685, (Best @ 15: {{0.855}}, 0.855, 0.859, 0.531)
[TEST]  QWK:  0.694, PRS: 0.788, SPR: 0.792, RMSE: 0.701 (Best @ 15: {{0.836}}, 0.840, 0.839, 0.562)
--------------------------------------------------------------------------------------------------------------------------
Epoch 27/50
Training one epoch in 23.414 s
[DEV]   QWK:  0.754, PRS: 0.820, SPR: 0.832, RMSE: 0.723, (Best @ 15: {{0.855}}, 0.855, 0.859, 0.531)
[TEST]  QWK:  0.745, PRS: 0.805, SPR: 0.821, RMSE: 0.736 (Best @ 15: {{0.836}}, 0.840, 0.839, 0.562)
--------------------------------------------------------------------------------------------------------------------------
Epoch 28/50
Training one epoch in 23.362 s
[DEV]   QWK:  0.817, PRS: 0.820, SPR: 0.826, RMSE: 0.572, (Best @ 15: {{0.855}}, 0.855, 0.859, 0.531)
[TEST]  QWK:  0.844, PRS: 0.846, SPR: 0.847, RMSE: 0.537 (Best @ 15: {{0.836}}, 0.840, 0.839, 0.562)
--------------------------------------------------------------------------------------------------------------------------
Epoch 29/50
Training one epoch in 23.123 s
[DEV]   QWK:  0.831, PRS: 0.833, SPR: 0.837, RMSE: 0.567, (Best @ 15: {{0.855}}, 0.855, 0.859, 0.531)
[TEST]  QWK:  0.852, PRS: 0.853, SPR: 0.851, RMSE: 0.521 (Best @ 15: {{0.836}}, 0.840, 0.839, 0.562)
--------------------------------------------------------------------------------------------------------------------------
Epoch 30/50
Training one epoch in 23.280 s
[DEV]   QWK:  0.838, PRS: 0.848, SPR: 0.854, RMSE: 0.565, (Best @ 15: {{0.855}}, 0.855, 0.859, 0.531)
[TEST]  QWK:  0.854, PRS: 0.854, SPR: 0.854, RMSE: 0.531 (Best @ 15: {{0.836}}, 0.840, 0.839, 0.562)
--------------------------------------------------------------------------------------------------------------------------
Epoch 31/50
Training one epoch in 23.455 s
[DEV]   QWK:  0.795, PRS: 0.809, SPR: 0.821, RMSE: 0.585, (Best @ 15: {{0.855}}, 0.855, 0.859, 0.531)
[TEST]  QWK:  0.817, PRS: 0.832, SPR: 0.833, RMSE: 0.562 (Best @ 15: {{0.836}}, 0.840, 0.839, 0.562)
--------------------------------------------------------------------------------------------------------------------------
Epoch 32/50
Training one epoch in 23.345 s
[DEV]   QWK:  0.757, PRS: 0.791, SPR: 0.800, RMSE: 0.655, (Best @ 15: {{0.855}}, 0.855, 0.859, 0.531)
[TEST]  QWK:  0.774, PRS: 0.813, SPR: 0.812, RMSE: 0.642 (Best @ 15: {{0.836}}, 0.840, 0.839, 0.562)
--------------------------------------------------------------------------------------------------------------------------
Epoch 33/50
Training one epoch in 23.338 s
[DEV]   QWK:  0.809, PRS: 0.837, SPR: 0.849, RMSE: 0.613, (Best @ 15: {{0.855}}, 0.855, 0.859, 0.531)
[TEST]  QWK:  0.819, PRS: 0.833, SPR: 0.837, RMSE: 0.592 (Best @ 15: {{0.836}}, 0.840, 0.839, 0.562)
--------------------------------------------------------------------------------------------------------------------------
Epoch 34/50
Training one epoch in 23.560 s
[DEV]   QWK:  0.824, PRS: 0.825, SPR: 0.828, RMSE: 0.575, (Best @ 15: {{0.855}}, 0.855, 0.859, 0.531)
[TEST]  QWK:  0.846, PRS: 0.851, SPR: 0.851, RMSE: 0.531 (Best @ 15: {{0.836}}, 0.840, 0.839, 0.562)
--------------------------------------------------------------------------------------------------------------------------
Epoch 35/50
Training one epoch in 23.550 s
[DEV]   QWK:  0.827, PRS: 0.846, SPR: 0.852, RMSE: 0.577, (Best @ 15: {{0.855}}, 0.855, 0.859, 0.531)
[TEST]  QWK:  0.840, PRS: 0.843, SPR: 0.842, RMSE: 0.547 (Best @ 15: {{0.836}}, 0.840, 0.839, 0.562)
--------------------------------------------------------------------------------------------------------------------------
Epoch 36/50
Training one epoch in 23.494 s
[DEV]   QWK:  0.843, PRS: 0.850, SPR: 0.856, RMSE: 0.570, (Best @ 15: {{0.855}}, 0.855, 0.859, 0.531)
[TEST]  QWK:  0.838, PRS: 0.841, SPR: 0.845, RMSE: 0.572 (Best @ 15: {{0.836}}, 0.840, 0.839, 0.562)
--------------------------------------------------------------------------------------------------------------------------
Epoch 37/50
Training one epoch in 23.535 s
[DEV]   QWK:  0.823, PRS: 0.825, SPR: 0.828, RMSE: 0.572, (Best @ 15: {{0.855}}, 0.855, 0.859, 0.531)
[TEST]  QWK:  0.860, PRS: 0.862, SPR: 0.859, RMSE: 0.510 (Best @ 15: {{0.836}}, 0.840, 0.839, 0.562)
--------------------------------------------------------------------------------------------------------------------------
Epoch 38/50
Training one epoch in 23.512 s
[DEV]   QWK:  0.771, PRS: 0.796, SPR: 0.807, RMSE: 0.604, (Best @ 15: {{0.855}}, 0.855, 0.859, 0.531)
[TEST]  QWK:  0.777, PRS: 0.810, SPR: 0.817, RMSE: 0.606 (Best @ 15: {{0.836}}, 0.840, 0.839, 0.562)
--------------------------------------------------------------------------------------------------------------------------
Epoch 39/50
Training one epoch in 23.470 s
[DEV]   QWK:  0.830, PRS: 0.840, SPR: 0.846, RMSE: 0.582, (Best @ 15: {{0.855}}, 0.855, 0.859, 0.531)
[TEST]  QWK:  0.840, PRS: 0.843, SPR: 0.847, RMSE: 0.562 (Best @ 15: {{0.836}}, 0.840, 0.839, 0.562)
--------------------------------------------------------------------------------------------------------------------------
Epoch 40/50
Training one epoch in 23.569 s
[DEV]   QWK:  0.813, PRS: 0.824, SPR: 0.826, RMSE: 0.597, (Best @ 15: {{0.855}}, 0.855, 0.859, 0.531)
[TEST]  QWK:  0.818, PRS: 0.840, SPR: 0.839, RMSE: 0.587 (Best @ 15: {{0.836}}, 0.840, 0.839, 0.562)
--------------------------------------------------------------------------------------------------------------------------
Epoch 41/50
Training one epoch in 23.561 s
[DEV]   QWK:  0.823, PRS: 0.825, SPR: 0.828, RMSE: 0.565, (Best @ 15: {{0.855}}, 0.855, 0.859, 0.531)
[TEST]  QWK:  0.835, PRS: 0.841, SPR: 0.839, RMSE: 0.542 (Best @ 15: {{0.836}}, 0.840, 0.839, 0.562)
--------------------------------------------------------------------------------------------------------------------------
Epoch 42/50
Training one epoch in 23.478 s
[DEV]   QWK:  0.773, PRS: 0.829, SPR: 0.842, RMSE: 0.709, (Best @ 15: {{0.855}}, 0.855, 0.859, 0.531)
[TEST]  QWK:  0.761, PRS: 0.806, SPR: 0.824, RMSE: 0.725 (Best @ 15: {{0.836}}, 0.840, 0.839, 0.562)
--------------------------------------------------------------------------------------------------------------------------
Epoch 43/50
Training one epoch in 23.486 s
[DEV]   QWK:  0.808, PRS: 0.813, SPR: 0.821, RMSE: 0.589, (Best @ 15: {{0.855}}, 0.855, 0.859, 0.531)
[TEST]  QWK:  0.839, PRS: 0.840, SPR: 0.836, RMSE: 0.537 (Best @ 15: {{0.836}}, 0.840, 0.839, 0.562)
--------------------------------------------------------------------------------------------------------------------------
Epoch 44/50
Training one epoch in 23.468 s
[DEV]   QWK:  0.810, PRS: 0.811, SPR: 0.815, RMSE: 0.613, (Best @ 15: {{0.855}}, 0.855, 0.859, 0.531)
[TEST]  QWK:  0.840, PRS: 0.846, SPR: 0.842, RMSE: 0.562 (Best @ 15: {{0.836}}, 0.840, 0.839, 0.562)
--------------------------------------------------------------------------------------------------------------------------
Epoch 45/50
Training one epoch in 23.510 s
[DEV]   QWK:  0.794, PRS: 0.802, SPR: 0.810, RMSE: 0.592, (Best @ 15: {{0.855}}, 0.855, 0.859, 0.531)
[TEST]  QWK:  0.802, PRS: 0.817, SPR: 0.818, RMSE: 0.582 (Best @ 15: {{0.836}}, 0.840, 0.839, 0.562)
--------------------------------------------------------------------------------------------------------------------------
Epoch 46/50
Training one epoch in 23.549 s
[DEV]   QWK:  0.803, PRS: 0.820, SPR: 0.832, RMSE: 0.587, (Best @ 15: {{0.855}}, 0.855, 0.859, 0.531)
[TEST]  QWK:  0.827, PRS: 0.834, SPR: 0.836, RMSE: 0.542 (Best @ 15: {{0.836}}, 0.840, 0.839, 0.562)
--------------------------------------------------------------------------------------------------------------------------
Epoch 47/50
Training one epoch in 23.541 s
[DEV]   QWK:  0.804, PRS: 0.804, SPR: 0.809, RMSE: 0.613, (Best @ 15: {{0.855}}, 0.855, 0.859, 0.531)
[TEST]  QWK:  0.832, PRS: 0.834, SPR: 0.835, RMSE: 0.562 (Best @ 15: {{0.836}}, 0.840, 0.839, 0.562)
--------------------------------------------------------------------------------------------------------------------------
Epoch 48/50
Training one epoch in 23.611 s
[DEV]   QWK:  0.765, PRS: 0.792, SPR: 0.805, RMSE: 0.611, (Best @ 15: {{0.855}}, 0.855, 0.859, 0.531)
[TEST]  QWK:  0.792, PRS: 0.813, SPR: 0.813, RMSE: 0.592 (Best @ 15: {{0.836}}, 0.840, 0.839, 0.562)
--------------------------------------------------------------------------------------------------------------------------
Epoch 49/50
Training one epoch in 23.480 s
[DEV]   QWK:  0.810, PRS: 0.814, SPR: 0.820, RMSE: 0.587, (Best @ 15: {{0.855}}, 0.855, 0.859, 0.531)
[TEST]  QWK:  0.851, PRS: 0.852, SPR: 0.850, RMSE: 0.521 (Best @ 15: {{0.836}}, 0.840, 0.839, 0.562)
--------------------------------------------------------------------------------------------------------------------------
Epoch 50/50
Training one epoch in 23.462 s
[DEV]   QWK:  0.783, PRS: 0.792, SPR: 0.802, RMSE: 0.604, (Best @ 15: {{0.855}}, 0.855, 0.859, 0.531)
[TEST]  QWK:  0.813, PRS: 0.821, SPR: 0.825, RMSE: 0.557 (Best @ 15: {{0.836}}, 0.840, 0.839, 0.562)
--------------------------------------------------------------------------------------------------------------------------
