X_train shape: (507, 4850)
Initial evaluation: 
[DEV]   QWK:  0.000, PRS: 0.000, SPR: 0.000, RMSE: 10.230, (Best @ -1: {{0.000}}, 0.000, 0.000, 10.230)
[TEST]  QWK:  0.000, PRS: 0.000, SPR: 0.000, RMSE: 9.556 (Best @ -1: {{0.000}}, 0.000, 0.000, 9.556)
--------------------------------------------------------------------------------------------------------------------------
Train model
Epoch 1/50
Training one epoch in 23.402 s
[DEV]   QWK:  0.409, PRS: 0.563, SPR: 0.513, RMSE: 5.836, (Best @ 1: {{0.409}}, 0.563, 0.513, 5.836)
[TEST]  QWK:  0.426, PRS: 0.648, SPR: 0.563, RMSE: 5.943 (Best @ 1: {{0.426}}, 0.648, 0.563, 5.943)
--------------------------------------------------------------------------------------------------------------------------
Epoch 2/50
Training one epoch in 19.932 s
[DEV]   QWK:  0.452, PRS: 0.557, SPR: 0.523, RMSE: 5.181, (Best @ 2: {{0.452}}, 0.557, 0.523, 5.181)
[TEST]  QWK:  0.486, PRS: 0.637, SPR: 0.562, RMSE: 5.099 (Best @ 2: {{0.486}}, 0.637, 0.562, 5.099)
--------------------------------------------------------------------------------------------------------------------------
Epoch 3/50
Training one epoch in 20.234 s
[DEV]   QWK:  0.445, PRS: 0.553, SPR: 0.521, RMSE: 5.142, (Best @ 2: {{0.452}}, 0.557, 0.523, 5.181)
[TEST]  QWK:  0.518, PRS: 0.655, SPR: 0.575, RMSE: 4.758 (Best @ 2: {{0.486}}, 0.637, 0.562, 5.099)
--------------------------------------------------------------------------------------------------------------------------
Epoch 4/50
Training one epoch in 20.235 s
[DEV]   QWK:  0.467, PRS: 0.580, SPR: 0.545, RMSE: 5.015, (Best @ 4: {{0.467}}, 0.580, 0.545, 5.015)
[TEST]  QWK:  0.505, PRS: 0.652, SPR: 0.584, RMSE: 4.845 (Best @ 4: {{0.505}}, 0.652, 0.584, 4.845)
--------------------------------------------------------------------------------------------------------------------------
Epoch 5/50
Training one epoch in 20.084 s
[DEV]   QWK:  0.514, PRS: 0.605, SPR: 0.572, RMSE: 5.364, (Best @ 5: {{0.514}}, 0.605, 0.572, 5.364)
[TEST]  QWK:  0.518, PRS: 0.670, SPR: 0.599, RMSE: 5.547 (Best @ 5: {{0.518}}, 0.670, 0.599, 5.547)
--------------------------------------------------------------------------------------------------------------------------
Epoch 6/50
Training one epoch in 20.087 s
[DEV]   QWK:  0.390, PRS: 0.656, SPR: 0.634, RMSE: 5.659, (Best @ 5: {{0.514}}, 0.605, 0.572, 5.364)
[TEST]  QWK:  0.493, PRS: 0.718, SPR: 0.684, RMSE: 4.913 (Best @ 5: {{0.518}}, 0.670, 0.599, 5.547)
--------------------------------------------------------------------------------------------------------------------------
Epoch 7/50
Training one epoch in 20.115 s
[DEV]   QWK:  0.525, PRS: 0.657, SPR: 0.651, RMSE: 4.915, (Best @ 7: {{0.525}}, 0.657, 0.651, 4.915)
[TEST]  QWK:  0.625, PRS: 0.725, SPR: 0.692, RMSE: 4.333 (Best @ 7: {{0.625}}, 0.725, 0.692, 4.333)
--------------------------------------------------------------------------------------------------------------------------
Epoch 8/50
Training one epoch in 19.814 s
[DEV]   QWK:  0.522, PRS: 0.675, SPR: 0.668, RMSE: 5.274, (Best @ 7: {{0.525}}, 0.657, 0.651, 4.915)
[TEST]  QWK:  0.633, PRS: 0.721, SPR: 0.686, RMSE: 4.463 (Best @ 7: {{0.625}}, 0.725, 0.692, 4.333)
--------------------------------------------------------------------------------------------------------------------------
Epoch 9/50
Training one epoch in 20.077 s
[DEV]   QWK:  0.613, PRS: 0.670, SPR: 0.664, RMSE: 4.614, (Best @ 9: {{0.613}}, 0.670, 0.664, 4.614)
[TEST]  QWK:  0.626, PRS: 0.740, SPR: 0.686, RMSE: 4.710 (Best @ 9: {{0.626}}, 0.740, 0.686, 4.710)
--------------------------------------------------------------------------------------------------------------------------
Epoch 10/50
Training one epoch in 19.953 s
[DEV]   QWK:  0.540, PRS: 0.680, SPR: 0.683, RMSE: 5.068, (Best @ 9: {{0.613}}, 0.670, 0.664, 4.614)
[TEST]  QWK:  0.635, PRS: 0.724, SPR: 0.702, RMSE: 4.368 (Best @ 9: {{0.626}}, 0.740, 0.686, 4.710)
--------------------------------------------------------------------------------------------------------------------------
Epoch 11/50
Training one epoch in 20.063 s
[DEV]   QWK:  0.629, PRS: 0.693, SPR: 0.684, RMSE: 4.474, (Best @ 11: {{0.629}}, 0.693, 0.684, 4.474)
[TEST]  QWK:  0.672, PRS: 0.748, SPR: 0.751, RMSE: 4.257 (Best @ 11: {{0.672}}, 0.748, 0.751, 4.257)
--------------------------------------------------------------------------------------------------------------------------
Epoch 12/50
Training one epoch in 19.929 s
[DEV]   QWK:  0.608, PRS: 0.691, SPR: 0.681, RMSE: 4.565, (Best @ 11: {{0.629}}, 0.693, 0.684, 4.474)
[TEST]  QWK:  0.689, PRS: 0.754, SPR: 0.744, RMSE: 4.125 (Best @ 11: {{0.672}}, 0.748, 0.751, 4.257)
--------------------------------------------------------------------------------------------------------------------------
Epoch 13/50
Training one epoch in 19.807 s
[DEV]   QWK:  0.524, PRS: 0.687, SPR: 0.677, RMSE: 5.254, (Best @ 11: {{0.629}}, 0.693, 0.684, 4.474)
[TEST]  QWK:  0.653, PRS: 0.740, SPR: 0.757, RMSE: 4.324 (Best @ 11: {{0.672}}, 0.748, 0.751, 4.257)
--------------------------------------------------------------------------------------------------------------------------
Epoch 14/50
Training one epoch in 19.944 s
[DEV]   QWK:  0.648, PRS: 0.704, SPR: 0.690, RMSE: 4.381, (Best @ 14: {{0.648}}, 0.704, 0.690, 4.381)
[TEST]  QWK:  0.694, PRS: 0.764, SPR: 0.755, RMSE: 4.175 (Best @ 14: {{0.694}}, 0.764, 0.755, 4.175)
--------------------------------------------------------------------------------------------------------------------------
Epoch 15/50
Training one epoch in 19.880 s
[DEV]   QWK:  0.669, PRS: 0.710, SPR: 0.701, RMSE: 4.320, (Best @ 15: {{0.669}}, 0.710, 0.701, 4.320)
[TEST]  QWK:  0.705, PRS: 0.776, SPR: 0.769, RMSE: 4.190 (Best @ 15: {{0.705}}, 0.776, 0.769, 4.190)
--------------------------------------------------------------------------------------------------------------------------
Epoch 16/50
Training one epoch in 19.756 s
[DEV]   QWK:  0.525, PRS: 0.696, SPR: 0.692, RMSE: 5.206, (Best @ 15: {{0.669}}, 0.710, 0.701, 4.320)
[TEST]  QWK:  0.652, PRS: 0.752, SPR: 0.769, RMSE: 4.296 (Best @ 15: {{0.705}}, 0.776, 0.769, 4.190)
--------------------------------------------------------------------------------------------------------------------------
Epoch 17/50
Training one epoch in 19.964 s
[DEV]   QWK:  0.704, PRS: 0.712, SPR: 0.699, RMSE: 4.411, (Best @ 17: {{0.704}}, 0.712, 0.699, 4.411)
[TEST]  QWK:  0.741, PRS: 0.777, SPR: 0.746, RMSE: 4.188 (Best @ 17: {{0.741}}, 0.777, 0.746, 4.188)
--------------------------------------------------------------------------------------------------------------------------
Epoch 18/50
Training one epoch in 20.001 s
[DEV]   QWK:  0.638, PRS: 0.709, SPR: 0.696, RMSE: 4.566, (Best @ 17: {{0.704}}, 0.712, 0.699, 4.411)
[TEST]  QWK:  0.742, PRS: 0.787, SPR: 0.790, RMSE: 3.824 (Best @ 17: {{0.741}}, 0.777, 0.746, 4.188)
--------------------------------------------------------------------------------------------------------------------------
Epoch 19/50
Training one epoch in 20.007 s
[DEV]   QWK:  0.567, PRS: 0.717, SPR: 0.704, RMSE: 4.997, (Best @ 17: {{0.704}}, 0.712, 0.699, 4.411)
[TEST]  QWK:  0.692, PRS: 0.787, SPR: 0.802, RMSE: 4.047 (Best @ 17: {{0.741}}, 0.777, 0.746, 4.188)
--------------------------------------------------------------------------------------------------------------------------
Epoch 20/50
Training one epoch in 19.787 s
[DEV]   QWK:  0.683, PRS: 0.719, SPR: 0.700, RMSE: 4.512, (Best @ 17: {{0.704}}, 0.712, 0.699, 4.411)
[TEST]  QWK:  0.776, PRS: 0.796, SPR: 0.785, RMSE: 3.731 (Best @ 17: {{0.741}}, 0.777, 0.746, 4.188)
--------------------------------------------------------------------------------------------------------------------------
Epoch 21/50
Training one epoch in 20.126 s
[DEV]   QWK:  0.680, PRS: 0.718, SPR: 0.695, RMSE: 4.269, (Best @ 17: {{0.704}}, 0.712, 0.699, 4.411)
[TEST]  QWK:  0.728, PRS: 0.798, SPR: 0.804, RMSE: 4.057 (Best @ 17: {{0.741}}, 0.777, 0.746, 4.188)
--------------------------------------------------------------------------------------------------------------------------
Epoch 22/50
Training one epoch in 20.015 s
[DEV]   QWK:  0.681, PRS: 0.718, SPR: 0.703, RMSE: 4.385, (Best @ 17: {{0.704}}, 0.712, 0.699, 4.411)
[TEST]  QWK:  0.758, PRS: 0.797, SPR: 0.804, RMSE: 3.782 (Best @ 17: {{0.741}}, 0.777, 0.746, 4.188)
--------------------------------------------------------------------------------------------------------------------------
Epoch 23/50
Training one epoch in 19.799 s
[DEV]   QWK:  0.678, PRS: 0.719, SPR: 0.697, RMSE: 4.521, (Best @ 17: {{0.704}}, 0.712, 0.699, 4.411)
[TEST]  QWK:  0.785, PRS: 0.811, SPR: 0.818, RMSE: 3.617 (Best @ 17: {{0.741}}, 0.777, 0.746, 4.188)
--------------------------------------------------------------------------------------------------------------------------
Epoch 24/50
Training one epoch in 19.995 s
[DEV]   QWK:  0.652, PRS: 0.723, SPR: 0.702, RMSE: 4.609, (Best @ 17: {{0.704}}, 0.712, 0.699, 4.411)
[TEST]  QWK:  0.766, PRS: 0.807, SPR: 0.812, RMSE: 3.667 (Best @ 17: {{0.741}}, 0.777, 0.746, 4.188)
--------------------------------------------------------------------------------------------------------------------------
Epoch 25/50
Training one epoch in 19.781 s
[DEV]   QWK:  0.691, PRS: 0.725, SPR: 0.706, RMSE: 4.240, (Best @ 17: {{0.704}}, 0.712, 0.699, 4.411)
[TEST]  QWK:  0.756, PRS: 0.819, SPR: 0.808, RMSE: 3.799 (Best @ 17: {{0.741}}, 0.777, 0.746, 4.188)
--------------------------------------------------------------------------------------------------------------------------
Epoch 26/50
Training one epoch in 19.821 s
[DEV]   QWK:  0.714, PRS: 0.728, SPR: 0.697, RMSE: 4.249, (Best @ 26: {{0.714}}, 0.728, 0.697, 4.249)
[TEST]  QWK:  0.772, PRS: 0.833, SPR: 0.817, RMSE: 3.877 (Best @ 26: {{0.772}}, 0.833, 0.817, 3.877)
--------------------------------------------------------------------------------------------------------------------------
Epoch 27/50
Training one epoch in 19.487 s
[DEV]   QWK:  0.707, PRS: 0.726, SPR: 0.694, RMSE: 4.248, (Best @ 26: {{0.714}}, 0.728, 0.697, 4.249)
[TEST]  QWK:  0.761, PRS: 0.829, SPR: 0.818, RMSE: 3.944 (Best @ 26: {{0.772}}, 0.833, 0.817, 3.877)
--------------------------------------------------------------------------------------------------------------------------
Epoch 28/50
Training one epoch in 20.067 s
[DEV]   QWK:  0.668, PRS: 0.714, SPR: 0.691, RMSE: 4.544, (Best @ 26: {{0.714}}, 0.728, 0.697, 4.249)
[TEST]  QWK:  0.785, PRS: 0.812, SPR: 0.805, RMSE: 3.598 (Best @ 26: {{0.772}}, 0.833, 0.817, 3.877)
--------------------------------------------------------------------------------------------------------------------------
Epoch 29/50
Training one epoch in 19.851 s
[DEV]   QWK:  0.675, PRS: 0.721, SPR: 0.697, RMSE: 4.622, (Best @ 26: {{0.714}}, 0.728, 0.697, 4.249)
[TEST]  QWK:  0.796, PRS: 0.817, SPR: 0.811, RMSE: 3.549 (Best @ 26: {{0.772}}, 0.833, 0.817, 3.877)
--------------------------------------------------------------------------------------------------------------------------
Epoch 30/50
Training one epoch in 19.862 s
[DEV]   QWK:  0.711, PRS: 0.732, SPR: 0.702, RMSE: 4.245, (Best @ 26: {{0.714}}, 0.728, 0.697, 4.249)
[TEST]  QWK:  0.796, PRS: 0.834, SPR: 0.819, RMSE: 3.604 (Best @ 26: {{0.772}}, 0.833, 0.817, 3.877)
--------------------------------------------------------------------------------------------------------------------------
Epoch 31/50
Training one epoch in 20.003 s
[DEV]   QWK:  0.620, PRS: 0.708, SPR: 0.685, RMSE: 5.163, (Best @ 26: {{0.714}}, 0.728, 0.697, 4.249)
[TEST]  QWK:  0.773, PRS: 0.799, SPR: 0.816, RMSE: 3.804 (Best @ 26: {{0.772}}, 0.833, 0.817, 3.877)
--------------------------------------------------------------------------------------------------------------------------
Epoch 32/50
Training one epoch in 19.926 s
[DEV]   QWK:  0.722, PRS: 0.728, SPR: 0.700, RMSE: 4.327, (Best @ 32: {{0.722}}, 0.728, 0.700, 4.327)
[TEST]  QWK:  0.793, PRS: 0.830, SPR: 0.822, RMSE: 3.782 (Best @ 32: {{0.793}}, 0.830, 0.822, 3.782)
--------------------------------------------------------------------------------------------------------------------------
Epoch 33/50
Training one epoch in 20.000 s
[DEV]   QWK:  0.722, PRS: 0.724, SPR: 0.692, RMSE: 4.427, (Best @ 33: {{0.722}}, 0.724, 0.692, 4.427)
[TEST]  QWK:  0.779, PRS: 0.827, SPR: 0.809, RMSE: 4.003 (Best @ 33: {{0.779}}, 0.827, 0.809, 4.003)
--------------------------------------------------------------------------------------------------------------------------
Epoch 34/50
Training one epoch in 19.988 s
[DEV]   QWK:  0.706, PRS: 0.725, SPR: 0.693, RMSE: 4.492, (Best @ 33: {{0.722}}, 0.724, 0.692, 4.427)
[TEST]  QWK:  0.809, PRS: 0.821, SPR: 0.822, RMSE: 3.590 (Best @ 33: {{0.779}}, 0.827, 0.809, 4.003)
--------------------------------------------------------------------------------------------------------------------------
Epoch 35/50
Training one epoch in 20.007 s
[DEV]   QWK:  0.673, PRS: 0.722, SPR: 0.693, RMSE: 4.757, (Best @ 33: {{0.722}}, 0.724, 0.692, 4.427)
[TEST]  QWK:  0.800, PRS: 0.811, SPR: 0.809, RMSE: 3.600 (Best @ 33: {{0.779}}, 0.827, 0.809, 4.003)
--------------------------------------------------------------------------------------------------------------------------
Epoch 36/50
Training one epoch in 19.874 s
[DEV]   QWK:  0.718, PRS: 0.724, SPR: 0.689, RMSE: 4.406, (Best @ 33: {{0.722}}, 0.724, 0.692, 4.427)
[TEST]  QWK:  0.755, PRS: 0.820, SPR: 0.805, RMSE: 4.218 (Best @ 33: {{0.779}}, 0.827, 0.809, 4.003)
--------------------------------------------------------------------------------------------------------------------------
Epoch 37/50
Training one epoch in 19.858 s
[DEV]   QWK:  0.602, PRS: 0.730, SPR: 0.697, RMSE: 5.456, (Best @ 33: {{0.722}}, 0.724, 0.692, 4.427)
[TEST]  QWK:  0.761, PRS: 0.814, SPR: 0.811, RMSE: 3.921 (Best @ 33: {{0.779}}, 0.827, 0.809, 4.003)
--------------------------------------------------------------------------------------------------------------------------
Epoch 38/50
Training one epoch in 19.880 s
[DEV]   QWK:  0.707, PRS: 0.726, SPR: 0.697, RMSE: 4.324, (Best @ 33: {{0.722}}, 0.724, 0.692, 4.427)
[TEST]  QWK:  0.790, PRS: 0.821, SPR: 0.811, RMSE: 3.663 (Best @ 33: {{0.779}}, 0.827, 0.809, 4.003)
--------------------------------------------------------------------------------------------------------------------------
Epoch 39/50
Training one epoch in 19.848 s
[DEV]   QWK:  0.638, PRS: 0.729, SPR: 0.694, RMSE: 4.827, (Best @ 33: {{0.722}}, 0.724, 0.692, 4.427)
[TEST]  QWK:  0.762, PRS: 0.805, SPR: 0.802, RMSE: 3.744 (Best @ 33: {{0.779}}, 0.827, 0.809, 4.003)
--------------------------------------------------------------------------------------------------------------------------
Epoch 40/50
Training one epoch in 19.830 s
[DEV]   QWK:  0.727, PRS: 0.736, SPR: 0.695, RMSE: 4.489, (Best @ 40: {{0.727}}, 0.736, 0.695, 4.489)
[TEST]  QWK:  0.801, PRS: 0.812, SPR: 0.801, RMSE: 3.756 (Best @ 40: {{0.801}}, 0.812, 0.801, 3.756)
--------------------------------------------------------------------------------------------------------------------------
Epoch 41/50
Training one epoch in 19.974 s
[DEV]   QWK:  0.713, PRS: 0.730, SPR: 0.698, RMSE: 4.243, (Best @ 40: {{0.727}}, 0.736, 0.695, 4.489)
[TEST]  QWK:  0.778, PRS: 0.818, SPR: 0.797, RMSE: 3.749 (Best @ 40: {{0.801}}, 0.812, 0.801, 3.756)
--------------------------------------------------------------------------------------------------------------------------
Epoch 42/50
Training one epoch in 19.948 s
[DEV]   QWK:  0.682, PRS: 0.732, SPR: 0.690, RMSE: 4.629, (Best @ 40: {{0.727}}, 0.736, 0.695, 4.489)
[TEST]  QWK:  0.803, PRS: 0.817, SPR: 0.799, RMSE: 3.547 (Best @ 40: {{0.801}}, 0.812, 0.801, 3.756)
--------------------------------------------------------------------------------------------------------------------------
Epoch 43/50
Training one epoch in 19.940 s
[DEV]   QWK:  0.700, PRS: 0.726, SPR: 0.684, RMSE: 4.470, (Best @ 40: {{0.727}}, 0.736, 0.695, 4.489)
[TEST]  QWK:  0.802, PRS: 0.818, SPR: 0.802, RMSE: 3.577 (Best @ 40: {{0.801}}, 0.812, 0.801, 3.756)
--------------------------------------------------------------------------------------------------------------------------
Epoch 44/50
Training one epoch in 19.891 s
[DEV]   QWK:  0.531, PRS: 0.734, SPR: 0.705, RMSE: 5.321, (Best @ 40: {{0.727}}, 0.736, 0.695, 4.489)
[TEST]  QWK:  0.662, PRS: 0.813, SPR: 0.800, RMSE: 4.252 (Best @ 40: {{0.801}}, 0.812, 0.801, 3.756)
--------------------------------------------------------------------------------------------------------------------------
Epoch 45/50
Training one epoch in 19.945 s
[DEV]   QWK:  0.734, PRS: 0.736, SPR: 0.698, RMSE: 4.410, (Best @ 45: {{0.734}}, 0.736, 0.698, 4.410)
[TEST]  QWK:  0.797, PRS: 0.823, SPR: 0.813, RMSE: 3.910 (Best @ 45: {{0.797}}, 0.823, 0.813, 3.910)
--------------------------------------------------------------------------------------------------------------------------
Epoch 46/50
Training one epoch in 19.937 s
[DEV]   QWK:  0.615, PRS: 0.736, SPR: 0.693, RMSE: 5.518, (Best @ 45: {{0.734}}, 0.736, 0.698, 4.410)
[TEST]  QWK:  0.767, PRS: 0.812, SPR: 0.805, RMSE: 4.021 (Best @ 45: {{0.797}}, 0.823, 0.813, 3.910)
--------------------------------------------------------------------------------------------------------------------------
Epoch 47/50
Training one epoch in 19.872 s
[DEV]   QWK:  0.640, PRS: 0.716, SPR: 0.682, RMSE: 5.276, (Best @ 45: {{0.734}}, 0.736, 0.698, 4.410)
[TEST]  QWK:  0.782, PRS: 0.800, SPR: 0.800, RMSE: 3.900 (Best @ 45: {{0.797}}, 0.823, 0.813, 3.910)
--------------------------------------------------------------------------------------------------------------------------
Epoch 48/50
Training one epoch in 19.784 s
[DEV]   QWK:  0.699, PRS: 0.740, SPR: 0.693, RMSE: 4.693, (Best @ 45: {{0.734}}, 0.736, 0.698, 4.410)
[TEST]  QWK:  0.812, PRS: 0.819, SPR: 0.798, RMSE: 3.569 (Best @ 45: {{0.797}}, 0.823, 0.813, 3.910)
--------------------------------------------------------------------------------------------------------------------------
Epoch 49/50
Training one epoch in 19.859 s
[DEV]   QWK:  0.566, PRS: 0.727, SPR: 0.680, RMSE: 6.006, (Best @ 45: {{0.734}}, 0.736, 0.698, 4.410)
[TEST]  QWK:  0.715, PRS: 0.801, SPR: 0.800, RMSE: 4.477 (Best @ 45: {{0.797}}, 0.823, 0.813, 3.910)
--------------------------------------------------------------------------------------------------------------------------
Epoch 50/50
Training one epoch in 19.818 s
[DEV]   QWK:  0.623, PRS: 0.726, SPR: 0.683, RMSE: 5.047, (Best @ 45: {{0.734}}, 0.736, 0.698, 4.410)
[TEST]  QWK:  0.754, PRS: 0.799, SPR: 0.789, RMSE: 3.853 (Best @ 45: {{0.797}}, 0.823, 0.813, 3.910)
--------------------------------------------------------------------------------------------------------------------------
