X_train shape: (1209, 1100)
Initial evaluation: 
[DEV]   QWK:  0.534, PRS: 0.676, SPR: 0.683, RMSE: 0.700, (Best @ -1: {{0.534}}, 0.676, 0.683, 0.700)
[TEST]  QWK:  0.402, PRS: 0.522, SPR: 0.520, RMSE: 0.785 (Best @ -1: {{0.402}}, 0.522, 0.520, 0.785)
--------------------------------------------------------------------------------------------------------------------------
Train model
Epoch 1/50
Training one epoch in 24.548 s
[DEV]   QWK:  0.713, PRS: 0.721, SPR: 0.727, RMSE: 0.619, (Best @ 1: {{0.713}}, 0.721, 0.727, 0.619)
[TEST]  QWK:  0.631, PRS: 0.641, SPR: 0.640, RMSE: 0.673 (Best @ 1: {{0.631}}, 0.641, 0.640, 0.673)
--------------------------------------------------------------------------------------------------------------------------
Epoch 2/50
Training one epoch in 21.933 s
[DEV]   QWK:  0.661, PRS: 0.686, SPR: 0.686, RMSE: 0.657, (Best @ 1: {{0.713}}, 0.721, 0.727, 0.619)
[TEST]  QWK:  0.596, PRS: 0.629, SPR: 0.625, RMSE: 0.678 (Best @ 1: {{0.631}}, 0.641, 0.640, 0.673)
--------------------------------------------------------------------------------------------------------------------------
Epoch 3/50
Training one epoch in 22.047 s
[DEV]   QWK:  0.688, PRS: 0.700, SPR: 0.700, RMSE: 0.628, (Best @ 1: {{0.713}}, 0.721, 0.727, 0.619)
[TEST]  QWK:  0.648, PRS: 0.669, SPR: 0.667, RMSE: 0.624 (Best @ 1: {{0.631}}, 0.641, 0.640, 0.673)
--------------------------------------------------------------------------------------------------------------------------
Epoch 4/50
Training one epoch in 21.929 s
[DEV]   QWK:  0.699, PRS: 0.706, SPR: 0.717, RMSE: 0.604, (Best @ 1: {{0.713}}, 0.721, 0.727, 0.619)
[TEST]  QWK:  0.621, PRS: 0.636, SPR: 0.635, RMSE: 0.638 (Best @ 1: {{0.631}}, 0.641, 0.640, 0.673)
--------------------------------------------------------------------------------------------------------------------------
Epoch 5/50
Training one epoch in 22.023 s
[DEV]   QWK:  0.697, PRS: 0.711, SPR: 0.712, RMSE: 0.630, (Best @ 1: {{0.713}}, 0.721, 0.727, 0.619)
[TEST]  QWK:  0.647, PRS: 0.669, SPR: 0.668, RMSE: 0.642 (Best @ 1: {{0.631}}, 0.641, 0.640, 0.673)
--------------------------------------------------------------------------------------------------------------------------
Epoch 6/50
Training one epoch in 22.051 s
[DEV]   QWK:  0.667, PRS: 0.692, SPR: 0.710, RMSE: 0.630, (Best @ 1: {{0.713}}, 0.721, 0.727, 0.619)
[TEST]  QWK:  0.572, PRS: 0.599, SPR: 0.604, RMSE: 0.682 (Best @ 1: {{0.631}}, 0.641, 0.640, 0.673)
--------------------------------------------------------------------------------------------------------------------------
Epoch 7/50
Training one epoch in 22.045 s
[DEV]   QWK:  0.689, PRS: 0.703, SPR: 0.703, RMSE: 0.637, (Best @ 1: {{0.713}}, 0.721, 0.727, 0.619)
[TEST]  QWK:  0.653, PRS: 0.669, SPR: 0.668, RMSE: 0.638 (Best @ 1: {{0.631}}, 0.641, 0.640, 0.673)
--------------------------------------------------------------------------------------------------------------------------
Epoch 8/50
Training one epoch in 22.011 s
[DEV]   QWK:  0.667, PRS: 0.682, SPR: 0.682, RMSE: 0.639, (Best @ 1: {{0.713}}, 0.721, 0.727, 0.619)
[TEST]  QWK:  0.638, PRS: 0.660, SPR: 0.658, RMSE: 0.633 (Best @ 1: {{0.631}}, 0.641, 0.640, 0.673)
--------------------------------------------------------------------------------------------------------------------------
Epoch 9/50
Training one epoch in 21.957 s
[DEV]   QWK:  0.704, PRS: 0.714, SPR: 0.729, RMSE: 0.600, (Best @ 1: {{0.713}}, 0.721, 0.727, 0.619)
[TEST]  QWK:  0.628, PRS: 0.644, SPR: 0.646, RMSE: 0.642 (Best @ 1: {{0.631}}, 0.641, 0.640, 0.673)
--------------------------------------------------------------------------------------------------------------------------
Epoch 10/50
Training one epoch in 22.003 s
[DEV]   QWK:  0.697, PRS: 0.702, SPR: 0.711, RMSE: 0.614, (Best @ 1: {{0.713}}, 0.721, 0.727, 0.619)
[TEST]  QWK:  0.642, PRS: 0.649, SPR: 0.648, RMSE: 0.638 (Best @ 1: {{0.631}}, 0.641, 0.640, 0.673)
--------------------------------------------------------------------------------------------------------------------------
Epoch 11/50
Training one epoch in 21.892 s
[DEV]   QWK:  0.709, PRS: 0.715, SPR: 0.720, RMSE: 0.609, (Best @ 1: {{0.713}}, 0.721, 0.727, 0.619)
[TEST]  QWK:  0.644, PRS: 0.654, SPR: 0.653, RMSE: 0.638 (Best @ 1: {{0.631}}, 0.641, 0.640, 0.673)
--------------------------------------------------------------------------------------------------------------------------
Epoch 12/50
Training one epoch in 21.954 s
[DEV]   QWK:  0.692, PRS: 0.697, SPR: 0.705, RMSE: 0.616, (Best @ 1: {{0.713}}, 0.721, 0.727, 0.619)
[TEST]  QWK:  0.627, PRS: 0.637, SPR: 0.635, RMSE: 0.642 (Best @ 1: {{0.631}}, 0.641, 0.640, 0.673)
--------------------------------------------------------------------------------------------------------------------------
Epoch 13/50
Training one epoch in 22.092 s
[DEV]   QWK:  0.698, PRS: 0.701, SPR: 0.710, RMSE: 0.616, (Best @ 1: {{0.713}}, 0.721, 0.727, 0.619)
[TEST]  QWK:  0.646, PRS: 0.650, SPR: 0.651, RMSE: 0.642 (Best @ 1: {{0.631}}, 0.641, 0.640, 0.673)
--------------------------------------------------------------------------------------------------------------------------
Epoch 14/50
Training one epoch in 21.958 s
[DEV]   QWK:  0.681, PRS: 0.693, SPR: 0.694, RMSE: 0.632, (Best @ 1: {{0.713}}, 0.721, 0.727, 0.619)
[TEST]  QWK:  0.638, PRS: 0.657, SPR: 0.655, RMSE: 0.642 (Best @ 1: {{0.631}}, 0.641, 0.640, 0.673)
--------------------------------------------------------------------------------------------------------------------------
Epoch 15/50
Training one epoch in 22.018 s
[DEV]   QWK:  0.691, PRS: 0.694, SPR: 0.700, RMSE: 0.626, (Best @ 1: {{0.713}}, 0.721, 0.727, 0.619)
[TEST]  QWK:  0.619, PRS: 0.623, SPR: 0.623, RMSE: 0.665 (Best @ 1: {{0.631}}, 0.641, 0.640, 0.673)
--------------------------------------------------------------------------------------------------------------------------
Epoch 16/50
Training one epoch in 22.053 s
[DEV]   QWK:  0.704, PRS: 0.713, SPR: 0.717, RMSE: 0.626, (Best @ 1: {{0.713}}, 0.721, 0.727, 0.619)
[TEST]  QWK:  0.593, PRS: 0.605, SPR: 0.602, RMSE: 0.707 (Best @ 1: {{0.631}}, 0.641, 0.640, 0.673)
--------------------------------------------------------------------------------------------------------------------------
Epoch 17/50
Training one epoch in 22.052 s
[DEV]   QWK:  0.701, PRS: 0.705, SPR: 0.709, RMSE: 0.614, (Best @ 1: {{0.713}}, 0.721, 0.727, 0.619)
[TEST]  QWK:  0.615, PRS: 0.620, SPR: 0.619, RMSE: 0.665 (Best @ 1: {{0.631}}, 0.641, 0.640, 0.673)
--------------------------------------------------------------------------------------------------------------------------
Epoch 18/50
Training one epoch in 21.959 s
[DEV]   QWK:  0.700, PRS: 0.706, SPR: 0.719, RMSE: 0.609, (Best @ 1: {{0.713}}, 0.721, 0.727, 0.619)
[TEST]  QWK:  0.630, PRS: 0.638, SPR: 0.638, RMSE: 0.651 (Best @ 1: {{0.631}}, 0.641, 0.640, 0.673)
--------------------------------------------------------------------------------------------------------------------------
Epoch 19/50
Training one epoch in 22.023 s
[DEV]   QWK:  0.710, PRS: 0.733, SPR: 0.737, RMSE: 0.637, (Best @ 1: {{0.713}}, 0.721, 0.727, 0.619)
[TEST]  QWK:  0.562, PRS: 0.591, SPR: 0.588, RMSE: 0.747 (Best @ 1: {{0.631}}, 0.641, 0.640, 0.673)
--------------------------------------------------------------------------------------------------------------------------
Epoch 20/50
Training one epoch in 22.015 s
[DEV]   QWK:  0.701, PRS: 0.714, SPR: 0.717, RMSE: 0.626, (Best @ 1: {{0.713}}, 0.721, 0.727, 0.619)
[TEST]  QWK:  0.580, PRS: 0.607, SPR: 0.604, RMSE: 0.707 (Best @ 1: {{0.631}}, 0.641, 0.640, 0.673)
--------------------------------------------------------------------------------------------------------------------------
Epoch 21/50
Training one epoch in 21.939 s
[DEV]   QWK:  0.688, PRS: 0.698, SPR: 0.701, RMSE: 0.642, (Best @ 1: {{0.713}}, 0.721, 0.727, 0.619)
[TEST]  QWK:  0.582, PRS: 0.599, SPR: 0.597, RMSE: 0.707 (Best @ 1: {{0.631}}, 0.641, 0.640, 0.673)
--------------------------------------------------------------------------------------------------------------------------
Epoch 22/50
Training one epoch in 22.072 s
[DEV]   QWK:  0.696, PRS: 0.704, SPR: 0.709, RMSE: 0.630, (Best @ 1: {{0.713}}, 0.721, 0.727, 0.619)
[TEST]  QWK:  0.581, PRS: 0.594, SPR: 0.592, RMSE: 0.707 (Best @ 1: {{0.631}}, 0.641, 0.640, 0.673)
--------------------------------------------------------------------------------------------------------------------------
Epoch 23/50
Training one epoch in 21.818 s
[DEV]   QWK:  0.681, PRS: 0.688, SPR: 0.698, RMSE: 0.623, (Best @ 1: {{0.713}}, 0.721, 0.727, 0.619)
[TEST]  QWK:  0.611, PRS: 0.613, SPR: 0.613, RMSE: 0.690 (Best @ 1: {{0.631}}, 0.641, 0.640, 0.673)
--------------------------------------------------------------------------------------------------------------------------
Epoch 24/50
Training one epoch in 21.999 s
[DEV]   QWK:  0.710, PRS: 0.712, SPR: 0.721, RMSE: 0.614, (Best @ 1: {{0.713}}, 0.721, 0.727, 0.619)
[TEST]  QWK:  0.632, PRS: 0.632, SPR: 0.634, RMSE: 0.682 (Best @ 1: {{0.631}}, 0.641, 0.640, 0.673)
--------------------------------------------------------------------------------------------------------------------------
Epoch 25/50
Training one epoch in 21.985 s
[DEV]   QWK:  0.675, PRS: 0.683, SPR: 0.696, RMSE: 0.628, (Best @ 1: {{0.713}}, 0.721, 0.727, 0.619)
[TEST]  QWK:  0.591, PRS: 0.597, SPR: 0.597, RMSE: 0.690 (Best @ 1: {{0.631}}, 0.641, 0.640, 0.673)
--------------------------------------------------------------------------------------------------------------------------
Epoch 26/50
Training one epoch in 21.988 s
[DEV]   QWK:  0.679, PRS: 0.693, SPR: 0.706, RMSE: 0.628, (Best @ 1: {{0.713}}, 0.721, 0.727, 0.619)
[TEST]  QWK:  0.559, PRS: 0.572, SPR: 0.572, RMSE: 0.731 (Best @ 1: {{0.631}}, 0.641, 0.640, 0.673)
--------------------------------------------------------------------------------------------------------------------------
Epoch 27/50
Training one epoch in 21.977 s
[DEV]   QWK:  0.701, PRS: 0.706, SPR: 0.711, RMSE: 0.621, (Best @ 1: {{0.713}}, 0.721, 0.727, 0.619)
[TEST]  QWK:  0.580, PRS: 0.589, SPR: 0.586, RMSE: 0.707 (Best @ 1: {{0.631}}, 0.641, 0.640, 0.673)
--------------------------------------------------------------------------------------------------------------------------
Epoch 28/50
Training one epoch in 21.987 s
[DEV]   QWK:  0.706, PRS: 0.709, SPR: 0.715, RMSE: 0.623, (Best @ 1: {{0.713}}, 0.721, 0.727, 0.619)
[TEST]  QWK:  0.589, PRS: 0.592, SPR: 0.591, RMSE: 0.711 (Best @ 1: {{0.631}}, 0.641, 0.640, 0.673)
--------------------------------------------------------------------------------------------------------------------------
Epoch 29/50
Training one epoch in 21.985 s
[DEV]   QWK:  0.689, PRS: 0.695, SPR: 0.700, RMSE: 0.632, (Best @ 1: {{0.713}}, 0.721, 0.727, 0.619)
[TEST]  QWK:  0.580, PRS: 0.593, SPR: 0.591, RMSE: 0.703 (Best @ 1: {{0.631}}, 0.641, 0.640, 0.673)
--------------------------------------------------------------------------------------------------------------------------
Epoch 30/50
Training one epoch in 21.942 s
[DEV]   QWK:  0.693, PRS: 0.699, SPR: 0.709, RMSE: 0.614, (Best @ 1: {{0.713}}, 0.721, 0.727, 0.619)
[TEST]  QWK:  0.581, PRS: 0.583, SPR: 0.584, RMSE: 0.711 (Best @ 1: {{0.631}}, 0.641, 0.640, 0.673)
--------------------------------------------------------------------------------------------------------------------------
Epoch 31/50
Training one epoch in 21.948 s
[DEV]   QWK:  0.701, PRS: 0.702, SPR: 0.709, RMSE: 0.635, (Best @ 1: {{0.713}}, 0.721, 0.727, 0.619)
[TEST]  QWK:  0.593, PRS: 0.594, SPR: 0.594, RMSE: 0.719 (Best @ 1: {{0.631}}, 0.641, 0.640, 0.673)
--------------------------------------------------------------------------------------------------------------------------
Epoch 32/50
Training one epoch in 22.011 s
[DEV]   QWK:  0.698, PRS: 0.702, SPR: 0.710, RMSE: 0.616, (Best @ 1: {{0.713}}, 0.721, 0.727, 0.619)
[TEST]  QWK:  0.587, PRS: 0.588, SPR: 0.590, RMSE: 0.719 (Best @ 1: {{0.631}}, 0.641, 0.640, 0.673)
--------------------------------------------------------------------------------------------------------------------------
Epoch 33/50
Training one epoch in 21.884 s
[DEV]   QWK:  0.656, PRS: 0.670, SPR: 0.674, RMSE: 0.687, (Best @ 1: {{0.713}}, 0.721, 0.727, 0.619)
[TEST]  QWK:  0.536, PRS: 0.557, SPR: 0.554, RMSE: 0.759 (Best @ 1: {{0.631}}, 0.641, 0.640, 0.673)
--------------------------------------------------------------------------------------------------------------------------
Epoch 34/50
Training one epoch in 22.039 s
[DEV]   QWK:  0.696, PRS: 0.702, SPR: 0.706, RMSE: 0.632, (Best @ 1: {{0.713}}, 0.721, 0.727, 0.619)
[TEST]  QWK:  0.602, PRS: 0.614, SPR: 0.613, RMSE: 0.682 (Best @ 1: {{0.631}}, 0.641, 0.640, 0.673)
--------------------------------------------------------------------------------------------------------------------------
Epoch 35/50
Training one epoch in 22.018 s
[DEV]   QWK:  0.698, PRS: 0.699, SPR: 0.710, RMSE: 0.626, (Best @ 1: {{0.713}}, 0.721, 0.727, 0.619)
[TEST]  QWK:  0.573, PRS: 0.573, SPR: 0.572, RMSE: 0.731 (Best @ 1: {{0.631}}, 0.641, 0.640, 0.673)
--------------------------------------------------------------------------------------------------------------------------
Epoch 36/50
Training one epoch in 22.032 s
[DEV]   QWK:  0.686, PRS: 0.689, SPR: 0.694, RMSE: 0.639, (Best @ 1: {{0.713}}, 0.721, 0.727, 0.619)
[TEST]  QWK:  0.557, PRS: 0.561, SPR: 0.559, RMSE: 0.727 (Best @ 1: {{0.631}}, 0.641, 0.640, 0.673)
--------------------------------------------------------------------------------------------------------------------------
Epoch 37/50
Training one epoch in 21.920 s
[DEV]   QWK:  0.659, PRS: 0.686, SPR: 0.688, RMSE: 0.683, (Best @ 1: {{0.713}}, 0.721, 0.727, 0.619)
[TEST]  QWK:  0.561, PRS: 0.585, SPR: 0.583, RMSE: 0.727 (Best @ 1: {{0.631}}, 0.641, 0.640, 0.673)
--------------------------------------------------------------------------------------------------------------------------
Epoch 38/50
Training one epoch in 22.016 s
[DEV]   QWK:  0.655, PRS: 0.677, SPR: 0.679, RMSE: 0.685, (Best @ 1: {{0.713}}, 0.721, 0.727, 0.619)
[TEST]  QWK:  0.556, PRS: 0.579, SPR: 0.574, RMSE: 0.735 (Best @ 1: {{0.631}}, 0.641, 0.640, 0.673)
--------------------------------------------------------------------------------------------------------------------------
Epoch 39/50
Training one epoch in 22.119 s
[DEV]   QWK:  0.674, PRS: 0.678, SPR: 0.682, RMSE: 0.646, (Best @ 1: {{0.713}}, 0.721, 0.727, 0.619)
[TEST]  QWK:  0.549, PRS: 0.554, SPR: 0.551, RMSE: 0.739 (Best @ 1: {{0.631}}, 0.641, 0.640, 0.673)
--------------------------------------------------------------------------------------------------------------------------
Epoch 40/50
Training one epoch in 21.892 s
[DEV]   QWK:  0.648, PRS: 0.667, SPR: 0.680, RMSE: 0.653, (Best @ 1: {{0.713}}, 0.721, 0.727, 0.619)
[TEST]  QWK:  0.477, PRS: 0.504, SPR: 0.504, RMSE: 0.789 (Best @ 1: {{0.631}}, 0.641, 0.640, 0.673)
--------------------------------------------------------------------------------------------------------------------------
Epoch 41/50
Training one epoch in 22.186 s
[DEV]   QWK:  0.637, PRS: 0.645, SPR: 0.645, RMSE: 0.681, (Best @ 1: {{0.713}}, 0.721, 0.727, 0.619)
[TEST]  QWK:  0.539, PRS: 0.549, SPR: 0.547, RMSE: 0.743 (Best @ 1: {{0.631}}, 0.641, 0.640, 0.673)
--------------------------------------------------------------------------------------------------------------------------
Epoch 42/50
Training one epoch in 21.860 s
[DEV]   QWK:  0.638, PRS: 0.642, SPR: 0.647, RMSE: 0.683, (Best @ 1: {{0.713}}, 0.721, 0.727, 0.619)
[TEST]  QWK:  0.568, PRS: 0.572, SPR: 0.572, RMSE: 0.731 (Best @ 1: {{0.631}}, 0.641, 0.640, 0.673)
--------------------------------------------------------------------------------------------------------------------------
Epoch 43/50
Training one epoch in 22.064 s
[DEV]   QWK:  0.627, PRS: 0.647, SPR: 0.648, RMSE: 0.714, (Best @ 1: {{0.713}}, 0.721, 0.727, 0.619)
[TEST]  QWK:  0.541, PRS: 0.566, SPR: 0.564, RMSE: 0.759 (Best @ 1: {{0.631}}, 0.641, 0.640, 0.673)
--------------------------------------------------------------------------------------------------------------------------
Epoch 44/50
Training one epoch in 22.119 s
[DEV]   QWK:  0.649, PRS: 0.654, SPR: 0.657, RMSE: 0.668, (Best @ 1: {{0.713}}, 0.721, 0.727, 0.619)
[TEST]  QWK:  0.545, PRS: 0.551, SPR: 0.549, RMSE: 0.739 (Best @ 1: {{0.631}}, 0.641, 0.640, 0.673)
--------------------------------------------------------------------------------------------------------------------------
Epoch 45/50
Training one epoch in 22.090 s
[DEV]   QWK:  0.669, PRS: 0.672, SPR: 0.679, RMSE: 0.651, (Best @ 1: {{0.713}}, 0.721, 0.727, 0.619)
[TEST]  QWK:  0.536, PRS: 0.539, SPR: 0.536, RMSE: 0.743 (Best @ 1: {{0.631}}, 0.641, 0.640, 0.673)
--------------------------------------------------------------------------------------------------------------------------
Epoch 46/50
Training one epoch in 22.193 s
[DEV]   QWK:  0.665, PRS: 0.671, SPR: 0.673, RMSE: 0.666, (Best @ 1: {{0.713}}, 0.721, 0.727, 0.619)
[TEST]  QWK:  0.562, PRS: 0.572, SPR: 0.571, RMSE: 0.735 (Best @ 1: {{0.631}}, 0.641, 0.640, 0.673)
--------------------------------------------------------------------------------------------------------------------------
Epoch 47/50
Training one epoch in 22.027 s
[DEV]   QWK:  0.615, PRS: 0.625, SPR: 0.623, RMSE: 0.683, (Best @ 1: {{0.713}}, 0.721, 0.727, 0.619)
[TEST]  QWK:  0.594, PRS: 0.608, SPR: 0.608, RMSE: 0.682 (Best @ 1: {{0.631}}, 0.641, 0.640, 0.673)
--------------------------------------------------------------------------------------------------------------------------
Epoch 48/50
Training one epoch in 22.033 s
[DEV]   QWK:  0.614, PRS: 0.633, SPR: 0.630, RMSE: 0.692, (Best @ 1: {{0.713}}, 0.721, 0.727, 0.619)
[TEST]  QWK:  0.557, PRS: 0.585, SPR: 0.583, RMSE: 0.707 (Best @ 1: {{0.631}}, 0.641, 0.640, 0.673)
--------------------------------------------------------------------------------------------------------------------------
Epoch 49/50
Training one epoch in 22.134 s
[DEV]   QWK:  0.621, PRS: 0.647, SPR: 0.646, RMSE: 0.704, (Best @ 1: {{0.713}}, 0.721, 0.727, 0.619)
[TEST]  QWK:  0.527, PRS: 0.559, SPR: 0.555, RMSE: 0.747 (Best @ 1: {{0.631}}, 0.641, 0.640, 0.673)
--------------------------------------------------------------------------------------------------------------------------
Epoch 50/50
Training one epoch in 22.176 s
[DEV]   QWK:  0.637, PRS: 0.640, SPR: 0.646, RMSE: 0.681, (Best @ 1: {{0.713}}, 0.721, 0.727, 0.619)
[TEST]  QWK:  0.498, PRS: 0.501, SPR: 0.496, RMSE: 0.781 (Best @ 1: {{0.631}}, 0.641, 0.640, 0.673)
--------------------------------------------------------------------------------------------------------------------------
