X_train shape: (507, 4850)
Initial evaluation: 
[DEV]   QWK:  0.000, PRS: 0.000, SPR: 0.000, RMSE: 9.448, (Best @ -1: {{0.000}}, 0.000, 0.000, 9.448)
[TEST]  QWK:  0.000, PRS: 0.000, SPR: 0.000, RMSE: 8.814 (Best @ -1: {{0.000}}, 0.000, 0.000, 8.814)
--------------------------------------------------------------------------------------------------------------------------
Train model
Epoch 1/50
Training one epoch in 23.766 s
[DEV]   QWK:  0.326, PRS: 0.561, SPR: 0.492, RMSE: 5.579, (Best @ 1: {{0.326}}, 0.561, 0.492, 5.579)
[TEST]  QWK:  0.328, PRS: 0.610, SPR: 0.532, RMSE: 5.808 (Best @ 1: {{0.328}}, 0.610, 0.532, 5.808)
--------------------------------------------------------------------------------------------------------------------------
Epoch 2/50
Training one epoch in 20.468 s
[DEV]   QWK:  0.412, PRS: 0.574, SPR: 0.518, RMSE: 5.278, (Best @ 2: {{0.412}}, 0.574, 0.518, 5.278)
[TEST]  QWK:  0.430, PRS: 0.648, SPR: 0.574, RMSE: 5.346 (Best @ 2: {{0.430}}, 0.648, 0.574, 5.346)
--------------------------------------------------------------------------------------------------------------------------
Epoch 3/50
Training one epoch in 20.378 s
[DEV]   QWK:  0.384, PRS: 0.554, SPR: 0.517, RMSE: 5.191, (Best @ 2: {{0.412}}, 0.574, 0.518, 5.278)
[TEST]  QWK:  0.431, PRS: 0.653, SPR: 0.559, RMSE: 5.026 (Best @ 2: {{0.430}}, 0.648, 0.574, 5.346)
--------------------------------------------------------------------------------------------------------------------------
Epoch 4/50
Training one epoch in 20.202 s
[DEV]   QWK:  0.493, PRS: 0.572, SPR: 0.535, RMSE: 5.116, (Best @ 4: {{0.493}}, 0.572, 0.535, 5.116)
[TEST]  QWK:  0.515, PRS: 0.637, SPR: 0.554, RMSE: 5.019 (Best @ 4: {{0.515}}, 0.637, 0.554, 5.019)
--------------------------------------------------------------------------------------------------------------------------
Epoch 5/50
Training one epoch in 20.388 s
[DEV]   QWK:  0.475, PRS: 0.554, SPR: 0.521, RMSE: 5.322, (Best @ 4: {{0.493}}, 0.572, 0.535, 5.116)
[TEST]  QWK:  0.561, PRS: 0.648, SPR: 0.571, RMSE: 4.746 (Best @ 4: {{0.515}}, 0.637, 0.554, 5.019)
--------------------------------------------------------------------------------------------------------------------------
Epoch 6/50
Training one epoch in 20.483 s
[DEV]   QWK:  0.483, PRS: 0.597, SPR: 0.563, RMSE: 5.083, (Best @ 4: {{0.493}}, 0.572, 0.535, 5.116)
[TEST]  QWK:  0.530, PRS: 0.644, SPR: 0.578, RMSE: 4.773 (Best @ 4: {{0.515}}, 0.637, 0.554, 5.019)
--------------------------------------------------------------------------------------------------------------------------
Epoch 7/50
Training one epoch in 20.537 s
[DEV]   QWK:  0.468, PRS: 0.605, SPR: 0.569, RMSE: 4.950, (Best @ 4: {{0.493}}, 0.572, 0.535, 5.116)
[TEST]  QWK:  0.517, PRS: 0.680, SPR: 0.609, RMSE: 4.774 (Best @ 4: {{0.515}}, 0.637, 0.554, 5.019)
--------------------------------------------------------------------------------------------------------------------------
Epoch 8/50
Training one epoch in 20.478 s
[DEV]   QWK:  0.518, PRS: 0.644, SPR: 0.612, RMSE: 4.872, (Best @ 8: {{0.518}}, 0.644, 0.612, 4.872)
[TEST]  QWK:  0.594, PRS: 0.712, SPR: 0.645, RMSE: 4.444 (Best @ 8: {{0.594}}, 0.712, 0.645, 4.444)
--------------------------------------------------------------------------------------------------------------------------
Epoch 9/50
Training one epoch in 20.216 s
[DEV]   QWK:  0.565, PRS: 0.664, SPR: 0.641, RMSE: 5.113, (Best @ 9: {{0.565}}, 0.664, 0.641, 5.113)
[TEST]  QWK:  0.537, PRS: 0.717, SPR: 0.648, RMSE: 5.642 (Best @ 9: {{0.537}}, 0.717, 0.648, 5.642)
--------------------------------------------------------------------------------------------------------------------------
Epoch 10/50
Training one epoch in 20.407 s
[DEV]   QWK:  0.597, PRS: 0.673, SPR: 0.650, RMSE: 4.570, (Best @ 10: {{0.597}}, 0.673, 0.650, 4.570)
[TEST]  QWK:  0.608, PRS: 0.718, SPR: 0.672, RMSE: 4.667 (Best @ 10: {{0.608}}, 0.718, 0.672, 4.667)
--------------------------------------------------------------------------------------------------------------------------
Epoch 11/50
Training one epoch in 20.313 s
[DEV]   QWK:  0.525, PRS: 0.686, SPR: 0.654, RMSE: 5.363, (Best @ 10: {{0.597}}, 0.673, 0.650, 4.570)
[TEST]  QWK:  0.484, PRS: 0.725, SPR: 0.650, RMSE: 6.056 (Best @ 10: {{0.608}}, 0.718, 0.672, 4.667)
--------------------------------------------------------------------------------------------------------------------------
Epoch 12/50
Training one epoch in 20.320 s
[DEV]   QWK:  0.628, PRS: 0.692, SPR: 0.668, RMSE: 4.458, (Best @ 12: {{0.628}}, 0.692, 0.668, 4.458)
[TEST]  QWK:  0.646, PRS: 0.747, SPR: 0.698, RMSE: 4.523 (Best @ 12: {{0.646}}, 0.747, 0.698, 4.523)
--------------------------------------------------------------------------------------------------------------------------
Epoch 13/50
Training one epoch in 20.148 s
[DEV]   QWK:  0.577, PRS: 0.693, SPR: 0.682, RMSE: 4.569, (Best @ 12: {{0.628}}, 0.692, 0.668, 4.458)
[TEST]  QWK:  0.631, PRS: 0.731, SPR: 0.704, RMSE: 4.364 (Best @ 12: {{0.646}}, 0.747, 0.698, 4.523)
--------------------------------------------------------------------------------------------------------------------------
Epoch 14/50
Training one epoch in 20.335 s
[DEV]   QWK:  0.599, PRS: 0.713, SPR: 0.696, RMSE: 4.487, (Best @ 12: {{0.628}}, 0.692, 0.668, 4.458)
[TEST]  QWK:  0.642, PRS: 0.742, SPR: 0.713, RMSE: 4.275 (Best @ 12: {{0.646}}, 0.747, 0.698, 4.523)
--------------------------------------------------------------------------------------------------------------------------
Epoch 15/50
Training one epoch in 20.303 s
[DEV]   QWK:  0.592, PRS: 0.718, SPR: 0.694, RMSE: 4.605, (Best @ 12: {{0.628}}, 0.692, 0.668, 4.458)
[TEST]  QWK:  0.669, PRS: 0.767, SPR: 0.743, RMSE: 4.096 (Best @ 12: {{0.646}}, 0.747, 0.698, 4.523)
--------------------------------------------------------------------------------------------------------------------------
Epoch 16/50
Training one epoch in 20.492 s
[DEV]   QWK:  0.503, PRS: 0.696, SPR: 0.692, RMSE: 5.251, (Best @ 12: {{0.628}}, 0.692, 0.668, 4.458)
[TEST]  QWK:  0.612, PRS: 0.737, SPR: 0.729, RMSE: 4.449 (Best @ 12: {{0.646}}, 0.747, 0.698, 4.523)
--------------------------------------------------------------------------------------------------------------------------
Epoch 17/50
Training one epoch in 20.673 s
[DEV]   QWK:  0.668, PRS: 0.718, SPR: 0.700, RMSE: 4.282, (Best @ 17: {{0.668}}, 0.718, 0.700, 4.282)
[TEST]  QWK:  0.697, PRS: 0.767, SPR: 0.735, RMSE: 4.188 (Best @ 17: {{0.697}}, 0.767, 0.735, 4.188)
--------------------------------------------------------------------------------------------------------------------------
Epoch 18/50
Training one epoch in 20.137 s
[DEV]   QWK:  0.680, PRS: 0.728, SPR: 0.711, RMSE: 4.237, (Best @ 18: {{0.680}}, 0.728, 0.711, 4.237)
[TEST]  QWK:  0.668, PRS: 0.772, SPR: 0.746, RMSE: 4.512 (Best @ 18: {{0.668}}, 0.772, 0.746, 4.512)
--------------------------------------------------------------------------------------------------------------------------
Epoch 19/50
Training one epoch in 20.485 s
[DEV]   QWK:  0.689, PRS: 0.737, SPR: 0.718, RMSE: 4.264, (Best @ 19: {{0.689}}, 0.737, 0.718, 4.264)
[TEST]  QWK:  0.650, PRS: 0.776, SPR: 0.739, RMSE: 4.745 (Best @ 19: {{0.650}}, 0.776, 0.739, 4.745)
--------------------------------------------------------------------------------------------------------------------------
Epoch 20/50
Training one epoch in 19.888 s
[DEV]   QWK:  0.693, PRS: 0.731, SPR: 0.707, RMSE: 4.297, (Best @ 20: {{0.693}}, 0.731, 0.707, 4.297)
[TEST]  QWK:  0.744, PRS: 0.782, SPR: 0.760, RMSE: 3.907 (Best @ 20: {{0.744}}, 0.782, 0.760, 3.907)
--------------------------------------------------------------------------------------------------------------------------
Epoch 21/50
Training one epoch in 20.615 s
[DEV]   QWK:  0.566, PRS: 0.707, SPR: 0.689, RMSE: 5.298, (Best @ 20: {{0.693}}, 0.731, 0.707, 4.297)
[TEST]  QWK:  0.700, PRS: 0.765, SPR: 0.775, RMSE: 4.167 (Best @ 20: {{0.744}}, 0.782, 0.760, 3.907)
--------------------------------------------------------------------------------------------------------------------------
Epoch 22/50
Training one epoch in 20.486 s
[DEV]   QWK:  0.698, PRS: 0.748, SPR: 0.720, RMSE: 4.101, (Best @ 22: {{0.698}}, 0.748, 0.720, 4.101)
[TEST]  QWK:  0.680, PRS: 0.788, SPR: 0.759, RMSE: 4.356 (Best @ 22: {{0.680}}, 0.788, 0.759, 4.356)
--------------------------------------------------------------------------------------------------------------------------
Epoch 23/50
Training one epoch in 20.326 s
[DEV]   QWK:  0.632, PRS: 0.721, SPR: 0.696, RMSE: 4.768, (Best @ 22: {{0.698}}, 0.748, 0.720, 4.101)
[TEST]  QWK:  0.746, PRS: 0.791, SPR: 0.781, RMSE: 3.808 (Best @ 22: {{0.680}}, 0.788, 0.759, 4.356)
--------------------------------------------------------------------------------------------------------------------------
Epoch 24/50
Training one epoch in 19.849 s
[DEV]   QWK:  0.650, PRS: 0.715, SPR: 0.701, RMSE: 4.535, (Best @ 22: {{0.698}}, 0.748, 0.720, 4.101)
[TEST]  QWK:  0.718, PRS: 0.764, SPR: 0.767, RMSE: 3.993 (Best @ 22: {{0.680}}, 0.788, 0.759, 4.356)
--------------------------------------------------------------------------------------------------------------------------
Epoch 25/50
Training one epoch in 20.184 s
[DEV]   QWK:  0.704, PRS: 0.739, SPR: 0.710, RMSE: 4.296, (Best @ 25: {{0.704}}, 0.739, 0.710, 4.296)
[TEST]  QWK:  0.684, PRS: 0.807, SPR: 0.772, RMSE: 4.646 (Best @ 25: {{0.684}}, 0.807, 0.772, 4.646)
--------------------------------------------------------------------------------------------------------------------------
Epoch 26/50
Training one epoch in 20.355 s
[DEV]   QWK:  0.718, PRS: 0.744, SPR: 0.720, RMSE: 4.184, (Best @ 26: {{0.718}}, 0.744, 0.720, 4.184)
[TEST]  QWK:  0.704, PRS: 0.800, SPR: 0.774, RMSE: 4.449 (Best @ 26: {{0.704}}, 0.800, 0.774, 4.449)
--------------------------------------------------------------------------------------------------------------------------
Epoch 27/50
Training one epoch in 20.368 s
[DEV]   QWK:  0.566, PRS: 0.697, SPR: 0.682, RMSE: 5.184, (Best @ 26: {{0.718}}, 0.744, 0.720, 4.184)
[TEST]  QWK:  0.698, PRS: 0.765, SPR: 0.766, RMSE: 4.128 (Best @ 26: {{0.704}}, 0.800, 0.774, 4.449)
--------------------------------------------------------------------------------------------------------------------------
Epoch 28/50
Training one epoch in 20.437 s
[DEV]   QWK:  0.712, PRS: 0.741, SPR: 0.719, RMSE: 4.155, (Best @ 26: {{0.718}}, 0.744, 0.720, 4.184)
[TEST]  QWK:  0.755, PRS: 0.809, SPR: 0.786, RMSE: 3.828 (Best @ 26: {{0.704}}, 0.800, 0.774, 4.449)
--------------------------------------------------------------------------------------------------------------------------
Epoch 29/50
Training one epoch in 20.546 s
[DEV]   QWK:  0.723, PRS: 0.749, SPR: 0.720, RMSE: 4.121, (Best @ 29: {{0.723}}, 0.749, 0.720, 4.121)
[TEST]  QWK:  0.770, PRS: 0.814, SPR: 0.798, RMSE: 3.762 (Best @ 29: {{0.770}}, 0.814, 0.798, 3.762)
--------------------------------------------------------------------------------------------------------------------------
Epoch 30/50
Training one epoch in 20.371 s
[DEV]   QWK:  0.562, PRS: 0.713, SPR: 0.699, RMSE: 5.618, (Best @ 29: {{0.723}}, 0.749, 0.720, 4.121)
[TEST]  QWK:  0.727, PRS: 0.789, SPR: 0.801, RMSE: 4.135 (Best @ 29: {{0.770}}, 0.814, 0.798, 3.762)
--------------------------------------------------------------------------------------------------------------------------
Epoch 31/50
Training one epoch in 20.606 s
[DEV]   QWK:  0.698, PRS: 0.741, SPR: 0.710, RMSE: 4.159, (Best @ 29: {{0.723}}, 0.749, 0.720, 4.121)
[TEST]  QWK:  0.749, PRS: 0.813, SPR: 0.803, RMSE: 3.812 (Best @ 29: {{0.770}}, 0.814, 0.798, 3.762)
--------------------------------------------------------------------------------------------------------------------------
Epoch 32/50
Training one epoch in 20.208 s
[DEV]   QWK:  0.725, PRS: 0.742, SPR: 0.716, RMSE: 4.124, (Best @ 32: {{0.725}}, 0.742, 0.716, 4.124)
[TEST]  QWK:  0.742, PRS: 0.807, SPR: 0.803, RMSE: 4.071 (Best @ 32: {{0.742}}, 0.807, 0.803, 4.071)
--------------------------------------------------------------------------------------------------------------------------
Epoch 33/50
Training one epoch in 20.368 s
[DEV]   QWK:  0.701, PRS: 0.732, SPR: 0.704, RMSE: 4.358, (Best @ 32: {{0.725}}, 0.742, 0.716, 4.124)
[TEST]  QWK:  0.770, PRS: 0.798, SPR: 0.801, RMSE: 3.764 (Best @ 32: {{0.742}}, 0.807, 0.803, 4.071)
--------------------------------------------------------------------------------------------------------------------------
Epoch 34/50
Training one epoch in 20.526 s
[DEV]   QWK:  0.606, PRS: 0.745, SPR: 0.715, RMSE: 5.103, (Best @ 32: {{0.725}}, 0.742, 0.716, 4.124)
[TEST]  QWK:  0.749, PRS: 0.811, SPR: 0.803, RMSE: 3.866 (Best @ 32: {{0.742}}, 0.807, 0.803, 4.071)
--------------------------------------------------------------------------------------------------------------------------
Epoch 35/50
Training one epoch in 20.195 s
[DEV]   QWK:  0.633, PRS: 0.716, SPR: 0.696, RMSE: 4.944, (Best @ 32: {{0.725}}, 0.742, 0.716, 4.124)
[TEST]  QWK:  0.772, PRS: 0.802, SPR: 0.799, RMSE: 3.729 (Best @ 32: {{0.742}}, 0.807, 0.803, 4.071)
--------------------------------------------------------------------------------------------------------------------------
Epoch 36/50
Training one epoch in 20.515 s
[DEV]   QWK:  0.613, PRS: 0.730, SPR: 0.708, RMSE: 4.985, (Best @ 32: {{0.725}}, 0.742, 0.716, 4.124)
[TEST]  QWK:  0.742, PRS: 0.793, SPR: 0.785, RMSE: 3.864 (Best @ 32: {{0.742}}, 0.807, 0.803, 4.071)
--------------------------------------------------------------------------------------------------------------------------
Epoch 37/50
Training one epoch in 20.528 s
[DEV]   QWK:  0.654, PRS: 0.750, SPR: 0.718, RMSE: 4.568, (Best @ 32: {{0.725}}, 0.742, 0.716, 4.124)
[TEST]  QWK:  0.762, PRS: 0.814, SPR: 0.784, RMSE: 3.667 (Best @ 32: {{0.742}}, 0.807, 0.803, 4.071)
--------------------------------------------------------------------------------------------------------------------------
Epoch 38/50
Training one epoch in 20.301 s
[DEV]   QWK:  0.723, PRS: 0.747, SPR: 0.719, RMSE: 4.206, (Best @ 32: {{0.725}}, 0.742, 0.716, 4.124)
[TEST]  QWK:  0.793, PRS: 0.817, SPR: 0.809, RMSE: 3.636 (Best @ 32: {{0.742}}, 0.807, 0.803, 4.071)
--------------------------------------------------------------------------------------------------------------------------
Epoch 39/50
Training one epoch in 20.452 s
[DEV]   QWK:  0.634, PRS: 0.736, SPR: 0.716, RMSE: 4.796, (Best @ 32: {{0.725}}, 0.742, 0.716, 4.124)
[TEST]  QWK:  0.749, PRS: 0.795, SPR: 0.796, RMSE: 3.824 (Best @ 32: {{0.742}}, 0.807, 0.803, 4.071)
--------------------------------------------------------------------------------------------------------------------------
Epoch 40/50
Training one epoch in 20.457 s
[DEV]   QWK:  0.718, PRS: 0.733, SPR: 0.708, RMSE: 4.201, (Best @ 32: {{0.725}}, 0.742, 0.716, 4.124)
[TEST]  QWK:  0.759, PRS: 0.810, SPR: 0.805, RMSE: 3.979 (Best @ 32: {{0.742}}, 0.807, 0.803, 4.071)
--------------------------------------------------------------------------------------------------------------------------
Epoch 41/50
Training one epoch in 20.618 s
[DEV]   QWK:  0.665, PRS: 0.734, SPR: 0.711, RMSE: 4.820, (Best @ 32: {{0.725}}, 0.742, 0.716, 4.124)
[TEST]  QWK:  0.795, PRS: 0.811, SPR: 0.812, RMSE: 3.632 (Best @ 32: {{0.742}}, 0.807, 0.803, 4.071)
--------------------------------------------------------------------------------------------------------------------------
Epoch 42/50
Training one epoch in 20.895 s
[DEV]   QWK:  0.720, PRS: 0.732, SPR: 0.707, RMSE: 4.466, (Best @ 32: {{0.725}}, 0.742, 0.716, 4.124)
[TEST]  QWK:  0.785, PRS: 0.796, SPR: 0.806, RMSE: 3.918 (Best @ 32: {{0.742}}, 0.807, 0.803, 4.071)
--------------------------------------------------------------------------------------------------------------------------
Epoch 43/50
Training one epoch in 20.316 s
[DEV]   QWK:  0.673, PRS: 0.733, SPR: 0.710, RMSE: 4.620, (Best @ 32: {{0.725}}, 0.742, 0.716, 4.124)
[TEST]  QWK:  0.787, PRS: 0.803, SPR: 0.808, RMSE: 3.672 (Best @ 32: {{0.742}}, 0.807, 0.803, 4.071)
--------------------------------------------------------------------------------------------------------------------------
Epoch 44/50
Training one epoch in 20.322 s
[DEV]   QWK:  0.699, PRS: 0.754, SPR: 0.726, RMSE: 4.457, (Best @ 32: {{0.725}}, 0.742, 0.716, 4.124)
[TEST]  QWK:  0.795, PRS: 0.809, SPR: 0.812, RMSE: 3.619 (Best @ 32: {{0.742}}, 0.807, 0.803, 4.071)
--------------------------------------------------------------------------------------------------------------------------
Epoch 45/50
Training one epoch in 20.463 s
[DEV]   QWK:  0.557, PRS: 0.738, SPR: 0.715, RMSE: 5.386, (Best @ 32: {{0.725}}, 0.742, 0.716, 4.124)
[TEST]  QWK:  0.713, PRS: 0.803, SPR: 0.793, RMSE: 4.113 (Best @ 32: {{0.742}}, 0.807, 0.803, 4.071)
--------------------------------------------------------------------------------------------------------------------------
Epoch 46/50
Training one epoch in 19.785 s
[DEV]   QWK:  0.700, PRS: 0.729, SPR: 0.711, RMSE: 4.248, (Best @ 32: {{0.725}}, 0.742, 0.716, 4.124)
[TEST]  QWK:  0.776, PRS: 0.811, SPR: 0.796, RMSE: 3.742 (Best @ 32: {{0.742}}, 0.807, 0.803, 4.071)
--------------------------------------------------------------------------------------------------------------------------
Epoch 47/50
Training one epoch in 20.233 s
[DEV]   QWK:  0.596, PRS: 0.746, SPR: 0.715, RMSE: 5.312, (Best @ 32: {{0.725}}, 0.742, 0.716, 4.124)
[TEST]  QWK:  0.751, PRS: 0.813, SPR: 0.815, RMSE: 3.976 (Best @ 32: {{0.742}}, 0.807, 0.803, 4.071)
--------------------------------------------------------------------------------------------------------------------------
Epoch 48/50
Training one epoch in 20.446 s
[DEV]   QWK:  0.618, PRS: 0.746, SPR: 0.713, RMSE: 5.109, (Best @ 32: {{0.725}}, 0.742, 0.716, 4.124)
[TEST]  QWK:  0.758, PRS: 0.800, SPR: 0.804, RMSE: 3.918 (Best @ 32: {{0.742}}, 0.807, 0.803, 4.071)
--------------------------------------------------------------------------------------------------------------------------
Epoch 49/50
Training one epoch in 20.469 s
[DEV]   QWK:  0.624, PRS: 0.728, SPR: 0.705, RMSE: 5.087, (Best @ 32: {{0.725}}, 0.742, 0.716, 4.124)
[TEST]  QWK:  0.765, PRS: 0.799, SPR: 0.796, RMSE: 3.887 (Best @ 32: {{0.742}}, 0.807, 0.803, 4.071)
--------------------------------------------------------------------------------------------------------------------------
Epoch 50/50
Training one epoch in 19.784 s
[DEV]   QWK:  0.692, PRS: 0.739, SPR: 0.712, RMSE: 4.310, (Best @ 32: {{0.725}}, 0.742, 0.716, 4.124)
[TEST]  QWK:  0.781, PRS: 0.807, SPR: 0.794, RMSE: 3.653 (Best @ 32: {{0.742}}, 0.807, 0.803, 4.071)
--------------------------------------------------------------------------------------------------------------------------
