X_train shape: (1209, 1100)
Initial evaluation: 
[DEV]   QWK:  0.000, PRS: 0.000, SPR: 0.000, RMSE: 1.163, (Best @ -1: {{0.000}}, 0.000, 0.000, 1.163)
[TEST]  QWK:  0.000, PRS: 0.000, SPR: 0.000, RMSE: 1.248 (Best @ -1: {{0.000}}, 0.000, 0.000, 1.248)
--------------------------------------------------------------------------------------------------------------------------
Train model
Epoch 1/50
Training one epoch in 25.278 s
[DEV]   QWK:  0.645, PRS: 0.680, SPR: 0.692, RMSE: 0.632, (Best @ 1: {{0.645}}, 0.680, 0.692, 0.632)
[TEST]  QWK:  0.517, PRS: 0.562, SPR: 0.563, RMSE: 0.695 (Best @ 1: {{0.517}}, 0.562, 0.563, 0.695)
--------------------------------------------------------------------------------------------------------------------------
Epoch 2/50
Training one epoch in 22.663 s
[DEV]   QWK:  0.657, PRS: 0.675, SPR: 0.692, RMSE: 0.642, (Best @ 2: {{0.657}}, 0.675, 0.692, 0.642)
[TEST]  QWK:  0.583, PRS: 0.605, SPR: 0.606, RMSE: 0.669 (Best @ 2: {{0.583}}, 0.605, 0.606, 0.669)
--------------------------------------------------------------------------------------------------------------------------
Epoch 3/50
Training one epoch in 22.742 s
[DEV]   QWK:  0.700, PRS: 0.705, SPR: 0.717, RMSE: 0.607, (Best @ 3: {{0.700}}, 0.705, 0.717, 0.607)
[TEST]  QWK:  0.618, PRS: 0.631, SPR: 0.631, RMSE: 0.642 (Best @ 3: {{0.618}}, 0.631, 0.631, 0.642)
--------------------------------------------------------------------------------------------------------------------------
Epoch 4/50
Training one epoch in 22.785 s
[DEV]   QWK:  0.694, PRS: 0.699, SPR: 0.706, RMSE: 0.619, (Best @ 3: {{0.700}}, 0.705, 0.717, 0.607)
[TEST]  QWK:  0.668, PRS: 0.681, SPR: 0.680, RMSE: 0.610 (Best @ 3: {{0.618}}, 0.631, 0.631, 0.642)
--------------------------------------------------------------------------------------------------------------------------
Epoch 5/50
Training one epoch in 22.775 s
[DEV]   QWK:  0.665, PRS: 0.685, SPR: 0.684, RMSE: 0.648, (Best @ 3: {{0.700}}, 0.705, 0.717, 0.607)
[TEST]  QWK:  0.612, PRS: 0.642, SPR: 0.638, RMSE: 0.660 (Best @ 3: {{0.618}}, 0.631, 0.631, 0.642)
--------------------------------------------------------------------------------------------------------------------------
Epoch 6/50
Training one epoch in 22.770 s
[DEV]   QWK:  0.685, PRS: 0.695, SPR: 0.695, RMSE: 0.630, (Best @ 3: {{0.700}}, 0.705, 0.717, 0.607)
[TEST]  QWK:  0.624, PRS: 0.646, SPR: 0.643, RMSE: 0.647 (Best @ 3: {{0.618}}, 0.631, 0.631, 0.642)
--------------------------------------------------------------------------------------------------------------------------
Epoch 7/50
Training one epoch in 22.749 s
[DEV]   QWK:  0.686, PRS: 0.692, SPR: 0.696, RMSE: 0.623, (Best @ 3: {{0.700}}, 0.705, 0.717, 0.607)
[TEST]  QWK:  0.656, PRS: 0.668, SPR: 0.667, RMSE: 0.615 (Best @ 3: {{0.618}}, 0.631, 0.631, 0.642)
--------------------------------------------------------------------------------------------------------------------------
Epoch 8/50
Training one epoch in 22.697 s
[DEV]   QWK:  0.668, PRS: 0.689, SPR: 0.685, RMSE: 0.646, (Best @ 3: {{0.700}}, 0.705, 0.717, 0.607)
[TEST]  QWK:  0.615, PRS: 0.641, SPR: 0.638, RMSE: 0.660 (Best @ 3: {{0.618}}, 0.631, 0.631, 0.642)
--------------------------------------------------------------------------------------------------------------------------
Epoch 9/50
Training one epoch in 22.714 s
[DEV]   QWK:  0.671, PRS: 0.706, SPR: 0.709, RMSE: 0.677, (Best @ 3: {{0.700}}, 0.705, 0.717, 0.607)
[TEST]  QWK:  0.543, PRS: 0.589, SPR: 0.584, RMSE: 0.747 (Best @ 3: {{0.618}}, 0.631, 0.631, 0.642)
--------------------------------------------------------------------------------------------------------------------------
Epoch 10/50
Training one epoch in 22.685 s
[DEV]   QWK:  0.688, PRS: 0.703, SPR: 0.719, RMSE: 0.607, (Best @ 3: {{0.700}}, 0.705, 0.717, 0.607)
[TEST]  QWK:  0.612, PRS: 0.633, SPR: 0.637, RMSE: 0.647 (Best @ 3: {{0.618}}, 0.631, 0.631, 0.642)
--------------------------------------------------------------------------------------------------------------------------
Epoch 11/50
Training one epoch in 22.795 s
[DEV]   QWK:  0.696, PRS: 0.711, SPR: 0.712, RMSE: 0.632, (Best @ 3: {{0.700}}, 0.705, 0.717, 0.607)
[TEST]  QWK:  0.634, PRS: 0.649, SPR: 0.650, RMSE: 0.665 (Best @ 3: {{0.618}}, 0.631, 0.631, 0.642)
--------------------------------------------------------------------------------------------------------------------------
Epoch 12/50
Training one epoch in 22.644 s
[DEV]   QWK:  0.699, PRS: 0.712, SPR: 0.715, RMSE: 0.639, (Best @ 3: {{0.700}}, 0.705, 0.717, 0.607)
[TEST]  QWK:  0.614, PRS: 0.627, SPR: 0.627, RMSE: 0.695 (Best @ 3: {{0.618}}, 0.631, 0.631, 0.642)
--------------------------------------------------------------------------------------------------------------------------
Epoch 13/50
Training one epoch in 22.743 s
[DEV]   QWK:  0.681, PRS: 0.705, SPR: 0.705, RMSE: 0.646, (Best @ 3: {{0.700}}, 0.705, 0.717, 0.607)
[TEST]  QWK:  0.598, PRS: 0.627, SPR: 0.623, RMSE: 0.686 (Best @ 3: {{0.618}}, 0.631, 0.631, 0.642)
--------------------------------------------------------------------------------------------------------------------------
Epoch 14/50
Training one epoch in 22.800 s
[DEV]   QWK:  0.696, PRS: 0.708, SPR: 0.708, RMSE: 0.628, (Best @ 3: {{0.700}}, 0.705, 0.717, 0.607)
[TEST]  QWK:  0.630, PRS: 0.651, SPR: 0.649, RMSE: 0.660 (Best @ 3: {{0.618}}, 0.631, 0.631, 0.642)
--------------------------------------------------------------------------------------------------------------------------
Epoch 15/50
Training one epoch in 22.782 s
[DEV]   QWK:  0.472, PRS: 0.604, SPR: 0.616, RMSE: 0.786, (Best @ 3: {{0.700}}, 0.705, 0.717, 0.607)
[TEST]  QWK:  0.390, PRS: 0.528, SPR: 0.547, RMSE: 0.849 (Best @ 3: {{0.618}}, 0.631, 0.631, 0.642)
--------------------------------------------------------------------------------------------------------------------------
Epoch 16/50
Training one epoch in 22.714 s
[DEV]   QWK:  0.709, PRS: 0.713, SPR: 0.716, RMSE: 0.611, (Best @ 16: {{0.709}}, 0.713, 0.716, 0.611)
[TEST]  QWK:  0.593, PRS: 0.604, SPR: 0.601, RMSE: 0.682 (Best @ 16: {{0.593}}, 0.604, 0.601, 0.682)
--------------------------------------------------------------------------------------------------------------------------
Epoch 17/50
Training one epoch in 22.776 s
[DEV]   QWK:  0.687, PRS: 0.692, SPR: 0.694, RMSE: 0.632, (Best @ 16: {{0.709}}, 0.713, 0.716, 0.611)
[TEST]  QWK:  0.590, PRS: 0.601, SPR: 0.598, RMSE: 0.695 (Best @ 16: {{0.593}}, 0.604, 0.601, 0.682)
--------------------------------------------------------------------------------------------------------------------------
Epoch 18/50
Training one epoch in 22.758 s
[DEV]   QWK:  0.694, PRS: 0.709, SPR: 0.710, RMSE: 0.635, (Best @ 16: {{0.709}}, 0.713, 0.716, 0.611)
[TEST]  QWK:  0.583, PRS: 0.607, SPR: 0.603, RMSE: 0.707 (Best @ 16: {{0.593}}, 0.604, 0.601, 0.682)
--------------------------------------------------------------------------------------------------------------------------
Epoch 19/50
Training one epoch in 22.781 s
[DEV]   QWK:  0.697, PRS: 0.701, SPR: 0.706, RMSE: 0.619, (Best @ 16: {{0.709}}, 0.713, 0.716, 0.611)
[TEST]  QWK:  0.591, PRS: 0.597, SPR: 0.595, RMSE: 0.690 (Best @ 16: {{0.593}}, 0.604, 0.601, 0.682)
--------------------------------------------------------------------------------------------------------------------------
Epoch 20/50
Training one epoch in 22.760 s
[DEV]   QWK:  0.701, PRS: 0.705, SPR: 0.707, RMSE: 0.623, (Best @ 16: {{0.709}}, 0.713, 0.716, 0.611)
[TEST]  QWK:  0.595, PRS: 0.601, SPR: 0.600, RMSE: 0.703 (Best @ 16: {{0.593}}, 0.604, 0.601, 0.682)
--------------------------------------------------------------------------------------------------------------------------
Epoch 21/50
Training one epoch in 22.760 s
[DEV]   QWK:  0.698, PRS: 0.703, SPR: 0.706, RMSE: 0.621, (Best @ 16: {{0.709}}, 0.713, 0.716, 0.611)
[TEST]  QWK:  0.567, PRS: 0.577, SPR: 0.573, RMSE: 0.715 (Best @ 16: {{0.593}}, 0.604, 0.601, 0.682)
--------------------------------------------------------------------------------------------------------------------------
Epoch 22/50
Training one epoch in 22.606 s
[DEV]   QWK:  0.673, PRS: 0.689, SPR: 0.704, RMSE: 0.623, (Best @ 16: {{0.709}}, 0.713, 0.716, 0.611)
[TEST]  QWK:  0.556, PRS: 0.572, SPR: 0.572, RMSE: 0.711 (Best @ 16: {{0.593}}, 0.604, 0.601, 0.682)
--------------------------------------------------------------------------------------------------------------------------
Epoch 23/50
Training one epoch in 22.807 s
[DEV]   QWK:  0.672, PRS: 0.698, SPR: 0.709, RMSE: 0.623, (Best @ 16: {{0.709}}, 0.713, 0.716, 0.611)
[TEST]  QWK:  0.566, PRS: 0.594, SPR: 0.598, RMSE: 0.707 (Best @ 16: {{0.593}}, 0.604, 0.601, 0.682)
--------------------------------------------------------------------------------------------------------------------------
Epoch 24/50
Training one epoch in 22.672 s
[DEV]   QWK:  0.686, PRS: 0.690, SPR: 0.695, RMSE: 0.642, (Best @ 16: {{0.709}}, 0.713, 0.716, 0.611)
[TEST]  QWK:  0.577, PRS: 0.585, SPR: 0.583, RMSE: 0.719 (Best @ 16: {{0.593}}, 0.604, 0.601, 0.682)
--------------------------------------------------------------------------------------------------------------------------
Epoch 25/50
Training one epoch in 22.754 s
[DEV]   QWK:  0.704, PRS: 0.707, SPR: 0.712, RMSE: 0.611, (Best @ 16: {{0.709}}, 0.713, 0.716, 0.611)
[TEST]  QWK:  0.570, PRS: 0.579, SPR: 0.575, RMSE: 0.695 (Best @ 16: {{0.593}}, 0.604, 0.601, 0.682)
--------------------------------------------------------------------------------------------------------------------------
Epoch 26/50
Training one epoch in 22.794 s
[DEV]   QWK:  0.690, PRS: 0.700, SPR: 0.703, RMSE: 0.644, (Best @ 16: {{0.709}}, 0.713, 0.716, 0.611)
[TEST]  QWK:  0.579, PRS: 0.598, SPR: 0.594, RMSE: 0.707 (Best @ 16: {{0.593}}, 0.604, 0.601, 0.682)
--------------------------------------------------------------------------------------------------------------------------
Epoch 27/50
Training one epoch in 22.673 s
[DEV]   QWK:  0.652, PRS: 0.669, SPR: 0.682, RMSE: 0.644, (Best @ 16: {{0.709}}, 0.713, 0.716, 0.611)
[TEST]  QWK:  0.545, PRS: 0.560, SPR: 0.563, RMSE: 0.727 (Best @ 16: {{0.593}}, 0.604, 0.601, 0.682)
--------------------------------------------------------------------------------------------------------------------------
Epoch 28/50
Training one epoch in 22.661 s
[DEV]   QWK:  0.682, PRS: 0.684, SPR: 0.691, RMSE: 0.646, (Best @ 16: {{0.709}}, 0.713, 0.716, 0.611)
[TEST]  QWK:  0.540, PRS: 0.546, SPR: 0.542, RMSE: 0.747 (Best @ 16: {{0.593}}, 0.604, 0.601, 0.682)
--------------------------------------------------------------------------------------------------------------------------
Epoch 29/50
Training one epoch in 22.736 s
[DEV]   QWK:  0.682, PRS: 0.685, SPR: 0.693, RMSE: 0.635, (Best @ 16: {{0.709}}, 0.713, 0.716, 0.611)
[TEST]  QWK:  0.600, PRS: 0.603, SPR: 0.601, RMSE: 0.686 (Best @ 16: {{0.593}}, 0.604, 0.601, 0.682)
--------------------------------------------------------------------------------------------------------------------------
Epoch 30/50
Training one epoch in 22.813 s
[DEV]   QWK:  0.701, PRS: 0.705, SPR: 0.711, RMSE: 0.619, (Best @ 16: {{0.709}}, 0.713, 0.716, 0.611)
[TEST]  QWK:  0.593, PRS: 0.603, SPR: 0.600, RMSE: 0.682 (Best @ 16: {{0.593}}, 0.604, 0.601, 0.682)
--------------------------------------------------------------------------------------------------------------------------
Epoch 31/50
Training one epoch in 22.794 s
[DEV]   QWK:  0.678, PRS: 0.684, SPR: 0.688, RMSE: 0.653, (Best @ 16: {{0.709}}, 0.713, 0.716, 0.611)
[TEST]  QWK:  0.593, PRS: 0.603, SPR: 0.601, RMSE: 0.707 (Best @ 16: {{0.593}}, 0.604, 0.601, 0.682)
--------------------------------------------------------------------------------------------------------------------------
Epoch 32/50
Training one epoch in 22.764 s
[DEV]   QWK:  0.688, PRS: 0.690, SPR: 0.699, RMSE: 0.632, (Best @ 16: {{0.709}}, 0.713, 0.716, 0.611)
[TEST]  QWK:  0.586, PRS: 0.587, SPR: 0.587, RMSE: 0.711 (Best @ 16: {{0.593}}, 0.604, 0.601, 0.682)
--------------------------------------------------------------------------------------------------------------------------
Epoch 33/50
Training one epoch in 22.812 s
[DEV]   QWK:  0.638, PRS: 0.647, SPR: 0.648, RMSE: 0.670, (Best @ 16: {{0.709}}, 0.713, 0.716, 0.611)
[TEST]  QWK:  0.593, PRS: 0.607, SPR: 0.604, RMSE: 0.678 (Best @ 16: {{0.593}}, 0.604, 0.601, 0.682)
--------------------------------------------------------------------------------------------------------------------------
Epoch 34/50
Training one epoch in 22.820 s
[DEV]   QWK:  0.633, PRS: 0.670, SPR: 0.674, RMSE: 0.716, (Best @ 16: {{0.709}}, 0.713, 0.716, 0.611)
[TEST]  QWK:  0.529, PRS: 0.576, SPR: 0.569, RMSE: 0.762 (Best @ 16: {{0.593}}, 0.604, 0.601, 0.682)
--------------------------------------------------------------------------------------------------------------------------
Epoch 35/50
Training one epoch in 22.723 s
[DEV]   QWK:  0.642, PRS: 0.655, SPR: 0.656, RMSE: 0.666, (Best @ 16: {{0.709}}, 0.713, 0.716, 0.611)
[TEST]  QWK:  0.575, PRS: 0.594, SPR: 0.592, RMSE: 0.699 (Best @ 16: {{0.593}}, 0.604, 0.601, 0.682)
--------------------------------------------------------------------------------------------------------------------------
Epoch 36/50
Training one epoch in 22.779 s
[DEV]   QWK:  0.637, PRS: 0.650, SPR: 0.652, RMSE: 0.679, (Best @ 16: {{0.709}}, 0.713, 0.716, 0.611)
[TEST]  QWK:  0.555, PRS: 0.573, SPR: 0.571, RMSE: 0.715 (Best @ 16: {{0.593}}, 0.604, 0.601, 0.682)
--------------------------------------------------------------------------------------------------------------------------
Epoch 37/50
Training one epoch in 22.837 s
[DEV]   QWK:  0.649, PRS: 0.655, SPR: 0.663, RMSE: 0.657, (Best @ 16: {{0.709}}, 0.713, 0.716, 0.611)
[TEST]  QWK:  0.529, PRS: 0.535, SPR: 0.533, RMSE: 0.747 (Best @ 16: {{0.593}}, 0.604, 0.601, 0.682)
--------------------------------------------------------------------------------------------------------------------------
Epoch 38/50
Training one epoch in 22.818 s
[DEV]   QWK:  0.654, PRS: 0.661, SPR: 0.663, RMSE: 0.659, (Best @ 16: {{0.709}}, 0.713, 0.716, 0.611)
[TEST]  QWK:  0.560, PRS: 0.571, SPR: 0.568, RMSE: 0.719 (Best @ 16: {{0.593}}, 0.604, 0.601, 0.682)
--------------------------------------------------------------------------------------------------------------------------
Epoch 39/50
Training one epoch in 22.822 s
[DEV]   QWK:  0.623, PRS: 0.648, SPR: 0.649, RMSE: 0.708, (Best @ 16: {{0.709}}, 0.713, 0.716, 0.611)
[TEST]  QWK:  0.543, PRS: 0.584, SPR: 0.578, RMSE: 0.739 (Best @ 16: {{0.593}}, 0.604, 0.601, 0.682)
--------------------------------------------------------------------------------------------------------------------------
Epoch 40/50
Training one epoch in 22.800 s
[DEV]   QWK:  0.663, PRS: 0.669, SPR: 0.674, RMSE: 0.664, (Best @ 16: {{0.709}}, 0.713, 0.716, 0.611)
[TEST]  QWK:  0.562, PRS: 0.572, SPR: 0.570, RMSE: 0.723 (Best @ 16: {{0.593}}, 0.604, 0.601, 0.682)
--------------------------------------------------------------------------------------------------------------------------
Epoch 41/50
Training one epoch in 22.841 s
[DEV]   QWK:  0.650, PRS: 0.653, SPR: 0.654, RMSE: 0.662, (Best @ 16: {{0.709}}, 0.713, 0.716, 0.611)
[TEST]  QWK:  0.542, PRS: 0.546, SPR: 0.543, RMSE: 0.731 (Best @ 16: {{0.593}}, 0.604, 0.601, 0.682)
--------------------------------------------------------------------------------------------------------------------------
Epoch 42/50
Training one epoch in 22.876 s
[DEV]   QWK:  0.628, PRS: 0.640, SPR: 0.641, RMSE: 0.662, (Best @ 16: {{0.709}}, 0.713, 0.716, 0.611)
[TEST]  QWK:  0.537, PRS: 0.548, SPR: 0.543, RMSE: 0.707 (Best @ 16: {{0.593}}, 0.604, 0.601, 0.682)
--------------------------------------------------------------------------------------------------------------------------
Epoch 43/50
Training one epoch in 22.917 s
[DEV]   QWK:  0.652, PRS: 0.660, SPR: 0.664, RMSE: 0.664, (Best @ 16: {{0.709}}, 0.713, 0.716, 0.611)
[TEST]  QWK:  0.583, PRS: 0.591, SPR: 0.590, RMSE: 0.703 (Best @ 16: {{0.593}}, 0.604, 0.601, 0.682)
--------------------------------------------------------------------------------------------------------------------------
Epoch 44/50
Training one epoch in 22.750 s
[DEV]   QWK:  0.590, PRS: 0.609, SPR: 0.605, RMSE: 0.712, (Best @ 16: {{0.709}}, 0.713, 0.716, 0.611)
[TEST]  QWK:  0.558, PRS: 0.578, SPR: 0.575, RMSE: 0.711 (Best @ 16: {{0.593}}, 0.604, 0.601, 0.682)
--------------------------------------------------------------------------------------------------------------------------
Epoch 45/50
Training one epoch in 22.796 s
[DEV]   QWK:  0.645, PRS: 0.651, SPR: 0.650, RMSE: 0.666, (Best @ 16: {{0.709}}, 0.713, 0.716, 0.611)
[TEST]  QWK:  0.518, PRS: 0.519, SPR: 0.514, RMSE: 0.762 (Best @ 16: {{0.593}}, 0.604, 0.601, 0.682)
--------------------------------------------------------------------------------------------------------------------------
Epoch 46/50
Training one epoch in 22.868 s
[DEV]   QWK:  0.632, PRS: 0.637, SPR: 0.635, RMSE: 0.679, (Best @ 16: {{0.709}}, 0.713, 0.716, 0.611)
[TEST]  QWK:  0.571, PRS: 0.572, SPR: 0.570, RMSE: 0.723 (Best @ 16: {{0.593}}, 0.604, 0.601, 0.682)
--------------------------------------------------------------------------------------------------------------------------
Epoch 47/50
Training one epoch in 22.784 s
[DEV]   QWK:  0.598, PRS: 0.619, SPR: 0.617, RMSE: 0.710, (Best @ 16: {{0.709}}, 0.713, 0.716, 0.611)
[TEST]  QWK:  0.574, PRS: 0.595, SPR: 0.591, RMSE: 0.707 (Best @ 16: {{0.593}}, 0.604, 0.601, 0.682)
--------------------------------------------------------------------------------------------------------------------------
Epoch 48/50
Training one epoch in 22.850 s
[DEV]   QWK:  0.599, PRS: 0.618, SPR: 0.615, RMSE: 0.706, (Best @ 16: {{0.709}}, 0.713, 0.716, 0.611)
[TEST]  QWK:  0.557, PRS: 0.573, SPR: 0.570, RMSE: 0.711 (Best @ 16: {{0.593}}, 0.604, 0.601, 0.682)
--------------------------------------------------------------------------------------------------------------------------
Epoch 49/50
Training one epoch in 22.853 s
[DEV]   QWK:  0.629, PRS: 0.635, SPR: 0.635, RMSE: 0.672, (Best @ 16: {{0.709}}, 0.713, 0.716, 0.611)
[TEST]  QWK:  0.511, PRS: 0.515, SPR: 0.510, RMSE: 0.751 (Best @ 16: {{0.593}}, 0.604, 0.601, 0.682)
--------------------------------------------------------------------------------------------------------------------------
Epoch 50/50
Training one epoch in 22.893 s
[DEV]   QWK:  0.650, PRS: 0.658, SPR: 0.657, RMSE: 0.662, (Best @ 16: {{0.709}}, 0.713, 0.716, 0.611)
[TEST]  QWK:  0.569, PRS: 0.574, SPR: 0.573, RMSE: 0.715 (Best @ 16: {{0.593}}, 0.604, 0.601, 0.682)
--------------------------------------------------------------------------------------------------------------------------
