X_train shape: (1264, 1150)
Initial evaluation: 
[DEV]   QWK:  0.000, PRS: 0.000, SPR: 0.000, RMSE: 1.042, (Best @ -1: {{0.000}}, 0.000, 0.000, 1.042)
[TEST]  QWK:  0.000, PRS: 0.000, SPR: 0.000, RMSE: 1.043 (Best @ -1: {{0.000}}, 0.000, 0.000, 1.043)
--------------------------------------------------------------------------------------------------------------------------
Train model
Epoch 1/50
Training one epoch in 26.206 s
[DEV]   QWK:  0.782, PRS: 0.794, SPR: 0.804, RMSE: 0.642, (Best @ 1: {{0.782}}, 0.794, 0.804, 0.642)
[TEST]  QWK:  0.782, PRS: 0.804, SPR: 0.808, RMSE: 0.628 (Best @ 1: {{0.782}}, 0.804, 0.808, 0.628)
--------------------------------------------------------------------------------------------------------------------------
Epoch 2/50
Training one epoch in 23.813 s
[DEV]   QWK:  0.751, PRS: 0.778, SPR: 0.791, RMSE: 0.636, (Best @ 1: {{0.782}}, 0.794, 0.804, 0.642)
[TEST]  QWK:  0.746, PRS: 0.772, SPR: 0.776, RMSE: 0.632 (Best @ 1: {{0.782}}, 0.804, 0.808, 0.628)
--------------------------------------------------------------------------------------------------------------------------
Epoch 3/50
Training one epoch in 23.910 s
[DEV]   QWK:  0.756, PRS: 0.765, SPR: 0.782, RMSE: 0.642, (Best @ 1: {{0.782}}, 0.794, 0.804, 0.642)
[TEST]  QWK:  0.753, PRS: 0.756, SPR: 0.762, RMSE: 0.632 (Best @ 1: {{0.782}}, 0.804, 0.808, 0.628)
--------------------------------------------------------------------------------------------------------------------------
Epoch 4/50
Training one epoch in 23.803 s
[DEV]   QWK:  0.791, PRS: 0.809, SPR: 0.819, RMSE: 0.638, (Best @ 4: {{0.791}}, 0.809, 0.819, 0.638)
[TEST]  QWK:  0.784, PRS: 0.815, SPR: 0.819, RMSE: 0.628 (Best @ 4: {{0.784}}, 0.815, 0.819, 0.628)
--------------------------------------------------------------------------------------------------------------------------
Epoch 5/50
Training one epoch in 23.899 s
[DEV]   QWK:  0.785, PRS: 0.795, SPR: 0.806, RMSE: 0.614, (Best @ 4: {{0.791}}, 0.809, 0.819, 0.638)
[TEST]  QWK:  0.794, PRS: 0.810, SPR: 0.813, RMSE: 0.592 (Best @ 4: {{0.784}}, 0.815, 0.819, 0.628)
--------------------------------------------------------------------------------------------------------------------------
Epoch 6/50
Training one epoch in 23.865 s
[DEV]   QWK:  0.782, PRS: 0.790, SPR: 0.798, RMSE: 0.618, (Best @ 4: {{0.791}}, 0.809, 0.819, 0.638)
[TEST]  QWK:  0.763, PRS: 0.769, SPR: 0.778, RMSE: 0.628 (Best @ 4: {{0.784}}, 0.815, 0.819, 0.628)
--------------------------------------------------------------------------------------------------------------------------
Epoch 7/50
Training one epoch in 23.712 s
[DEV]   QWK:  0.784, PRS: 0.791, SPR: 0.801, RMSE: 0.595, (Best @ 4: {{0.791}}, 0.809, 0.819, 0.638)
[TEST]  QWK:  0.786, PRS: 0.788, SPR: 0.797, RMSE: 0.577 (Best @ 4: {{0.784}}, 0.815, 0.819, 0.628)
--------------------------------------------------------------------------------------------------------------------------
Epoch 8/50
Training one epoch in 23.835 s
[DEV]   QWK:  0.767, PRS: 0.814, SPR: 0.821, RMSE: 0.659, (Best @ 4: {{0.791}}, 0.809, 0.819, 0.638)
[TEST]  QWK:  0.769, PRS: 0.827, SPR: 0.828, RMSE: 0.637 (Best @ 4: {{0.784}}, 0.815, 0.819, 0.628)
--------------------------------------------------------------------------------------------------------------------------
Epoch 9/50
Training one epoch in 23.846 s
[DEV]   QWK:  0.801, PRS: 0.814, SPR: 0.820, RMSE: 0.616, (Best @ 9: {{0.801}}, 0.814, 0.820, 0.616)
[TEST]  QWK:  0.804, PRS: 0.827, SPR: 0.830, RMSE: 0.596 (Best @ 9: {{0.804}}, 0.827, 0.830, 0.596)
--------------------------------------------------------------------------------------------------------------------------
Epoch 10/50
Training one epoch in 23.776 s
[DEV]   QWK:  0.784, PRS: 0.800, SPR: 0.808, RMSE: 0.632, (Best @ 9: {{0.801}}, 0.814, 0.820, 0.616)
[TEST]  QWK:  0.803, PRS: 0.823, SPR: 0.820, RMSE: 0.582 (Best @ 9: {{0.804}}, 0.827, 0.830, 0.596)
--------------------------------------------------------------------------------------------------------------------------
Epoch 11/50
Training one epoch in 23.819 s
[DEV]   QWK:  0.792, PRS: 0.796, SPR: 0.810, RMSE: 0.595, (Best @ 9: {{0.801}}, 0.814, 0.820, 0.616)
[TEST]  QWK:  0.797, PRS: 0.801, SPR: 0.801, RMSE: 0.573 (Best @ 9: {{0.804}}, 0.827, 0.830, 0.596)
--------------------------------------------------------------------------------------------------------------------------
Epoch 12/50
Training one epoch in 23.893 s
[DEV]   QWK:  0.767, PRS: 0.810, SPR: 0.823, RMSE: 0.640, (Best @ 9: {{0.801}}, 0.814, 0.820, 0.616)
[TEST]  QWK:  0.748, PRS: 0.792, SPR: 0.802, RMSE: 0.645 (Best @ 9: {{0.804}}, 0.827, 0.830, 0.596)
--------------------------------------------------------------------------------------------------------------------------
Epoch 13/50
Training one epoch in 23.882 s
[DEV]   QWK:  0.764, PRS: 0.813, SPR: 0.822, RMSE: 0.664, (Best @ 9: {{0.801}}, 0.814, 0.820, 0.616)
[TEST]  QWK:  0.753, PRS: 0.813, SPR: 0.813, RMSE: 0.662 (Best @ 9: {{0.804}}, 0.827, 0.830, 0.596)
--------------------------------------------------------------------------------------------------------------------------
Epoch 14/50
Training one epoch in 23.864 s
[DEV]   QWK:  0.770, PRS: 0.813, SPR: 0.822, RMSE: 0.664, (Best @ 9: {{0.801}}, 0.814, 0.820, 0.616)
[TEST]  QWK:  0.759, PRS: 0.814, SPR: 0.815, RMSE: 0.662 (Best @ 9: {{0.804}}, 0.827, 0.830, 0.596)
--------------------------------------------------------------------------------------------------------------------------
Epoch 15/50
Training one epoch in 23.769 s
[DEV]   QWK:  0.809, PRS: 0.819, SPR: 0.821, RMSE: 0.598, (Best @ 15: {{0.809}}, 0.819, 0.821, 0.598)
[TEST]  QWK:  0.820, PRS: 0.831, SPR: 0.830, RMSE: 0.563 (Best @ 15: {{0.820}}, 0.831, 0.830, 0.563)
--------------------------------------------------------------------------------------------------------------------------
Epoch 16/50
Training one epoch in 23.850 s
[DEV]   QWK:  0.801, PRS: 0.824, SPR: 0.826, RMSE: 0.616, (Best @ 15: {{0.809}}, 0.819, 0.821, 0.598)
[TEST]  QWK:  0.787, PRS: 0.822, SPR: 0.822, RMSE: 0.624 (Best @ 15: {{0.820}}, 0.831, 0.830, 0.563)
--------------------------------------------------------------------------------------------------------------------------
Epoch 17/50
Training one epoch in 23.875 s
[DEV]   QWK:  0.793, PRS: 0.815, SPR: 0.819, RMSE: 0.636, (Best @ 15: {{0.809}}, 0.819, 0.821, 0.598)
[TEST]  QWK:  0.783, PRS: 0.821, SPR: 0.822, RMSE: 0.632 (Best @ 15: {{0.820}}, 0.831, 0.830, 0.563)
--------------------------------------------------------------------------------------------------------------------------
Epoch 18/50
Training one epoch in 23.839 s
[DEV]   QWK:  0.820, PRS: 0.827, SPR: 0.836, RMSE: 0.564, (Best @ 18: {{0.820}}, 0.827, 0.836, 0.564)
[TEST]  QWK:  0.792, PRS: 0.798, SPR: 0.805, RMSE: 0.596 (Best @ 18: {{0.792}}, 0.798, 0.805, 0.596)
--------------------------------------------------------------------------------------------------------------------------
Epoch 19/50
Training one epoch in 23.817 s
[DEV]   QWK:  0.800, PRS: 0.801, SPR: 0.806, RMSE: 0.598, (Best @ 18: {{0.820}}, 0.827, 0.836, 0.564)
[TEST]  QWK:  0.815, PRS: 0.817, SPR: 0.815, RMSE: 0.558 (Best @ 18: {{0.792}}, 0.798, 0.805, 0.596)
--------------------------------------------------------------------------------------------------------------------------
Epoch 20/50
Training one epoch in 23.743 s
[DEV]   QWK:  0.810, PRS: 0.812, SPR: 0.822, RMSE: 0.584, (Best @ 18: {{0.820}}, 0.827, 0.836, 0.564)
[TEST]  QWK:  0.801, PRS: 0.804, SPR: 0.806, RMSE: 0.587 (Best @ 18: {{0.792}}, 0.798, 0.805, 0.596)
--------------------------------------------------------------------------------------------------------------------------
Epoch 21/50
Training one epoch in 23.718 s
[DEV]   QWK:  0.785, PRS: 0.798, SPR: 0.806, RMSE: 0.627, (Best @ 18: {{0.820}}, 0.827, 0.836, 0.564)
[TEST]  QWK:  0.756, PRS: 0.772, SPR: 0.779, RMSE: 0.645 (Best @ 18: {{0.792}}, 0.798, 0.805, 0.596)
--------------------------------------------------------------------------------------------------------------------------
Epoch 22/50
Training one epoch in 23.865 s
[DEV]   QWK:  0.807, PRS: 0.810, SPR: 0.815, RMSE: 0.600, (Best @ 18: {{0.820}}, 0.827, 0.836, 0.564)
[TEST]  QWK:  0.813, PRS: 0.821, SPR: 0.821, RMSE: 0.582 (Best @ 18: {{0.792}}, 0.798, 0.805, 0.596)
--------------------------------------------------------------------------------------------------------------------------
Epoch 23/50
Training one epoch in 23.897 s
[DEV]   QWK:  0.812, PRS: 0.820, SPR: 0.820, RMSE: 0.591, (Best @ 18: {{0.820}}, 0.827, 0.836, 0.564)
[TEST]  QWK:  0.818, PRS: 0.833, SPR: 0.831, RMSE: 0.573 (Best @ 18: {{0.792}}, 0.798, 0.805, 0.596)
--------------------------------------------------------------------------------------------------------------------------
Epoch 24/50
Training one epoch in 23.787 s
[DEV]   QWK:  0.806, PRS: 0.817, SPR: 0.815, RMSE: 0.600, (Best @ 18: {{0.820}}, 0.827, 0.836, 0.564)
[TEST]  QWK:  0.818, PRS: 0.833, SPR: 0.829, RMSE: 0.577 (Best @ 18: {{0.792}}, 0.798, 0.805, 0.596)
--------------------------------------------------------------------------------------------------------------------------
Epoch 25/50
Training one epoch in 23.869 s
[DEV]   QWK:  0.800, PRS: 0.823, SPR: 0.832, RMSE: 0.600, (Best @ 18: {{0.820}}, 0.827, 0.836, 0.564)
[TEST]  QWK:  0.760, PRS: 0.784, SPR: 0.795, RMSE: 0.632 (Best @ 18: {{0.792}}, 0.798, 0.805, 0.596)
--------------------------------------------------------------------------------------------------------------------------
Epoch 26/50
Training one epoch in 23.927 s
[DEV]   QWK:  0.796, PRS: 0.803, SPR: 0.803, RMSE: 0.584, (Best @ 18: {{0.820}}, 0.827, 0.836, 0.564)
[TEST]  QWK:  0.812, PRS: 0.814, SPR: 0.812, RMSE: 0.553 (Best @ 18: {{0.792}}, 0.798, 0.805, 0.596)
--------------------------------------------------------------------------------------------------------------------------
Epoch 27/50
Training one epoch in 23.933 s
[DEV]   QWK:  0.825, PRS: 0.826, SPR: 0.834, RMSE: 0.581, (Best @ 27: {{0.825}}, 0.826, 0.834, 0.581)
[TEST]  QWK:  0.804, PRS: 0.807, SPR: 0.812, RMSE: 0.587 (Best @ 27: {{0.804}}, 0.807, 0.812, 0.587)
--------------------------------------------------------------------------------------------------------------------------
Epoch 28/50
Training one epoch in 23.659 s
[DEV]   QWK:  0.732, PRS: 0.784, SPR: 0.796, RMSE: 0.692, (Best @ 27: {{0.825}}, 0.826, 0.834, 0.581)
[TEST]  QWK:  0.697, PRS: 0.745, SPR: 0.750, RMSE: 0.723 (Best @ 27: {{0.804}}, 0.807, 0.812, 0.587)
--------------------------------------------------------------------------------------------------------------------------
Epoch 29/50
Training one epoch in 23.822 s
[DEV]   QWK:  0.809, PRS: 0.814, SPR: 0.815, RMSE: 0.584, (Best @ 27: {{0.825}}, 0.826, 0.834, 0.581)
[TEST]  QWK:  0.803, PRS: 0.806, SPR: 0.807, RMSE: 0.577 (Best @ 27: {{0.804}}, 0.807, 0.812, 0.587)
--------------------------------------------------------------------------------------------------------------------------
Epoch 30/50
Training one epoch in 23.838 s
[DEV]   QWK:  0.786, PRS: 0.789, SPR: 0.796, RMSE: 0.607, (Best @ 27: {{0.825}}, 0.826, 0.834, 0.581)
[TEST]  QWK:  0.786, PRS: 0.787, SPR: 0.788, RMSE: 0.592 (Best @ 27: {{0.804}}, 0.807, 0.812, 0.587)
--------------------------------------------------------------------------------------------------------------------------
Epoch 31/50
Training one epoch in 23.937 s
[DEV]   QWK:  0.795, PRS: 0.800, SPR: 0.810, RMSE: 0.618, (Best @ 27: {{0.825}}, 0.826, 0.834, 0.581)
[TEST]  QWK:  0.755, PRS: 0.768, SPR: 0.773, RMSE: 0.645 (Best @ 27: {{0.804}}, 0.807, 0.812, 0.587)
--------------------------------------------------------------------------------------------------------------------------
Epoch 32/50
Training one epoch in 23.904 s
[DEV]   QWK:  0.821, PRS: 0.821, SPR: 0.825, RMSE: 0.581, (Best @ 27: {{0.825}}, 0.826, 0.834, 0.581)
[TEST]  QWK:  0.794, PRS: 0.798, SPR: 0.799, RMSE: 0.610 (Best @ 27: {{0.804}}, 0.807, 0.812, 0.587)
--------------------------------------------------------------------------------------------------------------------------
Epoch 33/50
Training one epoch in 23.965 s
[DEV]   QWK:  0.802, PRS: 0.803, SPR: 0.801, RMSE: 0.602, (Best @ 27: {{0.825}}, 0.826, 0.834, 0.581)
[TEST]  QWK:  0.806, PRS: 0.807, SPR: 0.807, RMSE: 0.582 (Best @ 27: {{0.804}}, 0.807, 0.812, 0.587)
--------------------------------------------------------------------------------------------------------------------------
Epoch 34/50
Training one epoch in 24.053 s
[DEV]   QWK:  0.815, PRS: 0.816, SPR: 0.825, RMSE: 0.586, (Best @ 27: {{0.825}}, 0.826, 0.834, 0.581)
[TEST]  QWK:  0.771, PRS: 0.772, SPR: 0.777, RMSE: 0.624 (Best @ 27: {{0.804}}, 0.807, 0.812, 0.587)
--------------------------------------------------------------------------------------------------------------------------
Epoch 35/50
Training one epoch in 24.049 s
[DEV]   QWK:  0.783, PRS: 0.784, SPR: 0.791, RMSE: 0.634, (Best @ 27: {{0.825}}, 0.826, 0.834, 0.581)
[TEST]  QWK:  0.776, PRS: 0.785, SPR: 0.795, RMSE: 0.615 (Best @ 27: {{0.804}}, 0.807, 0.812, 0.587)
--------------------------------------------------------------------------------------------------------------------------
Epoch 36/50
Training one epoch in 24.111 s
[DEV]   QWK:  0.776, PRS: 0.807, SPR: 0.813, RMSE: 0.676, (Best @ 27: {{0.825}}, 0.826, 0.834, 0.581)
[TEST]  QWK:  0.763, PRS: 0.806, SPR: 0.811, RMSE: 0.675 (Best @ 27: {{0.804}}, 0.807, 0.812, 0.587)
--------------------------------------------------------------------------------------------------------------------------
Epoch 37/50
Training one epoch in 23.966 s
[DEV]   QWK:  0.793, PRS: 0.804, SPR: 0.809, RMSE: 0.647, (Best @ 27: {{0.825}}, 0.826, 0.834, 0.581)
[TEST]  QWK:  0.787, PRS: 0.799, SPR: 0.797, RMSE: 0.628 (Best @ 27: {{0.804}}, 0.807, 0.812, 0.587)
--------------------------------------------------------------------------------------------------------------------------
Epoch 38/50
Training one epoch in 24.030 s
[DEV]   QWK:  0.748, PRS: 0.771, SPR: 0.774, RMSE: 0.647, (Best @ 27: {{0.825}}, 0.826, 0.834, 0.581)
[TEST]  QWK:  0.757, PRS: 0.784, SPR: 0.783, RMSE: 0.619 (Best @ 27: {{0.804}}, 0.807, 0.812, 0.587)
--------------------------------------------------------------------------------------------------------------------------
Epoch 39/50
Training one epoch in 23.952 s
[DEV]   QWK:  0.765, PRS: 0.802, SPR: 0.805, RMSE: 0.676, (Best @ 27: {{0.825}}, 0.826, 0.834, 0.581)
[TEST]  QWK:  0.771, PRS: 0.820, SPR: 0.822, RMSE: 0.645 (Best @ 27: {{0.804}}, 0.807, 0.812, 0.587)
--------------------------------------------------------------------------------------------------------------------------
Epoch 40/50
Training one epoch in 23.783 s
[DEV]   QWK:  0.802, PRS: 0.806, SPR: 0.806, RMSE: 0.609, (Best @ 27: {{0.825}}, 0.826, 0.834, 0.581)
[TEST]  QWK:  0.791, PRS: 0.796, SPR: 0.796, RMSE: 0.606 (Best @ 27: {{0.804}}, 0.807, 0.812, 0.587)
--------------------------------------------------------------------------------------------------------------------------
Epoch 41/50
Training one epoch in 23.979 s
[DEV]   QWK:  0.781, PRS: 0.787, SPR: 0.786, RMSE: 0.634, (Best @ 27: {{0.825}}, 0.826, 0.834, 0.581)
[TEST]  QWK:  0.789, PRS: 0.793, SPR: 0.806, RMSE: 0.596 (Best @ 27: {{0.804}}, 0.807, 0.812, 0.587)
--------------------------------------------------------------------------------------------------------------------------
Epoch 42/50
Training one epoch in 24.037 s
[DEV]   QWK:  0.796, PRS: 0.799, SPR: 0.806, RMSE: 0.595, (Best @ 27: {{0.825}}, 0.826, 0.834, 0.581)
[TEST]  QWK:  0.771, PRS: 0.777, SPR: 0.774, RMSE: 0.610 (Best @ 27: {{0.804}}, 0.807, 0.812, 0.587)
--------------------------------------------------------------------------------------------------------------------------
Epoch 43/50
Training one epoch in 23.914 s
[DEV]   QWK:  0.821, PRS: 0.823, SPR: 0.830, RMSE: 0.593, (Best @ 27: {{0.825}}, 0.826, 0.834, 0.581)
[TEST]  QWK:  0.775, PRS: 0.781, SPR: 0.791, RMSE: 0.637 (Best @ 27: {{0.804}}, 0.807, 0.812, 0.587)
--------------------------------------------------------------------------------------------------------------------------
Epoch 44/50
Training one epoch in 24.030 s
[DEV]   QWK:  0.780, PRS: 0.798, SPR: 0.798, RMSE: 0.640, (Best @ 27: {{0.825}}, 0.826, 0.834, 0.581)
[TEST]  QWK:  0.766, PRS: 0.785, SPR: 0.786, RMSE: 0.637 (Best @ 27: {{0.804}}, 0.807, 0.812, 0.587)
--------------------------------------------------------------------------------------------------------------------------
Epoch 45/50
Training one epoch in 23.960 s
[DEV]   QWK:  0.791, PRS: 0.797, SPR: 0.798, RMSE: 0.627, (Best @ 27: {{0.825}}, 0.826, 0.834, 0.581)
[TEST]  QWK:  0.796, PRS: 0.800, SPR: 0.800, RMSE: 0.601 (Best @ 27: {{0.804}}, 0.807, 0.812, 0.587)
--------------------------------------------------------------------------------------------------------------------------
Epoch 46/50
Training one epoch in 23.676 s
[DEV]   QWK:  0.802, PRS: 0.804, SPR: 0.804, RMSE: 0.602, (Best @ 27: {{0.825}}, 0.826, 0.834, 0.581)
[TEST]  QWK:  0.790, PRS: 0.791, SPR: 0.795, RMSE: 0.606 (Best @ 27: {{0.804}}, 0.807, 0.812, 0.587)
--------------------------------------------------------------------------------------------------------------------------
Epoch 47/50
Training one epoch in 23.951 s
[DEV]   QWK:  0.801, PRS: 0.802, SPR: 0.806, RMSE: 0.623, (Best @ 27: {{0.825}}, 0.826, 0.834, 0.581)
[TEST]  QWK:  0.774, PRS: 0.777, SPR: 0.778, RMSE: 0.628 (Best @ 27: {{0.804}}, 0.807, 0.812, 0.587)
--------------------------------------------------------------------------------------------------------------------------
Epoch 48/50
Training one epoch in 23.863 s
[DEV]   QWK:  0.794, PRS: 0.795, SPR: 0.802, RMSE: 0.609, (Best @ 27: {{0.825}}, 0.826, 0.834, 0.581)
[TEST]  QWK:  0.785, PRS: 0.787, SPR: 0.788, RMSE: 0.610 (Best @ 27: {{0.804}}, 0.807, 0.812, 0.587)
--------------------------------------------------------------------------------------------------------------------------
Epoch 49/50
Training one epoch in 24.024 s
[DEV]   QWK:  0.786, PRS: 0.803, SPR: 0.804, RMSE: 0.636, (Best @ 27: {{0.825}}, 0.826, 0.834, 0.581)
[TEST]  QWK:  0.782, PRS: 0.800, SPR: 0.802, RMSE: 0.628 (Best @ 27: {{0.804}}, 0.807, 0.812, 0.587)
--------------------------------------------------------------------------------------------------------------------------
Epoch 50/50
Training one epoch in 24.011 s
[DEV]   QWK:  0.794, PRS: 0.799, SPR: 0.801, RMSE: 0.618, (Best @ 27: {{0.825}}, 0.826, 0.834, 0.581)
[TEST]  QWK:  0.783, PRS: 0.785, SPR: 0.781, RMSE: 0.615 (Best @ 27: {{0.804}}, 0.807, 0.812, 0.587)
--------------------------------------------------------------------------------------------------------------------------
