X_train shape: (507, 4850)
Initial evaluation: 
[DEV]   QWK:  0.000, PRS: 0.000, SPR: 0.000, RMSE: 10.230, (Best @ -1: {{0.000}}, 0.000, 0.000, 10.230)
[TEST]  QWK:  0.000, PRS: 0.000, SPR: 0.000, RMSE: 9.556 (Best @ -1: {{0.000}}, 0.000, 0.000, 9.556)
--------------------------------------------------------------------------------------------------------------------------
Train model
Epoch 1/50
Training one epoch in 23.104 s
[DEV]   QWK:  0.452, PRS: 0.571, SPR: 0.510, RMSE: 5.058, (Best @ 1: {{0.452}}, 0.571, 0.510, 5.058)
[TEST]  QWK:  0.483, PRS: 0.627, SPR: 0.558, RMSE: 4.944 (Best @ 1: {{0.483}}, 0.627, 0.558, 4.944)
--------------------------------------------------------------------------------------------------------------------------
Epoch 2/50
Training one epoch in 19.722 s
[DEV]   QWK:  0.424, PRS: 0.580, SPR: 0.523, RMSE: 5.091, (Best @ 1: {{0.452}}, 0.571, 0.510, 5.058)
[TEST]  QWK:  0.472, PRS: 0.647, SPR: 0.573, RMSE: 4.872 (Best @ 1: {{0.483}}, 0.627, 0.558, 4.944)
--------------------------------------------------------------------------------------------------------------------------
Epoch 3/50
Training one epoch in 20.040 s
[DEV]   QWK:  0.466, PRS: 0.561, SPR: 0.527, RMSE: 5.160, (Best @ 3: {{0.466}}, 0.561, 0.527, 5.160)
[TEST]  QWK:  0.523, PRS: 0.632, SPR: 0.562, RMSE: 4.805 (Best @ 3: {{0.523}}, 0.632, 0.562, 4.805)
--------------------------------------------------------------------------------------------------------------------------
Epoch 4/50
Training one epoch in 19.648 s
[DEV]   QWK:  0.416, PRS: 0.581, SPR: 0.535, RMSE: 5.094, (Best @ 3: {{0.466}}, 0.561, 0.527, 5.160)
[TEST]  QWK:  0.438, PRS: 0.629, SPR: 0.559, RMSE: 4.989 (Best @ 3: {{0.523}}, 0.632, 0.562, 4.805)
--------------------------------------------------------------------------------------------------------------------------
Epoch 5/50
Training one epoch in 19.936 s
[DEV]   QWK:  0.459, PRS: 0.560, SPR: 0.527, RMSE: 5.211, (Best @ 3: {{0.466}}, 0.561, 0.527, 5.160)
[TEST]  QWK:  0.489, PRS: 0.645, SPR: 0.558, RMSE: 5.132 (Best @ 3: {{0.523}}, 0.632, 0.562, 4.805)
--------------------------------------------------------------------------------------------------------------------------
Epoch 6/50
Training one epoch in 19.804 s
[DEV]   QWK:  0.501, PRS: 0.576, SPR: 0.540, RMSE: 5.118, (Best @ 6: {{0.501}}, 0.576, 0.540, 5.118)
[TEST]  QWK:  0.546, PRS: 0.659, SPR: 0.580, RMSE: 4.960 (Best @ 6: {{0.546}}, 0.659, 0.580, 4.960)
--------------------------------------------------------------------------------------------------------------------------
Epoch 7/50
Training one epoch in 19.774 s
[DEV]   QWK:  0.443, PRS: 0.602, SPR: 0.554, RMSE: 5.158, (Best @ 6: {{0.501}}, 0.576, 0.540, 5.118)
[TEST]  QWK:  0.490, PRS: 0.644, SPR: 0.566, RMSE: 4.851 (Best @ 6: {{0.546}}, 0.659, 0.580, 4.960)
--------------------------------------------------------------------------------------------------------------------------
Epoch 8/50
Training one epoch in 19.490 s
[DEV]   QWK:  0.488, PRS: 0.598, SPR: 0.555, RMSE: 5.132, (Best @ 6: {{0.501}}, 0.576, 0.540, 5.118)
[TEST]  QWK:  0.500, PRS: 0.662, SPR: 0.576, RMSE: 5.197 (Best @ 6: {{0.546}}, 0.659, 0.580, 4.960)
--------------------------------------------------------------------------------------------------------------------------
Epoch 9/50
Training one epoch in 20.151 s
[DEV]   QWK:  0.535, PRS: 0.628, SPR: 0.591, RMSE: 4.948, (Best @ 9: {{0.535}}, 0.628, 0.591, 4.948)
[TEST]  QWK:  0.549, PRS: 0.690, SPR: 0.612, RMSE: 5.084 (Best @ 9: {{0.549}}, 0.690, 0.612, 5.084)
--------------------------------------------------------------------------------------------------------------------------
Epoch 10/50
Training one epoch in 19.982 s
[DEV]   QWK:  0.617, PRS: 0.665, SPR: 0.644, RMSE: 4.641, (Best @ 10: {{0.617}}, 0.665, 0.644, 4.641)
[TEST]  QWK:  0.632, PRS: 0.717, SPR: 0.662, RMSE: 4.768 (Best @ 10: {{0.632}}, 0.717, 0.662, 4.768)
--------------------------------------------------------------------------------------------------------------------------
Epoch 11/50
Training one epoch in 19.942 s
[DEV]   QWK:  0.532, PRS: 0.671, SPR: 0.663, RMSE: 5.018, (Best @ 10: {{0.617}}, 0.665, 0.644, 4.641)
[TEST]  QWK:  0.615, PRS: 0.702, SPR: 0.670, RMSE: 4.457 (Best @ 10: {{0.632}}, 0.717, 0.662, 4.768)
--------------------------------------------------------------------------------------------------------------------------
Epoch 12/50
Training one epoch in 19.968 s
[DEV]   QWK:  0.605, PRS: 0.674, SPR: 0.655, RMSE: 4.727, (Best @ 10: {{0.617}}, 0.665, 0.644, 4.641)
[TEST]  QWK:  0.607, PRS: 0.733, SPR: 0.684, RMSE: 5.029 (Best @ 10: {{0.632}}, 0.717, 0.662, 4.768)
--------------------------------------------------------------------------------------------------------------------------
Epoch 13/50
Training one epoch in 19.599 s
[DEV]   QWK:  0.571, PRS: 0.684, SPR: 0.662, RMSE: 4.742, (Best @ 10: {{0.617}}, 0.665, 0.644, 4.641)
[TEST]  QWK:  0.645, PRS: 0.724, SPR: 0.700, RMSE: 4.293 (Best @ 10: {{0.632}}, 0.717, 0.662, 4.768)
--------------------------------------------------------------------------------------------------------------------------
Epoch 14/50
Training one epoch in 19.868 s
[DEV]   QWK:  0.611, PRS: 0.690, SPR: 0.678, RMSE: 4.975, (Best @ 10: {{0.617}}, 0.665, 0.644, 4.641)
[TEST]  QWK:  0.567, PRS: 0.733, SPR: 0.702, RMSE: 5.691 (Best @ 10: {{0.632}}, 0.717, 0.662, 4.768)
--------------------------------------------------------------------------------------------------------------------------
Epoch 15/50
Training one epoch in 20.018 s
[DEV]   QWK:  0.650, PRS: 0.683, SPR: 0.672, RMSE: 4.548, (Best @ 15: {{0.650}}, 0.683, 0.672, 4.548)
[TEST]  QWK:  0.704, PRS: 0.736, SPR: 0.702, RMSE: 4.246 (Best @ 15: {{0.704}}, 0.736, 0.702, 4.246)
--------------------------------------------------------------------------------------------------------------------------
Epoch 16/50
Training one epoch in 20.006 s
[DEV]   QWK:  0.569, PRS: 0.692, SPR: 0.677, RMSE: 4.650, (Best @ 15: {{0.650}}, 0.683, 0.672, 4.548)
[TEST]  QWK:  0.633, PRS: 0.734, SPR: 0.710, RMSE: 4.300 (Best @ 15: {{0.704}}, 0.736, 0.702, 4.246)
--------------------------------------------------------------------------------------------------------------------------
Epoch 17/50
Training one epoch in 19.659 s
[DEV]   QWK:  0.664, PRS: 0.698, SPR: 0.686, RMSE: 4.403, (Best @ 17: {{0.664}}, 0.698, 0.686, 4.403)
[TEST]  QWK:  0.681, PRS: 0.744, SPR: 0.727, RMSE: 4.492 (Best @ 17: {{0.681}}, 0.744, 0.727, 4.492)
--------------------------------------------------------------------------------------------------------------------------
Epoch 18/50
Training one epoch in 19.879 s
[DEV]   QWK:  0.472, PRS: 0.694, SPR: 0.705, RMSE: 5.681, (Best @ 17: {{0.664}}, 0.698, 0.686, 4.403)
[TEST]  QWK:  0.622, PRS: 0.736, SPR: 0.752, RMSE: 4.561 (Best @ 17: {{0.681}}, 0.744, 0.727, 4.492)
--------------------------------------------------------------------------------------------------------------------------
Epoch 19/50
Training one epoch in 19.839 s
[DEV]   QWK:  0.439, PRS: 0.678, SPR: 0.692, RMSE: 6.037, (Best @ 17: {{0.664}}, 0.698, 0.686, 4.403)
[TEST]  QWK:  0.593, PRS: 0.731, SPR: 0.755, RMSE: 4.777 (Best @ 17: {{0.681}}, 0.744, 0.727, 4.492)
--------------------------------------------------------------------------------------------------------------------------
Epoch 20/50
Training one epoch in 19.935 s
[DEV]   QWK:  0.523, PRS: 0.690, SPR: 0.702, RMSE: 5.361, (Best @ 17: {{0.664}}, 0.698, 0.686, 4.403)
[TEST]  QWK:  0.653, PRS: 0.722, SPR: 0.752, RMSE: 4.402 (Best @ 17: {{0.681}}, 0.744, 0.727, 4.492)
--------------------------------------------------------------------------------------------------------------------------
Epoch 21/50
Training one epoch in 20.000 s
[DEV]   QWK:  0.659, PRS: 0.706, SPR: 0.702, RMSE: 4.380, (Best @ 17: {{0.664}}, 0.698, 0.686, 4.403)
[TEST]  QWK:  0.697, PRS: 0.746, SPR: 0.746, RMSE: 4.233 (Best @ 17: {{0.681}}, 0.744, 0.727, 4.492)
--------------------------------------------------------------------------------------------------------------------------
Epoch 22/50
Training one epoch in 19.842 s
[DEV]   QWK:  0.372, PRS: 0.668, SPR: 0.694, RMSE: 6.597, (Best @ 17: {{0.664}}, 0.698, 0.686, 4.403)
[TEST]  QWK:  0.521, PRS: 0.719, SPR: 0.750, RMSE: 5.337 (Best @ 17: {{0.681}}, 0.744, 0.727, 4.492)
--------------------------------------------------------------------------------------------------------------------------
Epoch 23/50
Training one epoch in 20.015 s
[DEV]   QWK:  0.628, PRS: 0.709, SPR: 0.706, RMSE: 4.532, (Best @ 17: {{0.664}}, 0.698, 0.686, 4.403)
[TEST]  QWK:  0.690, PRS: 0.744, SPR: 0.749, RMSE: 4.135 (Best @ 17: {{0.681}}, 0.744, 0.727, 4.492)
--------------------------------------------------------------------------------------------------------------------------
Epoch 24/50
Training one epoch in 19.849 s
[DEV]   QWK:  0.688, PRS: 0.706, SPR: 0.699, RMSE: 4.378, (Best @ 24: {{0.688}}, 0.706, 0.699, 4.378)
[TEST]  QWK:  0.704, PRS: 0.752, SPR: 0.758, RMSE: 4.436 (Best @ 24: {{0.704}}, 0.752, 0.758, 4.436)
--------------------------------------------------------------------------------------------------------------------------
Epoch 25/50
Training one epoch in 20.009 s
[DEV]   QWK:  0.636, PRS: 0.709, SPR: 0.704, RMSE: 4.547, (Best @ 24: {{0.688}}, 0.706, 0.699, 4.378)
[TEST]  QWK:  0.700, PRS: 0.747, SPR: 0.761, RMSE: 4.108 (Best @ 24: {{0.704}}, 0.752, 0.758, 4.436)
--------------------------------------------------------------------------------------------------------------------------
Epoch 26/50
Training one epoch in 19.556 s
[DEV]   QWK:  0.682, PRS: 0.705, SPR: 0.706, RMSE: 4.380, (Best @ 24: {{0.688}}, 0.706, 0.699, 4.378)
[TEST]  QWK:  0.700, PRS: 0.762, SPR: 0.763, RMSE: 4.411 (Best @ 24: {{0.704}}, 0.752, 0.758, 4.436)
--------------------------------------------------------------------------------------------------------------------------
Epoch 27/50
Training one epoch in 19.545 s
[DEV]   QWK:  0.633, PRS: 0.716, SPR: 0.715, RMSE: 4.596, (Best @ 24: {{0.688}}, 0.706, 0.699, 4.378)
[TEST]  QWK:  0.707, PRS: 0.749, SPR: 0.768, RMSE: 4.079 (Best @ 24: {{0.704}}, 0.752, 0.758, 4.436)
--------------------------------------------------------------------------------------------------------------------------
Epoch 28/50
Training one epoch in 19.929 s
[DEV]   QWK:  0.682, PRS: 0.726, SPR: 0.717, RMSE: 4.233, (Best @ 24: {{0.688}}, 0.706, 0.699, 4.378)
[TEST]  QWK:  0.691, PRS: 0.773, SPR: 0.786, RMSE: 4.360 (Best @ 24: {{0.704}}, 0.752, 0.758, 4.436)
--------------------------------------------------------------------------------------------------------------------------
Epoch 29/50
Training one epoch in 19.934 s
[DEV]   QWK:  0.644, PRS: 0.703, SPR: 0.707, RMSE: 4.643, (Best @ 24: {{0.688}}, 0.706, 0.699, 4.378)
[TEST]  QWK:  0.731, PRS: 0.755, SPR: 0.785, RMSE: 4.038 (Best @ 24: {{0.704}}, 0.752, 0.758, 4.436)
--------------------------------------------------------------------------------------------------------------------------
Epoch 30/50
Training one epoch in 19.808 s
[DEV]   QWK:  0.700, PRS: 0.719, SPR: 0.719, RMSE: 4.283, (Best @ 30: {{0.700}}, 0.719, 0.719, 4.283)
[TEST]  QWK:  0.719, PRS: 0.766, SPR: 0.771, RMSE: 4.269 (Best @ 30: {{0.719}}, 0.766, 0.771, 4.269)
--------------------------------------------------------------------------------------------------------------------------
Epoch 31/50
Training one epoch in 19.918 s
[DEV]   QWK:  0.682, PRS: 0.721, SPR: 0.716, RMSE: 4.282, (Best @ 30: {{0.700}}, 0.719, 0.719, 4.283)
[TEST]  QWK:  0.717, PRS: 0.762, SPR: 0.775, RMSE: 4.133 (Best @ 30: {{0.719}}, 0.766, 0.771, 4.269)
--------------------------------------------------------------------------------------------------------------------------
Epoch 32/50
Training one epoch in 19.828 s
[DEV]   QWK:  0.666, PRS: 0.713, SPR: 0.714, RMSE: 4.470, (Best @ 30: {{0.700}}, 0.719, 0.719, 4.283)
[TEST]  QWK:  0.737, PRS: 0.763, SPR: 0.791, RMSE: 3.995 (Best @ 30: {{0.719}}, 0.766, 0.771, 4.269)
--------------------------------------------------------------------------------------------------------------------------
Epoch 33/50
Training one epoch in 19.589 s
[DEV]   QWK:  0.700, PRS: 0.720, SPR: 0.715, RMSE: 4.310, (Best @ 30: {{0.700}}, 0.719, 0.719, 4.283)
[TEST]  QWK:  0.708, PRS: 0.771, SPR: 0.781, RMSE: 4.467 (Best @ 30: {{0.719}}, 0.766, 0.771, 4.269)
--------------------------------------------------------------------------------------------------------------------------
Epoch 34/50
Training one epoch in 19.602 s
[DEV]   QWK:  0.607, PRS: 0.696, SPR: 0.707, RMSE: 4.776, (Best @ 30: {{0.700}}, 0.719, 0.719, 4.283)
[TEST]  QWK:  0.711, PRS: 0.755, SPR: 0.803, RMSE: 4.045 (Best @ 30: {{0.719}}, 0.766, 0.771, 4.269)
--------------------------------------------------------------------------------------------------------------------------
Epoch 35/50
Training one epoch in 19.987 s
[DEV]   QWK:  0.568, PRS: 0.688, SPR: 0.699, RMSE: 5.392, (Best @ 30: {{0.700}}, 0.719, 0.719, 4.283)
[TEST]  QWK:  0.709, PRS: 0.750, SPR: 0.801, RMSE: 4.230 (Best @ 30: {{0.719}}, 0.766, 0.771, 4.269)
--------------------------------------------------------------------------------------------------------------------------
Epoch 36/50
Training one epoch in 19.354 s
[DEV]   QWK:  0.606, PRS: 0.718, SPR: 0.715, RMSE: 4.720, (Best @ 30: {{0.700}}, 0.719, 0.719, 4.283)
[TEST]  QWK:  0.715, PRS: 0.771, SPR: 0.800, RMSE: 3.976 (Best @ 30: {{0.719}}, 0.766, 0.771, 4.269)
--------------------------------------------------------------------------------------------------------------------------
Epoch 37/50
Training one epoch in 19.919 s
[DEV]   QWK:  0.705, PRS: 0.728, SPR: 0.726, RMSE: 4.416, (Best @ 37: {{0.705}}, 0.728, 0.726, 4.416)
[TEST]  QWK:  0.682, PRS: 0.768, SPR: 0.780, RMSE: 4.852 (Best @ 37: {{0.682}}, 0.768, 0.780, 4.852)
--------------------------------------------------------------------------------------------------------------------------
Epoch 38/50
Training one epoch in 19.955 s
[DEV]   QWK:  0.678, PRS: 0.715, SPR: 0.719, RMSE: 4.349, (Best @ 37: {{0.705}}, 0.728, 0.726, 4.416)
[TEST]  QWK:  0.738, PRS: 0.771, SPR: 0.816, RMSE: 4.005 (Best @ 37: {{0.682}}, 0.768, 0.780, 4.852)
--------------------------------------------------------------------------------------------------------------------------
Epoch 39/50
Training one epoch in 19.500 s
[DEV]   QWK:  0.704, PRS: 0.738, SPR: 0.729, RMSE: 4.158, (Best @ 37: {{0.705}}, 0.728, 0.726, 4.416)
[TEST]  QWK:  0.721, PRS: 0.781, SPR: 0.788, RMSE: 4.252 (Best @ 37: {{0.682}}, 0.768, 0.780, 4.852)
--------------------------------------------------------------------------------------------------------------------------
Epoch 40/50
Training one epoch in 19.773 s
[DEV]   QWK:  0.695, PRS: 0.719, SPR: 0.717, RMSE: 4.326, (Best @ 37: {{0.705}}, 0.728, 0.726, 4.416)
[TEST]  QWK:  0.755, PRS: 0.780, SPR: 0.796, RMSE: 3.962 (Best @ 37: {{0.682}}, 0.768, 0.780, 4.852)
--------------------------------------------------------------------------------------------------------------------------
Epoch 41/50
Training one epoch in 19.977 s
[DEV]   QWK:  0.714, PRS: 0.732, SPR: 0.726, RMSE: 4.196, (Best @ 41: {{0.714}}, 0.732, 0.726, 4.196)
[TEST]  QWK:  0.747, PRS: 0.786, SPR: 0.797, RMSE: 4.093 (Best @ 41: {{0.747}}, 0.786, 0.797, 4.093)
--------------------------------------------------------------------------------------------------------------------------
Epoch 42/50
Training one epoch in 20.045 s
[DEV]   QWK:  0.711, PRS: 0.733, SPR: 0.731, RMSE: 4.306, (Best @ 41: {{0.714}}, 0.732, 0.726, 4.196)
[TEST]  QWK:  0.708, PRS: 0.777, SPR: 0.794, RMSE: 4.577 (Best @ 41: {{0.747}}, 0.786, 0.797, 4.093)
--------------------------------------------------------------------------------------------------------------------------
Epoch 43/50
Training one epoch in 20.135 s
[DEV]   QWK:  0.695, PRS: 0.724, SPR: 0.718, RMSE: 4.257, (Best @ 41: {{0.714}}, 0.732, 0.726, 4.196)
[TEST]  QWK:  0.723, PRS: 0.785, SPR: 0.801, RMSE: 4.252 (Best @ 41: {{0.747}}, 0.786, 0.797, 4.093)
--------------------------------------------------------------------------------------------------------------------------
Epoch 44/50
Training one epoch in 19.787 s
[DEV]   QWK:  0.634, PRS: 0.715, SPR: 0.718, RMSE: 4.783, (Best @ 41: {{0.714}}, 0.732, 0.726, 4.196)
[TEST]  QWK:  0.744, PRS: 0.768, SPR: 0.816, RMSE: 3.969 (Best @ 41: {{0.747}}, 0.786, 0.797, 4.093)
--------------------------------------------------------------------------------------------------------------------------
Epoch 45/50
Training one epoch in 19.869 s
[DEV]   QWK:  0.653, PRS: 0.721, SPR: 0.717, RMSE: 4.559, (Best @ 41: {{0.714}}, 0.732, 0.726, 4.196)
[TEST]  QWK:  0.752, PRS: 0.777, SPR: 0.822, RMSE: 3.869 (Best @ 41: {{0.747}}, 0.786, 0.797, 4.093)
--------------------------------------------------------------------------------------------------------------------------
Epoch 46/50
Training one epoch in 19.749 s
[DEV]   QWK:  0.600, PRS: 0.714, SPR: 0.719, RMSE: 4.928, (Best @ 41: {{0.714}}, 0.732, 0.726, 4.196)
[TEST]  QWK:  0.723, PRS: 0.769, SPR: 0.820, RMSE: 4.024 (Best @ 41: {{0.747}}, 0.786, 0.797, 4.093)
--------------------------------------------------------------------------------------------------------------------------
Epoch 47/50
Training one epoch in 19.761 s
[DEV]   QWK:  0.698, PRS: 0.734, SPR: 0.730, RMSE: 4.234, (Best @ 41: {{0.714}}, 0.732, 0.726, 4.196)
[TEST]  QWK:  0.740, PRS: 0.768, SPR: 0.789, RMSE: 4.026 (Best @ 41: {{0.747}}, 0.786, 0.797, 4.093)
--------------------------------------------------------------------------------------------------------------------------
Epoch 48/50
Training one epoch in 19.895 s
[DEV]   QWK:  0.691, PRS: 0.706, SPR: 0.713, RMSE: 4.451, (Best @ 41: {{0.714}}, 0.732, 0.726, 4.196)
[TEST]  QWK:  0.749, PRS: 0.765, SPR: 0.803, RMSE: 4.132 (Best @ 41: {{0.747}}, 0.786, 0.797, 4.093)
--------------------------------------------------------------------------------------------------------------------------
Epoch 49/50
Training one epoch in 19.887 s
[DEV]   QWK:  0.667, PRS: 0.708, SPR: 0.708, RMSE: 4.528, (Best @ 41: {{0.714}}, 0.732, 0.726, 4.196)
[TEST]  QWK:  0.753, PRS: 0.767, SPR: 0.809, RMSE: 3.956 (Best @ 41: {{0.747}}, 0.786, 0.797, 4.093)
--------------------------------------------------------------------------------------------------------------------------
Epoch 50/50
Training one epoch in 19.835 s
[DEV]   QWK:  0.693, PRS: 0.715, SPR: 0.714, RMSE: 4.367, (Best @ 41: {{0.714}}, 0.732, 0.726, 4.196)
[TEST]  QWK:  0.759, PRS: 0.775, SPR: 0.799, RMSE: 3.986 (Best @ 41: {{0.747}}, 0.786, 0.797, 4.093)
--------------------------------------------------------------------------------------------------------------------------
