X_train shape: (1099, 3350)
Initial evaluation: 
[DEV]   QWK:  0.000, PRS: 0.000, SPR: 0.000, RMSE: 4.475, (Best @ -1: {{0.000}}, 0.000, 0.000, 4.475)
[TEST]  QWK:  0.000, PRS: 0.000, SPR: 0.000, RMSE: 4.738 (Best @ -1: {{0.000}}, 0.000, 0.000, 4.738)
--------------------------------------------------------------------------------------------------------------------------
Train model
Epoch 1/50
Training one epoch in 37.284 s
[DEV]   QWK:  0.727, PRS: 0.765, SPR: 0.772, RMSE: 2.813, (Best @ 1: {{0.727}}, 0.765, 0.772, 2.813)
[TEST]  QWK:  0.744, PRS: 0.787, SPR: 0.782, RMSE: 2.915 (Best @ 1: {{0.744}}, 0.787, 0.782, 2.915)
--------------------------------------------------------------------------------------------------------------------------
Epoch 2/50
Training one epoch in 33.861 s
[DEV]   QWK:  0.743, PRS: 0.789, SPR: 0.802, RMSE: 2.680, (Best @ 2: {{0.743}}, 0.789, 0.802, 2.680)
[TEST]  QWK:  0.718, PRS: 0.789, SPR: 0.785, RMSE: 2.972 (Best @ 2: {{0.718}}, 0.789, 0.785, 2.972)
--------------------------------------------------------------------------------------------------------------------------
Epoch 3/50
Training one epoch in 33.888 s
[DEV]   QWK:  0.733, PRS: 0.790, SPR: 0.798, RMSE: 2.926, (Best @ 2: {{0.743}}, 0.789, 0.802, 2.680)
[TEST]  QWK:  0.719, PRS: 0.784, SPR: 0.781, RMSE: 3.211 (Best @ 2: {{0.718}}, 0.789, 0.785, 2.972)
--------------------------------------------------------------------------------------------------------------------------
Epoch 4/50
Training one epoch in 33.965 s
[DEV]   QWK:  0.762, PRS: 0.787, SPR: 0.801, RMSE: 2.747, (Best @ 4: {{0.762}}, 0.787, 0.801, 2.747)
[TEST]  QWK:  0.758, PRS: 0.784, SPR: 0.778, RMSE: 2.904 (Best @ 4: {{0.758}}, 0.784, 0.778, 2.904)
--------------------------------------------------------------------------------------------------------------------------
Epoch 5/50
Training one epoch in 33.855 s
[DEV]   QWK:  0.773, PRS: 0.799, SPR: 0.809, RMSE: 2.791, (Best @ 5: {{0.773}}, 0.799, 0.809, 2.791)
[TEST]  QWK:  0.754, PRS: 0.791, SPR: 0.788, RMSE: 3.075 (Best @ 5: {{0.754}}, 0.791, 0.788, 3.075)
--------------------------------------------------------------------------------------------------------------------------
Epoch 6/50
Training one epoch in 33.898 s
[DEV]   QWK:  0.743, PRS: 0.793, SPR: 0.806, RMSE: 2.724, (Best @ 5: {{0.773}}, 0.799, 0.809, 2.791)
[TEST]  QWK:  0.746, PRS: 0.803, SPR: 0.798, RMSE: 2.847 (Best @ 5: {{0.754}}, 0.791, 0.788, 3.075)
--------------------------------------------------------------------------------------------------------------------------
Epoch 7/50
Training one epoch in 33.850 s
[DEV]   QWK:  0.739, PRS: 0.787, SPR: 0.808, RMSE: 2.749, (Best @ 5: {{0.773}}, 0.799, 0.809, 2.791)
[TEST]  QWK:  0.723, PRS: 0.779, SPR: 0.782, RMSE: 3.040 (Best @ 5: {{0.754}}, 0.791, 0.788, 3.075)
--------------------------------------------------------------------------------------------------------------------------
Epoch 8/50
Training one epoch in 33.832 s
[DEV]   QWK:  0.779, PRS: 0.791, SPR: 0.807, RMSE: 2.846, (Best @ 8: {{0.779}}, 0.791, 0.807, 2.846)
[TEST]  QWK:  0.789, PRS: 0.797, SPR: 0.798, RMSE: 2.888 (Best @ 8: {{0.789}}, 0.797, 0.798, 2.888)
--------------------------------------------------------------------------------------------------------------------------
Epoch 9/50
Training one epoch in 33.788 s
[DEV]   QWK:  0.787, PRS: 0.798, SPR: 0.812, RMSE: 2.655, (Best @ 9: {{0.787}}, 0.798, 0.812, 2.655)
[TEST]  QWK:  0.776, PRS: 0.794, SPR: 0.801, RMSE: 2.899 (Best @ 9: {{0.776}}, 0.794, 0.801, 2.899)
--------------------------------------------------------------------------------------------------------------------------
Epoch 10/50
Training one epoch in 34.127 s
[DEV]   QWK:  0.783, PRS: 0.804, SPR: 0.816, RMSE: 2.563, (Best @ 9: {{0.787}}, 0.798, 0.812, 2.655)
[TEST]  QWK:  0.778, PRS: 0.804, SPR: 0.799, RMSE: 2.775 (Best @ 9: {{0.776}}, 0.794, 0.801, 2.899)
--------------------------------------------------------------------------------------------------------------------------
Epoch 11/50
Training one epoch in 33.867 s
[DEV]   QWK:  0.747, PRS: 0.791, SPR: 0.806, RMSE: 3.169, (Best @ 9: {{0.787}}, 0.798, 0.812, 2.655)
[TEST]  QWK:  0.740, PRS: 0.792, SPR: 0.792, RMSE: 3.396 (Best @ 9: {{0.776}}, 0.794, 0.801, 2.899)
--------------------------------------------------------------------------------------------------------------------------
Epoch 12/50
Training one epoch in 33.944 s
[DEV]   QWK:  0.775, PRS: 0.808, SPR: 0.819, RMSE: 2.683, (Best @ 9: {{0.787}}, 0.798, 0.812, 2.655)
[TEST]  QWK:  0.779, PRS: 0.813, SPR: 0.810, RMSE: 2.806 (Best @ 9: {{0.776}}, 0.794, 0.801, 2.899)
--------------------------------------------------------------------------------------------------------------------------
Epoch 13/50
Training one epoch in 34.102 s
[DEV]   QWK:  0.789, PRS: 0.799, SPR: 0.814, RMSE: 2.623, (Best @ 13: {{0.789}}, 0.799, 0.814, 2.623)
[TEST]  QWK:  0.797, PRS: 0.812, SPR: 0.811, RMSE: 2.739 (Best @ 13: {{0.797}}, 0.812, 0.811, 2.739)
--------------------------------------------------------------------------------------------------------------------------
Epoch 14/50
Training one epoch in 33.910 s
[DEV]   QWK:  0.782, PRS: 0.809, SPR: 0.821, RMSE: 2.730, (Best @ 13: {{0.789}}, 0.799, 0.814, 2.623)
[TEST]  QWK:  0.790, PRS: 0.813, SPR: 0.812, RMSE: 2.822 (Best @ 13: {{0.797}}, 0.812, 0.811, 2.739)
--------------------------------------------------------------------------------------------------------------------------
Epoch 15/50
Training one epoch in 33.931 s
[DEV]   QWK:  0.786, PRS: 0.804, SPR: 0.813, RMSE: 2.579, (Best @ 13: {{0.789}}, 0.799, 0.814, 2.623)
[TEST]  QWK:  0.794, PRS: 0.815, SPR: 0.821, RMSE: 2.697 (Best @ 13: {{0.797}}, 0.812, 0.811, 2.739)
--------------------------------------------------------------------------------------------------------------------------
Epoch 16/50
Training one epoch in 33.985 s
[DEV]   QWK:  0.797, PRS: 0.803, SPR: 0.817, RMSE: 2.706, (Best @ 16: {{0.797}}, 0.803, 0.817, 2.706)
[TEST]  QWK:  0.807, PRS: 0.811, SPR: 0.811, RMSE: 2.801 (Best @ 16: {{0.807}}, 0.811, 0.811, 2.801)
--------------------------------------------------------------------------------------------------------------------------
Epoch 17/50
Training one epoch in 33.793 s
[DEV]   QWK:  0.792, PRS: 0.800, SPR: 0.813, RMSE: 2.639, (Best @ 16: {{0.797}}, 0.803, 0.817, 2.706)
[TEST]  QWK:  0.799, PRS: 0.808, SPR: 0.807, RMSE: 2.764 (Best @ 16: {{0.807}}, 0.811, 0.811, 2.801)
--------------------------------------------------------------------------------------------------------------------------
Epoch 18/50
Training one epoch in 33.730 s
[DEV]   QWK:  0.774, PRS: 0.788, SPR: 0.798, RMSE: 2.939, (Best @ 16: {{0.797}}, 0.803, 0.817, 2.706)
[TEST]  QWK:  0.790, PRS: 0.808, SPR: 0.806, RMSE: 3.004 (Best @ 16: {{0.807}}, 0.811, 0.811, 2.801)
--------------------------------------------------------------------------------------------------------------------------
Epoch 19/50
Training one epoch in 33.904 s
[DEV]   QWK:  0.776, PRS: 0.796, SPR: 0.807, RMSE: 2.751, (Best @ 16: {{0.797}}, 0.803, 0.817, 2.706)
[TEST]  QWK:  0.796, PRS: 0.815, SPR: 0.814, RMSE: 2.784 (Best @ 16: {{0.807}}, 0.811, 0.811, 2.801)
--------------------------------------------------------------------------------------------------------------------------
Epoch 20/50
Training one epoch in 33.717 s
[DEV]   QWK:  0.760, PRS: 0.807, SPR: 0.817, RMSE: 2.806, (Best @ 16: {{0.797}}, 0.803, 0.817, 2.706)
[TEST]  QWK:  0.775, PRS: 0.815, SPR: 0.811, RMSE: 2.890 (Best @ 16: {{0.807}}, 0.811, 0.811, 2.801)
--------------------------------------------------------------------------------------------------------------------------
Epoch 21/50
Training one epoch in 34.023 s
[DEV]   QWK:  0.794, PRS: 0.802, SPR: 0.816, RMSE: 2.580, (Best @ 16: {{0.797}}, 0.803, 0.817, 2.706)
[TEST]  QWK:  0.799, PRS: 0.808, SPR: 0.808, RMSE: 2.736 (Best @ 16: {{0.807}}, 0.811, 0.811, 2.801)
--------------------------------------------------------------------------------------------------------------------------
Epoch 22/50
Training one epoch in 33.910 s
[DEV]   QWK:  0.701, PRS: 0.807, SPR: 0.818, RMSE: 3.109, (Best @ 16: {{0.797}}, 0.803, 0.817, 2.706)
[TEST]  QWK:  0.718, PRS: 0.813, SPR: 0.819, RMSE: 3.171 (Best @ 16: {{0.807}}, 0.811, 0.811, 2.801)
--------------------------------------------------------------------------------------------------------------------------
Epoch 23/50
Training one epoch in 33.971 s
[DEV]   QWK:  0.791, PRS: 0.803, SPR: 0.820, RMSE: 2.609, (Best @ 16: {{0.797}}, 0.803, 0.817, 2.706)
[TEST]  QWK:  0.799, PRS: 0.811, SPR: 0.810, RMSE: 2.739 (Best @ 16: {{0.807}}, 0.811, 0.811, 2.801)
--------------------------------------------------------------------------------------------------------------------------
Epoch 24/50
Training one epoch in 33.932 s
[DEV]   QWK:  0.754, PRS: 0.794, SPR: 0.813, RMSE: 2.701, (Best @ 16: {{0.797}}, 0.803, 0.817, 2.706)
[TEST]  QWK:  0.770, PRS: 0.808, SPR: 0.811, RMSE: 2.799 (Best @ 16: {{0.807}}, 0.811, 0.811, 2.801)
--------------------------------------------------------------------------------------------------------------------------
Epoch 25/50
Training one epoch in 33.953 s
[DEV]   QWK:  0.670, PRS: 0.792, SPR: 0.799, RMSE: 3.486, (Best @ 16: {{0.797}}, 0.803, 0.817, 2.706)
[TEST]  QWK:  0.693, PRS: 0.804, SPR: 0.805, RMSE: 3.537 (Best @ 16: {{0.807}}, 0.811, 0.811, 2.801)
--------------------------------------------------------------------------------------------------------------------------
Epoch 26/50
Training one epoch in 33.767 s
[DEV]   QWK:  0.707, PRS: 0.793, SPR: 0.799, RMSE: 3.159, (Best @ 16: {{0.797}}, 0.803, 0.817, 2.706)
[TEST]  QWK:  0.738, PRS: 0.815, SPR: 0.817, RMSE: 3.131 (Best @ 16: {{0.807}}, 0.811, 0.811, 2.801)
--------------------------------------------------------------------------------------------------------------------------
Epoch 27/50
Training one epoch in 33.795 s
[DEV]   QWK:  0.790, PRS: 0.794, SPR: 0.802, RMSE: 2.658, (Best @ 16: {{0.797}}, 0.803, 0.817, 2.706)
[TEST]  QWK:  0.796, PRS: 0.803, SPR: 0.801, RMSE: 2.779 (Best @ 16: {{0.807}}, 0.811, 0.811, 2.801)
--------------------------------------------------------------------------------------------------------------------------
Epoch 28/50
Training one epoch in 33.830 s
[DEV]   QWK:  0.687, PRS: 0.793, SPR: 0.804, RMSE: 3.335, (Best @ 16: {{0.797}}, 0.803, 0.817, 2.706)
[TEST]  QWK:  0.716, PRS: 0.811, SPR: 0.810, RMSE: 3.362 (Best @ 16: {{0.807}}, 0.811, 0.811, 2.801)
--------------------------------------------------------------------------------------------------------------------------
Epoch 29/50
Training one epoch in 33.872 s
[DEV]   QWK:  0.741, PRS: 0.800, SPR: 0.811, RMSE: 2.985, (Best @ 16: {{0.797}}, 0.803, 0.817, 2.706)
[TEST]  QWK:  0.759, PRS: 0.811, SPR: 0.814, RMSE: 3.070 (Best @ 16: {{0.807}}, 0.811, 0.811, 2.801)
--------------------------------------------------------------------------------------------------------------------------
Epoch 30/50
Training one epoch in 34.035 s
[DEV]   QWK:  0.761, PRS: 0.800, SPR: 0.804, RMSE: 2.854, (Best @ 16: {{0.797}}, 0.803, 0.817, 2.706)
[TEST]  QWK:  0.776, PRS: 0.810, SPR: 0.807, RMSE: 2.947 (Best @ 16: {{0.807}}, 0.811, 0.811, 2.801)
--------------------------------------------------------------------------------------------------------------------------
Epoch 31/50
Training one epoch in 34.064 s
[DEV]   QWK:  0.775, PRS: 0.795, SPR: 0.804, RMSE: 2.796, (Best @ 16: {{0.797}}, 0.803, 0.817, 2.706)
[TEST]  QWK:  0.786, PRS: 0.803, SPR: 0.800, RMSE: 2.898 (Best @ 16: {{0.807}}, 0.811, 0.811, 2.801)
--------------------------------------------------------------------------------------------------------------------------
Epoch 32/50
Training one epoch in 33.900 s
[DEV]   QWK:  0.771, PRS: 0.798, SPR: 0.804, RMSE: 2.938, (Best @ 16: {{0.797}}, 0.803, 0.817, 2.706)
[TEST]  QWK:  0.785, PRS: 0.805, SPR: 0.802, RMSE: 3.042 (Best @ 16: {{0.807}}, 0.811, 0.811, 2.801)
--------------------------------------------------------------------------------------------------------------------------
Epoch 33/50
Training one epoch in 33.840 s
[DEV]   QWK:  0.791, PRS: 0.795, SPR: 0.804, RMSE: 2.742, (Best @ 16: {{0.797}}, 0.803, 0.817, 2.706)
[TEST]  QWK:  0.799, PRS: 0.805, SPR: 0.805, RMSE: 2.873 (Best @ 16: {{0.807}}, 0.811, 0.811, 2.801)
--------------------------------------------------------------------------------------------------------------------------
Epoch 34/50
Training one epoch in 33.934 s
[DEV]   QWK:  0.789, PRS: 0.803, SPR: 0.813, RMSE: 2.709, (Best @ 16: {{0.797}}, 0.803, 0.817, 2.706)
[TEST]  QWK:  0.806, PRS: 0.817, SPR: 0.817, RMSE: 2.809 (Best @ 16: {{0.807}}, 0.811, 0.811, 2.801)
--------------------------------------------------------------------------------------------------------------------------
Epoch 35/50
Training one epoch in 33.809 s
[DEV]   QWK:  0.784, PRS: 0.784, SPR: 0.785, RMSE: 2.857, (Best @ 16: {{0.797}}, 0.803, 0.817, 2.706)
[TEST]  QWK:  0.809, PRS: 0.809, SPR: 0.809, RMSE: 2.913 (Best @ 16: {{0.807}}, 0.811, 0.811, 2.801)
--------------------------------------------------------------------------------------------------------------------------
Epoch 36/50
Training one epoch in 34.049 s
[DEV]   QWK:  0.778, PRS: 0.782, SPR: 0.793, RMSE: 2.784, (Best @ 16: {{0.797}}, 0.803, 0.817, 2.706)
[TEST]  QWK:  0.801, PRS: 0.805, SPR: 0.806, RMSE: 2.839 (Best @ 16: {{0.807}}, 0.811, 0.811, 2.801)
--------------------------------------------------------------------------------------------------------------------------
Epoch 37/50
Training one epoch in 33.929 s
[DEV]   QWK:  0.792, PRS: 0.798, SPR: 0.806, RMSE: 2.717, (Best @ 16: {{0.797}}, 0.803, 0.817, 2.706)
[TEST]  QWK:  0.804, PRS: 0.809, SPR: 0.808, RMSE: 2.851 (Best @ 16: {{0.807}}, 0.811, 0.811, 2.801)
--------------------------------------------------------------------------------------------------------------------------
Epoch 38/50
Training one epoch in 34.068 s
[DEV]   QWK:  0.785, PRS: 0.792, SPR: 0.797, RMSE: 2.666, (Best @ 16: {{0.797}}, 0.803, 0.817, 2.706)
[TEST]  QWK:  0.798, PRS: 0.803, SPR: 0.805, RMSE: 2.803 (Best @ 16: {{0.807}}, 0.811, 0.811, 2.801)
--------------------------------------------------------------------------------------------------------------------------
Epoch 39/50
Training one epoch in 34.087 s
[DEV]   QWK:  0.790, PRS: 0.792, SPR: 0.801, RMSE: 2.688, (Best @ 16: {{0.797}}, 0.803, 0.817, 2.706)
[TEST]  QWK:  0.798, PRS: 0.799, SPR: 0.798, RMSE: 2.864 (Best @ 16: {{0.807}}, 0.811, 0.811, 2.801)
--------------------------------------------------------------------------------------------------------------------------
Epoch 40/50
Training one epoch in 34.059 s
[DEV]   QWK:  0.778, PRS: 0.785, SPR: 0.791, RMSE: 2.769, (Best @ 16: {{0.797}}, 0.803, 0.817, 2.706)
[TEST]  QWK:  0.789, PRS: 0.799, SPR: 0.799, RMSE: 2.947 (Best @ 16: {{0.807}}, 0.811, 0.811, 2.801)
--------------------------------------------------------------------------------------------------------------------------
Epoch 41/50
Training one epoch in 33.948 s
[DEV]   QWK:  0.785, PRS: 0.789, SPR: 0.806, RMSE: 2.827, (Best @ 16: {{0.797}}, 0.803, 0.817, 2.706)
[TEST]  QWK:  0.790, PRS: 0.796, SPR: 0.809, RMSE: 3.009 (Best @ 16: {{0.807}}, 0.811, 0.811, 2.801)
--------------------------------------------------------------------------------------------------------------------------
Epoch 42/50
Training one epoch in 34.016 s
[DEV]   QWK:  0.757, PRS: 0.780, SPR: 0.785, RMSE: 2.963, (Best @ 16: {{0.797}}, 0.803, 0.817, 2.706)
[TEST]  QWK:  0.774, PRS: 0.790, SPR: 0.792, RMSE: 3.075 (Best @ 16: {{0.807}}, 0.811, 0.811, 2.801)
--------------------------------------------------------------------------------------------------------------------------
Epoch 43/50
Training one epoch in 34.113 s
[DEV]   QWK:  0.781, PRS: 0.786, SPR: 0.795, RMSE: 2.705, (Best @ 16: {{0.797}}, 0.803, 0.817, 2.706)
[TEST]  QWK:  0.795, PRS: 0.801, SPR: 0.800, RMSE: 2.799 (Best @ 16: {{0.807}}, 0.811, 0.811, 2.801)
--------------------------------------------------------------------------------------------------------------------------
Epoch 44/50
Training one epoch in 33.799 s
[DEV]   QWK:  0.763, PRS: 0.792, SPR: 0.796, RMSE: 2.834, (Best @ 16: {{0.797}}, 0.803, 0.817, 2.706)
[TEST]  QWK:  0.779, PRS: 0.796, SPR: 0.794, RMSE: 2.971 (Best @ 16: {{0.807}}, 0.811, 0.811, 2.801)
--------------------------------------------------------------------------------------------------------------------------
Epoch 45/50
Training one epoch in 34.016 s
[DEV]   QWK:  0.760, PRS: 0.784, SPR: 0.792, RMSE: 3.016, (Best @ 16: {{0.797}}, 0.803, 0.817, 2.706)
[TEST]  QWK:  0.780, PRS: 0.795, SPR: 0.796, RMSE: 3.138 (Best @ 16: {{0.807}}, 0.811, 0.811, 2.801)
--------------------------------------------------------------------------------------------------------------------------
Epoch 46/50
Training one epoch in 33.799 s
[DEV]   QWK:  0.779, PRS: 0.782, SPR: 0.793, RMSE: 2.778, (Best @ 16: {{0.797}}, 0.803, 0.817, 2.706)
[TEST]  QWK:  0.789, PRS: 0.790, SPR: 0.792, RMSE: 2.943 (Best @ 16: {{0.807}}, 0.811, 0.811, 2.801)
--------------------------------------------------------------------------------------------------------------------------
Epoch 47/50
Training one epoch in 33.962 s
[DEV]   QWK:  0.780, PRS: 0.786, SPR: 0.805, RMSE: 2.893, (Best @ 16: {{0.797}}, 0.803, 0.817, 2.706)
[TEST]  QWK:  0.785, PRS: 0.792, SPR: 0.797, RMSE: 3.081 (Best @ 16: {{0.807}}, 0.811, 0.811, 2.801)
--------------------------------------------------------------------------------------------------------------------------
Epoch 48/50
Training one epoch in 34.049 s
[DEV]   QWK:  0.772, PRS: 0.784, SPR: 0.808, RMSE: 2.685, (Best @ 16: {{0.797}}, 0.803, 0.817, 2.706)
[TEST]  QWK:  0.789, PRS: 0.795, SPR: 0.798, RMSE: 2.837 (Best @ 16: {{0.807}}, 0.811, 0.811, 2.801)
--------------------------------------------------------------------------------------------------------------------------
Epoch 49/50
Training one epoch in 33.946 s
[DEV]   QWK:  0.738, PRS: 0.784, SPR: 0.805, RMSE: 3.071, (Best @ 16: {{0.797}}, 0.803, 0.817, 2.706)
[TEST]  QWK:  0.752, PRS: 0.781, SPR: 0.780, RMSE: 3.238 (Best @ 16: {{0.807}}, 0.811, 0.811, 2.801)
--------------------------------------------------------------------------------------------------------------------------
Epoch 50/50
Training one epoch in 34.152 s
[DEV]   QWK:  0.767, PRS: 0.777, SPR: 0.791, RMSE: 2.889, (Best @ 16: {{0.797}}, 0.803, 0.817, 2.706)
[TEST]  QWK:  0.782, PRS: 0.787, SPR: 0.791, RMSE: 3.048 (Best @ 16: {{0.807}}, 0.811, 0.811, 2.801)
--------------------------------------------------------------------------------------------------------------------------
