X_train shape: (1209, 1100)
Initial evaluation: 
[DEV]   QWK:  0.000, PRS: 0.000, SPR: 0.000, RMSE: 1.163, (Best @ -1: {{0.000}}, 0.000, 0.000, 1.163)
[TEST]  QWK:  0.000, PRS: 0.000, SPR: 0.000, RMSE: 1.248 (Best @ -1: {{0.000}}, 0.000, 0.000, 1.248)
--------------------------------------------------------------------------------------------------------------------------
Train model
Epoch 1/50
Training one epoch in 24.886 s
[DEV]   QWK:  0.686, PRS: 0.699, SPR: 0.700, RMSE: 0.630, (Best @ 1: {{0.686}}, 0.699, 0.700, 0.630)
[TEST]  QWK:  0.624, PRS: 0.646, SPR: 0.643, RMSE: 0.647 (Best @ 1: {{0.624}}, 0.646, 0.643, 0.647)
--------------------------------------------------------------------------------------------------------------------------
Epoch 2/50
Training one epoch in 22.258 s
[DEV]   QWK:  0.651, PRS: 0.668, SPR: 0.667, RMSE: 0.648, (Best @ 1: {{0.686}}, 0.699, 0.700, 0.630)
[TEST]  QWK:  0.602, PRS: 0.630, SPR: 0.625, RMSE: 0.647 (Best @ 1: {{0.624}}, 0.646, 0.643, 0.647)
--------------------------------------------------------------------------------------------------------------------------
Epoch 3/50
Training one epoch in 22.267 s
[DEV]   QWK:  0.698, PRS: 0.703, SPR: 0.711, RMSE: 0.611, (Best @ 3: {{0.698}}, 0.703, 0.711, 0.611)
[TEST]  QWK:  0.644, PRS: 0.654, SPR: 0.653, RMSE: 0.629 (Best @ 3: {{0.644}}, 0.654, 0.653, 0.629)
--------------------------------------------------------------------------------------------------------------------------
Epoch 4/50
Training one epoch in 22.282 s
[DEV]   QWK:  0.696, PRS: 0.700, SPR: 0.710, RMSE: 0.616, (Best @ 3: {{0.698}}, 0.703, 0.711, 0.611)
[TEST]  QWK:  0.611, PRS: 0.623, SPR: 0.623, RMSE: 0.651 (Best @ 3: {{0.644}}, 0.654, 0.653, 0.629)
--------------------------------------------------------------------------------------------------------------------------
Epoch 5/50
Training one epoch in 22.230 s
[DEV]   QWK:  0.702, PRS: 0.707, SPR: 0.717, RMSE: 0.607, (Best @ 5: {{0.702}}, 0.707, 0.717, 0.607)
[TEST]  QWK:  0.636, PRS: 0.649, SPR: 0.648, RMSE: 0.629 (Best @ 5: {{0.636}}, 0.649, 0.648, 0.629)
--------------------------------------------------------------------------------------------------------------------------
Epoch 6/50
Training one epoch in 22.288 s
[DEV]   QWK:  0.696, PRS: 0.703, SPR: 0.705, RMSE: 0.623, (Best @ 5: {{0.702}}, 0.707, 0.717, 0.607)
[TEST]  QWK:  0.682, PRS: 0.694, SPR: 0.694, RMSE: 0.605 (Best @ 5: {{0.636}}, 0.649, 0.648, 0.629)
--------------------------------------------------------------------------------------------------------------------------
Epoch 7/50
Training one epoch in 22.334 s
[DEV]   QWK:  0.679, PRS: 0.696, SPR: 0.696, RMSE: 0.648, (Best @ 5: {{0.702}}, 0.707, 0.717, 0.607)
[TEST]  QWK:  0.634, PRS: 0.660, SPR: 0.658, RMSE: 0.656 (Best @ 5: {{0.636}}, 0.649, 0.648, 0.629)
--------------------------------------------------------------------------------------------------------------------------
Epoch 8/50
Training one epoch in 22.249 s
[DEV]   QWK:  0.703, PRS: 0.710, SPR: 0.713, RMSE: 0.621, (Best @ 8: {{0.703}}, 0.710, 0.713, 0.621)
[TEST]  QWK:  0.668, PRS: 0.678, SPR: 0.678, RMSE: 0.624 (Best @ 8: {{0.668}}, 0.678, 0.678, 0.624)
--------------------------------------------------------------------------------------------------------------------------
Epoch 9/50
Training one epoch in 22.209 s
[DEV]   QWK:  0.699, PRS: 0.708, SPR: 0.722, RMSE: 0.604, (Best @ 8: {{0.703}}, 0.710, 0.713, 0.621)
[TEST]  QWK:  0.638, PRS: 0.653, SPR: 0.655, RMSE: 0.633 (Best @ 8: {{0.668}}, 0.678, 0.678, 0.624)
--------------------------------------------------------------------------------------------------------------------------
Epoch 10/50
Training one epoch in 22.363 s
[DEV]   QWK:  0.693, PRS: 0.707, SPR: 0.707, RMSE: 0.630, (Best @ 8: {{0.703}}, 0.710, 0.713, 0.621)
[TEST]  QWK:  0.634, PRS: 0.657, SPR: 0.656, RMSE: 0.656 (Best @ 8: {{0.668}}, 0.678, 0.678, 0.624)
--------------------------------------------------------------------------------------------------------------------------
Epoch 11/50
Training one epoch in 22.197 s
[DEV]   QWK:  0.704, PRS: 0.716, SPR: 0.731, RMSE: 0.597, (Best @ 11: {{0.704}}, 0.716, 0.731, 0.597)
[TEST]  QWK:  0.623, PRS: 0.643, SPR: 0.645, RMSE: 0.642 (Best @ 11: {{0.623}}, 0.643, 0.645, 0.642)
--------------------------------------------------------------------------------------------------------------------------
Epoch 12/50
Training one epoch in 22.235 s
[DEV]   QWK:  0.698, PRS: 0.716, SPR: 0.715, RMSE: 0.630, (Best @ 11: {{0.704}}, 0.716, 0.731, 0.597)
[TEST]  QWK:  0.621, PRS: 0.644, SPR: 0.642, RMSE: 0.669 (Best @ 11: {{0.623}}, 0.643, 0.645, 0.642)
--------------------------------------------------------------------------------------------------------------------------
Epoch 13/50
Training one epoch in 22.296 s
[DEV]   QWK:  0.691, PRS: 0.696, SPR: 0.703, RMSE: 0.621, (Best @ 11: {{0.704}}, 0.716, 0.731, 0.597)
[TEST]  QWK:  0.648, PRS: 0.656, SPR: 0.656, RMSE: 0.629 (Best @ 11: {{0.623}}, 0.643, 0.645, 0.642)
--------------------------------------------------------------------------------------------------------------------------
Epoch 14/50
Training one epoch in 22.362 s
[DEV]   QWK:  0.693, PRS: 0.709, SPR: 0.709, RMSE: 0.630, (Best @ 11: {{0.704}}, 0.716, 0.731, 0.597)
[TEST]  QWK:  0.606, PRS: 0.629, SPR: 0.626, RMSE: 0.686 (Best @ 11: {{0.623}}, 0.643, 0.645, 0.642)
--------------------------------------------------------------------------------------------------------------------------
Epoch 15/50
Training one epoch in 22.285 s
[DEV]   QWK:  0.707, PRS: 0.717, SPR: 0.730, RMSE: 0.600, (Best @ 15: {{0.707}}, 0.717, 0.730, 0.600)
[TEST]  QWK:  0.618, PRS: 0.632, SPR: 0.634, RMSE: 0.660 (Best @ 15: {{0.618}}, 0.632, 0.634, 0.660)
--------------------------------------------------------------------------------------------------------------------------
Epoch 16/50
Training one epoch in 22.318 s
[DEV]   QWK:  0.692, PRS: 0.697, SPR: 0.706, RMSE: 0.616, (Best @ 15: {{0.707}}, 0.717, 0.730, 0.600)
[TEST]  QWK:  0.626, PRS: 0.635, SPR: 0.634, RMSE: 0.647 (Best @ 15: {{0.618}}, 0.632, 0.634, 0.660)
--------------------------------------------------------------------------------------------------------------------------
Epoch 17/50
Training one epoch in 22.301 s
[DEV]   QWK:  0.712, PRS: 0.718, SPR: 0.722, RMSE: 0.604, (Best @ 17: {{0.712}}, 0.718, 0.722, 0.604)
[TEST]  QWK:  0.632, PRS: 0.641, SPR: 0.641, RMSE: 0.660 (Best @ 17: {{0.632}}, 0.641, 0.641, 0.660)
--------------------------------------------------------------------------------------------------------------------------
Epoch 18/50
Training one epoch in 22.279 s
[DEV]   QWK:  0.707, PRS: 0.711, SPR: 0.723, RMSE: 0.607, (Best @ 17: {{0.712}}, 0.718, 0.722, 0.604)
[TEST]  QWK:  0.614, PRS: 0.620, SPR: 0.620, RMSE: 0.669 (Best @ 17: {{0.632}}, 0.641, 0.641, 0.660)
--------------------------------------------------------------------------------------------------------------------------
Epoch 19/50
Training one epoch in 22.314 s
[DEV]   QWK:  0.712, PRS: 0.736, SPR: 0.740, RMSE: 0.637, (Best @ 17: {{0.712}}, 0.718, 0.722, 0.604)
[TEST]  QWK:  0.590, PRS: 0.618, SPR: 0.617, RMSE: 0.727 (Best @ 17: {{0.632}}, 0.641, 0.641, 0.660)
--------------------------------------------------------------------------------------------------------------------------
Epoch 20/50
Training one epoch in 22.357 s
[DEV]   QWK:  0.638, PRS: 0.691, SPR: 0.697, RMSE: 0.714, (Best @ 17: {{0.712}}, 0.718, 0.722, 0.604)
[TEST]  QWK:  0.578, PRS: 0.629, SPR: 0.627, RMSE: 0.719 (Best @ 17: {{0.632}}, 0.641, 0.641, 0.660)
--------------------------------------------------------------------------------------------------------------------------
Epoch 21/50
Training one epoch in 22.272 s
[DEV]   QWK:  0.698, PRS: 0.702, SPR: 0.709, RMSE: 0.614, (Best @ 17: {{0.712}}, 0.718, 0.722, 0.604)
[TEST]  QWK:  0.590, PRS: 0.593, SPR: 0.593, RMSE: 0.699 (Best @ 17: {{0.632}}, 0.641, 0.641, 0.660)
--------------------------------------------------------------------------------------------------------------------------
Epoch 22/50
Training one epoch in 22.320 s
[DEV]   QWK:  0.699, PRS: 0.707, SPR: 0.711, RMSE: 0.623, (Best @ 17: {{0.712}}, 0.718, 0.722, 0.604)
[TEST]  QWK:  0.580, PRS: 0.595, SPR: 0.591, RMSE: 0.703 (Best @ 17: {{0.632}}, 0.641, 0.641, 0.660)
--------------------------------------------------------------------------------------------------------------------------
Epoch 23/50
Training one epoch in 22.285 s
[DEV]   QWK:  0.702, PRS: 0.706, SPR: 0.715, RMSE: 0.611, (Best @ 17: {{0.712}}, 0.718, 0.722, 0.604)
[TEST]  QWK:  0.572, PRS: 0.575, SPR: 0.574, RMSE: 0.723 (Best @ 17: {{0.632}}, 0.641, 0.641, 0.660)
--------------------------------------------------------------------------------------------------------------------------
Epoch 24/50
Training one epoch in 22.329 s
[DEV]   QWK:  0.663, PRS: 0.674, SPR: 0.679, RMSE: 0.672, (Best @ 17: {{0.712}}, 0.718, 0.722, 0.604)
[TEST]  QWK:  0.567, PRS: 0.583, SPR: 0.580, RMSE: 0.723 (Best @ 17: {{0.632}}, 0.641, 0.641, 0.660)
--------------------------------------------------------------------------------------------------------------------------
Epoch 25/50
Training one epoch in 22.292 s
[DEV]   QWK:  0.695, PRS: 0.703, SPR: 0.714, RMSE: 0.609, (Best @ 17: {{0.712}}, 0.718, 0.722, 0.604)
[TEST]  QWK:  0.564, PRS: 0.569, SPR: 0.566, RMSE: 0.707 (Best @ 17: {{0.632}}, 0.641, 0.641, 0.660)
--------------------------------------------------------------------------------------------------------------------------
Epoch 26/50
Training one epoch in 22.255 s
[DEV]   QWK:  0.689, PRS: 0.696, SPR: 0.700, RMSE: 0.635, (Best @ 17: {{0.712}}, 0.718, 0.722, 0.604)
[TEST]  QWK:  0.608, PRS: 0.622, SPR: 0.624, RMSE: 0.686 (Best @ 17: {{0.632}}, 0.641, 0.641, 0.660)
--------------------------------------------------------------------------------------------------------------------------
Epoch 27/50
Training one epoch in 22.302 s
[DEV]   QWK:  0.683, PRS: 0.686, SPR: 0.695, RMSE: 0.635, (Best @ 17: {{0.712}}, 0.718, 0.722, 0.604)
[TEST]  QWK:  0.586, PRS: 0.589, SPR: 0.587, RMSE: 0.699 (Best @ 17: {{0.632}}, 0.641, 0.641, 0.660)
--------------------------------------------------------------------------------------------------------------------------
Epoch 28/50
Training one epoch in 22.276 s
[DEV]   QWK:  0.681, PRS: 0.683, SPR: 0.692, RMSE: 0.639, (Best @ 17: {{0.712}}, 0.718, 0.722, 0.604)
[TEST]  QWK:  0.609, PRS: 0.611, SPR: 0.610, RMSE: 0.686 (Best @ 17: {{0.632}}, 0.641, 0.641, 0.660)
--------------------------------------------------------------------------------------------------------------------------
Epoch 29/50
Training one epoch in 22.265 s
[DEV]   QWK:  0.683, PRS: 0.694, SPR: 0.700, RMSE: 0.623, (Best @ 17: {{0.712}}, 0.718, 0.722, 0.604)
[TEST]  QWK:  0.588, PRS: 0.592, SPR: 0.591, RMSE: 0.711 (Best @ 17: {{0.632}}, 0.641, 0.641, 0.660)
--------------------------------------------------------------------------------------------------------------------------
Epoch 30/50
Training one epoch in 22.302 s
[DEV]   QWK:  0.690, PRS: 0.695, SPR: 0.698, RMSE: 0.623, (Best @ 17: {{0.712}}, 0.718, 0.722, 0.604)
[TEST]  QWK:  0.544, PRS: 0.546, SPR: 0.544, RMSE: 0.747 (Best @ 17: {{0.632}}, 0.641, 0.641, 0.660)
--------------------------------------------------------------------------------------------------------------------------
Epoch 31/50
Training one epoch in 22.283 s
[DEV]   QWK:  0.677, PRS: 0.681, SPR: 0.688, RMSE: 0.639, (Best @ 17: {{0.712}}, 0.718, 0.722, 0.604)
[TEST]  QWK:  0.585, PRS: 0.586, SPR: 0.586, RMSE: 0.723 (Best @ 17: {{0.632}}, 0.641, 0.641, 0.660)
--------------------------------------------------------------------------------------------------------------------------
Epoch 32/50
Training one epoch in 22.254 s
[DEV]   QWK:  0.683, PRS: 0.689, SPR: 0.692, RMSE: 0.632, (Best @ 17: {{0.712}}, 0.718, 0.722, 0.604)
[TEST]  QWK:  0.590, PRS: 0.599, SPR: 0.596, RMSE: 0.699 (Best @ 17: {{0.632}}, 0.641, 0.641, 0.660)
--------------------------------------------------------------------------------------------------------------------------
Epoch 33/50
Training one epoch in 22.231 s
[DEV]   QWK:  0.680, PRS: 0.686, SPR: 0.690, RMSE: 0.635, (Best @ 17: {{0.712}}, 0.718, 0.722, 0.604)
[TEST]  QWK:  0.594, PRS: 0.605, SPR: 0.604, RMSE: 0.695 (Best @ 17: {{0.632}}, 0.641, 0.641, 0.660)
--------------------------------------------------------------------------------------------------------------------------
Epoch 34/50
Training one epoch in 22.213 s
[DEV]   QWK:  0.669, PRS: 0.676, SPR: 0.679, RMSE: 0.653, (Best @ 17: {{0.712}}, 0.718, 0.722, 0.604)
[TEST]  QWK:  0.580, PRS: 0.589, SPR: 0.589, RMSE: 0.715 (Best @ 17: {{0.632}}, 0.641, 0.641, 0.660)
--------------------------------------------------------------------------------------------------------------------------
Epoch 35/50
Training one epoch in 22.417 s
[DEV]   QWK:  0.665, PRS: 0.678, SPR: 0.687, RMSE: 0.628, (Best @ 17: {{0.712}}, 0.718, 0.722, 0.604)
[TEST]  QWK:  0.534, PRS: 0.545, SPR: 0.542, RMSE: 0.731 (Best @ 17: {{0.632}}, 0.641, 0.641, 0.660)
--------------------------------------------------------------------------------------------------------------------------
Epoch 36/50
Training one epoch in 22.374 s
[DEV]   QWK:  0.663, PRS: 0.669, SPR: 0.668, RMSE: 0.644, (Best @ 17: {{0.712}}, 0.718, 0.722, 0.604)
[TEST]  QWK:  0.575, PRS: 0.589, SPR: 0.585, RMSE: 0.690 (Best @ 17: {{0.632}}, 0.641, 0.641, 0.660)
--------------------------------------------------------------------------------------------------------------------------
Epoch 37/50
Training one epoch in 22.400 s
[DEV]   QWK:  0.657, PRS: 0.659, SPR: 0.665, RMSE: 0.668, (Best @ 17: {{0.712}}, 0.718, 0.722, 0.604)
[TEST]  QWK:  0.594, PRS: 0.595, SPR: 0.593, RMSE: 0.711 (Best @ 17: {{0.632}}, 0.641, 0.641, 0.660)
--------------------------------------------------------------------------------------------------------------------------
Epoch 38/50
Training one epoch in 22.312 s
[DEV]   QWK:  0.667, PRS: 0.671, SPR: 0.680, RMSE: 0.644, (Best @ 17: {{0.712}}, 0.718, 0.722, 0.604)
[TEST]  QWK:  0.593, PRS: 0.595, SPR: 0.593, RMSE: 0.703 (Best @ 17: {{0.632}}, 0.641, 0.641, 0.660)
--------------------------------------------------------------------------------------------------------------------------
Epoch 39/50
Training one epoch in 22.434 s
[DEV]   QWK:  0.632, PRS: 0.642, SPR: 0.647, RMSE: 0.657, (Best @ 17: {{0.712}}, 0.718, 0.722, 0.604)
[TEST]  QWK:  0.542, PRS: 0.548, SPR: 0.543, RMSE: 0.719 (Best @ 17: {{0.632}}, 0.641, 0.641, 0.660)
--------------------------------------------------------------------------------------------------------------------------
Epoch 40/50
Training one epoch in 22.307 s
[DEV]   QWK:  0.649, PRS: 0.661, SPR: 0.663, RMSE: 0.677, (Best @ 17: {{0.712}}, 0.718, 0.722, 0.604)
[TEST]  QWK:  0.574, PRS: 0.583, SPR: 0.581, RMSE: 0.711 (Best @ 17: {{0.632}}, 0.641, 0.641, 0.660)
--------------------------------------------------------------------------------------------------------------------------
Epoch 41/50
Training one epoch in 22.420 s
[DEV]   QWK:  0.650, PRS: 0.673, SPR: 0.674, RMSE: 0.670, (Best @ 17: {{0.712}}, 0.718, 0.722, 0.604)
[TEST]  QWK:  0.570, PRS: 0.594, SPR: 0.591, RMSE: 0.715 (Best @ 17: {{0.632}}, 0.641, 0.641, 0.660)
--------------------------------------------------------------------------------------------------------------------------
Epoch 42/50
Training one epoch in 22.370 s
[DEV]   QWK:  0.628, PRS: 0.654, SPR: 0.655, RMSE: 0.698, (Best @ 17: {{0.712}}, 0.718, 0.722, 0.604)
[TEST]  QWK:  0.570, PRS: 0.600, SPR: 0.598, RMSE: 0.715 (Best @ 17: {{0.632}}, 0.641, 0.641, 0.660)
--------------------------------------------------------------------------------------------------------------------------
Epoch 43/50
Training one epoch in 22.410 s
[DEV]   QWK:  0.632, PRS: 0.638, SPR: 0.639, RMSE: 0.670, (Best @ 17: {{0.712}}, 0.718, 0.722, 0.604)
[TEST]  QWK:  0.523, PRS: 0.529, SPR: 0.524, RMSE: 0.735 (Best @ 17: {{0.632}}, 0.641, 0.641, 0.660)
--------------------------------------------------------------------------------------------------------------------------
Epoch 44/50
Training one epoch in 22.311 s
[DEV]   QWK:  0.646, PRS: 0.654, SPR: 0.652, RMSE: 0.659, (Best @ 17: {{0.712}}, 0.718, 0.722, 0.604)
[TEST]  QWK:  0.547, PRS: 0.556, SPR: 0.552, RMSE: 0.715 (Best @ 17: {{0.632}}, 0.641, 0.641, 0.660)
--------------------------------------------------------------------------------------------------------------------------
Epoch 45/50
Training one epoch in 22.453 s
[DEV]   QWK:  0.620, PRS: 0.654, SPR: 0.659, RMSE: 0.726, (Best @ 17: {{0.712}}, 0.718, 0.722, 0.604)
[TEST]  QWK:  0.499, PRS: 0.534, SPR: 0.532, RMSE: 0.800 (Best @ 17: {{0.632}}, 0.641, 0.641, 0.660)
--------------------------------------------------------------------------------------------------------------------------
Epoch 46/50
Training one epoch in 22.373 s
[DEV]   QWK:  0.621, PRS: 0.635, SPR: 0.634, RMSE: 0.685, (Best @ 17: {{0.712}}, 0.718, 0.722, 0.604)
[TEST]  QWK:  0.560, PRS: 0.577, SPR: 0.574, RMSE: 0.707 (Best @ 17: {{0.632}}, 0.641, 0.641, 0.660)
--------------------------------------------------------------------------------------------------------------------------
Epoch 47/50
Training one epoch in 22.394 s
[DEV]   QWK:  0.623, PRS: 0.629, SPR: 0.629, RMSE: 0.681, (Best @ 17: {{0.712}}, 0.718, 0.722, 0.604)
[TEST]  QWK:  0.549, PRS: 0.553, SPR: 0.549, RMSE: 0.723 (Best @ 17: {{0.632}}, 0.641, 0.641, 0.660)
--------------------------------------------------------------------------------------------------------------------------
Epoch 48/50
Training one epoch in 22.398 s
[DEV]   QWK:  0.627, PRS: 0.629, SPR: 0.631, RMSE: 0.687, (Best @ 17: {{0.712}}, 0.718, 0.722, 0.604)
[TEST]  QWK:  0.553, PRS: 0.556, SPR: 0.554, RMSE: 0.739 (Best @ 17: {{0.632}}, 0.641, 0.641, 0.660)
--------------------------------------------------------------------------------------------------------------------------
Epoch 49/50
Training one epoch in 22.455 s
[DEV]   QWK:  0.633, PRS: 0.653, SPR: 0.654, RMSE: 0.702, (Best @ 17: {{0.712}}, 0.718, 0.722, 0.604)
[TEST]  QWK:  0.530, PRS: 0.541, SPR: 0.538, RMSE: 0.766 (Best @ 17: {{0.632}}, 0.641, 0.641, 0.660)
--------------------------------------------------------------------------------------------------------------------------
Epoch 50/50
Training one epoch in 22.327 s
[DEV]   QWK:  0.630, PRS: 0.644, SPR: 0.643, RMSE: 0.668, (Best @ 17: {{0.712}}, 0.718, 0.722, 0.604)
[TEST]  QWK:  0.547, PRS: 0.556, SPR: 0.553, RMSE: 0.723 (Best @ 17: {{0.632}}, 0.641, 0.641, 0.660)
--------------------------------------------------------------------------------------------------------------------------
