X_train shape: (1241, 1150)
Initial evaluation: 
[DEV]   QWK:  -0.037, PRS: -0.195, SPR: -0.185, RMSE: 1.184, (Best @ -1: {{-0.037}}, -0.195, -0.185, 1.184)
[TEST]  QWK:  -0.014, PRS: -0.119, SPR: -0.114, RMSE: 1.112 (Best @ -1: {{-0.014}}, -0.119, -0.114, 1.112)
--------------------------------------------------------------------------------------------------------------------------
Train model
Epoch 1/50
Training one epoch in 26.329 s
[DEV]   QWK:  0.409, PRS: 0.574, SPR: 0.557, RMSE: 0.840, (Best @ 1: {{0.409}}, 0.574, 0.557, 0.840)
[TEST]  QWK:  0.393, PRS: 0.611, SPR: 0.598, RMSE: 0.854 (Best @ 1: {{0.393}}, 0.611, 0.598, 0.854)
--------------------------------------------------------------------------------------------------------------------------
Epoch 2/50
Training one epoch in 23.461 s
[DEV]   QWK:  0.549, PRS: 0.719, SPR: 0.728, RMSE: 0.984, (Best @ 2: {{0.549}}, 0.719, 0.728, 0.984)
[TEST]  QWK:  0.587, PRS: 0.729, SPR: 0.736, RMSE: 0.905 (Best @ 2: {{0.587}}, 0.729, 0.736, 0.905)
--------------------------------------------------------------------------------------------------------------------------
Epoch 3/50
Training one epoch in 23.364 s
[DEV]   QWK:  0.708, PRS: 0.720, SPR: 0.725, RMSE: 0.691, (Best @ 3: {{0.708}}, 0.720, 0.725, 0.691)
[TEST]  QWK:  0.756, PRS: 0.768, SPR: 0.764, RMSE: 0.642 (Best @ 3: {{0.756}}, 0.768, 0.764, 0.642)
--------------------------------------------------------------------------------------------------------------------------
Epoch 4/50
Training one epoch in 23.430 s
[DEV]   QWK:  0.646, PRS: 0.766, SPR: 0.775, RMSE: 0.854, (Best @ 3: {{0.708}}, 0.720, 0.725, 0.691)
[TEST]  QWK:  0.694, PRS: 0.789, SPR: 0.798, RMSE: 0.752 (Best @ 3: {{0.756}}, 0.768, 0.764, 0.642)
--------------------------------------------------------------------------------------------------------------------------
Epoch 5/50
Training one epoch in 23.388 s
[DEV]   QWK:  0.749, PRS: 0.771, SPR: 0.775, RMSE: 0.670, (Best @ 5: {{0.749}}, 0.771, 0.775, 0.670)
[TEST]  QWK:  0.736, PRS: 0.796, SPR: 0.797, RMSE: 0.697 (Best @ 5: {{0.736}}, 0.796, 0.797, 0.697)
--------------------------------------------------------------------------------------------------------------------------
Epoch 6/50
Training one epoch in 23.272 s
[DEV]   QWK:  0.693, PRS: 0.816, SPR: 0.822, RMSE: 0.768, (Best @ 5: {{0.749}}, 0.771, 0.775, 0.670)
[TEST]  QWK:  0.708, PRS: 0.808, SPR: 0.819, RMSE: 0.721 (Best @ 5: {{0.736}}, 0.796, 0.797, 0.697)
--------------------------------------------------------------------------------------------------------------------------
Epoch 7/50
Training one epoch in 23.379 s
[DEV]   QWK:  0.777, PRS: 0.792, SPR: 0.797, RMSE: 0.613, (Best @ 7: {{0.777}}, 0.792, 0.797, 0.613)
[TEST]  QWK:  0.820, PRS: 0.821, SPR: 0.821, RMSE: 0.567 (Best @ 7: {{0.820}}, 0.821, 0.821, 0.567)
--------------------------------------------------------------------------------------------------------------------------
Epoch 8/50
Training one epoch in 23.462 s
[DEV]   QWK:  0.783, PRS: 0.792, SPR: 0.803, RMSE: 0.606, (Best @ 8: {{0.783}}, 0.792, 0.803, 0.606)
[TEST]  QWK:  0.784, PRS: 0.800, SPR: 0.805, RMSE: 0.606 (Best @ 8: {{0.784}}, 0.800, 0.805, 0.606)
--------------------------------------------------------------------------------------------------------------------------
Epoch 9/50
Training one epoch in 23.306 s
[DEV]   QWK:  0.817, PRS: 0.824, SPR: 0.830, RMSE: 0.577, (Best @ 9: {{0.817}}, 0.824, 0.830, 0.577)
[TEST]  QWK:  0.820, PRS: 0.821, SPR: 0.821, RMSE: 0.577 (Best @ 9: {{0.820}}, 0.821, 0.821, 0.577)
--------------------------------------------------------------------------------------------------------------------------
Epoch 10/50
Training one epoch in 23.335 s
[DEV]   QWK:  0.759, PRS: 0.807, SPR: 0.815, RMSE: 0.631, (Best @ 9: {{0.817}}, 0.824, 0.830, 0.577)
[TEST]  QWK:  0.789, PRS: 0.810, SPR: 0.813, RMSE: 0.592 (Best @ 9: {{0.820}}, 0.821, 0.821, 0.577)
--------------------------------------------------------------------------------------------------------------------------
Epoch 11/50
Training one epoch in 23.438 s
[DEV]   QWK:  0.769, PRS: 0.811, SPR: 0.821, RMSE: 0.622, (Best @ 9: {{0.817}}, 0.824, 0.830, 0.577)
[TEST]  QWK:  0.786, PRS: 0.805, SPR: 0.809, RMSE: 0.597 (Best @ 9: {{0.820}}, 0.821, 0.821, 0.577)
--------------------------------------------------------------------------------------------------------------------------
Epoch 12/50
Training one epoch in 23.386 s
[DEV]   QWK:  0.824, PRS: 0.825, SPR: 0.830, RMSE: 0.575, (Best @ 12: {{0.824}}, 0.825, 0.830, 0.575)
[TEST]  QWK:  0.834, PRS: 0.835, SPR: 0.832, RMSE: 0.557 (Best @ 12: {{0.834}}, 0.835, 0.832, 0.557)
--------------------------------------------------------------------------------------------------------------------------
Epoch 13/50
Training one epoch in 23.394 s
[DEV]   QWK:  0.822, PRS: 0.828, SPR: 0.837, RMSE: 0.565, (Best @ 12: {{0.824}}, 0.825, 0.830, 0.575)
[TEST]  QWK:  0.831, PRS: 0.832, SPR: 0.832, RMSE: 0.552 (Best @ 12: {{0.834}}, 0.835, 0.832, 0.557)
--------------------------------------------------------------------------------------------------------------------------
Epoch 14/50
Training one epoch in 23.306 s
[DEV]   QWK:  0.651, PRS: 0.766, SPR: 0.777, RMSE: 0.854, (Best @ 12: {{0.824}}, 0.825, 0.830, 0.575)
[TEST]  QWK:  0.637, PRS: 0.786, SPR: 0.786, RMSE: 0.870 (Best @ 12: {{0.834}}, 0.835, 0.832, 0.557)
--------------------------------------------------------------------------------------------------------------------------
Epoch 15/50
Training one epoch in 23.358 s
[DEV]   QWK:  0.819, PRS: 0.821, SPR: 0.824, RMSE: 0.589, (Best @ 12: {{0.824}}, 0.825, 0.830, 0.575)
[TEST]  QWK:  0.828, PRS: 0.837, SPR: 0.836, RMSE: 0.577 (Best @ 12: {{0.834}}, 0.835, 0.832, 0.557)
--------------------------------------------------------------------------------------------------------------------------
Epoch 16/50
Training one epoch in 23.391 s
[DEV]   QWK:  0.837, PRS: 0.840, SPR: 0.841, RMSE: 0.582, (Best @ 16: {{0.837}}, 0.840, 0.841, 0.582)
[TEST]  QWK:  0.844, PRS: 0.856, SPR: 0.855, RMSE: 0.562 (Best @ 16: {{0.844}}, 0.856, 0.855, 0.562)
--------------------------------------------------------------------------------------------------------------------------
Epoch 17/50
Training one epoch in 23.342 s
[DEV]   QWK:  0.829, PRS: 0.833, SPR: 0.838, RMSE: 0.560, (Best @ 16: {{0.837}}, 0.840, 0.841, 0.582)
[TEST]  QWK:  0.835, PRS: 0.845, SPR: 0.848, RMSE: 0.552 (Best @ 16: {{0.844}}, 0.856, 0.855, 0.562)
--------------------------------------------------------------------------------------------------------------------------
Epoch 18/50
Training one epoch in 23.440 s
[DEV]   QWK:  0.826, PRS: 0.827, SPR: 0.830, RMSE: 0.577, (Best @ 16: {{0.837}}, 0.840, 0.841, 0.582)
[TEST]  QWK:  0.839, PRS: 0.846, SPR: 0.842, RMSE: 0.557 (Best @ 16: {{0.844}}, 0.856, 0.855, 0.562)
--------------------------------------------------------------------------------------------------------------------------
Epoch 19/50
Training one epoch in 23.314 s
[DEV]   QWK:  0.805, PRS: 0.824, SPR: 0.831, RMSE: 0.587, (Best @ 16: {{0.837}}, 0.840, 0.841, 0.582)
[TEST]  QWK:  0.795, PRS: 0.822, SPR: 0.828, RMSE: 0.606 (Best @ 16: {{0.844}}, 0.856, 0.855, 0.562)
--------------------------------------------------------------------------------------------------------------------------
Epoch 20/50
Training one epoch in 23.404 s
[DEV]   QWK:  0.802, PRS: 0.822, SPR: 0.824, RMSE: 0.624, (Best @ 16: {{0.837}}, 0.840, 0.841, 0.582)
[TEST]  QWK:  0.811, PRS: 0.845, SPR: 0.841, RMSE: 0.611 (Best @ 16: {{0.844}}, 0.856, 0.855, 0.562)
--------------------------------------------------------------------------------------------------------------------------
Epoch 21/50
Training one epoch in 23.343 s
[DEV]   QWK:  0.819, PRS: 0.839, SPR: 0.845, RMSE: 0.604, (Best @ 16: {{0.837}}, 0.840, 0.841, 0.582)
[TEST]  QWK:  0.819, PRS: 0.829, SPR: 0.842, RMSE: 0.597 (Best @ 16: {{0.844}}, 0.856, 0.855, 0.562)
--------------------------------------------------------------------------------------------------------------------------
Epoch 22/50
Training one epoch in 23.277 s
[DEV]   QWK:  0.812, PRS: 0.837, SPR: 0.843, RMSE: 0.592, (Best @ 16: {{0.837}}, 0.840, 0.841, 0.582)
[TEST]  QWK:  0.836, PRS: 0.842, SPR: 0.843, RMSE: 0.547 (Best @ 16: {{0.844}}, 0.856, 0.855, 0.562)
--------------------------------------------------------------------------------------------------------------------------
Epoch 23/50
Training one epoch in 23.430 s
[DEV]   QWK:  0.808, PRS: 0.812, SPR: 0.819, RMSE: 0.580, (Best @ 16: {{0.837}}, 0.840, 0.841, 0.582)
[TEST]  QWK:  0.821, PRS: 0.828, SPR: 0.829, RMSE: 0.562 (Best @ 16: {{0.844}}, 0.856, 0.855, 0.562)
--------------------------------------------------------------------------------------------------------------------------
Epoch 24/50
Training one epoch in 23.429 s
[DEV]   QWK:  0.828, PRS: 0.828, SPR: 0.832, RMSE: 0.580, (Best @ 16: {{0.837}}, 0.840, 0.841, 0.582)
[TEST]  QWK:  0.827, PRS: 0.834, SPR: 0.831, RMSE: 0.577 (Best @ 16: {{0.844}}, 0.856, 0.855, 0.562)
--------------------------------------------------------------------------------------------------------------------------
Epoch 25/50
Training one epoch in 23.451 s
[DEV]   QWK:  0.786, PRS: 0.820, SPR: 0.826, RMSE: 0.655, (Best @ 16: {{0.837}}, 0.840, 0.841, 0.582)
[TEST]  QWK:  0.795, PRS: 0.845, SPR: 0.841, RMSE: 0.642 (Best @ 16: {{0.844}}, 0.856, 0.855, 0.562)
--------------------------------------------------------------------------------------------------------------------------
Epoch 26/50
Training one epoch in 23.317 s
[DEV]   QWK:  0.756, PRS: 0.822, SPR: 0.833, RMSE: 0.723, (Best @ 16: {{0.837}}, 0.840, 0.841, 0.582)
[TEST]  QWK:  0.749, PRS: 0.802, SPR: 0.820, RMSE: 0.736 (Best @ 16: {{0.844}}, 0.856, 0.855, 0.562)
--------------------------------------------------------------------------------------------------------------------------
Epoch 27/50
Training one epoch in 23.359 s
[DEV]   QWK:  0.827, PRS: 0.830, SPR: 0.837, RMSE: 0.555, (Best @ 16: {{0.837}}, 0.840, 0.841, 0.582)
[TEST]  QWK:  0.822, PRS: 0.829, SPR: 0.832, RMSE: 0.562 (Best @ 16: {{0.844}}, 0.856, 0.855, 0.562)
--------------------------------------------------------------------------------------------------------------------------
Epoch 28/50
Training one epoch in 23.254 s
[DEV]   QWK:  0.840, PRS: 0.841, SPR: 0.847, RMSE: 0.542, (Best @ 28: {{0.840}}, 0.841, 0.847, 0.542)
[TEST]  QWK:  0.833, PRS: 0.837, SPR: 0.838, RMSE: 0.552 (Best @ 28: {{0.833}}, 0.837, 0.838, 0.552)
--------------------------------------------------------------------------------------------------------------------------
Epoch 29/50
Training one epoch in 23.397 s
[DEV]   QWK:  0.823, PRS: 0.824, SPR: 0.828, RMSE: 0.585, (Best @ 28: {{0.840}}, 0.841, 0.847, 0.542)
[TEST]  QWK:  0.844, PRS: 0.852, SPR: 0.849, RMSE: 0.552 (Best @ 28: {{0.833}}, 0.837, 0.838, 0.552)
--------------------------------------------------------------------------------------------------------------------------
Epoch 30/50
Training one epoch in 23.454 s
[DEV]   QWK:  0.817, PRS: 0.823, SPR: 0.830, RMSE: 0.567, (Best @ 28: {{0.840}}, 0.841, 0.847, 0.542)
[TEST]  QWK:  0.844, PRS: 0.847, SPR: 0.849, RMSE: 0.521 (Best @ 28: {{0.833}}, 0.837, 0.838, 0.552)
--------------------------------------------------------------------------------------------------------------------------
Epoch 31/50
Training one epoch in 23.420 s
[DEV]   QWK:  0.822, PRS: 0.827, SPR: 0.833, RMSE: 0.555, (Best @ 28: {{0.840}}, 0.841, 0.847, 0.542)
[TEST]  QWK:  0.830, PRS: 0.835, SPR: 0.838, RMSE: 0.547 (Best @ 28: {{0.833}}, 0.837, 0.838, 0.552)
--------------------------------------------------------------------------------------------------------------------------
Epoch 32/50
Training one epoch in 23.361 s
[DEV]   QWK:  0.831, PRS: 0.846, SPR: 0.854, RMSE: 0.589, (Best @ 28: {{0.840}}, 0.841, 0.847, 0.542)
[TEST]  QWK:  0.824, PRS: 0.828, SPR: 0.833, RMSE: 0.592 (Best @ 28: {{0.833}}, 0.837, 0.838, 0.552)
--------------------------------------------------------------------------------------------------------------------------
Epoch 33/50
Training one epoch in 23.398 s
[DEV]   QWK:  0.739, PRS: 0.781, SPR: 0.792, RMSE: 0.638, (Best @ 28: {{0.840}}, 0.841, 0.847, 0.542)
[TEST]  QWK:  0.737, PRS: 0.782, SPR: 0.786, RMSE: 0.651 (Best @ 28: {{0.833}}, 0.837, 0.838, 0.552)
--------------------------------------------------------------------------------------------------------------------------
Epoch 34/50
Training one epoch in 23.360 s
[DEV]   QWK:  0.808, PRS: 0.816, SPR: 0.819, RMSE: 0.572, (Best @ 28: {{0.840}}, 0.841, 0.847, 0.542)
[TEST]  QWK:  0.831, PRS: 0.838, SPR: 0.838, RMSE: 0.542 (Best @ 28: {{0.833}}, 0.837, 0.838, 0.552)
--------------------------------------------------------------------------------------------------------------------------
Epoch 35/50
Training one epoch in 23.562 s
[DEV]   QWK:  0.766, PRS: 0.804, SPR: 0.812, RMSE: 0.640, (Best @ 28: {{0.840}}, 0.841, 0.847, 0.542)
[TEST]  QWK:  0.727, PRS: 0.788, SPR: 0.786, RMSE: 0.705 (Best @ 28: {{0.833}}, 0.837, 0.838, 0.552)
--------------------------------------------------------------------------------------------------------------------------
Epoch 36/50
Training one epoch in 23.482 s
[DEV]   QWK:  0.773, PRS: 0.797, SPR: 0.808, RMSE: 0.604, (Best @ 28: {{0.840}}, 0.841, 0.847, 0.542)
[TEST]  QWK:  0.782, PRS: 0.806, SPR: 0.810, RMSE: 0.606 (Best @ 28: {{0.833}}, 0.837, 0.838, 0.552)
--------------------------------------------------------------------------------------------------------------------------
Epoch 37/50
Training one epoch in 23.415 s
[DEV]   QWK:  0.846, PRS: 0.850, SPR: 0.852, RMSE: 0.542, (Best @ 37: {{0.846}}, 0.850, 0.852, 0.542)
[TEST]  QWK:  0.840, PRS: 0.840, SPR: 0.838, RMSE: 0.547 (Best @ 37: {{0.840}}, 0.840, 0.838, 0.547)
--------------------------------------------------------------------------------------------------------------------------
Epoch 38/50
Training one epoch in 23.524 s
[DEV]   QWK:  0.827, PRS: 0.830, SPR: 0.831, RMSE: 0.592, (Best @ 37: {{0.846}}, 0.850, 0.852, 0.542)
[TEST]  QWK:  0.817, PRS: 0.831, SPR: 0.831, RMSE: 0.601 (Best @ 37: {{0.840}}, 0.840, 0.838, 0.547)
--------------------------------------------------------------------------------------------------------------------------
Epoch 39/50
Training one epoch in 23.483 s
[DEV]   QWK:  0.825, PRS: 0.835, SPR: 0.837, RMSE: 0.580, (Best @ 37: {{0.846}}, 0.850, 0.852, 0.542)
[TEST]  QWK:  0.842, PRS: 0.843, SPR: 0.846, RMSE: 0.547 (Best @ 37: {{0.840}}, 0.840, 0.838, 0.547)
--------------------------------------------------------------------------------------------------------------------------
Epoch 40/50
Training one epoch in 23.488 s
[DEV]   QWK:  0.827, PRS: 0.844, SPR: 0.849, RMSE: 0.572, (Best @ 37: {{0.846}}, 0.850, 0.852, 0.542)
[TEST]  QWK:  0.819, PRS: 0.824, SPR: 0.829, RMSE: 0.572 (Best @ 37: {{0.840}}, 0.840, 0.838, 0.547)
--------------------------------------------------------------------------------------------------------------------------
Epoch 41/50
Training one epoch in 23.325 s
[DEV]   QWK:  0.824, PRS: 0.835, SPR: 0.837, RMSE: 0.582, (Best @ 37: {{0.846}}, 0.850, 0.852, 0.542)
[TEST]  QWK:  0.807, PRS: 0.810, SPR: 0.813, RMSE: 0.597 (Best @ 37: {{0.840}}, 0.840, 0.838, 0.547)
--------------------------------------------------------------------------------------------------------------------------
Epoch 42/50
Training one epoch in 23.428 s
[DEV]   QWK:  0.839, PRS: 0.849, SPR: 0.856, RMSE: 0.582, (Best @ 37: {{0.846}}, 0.850, 0.852, 0.542)
[TEST]  QWK:  0.820, PRS: 0.822, SPR: 0.823, RMSE: 0.601 (Best @ 37: {{0.840}}, 0.840, 0.838, 0.547)
--------------------------------------------------------------------------------------------------------------------------
Epoch 43/50
Training one epoch in 23.477 s
[DEV]   QWK:  0.831, PRS: 0.833, SPR: 0.836, RMSE: 0.562, (Best @ 37: {{0.846}}, 0.850, 0.852, 0.542)
[TEST]  QWK:  0.831, PRS: 0.834, SPR: 0.831, RMSE: 0.557 (Best @ 37: {{0.840}}, 0.840, 0.838, 0.547)
--------------------------------------------------------------------------------------------------------------------------
Epoch 44/50
Training one epoch in 23.485 s
[DEV]   QWK:  0.817, PRS: 0.820, SPR: 0.825, RMSE: 0.572, (Best @ 37: {{0.846}}, 0.850, 0.852, 0.542)
[TEST]  QWK:  0.814, PRS: 0.819, SPR: 0.818, RMSE: 0.572 (Best @ 37: {{0.840}}, 0.840, 0.838, 0.547)
--------------------------------------------------------------------------------------------------------------------------
Epoch 45/50
Training one epoch in 23.499 s
[DEV]   QWK:  0.826, PRS: 0.828, SPR: 0.831, RMSE: 0.562, (Best @ 37: {{0.846}}, 0.850, 0.852, 0.542)
[TEST]  QWK:  0.852, PRS: 0.855, SPR: 0.852, RMSE: 0.515 (Best @ 37: {{0.840}}, 0.840, 0.838, 0.547)
--------------------------------------------------------------------------------------------------------------------------
Epoch 46/50
Training one epoch in 23.560 s
[DEV]   QWK:  0.835, PRS: 0.837, SPR: 0.839, RMSE: 0.555, (Best @ 37: {{0.846}}, 0.850, 0.852, 0.542)
[TEST]  QWK:  0.816, PRS: 0.817, SPR: 0.813, RMSE: 0.587 (Best @ 37: {{0.840}}, 0.840, 0.838, 0.547)
--------------------------------------------------------------------------------------------------------------------------
Epoch 47/50
Training one epoch in 23.498 s
[DEV]   QWK:  0.770, PRS: 0.800, SPR: 0.806, RMSE: 0.644, (Best @ 37: {{0.846}}, 0.850, 0.852, 0.542)
[TEST]  QWK:  0.791, PRS: 0.829, SPR: 0.829, RMSE: 0.620 (Best @ 37: {{0.840}}, 0.840, 0.838, 0.547)
--------------------------------------------------------------------------------------------------------------------------
Epoch 48/50
Training one epoch in 23.497 s
[DEV]   QWK:  0.795, PRS: 0.828, SPR: 0.835, RMSE: 0.653, (Best @ 37: {{0.846}}, 0.850, 0.852, 0.542)
[TEST]  QWK:  0.799, PRS: 0.817, SPR: 0.821, RMSE: 0.638 (Best @ 37: {{0.840}}, 0.840, 0.838, 0.547)
--------------------------------------------------------------------------------------------------------------------------
Epoch 49/50
Training one epoch in 23.513 s
[DEV]   QWK:  0.825, PRS: 0.835, SPR: 0.838, RMSE: 0.575, (Best @ 37: {{0.846}}, 0.850, 0.852, 0.542)
[TEST]  QWK:  0.855, PRS: 0.855, SPR: 0.857, RMSE: 0.521 (Best @ 37: {{0.840}}, 0.840, 0.838, 0.547)
--------------------------------------------------------------------------------------------------------------------------
Epoch 50/50
Training one epoch in 23.431 s
[DEV]   QWK:  0.811, PRS: 0.813, SPR: 0.818, RMSE: 0.587, (Best @ 37: {{0.846}}, 0.850, 0.852, 0.542)
[TEST]  QWK:  0.838, PRS: 0.842, SPR: 0.849, RMSE: 0.537 (Best @ 37: {{0.840}}, 0.840, 0.838, 0.547)
--------------------------------------------------------------------------------------------------------------------------
