X_train shape: (1249, 3550)
Initial evaluation: 
[DEV]   QWK:  0.000, PRS: 0.000, SPR: 0.000, RMSE: 2.127, (Best @ -1: {{0.000}}, 0.000, 0.000, 2.127)
[TEST]  QWK:  0.000, PRS: 0.000, SPR: 0.000, RMSE: 2.152 (Best @ -1: {{0.000}}, 0.000, 0.000, 2.152)
--------------------------------------------------------------------------------------------------------------------------
Train model
Epoch 1/50
Training one epoch in 42.445 s
[DEV]   QWK:  0.695, PRS: 0.758, SPR: 0.726, RMSE: 1.000, (Best @ 1: {{0.695}}, 0.758, 0.726, 1.000)
[TEST]  QWK:  0.750, PRS: 0.796, SPR: 0.757, RMSE: 0.884 (Best @ 1: {{0.750}}, 0.796, 0.757, 0.884)
--------------------------------------------------------------------------------------------------------------------------
Epoch 2/50
Training one epoch in 38.880 s
[DEV]   QWK:  0.730, PRS: 0.790, SPR: 0.758, RMSE: 0.963, (Best @ 2: {{0.730}}, 0.790, 0.758, 0.963)
[TEST]  QWK:  0.759, PRS: 0.804, SPR: 0.765, RMSE: 0.887 (Best @ 2: {{0.759}}, 0.804, 0.765, 0.887)
--------------------------------------------------------------------------------------------------------------------------
Epoch 3/50
Training one epoch in 39.162 s
[DEV]   QWK:  0.747, PRS: 0.779, SPR: 0.749, RMSE: 1.000, (Best @ 3: {{0.747}}, 0.779, 0.749, 1.000)
[TEST]  QWK:  0.770, PRS: 0.818, SPR: 0.772, RMSE: 0.924 (Best @ 3: {{0.770}}, 0.818, 0.772, 0.924)
--------------------------------------------------------------------------------------------------------------------------
Epoch 4/50
Training one epoch in 39.383 s
[DEV]   QWK:  0.750, PRS: 0.788, SPR: 0.759, RMSE: 0.935, (Best @ 4: {{0.750}}, 0.788, 0.759, 0.935)
[TEST]  QWK:  0.787, PRS: 0.810, SPR: 0.785, RMSE: 0.848 (Best @ 4: {{0.787}}, 0.810, 0.785, 0.848)
--------------------------------------------------------------------------------------------------------------------------
Epoch 5/50
Training one epoch in 39.418 s
[DEV]   QWK:  0.771, PRS: 0.803, SPR: 0.780, RMSE: 0.950, (Best @ 5: {{0.771}}, 0.803, 0.780, 0.950)
[TEST]  QWK:  0.791, PRS: 0.823, SPR: 0.791, RMSE: 0.868 (Best @ 5: {{0.791}}, 0.823, 0.791, 0.868)
--------------------------------------------------------------------------------------------------------------------------
Epoch 6/50
Training one epoch in 39.353 s
[DEV]   QWK:  0.758, PRS: 0.806, SPR: 0.781, RMSE: 0.987, (Best @ 5: {{0.771}}, 0.803, 0.780, 0.950)
[TEST]  QWK:  0.783, PRS: 0.845, SPR: 0.803, RMSE: 0.903 (Best @ 5: {{0.791}}, 0.823, 0.791, 0.868)
--------------------------------------------------------------------------------------------------------------------------
Epoch 7/50
Training one epoch in 39.321 s
[DEV]   QWK:  0.736, PRS: 0.807, SPR: 0.778, RMSE: 1.069, (Best @ 5: {{0.771}}, 0.803, 0.780, 0.950)
[TEST]  QWK:  0.757, PRS: 0.841, SPR: 0.793, RMSE: 0.986 (Best @ 5: {{0.791}}, 0.823, 0.791, 0.868)
--------------------------------------------------------------------------------------------------------------------------
Epoch 8/50
Training one epoch in 39.132 s
[DEV]   QWK:  0.784, PRS: 0.811, SPR: 0.792, RMSE: 0.921, (Best @ 8: {{0.784}}, 0.811, 0.792, 0.921)
[TEST]  QWK:  0.789, PRS: 0.812, SPR: 0.775, RMSE: 0.871 (Best @ 8: {{0.789}}, 0.812, 0.775, 0.871)
--------------------------------------------------------------------------------------------------------------------------
Epoch 9/50
Training one epoch in 39.483 s
[DEV]   QWK:  0.787, PRS: 0.817, SPR: 0.796, RMSE: 0.933, (Best @ 9: {{0.787}}, 0.817, 0.796, 0.933)
[TEST]  QWK:  0.790, PRS: 0.810, SPR: 0.770, RMSE: 0.890 (Best @ 9: {{0.790}}, 0.810, 0.770, 0.890)
--------------------------------------------------------------------------------------------------------------------------
Epoch 10/50
Training one epoch in 39.343 s
[DEV]   QWK:  0.740, PRS: 0.813, SPR: 0.783, RMSE: 1.053, (Best @ 9: {{0.787}}, 0.817, 0.796, 0.933)
[TEST]  QWK:  0.765, PRS: 0.842, SPR: 0.803, RMSE: 0.960 (Best @ 9: {{0.790}}, 0.810, 0.770, 0.890)
--------------------------------------------------------------------------------------------------------------------------
Epoch 11/50
Training one epoch in 39.445 s
[DEV]   QWK:  0.767, PRS: 0.820, SPR: 0.796, RMSE: 0.996, (Best @ 9: {{0.787}}, 0.817, 0.796, 0.933)
[TEST]  QWK:  0.783, PRS: 0.845, SPR: 0.819, RMSE: 0.930 (Best @ 9: {{0.790}}, 0.810, 0.770, 0.890)
--------------------------------------------------------------------------------------------------------------------------
Epoch 12/50
Training one epoch in 39.414 s
[DEV]   QWK:  0.793, PRS: 0.821, SPR: 0.793, RMSE: 0.869, (Best @ 12: {{0.793}}, 0.821, 0.793, 0.869)
[TEST]  QWK:  0.783, PRS: 0.809, SPR: 0.767, RMSE: 0.855 (Best @ 12: {{0.783}}, 0.809, 0.767, 0.855)
--------------------------------------------------------------------------------------------------------------------------
Epoch 13/50
Training one epoch in 39.384 s
[DEV]   QWK:  0.798, PRS: 0.832, SPR: 0.811, RMSE: 0.887, (Best @ 13: {{0.798}}, 0.832, 0.811, 0.887)
[TEST]  QWK:  0.797, PRS: 0.829, SPR: 0.794, RMSE: 0.855 (Best @ 13: {{0.797}}, 0.829, 0.794, 0.855)
--------------------------------------------------------------------------------------------------------------------------
Epoch 14/50
Training one epoch in 39.345 s
[DEV]   QWK:  0.792, PRS: 0.826, SPR: 0.799, RMSE: 0.950, (Best @ 13: {{0.798}}, 0.832, 0.811, 0.887)
[TEST]  QWK:  0.789, PRS: 0.830, SPR: 0.799, RMSE: 0.915 (Best @ 13: {{0.797}}, 0.829, 0.794, 0.855)
--------------------------------------------------------------------------------------------------------------------------
Epoch 15/50
Training one epoch in 39.232 s
[DEV]   QWK:  0.827, PRS: 0.831, SPR: 0.806, RMSE: 0.860, (Best @ 15: {{0.827}}, 0.831, 0.806, 0.860)
[TEST]  QWK:  0.828, PRS: 0.833, SPR: 0.795, RMSE: 0.818 (Best @ 15: {{0.828}}, 0.833, 0.795, 0.818)
--------------------------------------------------------------------------------------------------------------------------
Epoch 16/50
Training one epoch in 39.621 s
[DEV]   QWK:  0.749, PRS: 0.822, SPR: 0.785, RMSE: 1.025, (Best @ 15: {{0.827}}, 0.831, 0.806, 0.860)
[TEST]  QWK:  0.763, PRS: 0.838, SPR: 0.795, RMSE: 0.954 (Best @ 15: {{0.828}}, 0.833, 0.795, 0.818)
--------------------------------------------------------------------------------------------------------------------------
Epoch 17/50
Training one epoch in 39.453 s
[DEV]   QWK:  0.792, PRS: 0.821, SPR: 0.784, RMSE: 0.950, (Best @ 15: {{0.827}}, 0.831, 0.806, 0.860)
[TEST]  QWK:  0.803, PRS: 0.829, SPR: 0.796, RMSE: 0.890 (Best @ 15: {{0.828}}, 0.833, 0.795, 0.818)
--------------------------------------------------------------------------------------------------------------------------
Epoch 18/50
Training one epoch in 39.340 s
[DEV]   QWK:  0.781, PRS: 0.830, SPR: 0.792, RMSE: 1.000, (Best @ 15: {{0.827}}, 0.831, 0.806, 0.860)
[TEST]  QWK:  0.767, PRS: 0.820, SPR: 0.775, RMSE: 0.994 (Best @ 15: {{0.828}}, 0.833, 0.795, 0.818)
--------------------------------------------------------------------------------------------------------------------------
Epoch 19/50
Training one epoch in 39.504 s
[DEV]   QWK:  0.810, PRS: 0.828, SPR: 0.796, RMSE: 0.893, (Best @ 15: {{0.827}}, 0.831, 0.806, 0.860)
[TEST]  QWK:  0.800, PRS: 0.815, SPR: 0.774, RMSE: 0.887 (Best @ 15: {{0.828}}, 0.833, 0.795, 0.818)
--------------------------------------------------------------------------------------------------------------------------
Epoch 20/50
Training one epoch in 39.422 s
[DEV]   QWK:  0.826, PRS: 0.842, SPR: 0.810, RMSE: 0.816, (Best @ 15: {{0.827}}, 0.831, 0.806, 0.860)
[TEST]  QWK:  0.816, PRS: 0.823, SPR: 0.786, RMSE: 0.824 (Best @ 15: {{0.828}}, 0.833, 0.795, 0.818)
--------------------------------------------------------------------------------------------------------------------------
Epoch 21/50
Training one epoch in 39.347 s
[DEV]   QWK:  0.829, PRS: 0.833, SPR: 0.802, RMSE: 0.861, (Best @ 21: {{0.829}}, 0.833, 0.802, 0.861)
[TEST]  QWK:  0.829, PRS: 0.832, SPR: 0.792, RMSE: 0.828 (Best @ 21: {{0.829}}, 0.832, 0.792, 0.828)
--------------------------------------------------------------------------------------------------------------------------
Epoch 22/50
Training one epoch in 39.212 s
[DEV]   QWK:  0.789, PRS: 0.822, SPR: 0.790, RMSE: 0.881, (Best @ 21: {{0.829}}, 0.833, 0.802, 0.861)
[TEST]  QWK:  0.799, PRS: 0.824, SPR: 0.785, RMSE: 0.838 (Best @ 21: {{0.829}}, 0.832, 0.792, 0.828)
--------------------------------------------------------------------------------------------------------------------------
Epoch 23/50
Training one epoch in 39.286 s
[DEV]   QWK:  0.837, PRS: 0.839, SPR: 0.808, RMSE: 0.840, (Best @ 23: {{0.837}}, 0.839, 0.808, 0.840)
[TEST]  QWK:  0.821, PRS: 0.822, SPR: 0.782, RMSE: 0.855 (Best @ 23: {{0.821}}, 0.822, 0.782, 0.855)
--------------------------------------------------------------------------------------------------------------------------
Epoch 24/50
Training one epoch in 39.268 s
[DEV]   QWK:  0.821, PRS: 0.832, SPR: 0.797, RMSE: 0.840, (Best @ 23: {{0.837}}, 0.839, 0.808, 0.840)
[TEST]  QWK:  0.824, PRS: 0.831, SPR: 0.785, RMSE: 0.807 (Best @ 23: {{0.821}}, 0.822, 0.782, 0.855)
--------------------------------------------------------------------------------------------------------------------------
Epoch 25/50
Training one epoch in 39.265 s
[DEV]   QWK:  0.812, PRS: 0.827, SPR: 0.798, RMSE: 0.850, (Best @ 23: {{0.837}}, 0.839, 0.808, 0.840)
[TEST]  QWK:  0.808, PRS: 0.817, SPR: 0.778, RMSE: 0.835 (Best @ 23: {{0.821}}, 0.822, 0.782, 0.855)
--------------------------------------------------------------------------------------------------------------------------
Epoch 26/50
Training one epoch in 39.465 s
[DEV]   QWK:  0.735, PRS: 0.821, SPR: 0.777, RMSE: 1.064, (Best @ 23: {{0.837}}, 0.839, 0.808, 0.840)
[TEST]  QWK:  0.744, PRS: 0.840, SPR: 0.791, RMSE: 1.011 (Best @ 23: {{0.821}}, 0.822, 0.782, 0.855)
--------------------------------------------------------------------------------------------------------------------------
Epoch 27/50
Training one epoch in 39.143 s
[DEV]   QWK:  0.800, PRS: 0.819, SPR: 0.782, RMSE: 0.869, (Best @ 23: {{0.837}}, 0.839, 0.808, 0.840)
[TEST]  QWK:  0.794, PRS: 0.810, SPR: 0.768, RMSE: 0.851 (Best @ 23: {{0.821}}, 0.822, 0.782, 0.855)
--------------------------------------------------------------------------------------------------------------------------
Epoch 28/50
Training one epoch in 39.266 s
[DEV]   QWK:  0.772, PRS: 0.821, SPR: 0.782, RMSE: 0.960, (Best @ 23: {{0.837}}, 0.839, 0.808, 0.840)
[TEST]  QWK:  0.762, PRS: 0.816, SPR: 0.762, RMSE: 0.942 (Best @ 23: {{0.821}}, 0.822, 0.782, 0.855)
--------------------------------------------------------------------------------------------------------------------------
Epoch 29/50
Training one epoch in 39.535 s
[DEV]   QWK:  0.802, PRS: 0.817, SPR: 0.778, RMSE: 0.872, (Best @ 23: {{0.837}}, 0.839, 0.808, 0.840)
[TEST]  QWK:  0.825, PRS: 0.832, SPR: 0.790, RMSE: 0.804 (Best @ 23: {{0.821}}, 0.822, 0.782, 0.855)
--------------------------------------------------------------------------------------------------------------------------
Epoch 30/50
Training one epoch in 39.185 s
[DEV]   QWK:  0.819, PRS: 0.826, SPR: 0.787, RMSE: 0.904, (Best @ 23: {{0.837}}, 0.839, 0.808, 0.840)
[TEST]  QWK:  0.811, PRS: 0.817, SPR: 0.767, RMSE: 0.887 (Best @ 23: {{0.821}}, 0.822, 0.782, 0.855)
--------------------------------------------------------------------------------------------------------------------------
Epoch 31/50
Training one epoch in 39.473 s
[DEV]   QWK:  0.800, PRS: 0.816, SPR: 0.777, RMSE: 0.881, (Best @ 23: {{0.837}}, 0.839, 0.808, 0.840)
[TEST]  QWK:  0.816, PRS: 0.825, SPR: 0.785, RMSE: 0.831 (Best @ 23: {{0.821}}, 0.822, 0.782, 0.855)
--------------------------------------------------------------------------------------------------------------------------
Epoch 32/50
Training one epoch in 39.353 s
[DEV]   QWK:  0.805, PRS: 0.814, SPR: 0.774, RMSE: 0.882, (Best @ 23: {{0.837}}, 0.839, 0.808, 0.840)
[TEST]  QWK:  0.824, PRS: 0.828, SPR: 0.789, RMSE: 0.821 (Best @ 23: {{0.821}}, 0.822, 0.782, 0.855)
--------------------------------------------------------------------------------------------------------------------------
Epoch 33/50
Training one epoch in 39.540 s
[DEV]   QWK:  0.795, PRS: 0.829, SPR: 0.793, RMSE: 0.926, (Best @ 23: {{0.837}}, 0.839, 0.808, 0.840)
[TEST]  QWK:  0.795, PRS: 0.823, SPR: 0.774, RMSE: 0.899 (Best @ 23: {{0.821}}, 0.822, 0.782, 0.855)
--------------------------------------------------------------------------------------------------------------------------
Epoch 34/50
Training one epoch in 39.424 s
[DEV]   QWK:  0.797, PRS: 0.804, SPR: 0.768, RMSE: 0.924, (Best @ 23: {{0.837}}, 0.839, 0.808, 0.840)
[TEST]  QWK:  0.806, PRS: 0.813, SPR: 0.771, RMSE: 0.874 (Best @ 23: {{0.821}}, 0.822, 0.782, 0.855)
--------------------------------------------------------------------------------------------------------------------------
Epoch 35/50
Training one epoch in 39.444 s
[DEV]   QWK:  0.804, PRS: 0.810, SPR: 0.768, RMSE: 0.898, (Best @ 23: {{0.837}}, 0.839, 0.808, 0.840)
[TEST]  QWK:  0.817, PRS: 0.821, SPR: 0.778, RMSE: 0.841 (Best @ 23: {{0.821}}, 0.822, 0.782, 0.855)
--------------------------------------------------------------------------------------------------------------------------
Epoch 36/50
Training one epoch in 39.525 s
[DEV]   QWK:  0.797, PRS: 0.805, SPR: 0.768, RMSE: 0.906, (Best @ 23: {{0.837}}, 0.839, 0.808, 0.840)
[TEST]  QWK:  0.816, PRS: 0.820, SPR: 0.773, RMSE: 0.838 (Best @ 23: {{0.821}}, 0.822, 0.782, 0.855)
--------------------------------------------------------------------------------------------------------------------------
Epoch 37/50
Training one epoch in 39.486 s
[DEV]   QWK:  0.782, PRS: 0.806, SPR: 0.762, RMSE: 0.916, (Best @ 23: {{0.837}}, 0.839, 0.808, 0.840)
[TEST]  QWK:  0.786, PRS: 0.815, SPR: 0.760, RMSE: 0.864 (Best @ 23: {{0.821}}, 0.822, 0.782, 0.855)
--------------------------------------------------------------------------------------------------------------------------
Epoch 38/50
Training one epoch in 39.265 s
[DEV]   QWK:  0.803, PRS: 0.824, SPR: 0.785, RMSE: 0.926, (Best @ 23: {{0.837}}, 0.839, 0.808, 0.840)
[TEST]  QWK:  0.802, PRS: 0.823, SPR: 0.778, RMSE: 0.890 (Best @ 23: {{0.821}}, 0.822, 0.782, 0.855)
--------------------------------------------------------------------------------------------------------------------------
Epoch 39/50
Training one epoch in 39.622 s
[DEV]   QWK:  0.802, PRS: 0.806, SPR: 0.767, RMSE: 0.913, (Best @ 23: {{0.837}}, 0.839, 0.808, 0.840)
[TEST]  QWK:  0.814, PRS: 0.815, SPR: 0.767, RMSE: 0.861 (Best @ 23: {{0.821}}, 0.822, 0.782, 0.855)
--------------------------------------------------------------------------------------------------------------------------
Epoch 40/50
Training one epoch in 39.605 s
[DEV]   QWK:  0.784, PRS: 0.798, SPR: 0.760, RMSE: 0.912, (Best @ 23: {{0.837}}, 0.839, 0.808, 0.840)
[TEST]  QWK:  0.806, PRS: 0.819, SPR: 0.784, RMSE: 0.828 (Best @ 23: {{0.821}}, 0.822, 0.782, 0.855)
--------------------------------------------------------------------------------------------------------------------------
Epoch 41/50
Training one epoch in 39.700 s
[DEV]   QWK:  0.809, PRS: 0.815, SPR: 0.778, RMSE: 0.893, (Best @ 23: {{0.837}}, 0.839, 0.808, 0.840)
[TEST]  QWK:  0.830, PRS: 0.833, SPR: 0.794, RMSE: 0.818 (Best @ 23: {{0.821}}, 0.822, 0.782, 0.855)
--------------------------------------------------------------------------------------------------------------------------
Epoch 42/50
Training one epoch in 39.505 s
[DEV]   QWK:  0.791, PRS: 0.808, SPR: 0.768, RMSE: 0.935, (Best @ 23: {{0.837}}, 0.839, 0.808, 0.840)
[TEST]  QWK:  0.815, PRS: 0.829, SPR: 0.789, RMSE: 0.861 (Best @ 23: {{0.821}}, 0.822, 0.782, 0.855)
--------------------------------------------------------------------------------------------------------------------------
Epoch 43/50
Training one epoch in 39.535 s
[DEV]   QWK:  0.800, PRS: 0.803, SPR: 0.759, RMSE: 0.916, (Best @ 23: {{0.837}}, 0.839, 0.808, 0.840)
[TEST]  QWK:  0.825, PRS: 0.826, SPR: 0.792, RMSE: 0.838 (Best @ 23: {{0.821}}, 0.822, 0.782, 0.855)
--------------------------------------------------------------------------------------------------------------------------
Epoch 44/50
Training one epoch in 39.325 s
[DEV]   QWK:  0.805, PRS: 0.806, SPR: 0.775, RMSE: 0.920, (Best @ 23: {{0.837}}, 0.839, 0.808, 0.840)
[TEST]  QWK:  0.826, PRS: 0.826, SPR: 0.788, RMSE: 0.841 (Best @ 23: {{0.821}}, 0.822, 0.782, 0.855)
--------------------------------------------------------------------------------------------------------------------------
Epoch 45/50
Training one epoch in 39.315 s
[DEV]   QWK:  0.779, PRS: 0.809, SPR: 0.776, RMSE: 0.958, (Best @ 23: {{0.837}}, 0.839, 0.808, 0.840)
[TEST]  QWK:  0.796, PRS: 0.824, SPR: 0.773, RMSE: 0.896 (Best @ 23: {{0.821}}, 0.822, 0.782, 0.855)
--------------------------------------------------------------------------------------------------------------------------
Epoch 46/50
Training one epoch in 39.748 s
[DEV]   QWK:  0.796, PRS: 0.802, SPR: 0.758, RMSE: 0.923, (Best @ 23: {{0.837}}, 0.839, 0.808, 0.840)
[TEST]  QWK:  0.834, PRS: 0.839, SPR: 0.794, RMSE: 0.814 (Best @ 23: {{0.821}}, 0.822, 0.782, 0.855)
--------------------------------------------------------------------------------------------------------------------------
Epoch 47/50
Training one epoch in 39.647 s
[DEV]   QWK:  0.804, PRS: 0.805, SPR: 0.762, RMSE: 0.938, (Best @ 23: {{0.837}}, 0.839, 0.808, 0.840)
[TEST]  QWK:  0.825, PRS: 0.826, SPR: 0.792, RMSE: 0.848 (Best @ 23: {{0.821}}, 0.822, 0.782, 0.855)
--------------------------------------------------------------------------------------------------------------------------
Epoch 48/50
Training one epoch in 39.636 s
[DEV]   QWK:  0.791, PRS: 0.797, SPR: 0.763, RMSE: 0.921, (Best @ 23: {{0.837}}, 0.839, 0.808, 0.840)
[TEST]  QWK:  0.832, PRS: 0.837, SPR: 0.801, RMSE: 0.797 (Best @ 23: {{0.821}}, 0.822, 0.782, 0.855)
--------------------------------------------------------------------------------------------------------------------------
Epoch 49/50
Training one epoch in 39.340 s
[DEV]   QWK:  0.718, PRS: 0.789, SPR: 0.757, RMSE: 1.236, (Best @ 23: {{0.837}}, 0.839, 0.808, 0.840)
[TEST]  QWK:  0.728, PRS: 0.815, SPR: 0.766, RMSE: 1.183 (Best @ 23: {{0.821}}, 0.822, 0.782, 0.855)
--------------------------------------------------------------------------------------------------------------------------
Epoch 50/50
Training one epoch in 39.455 s
[DEV]   QWK:  0.773, PRS: 0.793, SPR: 0.756, RMSE: 0.989, (Best @ 23: {{0.837}}, 0.839, 0.808, 0.840)
[TEST]  QWK:  0.812, PRS: 0.827, SPR: 0.793, RMSE: 0.881 (Best @ 23: {{0.821}}, 0.822, 0.782, 0.855)
--------------------------------------------------------------------------------------------------------------------------
