X_train shape: (1260, 1050)
Initial evaluation: 
[DEV]   QWK:  0.000, PRS: 0.000, SPR: 0.000, RMSE: 1.180, (Best @ -1: {{0.000}}, 0.000, 0.000, 1.180)
[TEST]  QWK:  0.000, PRS: 0.000, SPR: 0.000, RMSE: 1.269 (Best @ -1: {{0.000}}, 0.000, 0.000, 1.269)
--------------------------------------------------------------------------------------------------------------------------
Train model
Epoch 1/50
Training one epoch in 26.413 s
[DEV]   QWK:  0.671, PRS: 0.700, SPR: 0.678, RMSE: 0.693, (Best @ 1: {{0.671}}, 0.700, 0.678, 0.693)
[TEST]  QWK:  0.692, PRS: 0.743, SPR: 0.734, RMSE: 0.734 (Best @ 1: {{0.692}}, 0.743, 0.734, 0.734)
--------------------------------------------------------------------------------------------------------------------------
Epoch 2/50
Training one epoch in 23.660 s
[DEV]   QWK:  0.678, PRS: 0.783, SPR: 0.783, RMSE: 0.801, (Best @ 2: {{0.678}}, 0.783, 0.783, 0.801)
[TEST]  QWK:  0.643, PRS: 0.770, SPR: 0.734, RMSE: 0.894 (Best @ 2: {{0.643}}, 0.770, 0.734, 0.894)
--------------------------------------------------------------------------------------------------------------------------
Epoch 3/50
Training one epoch in 23.566 s
[DEV]   QWK:  0.773, PRS: 0.781, SPR: 0.774, RMSE: 0.624, (Best @ 3: {{0.773}}, 0.781, 0.774, 0.624)
[TEST]  QWK:  0.770, PRS: 0.804, SPR: 0.786, RMSE: 0.679 (Best @ 3: {{0.770}}, 0.804, 0.786, 0.679)
--------------------------------------------------------------------------------------------------------------------------
Epoch 4/50
Training one epoch in 23.511 s
[DEV]   QWK:  0.726, PRS: 0.764, SPR: 0.742, RMSE: 0.667, (Best @ 3: {{0.773}}, 0.781, 0.774, 0.624)
[TEST]  QWK:  0.734, PRS: 0.809, SPR: 0.787, RMSE: 0.719 (Best @ 3: {{0.770}}, 0.804, 0.786, 0.679)
--------------------------------------------------------------------------------------------------------------------------
Epoch 5/50
Training one epoch in 23.540 s
[DEV]   QWK:  0.703, PRS: 0.773, SPR: 0.791, RMSE: 0.705, (Best @ 3: {{0.773}}, 0.781, 0.774, 0.624)
[TEST]  QWK:  0.729, PRS: 0.792, SPR: 0.774, RMSE: 0.703 (Best @ 3: {{0.770}}, 0.804, 0.786, 0.679)
--------------------------------------------------------------------------------------------------------------------------
Epoch 6/50
Training one epoch in 23.610 s
[DEV]   QWK:  0.760, PRS: 0.785, SPR: 0.769, RMSE: 0.645, (Best @ 3: {{0.773}}, 0.781, 0.774, 0.624)
[TEST]  QWK:  0.778, PRS: 0.833, SPR: 0.804, RMSE: 0.667 (Best @ 3: {{0.770}}, 0.804, 0.786, 0.679)
--------------------------------------------------------------------------------------------------------------------------
Epoch 7/50
Training one epoch in 23.608 s
[DEV]   QWK:  0.770, PRS: 0.781, SPR: 0.774, RMSE: 0.606, (Best @ 3: {{0.773}}, 0.781, 0.774, 0.624)
[TEST]  QWK:  0.801, PRS: 0.822, SPR: 0.805, RMSE: 0.628 (Best @ 3: {{0.770}}, 0.804, 0.786, 0.679)
--------------------------------------------------------------------------------------------------------------------------
Epoch 8/50
Training one epoch in 23.603 s
[DEV]   QWK:  0.768, PRS: 0.778, SPR: 0.767, RMSE: 0.612, (Best @ 3: {{0.773}}, 0.781, 0.774, 0.624)
[TEST]  QWK:  0.804, PRS: 0.834, SPR: 0.814, RMSE: 0.619 (Best @ 3: {{0.770}}, 0.804, 0.786, 0.679)
--------------------------------------------------------------------------------------------------------------------------
Epoch 9/50
Training one epoch in 23.627 s
[DEV]   QWK:  0.795, PRS: 0.801, SPR: 0.789, RMSE: 0.596, (Best @ 9: {{0.795}}, 0.801, 0.789, 0.596)
[TEST]  QWK:  0.808, PRS: 0.825, SPR: 0.798, RMSE: 0.637 (Best @ 9: {{0.808}}, 0.825, 0.798, 0.637)
--------------------------------------------------------------------------------------------------------------------------
Epoch 10/50
Training one epoch in 23.603 s
[DEV]   QWK:  0.775, PRS: 0.786, SPR: 0.776, RMSE: 0.612, (Best @ 9: {{0.795}}, 0.801, 0.789, 0.596)
[TEST]  QWK:  0.801, PRS: 0.828, SPR: 0.804, RMSE: 0.628 (Best @ 9: {{0.808}}, 0.825, 0.798, 0.637)
--------------------------------------------------------------------------------------------------------------------------
Epoch 11/50
Training one epoch in 23.709 s
[DEV]   QWK:  0.789, PRS: 0.810, SPR: 0.801, RMSE: 0.654, (Best @ 9: {{0.795}}, 0.801, 0.789, 0.596)
[TEST]  QWK:  0.827, PRS: 0.830, SPR: 0.806, RMSE: 0.624 (Best @ 9: {{0.808}}, 0.825, 0.798, 0.637)
--------------------------------------------------------------------------------------------------------------------------
Epoch 12/50
Training one epoch in 23.593 s
[DEV]   QWK:  0.761, PRS: 0.797, SPR: 0.789, RMSE: 0.648, (Best @ 9: {{0.795}}, 0.801, 0.789, 0.596)
[TEST]  QWK:  0.803, PRS: 0.818, SPR: 0.788, RMSE: 0.628 (Best @ 9: {{0.808}}, 0.825, 0.798, 0.637)
--------------------------------------------------------------------------------------------------------------------------
Epoch 13/50
Training one epoch in 23.536 s
[DEV]   QWK:  0.778, PRS: 0.789, SPR: 0.778, RMSE: 0.612, (Best @ 9: {{0.795}}, 0.801, 0.789, 0.596)
[TEST]  QWK:  0.796, PRS: 0.822, SPR: 0.797, RMSE: 0.650 (Best @ 9: {{0.808}}, 0.825, 0.798, 0.637)
--------------------------------------------------------------------------------------------------------------------------
Epoch 14/50
Training one epoch in 23.671 s
[DEV]   QWK:  0.812, PRS: 0.812, SPR: 0.801, RMSE: 0.592, (Best @ 14: {{0.812}}, 0.812, 0.801, 0.592)
[TEST]  QWK:  0.825, PRS: 0.835, SPR: 0.806, RMSE: 0.610 (Best @ 14: {{0.825}}, 0.835, 0.806, 0.610)
--------------------------------------------------------------------------------------------------------------------------
Epoch 15/50
Training one epoch in 23.597 s
[DEV]   QWK:  0.776, PRS: 0.794, SPR: 0.801, RMSE: 0.599, (Best @ 14: {{0.812}}, 0.812, 0.801, 0.592)
[TEST]  QWK:  0.808, PRS: 0.825, SPR: 0.806, RMSE: 0.606 (Best @ 14: {{0.825}}, 0.835, 0.806, 0.610)
--------------------------------------------------------------------------------------------------------------------------
Epoch 16/50
Training one epoch in 23.556 s
[DEV]   QWK:  0.756, PRS: 0.793, SPR: 0.776, RMSE: 0.669, (Best @ 14: {{0.812}}, 0.812, 0.801, 0.592)
[TEST]  QWK:  0.792, PRS: 0.845, SPR: 0.807, RMSE: 0.667 (Best @ 14: {{0.825}}, 0.835, 0.806, 0.610)
--------------------------------------------------------------------------------------------------------------------------
Epoch 17/50
Training one epoch in 23.545 s
[DEV]   QWK:  0.774, PRS: 0.787, SPR: 0.778, RMSE: 0.641, (Best @ 14: {{0.812}}, 0.812, 0.801, 0.592)
[TEST]  QWK:  0.804, PRS: 0.833, SPR: 0.806, RMSE: 0.645 (Best @ 14: {{0.825}}, 0.835, 0.806, 0.610)
--------------------------------------------------------------------------------------------------------------------------
Epoch 18/50
Training one epoch in 23.613 s
[DEV]   QWK:  0.788, PRS: 0.797, SPR: 0.800, RMSE: 0.585, (Best @ 14: {{0.812}}, 0.812, 0.801, 0.592)
[TEST]  QWK:  0.809, PRS: 0.828, SPR: 0.810, RMSE: 0.615 (Best @ 14: {{0.825}}, 0.835, 0.806, 0.610)
--------------------------------------------------------------------------------------------------------------------------
Epoch 19/50
Training one epoch in 23.582 s
[DEV]   QWK:  0.786, PRS: 0.794, SPR: 0.803, RMSE: 0.589, (Best @ 14: {{0.812}}, 0.812, 0.801, 0.592)
[TEST]  QWK:  0.811, PRS: 0.828, SPR: 0.810, RMSE: 0.606 (Best @ 14: {{0.825}}, 0.835, 0.806, 0.610)
--------------------------------------------------------------------------------------------------------------------------
Epoch 20/50
Training one epoch in 23.597 s
[DEV]   QWK:  0.801, PRS: 0.809, SPR: 0.788, RMSE: 0.632, (Best @ 14: {{0.812}}, 0.812, 0.801, 0.592)
[TEST]  QWK:  0.825, PRS: 0.849, SPR: 0.816, RMSE: 0.619 (Best @ 14: {{0.825}}, 0.835, 0.806, 0.610)
--------------------------------------------------------------------------------------------------------------------------
Epoch 21/50
Training one epoch in 23.640 s
[DEV]   QWK:  0.806, PRS: 0.806, SPR: 0.793, RMSE: 0.601, (Best @ 14: {{0.812}}, 0.812, 0.801, 0.592)
[TEST]  QWK:  0.839, PRS: 0.850, SPR: 0.825, RMSE: 0.582 (Best @ 14: {{0.825}}, 0.835, 0.806, 0.610)
--------------------------------------------------------------------------------------------------------------------------
Epoch 22/50
Training one epoch in 23.457 s
[DEV]   QWK:  0.773, PRS: 0.781, SPR: 0.781, RMSE: 0.608, (Best @ 14: {{0.812}}, 0.812, 0.801, 0.592)
[TEST]  QWK:  0.807, PRS: 0.822, SPR: 0.807, RMSE: 0.615 (Best @ 14: {{0.825}}, 0.835, 0.806, 0.610)
--------------------------------------------------------------------------------------------------------------------------
Epoch 23/50
Training one epoch in 23.618 s
[DEV]   QWK:  0.795, PRS: 0.806, SPR: 0.788, RMSE: 0.667, (Best @ 14: {{0.812}}, 0.812, 0.801, 0.592)
[TEST]  QWK:  0.840, PRS: 0.860, SPR: 0.830, RMSE: 0.615 (Best @ 14: {{0.825}}, 0.835, 0.806, 0.610)
--------------------------------------------------------------------------------------------------------------------------
Epoch 24/50
Training one epoch in 23.654 s
[DEV]   QWK:  0.806, PRS: 0.807, SPR: 0.792, RMSE: 0.601, (Best @ 14: {{0.812}}, 0.812, 0.801, 0.592)
[TEST]  QWK:  0.822, PRS: 0.836, SPR: 0.805, RMSE: 0.615 (Best @ 14: {{0.825}}, 0.835, 0.806, 0.610)
--------------------------------------------------------------------------------------------------------------------------
Epoch 25/50
Training one epoch in 23.525 s
[DEV]   QWK:  0.798, PRS: 0.800, SPR: 0.788, RMSE: 0.596, (Best @ 14: {{0.812}}, 0.812, 0.801, 0.592)
[TEST]  QWK:  0.826, PRS: 0.836, SPR: 0.811, RMSE: 0.601 (Best @ 14: {{0.825}}, 0.835, 0.806, 0.610)
--------------------------------------------------------------------------------------------------------------------------
Epoch 26/50
Training one epoch in 23.632 s
[DEV]   QWK:  0.803, PRS: 0.804, SPR: 0.788, RMSE: 0.608, (Best @ 14: {{0.812}}, 0.812, 0.801, 0.592)
[TEST]  QWK:  0.821, PRS: 0.830, SPR: 0.793, RMSE: 0.615 (Best @ 14: {{0.825}}, 0.835, 0.806, 0.610)
--------------------------------------------------------------------------------------------------------------------------
Epoch 27/50
Training one epoch in 23.541 s
[DEV]   QWK:  0.799, PRS: 0.802, SPR: 0.792, RMSE: 0.621, (Best @ 14: {{0.812}}, 0.812, 0.801, 0.592)
[TEST]  QWK:  0.826, PRS: 0.829, SPR: 0.797, RMSE: 0.615 (Best @ 14: {{0.825}}, 0.835, 0.806, 0.610)
--------------------------------------------------------------------------------------------------------------------------
Epoch 28/50
Training one epoch in 23.601 s
[DEV]   QWK:  0.800, PRS: 0.809, SPR: 0.795, RMSE: 0.621, (Best @ 14: {{0.812}}, 0.812, 0.801, 0.592)
[TEST]  QWK:  0.818, PRS: 0.840, SPR: 0.810, RMSE: 0.637 (Best @ 14: {{0.825}}, 0.835, 0.806, 0.610)
--------------------------------------------------------------------------------------------------------------------------
Epoch 29/50
Training one epoch in 23.412 s
[DEV]   QWK:  0.797, PRS: 0.799, SPR: 0.779, RMSE: 0.615, (Best @ 14: {{0.812}}, 0.812, 0.801, 0.592)
[TEST]  QWK:  0.812, PRS: 0.828, SPR: 0.794, RMSE: 0.628 (Best @ 14: {{0.825}}, 0.835, 0.806, 0.610)
--------------------------------------------------------------------------------------------------------------------------
Epoch 30/50
Training one epoch in 23.607 s
[DEV]   QWK:  0.783, PRS: 0.801, SPR: 0.773, RMSE: 0.658, (Best @ 14: {{0.812}}, 0.812, 0.801, 0.592)
[TEST]  QWK:  0.788, PRS: 0.828, SPR: 0.784, RMSE: 0.695 (Best @ 14: {{0.825}}, 0.835, 0.806, 0.610)
--------------------------------------------------------------------------------------------------------------------------
Epoch 31/50
Training one epoch in 23.619 s
[DEV]   QWK:  0.792, PRS: 0.793, SPR: 0.772, RMSE: 0.619, (Best @ 14: {{0.812}}, 0.812, 0.801, 0.592)
[TEST]  QWK:  0.818, PRS: 0.833, SPR: 0.800, RMSE: 0.619 (Best @ 14: {{0.825}}, 0.835, 0.806, 0.610)
--------------------------------------------------------------------------------------------------------------------------
Epoch 32/50
Training one epoch in 23.617 s
[DEV]   QWK:  0.800, PRS: 0.809, SPR: 0.786, RMSE: 0.641, (Best @ 14: {{0.812}}, 0.812, 0.801, 0.592)
[TEST]  QWK:  0.790, PRS: 0.813, SPR: 0.772, RMSE: 0.687 (Best @ 14: {{0.825}}, 0.835, 0.806, 0.610)
--------------------------------------------------------------------------------------------------------------------------
Epoch 33/50
Training one epoch in 23.712 s
[DEV]   QWK:  0.781, PRS: 0.787, SPR: 0.786, RMSE: 0.643, (Best @ 14: {{0.812}}, 0.812, 0.801, 0.592)
[TEST]  QWK:  0.819, PRS: 0.822, SPR: 0.793, RMSE: 0.619 (Best @ 14: {{0.825}}, 0.835, 0.806, 0.610)
--------------------------------------------------------------------------------------------------------------------------
Epoch 34/50
Training one epoch in 23.669 s
[DEV]   QWK:  0.753, PRS: 0.778, SPR: 0.783, RMSE: 0.669, (Best @ 14: {{0.812}}, 0.812, 0.801, 0.592)
[TEST]  QWK:  0.784, PRS: 0.795, SPR: 0.769, RMSE: 0.662 (Best @ 14: {{0.825}}, 0.835, 0.806, 0.610)
--------------------------------------------------------------------------------------------------------------------------
Epoch 35/50
Training one epoch in 23.636 s
[DEV]   QWK:  0.796, PRS: 0.797, SPR: 0.773, RMSE: 0.610, (Best @ 14: {{0.812}}, 0.812, 0.801, 0.592)
[TEST]  QWK:  0.804, PRS: 0.828, SPR: 0.799, RMSE: 0.632 (Best @ 14: {{0.825}}, 0.835, 0.806, 0.610)
--------------------------------------------------------------------------------------------------------------------------
Epoch 36/50
Training one epoch in 23.776 s
[DEV]   QWK:  0.788, PRS: 0.794, SPR: 0.781, RMSE: 0.660, (Best @ 14: {{0.812}}, 0.812, 0.801, 0.592)
[TEST]  QWK:  0.827, PRS: 0.829, SPR: 0.790, RMSE: 0.628 (Best @ 14: {{0.825}}, 0.835, 0.806, 0.610)
--------------------------------------------------------------------------------------------------------------------------
Epoch 37/50
Training one epoch in 23.545 s
[DEV]   QWK:  0.794, PRS: 0.805, SPR: 0.784, RMSE: 0.639, (Best @ 14: {{0.812}}, 0.812, 0.801, 0.592)
[TEST]  QWK:  0.804, PRS: 0.843, SPR: 0.809, RMSE: 0.658 (Best @ 14: {{0.825}}, 0.835, 0.806, 0.610)
--------------------------------------------------------------------------------------------------------------------------
Epoch 38/50
Training one epoch in 23.657 s
[DEV]   QWK:  0.777, PRS: 0.796, SPR: 0.774, RMSE: 0.667, (Best @ 14: {{0.812}}, 0.812, 0.801, 0.592)
[TEST]  QWK:  0.798, PRS: 0.841, SPR: 0.804, RMSE: 0.671 (Best @ 14: {{0.825}}, 0.835, 0.806, 0.610)
--------------------------------------------------------------------------------------------------------------------------
Epoch 39/50
Training one epoch in 23.779 s
[DEV]   QWK:  0.792, PRS: 0.797, SPR: 0.776, RMSE: 0.643, (Best @ 14: {{0.812}}, 0.812, 0.801, 0.592)
[TEST]  QWK:  0.800, PRS: 0.826, SPR: 0.780, RMSE: 0.671 (Best @ 14: {{0.825}}, 0.835, 0.806, 0.610)
--------------------------------------------------------------------------------------------------------------------------
Epoch 40/50
Training one epoch in 23.747 s
[DEV]   QWK:  0.776, PRS: 0.787, SPR: 0.764, RMSE: 0.660, (Best @ 14: {{0.812}}, 0.812, 0.801, 0.592)
[TEST]  QWK:  0.797, PRS: 0.821, SPR: 0.781, RMSE: 0.662 (Best @ 14: {{0.825}}, 0.835, 0.806, 0.610)
--------------------------------------------------------------------------------------------------------------------------
Epoch 41/50
Training one epoch in 23.715 s
[DEV]   QWK:  0.776, PRS: 0.778, SPR: 0.757, RMSE: 0.630, (Best @ 14: {{0.812}}, 0.812, 0.801, 0.592)
[TEST]  QWK:  0.811, PRS: 0.830, SPR: 0.801, RMSE: 0.624 (Best @ 14: {{0.825}}, 0.835, 0.806, 0.610)
--------------------------------------------------------------------------------------------------------------------------
Epoch 42/50
Training one epoch in 23.636 s
[DEV]   QWK:  0.739, PRS: 0.777, SPR: 0.748, RMSE: 0.721, (Best @ 14: {{0.812}}, 0.812, 0.801, 0.592)
[TEST]  QWK:  0.785, PRS: 0.847, SPR: 0.809, RMSE: 0.703 (Best @ 14: {{0.825}}, 0.835, 0.806, 0.610)
--------------------------------------------------------------------------------------------------------------------------
Epoch 43/50
Training one epoch in 23.653 s
[DEV]   QWK:  0.794, PRS: 0.795, SPR: 0.771, RMSE: 0.624, (Best @ 14: {{0.812}}, 0.812, 0.801, 0.592)
[TEST]  QWK:  0.805, PRS: 0.822, SPR: 0.775, RMSE: 0.654 (Best @ 14: {{0.825}}, 0.835, 0.806, 0.610)
--------------------------------------------------------------------------------------------------------------------------
Epoch 44/50
Training one epoch in 23.697 s
[DEV]   QWK:  0.792, PRS: 0.793, SPR: 0.771, RMSE: 0.639, (Best @ 14: {{0.812}}, 0.812, 0.801, 0.592)
[TEST]  QWK:  0.803, PRS: 0.813, SPR: 0.762, RMSE: 0.662 (Best @ 14: {{0.825}}, 0.835, 0.806, 0.610)
--------------------------------------------------------------------------------------------------------------------------
Epoch 45/50
Training one epoch in 23.713 s
[DEV]   QWK:  0.731, PRS: 0.798, SPR: 0.775, RMSE: 0.776, (Best @ 14: {{0.812}}, 0.812, 0.801, 0.592)
[TEST]  QWK:  0.733, PRS: 0.823, SPR: 0.772, RMSE: 0.816 (Best @ 14: {{0.825}}, 0.835, 0.806, 0.610)
--------------------------------------------------------------------------------------------------------------------------
Epoch 46/50
Training one epoch in 23.683 s
[DEV]   QWK:  0.771, PRS: 0.787, SPR: 0.783, RMSE: 0.658, (Best @ 14: {{0.812}}, 0.812, 0.801, 0.592)
[TEST]  QWK:  0.820, PRS: 0.825, SPR: 0.796, RMSE: 0.610 (Best @ 14: {{0.825}}, 0.835, 0.806, 0.610)
--------------------------------------------------------------------------------------------------------------------------
Epoch 47/50
Training one epoch in 23.635 s
[DEV]   QWK:  0.802, PRS: 0.803, SPR: 0.779, RMSE: 0.606, (Best @ 14: {{0.812}}, 0.812, 0.801, 0.592)
[TEST]  QWK:  0.818, PRS: 0.832, SPR: 0.789, RMSE: 0.619 (Best @ 14: {{0.825}}, 0.835, 0.806, 0.610)
--------------------------------------------------------------------------------------------------------------------------
Epoch 48/50
Training one epoch in 23.697 s
[DEV]   QWK:  0.797, PRS: 0.797, SPR: 0.780, RMSE: 0.610, (Best @ 14: {{0.812}}, 0.812, 0.801, 0.592)
[TEST]  QWK:  0.822, PRS: 0.830, SPR: 0.801, RMSE: 0.606 (Best @ 14: {{0.825}}, 0.835, 0.806, 0.610)
--------------------------------------------------------------------------------------------------------------------------
Epoch 49/50
Training one epoch in 23.729 s
[DEV]   QWK:  0.787, PRS: 0.788, SPR: 0.759, RMSE: 0.628, (Best @ 14: {{0.812}}, 0.812, 0.801, 0.592)
[TEST]  QWK:  0.812, PRS: 0.827, SPR: 0.790, RMSE: 0.624 (Best @ 14: {{0.825}}, 0.835, 0.806, 0.610)
--------------------------------------------------------------------------------------------------------------------------
Epoch 50/50
Training one epoch in 23.645 s
[DEV]   QWK:  0.799, PRS: 0.800, SPR: 0.779, RMSE: 0.615, (Best @ 14: {{0.812}}, 0.812, 0.801, 0.592)
[TEST]  QWK:  0.806, PRS: 0.824, SPR: 0.778, RMSE: 0.650 (Best @ 14: {{0.825}}, 0.835, 0.806, 0.610)
--------------------------------------------------------------------------------------------------------------------------
