X_train shape: (1099, 3350)
Initial evaluation: 
[DEV]   QWK:  0.000, PRS: 0.000, SPR: 0.000, RMSE: 4.475, (Best @ -1: {{0.000}}, 0.000, 0.000, 4.475)
[TEST]  QWK:  0.000, PRS: 0.000, SPR: 0.000, RMSE: 4.738 (Best @ -1: {{0.000}}, 0.000, 0.000, 4.738)
--------------------------------------------------------------------------------------------------------------------------
Train model
Epoch 1/50
Training one epoch in 35.776 s
[DEV]   QWK:  0.689, PRS: 0.727, SPR: 0.746, RMSE: 2.949, (Best @ 1: {{0.689}}, 0.727, 0.746, 2.949)
[TEST]  QWK:  0.725, PRS: 0.764, SPR: 0.771, RMSE: 2.995 (Best @ 1: {{0.725}}, 0.764, 0.771, 2.995)
--------------------------------------------------------------------------------------------------------------------------
Epoch 2/50
Training one epoch in 33.437 s
[DEV]   QWK:  0.739, PRS: 0.763, SPR: 0.786, RMSE: 2.851, (Best @ 2: {{0.739}}, 0.763, 0.786, 2.851)
[TEST]  QWK:  0.758, PRS: 0.781, SPR: 0.785, RMSE: 2.942 (Best @ 2: {{0.758}}, 0.781, 0.785, 2.942)
--------------------------------------------------------------------------------------------------------------------------
Epoch 3/50
Training one epoch in 33.361 s
[DEV]   QWK:  0.767, PRS: 0.779, SPR: 0.795, RMSE: 2.718, (Best @ 3: {{0.767}}, 0.779, 0.795, 2.718)
[TEST]  QWK:  0.770, PRS: 0.787, SPR: 0.785, RMSE: 2.889 (Best @ 3: {{0.770}}, 0.787, 0.785, 2.889)
--------------------------------------------------------------------------------------------------------------------------
Epoch 4/50
Training one epoch in 33.381 s
[DEV]   QWK:  0.736, PRS: 0.774, SPR: 0.794, RMSE: 2.835, (Best @ 3: {{0.767}}, 0.779, 0.795, 2.718)
[TEST]  QWK:  0.744, PRS: 0.783, SPR: 0.782, RMSE: 2.929 (Best @ 3: {{0.770}}, 0.787, 0.785, 2.889)
--------------------------------------------------------------------------------------------------------------------------
Epoch 5/50
Training one epoch in 33.369 s
[DEV]   QWK:  0.761, PRS: 0.779, SPR: 0.802, RMSE: 2.756, (Best @ 3: {{0.767}}, 0.779, 0.795, 2.718)
[TEST]  QWK:  0.763, PRS: 0.784, SPR: 0.784, RMSE: 2.873 (Best @ 3: {{0.770}}, 0.787, 0.785, 2.889)
--------------------------------------------------------------------------------------------------------------------------
Epoch 6/50
Training one epoch in 33.520 s
[DEV]   QWK:  0.748, PRS: 0.783, SPR: 0.803, RMSE: 2.825, (Best @ 3: {{0.767}}, 0.779, 0.795, 2.718)
[TEST]  QWK:  0.742, PRS: 0.779, SPR: 0.775, RMSE: 2.944 (Best @ 3: {{0.770}}, 0.787, 0.785, 2.889)
--------------------------------------------------------------------------------------------------------------------------
Epoch 7/50
Training one epoch in 33.314 s
[DEV]   QWK:  0.757, PRS: 0.781, SPR: 0.801, RMSE: 2.863, (Best @ 3: {{0.767}}, 0.779, 0.795, 2.718)
[TEST]  QWK:  0.765, PRS: 0.786, SPR: 0.784, RMSE: 2.903 (Best @ 3: {{0.770}}, 0.787, 0.785, 2.889)
--------------------------------------------------------------------------------------------------------------------------
Epoch 8/50
Training one epoch in 33.383 s
[DEV]   QWK:  0.720, PRS: 0.789, SPR: 0.808, RMSE: 2.864, (Best @ 3: {{0.767}}, 0.779, 0.795, 2.718)
[TEST]  QWK:  0.727, PRS: 0.791, SPR: 0.788, RMSE: 2.953 (Best @ 3: {{0.770}}, 0.787, 0.785, 2.889)
--------------------------------------------------------------------------------------------------------------------------
Epoch 9/50
Training one epoch in 33.221 s
[DEV]   QWK:  0.797, PRS: 0.802, SPR: 0.817, RMSE: 2.615, (Best @ 9: {{0.797}}, 0.802, 0.817, 2.615)
[TEST]  QWK:  0.791, PRS: 0.805, SPR: 0.796, RMSE: 2.813 (Best @ 9: {{0.791}}, 0.805, 0.796, 2.813)
--------------------------------------------------------------------------------------------------------------------------
Epoch 10/50
Training one epoch in 33.582 s
[DEV]   QWK:  0.779, PRS: 0.792, SPR: 0.812, RMSE: 2.661, (Best @ 9: {{0.797}}, 0.802, 0.817, 2.615)
[TEST]  QWK:  0.773, PRS: 0.792, SPR: 0.792, RMSE: 2.824 (Best @ 9: {{0.791}}, 0.805, 0.796, 2.813)
--------------------------------------------------------------------------------------------------------------------------
Epoch 11/50
Training one epoch in 33.424 s
[DEV]   QWK:  0.793, PRS: 0.799, SPR: 0.813, RMSE: 2.713, (Best @ 9: {{0.797}}, 0.802, 0.817, 2.615)
[TEST]  QWK:  0.792, PRS: 0.797, SPR: 0.797, RMSE: 2.837 (Best @ 9: {{0.791}}, 0.805, 0.796, 2.813)
--------------------------------------------------------------------------------------------------------------------------
Epoch 12/50
Training one epoch in 33.468 s
[DEV]   QWK:  0.796, PRS: 0.801, SPR: 0.819, RMSE: 2.620, (Best @ 9: {{0.797}}, 0.802, 0.817, 2.615)
[TEST]  QWK:  0.780, PRS: 0.801, SPR: 0.801, RMSE: 2.861 (Best @ 9: {{0.791}}, 0.805, 0.796, 2.813)
--------------------------------------------------------------------------------------------------------------------------
Epoch 13/50
Training one epoch in 33.346 s
[DEV]   QWK:  0.727, PRS: 0.792, SPR: 0.806, RMSE: 2.900, (Best @ 9: {{0.797}}, 0.802, 0.817, 2.615)
[TEST]  QWK:  0.732, PRS: 0.787, SPR: 0.790, RMSE: 2.986 (Best @ 9: {{0.791}}, 0.805, 0.796, 2.813)
--------------------------------------------------------------------------------------------------------------------------
Epoch 14/50
Training one epoch in 33.521 s
[DEV]   QWK:  0.797, PRS: 0.801, SPR: 0.814, RMSE: 2.628, (Best @ 9: {{0.797}}, 0.802, 0.817, 2.615)
[TEST]  QWK:  0.800, PRS: 0.808, SPR: 0.801, RMSE: 2.747 (Best @ 9: {{0.791}}, 0.805, 0.796, 2.813)
--------------------------------------------------------------------------------------------------------------------------
Epoch 15/50
Training one epoch in 33.282 s
[DEV]   QWK:  0.795, PRS: 0.801, SPR: 0.817, RMSE: 2.617, (Best @ 9: {{0.797}}, 0.802, 0.817, 2.615)
[TEST]  QWK:  0.801, PRS: 0.811, SPR: 0.807, RMSE: 2.713 (Best @ 9: {{0.791}}, 0.805, 0.796, 2.813)
--------------------------------------------------------------------------------------------------------------------------
Epoch 16/50
Training one epoch in 33.145 s
[DEV]   QWK:  0.767, PRS: 0.799, SPR: 0.820, RMSE: 2.870, (Best @ 9: {{0.797}}, 0.802, 0.817, 2.615)
[TEST]  QWK:  0.753, PRS: 0.806, SPR: 0.806, RMSE: 3.148 (Best @ 9: {{0.791}}, 0.805, 0.796, 2.813)
--------------------------------------------------------------------------------------------------------------------------
Epoch 17/50
Training one epoch in 33.338 s
[DEV]   QWK:  0.796, PRS: 0.802, SPR: 0.822, RMSE: 2.592, (Best @ 9: {{0.797}}, 0.802, 0.817, 2.615)
[TEST]  QWK:  0.802, PRS: 0.814, SPR: 0.812, RMSE: 2.703 (Best @ 9: {{0.791}}, 0.805, 0.796, 2.813)
--------------------------------------------------------------------------------------------------------------------------
Epoch 18/50
Training one epoch in 33.518 s
[DEV]   QWK:  0.780, PRS: 0.803, SPR: 0.823, RMSE: 2.788, (Best @ 9: {{0.797}}, 0.802, 0.817, 2.615)
[TEST]  QWK:  0.791, PRS: 0.806, SPR: 0.803, RMSE: 2.832 (Best @ 9: {{0.791}}, 0.805, 0.796, 2.813)
--------------------------------------------------------------------------------------------------------------------------
Epoch 19/50
Training one epoch in 33.196 s
[DEV]   QWK:  0.782, PRS: 0.802, SPR: 0.817, RMSE: 2.652, (Best @ 9: {{0.797}}, 0.802, 0.817, 2.615)
[TEST]  QWK:  0.781, PRS: 0.814, SPR: 0.810, RMSE: 2.833 (Best @ 9: {{0.791}}, 0.805, 0.796, 2.813)
--------------------------------------------------------------------------------------------------------------------------
Epoch 20/50
Training one epoch in 33.396 s
[DEV]   QWK:  0.777, PRS: 0.809, SPR: 0.823, RMSE: 2.694, (Best @ 9: {{0.797}}, 0.802, 0.817, 2.615)
[TEST]  QWK:  0.780, PRS: 0.807, SPR: 0.804, RMSE: 2.813 (Best @ 9: {{0.791}}, 0.805, 0.796, 2.813)
--------------------------------------------------------------------------------------------------------------------------
Epoch 21/50
Training one epoch in 33.288 s
[DEV]   QWK:  0.794, PRS: 0.804, SPR: 0.819, RMSE: 2.601, (Best @ 9: {{0.797}}, 0.802, 0.817, 2.615)
[TEST]  QWK:  0.801, PRS: 0.812, SPR: 0.815, RMSE: 2.710 (Best @ 9: {{0.791}}, 0.805, 0.796, 2.813)
--------------------------------------------------------------------------------------------------------------------------
Epoch 22/50
Training one epoch in 33.312 s
[DEV]   QWK:  0.763, PRS: 0.800, SPR: 0.818, RMSE: 2.751, (Best @ 9: {{0.797}}, 0.802, 0.817, 2.615)
[TEST]  QWK:  0.774, PRS: 0.806, SPR: 0.805, RMSE: 2.818 (Best @ 9: {{0.791}}, 0.805, 0.796, 2.813)
--------------------------------------------------------------------------------------------------------------------------
Epoch 23/50
Training one epoch in 33.281 s
[DEV]   QWK:  0.794, PRS: 0.802, SPR: 0.822, RMSE: 2.637, (Best @ 9: {{0.797}}, 0.802, 0.817, 2.615)
[TEST]  QWK:  0.804, PRS: 0.813, SPR: 0.817, RMSE: 2.714 (Best @ 9: {{0.791}}, 0.805, 0.796, 2.813)
--------------------------------------------------------------------------------------------------------------------------
Epoch 24/50
Training one epoch in 33.333 s
[DEV]   QWK:  0.795, PRS: 0.800, SPR: 0.822, RMSE: 2.614, (Best @ 9: {{0.797}}, 0.802, 0.817, 2.615)
[TEST]  QWK:  0.805, PRS: 0.815, SPR: 0.815, RMSE: 2.699 (Best @ 9: {{0.791}}, 0.805, 0.796, 2.813)
--------------------------------------------------------------------------------------------------------------------------
Epoch 25/50
Training one epoch in 33.341 s
[DEV]   QWK:  0.740, PRS: 0.798, SPR: 0.813, RMSE: 3.035, (Best @ 9: {{0.797}}, 0.802, 0.817, 2.615)
[TEST]  QWK:  0.770, PRS: 0.813, SPR: 0.813, RMSE: 2.989 (Best @ 9: {{0.791}}, 0.805, 0.796, 2.813)
--------------------------------------------------------------------------------------------------------------------------
Epoch 26/50
Training one epoch in 33.348 s
[DEV]   QWK:  0.801, PRS: 0.809, SPR: 0.822, RMSE: 2.549, (Best @ 26: {{0.801}}, 0.809, 0.822, 2.549)
[TEST]  QWK:  0.805, PRS: 0.816, SPR: 0.813, RMSE: 2.679 (Best @ 26: {{0.805}}, 0.816, 0.813, 2.679)
--------------------------------------------------------------------------------------------------------------------------
Epoch 27/50
Training one epoch in 33.407 s
[DEV]   QWK:  0.770, PRS: 0.797, SPR: 0.813, RMSE: 2.896, (Best @ 26: {{0.801}}, 0.809, 0.822, 2.549)
[TEST]  QWK:  0.780, PRS: 0.815, SPR: 0.812, RMSE: 2.996 (Best @ 26: {{0.805}}, 0.816, 0.813, 2.679)
--------------------------------------------------------------------------------------------------------------------------
Epoch 28/50
Training one epoch in 33.249 s
[DEV]   QWK:  0.780, PRS: 0.797, SPR: 0.820, RMSE: 2.912, (Best @ 26: {{0.801}}, 0.809, 0.822, 2.549)
[TEST]  QWK:  0.786, PRS: 0.805, SPR: 0.809, RMSE: 3.035 (Best @ 26: {{0.805}}, 0.816, 0.813, 2.679)
--------------------------------------------------------------------------------------------------------------------------
Epoch 29/50
Training one epoch in 33.445 s
[DEV]   QWK:  0.803, PRS: 0.807, SPR: 0.823, RMSE: 2.634, (Best @ 29: {{0.803}}, 0.807, 0.823, 2.634)
[TEST]  QWK:  0.815, PRS: 0.818, SPR: 0.819, RMSE: 2.708 (Best @ 29: {{0.815}}, 0.818, 0.819, 2.708)
--------------------------------------------------------------------------------------------------------------------------
Epoch 30/50
Training one epoch in 33.369 s
[DEV]   QWK:  0.800, PRS: 0.803, SPR: 0.825, RMSE: 2.603, (Best @ 29: {{0.803}}, 0.807, 0.823, 2.634)
[TEST]  QWK:  0.796, PRS: 0.804, SPR: 0.806, RMSE: 2.790 (Best @ 29: {{0.815}}, 0.818, 0.819, 2.708)
--------------------------------------------------------------------------------------------------------------------------
Epoch 31/50
Training one epoch in 33.586 s
[DEV]   QWK:  0.803, PRS: 0.807, SPR: 0.819, RMSE: 2.573, (Best @ 29: {{0.803}}, 0.807, 0.823, 2.634)
[TEST]  QWK:  0.811, PRS: 0.820, SPR: 0.814, RMSE: 2.682 (Best @ 29: {{0.815}}, 0.818, 0.819, 2.708)
--------------------------------------------------------------------------------------------------------------------------
Epoch 32/50
Training one epoch in 33.207 s
[DEV]   QWK:  0.797, PRS: 0.804, SPR: 0.823, RMSE: 2.743, (Best @ 29: {{0.803}}, 0.807, 0.823, 2.634)
[TEST]  QWK:  0.809, PRS: 0.813, SPR: 0.815, RMSE: 2.823 (Best @ 29: {{0.815}}, 0.818, 0.819, 2.708)
--------------------------------------------------------------------------------------------------------------------------
Epoch 33/50
Training one epoch in 33.199 s
[DEV]   QWK:  0.802, PRS: 0.803, SPR: 0.822, RMSE: 2.712, (Best @ 29: {{0.803}}, 0.807, 0.823, 2.634)
[TEST]  QWK:  0.806, PRS: 0.808, SPR: 0.810, RMSE: 2.837 (Best @ 29: {{0.815}}, 0.818, 0.819, 2.708)
--------------------------------------------------------------------------------------------------------------------------
Epoch 34/50
Training one epoch in 33.418 s
[DEV]   QWK:  0.802, PRS: 0.806, SPR: 0.824, RMSE: 2.574, (Best @ 29: {{0.803}}, 0.807, 0.823, 2.634)
[TEST]  QWK:  0.811, PRS: 0.819, SPR: 0.824, RMSE: 2.683 (Best @ 29: {{0.815}}, 0.818, 0.819, 2.708)
--------------------------------------------------------------------------------------------------------------------------
Epoch 35/50
Training one epoch in 33.412 s
[DEV]   QWK:  0.800, PRS: 0.802, SPR: 0.821, RMSE: 2.814, (Best @ 29: {{0.803}}, 0.807, 0.823, 2.634)
[TEST]  QWK:  0.789, PRS: 0.790, SPR: 0.791, RMSE: 3.057 (Best @ 29: {{0.815}}, 0.818, 0.819, 2.708)
--------------------------------------------------------------------------------------------------------------------------
Epoch 36/50
Training one epoch in 33.293 s
[DEV]   QWK:  0.808, PRS: 0.810, SPR: 0.826, RMSE: 2.582, (Best @ 36: {{0.808}}, 0.810, 0.826, 2.582)
[TEST]  QWK:  0.809, PRS: 0.811, SPR: 0.810, RMSE: 2.767 (Best @ 36: {{0.809}}, 0.811, 0.810, 2.767)
--------------------------------------------------------------------------------------------------------------------------
Epoch 37/50
Training one epoch in 33.608 s
[DEV]   QWK:  0.774, PRS: 0.807, SPR: 0.825, RMSE: 2.898, (Best @ 36: {{0.808}}, 0.810, 0.826, 2.582)
[TEST]  QWK:  0.790, PRS: 0.810, SPR: 0.813, RMSE: 2.961 (Best @ 36: {{0.809}}, 0.811, 0.810, 2.767)
--------------------------------------------------------------------------------------------------------------------------
Epoch 38/50
Training one epoch in 33.511 s
[DEV]   QWK:  0.759, PRS: 0.785, SPR: 0.799, RMSE: 2.850, (Best @ 36: {{0.808}}, 0.810, 0.826, 2.582)
[TEST]  QWK:  0.787, PRS: 0.804, SPR: 0.804, RMSE: 2.862 (Best @ 36: {{0.809}}, 0.811, 0.810, 2.767)
--------------------------------------------------------------------------------------------------------------------------
Epoch 39/50
Training one epoch in 33.626 s
[DEV]   QWK:  0.777, PRS: 0.795, SPR: 0.817, RMSE: 2.787, (Best @ 36: {{0.808}}, 0.810, 0.826, 2.582)
[TEST]  QWK:  0.790, PRS: 0.803, SPR: 0.805, RMSE: 2.873 (Best @ 36: {{0.809}}, 0.811, 0.810, 2.767)
--------------------------------------------------------------------------------------------------------------------------
Epoch 40/50
Training one epoch in 33.348 s
[DEV]   QWK:  0.790, PRS: 0.801, SPR: 0.818, RMSE: 2.581, (Best @ 36: {{0.808}}, 0.810, 0.826, 2.582)
[TEST]  QWK:  0.793, PRS: 0.808, SPR: 0.806, RMSE: 2.727 (Best @ 36: {{0.809}}, 0.811, 0.810, 2.767)
--------------------------------------------------------------------------------------------------------------------------
Epoch 41/50
Training one epoch in 33.560 s
[DEV]   QWK:  0.801, PRS: 0.802, SPR: 0.822, RMSE: 2.685, (Best @ 36: {{0.808}}, 0.810, 0.826, 2.582)
[TEST]  QWK:  0.809, PRS: 0.812, SPR: 0.811, RMSE: 2.784 (Best @ 36: {{0.809}}, 0.811, 0.810, 2.767)
--------------------------------------------------------------------------------------------------------------------------
Epoch 42/50
Training one epoch in 33.661 s
[DEV]   QWK:  0.800, PRS: 0.803, SPR: 0.817, RMSE: 2.675, (Best @ 36: {{0.808}}, 0.810, 0.826, 2.582)
[TEST]  QWK:  0.809, PRS: 0.813, SPR: 0.815, RMSE: 2.793 (Best @ 36: {{0.809}}, 0.811, 0.810, 2.767)
--------------------------------------------------------------------------------------------------------------------------
Epoch 43/50
Training one epoch in 33.405 s
[DEV]   QWK:  0.764, PRS: 0.796, SPR: 0.812, RMSE: 2.846, (Best @ 36: {{0.808}}, 0.810, 0.826, 2.582)
[TEST]  QWK:  0.782, PRS: 0.808, SPR: 0.810, RMSE: 2.883 (Best @ 36: {{0.809}}, 0.811, 0.810, 2.767)
--------------------------------------------------------------------------------------------------------------------------
Epoch 44/50
Training one epoch in 33.302 s
[DEV]   QWK:  0.789, PRS: 0.797, SPR: 0.814, RMSE: 2.827, (Best @ 36: {{0.808}}, 0.810, 0.826, 2.582)
[TEST]  QWK:  0.799, PRS: 0.802, SPR: 0.800, RMSE: 2.893 (Best @ 36: {{0.809}}, 0.811, 0.810, 2.767)
--------------------------------------------------------------------------------------------------------------------------
Epoch 45/50
Training one epoch in 33.653 s
[DEV]   QWK:  0.787, PRS: 0.793, SPR: 0.818, RMSE: 2.643, (Best @ 36: {{0.808}}, 0.810, 0.826, 2.582)
[TEST]  QWK:  0.798, PRS: 0.804, SPR: 0.805, RMSE: 2.778 (Best @ 36: {{0.809}}, 0.811, 0.810, 2.767)
--------------------------------------------------------------------------------------------------------------------------
Epoch 46/50
Training one epoch in 33.400 s
[DEV]   QWK:  0.798, PRS: 0.808, SPR: 0.824, RMSE: 2.617, (Best @ 36: {{0.808}}, 0.810, 0.826, 2.582)
[TEST]  QWK:  0.794, PRS: 0.806, SPR: 0.801, RMSE: 2.786 (Best @ 36: {{0.809}}, 0.811, 0.810, 2.767)
--------------------------------------------------------------------------------------------------------------------------
Epoch 47/50
Training one epoch in 33.624 s
[DEV]   QWK:  0.765, PRS: 0.792, SPR: 0.813, RMSE: 3.042, (Best @ 36: {{0.808}}, 0.810, 0.826, 2.582)
[TEST]  QWK:  0.775, PRS: 0.798, SPR: 0.803, RMSE: 3.111 (Best @ 36: {{0.809}}, 0.811, 0.810, 2.767)
--------------------------------------------------------------------------------------------------------------------------
Epoch 48/50
Training one epoch in 33.500 s
[DEV]   QWK:  0.793, PRS: 0.794, SPR: 0.813, RMSE: 2.764, (Best @ 36: {{0.808}}, 0.810, 0.826, 2.582)
[TEST]  QWK:  0.786, PRS: 0.787, SPR: 0.790, RMSE: 2.960 (Best @ 36: {{0.809}}, 0.811, 0.810, 2.767)
--------------------------------------------------------------------------------------------------------------------------
Epoch 49/50
Training one epoch in 33.211 s
[DEV]   QWK:  0.792, PRS: 0.794, SPR: 0.814, RMSE: 2.712, (Best @ 36: {{0.808}}, 0.810, 0.826, 2.582)
[TEST]  QWK:  0.805, PRS: 0.806, SPR: 0.807, RMSE: 2.811 (Best @ 36: {{0.809}}, 0.811, 0.810, 2.767)
--------------------------------------------------------------------------------------------------------------------------
Epoch 50/50
Training one epoch in 33.429 s
[DEV]   QWK:  0.801, PRS: 0.802, SPR: 0.821, RMSE: 2.674, (Best @ 36: {{0.808}}, 0.810, 0.826, 2.582)
[TEST]  QWK:  0.799, PRS: 0.801, SPR: 0.799, RMSE: 2.864 (Best @ 36: {{0.809}}, 0.811, 0.810, 2.767)
--------------------------------------------------------------------------------------------------------------------------
